Mar 10 11:30:00 东东农场好友互助码：/scripts/logs/jd_fruit.log 文件不存在,不清理旧助力码
Mar 10 11:30:00 东东萌宠好友互助码：/scripts/logs/jd_pet.log 文件不存在,不清理旧助力码
Mar 10 11:30:00 京东种豆得豆好友互助码：/scripts/logs/jd_plantBean.log 文件不存在,不清理旧助力码
Mar 10 11:30:00 京喜工厂好友互助码：/scripts/logs/jd_dreamFactory.log 文件不存在,不清理旧助力码
Mar 10 11:30:00 东东工厂好友互助码：/scripts/logs/jd_jdfactory.log 文件不存在,不清理旧助力码
Mar 10 11:30:00 crazyJoy任务好友互助码：/scripts/logs/jd_crazy_joy.log 文件不存在,不清理旧助力码
Mar 10 11:30:00 京喜财富岛好友互助码：/scripts/logs/jd_cfd.log 文件不存在,不清理旧助力码
Mar 10 11:30:00 京喜农场好友互助码：/scripts/logs/jd_jxnc.log 文件不存在,不清理旧助力码
Mar 10 11:30:00 京东赚赚好友互助码：/scripts/logs/jd_jdzz.log 文件不存在,不清理旧助力码
Mar 10 11:30:00 /scripts/logs/jd_bookshop.log：BOOKSHOP_SHARECODES 文件不存在,不清理旧助力码
Mar 10 11:30:00 /scripts/logs/jd_cash.log：JD_CASH_SHARECODES 文件不存在,不清理旧助力码
Mar 10 11:30:00 /scripts/logs/jd_sgmh.log：JDSGMH_SHARECODES 文件不存在,不清理旧助力码
Mar 10 12:30:00 东东农场好友互助码：/scripts/logs/jd_fruit.log 文件不存在,不清理旧助力码
Mar 10 12:30:00 东东萌宠好友互助码：/scripts/logs/jd_pet.log 文件不存在,不清理旧助力码
Mar 10 12:30:00 京东种豆得豆好友互助码：/scripts/logs/jd_plantBean.log 文件不存在,不清理旧助力码
Mar 10 12:30:00 京喜工厂好友互助码：/scripts/logs/jd_dreamFactory.log 文件不存在,不清理旧助力码
Mar 10 12:30:00 东东工厂好友互助码：/scripts/logs/jd_jdfactory.log 文件不存在,不清理旧助力码
Mar 10 12:30:00 crazyJoy任务好友互助码：/scripts/logs/jd_crazy_joy.log 文件不存在,不清理旧助力码
Mar 10 12:30:00 京喜财富岛好友互助码：/scripts/logs/jd_cfd.log 文件不存在,不清理旧助力码
Mar 10 12:30:00 京喜农场好友互助码：/scripts/logs/jd_jxnc.log 文件不存在,不清理旧助力码
Mar 10 12:30:00 京东赚赚好友互助码：/scripts/logs/jd_jdzz.log 文件不存在,不清理旧助力码
Mar 10 12:30:00 /scripts/logs/jd_bookshop.log：BOOKSHOP_SHARECODES 文件不存在,不清理旧助力码
Mar 10 12:30:00 /scripts/logs/jd_cash.log：JD_CASH_SHARECODES 文件不存在,不清理旧助力码
Mar 10 12:30:00 /scripts/logs/jd_sgmh.log：JDSGMH_SHARECODES 文件不存在,不清理旧助力码
Mar 10 13:30:00 东东农场好友互助码：/scripts/logs/jd_fruit.log 文件不存在,不清理旧助力码
Mar 10 13:30:00 东东萌宠好友互助码：/scripts/logs/jd_pet.log 文件不存在,不清理旧助力码
Mar 10 13:30:00 京东种豆得豆好友互助码：/scripts/logs/jd_plantBean.log 文件不存在,不清理旧助力码
Mar 10 13:30:00 京喜工厂好友互助码：/scripts/logs/jd_dreamFactory.log 文件不存在,不清理旧助力码
Mar 10 13:30:00 东东工厂好友互助码：/scripts/logs/jd_jdfactory.log 文件不存在,不清理旧助力码
Mar 10 13:30:00 crazyJoy任务好友互助码：/scripts/logs/jd_crazy_joy.log 文件不存在,不清理旧助力码
Mar 10 13:30:00 京喜财富岛好友互助码：/scripts/logs/jd_cfd.log 文件不存在,不清理旧助力码
Mar 10 13:30:00 京喜农场好友互助码：/scripts/logs/jd_jxnc.log 文件不存在,不清理旧助力码
Mar 10 13:30:00 京东赚赚好友互助码：/scripts/logs/jd_jdzz.log 文件不存在,不清理旧助力码
Mar 10 13:30:00 /scripts/logs/jd_bookshop.log：BOOKSHOP_SHARECODES 文件不存在,不清理旧助力码
Mar 10 13:30:00 /scripts/logs/jd_cash.log：JD_CASH_SHARECODES 文件不存在,不清理旧助力码
Mar 10 13:30:00 /scripts/logs/jd_sgmh.log：JDSGMH_SHARECODES 文件不存在,不清理旧助力码
Mar 10 14:30:00 东东农场好友互助码：/scripts/logs/jd_fruit.log 文件不存在,不清理旧助力码
Mar 10 14:30:00 东东萌宠好友互助码：/scripts/logs/jd_pet.log 文件不存在,不清理旧助力码
Mar 10 14:30:00 京东种豆得豆好友互助码：/scripts/logs/jd_plantBean.log 文件不存在,不清理旧助力码
Mar 10 14:30:00 京喜工厂好友互助码：/scripts/logs/jd_dreamFactory.log 文件不存在,不清理旧助力码
Mar 10 14:30:00 东东工厂好友互助码：/scripts/logs/jd_jdfactory.log 文件不存在,不清理旧助力码
Mar 10 14:30:00 crazyJoy任务好友互助码：/scripts/logs/jd_crazy_joy.log 文件不存在,不清理旧助力码
Mar 10 14:30:00 京喜财富岛好友互助码：/scripts/logs/jd_cfd.log 文件不存在,不清理旧助力码
Mar 10 14:30:00 京喜农场好友互助码：/scripts/logs/jd_jxnc.log 文件不存在,不清理旧助力码
Mar 10 14:30:00 京东赚赚好友互助码：/scripts/logs/jd_jdzz.log 文件不存在,不清理旧助力码
Mar 10 14:30:00 /scripts/logs/jd_bookshop.log：BOOKSHOP_SHARECODES 文件不存在,不清理旧助力码
Mar 10 14:30:00 /scripts/logs/jd_cash.log：JD_CASH_SHARECODES 文件不存在,不清理旧助力码
Mar 10 14:30:00 /scripts/logs/jd_sgmh.log：JDSGMH_SHARECODES 文件不存在,不清理旧助力码
Mar 10 15:30:00 东东农场好友互助码：/scripts/logs/jd_fruit.log 文件不存在,不清理旧助力码
Mar 10 15:30:00 东东萌宠好友互助码：/scripts/logs/jd_pet.log 文件不存在,不清理旧助力码
Mar 10 15:30:00 京东种豆得豆好友互助码：/scripts/logs/jd_plantBean.log 文件不存在,不清理旧助力码
Mar 10 15:30:00 京喜工厂好友互助码：/scripts/logs/jd_dreamFactory.log 文件不存在,不清理旧助力码
Mar 10 15:30:00 东东工厂好友互助码：/scripts/logs/jd_jdfactory.log 文件不存在,不清理旧助力码
Mar 10 15:30:00 crazyJoy任务好友互助码：/scripts/logs/jd_crazy_joy.log 文件不存在,不清理旧助力码
Mar 10 15:30:00 京喜财富岛好友互助码：/scripts/logs/jd_cfd.log 文件不存在,不清理旧助力码
Mar 10 15:30:00 京喜农场好友互助码：/scripts/logs/jd_jxnc.log 文件不存在,不清理旧助力码
Mar 10 15:30:00 京东赚赚好友互助码：/scripts/logs/jd_jdzz.log 文件不存在,不清理旧助力码
Mar 10 15:30:00 /scripts/logs/jd_bookshop.log：BOOKSHOP_SHARECODES 文件不存在,不清理旧助力码
Mar 10 15:30:00 /scripts/logs/jd_cash.log：JD_CASH_SHARECODES 文件不存在,不清理旧助力码
Mar 10 15:30:00 /scripts/logs/jd_sgmh.log：JDSGMH_SHARECODES 文件不存在,不清理旧助力码
Mar 10 16:30:00 东东农场好友互助码：/scripts/logs/jd_fruit.log 文件不存在,不清理旧助力码
Mar 10 16:30:00 东东萌宠好友互助码：/scripts/logs/jd_pet.log 文件不存在,不清理旧助力码
Mar 10 16:30:00 京东种豆得豆好友互助码：/scripts/logs/jd_plantBean.log 文件不存在,不清理旧助力码
Mar 10 16:30:00 京喜工厂好友互助码：/scripts/logs/jd_dreamFactory.log 文件不存在,不清理旧助力码
Mar 10 16:30:00 东东工厂好友互助码：/scripts/logs/jd_jdfactory.log 文件不存在,不清理旧助力码
Mar 10 16:30:00 crazyJoy任务好友互助码：/scripts/logs/jd_crazy_joy.log 文件不存在,不清理旧助力码
Mar 10 16:30:00 京喜财富岛好友互助码：/scripts/logs/jd_cfd.log 文件不存在,不清理旧助力码
Mar 10 16:30:00 京喜农场好友互助码：/scripts/logs/jd_jxnc.log 文件不存在,不清理旧助力码
Mar 10 16:30:00 京东赚赚好友互助码：/scripts/logs/jd_jdzz.log 文件不存在,不清理旧助力码
Mar 10 16:30:00 /scripts/logs/jd_bookshop.log：BOOKSHOP_SHARECODES 文件不存在,不清理旧助力码
Mar 10 16:30:00 /scripts/logs/jd_cash.log：JD_CASH_SHARECODES 文件不存在,不清理旧助力码
Mar 10 16:30:00 /scripts/logs/jd_sgmh.log：JDSGMH_SHARECODES 文件不存在,不清理旧助力码
Mar 10 17:30:01 东东农场好友互助码：/scripts/logs/jd_fruit.log 文件不存在,不清理旧助力码
Mar 10 17:30:01 东东萌宠好友互助码：/scripts/logs/jd_pet.log 文件不存在,不清理旧助力码
Mar 10 17:30:01 京东种豆得豆好友互助码：/scripts/logs/jd_plantBean.log 文件不存在,不清理旧助力码
Mar 10 17:30:01 京喜工厂好友互助码：/scripts/logs/jd_dreamFactory.log 文件不存在,不清理旧助力码
Mar 10 17:30:01 东东工厂好友互助码：/scripts/logs/jd_jdfactory.log 文件不存在,不清理旧助力码
Mar 10 17:30:01 crazyJoy任务好友互助码：/scripts/logs/jd_crazy_joy.log 文件不存在,不清理旧助力码
Mar 10 17:30:01 京喜财富岛好友互助码：/scripts/logs/jd_cfd.log 文件不存在,不清理旧助力码
Mar 10 17:30:01 京喜农场好友互助码：/scripts/logs/jd_jxnc.log 文件不存在,不清理旧助力码
Mar 10 17:30:01 京东赚赚好友互助码：/scripts/logs/jd_jdzz.log 文件不存在,不清理旧助力码
Mar 10 17:30:01 口袋书店好友互助码：/scripts/logs/jd_bookshop.log 文件不存在,不清理旧助力码
Mar 10 17:30:01 签到领现金好友互助码：/scripts/logs/jd_cash.log 文件不存在,不清理旧助力码
Mar 10 17:30:01 闪购盲盒好友互助码：/scripts/logs/jd_sgmh.log 文件不存在,不清理旧助力码
Mar 10 18:30:00 东东农场好友互助码：/scripts/logs/jd_fruit.log 文件不存在,不清理旧助力码
Mar 10 18:30:00 东东萌宠好友互助码：/scripts/logs/jd_pet.log 文件不存在,不清理旧助力码
Mar 10 18:30:00 京东种豆得豆好友互助码：/scripts/logs/jd_plantBean.log 文件不存在,不清理旧助力码
Mar 10 18:30:00 京喜工厂好友互助码：/scripts/logs/jd_dreamFactory.log 文件不存在,不清理旧助力码
Mar 10 18:30:00 东东工厂好友互助码：/scripts/logs/jd_jdfactory.log 文件不存在,不清理旧助力码
Mar 10 18:30:00 crazyJoy任务好友互助码：/scripts/logs/jd_crazy_joy.log 文件不存在,不清理旧助力码
Mar 10 18:30:00 京喜财富岛好友互助码：/scripts/logs/jd_cfd.log 文件不存在,不清理旧助力码
Mar 10 18:30:00 京喜农场好友互助码：/scripts/logs/jd_jxnc.log 文件不存在,不清理旧助力码
Mar 10 18:30:00 京东赚赚好友互助码：/scripts/logs/jd_jdzz.log 文件不存在,不清理旧助力码
Mar 10 18:30:00 口袋书店好友互助码：/scripts/logs/jd_bookshop.log 文件不存在,不清理旧助力码
Mar 10 18:30:00 签到领现金好友互助码：/scripts/logs/jd_cash.log 文件不存在,不清理旧助力码
Mar 10 18:30:00 闪购盲盒好友互助码：/scripts/logs/jd_sgmh.log 文件不存在,不清理旧助力码
Mar 10 19:30:00 东东农场好友互助码：/scripts/logs/jd_fruit.log 文件不存在,不清理旧助力码
Mar 10 19:30:00 东东萌宠好友互助码：/scripts/logs/jd_pet.log 文件不存在,不清理旧助力码
Mar 10 19:30:00 京东种豆得豆好友互助码：/scripts/logs/jd_plantBean.log 文件不存在,不清理旧助力码
Mar 10 19:30:00 京喜工厂好友互助码：/scripts/logs/jd_dreamFactory.log 文件不存在,不清理旧助力码
Mar 10 19:30:00 东东工厂好友互助码：/scripts/logs/jd_jdfactory.log 文件不存在,不清理旧助力码
Mar 10 19:30:00 crazyJoy任务好友互助码：/scripts/logs/jd_crazy_joy.log 文件不存在,不清理旧助力码
Mar 10 19:30:00 京喜财富岛好友互助码：/scripts/logs/jd_cfd.log 文件不存在,不清理旧助力码
Mar 10 19:30:00 京喜农场好友互助码：/scripts/logs/jd_jxnc.log 文件不存在,不清理旧助力码
Mar 10 19:30:00 京东赚赚好友互助码：/scripts/logs/jd_jdzz.log 文件不存在,不清理旧助力码
Mar 10 19:30:00 口袋书店好友互助码：/scripts/logs/jd_bookshop.log 文件不存在,不清理旧助力码
Mar 10 19:30:00 签到领现金好友互助码：/scripts/logs/jd_cash.log 文件不存在,不清理旧助力码
Mar 10 19:30:00 闪购盲盒好友互助码：/scripts/logs/jd_sgmh.log 文件不存在,不清理旧助力码
Mar 10 20:30:00 东东农场好友互助码：/scripts/logs/jd_fruit.log 文件不存在,不清理旧助力码
Mar 10 20:30:00 东东萌宠好友互助码：/scripts/logs/jd_pet.log 文件不存在,不清理旧助力码
Mar 10 20:30:00 京东种豆得豆好友互助码：/scripts/logs/jd_plantBean.log 文件不存在,不清理旧助力码
Mar 10 20:30:00 京喜工厂好友互助码：/scripts/logs/jd_dreamFactory.log 文件不存在,不清理旧助力码
Mar 10 20:30:00 东东工厂好友互助码：/scripts/logs/jd_jdfactory.log 文件不存在,不清理旧助力码
Mar 10 20:30:00 crazyJoy任务好友互助码：/scripts/logs/jd_crazy_joy.log 文件不存在,不清理旧助力码
Mar 10 20:30:00 京喜财富岛好友互助码：/scripts/logs/jd_cfd.log 文件不存在,不清理旧助力码
Mar 10 20:30:00 京喜农场好友互助码：/scripts/logs/jd_jxnc.log 文件不存在,不清理旧助力码
Mar 10 20:30:00 京东赚赚好友互助码：/scripts/logs/jd_jdzz.log 文件不存在,不清理旧助力码
Mar 10 20:30:00 口袋书店好友互助码：/scripts/logs/jd_bookshop.log 文件不存在,不清理旧助力码
Mar 10 20:30:00 签到领现金好友互助码：/scripts/logs/jd_cash.log 文件不存在,不清理旧助力码
Mar 10 20:30:00 闪购盲盒好友互助码：/scripts/logs/jd_sgmh.log 文件不存在,不清理旧助力码
Mar 10 21:30:00 东东农场好友互助码：/scripts/logs/jd_fruit.log 文件不存在,不清理旧助力码
Mar 10 21:30:00 东东萌宠好友互助码：/scripts/logs/jd_pet.log 文件不存在,不清理旧助力码
Mar 10 21:30:00 京东种豆得豆好友互助码：/scripts/logs/jd_plantBean.log 文件不存在,不清理旧助力码
Mar 10 21:30:00 京喜工厂好友互助码：/scripts/logs/jd_dreamFactory.log 文件不存在,不清理旧助力码
Mar 10 21:30:00 东东工厂好友互助码：/scripts/logs/jd_jdfactory.log 文件不存在,不清理旧助力码
Mar 10 21:30:00 crazyJoy任务好友互助码：/scripts/logs/jd_crazy_joy.log 文件不存在,不清理旧助力码
Mar 10 21:30:00 京喜财富岛好友互助码：/scripts/logs/jd_cfd.log 文件不存在,不清理旧助力码
Mar 10 21:30:00 京喜农场好友互助码：/scripts/logs/jd_jxnc.log 文件不存在,不清理旧助力码
Mar 10 21:30:00 京东赚赚好友互助码：/scripts/logs/jd_jdzz.log 文件不存在,不清理旧助力码
Mar 10 21:30:00 口袋书店好友互助码：/scripts/logs/jd_bookshop.log 文件不存在,不清理旧助力码
Mar 10 21:30:00 签到领现金好友互助码：/scripts/logs/jd_cash.log 文件不存在,不清理旧助力码
Mar 10 21:30:00 闪购盲盒好友互助码：/scripts/logs/jd_sgmh.log 文件不存在,不清理旧助力码
Mar 10 22:30:00 东东农场好友互助码：/scripts/logs/jd_fruit.log 文件不存在,不清理旧助力码
Mar 10 22:30:00 东东萌宠好友互助码：/scripts/logs/jd_pet.log 文件不存在,不清理旧助力码
Mar 10 22:30:00 京东种豆得豆好友互助码：/scripts/logs/jd_plantBean.log 文件不存在,不清理旧助力码
Mar 10 22:30:00 京喜工厂好友互助码：/scripts/logs/jd_dreamFactory.log 文件不存在,不清理旧助力码
Mar 10 22:30:00 东东工厂好友互助码：/scripts/logs/jd_jdfactory.log 文件不存在,不清理旧助力码
Mar 10 22:30:00 crazyJoy任务好友互助码：/scripts/logs/jd_crazy_joy.log 文件不存在,不清理旧助力码
Mar 10 22:30:00 京喜财富岛好友互助码：/scripts/logs/jd_cfd.log 文件不存在,不清理旧助力码
Mar 10 22:30:00 京喜农场好友互助码：/scripts/logs/jd_jxnc.log 文件不存在,不清理旧助力码
Mar 10 22:30:00 京东赚赚好友互助码：/scripts/logs/jd_jdzz.log 文件不存在,不清理旧助力码
Mar 10 22:30:00 口袋书店好友互助码：/scripts/logs/jd_bookshop.log 文件不存在,不清理旧助力码
Mar 10 22:30:00 签到领现金好友互助码：/scripts/logs/jd_cash.log 文件不存在,不清理旧助力码
Mar 10 22:30:00 闪购盲盒好友互助码：/scripts/logs/jd_sgmh.log 文件不存在,不清理旧助力码
Mar 10 23:30:00 东东农场好友互助码：/scripts/logs/jd_fruit.log 文件不存在,不清理旧助力码
Mar 10 23:30:00 东东萌宠好友互助码：/scripts/logs/jd_pet.log 文件不存在,不清理旧助力码
Mar 10 23:30:00 京东种豆得豆好友互助码：/scripts/logs/jd_plantBean.log 文件不存在,不清理旧助力码
Mar 10 23:30:00 京喜工厂好友互助码：/scripts/logs/jd_dreamFactory.log 文件不存在,不清理旧助力码
Mar 10 23:30:00 东东工厂好友互助码：/scripts/logs/jd_jdfactory.log 文件不存在,不清理旧助力码
Mar 10 23:30:00 crazyJoy任务好友互助码：/scripts/logs/jd_crazy_joy.log 文件不存在,不清理旧助力码
Mar 10 23:30:00 京喜财富岛好友互助码：/scripts/logs/jd_cfd.log 文件不存在,不清理旧助力码
Mar 10 23:30:00 京喜农场好友互助码：/scripts/logs/jd_jxnc.log 文件不存在,不清理旧助力码
Mar 10 23:30:00 京东赚赚好友互助码：/scripts/logs/jd_jdzz.log 文件不存在,不清理旧助力码
Mar 10 23:30:00 口袋书店好友互助码：/scripts/logs/jd_bookshop.log 文件不存在,不清理旧助力码
Mar 10 23:30:00 签到领现金好友互助码：/scripts/logs/jd_cash.log 文件不存在,不清理旧助力码
Mar 10 23:30:00 闪购盲盒好友互助码：/scripts/logs/jd_sgmh.log 文件不存在,不清理旧助力码
Mar 11 00:30:00 东东农场好友互助码：/scripts/logs/jd_fruit.log 文件不存在,不清理旧助力码
Mar 11 00:30:00 东东萌宠好友互助码：/scripts/logs/jd_pet.log 文件不存在,不清理旧助力码
Mar 11 00:30:00 京东种豆得豆好友互助码：/scripts/logs/jd_plantBean.log 文件不存在,不清理旧助力码
Mar 11 00:30:00 京喜工厂好友互助码：/scripts/logs/jd_dreamFactory.log 文件不存在,不清理旧助力码
Mar 11 00:30:00 东东工厂好友互助码：/scripts/logs/jd_jdfactory.log 文件不存在,不清理旧助力码
Mar 11 00:30:00 crazyJoy任务好友互助码：/scripts/logs/jd_crazy_joy.log 文件不存在,不清理旧助力码
Mar 11 00:30:00 京喜财富岛好友互助码：/scripts/logs/jd_cfd.log 文件不存在,不清理旧助力码
Mar 11 00:30:00 京喜农场好友互助码：/scripts/logs/jd_jxnc.log 文件不存在,不清理旧助力码
Mar 11 00:30:00 京东赚赚好友互助码：/scripts/logs/jd_jdzz.log 文件不存在,不清理旧助力码
Mar 11 00:30:00 口袋书店好友互助码：/scripts/logs/jd_bookshop.log 文件不存在,不清理旧助力码
Mar 11 00:30:00 签到领现金好友互助码：/scripts/logs/jd_cash.log 文件不存在,不清理旧助力码
Mar 11 00:30:00 闪购盲盒好友互助码：/scripts/logs/jd_sgmh.log 文件不存在,不清理旧助力码
Mar 11 01:30:00 东东农场好友互助码：/scripts/logs/jd_fruit.log 文件不存在,不清理旧助力码
Mar 11 01:30:00 东东萌宠好友互助码：/scripts/logs/jd_pet.log 文件不存在,不清理旧助力码
Mar 11 01:30:00 京东种豆得豆好友互助码：/scripts/logs/jd_plantBean.log 文件不存在,不清理旧助力码
Mar 11 01:30:00 京喜工厂好友互助码：/scripts/logs/jd_dreamFactory.log 文件不存在,不清理旧助力码
Mar 11 01:30:00 东东工厂好友互助码：/scripts/logs/jd_jdfactory.log 文件不存在,不清理旧助力码
Mar 11 01:30:00 crazyJoy任务好友互助码：/scripts/logs/jd_crazy_joy.log 文件不存在,不清理旧助力码
Mar 11 01:30:00 京喜财富岛好友互助码：/scripts/logs/jd_cfd.log 文件不存在,不清理旧助力码
Mar 11 01:30:00 京喜农场好友互助码：/scripts/logs/jd_jxnc.log 文件不存在,不清理旧助力码
Mar 11 01:30:00 京东赚赚好友互助码：/scripts/logs/jd_jdzz.log 文件不存在,不清理旧助力码
Mar 11 01:30:00 口袋书店好友互助码：/scripts/logs/jd_bookshop.log 文件不存在,不清理旧助力码
Mar 11 01:30:00 签到领现金好友互助码：/scripts/logs/jd_cash.log 文件不存在,不清理旧助力码
Mar 11 01:30:00 闪购盲盒好友互助码：/scripts/logs/jd_sgmh.log 文件不存在,不清理旧助力码
