Mar 13 00:30:00 东东农场好友互助码：/scripts/logs/jd_fruit.log 文件不存在,不清理 /scripts/logs/sharecodeCollection.log 中的旧助力码
Mar 13 00:30:00 东东萌宠好友互助码：/scripts/logs/jd_pet.log 文件不存在,不清理 /scripts/logs/sharecodeCollection.log 中的旧助力码
Mar 13 00:30:00 京东种豆得豆好友互助码：/scripts/logs/jd_plantBean.log 文件不存在,不清理 /scripts/logs/sharecodeCollection.log 中的旧助力码
Mar 13 00:30:00 京喜工厂好友互助码：/scripts/logs/jd_dreamFactory.log 文件不存在,不清理 /scripts/logs/sharecodeCollection.log 中的旧助力码
Mar 13 00:30:00 东东工厂好友互助码：/scripts/logs/jd_jdfactory.log 文件不存在,不清理 /scripts/logs/sharecodeCollection.log 中的旧助力码
Mar 13 00:30:00 crazyJoy任务好友互助码：/scripts/logs/jd_crazy_joy.log 文件不存在,不清理 /scripts/logs/sharecodeCollection.log 中的旧助力码
Mar 13 00:30:00 京喜财富岛好友互助码：/scripts/logs/jd_cfd.log 文件不存在,不清理 /scripts/logs/sharecodeCollection.log 中的旧助力码
Mar 13 00:30:00 京喜农场好友互助码：/scripts/logs/jd_jxnc.log 文件不存在,不清理 /scripts/logs/sharecodeCollection.log 中的旧助力码
Mar 13 00:30:00 京东赚赚好友互助码：/scripts/logs/jd_jdzz.log 文件不存在,不清理 /scripts/logs/sharecodeCollection.log 中的旧助力码
Mar 13 00:30:00 口袋书店好友互助码：/scripts/logs/jd_bookshop.log 文件不存在,不清理 /scripts/logs/sharecodeCollection.log 中的旧助力码
Mar 13 00:30:00 领现金好友互助码：/scripts/logs/jd_cash.log 文件不存在,不清理 /scripts/logs/sharecodeCollection.log 中的旧助力码
Mar 13 00:30:00 闪购盲盒好友互助码：/scripts/logs/jd_sgmh.log 文件不存在,不清理 /scripts/logs/sharecodeCollection.log 中的旧助力码
Mar 13 01:30:00 东东农场好友互助码：/scripts/logs/jd_fruit.log 文件不存在,不清理 /scripts/logs/sharecodeCollection.log 中的旧助力码
Mar 13 01:30:00 东东萌宠好友互助码：/scripts/logs/jd_pet.log 文件不存在,不清理 /scripts/logs/sharecodeCollection.log 中的旧助力码
Mar 13 01:30:00 京东种豆得豆好友互助码：/scripts/logs/jd_plantBean.log 文件不存在,不清理 /scripts/logs/sharecodeCollection.log 中的旧助力码
Mar 13 01:30:00 京喜工厂好友互助码：/scripts/logs/jd_dreamFactory.log 文件不存在,不清理 /scripts/logs/sharecodeCollection.log 中的旧助力码
Mar 13 01:30:00 东东工厂好友互助码：/scripts/logs/jd_jdfactory.log 文件不存在,不清理 /scripts/logs/sharecodeCollection.log 中的旧助力码
Mar 13 01:30:00 crazyJoy任务好友互助码：/scripts/logs/jd_crazy_joy.log 文件不存在,不清理 /scripts/logs/sharecodeCollection.log 中的旧助力码
Mar 13 01:30:00 京喜财富岛好友互助码：/scripts/logs/jd_cfd.log 文件不存在,不清理 /scripts/logs/sharecodeCollection.log 中的旧助力码
Mar 13 01:30:00 京喜农场好友互助码：/scripts/logs/jd_jxnc.log 文件不存在,不清理 /scripts/logs/sharecodeCollection.log 中的旧助力码
Mar 13 01:30:00 京东赚赚好友互助码：/scripts/logs/jd_jdzz.log 文件不存在,不清理 /scripts/logs/sharecodeCollection.log 中的旧助力码
Mar 13 01:30:00 口袋书店好友互助码：/scripts/logs/jd_bookshop.log 文件不存在,不清理 /scripts/logs/sharecodeCollection.log 中的旧助力码
Mar 13 01:30:00 领现金好友互助码：/scripts/logs/jd_cash.log 文件不存在,不清理 /scripts/logs/sharecodeCollection.log 中的旧助力码
Mar 13 01:30:00 闪购盲盒好友互助码：/scripts/logs/jd_sgmh.log 文件不存在,不清理 /scripts/logs/sharecodeCollection.log 中的旧助力码
Mar 13 02:30:00 东东农场好友互助码：/scripts/logs/jd_fruit.log 文件不存在,不清理 /scripts/logs/sharecodeCollection.log 中的旧助力码
Mar 13 02:30:00 东东萌宠好友互助码：/scripts/logs/jd_pet.log 文件不存在,不清理 /scripts/logs/sharecodeCollection.log 中的旧助力码
Mar 13 02:30:00 京东种豆得豆好友互助码：/scripts/logs/jd_plantBean.log 文件不存在,不清理 /scripts/logs/sharecodeCollection.log 中的旧助力码
Mar 13 02:30:00 京喜工厂好友互助码：/scripts/logs/jd_dreamFactory.log 文件不存在,不清理 /scripts/logs/sharecodeCollection.log 中的旧助力码
Mar 13 02:30:00 东东工厂好友互助码：/scripts/logs/jd_jdfactory.log 文件不存在,不清理 /scripts/logs/sharecodeCollection.log 中的旧助力码
Mar 13 02:30:00 crazyJoy任务好友互助码：/scripts/logs/jd_crazy_joy.log 文件不存在,不清理 /scripts/logs/sharecodeCollection.log 中的旧助力码
Mar 13 02:30:00 京喜财富岛好友互助码：/scripts/logs/jd_cfd.log 文件不存在,不清理 /scripts/logs/sharecodeCollection.log 中的旧助力码
Mar 13 02:30:00 京喜农场好友互助码：/scripts/logs/jd_jxnc.log 文件不存在,不清理 /scripts/logs/sharecodeCollection.log 中的旧助力码
Mar 13 02:30:00 京东赚赚好友互助码：/scripts/logs/jd_jdzz.log 文件不存在,不清理 /scripts/logs/sharecodeCollection.log 中的旧助力码
Mar 13 02:30:00 口袋书店好友互助码：/scripts/logs/jd_bookshop.log 文件不存在,不清理 /scripts/logs/sharecodeCollection.log 中的旧助力码
Mar 13 02:30:00 领现金好友互助码：/scripts/logs/jd_cash.log 文件不存在,不清理 /scripts/logs/sharecodeCollection.log 中的旧助力码
Mar 13 02:30:00 闪购盲盒好友互助码：/scripts/logs/jd_sgmh.log 文件不存在,不清理 /scripts/logs/sharecodeCollection.log 中的旧助力码
Mar 13 03:30:00 东东农场好友互助码：/scripts/logs/jd_fruit.log 文件不存在,不清理 /scripts/logs/sharecodeCollection.log 中的旧助力码
Mar 13 03:30:00 东东萌宠好友互助码：/scripts/logs/jd_pet.log 文件不存在,不清理 /scripts/logs/sharecodeCollection.log 中的旧助力码
Mar 13 03:30:00 京东种豆得豆好友互助码：/scripts/logs/jd_plantBean.log 文件不存在,不清理 /scripts/logs/sharecodeCollection.log 中的旧助力码
Mar 13 03:30:00 京喜工厂好友互助码：/scripts/logs/jd_dreamFactory.log 文件不存在,不清理 /scripts/logs/sharecodeCollection.log 中的旧助力码
Mar 13 03:30:00 东东工厂好友互助码：/scripts/logs/jd_jdfactory.log 文件不存在,不清理 /scripts/logs/sharecodeCollection.log 中的旧助力码
Mar 13 03:30:00 crazyJoy任务好友互助码：/scripts/logs/jd_crazy_joy.log 文件不存在,不清理 /scripts/logs/sharecodeCollection.log 中的旧助力码
Mar 13 03:30:00 京喜财富岛好友互助码：/scripts/logs/jd_cfd.log 文件不存在,不清理 /scripts/logs/sharecodeCollection.log 中的旧助力码
Mar 13 03:30:00 京喜农场好友互助码：/scripts/logs/jd_jxnc.log 文件不存在,不清理 /scripts/logs/sharecodeCollection.log 中的旧助力码
Mar 13 03:30:00 京东赚赚好友互助码：/scripts/logs/jd_jdzz.log 文件不存在,不清理 /scripts/logs/sharecodeCollection.log 中的旧助力码
Mar 13 03:30:00 口袋书店好友互助码：/scripts/logs/jd_bookshop.log 文件不存在,不清理 /scripts/logs/sharecodeCollection.log 中的旧助力码
Mar 13 03:30:00 领现金好友互助码：/scripts/logs/jd_cash.log 文件不存在,不清理 /scripts/logs/sharecodeCollection.log 中的旧助力码
Mar 13 03:30:00 闪购盲盒好友互助码：/scripts/logs/jd_sgmh.log 文件不存在,不清理 /scripts/logs/sharecodeCollection.log 中的旧助力码
Mar 13 04:30:01 东东农场好友互助码：/scripts/logs/jd_fruit.log 文件不存在,不清理 /scripts/logs/sharecodeCollection.log 中的旧助力码
Mar 13 04:30:01 东东萌宠好友互助码：/scripts/logs/jd_pet.log 文件不存在,不清理 /scripts/logs/sharecodeCollection.log 中的旧助力码
Mar 13 04:30:01 京东种豆得豆好友互助码：/scripts/logs/jd_plantBean.log 文件不存在,不清理 /scripts/logs/sharecodeCollection.log 中的旧助力码
Mar 13 04:30:01 京喜工厂好友互助码：/scripts/logs/jd_dreamFactory.log 文件不存在,不清理 /scripts/logs/sharecodeCollection.log 中的旧助力码
Mar 13 04:30:01 东东工厂好友互助码：/scripts/logs/jd_jdfactory.log 文件不存在,不清理 /scripts/logs/sharecodeCollection.log 中的旧助力码
Mar 13 04:30:01 crazyJoy任务好友互助码：/scripts/logs/jd_crazy_joy.log 文件不存在,不清理 /scripts/logs/sharecodeCollection.log 中的旧助力码
Mar 13 04:30:01 京喜财富岛好友互助码：/scripts/logs/jd_cfd.log 文件不存在,不清理 /scripts/logs/sharecodeCollection.log 中的旧助力码
Mar 13 04:30:01 京喜农场好友互助码：/scripts/logs/jd_jxnc.log 文件不存在,不清理 /scripts/logs/sharecodeCollection.log 中的旧助力码
Mar 13 04:30:01 京东赚赚好友互助码：/scripts/logs/jd_jdzz.log 文件不存在,不清理 /scripts/logs/sharecodeCollection.log 中的旧助力码
Mar 13 04:30:01 口袋书店好友互助码：/scripts/logs/jd_bookshop.log 文件不存在,不清理 /scripts/logs/sharecodeCollection.log 中的旧助力码
Mar 13 04:30:01 领现金好友互助码：/scripts/logs/jd_cash.log 文件不存在,不清理 /scripts/logs/sharecodeCollection.log 中的旧助力码
Mar 13 04:30:01 闪购盲盒好友互助码：/scripts/logs/jd_sgmh.log 文件不存在,不清理 /scripts/logs/sharecodeCollection.log 中的旧助力码
Mar 13 05:30:00 东东农场好友互助码：/scripts/logs/jd_fruit.log 文件不存在,不清理 /scripts/logs/sharecodeCollection.log 中的旧助力码
Mar 13 05:30:00 东东萌宠好友互助码：/scripts/logs/jd_pet.log 文件不存在,不清理 /scripts/logs/sharecodeCollection.log 中的旧助力码
Mar 13 05:30:00 京东种豆得豆好友互助码：/scripts/logs/jd_plantBean.log 文件不存在,不清理 /scripts/logs/sharecodeCollection.log 中的旧助力码
Mar 13 05:30:00 京喜工厂好友互助码：/scripts/logs/jd_dreamFactory.log 文件不存在,不清理 /scripts/logs/sharecodeCollection.log 中的旧助力码
Mar 13 05:30:00 东东工厂好友互助码：/scripts/logs/jd_jdfactory.log 文件不存在,不清理 /scripts/logs/sharecodeCollection.log 中的旧助力码
Mar 13 05:30:00 crazyJoy任务好友互助码：/scripts/logs/jd_crazy_joy.log 文件不存在,不清理 /scripts/logs/sharecodeCollection.log 中的旧助力码
Mar 13 05:30:00 京喜财富岛好友互助码：/scripts/logs/jd_cfd.log 文件不存在,不清理 /scripts/logs/sharecodeCollection.log 中的旧助力码
Mar 13 05:30:00 京喜农场好友互助码：/scripts/logs/jd_jxnc.log 文件不存在,不清理 /scripts/logs/sharecodeCollection.log 中的旧助力码
Mar 13 05:30:00 京东赚赚好友互助码：/scripts/logs/jd_jdzz.log 文件不存在,不清理 /scripts/logs/sharecodeCollection.log 中的旧助力码
Mar 13 05:30:00 口袋书店好友互助码：/scripts/logs/jd_bookshop.log 文件不存在,不清理 /scripts/logs/sharecodeCollection.log 中的旧助力码
Mar 13 05:30:00 领现金好友互助码：/scripts/logs/jd_cash.log 文件不存在,不清理 /scripts/logs/sharecodeCollection.log 中的旧助力码
Mar 13 05:30:00 闪购盲盒好友互助码：/scripts/logs/jd_sgmh.log 文件不存在,不清理 /scripts/logs/sharecodeCollection.log 中的旧助力码
Mar 13 06:30:00 东东农场好友互助码：/scripts/logs/jd_fruit.log 文件不存在,不清理 /scripts/logs/sharecodeCollection.log 中的旧助力码
Mar 13 06:30:00 东东萌宠好友互助码：/scripts/logs/jd_pet.log 文件不存在,不清理 /scripts/logs/sharecodeCollection.log 中的旧助力码
Mar 13 06:30:00 京东种豆得豆好友互助码：/scripts/logs/jd_plantBean.log 文件不存在,不清理 /scripts/logs/sharecodeCollection.log 中的旧助力码
Mar 13 06:30:00 京喜工厂好友互助码：/scripts/logs/jd_dreamFactory.log 文件不存在,不清理 /scripts/logs/sharecodeCollection.log 中的旧助力码
Mar 13 06:30:00 东东工厂好友互助码：/scripts/logs/jd_jdfactory.log 文件不存在,不清理 /scripts/logs/sharecodeCollection.log 中的旧助力码
Mar 13 06:30:00 crazyJoy任务好友互助码：/scripts/logs/jd_crazy_joy.log 文件不存在,不清理 /scripts/logs/sharecodeCollection.log 中的旧助力码
Mar 13 06:30:00 京喜财富岛好友互助码：/scripts/logs/jd_cfd.log 文件不存在,不清理 /scripts/logs/sharecodeCollection.log 中的旧助力码
Mar 13 06:30:00 京喜农场好友互助码：/scripts/logs/jd_jxnc.log 文件不存在,不清理 /scripts/logs/sharecodeCollection.log 中的旧助力码
Mar 13 06:30:00 京东赚赚好友互助码：/scripts/logs/jd_jdzz.log 文件不存在,不清理 /scripts/logs/sharecodeCollection.log 中的旧助力码
Mar 13 06:30:00 口袋书店好友互助码：/scripts/logs/jd_bookshop.log 文件不存在,不清理 /scripts/logs/sharecodeCollection.log 中的旧助力码
Mar 13 06:30:00 领现金好友互助码：/scripts/logs/jd_cash.log 文件不存在,不清理 /scripts/logs/sharecodeCollection.log 中的旧助力码
Mar 13 06:30:00 闪购盲盒好友互助码：/scripts/logs/jd_sgmh.log 文件不存在,不清理 /scripts/logs/sharecodeCollection.log 中的旧助力码
Mar 13 07:30:01 东东农场好友互助码：/scripts/logs/jd_fruit.log 文件不存在,不清理 /scripts/logs/sharecodeCollection.log 中的旧助力码
Mar 13 07:30:01 东东萌宠好友互助码：/scripts/logs/jd_pet.log 文件不存在,不清理 /scripts/logs/sharecodeCollection.log 中的旧助力码
Mar 13 07:30:01 京东种豆得豆好友互助码：/scripts/logs/jd_plantBean.log 文件不存在,不清理 /scripts/logs/sharecodeCollection.log 中的旧助力码
Mar 13 07:30:01 京喜工厂好友互助码：/scripts/logs/jd_dreamFactory.log 文件不存在,不清理 /scripts/logs/sharecodeCollection.log 中的旧助力码
Mar 13 07:30:01 东东工厂好友互助码：/scripts/logs/jd_jdfactory.log 文件不存在,不清理 /scripts/logs/sharecodeCollection.log 中的旧助力码
Mar 13 07:30:01 crazyJoy任务好友互助码：/scripts/logs/jd_crazy_joy.log 文件不存在,不清理 /scripts/logs/sharecodeCollection.log 中的旧助力码
Mar 13 07:30:01 京喜财富岛好友互助码：/scripts/logs/jd_cfd.log 文件不存在,不清理 /scripts/logs/sharecodeCollection.log 中的旧助力码
Mar 13 07:30:01 京喜农场好友互助码：/scripts/logs/jd_jxnc.log 文件不存在,不清理 /scripts/logs/sharecodeCollection.log 中的旧助力码
Mar 13 07:30:01 京东赚赚好友互助码：/scripts/logs/jd_jdzz.log 文件不存在,不清理 /scripts/logs/sharecodeCollection.log 中的旧助力码
Mar 13 07:30:01 口袋书店好友互助码：/scripts/logs/jd_bookshop.log 文件不存在,不清理 /scripts/logs/sharecodeCollection.log 中的旧助力码
Mar 13 07:30:01 领现金好友互助码：/scripts/logs/jd_cash.log 文件不存在,不清理 /scripts/logs/sharecodeCollection.log 中的旧助力码
Mar 13 07:30:01 闪购盲盒好友互助码：/scripts/logs/jd_sgmh.log 文件不存在,不清理 /scripts/logs/sharecodeCollection.log 中的旧助力码
Mar 13 08:30:00 东东农场好友互助码：/scripts/logs/jd_fruit.log 文件不存在,不清理 /scripts/logs/sharecodeCollection.log 中的旧助力码
Mar 13 08:30:00 东东萌宠好友互助码：/scripts/logs/jd_pet.log 文件不存在,不清理 /scripts/logs/sharecodeCollection.log 中的旧助力码
Mar 13 08:30:00 京东种豆得豆好友互助码：/scripts/logs/jd_plantBean.log 文件不存在,不清理 /scripts/logs/sharecodeCollection.log 中的旧助力码
Mar 13 08:30:00 京喜工厂好友互助码：/scripts/logs/jd_dreamFactory.log 文件不存在,不清理 /scripts/logs/sharecodeCollection.log 中的旧助力码
Mar 13 08:30:00 东东工厂好友互助码：/scripts/logs/jd_jdfactory.log 文件不存在,不清理 /scripts/logs/sharecodeCollection.log 中的旧助力码
Mar 13 08:30:00 crazyJoy任务好友互助码：/scripts/logs/jd_crazy_joy.log 文件不存在,不清理 /scripts/logs/sharecodeCollection.log 中的旧助力码
Mar 13 08:30:00 京喜财富岛好友互助码：/scripts/logs/jd_cfd.log 文件不存在,不清理 /scripts/logs/sharecodeCollection.log 中的旧助力码
Mar 13 08:30:00 京喜农场好友互助码：/scripts/logs/jd_jxnc.log 文件不存在,不清理 /scripts/logs/sharecodeCollection.log 中的旧助力码
Mar 13 08:30:00 京东赚赚好友互助码：/scripts/logs/jd_jdzz.log 文件不存在,不清理 /scripts/logs/sharecodeCollection.log 中的旧助力码
Mar 13 08:30:00 口袋书店好友互助码：/scripts/logs/jd_bookshop.log 文件不存在,不清理 /scripts/logs/sharecodeCollection.log 中的旧助力码
Mar 13 08:30:00 领现金好友互助码：/scripts/logs/jd_cash.log 文件不存在,不清理 /scripts/logs/sharecodeCollection.log 中的旧助力码
Mar 13 08:30:00 闪购盲盒好友互助码：/scripts/logs/jd_sgmh.log 文件不存在,不清理 /scripts/logs/sharecodeCollection.log 中的旧助力码
Mar 13 09:30:00 东东农场好友互助码：/scripts/logs/jd_fruit.log 文件不存在,不清理 /scripts/logs/sharecodeCollection.log 中的旧助力码
Mar 13 09:30:00 东东萌宠好友互助码：/scripts/logs/jd_pet.log 文件不存在,不清理 /scripts/logs/sharecodeCollection.log 中的旧助力码
Mar 13 09:30:00 京东种豆得豆好友互助码：/scripts/logs/jd_plantBean.log 文件不存在,不清理 /scripts/logs/sharecodeCollection.log 中的旧助力码
Mar 13 09:30:00 京喜工厂好友互助码：/scripts/logs/jd_dreamFactory.log 文件不存在,不清理 /scripts/logs/sharecodeCollection.log 中的旧助力码
Mar 13 09:30:00 东东工厂好友互助码：/scripts/logs/jd_jdfactory.log 文件不存在,不清理 /scripts/logs/sharecodeCollection.log 中的旧助力码
Mar 13 09:30:00 crazyJoy任务好友互助码：/scripts/logs/jd_crazy_joy.log 文件不存在,不清理 /scripts/logs/sharecodeCollection.log 中的旧助力码
Mar 13 09:30:00 京喜财富岛好友互助码：/scripts/logs/jd_cfd.log 文件不存在,不清理 /scripts/logs/sharecodeCollection.log 中的旧助力码
Mar 13 09:30:00 京喜农场好友互助码：/scripts/logs/jd_jxnc.log 文件不存在,不清理 /scripts/logs/sharecodeCollection.log 中的旧助力码
Mar 13 09:30:00 京东赚赚好友互助码：/scripts/logs/jd_jdzz.log 文件不存在,不清理 /scripts/logs/sharecodeCollection.log 中的旧助力码
Mar 13 09:30:00 口袋书店好友互助码：/scripts/logs/jd_bookshop.log 文件不存在,不清理 /scripts/logs/sharecodeCollection.log 中的旧助力码
Mar 13 09:30:00 领现金好友互助码：/scripts/logs/jd_cash.log 文件不存在,不清理 /scripts/logs/sharecodeCollection.log 中的旧助力码
Mar 13 09:30:00 闪购盲盒好友互助码：/scripts/logs/jd_sgmh.log 文件不存在,不清理 /scripts/logs/sharecodeCollection.log 中的旧助力码
Mar 13 10:30:00 东东农场好友互助码：/scripts/logs/jd_fruit.log 文件不存在,不清理 /scripts/logs/sharecodeCollection.log 中的旧助力码
Mar 13 10:30:00 东东萌宠好友互助码：/scripts/logs/jd_pet.log 文件不存在,不清理 /scripts/logs/sharecodeCollection.log 中的旧助力码
Mar 13 10:30:00 京东种豆得豆好友互助码：/scripts/logs/jd_plantBean.log 文件不存在,不清理 /scripts/logs/sharecodeCollection.log 中的旧助力码
Mar 13 10:30:00 京喜工厂好友互助码：/scripts/logs/jd_dreamFactory.log 文件不存在,不清理 /scripts/logs/sharecodeCollection.log 中的旧助力码
Mar 13 10:30:00 东东工厂好友互助码：/scripts/logs/jd_jdfactory.log 文件不存在,不清理 /scripts/logs/sharecodeCollection.log 中的旧助力码
Mar 13 10:30:00 crazyJoy任务好友互助码：/scripts/logs/jd_crazy_joy.log 文件不存在,不清理 /scripts/logs/sharecodeCollection.log 中的旧助力码
Mar 13 10:30:00 京喜财富岛好友互助码：/scripts/logs/jd_cfd.log 文件不存在,不清理 /scripts/logs/sharecodeCollection.log 中的旧助力码
Mar 13 10:30:00 京喜农场好友互助码：/scripts/logs/jd_jxnc.log 文件不存在,不清理 /scripts/logs/sharecodeCollection.log 中的旧助力码
Mar 13 10:30:00 京东赚赚好友互助码：/scripts/logs/jd_jdzz.log 文件不存在,不清理 /scripts/logs/sharecodeCollection.log 中的旧助力码
Mar 13 10:30:00 口袋书店好友互助码：/scripts/logs/jd_bookshop.log 文件不存在,不清理 /scripts/logs/sharecodeCollection.log 中的旧助力码
Mar 13 10:30:00 领现金好友互助码：/scripts/logs/jd_cash.log 文件不存在,不清理 /scripts/logs/sharecodeCollection.log 中的旧助力码
Mar 13 10:30:00 闪购盲盒好友互助码：/scripts/logs/jd_sgmh.log 文件不存在,不清理 /scripts/logs/sharecodeCollection.log 中的旧助力码
Mar 13 11:30:00 东东农场好友互助码：/scripts/logs/jd_fruit.log 文件不存在,不清理 /scripts/logs/sharecodeCollection.log 中的旧助力码
Mar 13 11:30:00 东东萌宠好友互助码：/scripts/logs/jd_pet.log 文件不存在,不清理 /scripts/logs/sharecodeCollection.log 中的旧助力码
Mar 13 11:30:00 京东种豆得豆好友互助码：/scripts/logs/jd_plantBean.log 文件不存在,不清理 /scripts/logs/sharecodeCollection.log 中的旧助力码
Mar 13 11:30:00 京喜工厂好友互助码：/scripts/logs/jd_dreamFactory.log 文件不存在,不清理 /scripts/logs/sharecodeCollection.log 中的旧助力码
Mar 13 11:30:00 东东工厂好友互助码：/scripts/logs/jd_jdfactory.log 文件不存在,不清理 /scripts/logs/sharecodeCollection.log 中的旧助力码
Mar 13 11:30:00 crazyJoy任务好友互助码：/scripts/logs/jd_crazy_joy.log 文件不存在,不清理 /scripts/logs/sharecodeCollection.log 中的旧助力码
Mar 13 11:30:00 京喜财富岛好友互助码：/scripts/logs/jd_cfd.log 文件不存在,不清理 /scripts/logs/sharecodeCollection.log 中的旧助力码
Mar 13 11:30:00 京喜农场好友互助码：/scripts/logs/jd_jxnc.log 文件不存在,不清理 /scripts/logs/sharecodeCollection.log 中的旧助力码
Mar 13 11:30:00 京东赚赚好友互助码：/scripts/logs/jd_jdzz.log 文件不存在,不清理 /scripts/logs/sharecodeCollection.log 中的旧助力码
Mar 13 11:30:00 口袋书店好友互助码：/scripts/logs/jd_bookshop.log 文件不存在,不清理 /scripts/logs/sharecodeCollection.log 中的旧助力码
Mar 13 11:30:00 领现金好友互助码：/scripts/logs/jd_cash.log 文件不存在,不清理 /scripts/logs/sharecodeCollection.log 中的旧助力码
Mar 13 11:30:00 闪购盲盒好友互助码：/scripts/logs/jd_sgmh.log 文件不存在,不清理 /scripts/logs/sharecodeCollection.log 中的旧助力码
Mar 13 12:30:00 东东农场好友互助码：/scripts/logs/jd_fruit.log 文件不存在,不清理 /scripts/logs/sharecodeCollection.log 中的旧助力码
Mar 13 12:30:00 东东萌宠好友互助码：/scripts/logs/jd_pet.log 文件不存在,不清理 /scripts/logs/sharecodeCollection.log 中的旧助力码
Mar 13 12:30:00 京东种豆得豆好友互助码：/scripts/logs/jd_plantBean.log 文件不存在,不清理 /scripts/logs/sharecodeCollection.log 中的旧助力码
Mar 13 12:30:00 京喜工厂好友互助码：/scripts/logs/jd_dreamFactory.log 文件不存在,不清理 /scripts/logs/sharecodeCollection.log 中的旧助力码
Mar 13 12:30:00 东东工厂好友互助码：/scripts/logs/jd_jdfactory.log 文件不存在,不清理 /scripts/logs/sharecodeCollection.log 中的旧助力码
Mar 13 12:30:00 crazyJoy任务好友互助码：/scripts/logs/jd_crazy_joy.log 文件不存在,不清理 /scripts/logs/sharecodeCollection.log 中的旧助力码
Mar 13 12:30:00 京喜财富岛好友互助码：/scripts/logs/jd_cfd.log 文件不存在,不清理 /scripts/logs/sharecodeCollection.log 中的旧助力码
Mar 13 12:30:00 京喜农场好友互助码：/scripts/logs/jd_jxnc.log 文件不存在,不清理 /scripts/logs/sharecodeCollection.log 中的旧助力码
Mar 13 12:30:00 京东赚赚好友互助码：/scripts/logs/jd_jdzz.log 文件不存在,不清理 /scripts/logs/sharecodeCollection.log 中的旧助力码
Mar 13 12:30:00 口袋书店好友互助码：/scripts/logs/jd_bookshop.log 文件不存在,不清理 /scripts/logs/sharecodeCollection.log 中的旧助力码
Mar 13 12:30:00 领现金好友互助码：/scripts/logs/jd_cash.log 文件不存在,不清理 /scripts/logs/sharecodeCollection.log 中的旧助力码
Mar 13 12:30:00 闪购盲盒好友互助码：/scripts/logs/jd_sgmh.log 文件不存在,不清理 /scripts/logs/sharecodeCollection.log 中的旧助力码
Mar 13 13:30:00 东东农场好友互助码：/scripts/logs/jd_fruit.log 文件不存在,不清理 /scripts/logs/sharecodeCollection.log 中的旧助力码
Mar 13 13:30:00 东东萌宠好友互助码：/scripts/logs/jd_pet.log 文件不存在,不清理 /scripts/logs/sharecodeCollection.log 中的旧助力码
Mar 13 13:30:00 京东种豆得豆好友互助码：/scripts/logs/jd_plantBean.log 文件不存在,不清理 /scripts/logs/sharecodeCollection.log 中的旧助力码
Mar 13 13:30:00 京喜工厂好友互助码：/scripts/logs/jd_dreamFactory.log 文件不存在,不清理 /scripts/logs/sharecodeCollection.log 中的旧助力码
Mar 13 13:30:00 东东工厂好友互助码：/scripts/logs/jd_jdfactory.log 文件不存在,不清理 /scripts/logs/sharecodeCollection.log 中的旧助力码
Mar 13 13:30:00 crazyJoy任务好友互助码：/scripts/logs/jd_crazy_joy.log 文件不存在,不清理 /scripts/logs/sharecodeCollection.log 中的旧助力码
Mar 13 13:30:00 京喜财富岛好友互助码：/scripts/logs/jd_cfd.log 文件不存在,不清理 /scripts/logs/sharecodeCollection.log 中的旧助力码
Mar 13 13:30:00 京喜农场好友互助码：/scripts/logs/jd_jxnc.log 文件不存在,不清理 /scripts/logs/sharecodeCollection.log 中的旧助力码
Mar 13 13:30:00 京东赚赚好友互助码：/scripts/logs/jd_jdzz.log 文件不存在,不清理 /scripts/logs/sharecodeCollection.log 中的旧助力码
Mar 13 13:30:00 口袋书店好友互助码：/scripts/logs/jd_bookshop.log 文件不存在,不清理 /scripts/logs/sharecodeCollection.log 中的旧助力码
Mar 13 13:30:00 领现金好友互助码：/scripts/logs/jd_cash.log 文件不存在,不清理 /scripts/logs/sharecodeCollection.log 中的旧助力码
Mar 13 13:30:00 闪购盲盒好友互助码：/scripts/logs/jd_sgmh.log 文件不存在,不清理 /scripts/logs/sharecodeCollection.log 中的旧助力码
Mar 13 14:30:00 东东农场好友互助码：/scripts/logs/jd_fruit.log 文件不存在,不清理 /scripts/logs/sharecodeCollection.log 中的旧助力码
Mar 13 14:30:00 东东萌宠好友互助码：/scripts/logs/jd_pet.log 文件不存在,不清理 /scripts/logs/sharecodeCollection.log 中的旧助力码
Mar 13 14:30:00 京东种豆得豆好友互助码：/scripts/logs/jd_plantBean.log 文件不存在,不清理 /scripts/logs/sharecodeCollection.log 中的旧助力码
Mar 13 14:30:00 京喜工厂好友互助码：/scripts/logs/jd_dreamFactory.log 文件不存在,不清理 /scripts/logs/sharecodeCollection.log 中的旧助力码
Mar 13 14:30:00 东东工厂好友互助码：/scripts/logs/jd_jdfactory.log 文件不存在,不清理 /scripts/logs/sharecodeCollection.log 中的旧助力码
Mar 13 14:30:00 crazyJoy任务好友互助码：/scripts/logs/jd_crazy_joy.log 文件不存在,不清理 /scripts/logs/sharecodeCollection.log 中的旧助力码
Mar 13 14:30:00 京喜财富岛好友互助码：/scripts/logs/jd_cfd.log 文件不存在,不清理 /scripts/logs/sharecodeCollection.log 中的旧助力码
Mar 13 14:30:00 京喜农场好友互助码：/scripts/logs/jd_jxnc.log 文件不存在,不清理 /scripts/logs/sharecodeCollection.log 中的旧助力码
Mar 13 14:30:00 京东赚赚好友互助码：/scripts/logs/jd_jdzz.log 文件不存在,不清理 /scripts/logs/sharecodeCollection.log 中的旧助力码
Mar 13 14:30:00 口袋书店好友互助码：/scripts/logs/jd_bookshop.log 文件不存在,不清理 /scripts/logs/sharecodeCollection.log 中的旧助力码
Mar 13 14:30:00 领现金好友互助码：/scripts/logs/jd_cash.log 文件不存在,不清理 /scripts/logs/sharecodeCollection.log 中的旧助力码
Mar 13 14:30:00 闪购盲盒好友互助码：/scripts/logs/jd_sgmh.log 文件不存在,不清理 /scripts/logs/sharecodeCollection.log 中的旧助力码
Mar 13 15:30:00 东东农场好友互助码：/scripts/logs/jd_fruit.log 文件不存在,不清理 /scripts/logs/sharecodeCollection.log 中的旧助力码
Mar 13 15:30:00 东东萌宠好友互助码：/scripts/logs/jd_pet.log 文件不存在,不清理 /scripts/logs/sharecodeCollection.log 中的旧助力码
Mar 13 15:30:00 京东种豆得豆好友互助码：/scripts/logs/jd_plantBean.log 文件不存在,不清理 /scripts/logs/sharecodeCollection.log 中的旧助力码
Mar 13 15:30:00 京喜工厂好友互助码：/scripts/logs/jd_dreamFactory.log 文件不存在,不清理 /scripts/logs/sharecodeCollection.log 中的旧助力码
Mar 13 15:30:00 东东工厂好友互助码：/scripts/logs/jd_jdfactory.log 文件不存在,不清理 /scripts/logs/sharecodeCollection.log 中的旧助力码
Mar 13 15:30:00 crazyJoy任务好友互助码：/scripts/logs/jd_crazy_joy.log 文件不存在,不清理 /scripts/logs/sharecodeCollection.log 中的旧助力码
Mar 13 15:30:00 京喜财富岛好友互助码：/scripts/logs/jd_cfd.log 文件不存在,不清理 /scripts/logs/sharecodeCollection.log 中的旧助力码
Mar 13 15:30:00 京喜农场好友互助码：/scripts/logs/jd_jxnc.log 文件不存在,不清理 /scripts/logs/sharecodeCollection.log 中的旧助力码
Mar 13 15:30:00 京东赚赚好友互助码：/scripts/logs/jd_jdzz.log 文件不存在,不清理 /scripts/logs/sharecodeCollection.log 中的旧助力码
Mar 13 15:30:00 口袋书店好友互助码：/scripts/logs/jd_bookshop.log 文件不存在,不清理 /scripts/logs/sharecodeCollection.log 中的旧助力码
Mar 13 15:30:00 领现金好友互助码：/scripts/logs/jd_cash.log 文件不存在,不清理 /scripts/logs/sharecodeCollection.log 中的旧助力码
Mar 13 15:30:00 闪购盲盒好友互助码：/scripts/logs/jd_sgmh.log 文件不存在,不清理 /scripts/logs/sharecodeCollection.log 中的旧助力码
Mar 13 16:30:00 东东农场好友互助码：/scripts/logs/jd_fruit.log 文件不存在,不清理 /scripts/logs/sharecodeCollection.log 中的旧助力码
Mar 13 16:30:00 东东萌宠好友互助码：/scripts/logs/jd_pet.log 文件不存在,不清理 /scripts/logs/sharecodeCollection.log 中的旧助力码
Mar 13 16:30:00 京东种豆得豆好友互助码：/scripts/logs/jd_plantBean.log 文件不存在,不清理 /scripts/logs/sharecodeCollection.log 中的旧助力码
Mar 13 16:30:00 京喜工厂好友互助码：/scripts/logs/jd_dreamFactory.log 文件不存在,不清理 /scripts/logs/sharecodeCollection.log 中的旧助力码
Mar 13 16:30:00 东东工厂好友互助码：/scripts/logs/jd_jdfactory.log 文件不存在,不清理 /scripts/logs/sharecodeCollection.log 中的旧助力码
Mar 13 16:30:00 crazyJoy任务好友互助码：/scripts/logs/jd_crazy_joy.log 文件不存在,不清理 /scripts/logs/sharecodeCollection.log 中的旧助力码
Mar 13 16:30:00 京喜财富岛好友互助码：/scripts/logs/jd_cfd.log 文件不存在,不清理 /scripts/logs/sharecodeCollection.log 中的旧助力码
Mar 13 16:30:00 京喜农场好友互助码：/scripts/logs/jd_jxnc.log 文件不存在,不清理 /scripts/logs/sharecodeCollection.log 中的旧助力码
Mar 13 16:30:00 京东赚赚好友互助码：/scripts/logs/jd_jdzz.log 文件不存在,不清理 /scripts/logs/sharecodeCollection.log 中的旧助力码
Mar 13 16:30:00 口袋书店好友互助码：/scripts/logs/jd_bookshop.log 文件不存在,不清理 /scripts/logs/sharecodeCollection.log 中的旧助力码
Mar 13 16:30:00 领现金好友互助码：/scripts/logs/jd_cash.log 文件不存在,不清理 /scripts/logs/sharecodeCollection.log 中的旧助力码
Mar 13 16:30:00 闪购盲盒好友互助码：/scripts/logs/jd_sgmh.log 文件不存在,不清理 /scripts/logs/sharecodeCollection.log 中的旧助力码
Mar 13 17:30:00 东东农场好友互助码：/scripts/logs/jd_fruit.log 文件不存在,不清理 /scripts/logs/sharecodeCollection.log 中的旧助力码
Mar 13 17:30:00 东东萌宠好友互助码：/scripts/logs/jd_pet.log 文件不存在,不清理 /scripts/logs/sharecodeCollection.log 中的旧助力码
Mar 13 17:30:00 京东种豆得豆好友互助码：/scripts/logs/jd_plantBean.log 文件不存在,不清理 /scripts/logs/sharecodeCollection.log 中的旧助力码
Mar 13 17:30:00 京喜工厂好友互助码：/scripts/logs/jd_dreamFactory.log 文件不存在,不清理 /scripts/logs/sharecodeCollection.log 中的旧助力码
Mar 13 17:30:00 东东工厂好友互助码：/scripts/logs/jd_jdfactory.log 文件不存在,不清理 /scripts/logs/sharecodeCollection.log 中的旧助力码
Mar 13 17:30:00 crazyJoy任务好友互助码：/scripts/logs/jd_crazy_joy.log 文件不存在,不清理 /scripts/logs/sharecodeCollection.log 中的旧助力码
Mar 13 17:30:00 京喜财富岛好友互助码：/scripts/logs/jd_cfd.log 文件不存在,不清理 /scripts/logs/sharecodeCollection.log 中的旧助力码
Mar 13 17:30:00 京喜农场好友互助码：/scripts/logs/jd_jxnc.log 文件不存在,不清理 /scripts/logs/sharecodeCollection.log 中的旧助力码
Mar 13 17:30:00 京东赚赚好友互助码：/scripts/logs/jd_jdzz.log 文件不存在,不清理 /scripts/logs/sharecodeCollection.log 中的旧助力码
Mar 13 17:30:00 口袋书店好友互助码：/scripts/logs/jd_bookshop.log 文件不存在,不清理 /scripts/logs/sharecodeCollection.log 中的旧助力码
Mar 13 17:30:00 领现金好友互助码：/scripts/logs/jd_cash.log 文件不存在,不清理 /scripts/logs/sharecodeCollection.log 中的旧助力码
Mar 13 17:30:00 闪购盲盒好友互助码：/scripts/logs/jd_sgmh.log 文件不存在,不清理 /scripts/logs/sharecodeCollection.log 中的旧助力码
Mar 13 18:30:00 东东农场好友互助码：/scripts/logs/jd_fruit.log 文件不存在,不清理 /scripts/logs/sharecodeCollection.log 中的旧助力码
Mar 13 18:30:00 东东萌宠好友互助码：/scripts/logs/jd_pet.log 文件不存在,不清理 /scripts/logs/sharecodeCollection.log 中的旧助力码
Mar 13 18:30:00 京东种豆得豆好友互助码：/scripts/logs/jd_plantBean.log 文件不存在,不清理 /scripts/logs/sharecodeCollection.log 中的旧助力码
Mar 13 18:30:00 京喜工厂好友互助码：/scripts/logs/jd_dreamFactory.log 文件不存在,不清理 /scripts/logs/sharecodeCollection.log 中的旧助力码
Mar 13 18:30:00 东东工厂好友互助码：/scripts/logs/jd_jdfactory.log 文件不存在,不清理 /scripts/logs/sharecodeCollection.log 中的旧助力码
Mar 13 18:30:00 crazyJoy任务好友互助码：/scripts/logs/jd_crazy_joy.log 文件不存在,不清理 /scripts/logs/sharecodeCollection.log 中的旧助力码
Mar 13 18:30:00 京喜财富岛好友互助码：/scripts/logs/jd_cfd.log 文件不存在,不清理 /scripts/logs/sharecodeCollection.log 中的旧助力码
Mar 13 18:30:00 京喜农场好友互助码：/scripts/logs/jd_jxnc.log 文件不存在,不清理 /scripts/logs/sharecodeCollection.log 中的旧助力码
Mar 13 18:30:00 京东赚赚好友互助码：/scripts/logs/jd_jdzz.log 文件不存在,不清理 /scripts/logs/sharecodeCollection.log 中的旧助力码
Mar 13 18:30:00 口袋书店好友互助码：/scripts/logs/jd_bookshop.log 文件不存在,不清理 /scripts/logs/sharecodeCollection.log 中的旧助力码
Mar 13 18:30:00 领现金好友互助码：/scripts/logs/jd_cash.log 文件不存在,不清理 /scripts/logs/sharecodeCollection.log 中的旧助力码
Mar 13 18:30:00 闪购盲盒好友互助码：/scripts/logs/jd_sgmh.log 文件不存在,不清理 /scripts/logs/sharecodeCollection.log 中的旧助力码
Mar 13 19:30:00 东东农场好友互助码：/scripts/logs/jd_fruit.log 文件不存在,不清理 /scripts/logs/sharecodeCollection.log 中的旧助力码
Mar 13 19:30:00 东东萌宠好友互助码：/scripts/logs/jd_pet.log 文件不存在,不清理 /scripts/logs/sharecodeCollection.log 中的旧助力码
Mar 13 19:30:00 京东种豆得豆好友互助码：/scripts/logs/jd_plantBean.log 文件不存在,不清理 /scripts/logs/sharecodeCollection.log 中的旧助力码
Mar 13 19:30:00 京喜工厂好友互助码：/scripts/logs/jd_dreamFactory.log 文件不存在,不清理 /scripts/logs/sharecodeCollection.log 中的旧助力码
Mar 13 19:30:00 东东工厂好友互助码：/scripts/logs/jd_jdfactory.log 文件不存在,不清理 /scripts/logs/sharecodeCollection.log 中的旧助力码
Mar 13 19:30:00 crazyJoy任务好友互助码：/scripts/logs/jd_crazy_joy.log 文件不存在,不清理 /scripts/logs/sharecodeCollection.log 中的旧助力码
Mar 13 19:30:00 京喜财富岛好友互助码：/scripts/logs/jd_cfd.log 文件不存在,不清理 /scripts/logs/sharecodeCollection.log 中的旧助力码
Mar 13 19:30:00 京喜农场好友互助码：/scripts/logs/jd_jxnc.log 文件不存在,不清理 /scripts/logs/sharecodeCollection.log 中的旧助力码
Mar 13 19:30:00 京东赚赚好友互助码：/scripts/logs/jd_jdzz.log 文件不存在,不清理 /scripts/logs/sharecodeCollection.log 中的旧助力码
Mar 13 19:30:00 口袋书店好友互助码：/scripts/logs/jd_bookshop.log 文件不存在,不清理 /scripts/logs/sharecodeCollection.log 中的旧助力码
Mar 13 19:30:00 领现金好友互助码：/scripts/logs/jd_cash.log 文件不存在,不清理 /scripts/logs/sharecodeCollection.log 中的旧助力码
Mar 13 19:30:00 闪购盲盒好友互助码：/scripts/logs/jd_sgmh.log 文件不存在,不清理 /scripts/logs/sharecodeCollection.log 中的旧助力码
Mar 13 20:30:00 东东农场好友互助码：/scripts/logs/jd_fruit.log 文件不存在,不清理 /scripts/logs/sharecodeCollection.log 中的旧助力码
Mar 13 20:30:00 东东萌宠好友互助码：/scripts/logs/jd_pet.log 文件不存在,不清理 /scripts/logs/sharecodeCollection.log 中的旧助力码
Mar 13 20:30:00 京东种豆得豆好友互助码：/scripts/logs/jd_plantBean.log 文件不存在,不清理 /scripts/logs/sharecodeCollection.log 中的旧助力码
Mar 13 20:30:00 京喜工厂好友互助码：/scripts/logs/jd_dreamFactory.log 文件不存在,不清理 /scripts/logs/sharecodeCollection.log 中的旧助力码
Mar 13 20:30:00 东东工厂好友互助码：/scripts/logs/jd_jdfactory.log 文件不存在,不清理 /scripts/logs/sharecodeCollection.log 中的旧助力码
Mar 13 20:30:00 crazyJoy任务好友互助码：/scripts/logs/jd_crazy_joy.log 文件不存在,不清理 /scripts/logs/sharecodeCollection.log 中的旧助力码
Mar 13 20:30:00 京喜财富岛好友互助码：/scripts/logs/jd_cfd.log 文件不存在,不清理 /scripts/logs/sharecodeCollection.log 中的旧助力码
Mar 13 20:30:00 京喜农场好友互助码：/scripts/logs/jd_jxnc.log 文件不存在,不清理 /scripts/logs/sharecodeCollection.log 中的旧助力码
Mar 13 20:30:00 京东赚赚好友互助码：/scripts/logs/jd_jdzz.log 文件不存在,不清理 /scripts/logs/sharecodeCollection.log 中的旧助力码
Mar 13 20:30:00 口袋书店好友互助码：/scripts/logs/jd_bookshop.log 文件不存在,不清理 /scripts/logs/sharecodeCollection.log 中的旧助力码
Mar 13 20:30:00 领现金好友互助码：/scripts/logs/jd_cash.log 文件不存在,不清理 /scripts/logs/sharecodeCollection.log 中的旧助力码
Mar 13 20:30:00 闪购盲盒好友互助码：/scripts/logs/jd_sgmh.log 文件不存在,不清理 /scripts/logs/sharecodeCollection.log 中的旧助力码
Mar 13 21:30:00 东东农场好友互助码：/scripts/logs/jd_fruit.log 文件不存在,不清理 /scripts/logs/sharecodeCollection.log 中的旧助力码
Mar 13 21:30:00 东东萌宠好友互助码：/scripts/logs/jd_pet.log 文件不存在,不清理 /scripts/logs/sharecodeCollection.log 中的旧助力码
Mar 13 21:30:00 京东种豆得豆好友互助码：/scripts/logs/jd_plantBean.log 文件不存在,不清理 /scripts/logs/sharecodeCollection.log 中的旧助力码
Mar 13 21:30:00 京喜工厂好友互助码：/scripts/logs/jd_dreamFactory.log 文件不存在,不清理 /scripts/logs/sharecodeCollection.log 中的旧助力码
Mar 13 21:30:00 东东工厂好友互助码：/scripts/logs/jd_jdfactory.log 文件不存在,不清理 /scripts/logs/sharecodeCollection.log 中的旧助力码
Mar 13 21:30:00 crazyJoy任务好友互助码：/scripts/logs/jd_crazy_joy.log 文件不存在,不清理 /scripts/logs/sharecodeCollection.log 中的旧助力码
Mar 13 21:30:00 京喜财富岛好友互助码：/scripts/logs/jd_cfd.log 文件不存在,不清理 /scripts/logs/sharecodeCollection.log 中的旧助力码
Mar 13 21:30:00 京喜农场好友互助码：/scripts/logs/jd_jxnc.log 文件不存在,不清理 /scripts/logs/sharecodeCollection.log 中的旧助力码
Mar 13 21:30:00 京东赚赚好友互助码：/scripts/logs/jd_jdzz.log 文件不存在,不清理 /scripts/logs/sharecodeCollection.log 中的旧助力码
Mar 13 21:30:00 口袋书店好友互助码：/scripts/logs/jd_bookshop.log 文件不存在,不清理 /scripts/logs/sharecodeCollection.log 中的旧助力码
Mar 13 21:30:00 领现金好友互助码：/scripts/logs/jd_cash.log 文件不存在,不清理 /scripts/logs/sharecodeCollection.log 中的旧助力码
Mar 13 21:30:00 闪购盲盒好友互助码：/scripts/logs/jd_sgmh.log 文件不存在,不清理 /scripts/logs/sharecodeCollection.log 中的旧助力码
Mar 13 22:30:00 东东农场好友互助码：/scripts/logs/jd_fruit.log 文件不存在,不清理 /scripts/logs/sharecodeCollection.log 中的旧助力码
Mar 13 22:30:00 东东萌宠好友互助码：/scripts/logs/jd_pet.log 文件不存在,不清理 /scripts/logs/sharecodeCollection.log 中的旧助力码
Mar 13 22:30:00 京东种豆得豆好友互助码：/scripts/logs/jd_plantBean.log 文件不存在,不清理 /scripts/logs/sharecodeCollection.log 中的旧助力码
Mar 13 22:30:00 京喜工厂好友互助码：/scripts/logs/jd_dreamFactory.log 文件不存在,不清理 /scripts/logs/sharecodeCollection.log 中的旧助力码
Mar 13 22:30:00 东东工厂好友互助码：/scripts/logs/jd_jdfactory.log 文件不存在,不清理 /scripts/logs/sharecodeCollection.log 中的旧助力码
Mar 13 22:30:00 crazyJoy任务好友互助码：/scripts/logs/jd_crazy_joy.log 文件不存在,不清理 /scripts/logs/sharecodeCollection.log 中的旧助力码
Mar 13 22:30:00 京喜财富岛好友互助码：/scripts/logs/jd_cfd.log 文件不存在,不清理 /scripts/logs/sharecodeCollection.log 中的旧助力码
Mar 13 22:30:00 京喜农场好友互助码：/scripts/logs/jd_jxnc.log 文件不存在,不清理 /scripts/logs/sharecodeCollection.log 中的旧助力码
Mar 13 22:30:00 京东赚赚好友互助码：/scripts/logs/jd_jdzz.log 文件不存在,不清理 /scripts/logs/sharecodeCollection.log 中的旧助力码
Mar 13 22:30:00 口袋书店好友互助码：/scripts/logs/jd_bookshop.log 文件不存在,不清理 /scripts/logs/sharecodeCollection.log 中的旧助力码
Mar 13 22:30:00 领现金好友互助码：/scripts/logs/jd_cash.log 文件不存在,不清理 /scripts/logs/sharecodeCollection.log 中的旧助力码
Mar 13 22:30:00 闪购盲盒好友互助码：/scripts/logs/jd_sgmh.log 文件不存在,不清理 /scripts/logs/sharecodeCollection.log 中的旧助力码
Mar 13 23:30:00 东东农场好友互助码：/scripts/logs/jd_fruit.log 文件不存在,不清理 /scripts/logs/sharecodeCollection.log 中的旧助力码
Mar 13 23:30:00 东东萌宠好友互助码：/scripts/logs/jd_pet.log 文件不存在,不清理 /scripts/logs/sharecodeCollection.log 中的旧助力码
Mar 13 23:30:00 京东种豆得豆好友互助码：/scripts/logs/jd_plantBean.log 文件不存在,不清理 /scripts/logs/sharecodeCollection.log 中的旧助力码
Mar 13 23:30:00 京喜工厂好友互助码：/scripts/logs/jd_dreamFactory.log 文件不存在,不清理 /scripts/logs/sharecodeCollection.log 中的旧助力码
Mar 13 23:30:00 东东工厂好友互助码：/scripts/logs/jd_jdfactory.log 文件不存在,不清理 /scripts/logs/sharecodeCollection.log 中的旧助力码
Mar 13 23:30:00 crazyJoy任务好友互助码：/scripts/logs/jd_crazy_joy.log 文件不存在,不清理 /scripts/logs/sharecodeCollection.log 中的旧助力码
Mar 13 23:30:00 京喜财富岛好友互助码：/scripts/logs/jd_cfd.log 文件不存在,不清理 /scripts/logs/sharecodeCollection.log 中的旧助力码
Mar 13 23:30:00 京喜农场好友互助码：/scripts/logs/jd_jxnc.log 文件不存在,不清理 /scripts/logs/sharecodeCollection.log 中的旧助力码
Mar 13 23:30:00 京东赚赚好友互助码：/scripts/logs/jd_jdzz.log 文件不存在,不清理 /scripts/logs/sharecodeCollection.log 中的旧助力码
Mar 13 23:30:00 口袋书店好友互助码：/scripts/logs/jd_bookshop.log 文件不存在,不清理 /scripts/logs/sharecodeCollection.log 中的旧助力码
Mar 13 23:30:00 领现金好友互助码：/scripts/logs/jd_cash.log 文件不存在,不清理 /scripts/logs/sharecodeCollection.log 中的旧助力码
Mar 13 23:30:00 闪购盲盒好友互助码：/scripts/logs/jd_sgmh.log 文件不存在,不清理 /scripts/logs/sharecodeCollection.log 中的旧助力码
Mar 14 00:30:00 东东农场好友互助码：/scripts/logs/jd_fruit.log 文件不存在,不清理 /scripts/logs/sharecodeCollection.log 中的旧助力码
Mar 14 00:30:00 东东萌宠好友互助码：/scripts/logs/jd_pet.log 文件不存在,不清理 /scripts/logs/sharecodeCollection.log 中的旧助力码
Mar 14 00:30:00 京东种豆得豆好友互助码：/scripts/logs/jd_plantBean.log 文件不存在,不清理 /scripts/logs/sharecodeCollection.log 中的旧助力码
Mar 14 00:30:00 京喜工厂好友互助码：/scripts/logs/jd_dreamFactory.log 文件不存在,不清理 /scripts/logs/sharecodeCollection.log 中的旧助力码
Mar 14 00:30:00 东东工厂好友互助码：/scripts/logs/jd_jdfactory.log 文件不存在,不清理 /scripts/logs/sharecodeCollection.log 中的旧助力码
Mar 14 00:30:00 crazyJoy任务好友互助码：/scripts/logs/jd_crazy_joy.log 文件不存在,不清理 /scripts/logs/sharecodeCollection.log 中的旧助力码
Mar 14 00:30:00 京喜财富岛好友互助码：/scripts/logs/jd_cfd.log 文件不存在,不清理 /scripts/logs/sharecodeCollection.log 中的旧助力码
Mar 14 00:30:00 京喜农场好友互助码：/scripts/logs/jd_jxnc.log 文件不存在,不清理 /scripts/logs/sharecodeCollection.log 中的旧助力码
Mar 14 00:30:00 京东赚赚好友互助码：/scripts/logs/jd_jdzz.log 文件不存在,不清理 /scripts/logs/sharecodeCollection.log 中的旧助力码
Mar 14 00:30:00 口袋书店好友互助码：/scripts/logs/jd_bookshop.log 文件不存在,不清理 /scripts/logs/sharecodeCollection.log 中的旧助力码
Mar 14 00:30:00 领现金好友互助码：/scripts/logs/jd_cash.log 文件不存在,不清理 /scripts/logs/sharecodeCollection.log 中的旧助力码
Mar 14 00:30:00 闪购盲盒好友互助码：/scripts/logs/jd_sgmh.log 文件不存在,不清理 /scripts/logs/sharecodeCollection.log 中的旧助力码
Mar 14 01:30:00 东东农场好友互助码：/scripts/logs/jd_fruit.log 文件不存在,不清理 /scripts/logs/sharecodeCollection.log 中的旧助力码
Mar 14 01:30:00 东东萌宠好友互助码：/scripts/logs/jd_pet.log 文件不存在,不清理 /scripts/logs/sharecodeCollection.log 中的旧助力码
Mar 14 01:30:00 京东种豆得豆好友互助码：/scripts/logs/jd_plantBean.log 文件不存在,不清理 /scripts/logs/sharecodeCollection.log 中的旧助力码
Mar 14 01:30:00 京喜工厂好友互助码：/scripts/logs/jd_dreamFactory.log 文件不存在,不清理 /scripts/logs/sharecodeCollection.log 中的旧助力码
Mar 14 01:30:00 东东工厂好友互助码：/scripts/logs/jd_jdfactory.log 文件不存在,不清理 /scripts/logs/sharecodeCollection.log 中的旧助力码
Mar 14 01:30:00 crazyJoy任务好友互助码：/scripts/logs/jd_crazy_joy.log 文件不存在,不清理 /scripts/logs/sharecodeCollection.log 中的旧助力码
Mar 14 01:30:00 京喜财富岛好友互助码：/scripts/logs/jd_cfd.log 文件不存在,不清理 /scripts/logs/sharecodeCollection.log 中的旧助力码
Mar 14 01:30:00 京喜农场好友互助码：/scripts/logs/jd_jxnc.log 文件不存在,不清理 /scripts/logs/sharecodeCollection.log 中的旧助力码
Mar 14 01:30:00 京东赚赚好友互助码：/scripts/logs/jd_jdzz.log 文件不存在,不清理 /scripts/logs/sharecodeCollection.log 中的旧助力码
Mar 14 01:30:00 口袋书店好友互助码：/scripts/logs/jd_bookshop.log 文件不存在,不清理 /scripts/logs/sharecodeCollection.log 中的旧助力码
Mar 14 01:30:00 领现金好友互助码：/scripts/logs/jd_cash.log 文件不存在,不清理 /scripts/logs/sharecodeCollection.log 中的旧助力码
Mar 14 01:30:00 闪购盲盒好友互助码：/scripts/logs/jd_sgmh.log 文件不存在,不清理 /scripts/logs/sharecodeCollection.log 中的旧助力码
Mar 14 02:30:00 东东农场好友互助码：/scripts/logs/jd_fruit.log 文件不存在,不清理 /scripts/logs/sharecodeCollection.log 中的旧助力码
Mar 14 02:30:00 东东萌宠好友互助码：/scripts/logs/jd_pet.log 文件不存在,不清理 /scripts/logs/sharecodeCollection.log 中的旧助力码
Mar 14 02:30:00 京东种豆得豆好友互助码：/scripts/logs/jd_plantBean.log 文件不存在,不清理 /scripts/logs/sharecodeCollection.log 中的旧助力码
Mar 14 02:30:00 京喜工厂好友互助码：/scripts/logs/jd_dreamFactory.log 文件不存在,不清理 /scripts/logs/sharecodeCollection.log 中的旧助力码
Mar 14 02:30:00 东东工厂好友互助码：/scripts/logs/jd_jdfactory.log 文件不存在,不清理 /scripts/logs/sharecodeCollection.log 中的旧助力码
Mar 14 02:30:00 crazyJoy任务好友互助码：/scripts/logs/jd_crazy_joy.log 文件不存在,不清理 /scripts/logs/sharecodeCollection.log 中的旧助力码
Mar 14 02:30:00 京喜财富岛好友互助码：/scripts/logs/jd_cfd.log 文件不存在,不清理 /scripts/logs/sharecodeCollection.log 中的旧助力码
Mar 14 02:30:01 京喜农场好友互助码：/scripts/logs/jd_jxnc.log 文件不存在,不清理 /scripts/logs/sharecodeCollection.log 中的旧助力码
Mar 14 02:30:01 京东赚赚好友互助码：/scripts/logs/jd_jdzz.log 文件不存在,不清理 /scripts/logs/sharecodeCollection.log 中的旧助力码
Mar 14 02:30:01 口袋书店好友互助码：/scripts/logs/jd_bookshop.log 文件不存在,不清理 /scripts/logs/sharecodeCollection.log 中的旧助力码
Mar 14 02:30:01 领现金好友互助码：/scripts/logs/jd_cash.log 文件不存在,不清理 /scripts/logs/sharecodeCollection.log 中的旧助力码
Mar 14 02:30:01 闪购盲盒好友互助码：/scripts/logs/jd_sgmh.log 文件不存在,不清理 /scripts/logs/sharecodeCollection.log 中的旧助力码
Mar 14 03:30:00 东东农场好友互助码：/scripts/logs/jd_fruit.log 文件不存在,不清理 /scripts/logs/sharecodeCollection.log 中的旧助力码
Mar 14 03:30:00 东东萌宠好友互助码：/scripts/logs/jd_pet.log 文件不存在,不清理 /scripts/logs/sharecodeCollection.log 中的旧助力码
Mar 14 03:30:00 京东种豆得豆好友互助码：/scripts/logs/jd_plantBean.log 文件不存在,不清理 /scripts/logs/sharecodeCollection.log 中的旧助力码
Mar 14 03:30:00 京喜工厂好友互助码：/scripts/logs/jd_dreamFactory.log 文件不存在,不清理 /scripts/logs/sharecodeCollection.log 中的旧助力码
Mar 14 03:30:00 东东工厂好友互助码：/scripts/logs/jd_jdfactory.log 文件不存在,不清理 /scripts/logs/sharecodeCollection.log 中的旧助力码
Mar 14 03:30:00 crazyJoy任务好友互助码：/scripts/logs/jd_crazy_joy.log 文件不存在,不清理 /scripts/logs/sharecodeCollection.log 中的旧助力码
Mar 14 03:30:00 京喜财富岛好友互助码：/scripts/logs/jd_cfd.log 文件不存在,不清理 /scripts/logs/sharecodeCollection.log 中的旧助力码
Mar 14 03:30:00 京喜农场好友互助码：/scripts/logs/jd_jxnc.log 文件不存在,不清理 /scripts/logs/sharecodeCollection.log 中的旧助力码
Mar 14 03:30:00 京东赚赚好友互助码：/scripts/logs/jd_jdzz.log 文件不存在,不清理 /scripts/logs/sharecodeCollection.log 中的旧助力码
Mar 14 03:30:00 口袋书店好友互助码：/scripts/logs/jd_bookshop.log 文件不存在,不清理 /scripts/logs/sharecodeCollection.log 中的旧助力码
Mar 14 03:30:00 领现金好友互助码：/scripts/logs/jd_cash.log 文件不存在,不清理 /scripts/logs/sharecodeCollection.log 中的旧助力码
Mar 14 03:30:00 闪购盲盒好友互助码：/scripts/logs/jd_sgmh.log 文件不存在,不清理 /scripts/logs/sharecodeCollection.log 中的旧助力码
Mar 14 04:30:00 东东农场好友互助码：/scripts/logs/jd_fruit.log 文件不存在,不清理 /scripts/logs/sharecodeCollection.log 中的旧助力码
Mar 14 04:30:00 东东萌宠好友互助码：/scripts/logs/jd_pet.log 文件不存在,不清理 /scripts/logs/sharecodeCollection.log 中的旧助力码
Mar 14 04:30:00 京东种豆得豆好友互助码：/scripts/logs/jd_plantBean.log 文件不存在,不清理 /scripts/logs/sharecodeCollection.log 中的旧助力码
Mar 14 04:30:00 京喜工厂好友互助码：/scripts/logs/jd_dreamFactory.log 文件不存在,不清理 /scripts/logs/sharecodeCollection.log 中的旧助力码
Mar 14 04:30:00 东东工厂好友互助码：/scripts/logs/jd_jdfactory.log 文件不存在,不清理 /scripts/logs/sharecodeCollection.log 中的旧助力码
Mar 14 04:30:00 crazyJoy任务好友互助码：/scripts/logs/jd_crazy_joy.log 文件不存在,不清理 /scripts/logs/sharecodeCollection.log 中的旧助力码
Mar 14 04:30:00 京喜财富岛好友互助码：/scripts/logs/jd_cfd.log 文件不存在,不清理 /scripts/logs/sharecodeCollection.log 中的旧助力码
Mar 14 04:30:00 京喜农场好友互助码：/scripts/logs/jd_jxnc.log 文件不存在,不清理 /scripts/logs/sharecodeCollection.log 中的旧助力码
Mar 14 04:30:00 京东赚赚好友互助码：/scripts/logs/jd_jdzz.log 文件不存在,不清理 /scripts/logs/sharecodeCollection.log 中的旧助力码
Mar 14 04:30:00 口袋书店好友互助码：/scripts/logs/jd_bookshop.log 文件不存在,不清理 /scripts/logs/sharecodeCollection.log 中的旧助力码
Mar 14 04:30:00 领现金好友互助码：/scripts/logs/jd_cash.log 文件不存在,不清理 /scripts/logs/sharecodeCollection.log 中的旧助力码
Mar 14 04:30:00 闪购盲盒好友互助码：/scripts/logs/jd_sgmh.log 文件不存在,不清理 /scripts/logs/sharecodeCollection.log 中的旧助力码
Mar 14 05:30:00 东东农场好友互助码：/scripts/logs/jd_fruit.log 文件不存在,不清理 /scripts/logs/sharecodeCollection.log 中的旧助力码
Mar 14 05:30:00 东东萌宠好友互助码：/scripts/logs/jd_pet.log 文件不存在,不清理 /scripts/logs/sharecodeCollection.log 中的旧助力码
Mar 14 05:30:00 京东种豆得豆好友互助码：/scripts/logs/jd_plantBean.log 文件不存在,不清理 /scripts/logs/sharecodeCollection.log 中的旧助力码
Mar 14 05:30:00 京喜工厂好友互助码：/scripts/logs/jd_dreamFactory.log 文件不存在,不清理 /scripts/logs/sharecodeCollection.log 中的旧助力码
Mar 14 05:30:00 东东工厂好友互助码：/scripts/logs/jd_jdfactory.log 文件不存在,不清理 /scripts/logs/sharecodeCollection.log 中的旧助力码
Mar 14 05:30:00 crazyJoy任务好友互助码：/scripts/logs/jd_crazy_joy.log 文件不存在,不清理 /scripts/logs/sharecodeCollection.log 中的旧助力码
Mar 14 05:30:00 京喜财富岛好友互助码：/scripts/logs/jd_cfd.log 文件不存在,不清理 /scripts/logs/sharecodeCollection.log 中的旧助力码
Mar 14 05:30:00 京喜农场好友互助码：/scripts/logs/jd_jxnc.log 文件不存在,不清理 /scripts/logs/sharecodeCollection.log 中的旧助力码
Mar 14 05:30:00 京东赚赚好友互助码：/scripts/logs/jd_jdzz.log 文件不存在,不清理 /scripts/logs/sharecodeCollection.log 中的旧助力码
Mar 14 05:30:00 口袋书店好友互助码：/scripts/logs/jd_bookshop.log 文件不存在,不清理 /scripts/logs/sharecodeCollection.log 中的旧助力码
Mar 14 05:30:00 领现金好友互助码：/scripts/logs/jd_cash.log 文件不存在,不清理 /scripts/logs/sharecodeCollection.log 中的旧助力码
Mar 14 05:30:00 闪购盲盒好友互助码：/scripts/logs/jd_sgmh.log 文件不存在,不清理 /scripts/logs/sharecodeCollection.log 中的旧助力码
Mar 14 06:30:00 东东农场好友互助码：/scripts/logs/jd_fruit.log 文件不存在,不清理 /scripts/logs/sharecodeCollection.log 中的旧助力码
Mar 14 06:30:00 东东萌宠好友互助码：/scripts/logs/jd_pet.log 文件不存在,不清理 /scripts/logs/sharecodeCollection.log 中的旧助力码
Mar 14 06:30:00 京东种豆得豆好友互助码：/scripts/logs/jd_plantBean.log 文件不存在,不清理 /scripts/logs/sharecodeCollection.log 中的旧助力码
Mar 14 06:30:00 京喜工厂好友互助码：/scripts/logs/jd_dreamFactory.log 文件不存在,不清理 /scripts/logs/sharecodeCollection.log 中的旧助力码
Mar 14 06:30:00 东东工厂好友互助码：/scripts/logs/jd_jdfactory.log 文件不存在,不清理 /scripts/logs/sharecodeCollection.log 中的旧助力码
Mar 14 06:30:00 crazyJoy任务好友互助码：/scripts/logs/jd_crazy_joy.log 文件不存在,不清理 /scripts/logs/sharecodeCollection.log 中的旧助力码
Mar 14 06:30:00 京喜财富岛好友互助码：/scripts/logs/jd_cfd.log 文件不存在,不清理 /scripts/logs/sharecodeCollection.log 中的旧助力码
Mar 14 06:30:00 京喜农场好友互助码：/scripts/logs/jd_jxnc.log 文件不存在,不清理 /scripts/logs/sharecodeCollection.log 中的旧助力码
Mar 14 06:30:00 京东赚赚好友互助码：/scripts/logs/jd_jdzz.log 文件不存在,不清理 /scripts/logs/sharecodeCollection.log 中的旧助力码
Mar 14 06:30:00 口袋书店好友互助码：/scripts/logs/jd_bookshop.log 文件不存在,不清理 /scripts/logs/sharecodeCollection.log 中的旧助力码
Mar 14 06:30:00 领现金好友互助码：/scripts/logs/jd_cash.log 文件不存在,不清理 /scripts/logs/sharecodeCollection.log 中的旧助力码
Mar 14 06:30:00 闪购盲盒好友互助码：/scripts/logs/jd_sgmh.log 文件不存在,不清理 /scripts/logs/sharecodeCollection.log 中的旧助力码
Mar 14 07:30:00 环球挑战赛好友互助码：/scripts/logs/jd_global.log 文件不存在,不清理 /scripts/logs/sharecodeCollection.log 中的旧助力码
Mar 14 07:30:00 东东农场好友互助码：/scripts/logs/jd_fruit.log 文件不存在,不清理 /scripts/logs/sharecodeCollection.log 中的旧助力码
Mar 14 07:30:00 东东萌宠好友互助码：/scripts/logs/jd_pet.log 文件不存在,不清理 /scripts/logs/sharecodeCollection.log 中的旧助力码
Mar 14 07:30:00 京东种豆得豆好友互助码：/scripts/logs/jd_plantBean.log 文件不存在,不清理 /scripts/logs/sharecodeCollection.log 中的旧助力码
Mar 14 07:30:00 京喜工厂好友互助码：/scripts/logs/jd_dreamFactory.log 文件不存在,不清理 /scripts/logs/sharecodeCollection.log 中的旧助力码
Mar 14 07:30:00 东东工厂好友互助码：/scripts/logs/jd_jdfactory.log 文件不存在,不清理 /scripts/logs/sharecodeCollection.log 中的旧助力码
Mar 14 07:30:00 crazyJoy任务好友互助码：/scripts/logs/jd_crazy_joy.log 文件不存在,不清理 /scripts/logs/sharecodeCollection.log 中的旧助力码
Mar 14 07:30:00 京喜财富岛好友互助码：/scripts/logs/jd_cfd.log 文件不存在,不清理 /scripts/logs/sharecodeCollection.log 中的旧助力码
Mar 14 07:30:00 京喜农场好友互助码：/scripts/logs/jd_jxnc.log 文件不存在,不清理 /scripts/logs/sharecodeCollection.log 中的旧助力码
Mar 14 07:30:00 京东赚赚好友互助码：/scripts/logs/jd_jdzz.log 文件不存在,不清理 /scripts/logs/sharecodeCollection.log 中的旧助力码
Mar 14 07:30:00 口袋书店好友互助码：/scripts/logs/jd_bookshop.log 文件不存在,不清理 /scripts/logs/sharecodeCollection.log 中的旧助力码
Mar 14 07:30:00 签到领现金好友互助码：/scripts/logs/jd_cash.log 文件不存在,不清理 /scripts/logs/sharecodeCollection.log 中的旧助力码
Mar 14 07:30:00 闪购盲盒好友互助码：/scripts/logs/jd_sgmh.log 文件不存在,不清理 /scripts/logs/sharecodeCollection.log 中的旧助力码
Mar 14 08:30:00 环球挑战赛好友互助码：/scripts/logs/jd_global.log 文件不存在,不清理 /scripts/logs/sharecodeCollection.log 中的旧助力码
Mar 14 08:30:00 东东农场好友互助码：/scripts/logs/jd_fruit.log 文件不存在,不清理 /scripts/logs/sharecodeCollection.log 中的旧助力码
Mar 14 08:30:00 东东萌宠好友互助码：/scripts/logs/jd_pet.log 文件不存在,不清理 /scripts/logs/sharecodeCollection.log 中的旧助力码
Mar 14 08:30:00 京东种豆得豆好友互助码：/scripts/logs/jd_plantBean.log 文件不存在,不清理 /scripts/logs/sharecodeCollection.log 中的旧助力码
Mar 14 08:30:00 京喜工厂好友互助码：/scripts/logs/jd_dreamFactory.log 文件不存在,不清理 /scripts/logs/sharecodeCollection.log 中的旧助力码
Mar 14 08:30:00 东东工厂好友互助码：/scripts/logs/jd_jdfactory.log 文件不存在,不清理 /scripts/logs/sharecodeCollection.log 中的旧助力码
Mar 14 08:30:00 crazyJoy任务好友互助码：/scripts/logs/jd_crazy_joy.log 文件不存在,不清理 /scripts/logs/sharecodeCollection.log 中的旧助力码
Mar 14 08:30:00 京喜财富岛好友互助码：/scripts/logs/jd_cfd.log 文件不存在,不清理 /scripts/logs/sharecodeCollection.log 中的旧助力码
Mar 14 08:30:00 京喜农场好友互助码：/scripts/logs/jd_jxnc.log 文件不存在,不清理 /scripts/logs/sharecodeCollection.log 中的旧助力码
Mar 14 08:30:00 京东赚赚好友互助码：/scripts/logs/jd_jdzz.log 文件不存在,不清理 /scripts/logs/sharecodeCollection.log 中的旧助力码
Mar 14 08:30:00 口袋书店好友互助码：/scripts/logs/jd_bookshop.log 文件不存在,不清理 /scripts/logs/sharecodeCollection.log 中的旧助力码
Mar 14 08:30:00 签到领现金好友互助码：/scripts/logs/jd_cash.log 文件不存在,不清理 /scripts/logs/sharecodeCollection.log 中的旧助力码
Mar 14 08:30:00 闪购盲盒好友互助码：/scripts/logs/jd_sgmh.log 文件不存在,不清理 /scripts/logs/sharecodeCollection.log 中的旧助力码
Mar 14 09:30:00 环球挑战赛好友互助码：/scripts/logs/jd_global.log 文件不存在,不清理 /scripts/logs/sharecodeCollection.log 中的旧助力码
Mar 14 09:30:00 东东农场好友互助码：/scripts/logs/jd_fruit.log 文件不存在,不清理 /scripts/logs/sharecodeCollection.log 中的旧助力码
Mar 14 09:30:00 东东萌宠好友互助码：/scripts/logs/jd_pet.log 文件不存在,不清理 /scripts/logs/sharecodeCollection.log 中的旧助力码
Mar 14 09:30:00 京东种豆得豆好友互助码：/scripts/logs/jd_plantBean.log 文件不存在,不清理 /scripts/logs/sharecodeCollection.log 中的旧助力码
Mar 14 09:30:00 京喜工厂好友互助码：/scripts/logs/jd_dreamFactory.log 文件不存在,不清理 /scripts/logs/sharecodeCollection.log 中的旧助力码
Mar 14 09:30:00 东东工厂好友互助码：/scripts/logs/jd_jdfactory.log 文件不存在,不清理 /scripts/logs/sharecodeCollection.log 中的旧助力码
Mar 14 09:30:00 crazyJoy任务好友互助码：/scripts/logs/jd_crazy_joy.log 文件不存在,不清理 /scripts/logs/sharecodeCollection.log 中的旧助力码
Mar 14 09:30:00 京喜财富岛好友互助码：/scripts/logs/jd_cfd.log 文件不存在,不清理 /scripts/logs/sharecodeCollection.log 中的旧助力码
Mar 14 09:30:00 京喜农场好友互助码：/scripts/logs/jd_jxnc.log 文件不存在,不清理 /scripts/logs/sharecodeCollection.log 中的旧助力码
Mar 14 09:30:00 京东赚赚好友互助码：/scripts/logs/jd_jdzz.log 文件不存在,不清理 /scripts/logs/sharecodeCollection.log 中的旧助力码
Mar 14 09:30:00 口袋书店好友互助码：/scripts/logs/jd_bookshop.log 文件不存在,不清理 /scripts/logs/sharecodeCollection.log 中的旧助力码
Mar 14 09:30:00 签到领现金好友互助码：/scripts/logs/jd_cash.log 文件不存在,不清理 /scripts/logs/sharecodeCollection.log 中的旧助力码
Mar 14 09:30:00 闪购盲盒好友互助码：/scripts/logs/jd_sgmh.log 文件不存在,不清理 /scripts/logs/sharecodeCollection.log 中的旧助力码
Mar 14 10:30:00 环球挑战赛好友互助码：/scripts/logs/jd_global.log 文件不存在,不清理 /scripts/logs/sharecodeCollection.log 中的旧助力码
Mar 14 10:30:00 东东农场好友互助码：/scripts/logs/jd_fruit.log 文件不存在,不清理 /scripts/logs/sharecodeCollection.log 中的旧助力码
Mar 14 10:30:00 东东萌宠好友互助码：/scripts/logs/jd_pet.log 文件不存在,不清理 /scripts/logs/sharecodeCollection.log 中的旧助力码
Mar 14 10:30:00 京东种豆得豆好友互助码：/scripts/logs/jd_plantBean.log 文件不存在,不清理 /scripts/logs/sharecodeCollection.log 中的旧助力码
Mar 14 10:30:00 京喜工厂好友互助码：/scripts/logs/jd_dreamFactory.log 文件不存在,不清理 /scripts/logs/sharecodeCollection.log 中的旧助力码
Mar 14 10:30:00 东东工厂好友互助码：/scripts/logs/jd_jdfactory.log 文件不存在,不清理 /scripts/logs/sharecodeCollection.log 中的旧助力码
Mar 14 10:30:00 crazyJoy任务好友互助码：/scripts/logs/jd_crazy_joy.log 文件不存在,不清理 /scripts/logs/sharecodeCollection.log 中的旧助力码
Mar 14 10:30:00 京喜财富岛好友互助码：/scripts/logs/jd_cfd.log 文件不存在,不清理 /scripts/logs/sharecodeCollection.log 中的旧助力码
Mar 14 10:30:00 京喜农场好友互助码：/scripts/logs/jd_jxnc.log 文件不存在,不清理 /scripts/logs/sharecodeCollection.log 中的旧助力码
Mar 14 10:30:00 京东赚赚好友互助码：/scripts/logs/jd_jdzz.log 文件不存在,不清理 /scripts/logs/sharecodeCollection.log 中的旧助力码
Mar 14 10:30:00 口袋书店好友互助码：/scripts/logs/jd_bookshop.log 文件不存在,不清理 /scripts/logs/sharecodeCollection.log 中的旧助力码
Mar 14 10:30:00 签到领现金好友互助码：/scripts/logs/jd_cash.log 文件不存在,不清理 /scripts/logs/sharecodeCollection.log 中的旧助力码
Mar 14 10:30:00 闪购盲盒好友互助码：/scripts/logs/jd_sgmh.log 文件不存在,不清理 /scripts/logs/sharecodeCollection.log 中的旧助力码
Mar 14 11:30:00 环球挑战赛好友互助码：/scripts/logs/jd_global.log 文件不存在,不清理 /scripts/logs/sharecodeCollection.log 中的旧助力码
Mar 14 11:30:00 东东农场好友互助码：/scripts/logs/jd_fruit.log 文件不存在,不清理 /scripts/logs/sharecodeCollection.log 中的旧助力码
Mar 14 11:30:00 东东萌宠好友互助码：/scripts/logs/jd_pet.log 文件不存在,不清理 /scripts/logs/sharecodeCollection.log 中的旧助力码
Mar 14 11:30:00 京东种豆得豆好友互助码：/scripts/logs/jd_plantBean.log 文件不存在,不清理 /scripts/logs/sharecodeCollection.log 中的旧助力码
Mar 14 11:30:00 京喜工厂好友互助码：/scripts/logs/jd_dreamFactory.log 文件不存在,不清理 /scripts/logs/sharecodeCollection.log 中的旧助力码
Mar 14 11:30:00 东东工厂好友互助码：/scripts/logs/jd_jdfactory.log 文件不存在,不清理 /scripts/logs/sharecodeCollection.log 中的旧助力码
Mar 14 11:30:00 crazyJoy任务好友互助码：/scripts/logs/jd_crazy_joy.log 文件不存在,不清理 /scripts/logs/sharecodeCollection.log 中的旧助力码
Mar 14 11:30:00 京喜财富岛好友互助码：/scripts/logs/jd_cfd.log 文件不存在,不清理 /scripts/logs/sharecodeCollection.log 中的旧助力码
Mar 14 11:30:00 京喜农场好友互助码：/scripts/logs/jd_jxnc.log 文件不存在,不清理 /scripts/logs/sharecodeCollection.log 中的旧助力码
Mar 14 11:30:00 京东赚赚好友互助码：/scripts/logs/jd_jdzz.log 文件不存在,不清理 /scripts/logs/sharecodeCollection.log 中的旧助力码
Mar 14 11:30:00 口袋书店好友互助码：/scripts/logs/jd_bookshop.log 文件不存在,不清理 /scripts/logs/sharecodeCollection.log 中的旧助力码
Mar 14 11:30:00 签到领现金好友互助码：/scripts/logs/jd_cash.log 文件不存在,不清理 /scripts/logs/sharecodeCollection.log 中的旧助力码
Mar 14 11:30:00 闪购盲盒好友互助码：/scripts/logs/jd_sgmh.log 文件不存在,不清理 /scripts/logs/sharecodeCollection.log 中的旧助力码
Mar 14 12:30:00 环球挑战赛好友互助码：/scripts/logs/jd_global.log 文件不存在,不清理 /scripts/logs/sharecodeCollection.log 中的旧助力码
Mar 14 12:30:00 东东农场好友互助码：/scripts/logs/jd_fruit.log 文件不存在,不清理 /scripts/logs/sharecodeCollection.log 中的旧助力码
Mar 14 12:30:00 东东萌宠好友互助码：/scripts/logs/jd_pet.log 文件不存在,不清理 /scripts/logs/sharecodeCollection.log 中的旧助力码
Mar 14 12:30:00 京东种豆得豆好友互助码：/scripts/logs/jd_plantBean.log 文件不存在,不清理 /scripts/logs/sharecodeCollection.log 中的旧助力码
Mar 14 12:30:00 京喜工厂好友互助码：/scripts/logs/jd_dreamFactory.log 文件不存在,不清理 /scripts/logs/sharecodeCollection.log 中的旧助力码
Mar 14 12:30:00 东东工厂好友互助码：/scripts/logs/jd_jdfactory.log 文件不存在,不清理 /scripts/logs/sharecodeCollection.log 中的旧助力码
Mar 14 12:30:00 crazyJoy任务好友互助码：/scripts/logs/jd_crazy_joy.log 文件不存在,不清理 /scripts/logs/sharecodeCollection.log 中的旧助力码
Mar 14 12:30:00 京喜财富岛好友互助码：/scripts/logs/jd_cfd.log 文件不存在,不清理 /scripts/logs/sharecodeCollection.log 中的旧助力码
Mar 14 12:30:00 京喜农场好友互助码：/scripts/logs/jd_jxnc.log 文件不存在,不清理 /scripts/logs/sharecodeCollection.log 中的旧助力码
Mar 14 12:30:00 京东赚赚好友互助码：/scripts/logs/jd_jdzz.log 文件不存在,不清理 /scripts/logs/sharecodeCollection.log 中的旧助力码
Mar 14 12:30:00 口袋书店好友互助码：/scripts/logs/jd_bookshop.log 文件不存在,不清理 /scripts/logs/sharecodeCollection.log 中的旧助力码
Mar 14 12:30:00 签到领现金好友互助码：/scripts/logs/jd_cash.log 文件不存在,不清理 /scripts/logs/sharecodeCollection.log 中的旧助力码
Mar 14 12:30:00 闪购盲盒好友互助码：/scripts/logs/jd_sgmh.log 文件不存在,不清理 /scripts/logs/sharecodeCollection.log 中的旧助力码
Mar 14 13:30:00 环球挑战赛好友互助码：/scripts/logs/jd_global.log 文件不存在,不清理 /scripts/logs/sharecodeCollection.log 中的旧助力码
Mar 14 13:30:00 东东农场好友互助码：/scripts/logs/jd_fruit.log 文件不存在,不清理 /scripts/logs/sharecodeCollection.log 中的旧助力码
Mar 14 13:30:00 东东萌宠好友互助码：/scripts/logs/jd_pet.log 文件不存在,不清理 /scripts/logs/sharecodeCollection.log 中的旧助力码
Mar 14 13:30:00 京东种豆得豆好友互助码：/scripts/logs/jd_plantBean.log 文件不存在,不清理 /scripts/logs/sharecodeCollection.log 中的旧助力码
Mar 14 13:30:00 京喜工厂好友互助码：/scripts/logs/jd_dreamFactory.log 文件不存在,不清理 /scripts/logs/sharecodeCollection.log 中的旧助力码
Mar 14 13:30:00 东东工厂好友互助码：/scripts/logs/jd_jdfactory.log 文件不存在,不清理 /scripts/logs/sharecodeCollection.log 中的旧助力码
Mar 14 13:30:00 crazyJoy任务好友互助码：/scripts/logs/jd_crazy_joy.log 文件不存在,不清理 /scripts/logs/sharecodeCollection.log 中的旧助力码
Mar 14 13:30:00 京喜财富岛好友互助码：/scripts/logs/jd_cfd.log 文件不存在,不清理 /scripts/logs/sharecodeCollection.log 中的旧助力码
Mar 14 13:30:00 京喜农场好友互助码：/scripts/logs/jd_jxnc.log 文件不存在,不清理 /scripts/logs/sharecodeCollection.log 中的旧助力码
Mar 14 13:30:00 京东赚赚好友互助码：/scripts/logs/jd_jdzz.log 文件不存在,不清理 /scripts/logs/sharecodeCollection.log 中的旧助力码
Mar 14 13:30:00 口袋书店好友互助码：/scripts/logs/jd_bookshop.log 文件不存在,不清理 /scripts/logs/sharecodeCollection.log 中的旧助力码
Mar 14 13:30:00 签到领现金好友互助码：/scripts/logs/jd_cash.log 文件不存在,不清理 /scripts/logs/sharecodeCollection.log 中的旧助力码
Mar 14 13:30:00 闪购盲盒好友互助码：/scripts/logs/jd_sgmh.log 文件不存在,不清理 /scripts/logs/sharecodeCollection.log 中的旧助力码
Mar 14 14:30:00 环球挑战赛好友互助码：/scripts/logs/jd_global.log 文件不存在,不清理 /scripts/logs/sharecodeCollection.log 中的旧助力码
Mar 14 14:30:00 东东农场好友互助码：/scripts/logs/jd_fruit.log 文件不存在,不清理 /scripts/logs/sharecodeCollection.log 中的旧助力码
Mar 14 14:30:00 东东萌宠好友互助码：/scripts/logs/jd_pet.log 文件不存在,不清理 /scripts/logs/sharecodeCollection.log 中的旧助力码
Mar 14 14:30:00 京东种豆得豆好友互助码：/scripts/logs/jd_plantBean.log 文件不存在,不清理 /scripts/logs/sharecodeCollection.log 中的旧助力码
Mar 14 14:30:00 京喜工厂好友互助码：/scripts/logs/jd_dreamFactory.log 文件不存在,不清理 /scripts/logs/sharecodeCollection.log 中的旧助力码
Mar 14 14:30:00 东东工厂好友互助码：/scripts/logs/jd_jdfactory.log 文件不存在,不清理 /scripts/logs/sharecodeCollection.log 中的旧助力码
Mar 14 14:30:00 crazyJoy任务好友互助码：/scripts/logs/jd_crazy_joy.log 文件不存在,不清理 /scripts/logs/sharecodeCollection.log 中的旧助力码
Mar 14 14:30:00 京喜财富岛好友互助码：/scripts/logs/jd_cfd.log 文件不存在,不清理 /scripts/logs/sharecodeCollection.log 中的旧助力码
Mar 14 14:30:00 京喜农场好友互助码：/scripts/logs/jd_jxnc.log 文件不存在,不清理 /scripts/logs/sharecodeCollection.log 中的旧助力码
Mar 14 14:30:00 京东赚赚好友互助码：/scripts/logs/jd_jdzz.log 文件不存在,不清理 /scripts/logs/sharecodeCollection.log 中的旧助力码
Mar 14 14:30:00 口袋书店好友互助码：/scripts/logs/jd_bookshop.log 文件不存在,不清理 /scripts/logs/sharecodeCollection.log 中的旧助力码
Mar 14 14:30:00 签到领现金好友互助码：/scripts/logs/jd_cash.log 文件不存在,不清理 /scripts/logs/sharecodeCollection.log 中的旧助力码
Mar 14 14:30:00 闪购盲盒好友互助码：/scripts/logs/jd_sgmh.log 文件不存在,不清理 /scripts/logs/sharecodeCollection.log 中的旧助力码
Mar 14 15:30:00 环球挑战赛好友互助码：/scripts/logs/jd_global.log 文件不存在,不清理 /scripts/logs/sharecodeCollection.log 中的旧助力码
Mar 14 15:30:00 东东农场好友互助码：/scripts/logs/jd_fruit.log 文件不存在,不清理 /scripts/logs/sharecodeCollection.log 中的旧助力码
Mar 14 15:30:00 东东萌宠好友互助码：/scripts/logs/jd_pet.log 文件不存在,不清理 /scripts/logs/sharecodeCollection.log 中的旧助力码
Mar 14 15:30:00 京东种豆得豆好友互助码：/scripts/logs/jd_plantBean.log 文件不存在,不清理 /scripts/logs/sharecodeCollection.log 中的旧助力码
Mar 14 15:30:00 京喜工厂好友互助码：/scripts/logs/jd_dreamFactory.log 文件不存在,不清理 /scripts/logs/sharecodeCollection.log 中的旧助力码
Mar 14 15:30:00 东东工厂好友互助码：/scripts/logs/jd_jdfactory.log 文件不存在,不清理 /scripts/logs/sharecodeCollection.log 中的旧助力码
Mar 14 15:30:00 crazyJoy任务好友互助码：/scripts/logs/jd_crazy_joy.log 文件不存在,不清理 /scripts/logs/sharecodeCollection.log 中的旧助力码
Mar 14 15:30:00 京喜财富岛好友互助码：/scripts/logs/jd_cfd.log 文件不存在,不清理 /scripts/logs/sharecodeCollection.log 中的旧助力码
Mar 14 15:30:00 京喜农场好友互助码：/scripts/logs/jd_jxnc.log 文件不存在,不清理 /scripts/logs/sharecodeCollection.log 中的旧助力码
Mar 14 15:30:00 京东赚赚好友互助码：/scripts/logs/jd_jdzz.log 文件不存在,不清理 /scripts/logs/sharecodeCollection.log 中的旧助力码
Mar 14 15:30:00 口袋书店好友互助码：/scripts/logs/jd_bookshop.log 文件不存在,不清理 /scripts/logs/sharecodeCollection.log 中的旧助力码
Mar 14 15:30:00 签到领现金好友互助码：/scripts/logs/jd_cash.log 文件不存在,不清理 /scripts/logs/sharecodeCollection.log 中的旧助力码
Mar 14 15:30:00 闪购盲盒好友互助码：/scripts/logs/jd_sgmh.log 文件不存在,不清理 /scripts/logs/sharecodeCollection.log 中的旧助力码
Mar 14 16:30:00 环球挑战赛好友互助码：/scripts/logs/jd_global.log 文件不存在,不清理 /scripts/logs/sharecodeCollection.log 中的旧助力码
Mar 14 16:30:00 东东农场好友互助码：/scripts/logs/jd_fruit.log 文件不存在,不清理 /scripts/logs/sharecodeCollection.log 中的旧助力码
Mar 14 16:30:00 东东萌宠好友互助码：/scripts/logs/jd_pet.log 文件不存在,不清理 /scripts/logs/sharecodeCollection.log 中的旧助力码
Mar 14 16:30:00 京东种豆得豆好友互助码：/scripts/logs/jd_plantBean.log 文件不存在,不清理 /scripts/logs/sharecodeCollection.log 中的旧助力码
Mar 14 16:30:00 京喜工厂好友互助码：/scripts/logs/jd_dreamFactory.log 文件不存在,不清理 /scripts/logs/sharecodeCollection.log 中的旧助力码
Mar 14 16:30:00 东东工厂好友互助码：/scripts/logs/jd_jdfactory.log 文件不存在,不清理 /scripts/logs/sharecodeCollection.log 中的旧助力码
Mar 14 16:30:00 crazyJoy任务好友互助码：/scripts/logs/jd_crazy_joy.log 文件不存在,不清理 /scripts/logs/sharecodeCollection.log 中的旧助力码
Mar 14 16:30:00 京喜财富岛好友互助码：/scripts/logs/jd_cfd.log 文件不存在,不清理 /scripts/logs/sharecodeCollection.log 中的旧助力码
Mar 14 16:30:00 京喜农场好友互助码：/scripts/logs/jd_jxnc.log 文件不存在,不清理 /scripts/logs/sharecodeCollection.log 中的旧助力码
Mar 14 16:30:00 京东赚赚好友互助码：/scripts/logs/jd_jdzz.log 文件不存在,不清理 /scripts/logs/sharecodeCollection.log 中的旧助力码
Mar 14 16:30:00 口袋书店好友互助码：/scripts/logs/jd_bookshop.log 文件不存在,不清理 /scripts/logs/sharecodeCollection.log 中的旧助力码
Mar 14 16:30:00 签到领现金好友互助码：/scripts/logs/jd_cash.log 文件不存在,不清理 /scripts/logs/sharecodeCollection.log 中的旧助力码
Mar 14 16:30:00 闪购盲盒好友互助码：/scripts/logs/jd_sgmh.log 文件不存在,不清理 /scripts/logs/sharecodeCollection.log 中的旧助力码
Mar 14 17:30:00 环球挑战赛好友互助码：/scripts/logs/jd_global.log 文件不存在,不清理 /scripts/logs/sharecodeCollection.log 中的旧助力码
Mar 14 17:30:00 东东农场好友互助码：/scripts/logs/jd_fruit.log 文件不存在,不清理 /scripts/logs/sharecodeCollection.log 中的旧助力码
Mar 14 17:30:00 东东萌宠好友互助码：/scripts/logs/jd_pet.log 文件不存在,不清理 /scripts/logs/sharecodeCollection.log 中的旧助力码
Mar 14 17:30:00 京东种豆得豆好友互助码：/scripts/logs/jd_plantBean.log 文件不存在,不清理 /scripts/logs/sharecodeCollection.log 中的旧助力码
Mar 14 17:30:00 京喜工厂好友互助码：/scripts/logs/jd_dreamFactory.log 文件不存在,不清理 /scripts/logs/sharecodeCollection.log 中的旧助力码
Mar 14 17:30:00 东东工厂好友互助码：/scripts/logs/jd_jdfactory.log 文件不存在,不清理 /scripts/logs/sharecodeCollection.log 中的旧助力码
Mar 14 17:30:00 crazyJoy任务好友互助码：/scripts/logs/jd_crazy_joy.log 文件不存在,不清理 /scripts/logs/sharecodeCollection.log 中的旧助力码
Mar 14 17:30:00 京喜财富岛好友互助码：/scripts/logs/jd_cfd.log 文件不存在,不清理 /scripts/logs/sharecodeCollection.log 中的旧助力码
Mar 14 17:30:00 京喜农场好友互助码：/scripts/logs/jd_jxnc.log 文件不存在,不清理 /scripts/logs/sharecodeCollection.log 中的旧助力码
Mar 14 17:30:00 京东赚赚好友互助码：/scripts/logs/jd_jdzz.log 文件不存在,不清理 /scripts/logs/sharecodeCollection.log 中的旧助力码
Mar 14 17:30:00 口袋书店好友互助码：/scripts/logs/jd_bookshop.log 文件不存在,不清理 /scripts/logs/sharecodeCollection.log 中的旧助力码
Mar 14 17:30:00 签到领现金好友互助码：/scripts/logs/jd_cash.log 文件不存在,不清理 /scripts/logs/sharecodeCollection.log 中的旧助力码
Mar 14 17:30:00 闪购盲盒好友互助码：/scripts/logs/jd_sgmh.log 文件不存在,不清理 /scripts/logs/sharecodeCollection.log 中的旧助力码
Mar 14 18:30:00 环球挑战赛好友互助码：/scripts/logs/jd_global.log 文件不存在,不清理 /scripts/logs/sharecodeCollection.log 中的旧助力码
Mar 14 18:30:00 东东农场好友互助码：/scripts/logs/jd_fruit.log 文件不存在,不清理 /scripts/logs/sharecodeCollection.log 中的旧助力码
Mar 14 18:30:00 东东萌宠好友互助码：/scripts/logs/jd_pet.log 文件不存在,不清理 /scripts/logs/sharecodeCollection.log 中的旧助力码
Mar 14 18:30:00 京东种豆得豆好友互助码：/scripts/logs/jd_plantBean.log 文件不存在,不清理 /scripts/logs/sharecodeCollection.log 中的旧助力码
Mar 14 18:30:00 京喜工厂好友互助码：/scripts/logs/jd_dreamFactory.log 文件不存在,不清理 /scripts/logs/sharecodeCollection.log 中的旧助力码
Mar 14 18:30:00 东东工厂好友互助码：/scripts/logs/jd_jdfactory.log 文件不存在,不清理 /scripts/logs/sharecodeCollection.log 中的旧助力码
Mar 14 18:30:00 crazyJoy任务好友互助码：/scripts/logs/jd_crazy_joy.log 文件不存在,不清理 /scripts/logs/sharecodeCollection.log 中的旧助力码
Mar 14 18:30:00 京喜财富岛好友互助码：/scripts/logs/jd_cfd.log 文件不存在,不清理 /scripts/logs/sharecodeCollection.log 中的旧助力码
Mar 14 18:30:00 京喜农场好友互助码：/scripts/logs/jd_jxnc.log 文件不存在,不清理 /scripts/logs/sharecodeCollection.log 中的旧助力码
Mar 14 18:30:00 京东赚赚好友互助码：/scripts/logs/jd_jdzz.log 文件不存在,不清理 /scripts/logs/sharecodeCollection.log 中的旧助力码
Mar 14 18:30:00 口袋书店好友互助码：/scripts/logs/jd_bookshop.log 文件不存在,不清理 /scripts/logs/sharecodeCollection.log 中的旧助力码
Mar 14 18:30:00 签到领现金好友互助码：/scripts/logs/jd_cash.log 文件不存在,不清理 /scripts/logs/sharecodeCollection.log 中的旧助力码
Mar 14 18:30:00 闪购盲盒好友互助码：/scripts/logs/jd_sgmh.log 文件不存在,不清理 /scripts/logs/sharecodeCollection.log 中的旧助力码
Mar 14 19:30:00 环球挑战赛好友互助码：/scripts/logs/jd_global.log 文件不存在,不清理 /scripts/logs/sharecodeCollection.log 中的旧助力码
Mar 14 19:30:00 东东农场好友互助码：/scripts/logs/jd_fruit.log 文件不存在,不清理 /scripts/logs/sharecodeCollection.log 中的旧助力码
Mar 14 19:30:00 东东萌宠好友互助码：/scripts/logs/jd_pet.log 文件不存在,不清理 /scripts/logs/sharecodeCollection.log 中的旧助力码
Mar 14 19:30:00 京东种豆得豆好友互助码：/scripts/logs/jd_plantBean.log 文件不存在,不清理 /scripts/logs/sharecodeCollection.log 中的旧助力码
Mar 14 19:30:00 京喜工厂好友互助码：/scripts/logs/jd_dreamFactory.log 文件不存在,不清理 /scripts/logs/sharecodeCollection.log 中的旧助力码
Mar 14 19:30:00 东东工厂好友互助码：/scripts/logs/jd_jdfactory.log 文件不存在,不清理 /scripts/logs/sharecodeCollection.log 中的旧助力码
Mar 14 19:30:00 crazyJoy任务好友互助码：/scripts/logs/jd_crazy_joy.log 文件不存在,不清理 /scripts/logs/sharecodeCollection.log 中的旧助力码
Mar 14 19:30:00 京喜财富岛好友互助码：/scripts/logs/jd_cfd.log 文件不存在,不清理 /scripts/logs/sharecodeCollection.log 中的旧助力码
Mar 14 19:30:00 京喜农场好友互助码：/scripts/logs/jd_jxnc.log 文件不存在,不清理 /scripts/logs/sharecodeCollection.log 中的旧助力码
Mar 14 19:30:00 京东赚赚好友互助码：/scripts/logs/jd_jdzz.log 文件不存在,不清理 /scripts/logs/sharecodeCollection.log 中的旧助力码
Mar 14 19:30:00 口袋书店好友互助码：/scripts/logs/jd_bookshop.log 文件不存在,不清理 /scripts/logs/sharecodeCollection.log 中的旧助力码
Mar 14 19:30:00 签到领现金好友互助码：/scripts/logs/jd_cash.log 文件不存在,不清理 /scripts/logs/sharecodeCollection.log 中的旧助力码
Mar 14 19:30:00 闪购盲盒好友互助码：/scripts/logs/jd_sgmh.log 文件不存在,不清理 /scripts/logs/sharecodeCollection.log 中的旧助力码
Mar 14 20:30:00 环球挑战赛好友互助码：/scripts/logs/jd_global.log 文件不存在,不清理 /scripts/logs/sharecodeCollection.log 中的旧助力码
Mar 14 20:30:00 东东农场好友互助码：/scripts/logs/jd_fruit.log 文件不存在,不清理 /scripts/logs/sharecodeCollection.log 中的旧助力码
Mar 14 20:30:00 东东萌宠好友互助码：/scripts/logs/jd_pet.log 文件不存在,不清理 /scripts/logs/sharecodeCollection.log 中的旧助力码
Mar 14 20:30:00 京东种豆得豆好友互助码：/scripts/logs/jd_plantBean.log 文件不存在,不清理 /scripts/logs/sharecodeCollection.log 中的旧助力码
Mar 14 20:30:00 京喜工厂好友互助码：/scripts/logs/jd_dreamFactory.log 文件不存在,不清理 /scripts/logs/sharecodeCollection.log 中的旧助力码
Mar 14 20:30:00 东东工厂好友互助码：/scripts/logs/jd_jdfactory.log 文件不存在,不清理 /scripts/logs/sharecodeCollection.log 中的旧助力码
Mar 14 20:30:00 crazyJoy任务好友互助码：/scripts/logs/jd_crazy_joy.log 文件不存在,不清理 /scripts/logs/sharecodeCollection.log 中的旧助力码
Mar 14 20:30:00 京喜财富岛好友互助码：/scripts/logs/jd_cfd.log 文件不存在,不清理 /scripts/logs/sharecodeCollection.log 中的旧助力码
Mar 14 20:30:00 京喜农场好友互助码：/scripts/logs/jd_jxnc.log 文件不存在,不清理 /scripts/logs/sharecodeCollection.log 中的旧助力码
Mar 14 20:30:00 京东赚赚好友互助码：/scripts/logs/jd_jdzz.log 文件不存在,不清理 /scripts/logs/sharecodeCollection.log 中的旧助力码
Mar 14 20:30:00 口袋书店好友互助码：/scripts/logs/jd_bookshop.log 文件不存在,不清理 /scripts/logs/sharecodeCollection.log 中的旧助力码
Mar 14 20:30:00 签到领现金好友互助码：/scripts/logs/jd_cash.log 文件不存在,不清理 /scripts/logs/sharecodeCollection.log 中的旧助力码
Mar 14 20:30:00 闪购盲盒好友互助码：/scripts/logs/jd_sgmh.log 文件不存在,不清理 /scripts/logs/sharecodeCollection.log 中的旧助力码
Mar 14 21:30:00 环球挑战赛好友互助码：/scripts/logs/jd_global.log 文件不存在,不清理 /scripts/logs/sharecodeCollection.log 中的旧助力码
Mar 14 21:30:00 东东农场好友互助码：/scripts/logs/jd_fruit.log 文件不存在,不清理 /scripts/logs/sharecodeCollection.log 中的旧助力码
Mar 14 21:30:00 东东萌宠好友互助码：/scripts/logs/jd_pet.log 文件不存在,不清理 /scripts/logs/sharecodeCollection.log 中的旧助力码
Mar 14 21:30:00 京东种豆得豆好友互助码：/scripts/logs/jd_plantBean.log 文件不存在,不清理 /scripts/logs/sharecodeCollection.log 中的旧助力码
Mar 14 21:30:00 京喜工厂好友互助码：/scripts/logs/jd_dreamFactory.log 文件不存在,不清理 /scripts/logs/sharecodeCollection.log 中的旧助力码
Mar 14 21:30:00 东东工厂好友互助码：/scripts/logs/jd_jdfactory.log 文件不存在,不清理 /scripts/logs/sharecodeCollection.log 中的旧助力码
Mar 14 21:30:00 crazyJoy任务好友互助码：/scripts/logs/jd_crazy_joy.log 文件不存在,不清理 /scripts/logs/sharecodeCollection.log 中的旧助力码
Mar 14 21:30:00 京喜财富岛好友互助码：/scripts/logs/jd_cfd.log 文件不存在,不清理 /scripts/logs/sharecodeCollection.log 中的旧助力码
Mar 14 21:30:00 京喜农场好友互助码：/scripts/logs/jd_jxnc.log 文件不存在,不清理 /scripts/logs/sharecodeCollection.log 中的旧助力码
Mar 14 21:30:00 京东赚赚好友互助码：/scripts/logs/jd_jdzz.log 文件不存在,不清理 /scripts/logs/sharecodeCollection.log 中的旧助力码
Mar 14 21:30:00 口袋书店好友互助码：/scripts/logs/jd_bookshop.log 文件不存在,不清理 /scripts/logs/sharecodeCollection.log 中的旧助力码
Mar 14 21:30:00 签到领现金好友互助码：/scripts/logs/jd_cash.log 文件不存在,不清理 /scripts/logs/sharecodeCollection.log 中的旧助力码
Mar 14 21:30:00 闪购盲盒好友互助码：/scripts/logs/jd_sgmh.log 文件不存在,不清理 /scripts/logs/sharecodeCollection.log 中的旧助力码
Mar 14 22:30:00 环球挑战赛好友互助码：/scripts/logs/jd_global.log 文件不存在,不清理 /scripts/logs/sharecodeCollection.log 中的旧助力码
Mar 14 22:30:00 东东农场好友互助码：/scripts/logs/jd_fruit.log 文件不存在,不清理 /scripts/logs/sharecodeCollection.log 中的旧助力码
Mar 14 22:30:00 东东萌宠好友互助码：/scripts/logs/jd_pet.log 文件不存在,不清理 /scripts/logs/sharecodeCollection.log 中的旧助力码
Mar 14 22:30:00 京东种豆得豆好友互助码：/scripts/logs/jd_plantBean.log 文件不存在,不清理 /scripts/logs/sharecodeCollection.log 中的旧助力码
Mar 14 22:30:00 京喜工厂好友互助码：/scripts/logs/jd_dreamFactory.log 文件不存在,不清理 /scripts/logs/sharecodeCollection.log 中的旧助力码
Mar 14 22:30:00 东东工厂好友互助码：/scripts/logs/jd_jdfactory.log 文件不存在,不清理 /scripts/logs/sharecodeCollection.log 中的旧助力码
Mar 14 22:30:00 crazyJoy任务好友互助码：/scripts/logs/jd_crazy_joy.log 文件不存在,不清理 /scripts/logs/sharecodeCollection.log 中的旧助力码
Mar 14 22:30:00 京喜财富岛好友互助码：/scripts/logs/jd_cfd.log 文件不存在,不清理 /scripts/logs/sharecodeCollection.log 中的旧助力码
Mar 14 22:30:00 京喜农场好友互助码：/scripts/logs/jd_jxnc.log 文件不存在,不清理 /scripts/logs/sharecodeCollection.log 中的旧助力码
Mar 14 22:30:00 京东赚赚好友互助码：/scripts/logs/jd_jdzz.log 文件不存在,不清理 /scripts/logs/sharecodeCollection.log 中的旧助力码
Mar 14 22:30:00 口袋书店好友互助码：/scripts/logs/jd_bookshop.log 文件不存在,不清理 /scripts/logs/sharecodeCollection.log 中的旧助力码
Mar 14 22:30:00 签到领现金好友互助码：/scripts/logs/jd_cash.log 文件不存在,不清理 /scripts/logs/sharecodeCollection.log 中的旧助力码
Mar 14 22:30:00 闪购盲盒好友互助码：/scripts/logs/jd_sgmh.log 文件不存在,不清理 /scripts/logs/sharecodeCollection.log 中的旧助力码
Mar 14 23:30:00 环球挑战赛好友互助码：/scripts/logs/jd_global.log 文件不存在,不清理 /scripts/logs/sharecodeCollection.log 中的旧助力码
Mar 14 23:30:00 东东农场好友互助码：/scripts/logs/jd_fruit.log 文件不存在,不清理 /scripts/logs/sharecodeCollection.log 中的旧助力码
Mar 14 23:30:00 东东萌宠好友互助码：/scripts/logs/jd_pet.log 文件不存在,不清理 /scripts/logs/sharecodeCollection.log 中的旧助力码
Mar 14 23:30:00 京东种豆得豆好友互助码：/scripts/logs/jd_plantBean.log 文件不存在,不清理 /scripts/logs/sharecodeCollection.log 中的旧助力码
Mar 14 23:30:00 京喜工厂好友互助码：/scripts/logs/jd_dreamFactory.log 文件不存在,不清理 /scripts/logs/sharecodeCollection.log 中的旧助力码
Mar 14 23:30:00 东东工厂好友互助码：/scripts/logs/jd_jdfactory.log 文件不存在,不清理 /scripts/logs/sharecodeCollection.log 中的旧助力码
Mar 14 23:30:00 crazyJoy任务好友互助码：/scripts/logs/jd_crazy_joy.log 文件不存在,不清理 /scripts/logs/sharecodeCollection.log 中的旧助力码
Mar 14 23:30:00 京喜财富岛好友互助码：/scripts/logs/jd_cfd.log 文件不存在,不清理 /scripts/logs/sharecodeCollection.log 中的旧助力码
Mar 14 23:30:00 京喜农场好友互助码：/scripts/logs/jd_jxnc.log 文件不存在,不清理 /scripts/logs/sharecodeCollection.log 中的旧助力码
Mar 14 23:30:00 京东赚赚好友互助码：/scripts/logs/jd_jdzz.log 文件不存在,不清理 /scripts/logs/sharecodeCollection.log 中的旧助力码
Mar 14 23:30:00 口袋书店好友互助码：/scripts/logs/jd_bookshop.log 文件不存在,不清理 /scripts/logs/sharecodeCollection.log 中的旧助力码
Mar 14 23:30:00 签到领现金好友互助码：/scripts/logs/jd_cash.log 文件不存在,不清理 /scripts/logs/sharecodeCollection.log 中的旧助力码
Mar 14 23:30:00 闪购盲盒好友互助码：/scripts/logs/jd_sgmh.log 文件不存在,不清理 /scripts/logs/sharecodeCollection.log 中的旧助力码
Mar 15 00:30:00 环球挑战赛好友互助码：/scripts/logs/jd_global.log 文件不存在,不清理 /scripts/logs/sharecodeCollection.log 中的旧助力码
Mar 15 00:30:00 东东农场好友互助码：/scripts/logs/jd_fruit.log 文件不存在,不清理 /scripts/logs/sharecodeCollection.log 中的旧助力码
Mar 15 00:30:00 东东萌宠好友互助码：/scripts/logs/jd_pet.log 文件不存在,不清理 /scripts/logs/sharecodeCollection.log 中的旧助力码
Mar 15 00:30:00 京东种豆得豆好友互助码：/scripts/logs/jd_plantBean.log 文件不存在,不清理 /scripts/logs/sharecodeCollection.log 中的旧助力码
Mar 15 00:30:00 京喜工厂好友互助码：/scripts/logs/jd_dreamFactory.log 文件不存在,不清理 /scripts/logs/sharecodeCollection.log 中的旧助力码
Mar 15 00:30:00 东东工厂好友互助码：/scripts/logs/jd_jdfactory.log 文件不存在,不清理 /scripts/logs/sharecodeCollection.log 中的旧助力码
Mar 15 00:30:00 crazyJoy任务好友互助码：/scripts/logs/jd_crazy_joy.log 文件不存在,不清理 /scripts/logs/sharecodeCollection.log 中的旧助力码
Mar 15 00:30:00 京喜财富岛好友互助码：/scripts/logs/jd_cfd.log 文件不存在,不清理 /scripts/logs/sharecodeCollection.log 中的旧助力码
Mar 15 00:30:00 京喜农场好友互助码：/scripts/logs/jd_jxnc.log 文件不存在,不清理 /scripts/logs/sharecodeCollection.log 中的旧助力码
Mar 15 00:30:00 京东赚赚好友互助码：/scripts/logs/jd_jdzz.log 文件不存在,不清理 /scripts/logs/sharecodeCollection.log 中的旧助力码
Mar 15 00:30:00 口袋书店好友互助码：/scripts/logs/jd_bookshop.log 文件不存在,不清理 /scripts/logs/sharecodeCollection.log 中的旧助力码
Mar 15 00:30:00 签到领现金好友互助码：/scripts/logs/jd_cash.log 文件不存在,不清理 /scripts/logs/sharecodeCollection.log 中的旧助力码
Mar 15 00:30:00 闪购盲盒好友互助码：/scripts/logs/jd_sgmh.log 文件不存在,不清理 /scripts/logs/sharecodeCollection.log 中的旧助力码
Mar 15 01:30:00 环球挑战赛好友互助码：/scripts/logs/jd_global.log 文件不存在,不清理 /scripts/logs/sharecodeCollection.log 中的旧助力码
Mar 15 01:30:00 东东农场好友互助码：/scripts/logs/jd_fruit.log 文件不存在,不清理 /scripts/logs/sharecodeCollection.log 中的旧助力码
Mar 15 01:30:00 东东萌宠好友互助码：/scripts/logs/jd_pet.log 文件不存在,不清理 /scripts/logs/sharecodeCollection.log 中的旧助力码
Mar 15 01:30:00 京东种豆得豆好友互助码：/scripts/logs/jd_plantBean.log 文件不存在,不清理 /scripts/logs/sharecodeCollection.log 中的旧助力码
Mar 15 01:30:00 京喜工厂好友互助码：/scripts/logs/jd_dreamFactory.log 文件不存在,不清理 /scripts/logs/sharecodeCollection.log 中的旧助力码
Mar 15 01:30:00 东东工厂好友互助码：/scripts/logs/jd_jdfactory.log 文件不存在,不清理 /scripts/logs/sharecodeCollection.log 中的旧助力码
Mar 15 01:30:00 crazyJoy任务好友互助码：/scripts/logs/jd_crazy_joy.log 文件不存在,不清理 /scripts/logs/sharecodeCollection.log 中的旧助力码
Mar 15 01:30:00 京喜财富岛好友互助码：/scripts/logs/jd_cfd.log 文件不存在,不清理 /scripts/logs/sharecodeCollection.log 中的旧助力码
Mar 15 01:30:00 京喜农场好友互助码：/scripts/logs/jd_jxnc.log 文件不存在,不清理 /scripts/logs/sharecodeCollection.log 中的旧助力码
Mar 15 01:30:00 京东赚赚好友互助码：/scripts/logs/jd_jdzz.log 文件不存在,不清理 /scripts/logs/sharecodeCollection.log 中的旧助力码
Mar 15 01:30:00 口袋书店好友互助码：/scripts/logs/jd_bookshop.log 文件不存在,不清理 /scripts/logs/sharecodeCollection.log 中的旧助力码
Mar 15 01:30:00 签到领现金好友互助码：/scripts/logs/jd_cash.log 文件不存在,不清理 /scripts/logs/sharecodeCollection.log 中的旧助力码
Mar 15 01:30:00 闪购盲盒好友互助码：/scripts/logs/jd_sgmh.log 文件不存在,不清理 /scripts/logs/sharecodeCollection.log 中的旧助力码
Mar 15 02:30:00 环球挑战赛好友互助码：/scripts/logs/jd_global.log 文件不存在,不清理 /scripts/logs/sharecodeCollection.log 中的旧助力码
Mar 15 02:30:00 东东农场好友互助码：/scripts/logs/jd_fruit.log 文件不存在,不清理 /scripts/logs/sharecodeCollection.log 中的旧助力码
Mar 15 02:30:00 东东萌宠好友互助码：/scripts/logs/jd_pet.log 文件不存在,不清理 /scripts/logs/sharecodeCollection.log 中的旧助力码
Mar 15 02:30:00 京东种豆得豆好友互助码：/scripts/logs/jd_plantBean.log 文件不存在,不清理 /scripts/logs/sharecodeCollection.log 中的旧助力码
Mar 15 02:30:00 京喜工厂好友互助码：/scripts/logs/jd_dreamFactory.log 文件不存在,不清理 /scripts/logs/sharecodeCollection.log 中的旧助力码
Mar 15 02:30:00 东东工厂好友互助码：/scripts/logs/jd_jdfactory.log 文件不存在,不清理 /scripts/logs/sharecodeCollection.log 中的旧助力码
Mar 15 02:30:00 crazyJoy任务好友互助码：/scripts/logs/jd_crazy_joy.log 文件不存在,不清理 /scripts/logs/sharecodeCollection.log 中的旧助力码
Mar 15 02:30:00 京喜财富岛好友互助码：/scripts/logs/jd_cfd.log 文件不存在,不清理 /scripts/logs/sharecodeCollection.log 中的旧助力码
Mar 15 02:30:00 京喜农场好友互助码：/scripts/logs/jd_jxnc.log 文件不存在,不清理 /scripts/logs/sharecodeCollection.log 中的旧助力码
Mar 15 02:30:00 京东赚赚好友互助码：/scripts/logs/jd_jdzz.log 文件不存在,不清理 /scripts/logs/sharecodeCollection.log 中的旧助力码
Mar 15 02:30:00 口袋书店好友互助码：/scripts/logs/jd_bookshop.log 文件不存在,不清理 /scripts/logs/sharecodeCollection.log 中的旧助力码
Mar 15 02:30:00 签到领现金好友互助码：/scripts/logs/jd_cash.log 文件不存在,不清理 /scripts/logs/sharecodeCollection.log 中的旧助力码
Mar 15 02:30:00 闪购盲盒好友互助码：/scripts/logs/jd_sgmh.log 文件不存在,不清理 /scripts/logs/sharecodeCollection.log 中的旧助力码
Mar 15 03:30:00 环球挑战赛好友互助码：/scripts/logs/jd_global.log 文件不存在,不清理 /scripts/logs/sharecodeCollection.log 中的旧助力码
Mar 15 03:30:00 东东农场好友互助码：/scripts/logs/jd_fruit.log 文件不存在,不清理 /scripts/logs/sharecodeCollection.log 中的旧助力码
Mar 15 03:30:00 东东萌宠好友互助码：/scripts/logs/jd_pet.log 文件不存在,不清理 /scripts/logs/sharecodeCollection.log 中的旧助力码
Mar 15 03:30:00 京东种豆得豆好友互助码：/scripts/logs/jd_plantBean.log 文件不存在,不清理 /scripts/logs/sharecodeCollection.log 中的旧助力码
Mar 15 03:30:00 京喜工厂好友互助码：/scripts/logs/jd_dreamFactory.log 文件不存在,不清理 /scripts/logs/sharecodeCollection.log 中的旧助力码
Mar 15 03:30:00 东东工厂好友互助码：/scripts/logs/jd_jdfactory.log 文件不存在,不清理 /scripts/logs/sharecodeCollection.log 中的旧助力码
Mar 15 03:30:00 crazyJoy任务好友互助码：/scripts/logs/jd_crazy_joy.log 文件不存在,不清理 /scripts/logs/sharecodeCollection.log 中的旧助力码
Mar 15 03:30:00 京喜财富岛好友互助码：/scripts/logs/jd_cfd.log 文件不存在,不清理 /scripts/logs/sharecodeCollection.log 中的旧助力码
Mar 15 03:30:00 京喜农场好友互助码：/scripts/logs/jd_jxnc.log 文件不存在,不清理 /scripts/logs/sharecodeCollection.log 中的旧助力码
Mar 15 03:30:00 京东赚赚好友互助码：/scripts/logs/jd_jdzz.log 文件不存在,不清理 /scripts/logs/sharecodeCollection.log 中的旧助力码
Mar 15 03:30:00 口袋书店好友互助码：/scripts/logs/jd_bookshop.log 文件不存在,不清理 /scripts/logs/sharecodeCollection.log 中的旧助力码
Mar 15 03:30:00 签到领现金好友互助码：/scripts/logs/jd_cash.log 文件不存在,不清理 /scripts/logs/sharecodeCollection.log 中的旧助力码
Mar 15 03:30:00 闪购盲盒好友互助码：/scripts/logs/jd_sgmh.log 文件不存在,不清理 /scripts/logs/sharecodeCollection.log 中的旧助力码
Mar 15 04:30:00 环球挑战赛好友互助码：/scripts/logs/jd_global.log 文件不存在,不清理 /scripts/logs/sharecodeCollection.log 中的旧助力码
Mar 15 04:30:00 东东农场好友互助码：/scripts/logs/jd_fruit.log 文件不存在,不清理 /scripts/logs/sharecodeCollection.log 中的旧助力码
Mar 15 04:30:00 东东萌宠好友互助码：/scripts/logs/jd_pet.log 文件不存在,不清理 /scripts/logs/sharecodeCollection.log 中的旧助力码
Mar 15 04:30:00 京东种豆得豆好友互助码：/scripts/logs/jd_plantBean.log 文件不存在,不清理 /scripts/logs/sharecodeCollection.log 中的旧助力码
Mar 15 04:30:00 京喜工厂好友互助码：/scripts/logs/jd_dreamFactory.log 文件不存在,不清理 /scripts/logs/sharecodeCollection.log 中的旧助力码
Mar 15 04:30:00 东东工厂好友互助码：/scripts/logs/jd_jdfactory.log 文件不存在,不清理 /scripts/logs/sharecodeCollection.log 中的旧助力码
Mar 15 04:30:00 crazyJoy任务好友互助码：/scripts/logs/jd_crazy_joy.log 文件不存在,不清理 /scripts/logs/sharecodeCollection.log 中的旧助力码
Mar 15 04:30:00 京喜财富岛好友互助码：/scripts/logs/jd_cfd.log 文件不存在,不清理 /scripts/logs/sharecodeCollection.log 中的旧助力码
Mar 15 04:30:00 京喜农场好友互助码：/scripts/logs/jd_jxnc.log 文件不存在,不清理 /scripts/logs/sharecodeCollection.log 中的旧助力码
Mar 15 04:30:00 京东赚赚好友互助码：/scripts/logs/jd_jdzz.log 文件不存在,不清理 /scripts/logs/sharecodeCollection.log 中的旧助力码
Mar 15 04:30:00 口袋书店好友互助码：/scripts/logs/jd_bookshop.log 文件不存在,不清理 /scripts/logs/sharecodeCollection.log 中的旧助力码
Mar 15 04:30:00 签到领现金好友互助码：/scripts/logs/jd_cash.log 文件不存在,不清理 /scripts/logs/sharecodeCollection.log 中的旧助力码
Mar 15 04:30:00 闪购盲盒好友互助码：/scripts/logs/jd_sgmh.log 文件不存在,不清理 /scripts/logs/sharecodeCollection.log 中的旧助力码
Mar 15 05:30:00 环球挑战赛好友互助码：/scripts/logs/jd_global.log 文件不存在,不清理 /scripts/logs/sharecodeCollection.log 中的旧助力码
Mar 15 05:30:00 东东农场好友互助码：/scripts/logs/jd_fruit.log 文件不存在,不清理 /scripts/logs/sharecodeCollection.log 中的旧助力码
Mar 15 05:30:00 东东萌宠好友互助码：/scripts/logs/jd_pet.log 文件不存在,不清理 /scripts/logs/sharecodeCollection.log 中的旧助力码
Mar 15 05:30:00 京东种豆得豆好友互助码：/scripts/logs/jd_plantBean.log 文件不存在,不清理 /scripts/logs/sharecodeCollection.log 中的旧助力码
Mar 15 05:30:00 京喜工厂好友互助码：/scripts/logs/jd_dreamFactory.log 文件不存在,不清理 /scripts/logs/sharecodeCollection.log 中的旧助力码
Mar 15 05:30:00 东东工厂好友互助码：/scripts/logs/jd_jdfactory.log 文件不存在,不清理 /scripts/logs/sharecodeCollection.log 中的旧助力码
Mar 15 05:30:00 crazyJoy任务好友互助码：/scripts/logs/jd_crazy_joy.log 文件不存在,不清理 /scripts/logs/sharecodeCollection.log 中的旧助力码
Mar 15 05:30:00 京喜财富岛好友互助码：/scripts/logs/jd_cfd.log 文件不存在,不清理 /scripts/logs/sharecodeCollection.log 中的旧助力码
Mar 15 05:30:00 京喜农场好友互助码：/scripts/logs/jd_jxnc.log 文件不存在,不清理 /scripts/logs/sharecodeCollection.log 中的旧助力码
Mar 15 05:30:00 京东赚赚好友互助码：/scripts/logs/jd_jdzz.log 文件不存在,不清理 /scripts/logs/sharecodeCollection.log 中的旧助力码
Mar 15 05:30:00 口袋书店好友互助码：/scripts/logs/jd_bookshop.log 文件不存在,不清理 /scripts/logs/sharecodeCollection.log 中的旧助力码
Mar 15 05:30:00 签到领现金好友互助码：/scripts/logs/jd_cash.log 文件不存在,不清理 /scripts/logs/sharecodeCollection.log 中的旧助力码
Mar 15 05:30:00 闪购盲盒好友互助码：/scripts/logs/jd_sgmh.log 文件不存在,不清理 /scripts/logs/sharecodeCollection.log 中的旧助力码
Mar 15 06:30:00 环球挑战赛好友互助码：/scripts/logs/jd_global.log 文件不存在,不清理 /scripts/logs/sharecodeCollection.log 中的旧助力码
Mar 15 06:30:00 东东农场好友互助码：/scripts/logs/jd_fruit.log 文件不存在,不清理 /scripts/logs/sharecodeCollection.log 中的旧助力码
Mar 15 06:30:00 东东萌宠好友互助码：/scripts/logs/jd_pet.log 文件不存在,不清理 /scripts/logs/sharecodeCollection.log 中的旧助力码
Mar 15 06:30:00 京东种豆得豆好友互助码：/scripts/logs/jd_plantBean.log 文件不存在,不清理 /scripts/logs/sharecodeCollection.log 中的旧助力码
Mar 15 06:30:00 京喜工厂好友互助码：/scripts/logs/jd_dreamFactory.log 文件不存在,不清理 /scripts/logs/sharecodeCollection.log 中的旧助力码
Mar 15 06:30:00 东东工厂好友互助码：/scripts/logs/jd_jdfactory.log 文件不存在,不清理 /scripts/logs/sharecodeCollection.log 中的旧助力码
Mar 15 06:30:00 crazyJoy任务好友互助码：/scripts/logs/jd_crazy_joy.log 文件不存在,不清理 /scripts/logs/sharecodeCollection.log 中的旧助力码
Mar 15 06:30:00 京喜财富岛好友互助码：/scripts/logs/jd_cfd.log 文件不存在,不清理 /scripts/logs/sharecodeCollection.log 中的旧助力码
Mar 15 06:30:00 京喜农场好友互助码：/scripts/logs/jd_jxnc.log 文件不存在,不清理 /scripts/logs/sharecodeCollection.log 中的旧助力码
Mar 15 06:30:00 京东赚赚好友互助码：/scripts/logs/jd_jdzz.log 文件不存在,不清理 /scripts/logs/sharecodeCollection.log 中的旧助力码
Mar 15 06:30:00 口袋书店好友互助码：/scripts/logs/jd_bookshop.log 文件不存在,不清理 /scripts/logs/sharecodeCollection.log 中的旧助力码
Mar 15 06:30:00 签到领现金好友互助码：/scripts/logs/jd_cash.log 文件不存在,不清理 /scripts/logs/sharecodeCollection.log 中的旧助力码
Mar 15 06:30:00 闪购盲盒好友互助码：/scripts/logs/jd_sgmh.log 文件不存在,不清理 /scripts/logs/sharecodeCollection.log 中的旧助力码
Mar 15 07:30:00 环球挑战赛好友互助码：/scripts/logs/jd_global.log 文件不存在,不清理 /scripts/logs/sharecodeCollection.log 中的旧助力码
Mar 15 07:30:00 东东农场好友互助码：/scripts/logs/jd_fruit.log 文件不存在,不清理 /scripts/logs/sharecodeCollection.log 中的旧助力码
Mar 15 07:30:00 东东萌宠好友互助码：/scripts/logs/jd_pet.log 文件不存在,不清理 /scripts/logs/sharecodeCollection.log 中的旧助力码
Mar 15 07:30:00 京东种豆得豆好友互助码：/scripts/logs/jd_plantBean.log 文件不存在,不清理 /scripts/logs/sharecodeCollection.log 中的旧助力码
Mar 15 07:30:00 京喜工厂好友互助码：/scripts/logs/jd_dreamFactory.log 文件不存在,不清理 /scripts/logs/sharecodeCollection.log 中的旧助力码
Mar 15 07:30:00 东东工厂好友互助码：/scripts/logs/jd_jdfactory.log 文件不存在,不清理 /scripts/logs/sharecodeCollection.log 中的旧助力码
Mar 15 07:30:00 crazyJoy任务好友互助码：/scripts/logs/jd_crazy_joy.log 文件不存在,不清理 /scripts/logs/sharecodeCollection.log 中的旧助力码
Mar 15 07:30:00 京喜财富岛好友互助码：/scripts/logs/jd_cfd.log 文件不存在,不清理 /scripts/logs/sharecodeCollection.log 中的旧助力码
Mar 15 07:30:00 京喜农场好友互助码：/scripts/logs/jd_jxnc.log 文件不存在,不清理 /scripts/logs/sharecodeCollection.log 中的旧助力码
Mar 15 07:30:00 京东赚赚好友互助码：/scripts/logs/jd_jdzz.log 文件不存在,不清理 /scripts/logs/sharecodeCollection.log 中的旧助力码
Mar 15 07:30:00 口袋书店好友互助码：/scripts/logs/jd_bookshop.log 文件不存在,不清理 /scripts/logs/sharecodeCollection.log 中的旧助力码
Mar 15 07:30:00 签到领现金好友互助码：/scripts/logs/jd_cash.log 文件不存在,不清理 /scripts/logs/sharecodeCollection.log 中的旧助力码
Mar 15 07:30:00 闪购盲盒好友互助码：/scripts/logs/jd_sgmh.log 文件不存在,不清理 /scripts/logs/sharecodeCollection.log 中的旧助力码
Mar 15 08:30:00 环球挑战赛好友互助码：/scripts/logs/jd_global.log 文件不存在,不清理 /scripts/logs/sharecodeCollection.log 中的旧助力码
Mar 15 08:30:00 东东农场好友互助码：/scripts/logs/jd_fruit.log 文件不存在,不清理 /scripts/logs/sharecodeCollection.log 中的旧助力码
Mar 15 08:30:00 东东萌宠好友互助码：/scripts/logs/jd_pet.log 文件不存在,不清理 /scripts/logs/sharecodeCollection.log 中的旧助力码
Mar 15 08:30:00 京东种豆得豆好友互助码：/scripts/logs/jd_plantBean.log 文件不存在,不清理 /scripts/logs/sharecodeCollection.log 中的旧助力码
Mar 15 08:30:00 京喜工厂好友互助码：/scripts/logs/jd_dreamFactory.log 文件不存在,不清理 /scripts/logs/sharecodeCollection.log 中的旧助力码
Mar 15 08:30:00 东东工厂好友互助码：/scripts/logs/jd_jdfactory.log 文件不存在,不清理 /scripts/logs/sharecodeCollection.log 中的旧助力码
Mar 15 08:30:00 crazyJoy任务好友互助码：/scripts/logs/jd_crazy_joy.log 文件不存在,不清理 /scripts/logs/sharecodeCollection.log 中的旧助力码
Mar 15 08:30:00 京喜财富岛好友互助码：/scripts/logs/jd_cfd.log 文件不存在,不清理 /scripts/logs/sharecodeCollection.log 中的旧助力码
Mar 15 08:30:00 京喜农场好友互助码：/scripts/logs/jd_jxnc.log 文件不存在,不清理 /scripts/logs/sharecodeCollection.log 中的旧助力码
Mar 15 08:30:00 京东赚赚好友互助码：/scripts/logs/jd_jdzz.log 文件不存在,不清理 /scripts/logs/sharecodeCollection.log 中的旧助力码
Mar 15 08:30:00 口袋书店好友互助码：/scripts/logs/jd_bookshop.log 文件不存在,不清理 /scripts/logs/sharecodeCollection.log 中的旧助力码
Mar 15 08:30:00 签到领现金好友互助码：/scripts/logs/jd_cash.log 文件不存在,不清理 /scripts/logs/sharecodeCollection.log 中的旧助力码
Mar 15 08:30:00 闪购盲盒好友互助码：/scripts/logs/jd_sgmh.log 文件不存在,不清理 /scripts/logs/sharecodeCollection.log 中的旧助力码
