Mar 13 00:37:00 设定远程仓库地址...
Mar 13 00:37:00 HEAD is now at ef2ab26 crontab_list.sh update
Mar 13 00:37:00 git pull拉取最新代码...
Mar 13 00:37:00 Updating ef2ab26..825ff91
Mar 13 00:37:00 Fast-forward
Mar 13 00:37:00  docker/crontab_list.sh | 2 +-
Mar 13 00:37:00  githubAction.md        | 2 +-
Mar 13 00:37:00  jd_joy_run.js          | 2 +-
Mar 13 00:37:00  jd_joy_steal.js        | 2 +-
Mar 13 00:37:00  jd_speed_sign.js       | 2 +-
Mar 13 00:37:00  lxk0301.boxjs.json     | 2 +-
Mar 13 00:37:00  sendNotify.js          | 6 +++---
Mar 13 00:37:00  7 files changed, 9 insertions(+), 9 deletions(-)
Mar 13 00:37:00 Current branch master is up to date.
Mar 13 00:37:00 npm install 安装最新依赖
Mar 13 00:37:02 up to date in 1.621s
Mar 13 00:37:02 
Mar 13 00:37:02 11 packages are looking for funding
Mar 13 00:37:02   run `npm fund` for details
Mar 13 00:37:02 
Mar 13 00:37:02 ------------------------------------------------执行定时任务任务shell脚本------------------------------------------------
Mar 13 00:37:02 定义定时任务合并处理用到的文件路径...
Mar 13 00:37:02 默认文件定时任务文件路径为 /scripts/docker/crontab_list.sh
Mar 13 00:37:02 合并后定时任务文件路径为 /scripts/docker/merged_list_file.sh
Mar 13 00:37:02 第1步将默认定时任务列表添加到并后定时任务文件...
Mar 13 00:37:02 第2步判断是否存在自定义任务任务列表并追加...
Mar 13 00:37:02 当前只使用了默认定时任务文件 crontab_list.sh ...
Mar 13 00:37:02 第3步判断是否配置了随机延迟参数...
Mar 13 00:37:02 未配置随机延迟对应的环境变量，故不设置延迟任务...
Mar 13 00:37:02 第4步判断是否配置自定义shell执行脚本...
Mar 13 00:37:02 未配置自定shell脚本文件，跳过执行。
Mar 13 00:37:02 第5步删除不运行的脚本任务...
Mar 13 00:37:02 您配置了不运行的脚本：jd_global_mh.js&jd_global.js&jd_speed_redpocke.js&jd_bean_sign.js&jd_blueCoin.js&jd_club_lottery.js&jd_fruit.js&jd_joy.js&jd_joy_reward.js&jd_joy_feedPets.js&jd_joy_steal.js&jd_moneyTree.js&jd_pet.js&jd_plantBean.js&jd_redPacket.js&jd_shop.js&jd_speed.js&jd_superMarket.js&jd_unsubscribe.js&jd_bean_change.js&jd_lotteryMachine.js&jd_rankingList.js&jd_daily_egg.js&jd_pigPet.js&jd_necklace.js&jd_dreamFactory.js&jd_small_home.js&jd_jdfactory.js&jd_syj.js&jd_kd.js&jd_car.js&jd_bean_home.js&jd_jdzz.js&jd_joy_run.js&jd_crazy_joy.js&jd_car_exchange.js&jd_get_share_code.js&jd_bookshop.js&jd_jxnc.js&jd_cash.js&jx_sign.js&jd_sgmh.js&jd_ms.js&jd_price.js&jd_speed_sign.js&jd_crazy_joy_bonus.js&jd_cfd.js&jd_family.js&jd_live.js&jd_jxd.js&jd_nzmh.js
Mar 13 00:37:02 第6步设定下次运行docker_entrypoint.sh时间...
Mar 13 00:37:02 删除原有docker_entrypoint.sh任务
Mar 13 00:37:02 设定 docker_entrypoint.sh cron为：
Mar 13 00:37:02 46 16 * * * docker_entrypoint.sh >> /scripts/logs/default_task.log 2>&1
Mar 13 00:37:02 第7步 自动助力
Mar 13 00:37:02 未开启自动助力
Mar 13 00:37:02 第8步增加 |ts 任务日志输出时间戳...
Mar 13 00:37:02 第9步执行proc_file.sh脚本任务...
Mar 13 00:37:02 处理jd_crazy_joy_coin任务。。。
Mar 13 00:37:02 默认启用jd_crazy_joy_coin杀掉jd_crazy_joy_coin任务，并重启
Mar 13 00:37:02 默认jd_crazy_joy_coin重启完成
Mar 13 00:37:02 第10步加载最新的定时任务文件...
Mar 13 00:37:02 第11步将仓库的docker_entrypoint.sh脚本更新至系统/usr/local/bin/docker_entrypoint.sh内...
Mar 13 00:37:02 发送通知
Mar 13 00:37:02 --------------------------------------------------默认定时任务执行完成---------------------------------------------------
Mar 13 00:37:02 默认定时任务执行结束。
Mar 13 16:46:00 设定远程仓库地址...
Mar 13 16:46:00 HEAD is now at 825ff91 update
Mar 13 16:46:00 git pull拉取最新代码...
Mar 13 16:46:00 Updating 825ff91..a9b6394
Mar 13 16:46:00 Fast-forward
Mar 13 16:46:00  docker/crontab_list.sh |  7 ++++++-
Mar 13 16:46:00  jd_beauty.js           | 19 ++++++++++++++-----
Mar 13 16:46:00  jd_cash.js             |  6 +++---
Mar 13 16:46:00  jd_global.js           | 27 +++++++++++++--------------
Mar 13 16:46:00  jd_global_mh.js        | 10 ++++++++++
Mar 13 16:46:00  5 files changed, 46 insertions(+), 23 deletions(-)
Mar 13 16:46:00 Current branch master is up to date.
Mar 13 16:46:00 npm install 安装最新依赖
Mar 13 16:46:02 up to date in 1.403s
Mar 13 16:46:02 
Mar 13 16:46:02 11 packages are looking for funding
Mar 13 16:46:02   run `npm fund` for details
Mar 13 16:46:02 
Mar 13 16:46:02 ------------------------------------------------执行定时任务任务shell脚本------------------------------------------------
Mar 13 16:46:02 定义定时任务合并处理用到的文件路径...
Mar 13 16:46:02 默认文件定时任务文件路径为 /scripts/docker/crontab_list.sh
Mar 13 16:46:02 合并后定时任务文件路径为 /scripts/docker/merged_list_file.sh
Mar 13 16:46:02 第1步将默认定时任务列表添加到并后定时任务文件...
Mar 13 16:46:02 第2步判断是否存在自定义任务任务列表并追加...
Mar 13 16:46:02 当前只使用了默认定时任务文件 crontab_list.sh ...
Mar 13 16:46:02 第3步判断是否配置了随机延迟参数...
Mar 13 16:46:02 未配置随机延迟对应的环境变量，故不设置延迟任务...
Mar 13 16:46:02 第4步判断是否配置自定义shell执行脚本...
Mar 13 16:46:02 未配置自定shell脚本文件，跳过执行。
Mar 13 16:46:02 第5步删除不运行的脚本任务...
Mar 13 16:46:02 您配置了不运行的脚本：jd_global_mh.js&jd_global.js&jd_speed_redpocke.js&jd_bean_sign.js&jd_blueCoin.js&jd_club_lottery.js&jd_fruit.js&jd_joy.js&jd_joy_reward.js&jd_joy_feedPets.js&jd_joy_steal.js&jd_moneyTree.js&jd_pet.js&jd_plantBean.js&jd_redPacket.js&jd_shop.js&jd_speed.js&jd_superMarket.js&jd_unsubscribe.js&jd_bean_change.js&jd_lotteryMachine.js&jd_rankingList.js&jd_daily_egg.js&jd_pigPet.js&jd_necklace.js&jd_dreamFactory.js&jd_small_home.js&jd_jdfactory.js&jd_syj.js&jd_kd.js&jd_car.js&jd_bean_home.js&jd_jdzz.js&jd_joy_run.js&jd_crazy_joy.js&jd_car_exchange.js&jd_get_share_code.js&jd_bookshop.js&jd_jxnc.js&jd_cash.js&jx_sign.js&jd_sgmh.js&jd_ms.js&jd_price.js&jd_speed_sign.js&jd_crazy_joy_bonus.js&jd_cfd.js&jd_family.js&jd_live.js&jd_jxd.js&jd_nzmh.js
Mar 13 16:46:02 第6步设定下次运行docker_entrypoint.sh时间...
Mar 13 16:46:02 删除原有docker_entrypoint.sh任务
Mar 13 16:46:02 设定 docker_entrypoint.sh cron为：
Mar 13 16:46:02 53 9 * * * docker_entrypoint.sh >> /scripts/logs/default_task.log 2>&1
Mar 13 16:46:02 第7步 自动助力
Mar 13 16:46:02 未开启自动助力
Mar 13 16:46:02 第8步增加 |ts 任务日志输出时间戳...
Mar 13 16:46:02 第9步执行proc_file.sh脚本任务...
Mar 13 16:46:02 处理jd_crazy_joy_coin任务。。。
Mar 13 16:46:02 默认启用jd_crazy_joy_coin杀掉jd_crazy_joy_coin任务，并重启
Mar 13 16:46:02 默认jd_crazy_joy_coin重启完成
Mar 13 16:46:02 第10步加载最新的定时任务文件...
Mar 13 16:46:02 第11步将仓库的docker_entrypoint.sh脚本更新至系统/usr/local/bin/docker_entrypoint.sh内...
Mar 13 16:46:02 发送通知
Mar 13 16:46:02 --------------------------------------------------默认定时任务执行完成---------------------------------------------------
Mar 13 16:46:02 默认定时任务执行结束。
Mar 14 15:20:00 设定远程仓库地址...
Mar 14 15:20:00 HEAD is now at 026369c jd_bean_sign.js update
Mar 14 15:20:00 git pull拉取最新代码...
Mar 14 15:20:01 Updating 026369c..f65beaf
Mar 14 15:20:01 Fast-forward
Mar 14 15:20:01  USER_AGENTS.js  | 74 ++++++++++++++++++++++++++++-----------------------------
Mar 14 15:20:01  jd_global_mh.js |  2 +-
Mar 14 15:20:01  2 files changed, 38 insertions(+), 38 deletions(-)
Mar 14 15:20:01 Current branch master is up to date.
Mar 14 15:20:01 npm install 安装最新依赖
Mar 14 15:20:02 up to date in 1.377s
Mar 14 15:20:02 
Mar 14 15:20:02 11 packages are looking for funding
Mar 14 15:20:02   run `npm fund` for details
Mar 14 15:20:02 
Mar 14 15:20:02 ------------------------------------------------执行定时任务任务shell脚本------------------------------------------------
Mar 14 15:20:02 定义定时任务合并处理用到的文件路径...
Mar 14 15:20:02 默认文件定时任务文件路径为 /scripts/docker/crontab_list.sh
Mar 14 15:20:02 合并后定时任务文件路径为 /scripts/docker/merged_list_file.sh
Mar 14 15:20:02 第1步将默认定时任务列表添加到并后定时任务文件...
Mar 14 15:20:02 第2步判断是否存在自定义任务任务列表并追加...
Mar 14 15:20:02 当前只使用了默认定时任务文件 crontab_list.sh ...
Mar 14 15:20:02 第3步判断是否配置了随机延迟参数...
Mar 14 15:20:02 未配置随机延迟对应的环境变量，故不设置延迟任务...
Mar 14 15:20:02 第4步判断是否配置自定义shell执行脚本...
Mar 14 15:20:02 未配置自定shell脚本文件，跳过执行。
Mar 14 15:20:02 第5步删除不运行的脚本任务...
Mar 14 15:20:02 您配置了不运行的脚本：jd_global_mh.js&jd_global.js&jd_speed_redpocke.js&jd_bean_sign.js&jd_blueCoin.js&jd_club_lottery.js&jd_fruit.js&jd_joy.js&jd_joy_reward.js&jd_joy_feedPets.js&jd_joy_steal.js&jd_moneyTree.js&jd_pet.js&jd_plantBean.js&jd_redPacket.js&jd_shop.js&jd_speed.js&jd_superMarket.js&jd_unsubscribe.js&jd_bean_change.js&jd_lotteryMachine.js&jd_rankingList.js&jd_daily_egg.js&jd_pigPet.js&jd_necklace.js&jd_dreamFactory.js&jd_small_home.js&jd_jdfactory.js&jd_syj.js&jd_kd.js&jd_car.js&jd_bean_home.js&jd_jdzz.js&jd_joy_run.js&jd_crazy_joy.js&jd_car_exchange.js&jd_get_share_code.js&jd_bookshop.js&jd_jxnc.js&jd_cash.js&jx_sign.js&jd_sgmh.js&jd_ms.js&jd_price.js&jd_speed_sign.js&jd_crazy_joy_bonus.js&jd_cfd.js&jd_family.js&jd_live.js&jd_jxd.js&jd_nzmh.js
Mar 14 15:20:03 第6步设定下次运行docker_entrypoint.sh时间...
Mar 14 15:20:03 删除原有docker_entrypoint.sh任务
Mar 14 15:20:03 设定 docker_entrypoint.sh cron为：
Mar 14 15:20:03 13 5 * * * docker_entrypoint.sh >> /scripts/logs/default_task.log 2>&1
Mar 14 15:20:03 第7步 自动助力
Mar 14 15:20:03 未开启自动助力
Mar 14 15:20:03 第8步增加 |ts 任务日志输出时间戳...
Mar 14 15:20:03 第9步执行proc_file.sh脚本任务...
Mar 14 15:20:03 处理jd_crazy_joy_coin任务。。。
Mar 14 15:20:03 默认启用jd_crazy_joy_coin杀掉jd_crazy_joy_coin任务，并重启
Mar 14 15:20:03 默认jd_crazy_joy_coin重启完成
Mar 14 15:20:03 第10步加载最新的定时任务文件...
Mar 14 15:20:03 第11步将仓库的docker_entrypoint.sh脚本更新至系统/usr/local/bin/docker_entrypoint.sh内...
Mar 14 15:20:03 发送通知
Mar 14 15:20:03 --------------------------------------------------默认定时任务执行完成---------------------------------------------------
Mar 14 15:20:03 默认定时任务执行结束。
Mar 15 05:13:00 设定远程仓库地址...
Mar 15 05:13:00 HEAD is now at f65beaf update ua version
Mar 15 05:13:00 git pull拉取最新代码...
Mar 15 05:13:01 Updating f65beaf..e2a2f07
Mar 15 05:13:01 Fast-forward
Mar 15 05:13:01  .github/workflows/deploy_tencent_scf.yml | 18 ++++----
Mar 15 05:13:01  Loon/lxk0301_LoonTask.conf               |  4 +-
Mar 15 05:13:01  QuantumultX/lxk0301_gallery.json         |  2 +-
Mar 15 05:13:01  README.md                                |  2 +-
Mar 15 05:13:01  Surge/lxk0301_Task.sgmodule.sgmodule     |  2 +-
Mar 15 05:13:01  githubAction.md                          |  3 ++
Mar 15 05:13:01  jd_bean_change.js                        | 72 ++++++++++++++++++++++----------
Mar 15 05:13:01  jd_cash.js                               | 10 +++--
Mar 15 05:13:01  jd_global_mh.js                          |  2 +-
Mar 15 05:13:01  jd_jdzz.js                               | 15 +++++--
Mar 15 05:13:01  jd_necklace.js                           |  8 ++--
Mar 15 05:13:01  serverless.yml                           |  6 +--
Mar 15 05:13:01  12 files changed, 95 insertions(+), 49 deletions(-)
Mar 15 05:13:01 Current branch master is up to date.
Mar 15 05:13:01 npm install 安装最新依赖
Mar 15 05:13:03 up to date in 1.516s
Mar 15 05:13:03 
Mar 15 05:13:03 11 packages are looking for funding
Mar 15 05:13:03   run `npm fund` for details
Mar 15 05:13:03 
Mar 15 05:13:03 ------------------------------------------------执行定时任务任务shell脚本------------------------------------------------
Mar 15 05:13:03 定义定时任务合并处理用到的文件路径...
Mar 15 05:13:03 默认文件定时任务文件路径为 /scripts/docker/crontab_list.sh
Mar 15 05:13:03 合并后定时任务文件路径为 /scripts/docker/merged_list_file.sh
Mar 15 05:13:03 第1步将默认定时任务列表添加到并后定时任务文件...
Mar 15 05:13:03 第2步判断是否存在自定义任务任务列表并追加...
Mar 15 05:13:03 当前只使用了默认定时任务文件 crontab_list.sh ...
Mar 15 05:13:03 第3步判断是否配置了随机延迟参数...
Mar 15 05:13:03 未配置随机延迟对应的环境变量，故不设置延迟任务...
Mar 15 05:13:03 第4步判断是否配置自定义shell执行脚本...
Mar 15 05:13:03 未配置自定shell脚本文件，跳过执行。
Mar 15 05:13:03 第5步删除不运行的脚本任务...
Mar 15 05:13:03 您配置了不运行的脚本：jd_global_mh.js&jd_global.js&jd_speed_redpocke.js&jd_bean_sign.js&jd_blueCoin.js&jd_club_lottery.js&jd_fruit.js&jd_joy.js&jd_joy_reward.js&jd_joy_feedPets.js&jd_joy_steal.js&jd_moneyTree.js&jd_pet.js&jd_plantBean.js&jd_redPacket.js&jd_shop.js&jd_speed.js&jd_superMarket.js&jd_unsubscribe.js&jd_bean_change.js&jd_lotteryMachine.js&jd_rankingList.js&jd_daily_egg.js&jd_pigPet.js&jd_necklace.js&jd_dreamFactory.js&jd_small_home.js&jd_jdfactory.js&jd_syj.js&jd_kd.js&jd_car.js&jd_bean_home.js&jd_jdzz.js&jd_joy_run.js&jd_crazy_joy.js&jd_car_exchange.js&jd_get_share_code.js&jd_bookshop.js&jd_jxnc.js&jd_cash.js&jx_sign.js&jd_sgmh.js&jd_ms.js&jd_price.js&jd_speed_sign.js&jd_crazy_joy_bonus.js&jd_cfd.js&jd_family.js&jd_live.js&jd_jxd.js&jd_nzmh.js
Mar 15 05:13:03 第6步设定下次运行docker_entrypoint.sh时间...
Mar 15 05:13:03 删除原有docker_entrypoint.sh任务
Mar 15 05:13:03 设定 docker_entrypoint.sh cron为：
Mar 15 05:13:03 40 13 * * * docker_entrypoint.sh >> /scripts/logs/default_task.log 2>&1
Mar 15 05:13:03 第7步 自动助力
Mar 15 05:13:03 未开启自动助力
Mar 15 05:13:03 第8步增加 |ts 任务日志输出时间戳...
Mar 15 05:13:03 第9步执行proc_file.sh脚本任务...
Mar 15 05:13:03 处理jd_crazy_joy_coin任务。。。
Mar 15 05:13:03 默认启用jd_crazy_joy_coin杀掉jd_crazy_joy_coin任务，并重启
Mar 15 05:13:03 默认jd_crazy_joy_coin重启完成
Mar 15 05:13:03 第10步加载最新的定时任务文件...
Mar 15 05:13:03 第11步将仓库的docker_entrypoint.sh脚本更新至系统/usr/local/bin/docker_entrypoint.sh内...
Mar 15 05:13:03 发送通知
Mar 15 05:13:03 --------------------------------------------------默认定时任务执行完成---------------------------------------------------
Mar 15 05:13:03 默认定时任务执行结束。
