Mar 25 04:23:24 
Mar 25 04:23:24 🔔领京豆额外奖励, 开始!
Mar 25 04:23:24 
Mar 25 04:23:24 ====================共1个京东账号Cookie=========
Mar 25 04:23:24 
Mar 25 04:23:24 ==================脚本执行- 北京时间(UTC+8)：3/25/2021, 4:23:24 AM=====================
Mar 25 04:23:24 
Mar 25 04:23:24 
Mar 25 04:23:24 ******开始【京东账号1】burst3166*********
Mar 25 04:23:24 
Mar 25 04:23:25 任务完成进度：1 / 3
Mar 25 04:23:28 任务完成进度：2 / 3
Mar 25 04:23:31 任务完成进度：3 / 3
Mar 25 04:23:35 领奖成功，获得 1 个京豆
Mar 25 04:23:37 完成任务成功，进度1/5
Mar 25 04:23:40 完成任务成功，进度2/5
Mar 25 04:23:43 完成任务成功，进度3/5
Mar 25 04:23:46 完成任务成功，进度4/5
Mar 25 04:23:49 完成任务成功，进度5/5
Mar 25 04:23:52 领奖成功，获得 3 个京豆
Mar 25 04:23:53 强制开启新版领京豆结果:{"code":"0","errorCode":"SI404","errorMessage":"已经初始化过了~"}
Mar 25 04:23:53 
Mar 25 04:23:53 
Mar 25 04:23:53 ==============📣系统通知📣==============
Mar 25 04:23:53 领京豆额外奖励
Mar 25 04:23:53 【京东账号1】burst3166
Mar 25 04:23:53 领奖成功，获得 1 个京豆
Mar 25 04:23:53 领奖成功，获得 3 个京豆
Mar 25 04:23:53 
Mar 25 04:23:53 
Mar 25 04:23:53 🔔领京豆额外奖励, 结束! 🕛 28.919 秒
Mar 25 04:23:53 
Mar 26 04:23:05 
Mar 26 04:23:05 🔔领京豆额外奖励, 开始!
Mar 26 04:23:05 
Mar 26 04:23:05 ====================共1个京东账号Cookie=========
Mar 26 04:23:05 
Mar 26 04:23:05 ==================脚本执行- 北京时间(UTC+8)：3/26/2021, 4:23:05 AM=====================
Mar 26 04:23:05 
Mar 26 04:23:05 
Mar 26 04:23:05 ******开始【京东账号1】burst3166*********
Mar 26 04:23:05 
Mar 26 04:23:05 任务完成进度：1 / 3
Mar 26 04:23:08 任务完成进度：2 / 3
Mar 26 04:23:12 任务完成进度：3 / 3
Mar 26 04:23:16 领奖成功，获得 1 个京豆
Mar 26 04:23:18 完成任务成功，进度1/5
Mar 26 04:23:21 完成任务成功，进度2/5
Mar 26 04:23:24 完成任务成功，进度3/5
Mar 26 04:23:27 完成任务成功，进度4/5
Mar 26 04:23:30 完成任务成功，进度5/5
Mar 26 04:23:33 领奖成功，获得 3 个京豆
Mar 26 04:23:33 强制开启新版领京豆结果:{"code":"0","errorCode":"SI404","errorMessage":"已经初始化过了~"}
Mar 26 04:23:33 
Mar 26 04:23:33 
Mar 26 04:23:33 ==============📣系统通知📣==============
Mar 26 04:23:33 领京豆额外奖励
Mar 26 04:23:33 【京东账号1】burst3166
Mar 26 04:23:33 领奖成功，获得 1 个京豆
Mar 26 04:23:33 领奖成功，获得 3 个京豆
Mar 26 04:23:33 
Mar 26 04:23:33 
Mar 26 04:23:33 🔔领京豆额外奖励, 结束! 🕛 28.789 秒
Mar 26 04:23:33 
