Apr 22 07:41:25 
Apr 22 07:41:25 🔔美丽研究院, 开始!
Apr 22 07:41:25 
Apr 22 07:41:25 ====================共1个京东账号Cookie=========
Apr 22 07:41:25 
Apr 22 07:41:25 ==================脚本执行- 北京时间(UTC+8)：4/22/2021, 7:41:25 AM=====================
Apr 22 07:41:25 
Apr 22 07:41:26 
Apr 22 07:41:26 ******开始【京东账号1】jd_60103fd1c8cd9*********
Apr 22 07:41:26 
Apr 22 07:41:26 AAEAIJfThDdAbrFmW0m0_NNG3yz2SXW9oHTXouuJbg2Q6NDF0
Apr 22 07:41:26 AAFggLgmADB1OotzWNiDRXjLsYo5To07_ji5xl-PEqkeV_kcJD9BSRJMpDDAC6oQ3GR_Y-FLF84
Apr 22 07:41:26 "Response code 403 (Forbidden)"
Apr 22 07:41:26 美丽研究院 API请求失败，请检查网路重试
Apr 22 07:41:26 
Apr 22 07:41:26 
Apr 22 07:41:26 提示：请尝试换服务器ip或者设置"xinruimz-isv.isvjcloud.com"域名直连，或者自定义UA再次尝试(环境变量JD_USER_AGENT)
Apr 22 07:41:26 
Apr 22 07:41:26 
Apr 22 07:41:26 
Apr 22 07:41:26 🔔美丽研究院, 结束! 🕛 0.897 秒
Apr 22 07:41:26 
Apr 22 12:41:11 
Apr 22 12:41:11 🔔美丽研究院, 开始!
Apr 22 12:41:11 
Apr 22 12:41:11 ====================共1个京东账号Cookie=========
Apr 22 12:41:11 
Apr 22 12:41:11 ==================脚本执行- 北京时间(UTC+8)：4/22/2021, 12:41:11 PM=====================
Apr 22 12:41:11 
Apr 22 12:41:12 
Apr 22 12:41:12 ******开始【京东账号1】jd_60103fd1c8cd9*********
Apr 22 12:41:12 
Apr 22 12:41:12 AAEAIP-EUzM77FFkbIG0p5bbYaQhE_iX7vsJamaOZ31HoJqV0
Apr 22 12:41:12 AAFggP5oADA3q9iF1hAs0i2Mw_6GNcLx_GNQpPsSQXHSnlfNJ9_Ssi-IOE1pPU1EYWwyJDfV4Bw
Apr 22 12:41:12 "Response code 403 (Forbidden)"
Apr 22 12:41:12 美丽研究院 API请求失败，请检查网路重试
Apr 22 12:41:12 
Apr 22 12:41:12 
Apr 22 12:41:12 提示：请尝试换服务器ip或者设置"xinruimz-isv.isvjcloud.com"域名直连，或者自定义UA再次尝试(环境变量JD_USER_AGENT)
Apr 22 12:41:12 
Apr 22 12:41:12 
Apr 22 12:41:12 
Apr 22 12:41:12 🔔美丽研究院, 结束! 🕛 0.994 秒
Apr 22 12:41:12 
Apr 22 19:41:26 
Apr 22 19:41:26 🔔美丽研究院, 开始!
Apr 22 19:41:26 
Apr 22 19:41:26 ====================共1个京东账号Cookie=========
Apr 22 19:41:26 
Apr 22 19:41:27 ==================脚本执行- 北京时间(UTC+8)：4/22/2021, 7:41:26 PM=====================
Apr 22 19:41:27 
Apr 22 19:41:27 
Apr 22 19:41:27 ******开始【京东账号1】jd_60103fd1c8cd9*********
Apr 22 19:41:27 
Apr 22 19:41:27 AAEAIBKeGFZ0i5d4wNqXybflqL0rVo3uxlsikunEBBxU3O380
Apr 22 19:41:27 AAFggWDnADDNPBFSNKRu9wdCfKlc1S95xjNREP1ku8iWM_QBqR9XBRm5b-n9sqZswnE7McGVPh4
Apr 22 19:41:27 "Response code 403 (Forbidden)"
Apr 22 19:41:27 美丽研究院 API请求失败，请检查网路重试
Apr 22 19:41:27 
Apr 22 19:41:27 
Apr 22 19:41:27 提示：请尝试换服务器ip或者设置"xinruimz-isv.isvjcloud.com"域名直连，或者自定义UA再次尝试(环境变量JD_USER_AGENT)
Apr 22 19:41:27 
Apr 22 19:41:27 
Apr 22 19:41:27 
Apr 22 19:41:27 🔔美丽研究院, 结束! 🕛 1.097 秒
Apr 22 19:41:27 
Apr 23 07:41:12 
Apr 23 07:41:12 🔔美丽研究院, 开始!
Apr 23 07:41:12 
Apr 23 07:41:12 ====================共1个京东账号Cookie=========
Apr 23 07:41:12 
Apr 23 07:41:12 ==================脚本执行- 北京时间(UTC+8)：4/23/2021, 7:41:12 AM=====================
Apr 23 07:41:12 
Apr 23 07:41:13 
Apr 23 07:41:13 ******开始【京东账号1】jd_60103fd1c8cd9*********
Apr 23 07:41:13 
Apr 23 07:41:13 AAEAIOnr8hb0UuStyEUstgOufAr-yjzqYMoy0BwER9LCUqEK0
Apr 23 07:41:13 AAFgggmZADBblIfUPCRJ7qmw9VPgLEwn6kB1ZVM_YXHrGKteDvd5FGAkI6DVdd0IFNXicBPiUB0
Apr 23 07:41:13 "Response code 403 (Forbidden)"
Apr 23 07:41:13 美丽研究院 API请求失败，请检查网路重试
Apr 23 07:41:13 
Apr 23 07:41:13 
Apr 23 07:41:13 提示：请尝试换服务器ip或者设置"xinruimz-isv.isvjcloud.com"域名直连，或者自定义UA再次尝试(环境变量JD_USER_AGENT)
Apr 23 07:41:13 
Apr 23 07:41:13 
Apr 23 07:41:13 
Apr 23 07:41:13 🔔美丽研究院, 结束! 🕛 1.101 秒
Apr 23 07:41:13 
Apr 23 12:41:02 
Apr 23 12:41:02 🔔美丽研究院, 开始!
Apr 23 12:41:02 
Apr 23 12:41:02 ====================共1个京东账号Cookie=========
Apr 23 12:41:02 
Apr 23 12:41:03 ==================脚本执行- 北京时间(UTC+8)：4/23/2021, 12:41:02 PM=====================
Apr 23 12:41:03 
Apr 23 12:41:03 
Apr 23 12:41:03 ******开始【京东账号1】jd_60103fd1c8cd9*********
Apr 23 12:41:03 
Apr 23 12:41:03 AAEAIONgI3LDGztbXeXmoA-rEAIN3_iDPc_PXbvyvr7ntoeU0
Apr 23 12:41:03 AAFggk_fADBXqIqqEXQbeoMl1mPfhUcZ9Dc7qZq9oC-NvGJ31kg9Z48z0rPr6mgm_UMlmO7Ng1Q
Apr 23 12:41:03 "Response code 403 (Forbidden)"
Apr 23 12:41:03 美丽研究院 API请求失败，请检查网路重试
Apr 23 12:41:03 
Apr 23 12:41:03 
Apr 23 12:41:03 提示：请尝试换服务器ip或者设置"xinruimz-isv.isvjcloud.com"域名直连，或者自定义UA再次尝试(环境变量JD_USER_AGENT)
Apr 23 12:41:03 
Apr 23 12:41:03 
Apr 23 12:41:03 
Apr 23 12:41:03 🔔美丽研究院, 结束! 🕛 1.09 秒
Apr 23 12:41:03 
