Apr 22 00:00:02 
Apr 22 00:00:02 🔔东东超市兑换奖品, 开始!
Apr 22 00:00:02 
Apr 22 00:00:02 ====================共1个京东账号Cookie=========
Apr 22 00:00:02 
Apr 22 00:00:02 ==================脚本执行- 北京时间(UTC+8)：4/22/2021, 12:00:02 AM=====================
Apr 22 00:00:02 
Apr 22 00:00:02 
Apr 22 00:00:02 ****开始【京东账号1】jd_60103fd1c8cd9****
Apr 22 00:00:02 
Apr 22 00:00:04 【总蓝币】842400个
Apr 22 00:00:04 
Apr 22 00:00:04 查询换超值京豆包（0点限量）ID成功，ID:3401477516
Apr 22 00:00:04 
Apr 22 00:00:04 【京东账号1】jd_60103fd1c8cd9
Apr 22 00:00:04 【兑换超值京豆包（0点限量）】失败，1000京豆领光了，请明天再来
Apr 22 00:00:04 
Apr 22 00:00:04 
Apr 22 00:00:04 🔔东东超市兑换奖品, 结束! 🕛 2.588 秒
Apr 22 00:00:04 
Apr 22 00:30:00 
Apr 22 00:30:00 🔔东东超市兑换奖品, 开始!
Apr 22 00:30:00 
Apr 22 00:30:00 ====================共1个京东账号Cookie=========
Apr 22 00:30:00 
Apr 22 00:30:00 ==================脚本执行- 北京时间(UTC+8)：4/22/2021, 12:30:00 AM=====================
Apr 22 00:30:00 
Apr 22 00:30:00 
Apr 22 00:30:00 ****开始【京东账号1】jd_60103fd1c8cd9****
Apr 22 00:30:00 
Apr 22 00:30:01 【总蓝币】842400个
Apr 22 00:30:01 
Apr 22 00:30:01 查询换超值京豆包（0点限量）ID成功，ID:3401477516
Apr 22 00:30:01 
Apr 22 00:30:01 【京东账号1】jd_60103fd1c8cd9
Apr 22 00:30:01 【兑换超值京豆包（0点限量）】失败，1000京豆领光了，请明天再来
Apr 22 00:30:01 
Apr 22 00:30:01 
Apr 22 00:30:01 🔔东东超市兑换奖品, 结束! 🕛 1.351 秒
Apr 22 00:30:01 
Apr 23 00:00:01 
Apr 23 00:00:01 🔔东东超市兑换奖品, 开始!
Apr 23 00:00:01 
Apr 23 00:00:01 ====================共1个京东账号Cookie=========
Apr 23 00:00:01 
Apr 23 00:00:02 ==================脚本执行- 北京时间(UTC+8)：4/23/2021, 12:00:01 AM=====================
Apr 23 00:00:02 
Apr 23 00:00:02 
Apr 23 00:00:02 ****开始【京东账号1】jd_60103fd1c8cd9****
Apr 23 00:00:02 
Apr 23 00:00:05 【总蓝币】857000个
Apr 23 00:00:05 
Apr 23 00:00:05 查询换超值京豆包（0点限量）ID成功，ID:3401477516
Apr 23 00:00:05 
Apr 23 00:00:05 【京东账号1】jd_60103fd1c8cd9
Apr 23 00:00:05 【兑换超值京豆包（0点限量）】失败，1000京豆领光了，请明天再来
Apr 23 00:00:05 
Apr 23 00:00:05 
Apr 23 00:00:05 🔔东东超市兑换奖品, 结束! 🕛 4.492 秒
Apr 23 00:00:05 
Apr 23 00:30:00 
Apr 23 00:30:00 🔔东东超市兑换奖品, 开始!
Apr 23 00:30:00 
Apr 23 00:30:00 ====================共1个京东账号Cookie=========
Apr 23 00:30:00 
Apr 23 00:30:01 ==================脚本执行- 北京时间(UTC+8)：4/23/2021, 12:30:00 AM=====================
Apr 23 00:30:01 
Apr 23 00:30:01 
Apr 23 00:30:01 ****开始【京东账号1】jd_60103fd1c8cd9****
Apr 23 00:30:01 
Apr 23 00:30:02 【总蓝币】857500个
Apr 23 00:30:02 
Apr 23 00:30:02 查询换超值京豆包（0点限量）ID成功，ID:3401477516
Apr 23 00:30:02 
Apr 23 00:30:02 【京东账号1】jd_60103fd1c8cd9
Apr 23 00:30:02 【兑换超值京豆包（0点限量）】失败，1000京豆领光了，请明天再来
Apr 23 00:30:02 
Apr 23 00:30:02 
Apr 23 00:30:02 🔔东东超市兑换奖品, 结束! 🕛 1.514 秒
Apr 23 00:30:02 
