Mar 25 00:07:01 
Mar 25 00:07:01 🔔京东多合一签到, 开始!
Mar 25 00:07:01 
Mar 25 00:07:01 ====================共1个京东账号Cookie=========
Mar 25 00:07:01 
Mar 25 00:07:01 ==================脚本执行- 北京时间(UTC+8)：3/25/2021, 12:07:01 AM=====================
Mar 25 00:07:01 
Mar 25 00:07:14 JD_DailyBonus.js文件下载完毕
Mar 25 00:07:14 
Mar 25 00:07:14 
Mar 25 00:07:14 *****************开始京东账号1 burst3166京豆签到*******************
Mar 25 00:07:14 
Mar 25 00:07:14 开始替换变量
Mar 25 00:07:14 替换变量完毕
Mar 25 00:07:14 
Mar 25 00:07:14 开始执行脚本签到，请稍等
Mar 25 00:07:35 👇👇👇👇👇👇👇👇👇👇👇LOG记录👇👇👇👇👇👇👇👇👇👇👇
Mar 25 00:07:35 
Mar 25 00:07:35 京东商城-京豆签到成功 
Mar 25 00:07:35 
Mar 25 00:07:35 京东商城-超市签到成功 
Mar 25 00:07:35 
Mar 25 00:07:35 京东金融-钢镚签到成功 
Mar 25 00:07:35 
Mar 25 00:07:35 京东商城-转盘查询成功 
Mar 25 00:07:35 
Mar 25 00:07:35 京东商城-转盘签到成功 
Mar 25 00:07:35 
Mar 25 00:07:35 京东商城-闪购签到成功 
Mar 25 00:07:35 
Mar 25 00:07:35 京东现金-红包签到成功 
Mar 25 00:07:35 
Mar 25 00:07:35 京东魔方-尝试查询活动(2) 
Mar 25 00:07:35 
Mar 25 00:07:35 京东魔方-尝试查询活动(1) 
Mar 25 00:07:35 
Mar 25 00:07:35 京东商城-魔方签到失败 
Mar 25 00:07:35 
Mar 25 00:07:35 京东商城-现金签到成功 
Mar 25 00:07:35 
Mar 25 00:07:35 京东商城-金贴签到成功 
Mar 25 00:07:35 
Mar 25 00:07:35 京东商城-摇一摇签到成功 
Mar 25 00:07:35 
Mar 25 00:07:35 京东商城-摇一摇签到成功 
Mar 25 00:07:35 
Mar 25 00:07:35 京东秒杀-红包查询成功 
Mar 25 00:07:35 
Mar 25 00:07:35 京东秒杀-红包签到成功 
Mar 25 00:07:35 
Mar 25 00:07:35 京东汽车-检查签到状态 
Mar 25 00:07:35 
Mar 25 00:07:35 京东商城-汽车签到成功 
Mar 25 00:07:35 
Mar 25 00:07:35 京东金融-签贰查询成功 
Mar 25 00:07:35 
Mar 25 00:07:35 京东金融-签贰签到成功 
Mar 25 00:07:35 
Mar 25 00:07:35 京东金融-签叁查询成功 
Mar 25 00:07:35 
Mar 25 00:07:35 京东金融-签叁签到成功 
Mar 25 00:07:35 
Mar 25 00:07:35 京东金融-签肆查询成功 
Mar 25 00:07:35 
Mar 25 00:07:35 京东金融-签肆签到成功 
Mar 25 00:07:35 
Mar 25 00:07:35 京东金融-签伍查询成功 
Mar 25 00:07:35 
Mar 25 00:07:35 京东金融-签伍签到成功 
Mar 25 00:07:35 
Mar 25 00:07:35 京东金融-签壹查询成功 
Mar 25 00:07:35 
Mar 25 00:07:35 京东金融-签壹签到成功 
Mar 25 00:07:35 
Mar 25 00:07:35 金融现金-双签查询成功 
Mar 25 00:07:35 
Mar 25 00:07:35 京东金贴-双签查询成功 
Mar 25 00:07:35 
Mar 25 00:07:35 京东商城-卡包签到成功(1)
Mar 25 00:07:35 
Mar 25 00:07:35 京东商城-定制签到成功(1)
Mar 25 00:07:35 
Mar 25 00:07:35 京东商城-箱包签到成功(1)
Mar 25 00:07:35 
Mar 25 00:07:35 京东商城-服饰签到成功(1)
Mar 25 00:07:35 
Mar 25 00:07:35 京东商城-校园签到成功(1)
Mar 25 00:07:35 
Mar 25 00:07:35 京东商城-健康关注店铺
Mar 25 00:07:35 
Mar 25 00:07:35 京东商城-健康签到失败(2)
Mar 25 00:07:35 
Mar 25 00:07:35 京东商城-鞋靴签到成功(1)
Mar 25 00:07:35 
Mar 25 00:07:35 京东商城-童装关注店铺
Mar 25 00:07:35 
Mar 25 00:07:35 京东商城-童装签到失败(2)
Mar 25 00:07:35 
Mar 25 00:07:35 京东商城-母婴关注店铺
Mar 25 00:07:35 
Mar 25 00:07:35 京东商城-母婴签到失败(2)
Mar 25 00:07:35 
Mar 25 00:07:35 京东商城-数码关注店铺
Mar 25 00:07:35 
Mar 25 00:07:35 京东商城-数码签到失败(2)
Mar 25 00:07:35 
Mar 25 00:07:35 京东商城-女装签到成功(1)
Mar 25 00:07:35 
Mar 25 00:07:35 京东商城-图书签到成功(1)
Mar 25 00:07:35 
Mar 25 00:07:35 京东拍拍-二手签到成功(1)
Mar 25 00:07:35 
Mar 25 00:07:35 京东商城-美妆关注店铺
Mar 25 00:07:35 
Mar 25 00:07:35 京东商城-美妆签到失败(2)
Mar 25 00:07:35 
Mar 25 00:07:35 京东商城-菜场二次查询
Mar 25 00:07:35 
Mar 25 00:07:35 京东商城-菜场签到成功(1)
Mar 25 00:07:35 
Mar 25 00:07:35 京东商城-清洁关注店铺
Mar 25 00:07:35 
Mar 25 00:07:35 京东商城-清洁签到失败(2)
Mar 25 00:07:35 
Mar 25 00:07:35 京东商城-个护关注店铺
Mar 25 00:07:35 
Mar 25 00:07:35 京东商城-个护签到失败(2)
Mar 25 00:07:35 
Mar 25 00:07:35 京东商城-珠宝签到成功(1)
Mar 25 00:07:35 
Mar 25 00:07:35 金融京豆-双签查询成功 
Mar 25 00:07:35 
Mar 25 00:07:35 天天加速-查询上次任务 
Mar 25 00:07:35 
Mar 25 00:07:35 天天加速-目前结束时间: 
Mar 25 00:07:35 2021-03-25 08:47:21 [64%]
Mar 25 00:07:35 
Mar 25 00:07:35 天天加速-查询到3个有效事件 
Mar 25 00:07:35 
Mar 25 00:07:35 天天加速-尝试领取第1个事件 
Mar 25 00:07:35 
Mar 25 00:07:35 天天加速-尝试领取第2个事件 
Mar 25 00:07:35 
Mar 25 00:07:35 天天加速-尝试领取第3个事件 
Mar 25 00:07:35 
Mar 25 00:07:35 天天加速-已成功领取3个事件
Mar 25 00:07:35 
Mar 25 00:07:35 天天加速-查询到1个有效道具 
Mar 25 00:07:35 
Mar 25 00:07:35 天天加速-尝试领取第1个道具 
Mar 25 00:07:35 
Mar 25 00:07:35 天天加速-已成功领取1个道具
Mar 25 00:07:35 
Mar 25 00:07:35 天天加速-查询成功4个道具ID 
Mar 25 00:07:35 
Mar 25 00:07:35 天天加速-尝试使用第1个道具 (1.001s)
Mar 25 00:07:35 
Mar 25 00:07:35 天天加速-尝试使用第2个道具 (1.001s)
Mar 25 00:07:35 
Mar 25 00:07:35 天天加速-尝试使用第3个道具 (1.001s)
Mar 25 00:07:35 
Mar 25 00:07:35 天天加速-尝试使用第4个道具 (1.001s)
Mar 25 00:07:35 
Mar 25 00:07:35 天天加速-已成功使用4个道具
Mar 25 00:07:35 
Mar 25 00:07:35 天天加速-再次检查任务 
Mar 25 00:07:35 
Mar 25 00:07:35 天天加速-领取本次奖励成功
Mar 25 00:07:35 
Mar 25 00:07:35 天天加速-开始下轮任务 
Mar 25 00:07:35 
Mar 25 00:07:35 天天加速-目前结束时间: 
Mar 25 00:07:35 2021-03-26 00:07:35 [0%]
Mar 25 00:07:35 
Mar 25 00:07:35 天天加速-查询无道具ID 
Mar 25 00:07:35 
Mar 25 00:07:35 京东-总红包查询成功 
Mar 25 00:07:35 
Mar 25 00:07:35 京东-总金贴查询成功 
Mar 25 00:07:35 
Mar 25 00:07:35 京东-总钢镚查询成功 
Mar 25 00:07:35 
Mar 25 00:07:35 ‼️账户京豆-查询发生错误
Mar 25 00:07:35 ‼️名称: TypeError
Mar 25 00:07:35 ‼️描述: Cannot read property 'headImageUrl' of undefined
Mar 25 00:07:35 ‼️状态: 200
Mar 25 00:07:35 ‼️响应: {
Mar 25 00:07:35         "retcode":101,
Mar 25 00:07:35         "msg":"Frequency limit"
Mar 25 00:07:35 }
Mar 25 00:07:35 
Mar 25 00:07:35 京东-总现金查询成功 
Mar 25 00:07:35 
Mar 25 00:07:35 
Mar 25 00:07:35 【签到概览】:  成功33个, 失败8个, 错误1个
Mar 25 00:07:35 【签到奖励】:  43京豆, 0.01钢镚
Mar 25 00:07:35 【其他奖励】:  0.11红包, 0.06金贴, 0.02现金
Mar 25 00:07:35 【账号总计】:  0.52钢镚
Mar 25 00:07:35 【其他总计】:  0.30金贴, 7.56现金, 1.19红包
Mar 25 00:07:35 
Mar 25 00:07:35 京东商城-京豆: 成功, 明细: 5京豆 🐶
Mar 25 00:07:35 京东商城-超市: 成功, 明细: 3京豆 🐶
Mar 25 00:07:35 京东金融-钢镚: 成功, 明细: 0.01钢镚 💰
Mar 25 00:07:35 京东商城-转盘: 成功, 明细: 10京豆 🐶
Mar 25 00:07:35 京东商城-转盘: 多次, 状态: 未中奖 🐶
Mar 25 00:07:35 京东商城-闪购: 成功, 明细: 2京豆 🐶
Mar 25 00:07:35 京东现金-红包: 成功, 明细: 0.05红包 🧧
Mar 25 00:07:35 京东商城-魔方: 失败, 原因: 无机会 ⚠️
Mar 25 00:07:35 京东商城-现金: 成功, 明细: 0.01现金 💰
Mar 25 00:07:35 京东商城-金贴: 成功, 明细: 0.03金贴 💰
Mar 25 00:07:35 京东商城-摇摇: 获得满600减110优惠券→ 仅可购买服饰鞋包部分商品
Mar 25 00:07:35 京东商城-摇摇: 多次, 获得满600减90优惠券→ 仅可购买运动品牌部分商品
Mar 25 00:07:35 京东秒杀-红包: 成功, 明细: 0.06红包 🧧
Mar 25 00:07:35 京东商城-汽车: 成功, 明细: 1京豆 🐶
Mar 25 00:07:35 京东金融-签贰: 成功, 明细: 3京豆 🐶
Mar 25 00:07:35 京东金融-签叁: 成功, 明细: 1京豆 🐶
Mar 25 00:07:35 京东金融-签肆: 成功, 明细: 3京豆 🐶
Mar 25 00:07:35 京东金融-签伍: 成功, 明细: 3京豆 🐶
Mar 25 00:07:35 京东金融-签壹: 成功, 明细: 3京豆 🐶
Mar 25 00:07:35 金融现金-双签: 成功, 明细: 0.01现金 💰
Mar 25 00:07:35 京东金贴-双签: 成功, 明细: 0.03金贴 💰
Mar 25 00:07:35 京东商城-卡包: 成功, 明细: 无京豆 🐶
Mar 25 00:07:35 京东商城-定制: 成功, 明细: 无京豆 🐶
Mar 25 00:07:35 京东商城-箱包: 成功, 明细: 无京豆 🐶
Mar 25 00:07:35 京东商城-服饰: 成功, 明细: 无京豆 🐶
Mar 25 00:07:35 京东商城-校园: 成功, 明细: 无京豆 🐶
Mar 25 00:07:35 京东商城-健康: 失败, 请进行验证 ⚠️
Mar 25 00:07:35 京东商城-鞋靴: 成功, 明细: 无京豆 🐶
Mar 25 00:07:35 京东商城-童装: 失败, 请进行验证 ⚠️
Mar 25 00:07:35 京东商城-母婴: 失败, 请进行验证 ⚠️
Mar 25 00:07:35 京东商城-数码: 失败, 请进行验证 ⚠️
Mar 25 00:07:35 京东商城-女装: 成功, 明细: 无京豆 🐶
Mar 25 00:07:35 京东商城-图书: 成功, 明细: 3京豆 🐶
Mar 25 00:07:35 京东拍拍-二手: 成功, 明细: 无京豆 🐶
Mar 25 00:07:35 京东商城-美妆: 失败, 请进行验证 ⚠️
Mar 25 00:07:35 京东商城-菜场: 成功, 明细: 3京豆 🐶
Mar 25 00:07:35 京东商城-清洁: 失败, 请进行验证 ⚠️
Mar 25 00:07:35 京东商城-个护: 失败, 请进行验证 ⚠️
Mar 25 00:07:35 京东商城-珠宝: 成功, 明细: 无京豆 🐶
Mar 25 00:07:35 金融京豆-双签: 成功, 明细: 1京豆 🐶
Mar 25 00:07:35 京东天天-加速: 成功, 明细: 2京豆 🐶
Mar 25 00:07:35 账户京豆-查询: 异常, 已输出日志 ‼️
Mar 25 00:07:35 
Mar 25 00:07:35 签到用时: 20.36 秒
Mar 25 00:07:35 
Mar 25 00:07:35 👆👆👆👆👆👆👆👆👆LOG记录👆👆👆👆👆👆👆👆👆👆👆
Mar 25 00:07:35 
Mar 25 00:07:35 
Mar 25 00:07:35 *****************京东账号1 burst3166京豆签到完成*******************
Mar 25 00:07:35 
Mar 25 00:07:35 
Mar 25 00:07:35 您未提供server酱的SCKEY，取消微信推送消息通知🚫
Mar 25 00:07:35 
Mar 25 00:07:35 您未提供push+推送所需的PUSH_PLUS_TOKEN，取消push+推送消息通知🚫
Mar 25 00:07:35 
Mar 25 00:07:35 您未提供Bark的APP推送BARK_PUSH，取消Bark推送消息通知🚫
Mar 25 00:07:35 
Mar 25 00:07:35 您未提供telegram机器人推送所需的TG_BOT_TOKEN和TG_USER_ID，取消telegram推送消息通知🚫
Mar 25 00:07:35 
Mar 25 00:07:35 您未提供企业微信机器人推送所需的QYWX_KEY，取消企业微信推送消息通知🚫
Mar 25 00:07:35 
Mar 25 00:07:35 您未提供企业微信应用消息推送所需的QYWX_AM，取消企业微信应用消息推送消息通知🚫
Mar 25 00:07:35 
Mar 25 00:07:35 您未提供iGot的推送IGOT_PUSH_KEY，取消iGot推送消息通知🚫
Mar 25 00:07:35 
Mar 25 00:07:35 钉钉发送通知消息成功🎉。
Mar 25 00:07:35 
Mar 25 00:07:35 
Mar 25 00:07:35 🔔京东多合一签到, 结束! 🕛 34.344 秒
Mar 25 00:07:35 
Mar 25 17:07:00 
Mar 25 17:07:00 🔔京东多合一签到, 开始!
Mar 25 17:07:00 
Mar 25 17:07:00 ====================共1个京东账号Cookie=========
Mar 25 17:07:00 
Mar 25 17:07:00 ==================脚本执行- 北京时间(UTC+8)：3/25/2021, 5:07:00 PM=====================
Mar 25 17:07:00 
Mar 25 17:07:05 检测到您当前网络环境不能访问外网,将使用jsdelivr CDN下载JD_DailyBonus.js文件
Mar 25 17:07:38 
Mar 25 17:07:38 ❗️京东多合一签到, 错误!
Mar 25 17:07:38 
Mar 25 17:07:38 JD_DailyBonus.js文件下载完毕
Mar 25 17:07:38 
Mar 25 17:07:38 
Mar 25 17:07:38 *****************开始京东账号1 burst3166京豆签到*******************
Mar 25 17:07:38 
Mar 25 17:07:38 开始替换变量
Mar 25 17:07:38 替换变量完毕
Mar 25 17:07:38 
Mar 25 17:07:38 开始执行脚本签到，请稍等
Mar 25 17:07:56 👇👇👇👇👇👇👇👇👇👇👇LOG记录👇👇👇👇👇👇👇👇👇👇👇
Mar 25 17:07:56 
Mar 25 17:07:56 京东商城-京豆签到失败 
Mar 25 17:07:56 
Mar 25 17:07:56 京东商城-超市签到失败 
Mar 25 17:07:56 
Mar 25 17:07:56 京东金融-钢镚签到失败 
Mar 25 17:07:56 
Mar 25 17:07:56 京东商城-转盘查询成功 
Mar 25 17:07:56 
Mar 25 17:07:56 京东商城-转盘签到失败 
Mar 25 17:07:56 
Mar 25 17:07:56 京东商城-闪购签到失败 
Mar 25 17:07:56 
Mar 25 17:07:56 京东现金-红包签到失败 
Mar 25 17:07:56 
Mar 25 17:07:56 京东魔方-尝试查询活动(2) 
Mar 25 17:07:56 
Mar 25 17:07:56 京东魔方-尝试查询活动(1) 
Mar 25 17:07:56 
Mar 25 17:07:56 京东商城-魔方签到失败 
Mar 25 17:07:56 
Mar 25 17:07:56 京东商城-现金签到失败 
Mar 25 17:07:56 
Mar 25 17:07:56 京东商城-金贴签到失败 
Mar 25 17:07:56 
Mar 25 17:07:56 京东商城-摇一摇签到失败 
Mar 25 17:07:56 
Mar 25 17:07:56 京东秒杀-红包查询成功 
Mar 25 17:07:56 
Mar 25 17:07:56 京东秒杀-红包签到失败 
Mar 25 17:07:56 
Mar 25 17:07:56 京东汽车-检查签到状态 
Mar 25 17:07:56 
Mar 25 17:07:56 京东金融-签贰查询成功 
Mar 25 17:07:56 
Mar 25 17:07:56 京东金融-签叁查询成功 
Mar 25 17:07:56 
Mar 25 17:07:56 京东金融-签肆查询成功 
Mar 25 17:07:56 
Mar 25 17:07:56 京东金融-签伍查询成功 
Mar 25 17:07:56 
Mar 25 17:07:56 京东金融-签壹查询成功 
Mar 25 17:07:56 
Mar 25 17:07:56 金融现金-双签查询成功 
Mar 25 17:07:56 
Mar 25 17:07:56 京东金贴-双签查询成功 
Mar 25 17:07:56 
Mar 25 17:07:56 京东商城-卡包重复签到
Mar 25 17:07:56 
Mar 25 17:07:56 京东商城-定制重复签到
Mar 25 17:07:56 
Mar 25 17:07:56 京东商城-箱包签到失败(1)
Mar 25 17:07:56 
Mar 25 17:07:56 京东商城-服饰重复签到
Mar 25 17:07:56 
Mar 25 17:07:56 京东商城-校园重复签到
Mar 25 17:07:56 
Mar 25 17:07:56 京东商城-健康关注店铺
Mar 25 17:07:56 
Mar 25 17:07:56 京东商城-健康签到失败(2)
Mar 25 17:07:56 
Mar 25 17:07:56 京东商城-鞋靴签到失败(1)
Mar 25 17:07:56 
Mar 25 17:07:56 京东商城-童装关注店铺
Mar 25 17:07:56 
Mar 25 17:07:56 京东商城-童装签到失败(2)
Mar 25 17:07:56 
Mar 25 17:07:56 京东商城-母婴关注店铺
Mar 25 17:07:56 
Mar 25 17:07:56 京东商城-母婴签到失败(2)
Mar 25 17:07:56 
Mar 25 17:07:56 京东商城-数码关注店铺
Mar 25 17:07:56 
Mar 25 17:07:56 京东商城-数码签到失败(2)
Mar 25 17:07:56 
Mar 25 17:07:56 京东商城-女装签到失败(1)
Mar 25 17:07:56 
Mar 25 17:07:56 京东商城-图书重复签到
Mar 25 17:07:56 
Mar 25 17:07:56 京东拍拍-二手重复签到
Mar 25 17:07:56 
Mar 25 17:07:56 京东商城-美妆关注店铺
Mar 25 17:07:56 
Mar 25 17:07:56 京东商城-美妆签到失败(2)
Mar 25 17:07:56 
Mar 25 17:07:56 京东商城-菜场二次查询
Mar 25 17:07:56 
Mar 25 17:07:56 京东商城-菜场签到失败(1)
Mar 25 17:07:56 
Mar 25 17:07:56 京东商城-清洁关注店铺
Mar 25 17:07:56 
Mar 25 17:07:56 京东商城-清洁签到失败(2)
Mar 25 17:07:56 
Mar 25 17:07:56 京东商城-个护关注店铺
Mar 25 17:07:56 
Mar 25 17:07:56 京东商城-个护签到失败(2)
Mar 25 17:07:56 
Mar 25 17:07:56 京东商城-珠宝签到失败(1)
Mar 25 17:07:56 
Mar 25 17:07:56 金融京豆-双签查询成功 
Mar 25 17:07:56 
Mar 25 17:07:56 天天加速-查询上次任务 
Mar 25 17:07:56 
Mar 25 17:07:56 天天加速-领取上次奖励成功
Mar 25 17:07:56 
Mar 25 17:07:56 天天加速-查询本次任务 
Mar 25 17:07:56 
Mar 25 17:07:56 天天加速-开始本次任务 
Mar 25 17:07:56 
Mar 25 17:07:56 天天加速-目前结束时间: 
Mar 25 17:07:56 2021-03-26 17:07:53 [0%]
Mar 25 17:07:56 
Mar 25 17:07:56 天天加速-暂无太空事件 
Mar 25 17:07:56 
Mar 25 17:07:56 天天加速-暂无有效道具 
Mar 25 17:07:56 
Mar 25 17:07:56 天天加速-查询成功3个道具ID 
Mar 25 17:07:56 
Mar 25 17:07:56 天天加速-尝试使用第1个道具 (1.001s)
Mar 25 17:07:56 
Mar 25 17:07:56 天天加速-尝试使用第2个道具 (1.001s)
Mar 25 17:07:56 
Mar 25 17:07:56 天天加速-尝试使用第3个道具 (1.001s)
Mar 25 17:07:56 
Mar 25 17:07:56 天天加速-已成功使用3个道具
Mar 25 17:07:56 
Mar 25 17:07:56 天天加速-再次检查任务 
Mar 25 17:07:56 
Mar 25 17:07:56 天天加速-目前结束时间: 
Mar 25 17:07:56 2021-03-26 04:37:53 [52%]
Mar 25 17:07:56 
Mar 25 17:07:56 天天加速-查询无道具ID 
Mar 25 17:07:56 
Mar 25 17:07:56 京东-总金贴查询成功 
Mar 25 17:07:56 
Mar 25 17:07:56 京东-总红包查询成功 
Mar 25 17:07:56 
Mar 25 17:07:56 ‼️账户京豆-查询发生错误
Mar 25 17:07:56 ‼️名称: TypeError
Mar 25 17:07:56 ‼️描述: Cannot read property 'headImageUrl' of undefined
Mar 25 17:07:56 ‼️状态: 200
Mar 25 17:07:56 ‼️响应: {
Mar 25 17:07:56         "retcode":101,
Mar 25 17:07:56         "msg":"Frequency limit"
Mar 25 17:07:56 }
Mar 25 17:07:56 
Mar 25 17:07:56 京东-总现金查询成功 
Mar 25 17:07:56 
Mar 25 17:07:56 京东-总钢镚查询成功 
Mar 25 17:07:56 
Mar 25 17:07:56 
Mar 25 17:07:56 【签到概览】:  成功1个, 失败38个, 错误1个
Mar 25 17:07:56 【签到奖励】:  2京豆
Mar 25 17:07:56 【账号总计】:  0.53钢镚
Mar 25 17:07:56 【其他总计】:  0.30金贴, 8.59现金, 2.84红包
Mar 25 17:07:56 
Mar 25 17:07:56 京东商城-京豆: 失败, 原因: 已签过 ⚠️
Mar 25 17:07:56 京东商城-超市: 失败, 原因: 已签过 ⚠️
Mar 25 17:07:56 京东金融-钢镚: 失败, 原因: 已签过 ⚠️
Mar 25 17:07:56 京东商城-转盘: 失败, 原因: 已转过 ⚠️
Mar 25 17:07:56 京东商城-闪购: 失败, 原因: 已签过 ⚠️
Mar 25 17:07:56 京东现金-红包: 失败, 原因: 已签过 ⚠️
Mar 25 17:07:56 京东商城-魔方: 失败, 原因: 无机会 ⚠️
Mar 25 17:07:56 京东商城-现金: 失败, 原因: 已签过 ⚠️
Mar 25 17:07:56 京东商城-金贴: 失败, 原因: 已签过 ⚠️
Mar 25 17:07:56 京东商城-摇摇: 失败, 原因: 已摇过 ⚠️
Mar 25 17:07:56 京东秒杀-红包: 失败, 原因: 已领取 ⚠️
Mar 25 17:07:56 京东商城-汽车: 失败, 原因: 已签过 ⚠️
Mar 25 17:07:56 京东金融-签贰: 失败, 原因: 已签过 ⚠️
Mar 25 17:07:56 京东金融-签叁: 失败, 原因: 已签过 ⚠️
Mar 25 17:07:56 京东金融-签肆: 失败, 原因: 已签过 ⚠️
Mar 25 17:07:56 京东金融-签伍: 失败, 原因: 已签过 ⚠️
Mar 25 17:07:56 京东金融-签壹: 失败, 原因: 已签过 ⚠️
Mar 25 17:07:56 金融现金-双签: 失败, 原因: 已签过 ⚠️
Mar 25 17:07:56 京东金贴-双签: 失败, 原因: 已签过 ⚠️
Mar 25 17:07:56 京东商城-卡包: 失败, 原因: 已签过 ⚠️
Mar 25 17:07:56 京东商城-定制: 失败, 原因: 已签过 ⚠️
Mar 25 17:07:56 京东商城-箱包: 失败, 原因: 已签过 ⚠️
Mar 25 17:07:56 京东商城-服饰: 失败, 原因: 已签过 ⚠️
Mar 25 17:07:56 京东商城-校园: 失败, 原因: 已签过 ⚠️
Mar 25 17:07:56 京东商城-健康: 失败, 请进行验证 ⚠️
Mar 25 17:07:56 京东商城-鞋靴: 失败, 原因: 已签过 ⚠️
Mar 25 17:07:56 京东商城-童装: 失败, 请进行验证 ⚠️
Mar 25 17:07:56 京东商城-母婴: 失败, 请进行验证 ⚠️
Mar 25 17:07:56 京东商城-数码: 失败, 请进行验证 ⚠️
Mar 25 17:07:56 京东商城-女装: 失败, 原因: 已签过 ⚠️
Mar 25 17:07:56 京东商城-图书: 失败, 原因: 已签过 ⚠️
Mar 25 17:07:56 京东拍拍-二手: 失败, 原因: 已签过 ⚠️
Mar 25 17:07:56 京东商城-美妆: 失败, 请进行验证 ⚠️
Mar 25 17:07:56 京东商城-菜场: 失败, 原因: 已签过 ⚠️
Mar 25 17:07:56 京东商城-清洁: 失败, 请进行验证 ⚠️
Mar 25 17:07:56 京东商城-个护: 失败, 请进行验证 ⚠️
Mar 25 17:07:56 京东商城-珠宝: 失败, 原因: 已签过 ⚠️
Mar 25 17:07:56 金融京豆-双签: 失败, 原因: 已签过 ⚠️
Mar 25 17:07:56 京东天天-加速: 成功, 明细: 2京豆 🐶
Mar 25 17:07:56 账户京豆-查询: 异常, 已输出日志 ‼️
Mar 25 17:07:56 
Mar 25 17:07:56 签到用时: 16.83 秒
Mar 25 17:07:56 
Mar 25 17:07:56 👆👆👆👆👆👆👆👆👆LOG记录👆👆👆👆👆👆👆👆👆👆👆
Mar 25 17:07:56 
Mar 25 17:07:56 
Mar 25 17:07:56 *****************京东账号1 burst3166京豆签到完成*******************
Mar 25 17:07:56 
Mar 25 17:07:56 
Mar 25 17:07:56 您未提供server酱的SCKEY，取消微信推送消息通知🚫
Mar 25 17:07:56 
Mar 25 17:07:56 您未提供push+推送所需的PUSH_PLUS_TOKEN，取消push+推送消息通知🚫
Mar 25 17:07:56 
Mar 25 17:07:56 您未提供Bark的APP推送BARK_PUSH，取消Bark推送消息通知🚫
Mar 25 17:07:56 
Mar 25 17:07:56 您未提供telegram机器人推送所需的TG_BOT_TOKEN和TG_USER_ID，取消telegram推送消息通知🚫
Mar 25 17:07:56 
Mar 25 17:07:56 您未提供企业微信机器人推送所需的QYWX_KEY，取消企业微信推送消息通知🚫
Mar 25 17:07:56 
Mar 25 17:07:56 您未提供企业微信应用消息推送所需的QYWX_AM，取消企业微信应用消息推送消息通知🚫
Mar 25 17:07:56 
Mar 25 17:07:56 您未提供iGot的推送IGOT_PUSH_KEY，取消iGot推送消息通知🚫
Mar 25 17:07:56 
Mar 25 17:07:56 钉钉发送通知消息成功🎉。
Mar 25 17:07:56 
Mar 25 17:07:56 
Mar 25 17:07:56 🔔京东多合一签到, 结束! 🕛 55.489 秒
Mar 25 17:07:56 
Mar 26 00:07:01 
Mar 26 00:07:01 🔔京东多合一签到, 开始!
Mar 26 00:07:01 
Mar 26 00:07:01 ====================共1个京东账号Cookie=========
Mar 26 00:07:01 
Mar 26 00:07:01 ==================脚本执行- 北京时间(UTC+8)：3/26/2021, 12:07:01 AM=====================
Mar 26 00:07:01 
Mar 26 00:07:07 JD_DailyBonus.js文件下载完毕
Mar 26 00:07:07 
Mar 26 00:07:07 
Mar 26 00:07:07 *****************开始京东账号1 burst3166京豆签到*******************
Mar 26 00:07:07 
Mar 26 00:07:07 开始替换变量
Mar 26 00:07:07 替换变量完毕
Mar 26 00:07:07 
Mar 26 00:07:07 开始执行脚本签到，请稍等
Mar 26 00:07:26 👇👇👇👇👇👇👇👇👇👇👇LOG记录👇👇👇👇👇👇👇👇👇👇👇
Mar 26 00:07:26 
Mar 26 00:07:26 京东商城-京豆签到成功 
Mar 26 00:07:26 
Mar 26 00:07:26 京东商城-超市签到成功 
Mar 26 00:07:26 
Mar 26 00:07:26 京东金融-钢镚签到成功 
Mar 26 00:07:26 
Mar 26 00:07:26 京东商城-转盘查询成功 
Mar 26 00:07:26 
Mar 26 00:07:26 京东商城-转盘签到成功 
Mar 26 00:07:26 
Mar 26 00:07:26 京东商城-闪购签到成功 
Mar 26 00:07:26 
Mar 26 00:07:26 京东现金-红包签到成功 
Mar 26 00:07:26 
Mar 26 00:07:26 京东魔方-尝试查询活动(2) 
Mar 26 00:07:26 
Mar 26 00:07:26 京东魔方-尝试查询活动(1) 
Mar 26 00:07:26 
Mar 26 00:07:26 京东商城-魔方签到失败 
Mar 26 00:07:26 
Mar 26 00:07:26 京东商城-现金签到成功 
Mar 26 00:07:26 
Mar 26 00:07:26 京东商城-金贴签到成功 
Mar 26 00:07:26 
Mar 26 00:07:26 京东商城-摇一摇签到失败 
Mar 26 00:07:26 
Mar 26 00:07:26 京东秒杀-红包查询成功 
Mar 26 00:07:26 
Mar 26 00:07:26 京东秒杀-红包签到成功 
Mar 26 00:07:26 
Mar 26 00:07:26 京东汽车-检查签到状态 
Mar 26 00:07:26 
Mar 26 00:07:26 京东商城-汽车签到成功 
Mar 26 00:07:26 
Mar 26 00:07:26 京东金融-签贰查询成功 
Mar 26 00:07:26 
Mar 26 00:07:26 京东金融-签贰签到成功 
Mar 26 00:07:26 
Mar 26 00:07:26 京东金融-签叁查询成功 
Mar 26 00:07:26 
Mar 26 00:07:26 京东金融-签叁签到成功 
Mar 26 00:07:26 
Mar 26 00:07:26 京东金融-签肆查询成功 
Mar 26 00:07:26 
Mar 26 00:07:26 京东金融-签肆签到成功 
Mar 26 00:07:26 
Mar 26 00:07:26 京东金融-签伍查询成功 
Mar 26 00:07:26 
Mar 26 00:07:26 京东金融-签伍签到成功 
Mar 26 00:07:26 
Mar 26 00:07:26 京东金融-签壹查询成功 
Mar 26 00:07:26 
Mar 26 00:07:26 京东金融-签壹签到成功 
Mar 26 00:07:26 
Mar 26 00:07:26 金融现金-双签查询成功 
Mar 26 00:07:26 
Mar 26 00:07:26 京东金贴-双签查询成功 
Mar 26 00:07:26 
Mar 26 00:07:26 京东商城-卡包签到成功(1)
Mar 26 00:07:26 
Mar 26 00:07:26 京东商城-定制签到成功(1)
Mar 26 00:07:26 
Mar 26 00:07:26 京东商城-箱包签到成功(1)
Mar 26 00:07:26 
Mar 26 00:07:26 京东商城-服饰签到成功(1)
Mar 26 00:07:26 
Mar 26 00:07:26 京东商城-校园签到成功(1)
Mar 26 00:07:26 
Mar 26 00:07:26 京东商城-健康关注店铺
Mar 26 00:07:26 
Mar 26 00:07:26 京东商城-健康签到失败(2)
Mar 26 00:07:26 
Mar 26 00:07:26 京东商城-鞋靴签到成功(1)
Mar 26 00:07:26 
Mar 26 00:07:26 京东商城-童装关注店铺
Mar 26 00:07:26 
Mar 26 00:07:26 京东商城-童装签到失败(2)
Mar 26 00:07:26 
Mar 26 00:07:26 京东商城-母婴关注店铺
Mar 26 00:07:26 
Mar 26 00:07:26 京东商城-母婴签到失败(2)
Mar 26 00:07:26 
Mar 26 00:07:26 京东商城-数码关注店铺
Mar 26 00:07:26 
Mar 26 00:07:26 京东商城-数码签到失败(2)
Mar 26 00:07:26 
Mar 26 00:07:26 京东商城-女装签到成功(1)
Mar 26 00:07:26 
Mar 26 00:07:26 京东商城-图书签到成功(1)
Mar 26 00:07:26 
Mar 26 00:07:26 京东拍拍-二手签到成功(1)
Mar 26 00:07:26 
Mar 26 00:07:26 京东商城-美妆关注店铺
Mar 26 00:07:26 
Mar 26 00:07:26 京东商城-美妆签到失败(2)
Mar 26 00:07:26 
Mar 26 00:07:26 京东商城-菜场二次查询
Mar 26 00:07:26 
Mar 26 00:07:26 京东商城-菜场签到成功(1)
Mar 26 00:07:26 
Mar 26 00:07:26 京东商城-清洁关注店铺
Mar 26 00:07:26 
Mar 26 00:07:26 京东商城-清洁签到失败(2)
Mar 26 00:07:26 
Mar 26 00:07:26 京东商城-个护关注店铺
Mar 26 00:07:26 
Mar 26 00:07:26 京东商城-个护签到失败(2)
Mar 26 00:07:26 
Mar 26 00:07:26 京东商城-珠宝签到成功(1)
Mar 26 00:07:26 
Mar 26 00:07:26 金融京豆-双签查询成功 
Mar 26 00:07:26 
Mar 26 00:07:26 天天加速-查询上次任务 
Mar 26 00:07:26 
Mar 26 00:07:26 天天加速-目前结束时间: 
Mar 26 00:07:26 2021-03-26 04:37:53 [81%]
Mar 26 00:07:26 
Mar 26 00:07:26 天天加速-查询到3个有效事件 
Mar 26 00:07:26 
Mar 26 00:07:26 天天加速-尝试领取第1个事件 
Mar 26 00:07:26 
Mar 26 00:07:26 天天加速-尝试领取第2个事件 
Mar 26 00:07:26 
Mar 26 00:07:26 天天加速-尝试领取第3个事件 
Mar 26 00:07:26 
Mar 26 00:07:26 天天加速-已成功领取3个事件
Mar 26 00:07:26 
Mar 26 00:07:26 天天加速-暂无有效道具 
Mar 26 00:07:26 
Mar 26 00:07:26 天天加速-查询成功3个道具ID 
Mar 26 00:07:26 
Mar 26 00:07:26 天天加速-尝试使用第1个道具 (1.001s)
Mar 26 00:07:26 
Mar 26 00:07:26 天天加速-尝试使用第2个道具 (1.001s)
Mar 26 00:07:26 
Mar 26 00:07:26 天天加速-尝试使用第3个道具 (1.001s)
Mar 26 00:07:26 
Mar 26 00:07:26 天天加速-已成功使用2个道具
Mar 26 00:07:26 
Mar 26 00:07:26 天天加速-再次检查任务 
Mar 26 00:07:26 
Mar 26 00:07:26 天天加速-领取本次奖励成功
Mar 26 00:07:26 
Mar 26 00:07:26 天天加速-开始下轮任务 
Mar 26 00:07:26 
Mar 26 00:07:26 天天加速-目前结束时间: 
Mar 26 00:07:26 2021-03-27 00:07:25 [0%]
Mar 26 00:07:26 
Mar 26 00:07:26 天天加速-查询成功1个道具ID 
Mar 26 00:07:26 
Mar 26 00:07:26 天天加速-尝试使用第1个道具 (1.001s)
Mar 26 00:07:26 
Mar 26 00:07:26 天天加速-已成功使用0个道具
Mar 26 00:07:26 
Mar 26 00:07:26 京东-总金贴查询成功 
Mar 26 00:07:26 
Mar 26 00:07:26 京东-总红包查询成功 
Mar 26 00:07:26 
Mar 26 00:07:26 ‼️账户京豆-查询发生错误
Mar 26 00:07:26 ‼️名称: TypeError
Mar 26 00:07:26 ‼️描述: Cannot read property 'headImageUrl' of undefined
Mar 26 00:07:26 ‼️状态: 200
Mar 26 00:07:26 ‼️响应: {
Mar 26 00:07:26         "retcode":101,
Mar 26 00:07:26         "msg":"Frequency limit"
Mar 26 00:07:26 }
Mar 26 00:07:26 
Mar 26 00:07:26 京东-总钢镚查询成功 
Mar 26 00:07:26 
Mar 26 00:07:26 京东-总现金查询成功 
Mar 26 00:07:26 
Mar 26 00:07:26 
Mar 26 00:07:26 【签到概览】:  成功31个, 失败9个, 错误1个
Mar 26 00:07:26 【签到奖励】:  28京豆, 0.01钢镚
Mar 26 00:07:26 【其他奖励】:  0.17红包, 0.04金贴, 0.07现金
Mar 26 00:07:26 【账号总计】:  0.53钢镚
Mar 26 00:07:26 【其他总计】:  0.34金贴, 8.69现金, 2.94红包
Mar 26 00:07:26 
Mar 26 00:07:26 京东商城-京豆: 成功, 明细: 4京豆 🐶
Mar 26 00:07:26 京东商城-超市: 成功, 明细: 无京豆 🐶
Mar 26 00:07:26 京东金融-钢镚: 成功, 明细: 0.01钢镚 💰
Mar 26 00:07:26 京东商城-转盘: 成功, 明细: 5京豆 🐶
Mar 26 00:07:26 京东商城-转盘: 多次, 状态: 未中奖 🐶
Mar 26 00:07:26 京东商城-闪购: 成功, 明细: 2京豆 🐶
Mar 26 00:07:26 京东现金-红包: 成功, 明细: 0.05红包 🧧
Mar 26 00:07:26 京东商城-魔方: 失败, 原因: 无机会 ⚠️
Mar 26 00:07:26 京东商城-现金: 成功, 明细: 0.04现金 💰
Mar 26 00:07:26 京东商城-金贴: 成功, 明细: 0.01金贴 💰
Mar 26 00:07:26 京东商城-摇摇: 失败, 原因: 已摇过 ⚠️
Mar 26 00:07:26 京东秒杀-红包: 成功, 明细: 0.12红包 🧧
Mar 26 00:07:26 京东商城-汽车: 成功, 明细: 1京豆 🐶
Mar 26 00:07:26 京东金融-签贰: 成功, 明细: 3京豆 🐶
Mar 26 00:07:26 京东金融-签叁: 成功, 明细: 1京豆 🐶
Mar 26 00:07:26 京东金融-签肆: 成功, 明细: 3京豆 🐶
Mar 26 00:07:26 京东金融-签伍: 成功, 明细: 3京豆 🐶
Mar 26 00:07:26 京东金融-签壹: 成功, 明细: 3京豆 🐶
Mar 26 00:07:26 金融现金-双签: 成功, 明细: 0.03现金 💰
Mar 26 00:07:26 京东金贴-双签: 成功, 明细: 0.03金贴 💰
Mar 26 00:07:26 京东商城-卡包: 成功, 明细: 无京豆 🐶
Mar 26 00:07:26 京东商城-定制: 成功, 明细: 无京豆 🐶
Mar 26 00:07:26 京东商城-箱包: 成功, 明细: 无京豆 🐶
Mar 26 00:07:26 京东商城-服饰: 成功, 明细: 无京豆 🐶
Mar 26 00:07:26 京东商城-校园: 成功, 明细: 无京豆 🐶
Mar 26 00:07:26 京东商城-健康: 失败, 请进行验证 ⚠️
Mar 26 00:07:26 京东商城-鞋靴: 成功, 明细: 无京豆 🐶
Mar 26 00:07:26 京东商城-童装: 失败, 请进行验证 ⚠️
Mar 26 00:07:26 京东商城-母婴: 失败, 请进行验证 ⚠️
Mar 26 00:07:26 京东商城-数码: 失败, 请进行验证 ⚠️
Mar 26 00:07:26 京东商城-女装: 成功, 明细: 无京豆 🐶
Mar 26 00:07:26 京东商城-图书: 成功, 明细: 无京豆 🐶
Mar 26 00:07:26 京东拍拍-二手: 成功, 明细: 无京豆 🐶
Mar 26 00:07:26 京东商城-美妆: 失败, 请进行验证 ⚠️
Mar 26 00:07:26 京东商城-菜场: 成功, 明细: 无京豆 🐶
Mar 26 00:07:26 京东商城-清洁: 失败, 请进行验证 ⚠️
Mar 26 00:07:26 京东商城-个护: 失败, 请进行验证 ⚠️
Mar 26 00:07:26 京东商城-珠宝: 成功, 明细: 无京豆 🐶
Mar 26 00:07:26 金融京豆-双签: 成功, 明细: 1京豆 🐶
Mar 26 00:07:26 京东天天-加速: 成功, 明细: 2京豆 🐶
Mar 26 00:07:26 账户京豆-查询: 异常, 已输出日志 ‼️
Mar 26 00:07:26 
Mar 26 00:07:26 签到用时: 18.79 秒
Mar 26 00:07:26 
Mar 26 00:07:26 👆👆👆👆👆👆👆👆👆LOG记录👆👆👆👆👆👆👆👆👆👆👆
Mar 26 00:07:26 
Mar 26 00:07:26 
Mar 26 00:07:26 *****************京东账号1 burst3166京豆签到完成*******************
Mar 26 00:07:26 
Mar 26 00:07:26 
Mar 26 00:07:26 您未提供server酱的SCKEY，取消微信推送消息通知🚫
Mar 26 00:07:26 
Mar 26 00:07:26 您未提供push+推送所需的PUSH_PLUS_TOKEN，取消push+推送消息通知🚫
Mar 26 00:07:26 
Mar 26 00:07:26 您未提供Bark的APP推送BARK_PUSH，取消Bark推送消息通知🚫
Mar 26 00:07:26 
Mar 26 00:07:26 您未提供telegram机器人推送所需的TG_BOT_TOKEN和TG_USER_ID，取消telegram推送消息通知🚫
Mar 26 00:07:26 
Mar 26 00:07:26 您未提供企业微信机器人推送所需的QYWX_KEY，取消企业微信推送消息通知🚫
Mar 26 00:07:26 
Mar 26 00:07:26 您未提供企业微信应用消息推送所需的QYWX_AM，取消企业微信应用消息推送消息通知🚫
Mar 26 00:07:26 
Mar 26 00:07:26 您未提供iGot的推送IGOT_PUSH_KEY，取消iGot推送消息通知🚫
Mar 26 00:07:26 
Mar 26 00:07:26 钉钉发送通知消息成功🎉。
Mar 26 00:07:26 
Mar 26 00:07:26 
Mar 26 00:07:26 🔔京东多合一签到, 结束! 🕛 25.101 秒
Mar 26 00:07:26 
Mar 26 17:07:01 
Mar 26 17:07:01 🔔京东多合一签到, 开始!
Mar 26 17:07:01 
Mar 26 17:07:01 ====================共1个京东账号Cookie=========
Mar 26 17:07:01 
Mar 26 17:07:01 ==================脚本执行- 北京时间(UTC+8)：3/26/2021, 5:07:01 PM=====================
Mar 26 17:07:01 
Mar 26 17:07:03 JD_DailyBonus.js文件下载完毕
Mar 26 17:07:03 
Mar 26 17:07:03 
Mar 26 17:07:03 *****************开始京东账号1 burst3166京豆签到*******************
Mar 26 17:07:03 
Mar 26 17:07:03 开始替换变量
Mar 26 17:07:03 替换变量完毕
Mar 26 17:07:03 
Mar 26 17:07:03 开始执行脚本签到，请稍等
Mar 26 17:07:18 👇👇👇👇👇👇👇👇👇👇👇LOG记录👇👇👇👇👇👇👇👇👇👇👇
Mar 26 17:07:18 
Mar 26 17:07:18 京东商城-京豆签到失败 
Mar 26 17:07:18 
Mar 26 17:07:18 京东商城-超市签到失败 
Mar 26 17:07:18 
Mar 26 17:07:18 京东金融-钢镚签到失败 
Mar 26 17:07:18 
Mar 26 17:07:18 京东商城-转盘查询成功 
Mar 26 17:07:18 
Mar 26 17:07:18 京东商城-转盘签到失败 
Mar 26 17:07:18 
Mar 26 17:07:18 京东商城-闪购签到失败 
Mar 26 17:07:18 
Mar 26 17:07:18 京东现金-红包签到失败 
Mar 26 17:07:18 
Mar 26 17:07:18 京东魔方-尝试查询活动(2) 
Mar 26 17:07:18 
Mar 26 17:07:18 京东魔方-尝试查询活动(1) 
Mar 26 17:07:18 
Mar 26 17:07:18 京东商城-魔方签到失败 
Mar 26 17:07:18 
Mar 26 17:07:18 京东商城-现金签到失败 
Mar 26 17:07:18 
Mar 26 17:07:18 京东商城-金贴签到失败 
Mar 26 17:07:18 
Mar 26 17:07:18 京东商城-摇一摇签到失败 
Mar 26 17:07:18 
Mar 26 17:07:18 京东秒杀-红包查询成功 
Mar 26 17:07:18 
Mar 26 17:07:18 京东秒杀-红包签到失败 
Mar 26 17:07:18 
Mar 26 17:07:18 京东汽车-检查签到状态 
Mar 26 17:07:18 
Mar 26 17:07:18 京东金融-签贰查询成功 
Mar 26 17:07:18 
Mar 26 17:07:18 京东金融-签叁查询成功 
Mar 26 17:07:18 
Mar 26 17:07:18 京东金融-签肆查询成功 
Mar 26 17:07:18 
Mar 26 17:07:18 京东金融-签伍查询成功 
Mar 26 17:07:18 
Mar 26 17:07:18 京东金融-签壹查询成功 
Mar 26 17:07:18 
Mar 26 17:07:18 金融现金-双签查询成功 
Mar 26 17:07:18 
Mar 26 17:07:18 京东金贴-双签查询成功 
Mar 26 17:07:18 
Mar 26 17:07:18 京东商城-卡包重复签到
Mar 26 17:07:18 
Mar 26 17:07:18 京东商城-定制重复签到
Mar 26 17:07:18 
Mar 26 17:07:18 京东商城-箱包签到失败(1)
Mar 26 17:07:18 
Mar 26 17:07:18 京东商城-服饰重复签到
Mar 26 17:07:18 
Mar 26 17:07:18 京东商城-校园重复签到
Mar 26 17:07:18 
Mar 26 17:07:18 京东商城-健康关注店铺
Mar 26 17:07:18 
Mar 26 17:07:18 京东商城-健康签到失败(2)
Mar 26 17:07:18 
Mar 26 17:07:18 京东商城-鞋靴签到失败(1)
Mar 26 17:07:18 
Mar 26 17:07:18 京东商城-童装关注店铺
Mar 26 17:07:18 
Mar 26 17:07:18 京东商城-童装签到失败(2)
Mar 26 17:07:18 
Mar 26 17:07:18 京东商城-母婴关注店铺
Mar 26 17:07:18 
Mar 26 17:07:18 京东商城-母婴签到失败(2)
Mar 26 17:07:18 
Mar 26 17:07:18 京东商城-数码关注店铺
Mar 26 17:07:18 
Mar 26 17:07:18 京东商城-数码签到失败(2)
Mar 26 17:07:18 
Mar 26 17:07:18 京东商城-女装签到失败(1)
Mar 26 17:07:18 
Mar 26 17:07:18 京东商城-图书重复签到
Mar 26 17:07:18 
Mar 26 17:07:18 京东拍拍-二手重复签到
Mar 26 17:07:18 
Mar 26 17:07:18 京东商城-美妆关注店铺
Mar 26 17:07:18 
Mar 26 17:07:18 京东商城-美妆签到失败(2)
Mar 26 17:07:18 
Mar 26 17:07:18 京东商城-菜场二次查询
Mar 26 17:07:18 
Mar 26 17:07:18 京东商城-菜场签到失败(1)
Mar 26 17:07:18 
Mar 26 17:07:18 京东商城-清洁关注店铺
Mar 26 17:07:18 
Mar 26 17:07:18 京东商城-清洁签到失败(2)
Mar 26 17:07:18 
Mar 26 17:07:18 京东商城-个护关注店铺
Mar 26 17:07:18 
Mar 26 17:07:18 京东商城-个护签到失败(2)
Mar 26 17:07:18 
Mar 26 17:07:18 京东商城-珠宝签到失败(1)
Mar 26 17:07:18 
Mar 26 17:07:18 金融京豆-双签查询成功 
Mar 26 17:07:18 
Mar 26 17:07:18 天天加速-查询上次任务 
Mar 26 17:07:18 
Mar 26 17:07:18 天天加速-目前结束时间: 
Mar 26 17:07:18 2021-03-27 11:18:21 [24%]
Mar 26 17:07:18 
Mar 26 17:07:18 天天加速-暂无太空事件 
Mar 26 17:07:18 
Mar 26 17:07:18 天天加速-暂无有效道具 
Mar 26 17:07:18 
Mar 26 17:07:18 天天加速-查询成功3个道具ID 
Mar 26 17:07:18 
Mar 26 17:07:18 天天加速-尝试使用第1个道具 (1.001s)
Mar 26 17:07:18 
Mar 26 17:07:18 天天加速-尝试使用第2个道具 (1.001s)
Mar 26 17:07:18 
Mar 26 17:07:18 天天加速-尝试使用第3个道具 (1.001s)
Mar 26 17:07:18 
Mar 26 17:07:18 天天加速-已成功使用3个道具
Mar 26 17:07:18 
Mar 26 17:07:18 天天加速-再次检查任务 
Mar 26 17:07:18 
Mar 26 17:07:18 天天加速-目前结束时间: 
Mar 26 17:07:18 2021-03-26 22:48:21 [76%]
Mar 26 17:07:18 
Mar 26 17:07:18 天天加速-查询无道具ID 
Mar 26 17:07:18 
Mar 26 17:07:18 京东-总红包查询成功 
Mar 26 17:07:18 
Mar 26 17:07:18 京东-总钢镚查询成功 
Mar 26 17:07:18 
Mar 26 17:07:18 京东-总金贴查询成功 
Mar 26 17:07:18 
Mar 26 17:07:18 ‼️账户京豆-查询发生错误
Mar 26 17:07:18 ‼️名称: TypeError
Mar 26 17:07:18 ‼️描述: Cannot read property 'headImageUrl' of undefined
Mar 26 17:07:18 ‼️状态: 200
Mar 26 17:07:18 ‼️响应: {
Mar 26 17:07:18         "retcode":101,
Mar 26 17:07:18         "msg":"Frequency limit"
Mar 26 17:07:18 }
Mar 26 17:07:18 
Mar 26 17:07:18 京东-总现金查询成功 
Mar 26 17:07:18 
Mar 26 17:07:18 
Mar 26 17:07:18 【签到概览】:  失败39个, 错误1个
Mar 26 17:07:18 【账号总计】:  0.54钢镚
Mar 26 17:07:18 【其他总计】:  0.34金贴, 9.1现金, 3.08红包
Mar 26 17:07:18 
Mar 26 17:07:18 京东商城-京豆: 失败, 原因: 已签过 ⚠️
Mar 26 17:07:18 京东商城-超市: 失败, 原因: 已签过 ⚠️
Mar 26 17:07:18 京东金融-钢镚: 失败, 原因: 已签过 ⚠️
Mar 26 17:07:18 京东商城-转盘: 失败, 原因: 已转过 ⚠️
Mar 26 17:07:18 京东商城-闪购: 失败, 原因: 已签过 ⚠️
Mar 26 17:07:18 京东现金-红包: 失败, 原因: 已签过 ⚠️
Mar 26 17:07:18 京东商城-魔方: 失败, 原因: 无机会 ⚠️
Mar 26 17:07:18 京东商城-现金: 失败, 原因: 已签过 ⚠️
Mar 26 17:07:18 京东商城-金贴: 失败, 原因: 已签过 ⚠️
Mar 26 17:07:18 京东商城-摇摇: 失败, 原因: 已摇过 ⚠️
Mar 26 17:07:18 京东秒杀-红包: 失败, 原因: 已领取 ⚠️
Mar 26 17:07:18 京东商城-汽车: 失败, 原因: 已签过 ⚠️
Mar 26 17:07:18 京东金融-签贰: 失败, 原因: 已签过 ⚠️
Mar 26 17:07:18 京东金融-签叁: 失败, 原因: 已签过 ⚠️
Mar 26 17:07:18 京东金融-签肆: 失败, 原因: 已签过 ⚠️
Mar 26 17:07:18 京东金融-签伍: 失败, 原因: 已签过 ⚠️
Mar 26 17:07:18 京东金融-签壹: 失败, 原因: 已签过 ⚠️
Mar 26 17:07:18 金融现金-双签: 失败, 原因: 已签过 ⚠️
Mar 26 17:07:18 京东金贴-双签: 失败, 原因: 已签过 ⚠️
Mar 26 17:07:18 京东商城-卡包: 失败, 原因: 已签过 ⚠️
Mar 26 17:07:18 京东商城-定制: 失败, 原因: 已签过 ⚠️
Mar 26 17:07:18 京东商城-箱包: 失败, 原因: 已签过 ⚠️
Mar 26 17:07:18 京东商城-服饰: 失败, 原因: 已签过 ⚠️
Mar 26 17:07:18 京东商城-校园: 失败, 原因: 已签过 ⚠️
Mar 26 17:07:18 京东商城-健康: 失败, 请进行验证 ⚠️
Mar 26 17:07:18 京东商城-鞋靴: 失败, 原因: 已签过 ⚠️
Mar 26 17:07:18 京东商城-童装: 失败, 请进行验证 ⚠️
Mar 26 17:07:18 京东商城-母婴: 失败, 请进行验证 ⚠️
Mar 26 17:07:18 京东商城-数码: 失败, 请进行验证 ⚠️
Mar 26 17:07:18 京东商城-女装: 失败, 原因: 已签过 ⚠️
Mar 26 17:07:18 京东商城-图书: 失败, 原因: 已签过 ⚠️
Mar 26 17:07:18 京东拍拍-二手: 失败, 原因: 已签过 ⚠️
Mar 26 17:07:18 京东商城-美妆: 失败, 请进行验证 ⚠️
Mar 26 17:07:18 京东商城-菜场: 失败, 原因: 已签过 ⚠️
Mar 26 17:07:18 京东商城-清洁: 失败, 请进行验证 ⚠️
Mar 26 17:07:18 京东商城-个护: 失败, 请进行验证 ⚠️
Mar 26 17:07:18 京东商城-珠宝: 失败, 原因: 已签过 ⚠️
Mar 26 17:07:18 金融京豆-双签: 失败, 原因: 已签过 ⚠️
Mar 26 17:07:18 京东天天-加速: 失败, 加速中[76%] ⚠️
Mar 26 17:07:18 账户京豆-查询: 异常, 已输出日志 ‼️
Mar 26 17:07:18 
Mar 26 17:07:18 签到用时: 14.48 秒
Mar 26 17:07:18 
Mar 26 17:07:18 👆👆👆👆👆👆👆👆👆LOG记录👆👆👆👆👆👆👆👆👆👆👆
Mar 26 17:07:18 
Mar 26 17:07:18 
Mar 26 17:07:18 *****************京东账号1 burst3166京豆签到完成*******************
Mar 26 17:07:18 
Mar 26 17:07:18 
Mar 26 17:07:18 您未提供server酱的SCKEY，取消微信推送消息通知🚫
Mar 26 17:07:18 
Mar 26 17:07:18 您未提供push+推送所需的PUSH_PLUS_TOKEN，取消push+推送消息通知🚫
Mar 26 17:07:18 
Mar 26 17:07:18 您未提供Bark的APP推送BARK_PUSH，取消Bark推送消息通知🚫
Mar 26 17:07:18 
Mar 26 17:07:18 您未提供telegram机器人推送所需的TG_BOT_TOKEN和TG_USER_ID，取消telegram推送消息通知🚫
Mar 26 17:07:18 
Mar 26 17:07:18 您未提供企业微信机器人推送所需的QYWX_KEY，取消企业微信推送消息通知🚫
Mar 26 17:07:18 
Mar 26 17:07:18 您未提供企业微信应用消息推送所需的QYWX_AM，取消企业微信应用消息推送消息通知🚫
Mar 26 17:07:18 
Mar 26 17:07:18 您未提供iGot的推送IGOT_PUSH_KEY，取消iGot推送消息通知🚫
Mar 26 17:07:18 
Mar 26 17:07:18 钉钉发送通知消息成功🎉。
Mar 26 17:07:18 
Mar 26 17:07:18 
Mar 26 17:07:18 🔔京东多合一签到, 结束! 🕛 17.416 秒
Mar 26 17:07:18 
