Mar 31 08:38:17 
Mar 31 08:38:17 🔔口袋书店, 开始!
Mar 31 08:38:17 
Mar 31 08:38:17 ====================共1个京东账号Cookie=========
Mar 31 08:38:17 
Mar 31 08:38:17 ==================脚本执行- 北京时间(UTC+8)：3/31/2021, 8:38:17 AM=====================
Mar 31 08:38:17 
Mar 31 08:38:17 开始获取口袋书店配置文件
Mar 31 08:38:17 
Mar 31 08:38:17 共1个京东账号
Mar 31 08:38:17 
Mar 31 08:38:17 您提供了0个账号的口袋书店助力码
Mar 31 08:38:17 
Mar 31 08:38:17 
Mar 31 08:38:17 ******开始【京东账号1】burst3166*********
Mar 31 08:38:17 
Mar 31 08:38:17 由于您第1个京东账号未提供shareCode,将采纳本脚本自带的助力码
Mar 31 08:38:17 
Mar 31 08:38:17 第1个京东账号将要助力的好友["28a699ac78d74aa3b31f7103597f8927","2f14ee9c92954cf79829320dd482bf49","fdf827db272543d88dbb51a505c2e869","ce2536153a8742fb9e8754a9a7d361da","38ba4e7ba8074b78851e928af2b4f6b2"]
Mar 31 08:40:19 口袋书店 API请求失败，请检查网路重试
Mar 31 08:40:20 今日助力情况0/10
Mar 31 08:40:20 SyntaxError: Unexpected end of JSON input
Mar 31 08:40:20     at JSON.parse (<anonymous>)
Mar 31 08:40:20     at safeGet (/scripts/jd_bookshop.js:705:21)
Mar 31 08:40:20     at /scripts/jd_bookshop.js:426:15
Mar 31 08:40:20     at got.post.then.message (/scripts/jd_bookshop.js:727:5772)
Mar 31 08:40:20     at processTicksAndRejections (internal/process/task_queues.js:97:5)
Mar 31 08:40:20 京东服务器访问数据为空，请检查自身设备网络情况
Mar 31 08:40:20 SyntaxError: Unexpected end of JSON input
Mar 31 08:40:20     at JSON.parse (<anonymous>)
Mar 31 08:40:20     at safeGet (/scripts/jd_bookshop.js:705:21)
Mar 31 08:40:20     at /scripts/jd_bookshop.js:481:15
Mar 31 08:40:20     at got.post.then.message (/scripts/jd_bookshop.js:727:5772)
Mar 31 08:40:20     at processTicksAndRejections (internal/process/task_queues.js:97:5)
Mar 31 08:40:20 京东服务器访问数据为空，请检查自身设备网络情况
Mar 31 08:40:20 
Mar 31 08:40:20 ❌ 口袋书店, 失败! 原因: TypeError: Cannot read property 'storeGold' of undefined!
Mar 31 08:40:20 
Mar 31 08:40:20 
Mar 31 08:40:20 🔔口袋书店, 结束! 🕛 123.211 秒
Mar 31 08:40:20 
Mar 31 12:38:19 
Mar 31 12:38:19 🔔口袋书店, 开始!
Mar 31 12:38:19 
Mar 31 12:38:19 ====================共1个京东账号Cookie=========
Mar 31 12:38:19 
Mar 31 12:38:19 ==================脚本执行- 北京时间(UTC+8)：3/31/2021, 12:38:19 PM=====================
Mar 31 12:38:19 
Mar 31 12:38:19 开始获取口袋书店配置文件
Mar 31 12:38:19 
Mar 31 12:38:19 共1个京东账号
Mar 31 12:38:19 
Mar 31 12:38:19 您提供了0个账号的口袋书店助力码
Mar 31 12:38:19 
Mar 31 12:38:20 
Mar 31 12:38:20 ******开始【京东账号1】burst3166*********
Mar 31 12:38:20 
Mar 31 12:38:20 由于您第1个京东账号未提供shareCode,将采纳本脚本自带的助力码
Mar 31 12:38:20 
Mar 31 12:38:20 第1个京东账号将要助力的好友["28a699ac78d74aa3b31f7103597f8927","2f14ee9c92954cf79829320dd482bf49","fdf827db272543d88dbb51a505c2e869","ce2536153a8742fb9e8754a9a7d361da","38ba4e7ba8074b78851e928af2b4f6b2"]
Mar 31 12:38:21 用户【IS_FREEDOM】信息获取成功
Mar 31 12:38:21 
Mar 31 12:38:21 【京东账号1（burst3166）的口袋书店好友互助码】1cd9e26c41044f1eae7dd2ff27dd85a9
Mar 31 12:38:21 
Mar 31 12:38:21 去做关注店铺任务
Mar 31 12:38:21 任务完成成功，获得500积分
Mar 31 12:38:21 去做每日签到任务
Mar 31 12:38:21 任务完成成功，获得100积分
Mar 31 12:38:21 去做浏览店铺任务
Mar 31 12:38:22 任务完成成功，获得100积分
Mar 31 12:38:22 任务完成成功，获得100积分
Mar 31 12:39:23 口袋书店 API请求失败，请检查网路重试
Mar 31 12:39:23 任务完成成功，获得100积分
Mar 31 12:39:24 任务完成成功，获得100积分
Mar 31 12:39:25 任务完成成功，获得100积分
Mar 31 12:39:25 任务完成成功，获得100积分
Mar 31 12:39:26 任务完成成功，获得100积分
Mar 31 12:39:27 任务完成成功，获得100积分
Mar 31 12:39:28 任务完成成功，获得100积分
Mar 31 12:39:28 去做逛会场任务
Mar 31 12:39:28 任务完成成功，获得100积分
Mar 31 12:39:29 任务完成成功，获得100积分
Mar 31 12:39:30 任务完成成功，获得100积分
Mar 31 12:39:30 任务完成成功，获得100积分
Mar 31 12:39:31 任务完成成功，获得100积分
Mar 31 12:39:32 任务完成成功，获得100积分
Mar 31 12:39:32 去做浏览商品任务
Mar 31 12:39:32 任务完成成功，获得50积分
Mar 31 12:39:33 任务完成成功，获得50积分
Mar 31 12:40:33 口袋书店 API请求失败，请检查网路重试
Mar 31 12:40:34 任务完成成功，获得50积分
Mar 31 12:40:35 任务完成成功，获得50积分
Mar 31 12:40:36 任务完成成功，获得50积分
Mar 31 12:40:37 任务完成成功，获得50积分
Mar 31 12:40:37 任务完成成功，获得50积分
Mar 31 12:41:38 口袋书店 API请求失败，请检查网路重试
Mar 31 12:41:39 任务完成成功，获得50积分
Mar 31 12:41:39 任务完成成功，获得50积分
Mar 31 12:41:58 口袋书店 API请求失败，请检查网路重试
Mar 31 12:41:59 任务完成成功，获得50积分
Mar 31 12:42:00 任务完成成功，获得50积分
Mar 31 12:42:00 任务完成成功，获得50积分
Mar 31 12:42:01 任务完成成功，获得50积分
Mar 31 12:42:02 任务完成成功，获得50积分
Mar 31 12:42:02 任务完成成功，获得50积分
Mar 31 12:42:03 今日助力情况1/10
Mar 31 12:42:03 拥有3450积分，可购买345本
Mar 31 12:42:03 购买【云中记】成功
Mar 31 12:43:03 口袋书店 API请求失败，请检查网路重试
Mar 31 12:43:04 金币大于800，去抽奖
Mar 31 12:44:08 口袋书店 API请求失败，请检查网路重试
Mar 31 12:45:39 口袋书店 API请求失败，请检查网路重试
Mar 31 12:46:40 口袋书店 API请求失败，请检查网路重试
Mar 31 12:47:53 口袋书店 API请求失败，请检查网路重试
Mar 31 12:48:55 口袋书店 API请求失败，请检查网路重试
Mar 31 12:50:00 口袋书店 API请求失败，请检查网路重试
Mar 31 12:51:08 口袋书店 API请求失败，请检查网路重试
Mar 31 12:52:34 口袋书店 API请求失败，请检查网路重试
Mar 31 12:53:38 口袋书店 API请求失败，请检查网路重试
Mar 31 12:54:44 口袋书店 API请求失败，请检查网路重试
Mar 31 12:55:11 口袋书店 API请求失败，请检查网路重试
Mar 31 12:56:22 口袋书店 API请求失败，请检查网路重试
Mar 31 12:57:30 口袋书店 API请求失败，请检查网路重试
Mar 31 12:58:38 口袋书店 API请求失败，请检查网路重试
Mar 31 12:59:51 口袋书店 API请求失败，请检查网路重试
Mar 31 12:59:52 去助力好友28a699ac78d74aa3b31f7103597f8927
Mar 31 12:59:53 去助力好友2f14ee9c92954cf79829320dd482bf49
Mar 31 12:59:54 去助力好友fdf827db272543d88dbb51a505c2e869
Mar 31 12:59:54 去助力好友ce2536153a8742fb9e8754a9a7d361da
Mar 31 12:59:55 去助力好友38ba4e7ba8074b78851e928af2b4f6b2
Mar 31 12:59:56 
Mar 31 12:59:56 ==============📣系统通知📣==============
Mar 31 12:59:56 口袋书店
Mar 31 12:59:56 京东账号1burst3166
Mar 31 12:59:56 本次运行获得积分2850
Mar 31 12:59:56 
Mar 31 12:59:56 🔔口袋书店, 结束! 🕛 1296.913 秒
Mar 31 12:59:56 
Mar 31 18:38:03 
Mar 31 18:38:03 🔔口袋书店, 开始!
Mar 31 18:38:03 
Mar 31 18:38:03 ====================共1个京东账号Cookie=========
Mar 31 18:38:03 
Mar 31 18:38:03 ==================脚本执行- 北京时间(UTC+8)：3/31/2021, 6:38:03 PM=====================
Mar 31 18:38:03 
Mar 31 18:38:03 开始获取口袋书店配置文件
Mar 31 18:38:03 
Mar 31 18:38:03 共1个京东账号
Mar 31 18:38:03 
Mar 31 18:38:03 您提供了0个账号的口袋书店助力码
Mar 31 18:38:03 
Mar 31 18:38:03 
Mar 31 18:38:03 ******开始【京东账号1】burst3166*********
Mar 31 18:38:03 
Mar 31 18:38:03 由于您第1个京东账号未提供shareCode,将采纳本脚本自带的助力码
Mar 31 18:38:03 
Mar 31 18:38:03 第1个京东账号将要助力的好友["28a699ac78d74aa3b31f7103597f8927","2f14ee9c92954cf79829320dd482bf49","fdf827db272543d88dbb51a505c2e869","ce2536153a8742fb9e8754a9a7d361da","38ba4e7ba8074b78851e928af2b4f6b2"]
Mar 31 18:38:06 用户【IS_FREEDOM】信息获取成功
Mar 31 18:38:06 
Mar 31 18:38:06 【京东账号1（burst3166）的口袋书店好友互助码】1cd9e26c41044f1eae7dd2ff27dd85a9
Mar 31 18:38:06 
Mar 31 18:38:06 去做每日签到任务
Mar 31 18:38:07 任务完成成功，获得100积分
Mar 31 18:38:07 去做浏览店铺任务
Mar 31 18:38:07 任务完成成功，获得100积分
Mar 31 18:38:08 去做浏览商品任务
Mar 31 18:38:08 任务完成成功，获得50积分
Mar 31 18:38:09 任务完成成功，获得50积分
Mar 31 18:38:09 任务完成成功，获得50积分
Mar 31 18:38:10 今日助力情况1/10
Mar 31 18:38:11 拥有350积分，可购买35本
Mar 31 18:38:11 购买【云中记】成功
Mar 31 18:38:11 金币大于800，去抽奖
Mar 31 18:39:43 口袋书店 API请求失败，请检查网路重试
Mar 31 18:41:01 口袋书店 API请求失败，请检查网路重试
Mar 31 18:42:13 口袋书店 API请求失败，请检查网路重试
Mar 31 18:43:14 口袋书店 API请求失败，请检查网路重试
Mar 31 18:43:42 口袋书店 API请求失败，请检查网路重试
Mar 31 18:45:36 口袋书店 API请求失败，请检查网路重试
Mar 31 18:46:38 口袋书店 API请求失败，请检查网路重试
Mar 31 18:47:54 口袋书店 API请求失败，请检查网路重试
Mar 31 18:49:03 口袋书店 API请求失败，请检查网路重试
Mar 31 18:49:10 去助力好友28a699ac78d74aa3b31f7103597f8927
Mar 31 18:49:10 去助力好友2f14ee9c92954cf79829320dd482bf49
Mar 31 18:49:11 去助力好友fdf827db272543d88dbb51a505c2e869
Mar 31 18:49:12 去助力好友ce2536153a8742fb9e8754a9a7d361da
Mar 31 18:49:13 去助力好友38ba4e7ba8074b78851e928af2b4f6b2
Mar 31 18:49:14 
Mar 31 18:49:14 ==============📣系统通知📣==============
Mar 31 18:49:14 口袋书店
Mar 31 18:49:14 京东账号1burst3166
Mar 31 18:49:14 本次运行获得积分350
Mar 31 18:49:14 
Mar 31 18:49:14 🔔口袋书店, 结束! 🕛 671.005 秒
Mar 31 18:49:14 
Apr 01 08:38:29 
Apr 01 08:38:29 🔔口袋书店, 开始!
Apr 01 08:38:29 
Apr 01 08:38:29 ====================共1个京东账号Cookie=========
Apr 01 08:38:29 
Apr 01 08:38:29 ==================脚本执行- 北京时间(UTC+8)：4/1/2021, 8:38:29 AM=====================
Apr 01 08:38:29 
Apr 01 08:38:29 开始获取口袋书店配置文件
Apr 01 08:38:29 
Apr 01 08:38:29 共1个京东账号
Apr 01 08:38:29 
Apr 01 08:38:29 您提供了0个账号的口袋书店助力码
Apr 01 08:38:29 
Apr 01 08:38:30 
Apr 01 08:38:30 ******开始【京东账号1】burst3166*********
Apr 01 08:38:30 
Apr 01 08:38:30 由于您第1个京东账号未提供shareCode,将采纳本脚本自带的助力码
Apr 01 08:38:30 
Apr 01 08:38:30 第1个京东账号将要助力的好友["28a699ac78d74aa3b31f7103597f8927","2f14ee9c92954cf79829320dd482bf49","fdf827db272543d88dbb51a505c2e869","ce2536153a8742fb9e8754a9a7d361da","38ba4e7ba8074b78851e928af2b4f6b2"]
Apr 01 08:38:31 用户【IS_FREEDOM】信息获取成功
Apr 01 08:38:31 
Apr 01 08:38:31 【京东账号1（burst3166）的口袋书店好友互助码】1cd9e26c41044f1eae7dd2ff27dd85a9
Apr 01 08:38:31 
Apr 01 08:38:31 去做关注店铺任务
Apr 01 08:39:31 口袋书店 API请求失败，请检查网路重试
Apr 01 08:39:31 去做每日签到任务
Apr 01 08:39:31 任务完成成功，获得100积分
Apr 01 08:39:31 去做浏览店铺任务
Apr 01 08:39:32 任务完成成功，获得100积分
Apr 01 08:39:32 任务完成成功，获得100积分
Apr 01 08:39:33 任务完成成功，获得100积分
Apr 01 08:39:34 任务完成成功，获得100积分
Apr 01 08:39:34 任务完成成功，获得100积分
Apr 01 08:39:35 任务完成成功，获得100积分
Apr 01 08:39:36 任务完成成功，获得100积分
Apr 01 08:39:36 任务完成成功，获得100积分
Apr 01 08:39:37 任务完成成功，获得100积分
Apr 01 08:40:38 口袋书店 API请求失败，请检查网路重试
Apr 01 08:40:38 去做逛会场任务
Apr 01 08:40:38 任务完成成功，获得100积分
Apr 01 08:40:39 任务完成成功，获得100积分
Apr 01 08:40:40 任务完成成功，获得100积分
Apr 01 08:40:41 任务完成成功，获得100积分
Apr 01 08:40:41 任务完成成功，获得100积分
Apr 01 08:40:42 任务完成成功，获得100积分
Apr 01 08:40:43 去做浏览商品任务
Apr 01 08:40:43 任务完成成功，获得50积分
Apr 01 08:40:43 任务完成成功，获得50积分
Apr 01 08:40:44 任务完成成功，获得50积分
Apr 01 08:40:45 任务完成成功，获得50积分
Apr 01 08:40:47 任务完成成功，获得50积分
Apr 01 08:41:47 口袋书店 API请求失败，请检查网路重试
Apr 01 08:41:48 任务完成成功，获得50积分
Apr 01 08:41:49 任务完成成功，获得50积分
Apr 01 08:41:49 任务完成成功，获得50积分
Apr 01 08:41:50 任务完成成功，获得50积分
Apr 01 08:41:51 任务完成成功，获得50积分
Apr 01 08:41:51 任务完成成功，获得50积分
Apr 01 08:41:52 任务完成成功，获得50积分
Apr 01 08:41:52 任务完成成功，获得50积分
Apr 01 08:42:54 口袋书店 API请求失败，请检查网路重试
Apr 01 08:42:55 任务完成成功，获得50积分
Apr 01 08:42:56 任务完成成功，获得50积分
Apr 01 08:42:56 任务完成成功，获得50积分
Apr 01 08:42:57 今日助力情况0/10
Apr 01 08:42:57 拥有2600积分，可购买260本
Apr 01 08:42:57 购买【云中记】成功
Apr 01 08:42:58 金币大于800，去抽奖
Apr 01 08:44:18 口袋书店 API请求失败，请检查网路重试
Apr 01 12:38:10 
Apr 01 12:38:10 🔔口袋书店, 开始!
Apr 01 12:38:10 
Apr 01 12:38:10 ====================共1个京东账号Cookie=========
Apr 01 12:38:10 
Apr 01 12:38:10 ==================脚本执行- 北京时间(UTC+8)：4/1/2021, 12:38:10 PM=====================
Apr 01 12:38:10 
Apr 01 12:38:10 开始获取口袋书店配置文件
Apr 01 12:38:10 
Apr 01 12:38:10 共1个京东账号
Apr 01 12:38:10 
Apr 01 12:38:10 您提供了0个账号的口袋书店助力码
Apr 01 12:38:10 
Apr 01 12:38:11 
Apr 01 12:38:11 ******开始【京东账号1】burst3166*********
Apr 01 12:38:11 
Apr 01 12:38:11 由于您第1个京东账号未提供shareCode,将采纳本脚本自带的助力码
Apr 01 12:38:11 
Apr 01 12:38:11 第1个京东账号将要助力的好友["28a699ac78d74aa3b31f7103597f8927","2f14ee9c92954cf79829320dd482bf49","fdf827db272543d88dbb51a505c2e869","ce2536153a8742fb9e8754a9a7d361da","38ba4e7ba8074b78851e928af2b4f6b2"]
Apr 01 12:38:30 口袋书店 API请求失败，请检查网路重试
Apr 01 12:38:30 
Apr 01 12:38:30 【京东账号1（burst3166）的口袋书店好友互助码】1cd9e26c41044f1eae7dd2ff27dd85a9
Apr 01 12:38:30 
Apr 01 12:38:30 去做关注店铺任务
Apr 01 12:38:30 任务完成成功，获得500积分
Apr 01 12:38:30 去做每日签到任务
Apr 01 12:38:30 任务完成成功，获得100积分
Apr 01 12:38:30 去做浏览店铺任务
Apr 01 12:38:31 任务完成成功，获得100积分
Apr 01 12:38:31 去做浏览商品任务
Apr 01 12:38:31 任务完成成功，获得50积分
Apr 01 12:38:32 任务完成成功，获得50积分
Apr 01 12:38:33 今日助力情况0/10
Apr 01 12:38:33 拥有800积分，可购买80本
Apr 01 12:38:33 购买【云中记】成功
Apr 01 12:38:33 金币大于800，去抽奖
Apr 01 12:39:43 口袋书店 API请求失败，请检查网路重试
Apr 01 12:40:50 口袋书店 API请求失败，请检查网路重试
Apr 01 12:41:52 口袋书店 API请求失败，请检查网路重试
Apr 01 12:42:57 口袋书店 API请求失败，请检查网路重试
Apr 01 12:44:00 口袋书店 API请求失败，请检查网路重试
Apr 01 12:45:11 口袋书店 API请求失败，请检查网路重试
Apr 01 12:46:12 口袋书店 API请求失败，请检查网路重试
Apr 01 12:47:43 口袋书店 API请求失败，请检查网路重试
Apr 01 12:48:52 口袋书店 API请求失败，请检查网路重试
Apr 01 12:49:33 口袋书店 API请求失败，请检查网路重试
Apr 01 12:50:39 口袋书店 API请求失败，请检查网路重试
Apr 01 12:51:50 口袋书店 API请求失败，请检查网路重试
Apr 01 12:52:53 口袋书店 API请求失败，请检查网路重试
Apr 01 12:54:01 口袋书店 API请求失败，请检查网路重试
Apr 01 12:54:26 口袋书店 API请求失败，请检查网路重试
Apr 01 12:54:46 口袋书店 API请求失败，请检查网路重试
Apr 01 12:55:05 口袋书店 API请求失败，请检查网路重试
Apr 01 12:55:07 去助力好友28a699ac78d74aa3b31f7103597f8927
Apr 01 12:55:08 去助力好友2f14ee9c92954cf79829320dd482bf49
Apr 01 12:55:09 去助力好友fdf827db272543d88dbb51a505c2e869
Apr 01 12:56:09 口袋书店 API请求失败，请检查网路重试
Apr 01 12:56:10 去助力好友ce2536153a8742fb9e8754a9a7d361da
Apr 01 12:56:11 去助力好友38ba4e7ba8074b78851e928af2b4f6b2
Apr 01 12:56:11 
Apr 01 12:56:11 ==============📣系统通知📣==============
Apr 01 12:56:11 口袋书店
Apr 01 12:56:11 京东账号1burst3166
Apr 01 12:56:11 本次运行获得积分800
Apr 01 12:56:11 
Apr 01 12:56:11 🔔口袋书店, 结束! 🕛 1081.011 秒
Apr 01 12:56:11 
