Mar 31 10:20:22 
Mar 31 10:20:22 🔔京东资产变动通知, 开始!
Mar 31 10:20:22 
Mar 31 10:20:22 ====================共1个京东账号Cookie=========
Mar 31 10:20:22 
Mar 31 10:20:22 ==================脚本执行- 北京时间(UTC+8)：3/31/2021, 10:20:22 AM=====================
Mar 31 10:20:22 
Mar 31 10:20:22 
Mar 31 10:20:22 ********开始【京东账号1】IS_FREEDOM******
Mar 31 10:20:22 
Mar 31 10:20:23 2021-03-31日过期京豆：0
Mar 31 10:20:23 
Mar 31 10:20:23 2021-04-01日过期京豆：0
Mar 31 10:20:23 
Mar 31 10:20:23 2021-04-02日过期京豆：0
Mar 31 10:20:23 
Mar 31 10:20:23 2021-04-03日过期京豆：0
Mar 31 10:20:23 
Mar 31 10:20:23 2021-04-04日过期京豆：0
Mar 31 10:20:23 
Mar 31 10:20:23 2021-04-05日过期京豆：0
Mar 31 10:20:23 
Mar 31 10:20:23 2021-04-06日过期京豆：0
Mar 31 10:20:23 
Mar 31 10:20:23 
Mar 31 10:20:23 ==============📣系统通知📣==============
Mar 31 10:20:23 京东资产变动通知
Mar 31 10:20:23 账号1：IS_FREEDOM
Mar 31 10:20:23 昨日收入：124京豆 🐶
Mar 31 10:20:23 昨日支出：0京豆 🐶
Mar 31 10:20:23 当前京豆：12666(今日将过期0)京豆🐶
Mar 31 10:20:23 当前总红包：2.85(今日总过期0.76)元 🧧
Mar 31 10:20:23 京喜红包：1.67(今日将过期0.51)元 🧧
Mar 31 10:20:23 极速版红包：0.00(今日将过期0.00)元 🧧
Mar 31 10:20:23 京东红包：1.18(今日将过期0.25)元 🧧
Mar 31 10:20:23 
Mar 31 10:20:23 
Mar 31 10:20:23 您未提供server酱的SCKEY，取消微信推送消息通知🚫
Mar 31 10:20:23 
Mar 31 10:20:23 您未提供push+推送所需的PUSH_PLUS_TOKEN，取消push+推送消息通知🚫
Mar 31 10:20:23 
Mar 31 10:20:23 您未提供Bark的APP推送BARK_PUSH，取消Bark推送消息通知🚫
Mar 31 10:20:23 
Mar 31 10:20:23 您未提供telegram机器人推送所需的TG_BOT_TOKEN和TG_USER_ID，取消telegram推送消息通知🚫
Mar 31 10:20:23 
Mar 31 10:20:23 您未提供企业微信机器人推送所需的QYWX_KEY，取消企业微信推送消息通知🚫
Mar 31 10:20:23 
Mar 31 10:20:23 您未提供企业微信应用消息推送所需的QYWX_AM，取消企业微信应用消息推送消息通知🚫
Mar 31 10:20:23 
Mar 31 10:20:23 您未提供iGot的推送IGOT_PUSH_KEY，取消iGot推送消息通知🚫
Mar 31 10:20:23 
Mar 31 10:20:24 钉钉发送通知消息成功🎉。
Mar 31 10:20:24 
Mar 31 10:20:24 
Mar 31 10:20:24 🔔京东资产变动通知, 结束! 🕛 1.979 秒
Mar 31 10:20:24 
Apr 01 10:20:01 
Apr 01 10:20:01 🔔京东资产变动通知, 开始!
Apr 01 10:20:01 
Apr 01 10:20:01 ====================共1个京东账号Cookie=========
Apr 01 10:20:01 
Apr 01 10:20:01 ==================脚本执行- 北京时间(UTC+8)：4/1/2021, 10:20:01 AM=====================
Apr 01 10:20:01 
Apr 01 10:20:02 
Apr 01 10:20:02 ********开始【京东账号1】IS_FREEDOM******
Apr 01 10:20:02 
Apr 01 10:20:02 2021-04-01日过期京豆：0
Apr 01 10:20:02 
Apr 01 10:20:02 2021-04-02日过期京豆：0
Apr 01 10:20:02 
Apr 01 10:20:02 2021-04-03日过期京豆：0
Apr 01 10:20:02 
Apr 01 10:20:02 2021-04-04日过期京豆：0
Apr 01 10:20:02 
Apr 01 10:20:02 2021-04-05日过期京豆：0
Apr 01 10:20:02 
Apr 01 10:20:02 2021-04-06日过期京豆：0
Apr 01 10:20:02 
Apr 01 10:20:02 2021-04-07日过期京豆：0
Apr 01 10:20:02 
Apr 01 10:20:03 
Apr 01 10:20:03 ==============📣系统通知📣==============
Apr 01 10:20:03 京东资产变动通知
Apr 01 10:20:03 账号1：IS_FREEDOM
Apr 01 10:20:03 昨日收入：212京豆 🐶
Apr 01 10:20:03 昨日支出：0京豆 🐶
Apr 01 10:20:03 当前京豆：12761(今日将过期0)京豆🐶
Apr 01 10:20:03 当前总红包：2.48(今日总过期1.08)元 🧧
Apr 01 10:20:03 京喜红包：1.22(今日将过期0.55)元 🧧
Apr 01 10:20:03 极速版红包：0.00(今日将过期0.00)元 🧧
Apr 01 10:20:03 京东红包：1.26(今日将过期0.53)元 🧧
Apr 01 10:20:03 
Apr 01 10:20:03 
Apr 01 10:20:03 您未提供server酱的SCKEY，取消微信推送消息通知🚫
Apr 01 10:20:03 
Apr 01 10:20:03 您未提供push+推送所需的PUSH_PLUS_TOKEN，取消push+推送消息通知🚫
Apr 01 10:20:03 
Apr 01 10:20:03 您未提供Bark的APP推送BARK_PUSH，取消Bark推送消息通知🚫
Apr 01 10:20:03 
Apr 01 10:20:03 您未提供telegram机器人推送所需的TG_BOT_TOKEN和TG_USER_ID，取消telegram推送消息通知🚫
Apr 01 10:20:03 
Apr 01 10:20:03 您未提供企业微信机器人推送所需的QYWX_KEY，取消企业微信推送消息通知🚫
Apr 01 10:20:03 
Apr 01 10:20:03 您未提供企业微信应用消息推送所需的QYWX_AM，取消企业微信应用消息推送消息通知🚫
Apr 01 10:20:03 
Apr 01 10:20:03 您未提供iGot的推送IGOT_PUSH_KEY，取消iGot推送消息通知🚫
Apr 01 10:20:03 
Apr 01 10:20:03 钉钉发送通知消息成功🎉。
Apr 01 10:20:03 
Apr 01 10:20:03 
Apr 01 10:20:03 🔔京东资产变动通知, 结束! 🕛 1.791 秒
Apr 01 10:20:03 
