Apr 22 12:10:16 
Apr 22 12:10:16 🔔监控crazyJoy分红, 开始!
Apr 22 12:10:16 
Apr 22 12:10:16 ====================共1个京东账号Cookie=========
Apr 22 12:10:16 
Apr 22 12:10:16 ==================脚本执行- 北京时间(UTC+8)：4/22/2021, 12:10:16 PM=====================
Apr 22 12:10:16 
Apr 22 12:10:17 
Apr 22 12:10:17 开始【京东账号1】jd_60103fd1c8cd9
Apr 22 12:10:17 
Apr 22 12:10:17 分红JOY数量：0,昨日是否达标：false
Apr 22 12:10:17 昨日获得京豆数量：0
Apr 22 12:10:17 
Apr 22 12:10:17 
Apr 22 12:10:17 🔔监控crazyJoy分红, 结束! 🕛 0.812 秒
Apr 22 12:10:17 
Apr 23 12:10:11 
Apr 23 12:10:11 🔔监控crazyJoy分红, 开始!
Apr 23 12:10:11 
Apr 23 12:10:11 ====================共1个京东账号Cookie=========
Apr 23 12:10:11 
Apr 23 12:10:11 ==================脚本执行- 北京时间(UTC+8)：4/23/2021, 12:10:11 PM=====================
Apr 23 12:10:11 
Apr 23 12:10:12 
Apr 23 12:10:12 开始【京东账号1】jd_60103fd1c8cd9
Apr 23 12:10:12 
Apr 23 12:10:12 分红JOY数量：0,昨日是否达标：false
Apr 23 12:10:12 昨日获得京豆数量：0
Apr 23 12:10:12 
Apr 23 12:10:12 
Apr 23 12:10:12 🔔监控crazyJoy分红, 结束! 🕛 1.324 秒
Apr 23 12:10:12 
