Mar 22 00:05:10 
Mar 22 00:05:10 🔔京喜财富岛, 开始!
Mar 22 00:05:10 
Mar 22 00:05:10 ====================共1个京东账号Cookie=========
Mar 22 00:05:10 
Mar 22 00:05:10 ==================脚本执行- 北京时间(UTC+8)：3/22/2021, 12:05:10 AM=====================
Mar 22 00:05:10 
Mar 22 00:05:10 开始获取京喜财富岛配置文件
Mar 22 00:05:10 
Mar 22 00:05:10 您提供了1个账号的京喜财富岛助力码
Mar 22 00:05:10 
Mar 22 00:05:16 
Mar 22 00:05:16 开始【京东账号1】burst3166
Mar 22 00:05:16 
Mar 22 00:05:16 开始
Mar 22 00:05:26 第1个京东账号将要助力的好友["F56F27E1C89BB454824F4C348C10711B434D5E85872050A1AB32623A84C07D58","3E3F0632B5A61B923B5235513E495D4803EA8EFFC12E29C6178686B0A9E300FB","412DDA5FE14B9904244D4D46953478263BE3B24FD6A7636A9C18AE786F906B7A","62959864280B8DED6D0F71844EC68E4059981439CF9D245A629DE5D2BA587C1F","F542AC169697AD8621587823B13E6AA8A004AF26497E96FE787CEA61D3B9CC5D","B575568B08AAEF6C80C16FCAF85EF720D262F5359C5F21DD15C900FF2B6F7B81","B1BE5A7E21B4FDD46091FE410BDEE1394DBEF52DF19D7E269FEBA448736ADAC8","676D6B9A6BA8D748B215817A03831548583328F87AD8236A4E9261872C301C4A","3E3F0632B5A61B923B5235513E495D48C80E045A0F29FE0927B3FE937B406D3D","7B48E110AED3AD9D61F14DF0BF9B00CE0033A05806BB4392F5CA43CB57D0EBE8"]
Mar 22 00:05:26 
Mar 22 00:05:26 获取用户信息：success
Mar 22 00:05:26 
Mar 22 00:05:26 
Mar 22 00:05:26 当前等级:8,财富值:522480
Mar 22 00:05:26 
Mar 22 00:05:26 财富岛好友互助码每次运行都变化,旧的可继续使用
Mar 22 00:05:26 
Mar 22 00:05:26 【京东账号1（burst3166）的京喜财富岛好友互助码】8D168135C31C9819C34A7DCB666F116C3B263C2B1568952EDFA779FF18D7467F
Mar 22 00:05:26 
Mar 22 00:05:26 
Mar 22 00:05:27 
Mar 22 00:05:27 签到列表：success
Mar 22 00:05:27 
Mar 22 00:05:27 
Mar 22 00:05:27 📌签到：success，获得财富 ¥ 1800
Mar 22 00:05:27 
Mar 22 00:05:27 待开通场景ID列表sceneList;["1002","1003"]
Mar 22 00:05:28 随机取20个码放到您固定的互助码后面(不影响已有固定互助)
Mar 22 00:05:28 
Mar 22 00:05:28 【欢乐牧场】🏝岛主 : 获取财富值：¥ 666 
Mar 22 00:05:28 
Mar 22 00:05:29 
Mar 22 00:05:29 【欢乐牧场】👬好友: 获取超级助力财富值：¥ 388 
Mar 22 00:05:29 
Mar 22 00:05:29 【欢乐牧场领取红包】 招工人数不达标
Mar 22 00:05:29 "{\"dwCurTime\":1616342729,\"iRet\":2045,\"sErrMsg\":\"招工人数不达标\",\"strPin\":\"burst3166\"}\n",退出
Mar 22 00:05:29 
Mar 22 00:05:29 获取【📆日常任务】列表 ，总共28个任务！
Mar 22 00:05:29 
Mar 22 00:05:30 
Mar 22 00:05:30 开始第1个【📆日常任务】：每日签到领现金
Mar 22 00:05:30 
Mar 22 00:05:30 每日签到领现金【做日常任务】：
Mar 22 00:05:30 
Mar 22 00:05:31 
Mar 22 00:05:31 每日签到领现金【领日常奖励】： 获得财富值 ¥ 500
Mar 22 00:05:31 
Mar 22 00:05:31 
Mar 22 00:05:31 每日签到领现金【做日常任务】：任务进行中或者未到任务时间
Mar 22 00:05:31 
Mar 22 00:05:32 
Mar 22 00:05:32 每日签到领现金【领日常奖励】：任务为成就任务或者未到任务时间
Mar 22 00:05:32 
Mar 22 00:05:32 
Mar 22 00:05:32 结束第1个【📆日常任务】：每日签到领现金
Mar 22 00:05:32 
Mar 22 00:05:32 
Mar 22 00:05:32 开始第2个【📆日常任务】：签到领福利
Mar 22 00:05:33 
Mar 22 00:05:33 签到领福利【做日常任务】：
Mar 22 00:05:33 
Mar 22 00:05:33 
Mar 22 00:05:33 签到领福利【领日常奖励】： 获得财富值 ¥ 500
Mar 22 00:05:33 
Mar 22 00:05:34 
Mar 22 00:05:34 签到领福利【做日常任务】：任务进行中或者未到任务时间
Mar 22 00:05:34 
Mar 22 00:05:34 
Mar 22 00:05:34 签到领福利【领日常奖励】：任务为成就任务或者未到任务时间
Mar 22 00:05:34 
Mar 22 00:05:34 
Mar 22 00:05:34 结束第2个【📆日常任务】：签到领福利
Mar 22 00:05:34 
Mar 22 00:05:34 
Mar 22 00:05:34 开始第3个【📆日常任务】：每日三餐上岛
Mar 22 00:05:35 
Mar 22 00:05:35 每日三餐上岛【做日常任务】：任务进行中或者未到任务时间
Mar 22 00:05:35 
Mar 22 00:05:35 
Mar 22 00:05:35 每日三餐上岛【领日常奖励】：任务为成就任务或者未到任务时间
Mar 22 00:05:35 
Mar 22 00:05:35 
Mar 22 00:05:35 结束第3个【📆日常任务】：每日三餐上岛
Mar 22 00:05:35 
Mar 22 00:05:35 
Mar 22 00:05:35 开始第4个【📆日常任务】：每日三餐上岛
Mar 22 00:05:36 
Mar 22 00:05:36 每日三餐上岛【做日常任务】：任务进行中或者未到任务时间
Mar 22 00:05:36 
Mar 22 00:05:37 
Mar 22 00:05:37 每日三餐上岛【领日常奖励】：任务为成就任务或者未到任务时间
Mar 22 00:05:37 
Mar 22 00:05:37 
Mar 22 00:05:37 结束第4个【📆日常任务】：每日三餐上岛
Mar 22 00:05:37 
Mar 22 00:05:37 
Mar 22 00:05:37 开始第5个【📆日常任务】：每日三餐上岛
Mar 22 00:05:37 
Mar 22 00:05:37 每日三餐上岛【做日常任务】：任务进行中或者未到任务时间
Mar 22 00:05:37 
Mar 22 00:05:38 
Mar 22 00:05:38 每日三餐上岛【领日常奖励】：任务为成就任务或者未到任务时间
Mar 22 00:05:38 
Mar 22 00:05:38 
Mar 22 00:05:38 结束第5个【📆日常任务】：每日三餐上岛
Mar 22 00:05:38 
Mar 22 00:05:38 
Mar 22 00:05:38 开始第6个【📆日常任务】：连签得大额京豆
Mar 22 00:05:38 
Mar 22 00:05:38 连签得大额京豆【做日常任务】：
Mar 22 00:05:38 
Mar 22 00:05:39 
Mar 22 00:05:39 连签得大额京豆【领日常奖励】： 获得财富值 ¥ 500
Mar 22 00:05:39 
Mar 22 00:05:39 
Mar 22 00:05:39 连签得大额京豆【做日常任务】：任务进行中或者未到任务时间
Mar 22 00:05:39 
Mar 22 00:05:40 
Mar 22 00:05:40 连签得大额京豆【领日常奖励】：任务为成就任务或者未到任务时间
Mar 22 00:05:40 
Mar 22 00:05:40 
Mar 22 00:05:40 结束第6个【📆日常任务】：连签得大额京豆
Mar 22 00:05:40 
Mar 22 00:05:40 
Mar 22 00:05:40 开始第7个【📆日常任务】：1元汽车试驾
Mar 22 00:05:41 
Mar 22 00:05:41 1元汽车试驾【做日常任务】：
Mar 22 00:05:41 
Mar 22 00:05:41 
Mar 22 00:05:41 1元汽车试驾【领日常奖励】： 获得财富值 ¥ 500
Mar 22 00:05:41 
Mar 22 00:05:42 
Mar 22 00:05:42 1元汽车试驾【做日常任务】：任务进行中或者未到任务时间
Mar 22 00:05:42 
Mar 22 00:05:42 
Mar 22 00:05:42 1元汽车试驾【领日常奖励】：任务为成就任务或者未到任务时间
Mar 22 00:05:42 
Mar 22 00:05:42 
Mar 22 00:05:42 结束第7个【📆日常任务】：1元汽车试驾
Mar 22 00:05:42 
Mar 22 00:05:42 
Mar 22 00:05:42 开始第8个【📆日常任务】：每日爆品1元秒杀
Mar 22 00:05:43 
Mar 22 00:05:43 每日爆品1元秒杀【做日常任务】：
Mar 22 00:05:43 
Mar 22 00:05:44 
Mar 22 00:05:44 每日爆品1元秒杀【领日常奖励】： 获得财富值 ¥ 500
Mar 22 00:05:44 
Mar 22 00:05:44 
Mar 22 00:05:44 每日爆品1元秒杀【做日常任务】：任务进行中或者未到任务时间
Mar 22 00:05:44 
Mar 22 00:05:45 
Mar 22 00:05:45 每日爆品1元秒杀【领日常奖励】：任务为成就任务或者未到任务时间
Mar 22 00:05:45 
Mar 22 00:05:45 
Mar 22 00:05:45 结束第8个【📆日常任务】：每日爆品1元秒杀
Mar 22 00:05:45 
Mar 22 00:05:45 
Mar 22 00:05:45 开始第9个【📆日常任务】：1元好货才香
Mar 22 00:05:45 
Mar 22 00:05:45 1元好货才香【做日常任务】：
Mar 22 00:05:45 
Mar 22 00:05:46 
Mar 22 00:05:46 1元好货才香【领日常奖励】： 获得财富值 ¥ 500
Mar 22 00:05:46 
Mar 22 00:05:46 
Mar 22 00:05:46 1元好货才香【做日常任务】：任务进行中或者未到任务时间
Mar 22 00:05:46 
Mar 22 00:05:47 
Mar 22 00:05:47 1元好货才香【领日常奖励】：任务为成就任务或者未到任务时间
Mar 22 00:05:47 
Mar 22 00:05:47 
Mar 22 00:05:47 结束第9个【📆日常任务】：1元好货才香
Mar 22 00:05:47 
Mar 22 00:05:47 
Mar 22 00:05:47 开始第10个【📆日常任务】：好货1.9元抢鲜试
Mar 22 00:05:48 
Mar 22 00:05:48 好货1.9元抢鲜试【做日常任务】：
Mar 22 00:05:48 
Mar 22 00:05:48 
Mar 22 00:05:48 好货1.9元抢鲜试【领日常奖励】： 获得财富值 ¥ 500
Mar 22 00:05:48 
Mar 22 00:05:49 
Mar 22 00:05:49 好货1.9元抢鲜试【做日常任务】：任务进行中或者未到任务时间
Mar 22 00:05:49 
Mar 22 00:05:49 
Mar 22 00:05:49 好货1.9元抢鲜试【领日常奖励】：任务为成就任务或者未到任务时间
Mar 22 00:05:49 
Mar 22 00:05:49 
Mar 22 00:05:49 结束第10个【📆日常任务】：好货1.9元抢鲜试
Mar 22 00:05:49 
Mar 22 00:05:49 
Mar 22 00:05:49 开始第11个【📆日常任务】：1元起抢春季新装备
Mar 22 00:05:50 
Mar 22 00:05:50 1元起抢春季新装备【做日常任务】：
Mar 22 00:05:50 
Mar 22 00:05:50 
Mar 22 00:05:50 1元起抢春季新装备【领日常奖励】：任务为成就任务或者未到任务时间
Mar 22 00:05:50 
Mar 22 00:05:51 
Mar 22 00:05:51 1元起抢春季新装备【做日常任务】：
Mar 22 00:05:51 
Mar 22 00:05:52 
Mar 22 00:05:52 1元起抢春季新装备【做日常任务】：任务进行中或者未到任务时间
Mar 22 00:05:52 
Mar 22 00:05:53 
Mar 22 00:05:53 结束第11个【📆日常任务】：1元起抢春季新装备
Mar 22 00:05:53 
Mar 22 00:05:53 
Mar 22 00:05:53 开始第12个【📆日常任务】：百搭纯棉T恤5.9元抢
Mar 22 00:05:53 
Mar 22 00:05:53 百搭纯棉T恤5.9元抢【做日常任务】：
Mar 22 00:05:53 
Mar 22 00:05:54 
Mar 22 00:05:54 百搭纯棉T恤5.9元抢【领日常奖励】： 获得财富值 ¥ 500
Mar 22 00:05:54 
Mar 22 00:05:54 
Mar 22 00:05:54 百搭纯棉T恤5.9元抢【做日常任务】：任务进行中或者未到任务时间
Mar 22 00:05:54 
Mar 22 00:05:55 
Mar 22 00:05:55 百搭纯棉T恤5.9元抢【领日常奖励】：任务为成就任务或者未到任务时间
Mar 22 00:05:55 
Mar 22 00:05:55 
Mar 22 00:05:55 结束第12个【📆日常任务】：百搭纯棉T恤5.9元抢
Mar 22 00:05:55 
Mar 22 00:05:55 
Mar 22 00:05:55 开始第13个【📆日常任务】：爆品1元限量秒
Mar 22 00:05:56 
Mar 22 00:05:56 爆品1元限量秒【做日常任务】：
Mar 22 00:05:56 
Mar 22 00:05:56 
Mar 22 00:05:56 爆品1元限量秒【领日常奖励】： 获得财富值 ¥ 500
Mar 22 00:05:56 
Mar 22 00:05:57 
Mar 22 00:05:57 爆品1元限量秒【做日常任务】：任务进行中或者未到任务时间
Mar 22 00:05:57 
Mar 22 00:05:57 
Mar 22 00:05:57 爆品1元限量秒【领日常奖励】：任务为成就任务或者未到任务时间
Mar 22 00:05:57 
Mar 22 00:05:57 
Mar 22 00:05:57 结束第13个【📆日常任务】：爆品1元限量秒
Mar 22 00:05:57 
Mar 22 00:05:57 
Mar 22 00:05:57 开始第14个【📆日常任务】：1元秒杀400根皮筋
Mar 22 00:05:58 
Mar 22 00:05:58 1元秒杀400根皮筋【做日常任务】：
Mar 22 00:05:58 
Mar 22 00:05:58 
Mar 22 00:05:58 1元秒杀400根皮筋【领日常奖励】： 获得财富值 ¥ 500
Mar 22 00:05:58 
Mar 22 00:05:59 
Mar 22 00:05:59 1元秒杀400根皮筋【做日常任务】：任务进行中或者未到任务时间
Mar 22 00:05:59 
Mar 22 00:06:00 
Mar 22 00:06:00 1元秒杀400根皮筋【领日常奖励】：任务为成就任务或者未到任务时间
Mar 22 00:06:00 
Mar 22 00:06:00 
Mar 22 00:06:00 结束第14个【📆日常任务】：1元秒杀400根皮筋
Mar 22 00:06:00 
Mar 22 00:06:00 
Mar 22 00:06:00 开始第15个【📆日常任务】：去领锦鲤红包
Mar 22 00:06:00 
Mar 22 00:06:00 去领锦鲤红包【做日常任务】：
Mar 22 00:06:00 
Mar 22 00:06:01 
Mar 22 00:06:01 去领锦鲤红包【领日常奖励】： 获得财富值 ¥ 500
Mar 22 00:06:01 
Mar 22 00:06:01 
Mar 22 00:06:01 去领锦鲤红包【做日常任务】：任务进行中或者未到任务时间
Mar 22 00:06:01 
Mar 22 00:06:02 
Mar 22 00:06:02 去领锦鲤红包【领日常奖励】：任务为成就任务或者未到任务时间
Mar 22 00:06:02 
Mar 22 00:06:02 
Mar 22 00:06:02 结束第15个【📆日常任务】：去领锦鲤红包
Mar 22 00:06:02 
Mar 22 00:06:02 
Mar 22 00:06:02 开始第16个【📆日常任务】：种京豆赢福利
Mar 22 00:06:02 
Mar 22 00:06:02 种京豆赢福利【做日常任务】：
Mar 22 00:06:02 
Mar 22 00:06:03 
Mar 22 00:06:03 种京豆赢福利【领日常奖励】： 获得财富值 ¥ 500
Mar 22 00:06:03 
Mar 22 00:06:04 
Mar 22 00:06:04 种京豆赢福利【做日常任务】：任务进行中或者未到任务时间
Mar 22 00:06:04 
Mar 22 00:06:04 
Mar 22 00:06:04 种京豆赢福利【领日常奖励】：任务为成就任务或者未到任务时间
Mar 22 00:06:04 
Mar 22 00:06:04 
Mar 22 00:06:04 结束第16个【📆日常任务】：种京豆赢福利
Mar 22 00:06:04 
Mar 22 00:06:04 
Mar 22 00:06:04 开始第17个【📆日常任务】：关注浏览超值店铺
Mar 22 00:06:05 
Mar 22 00:06:05 关注浏览超值店铺【做日常任务】：
Mar 22 00:06:05 
Mar 22 00:06:05 
Mar 22 00:06:05 关注浏览超值店铺【领日常奖励】：任务为成就任务或者未到任务时间
Mar 22 00:06:05 
Mar 22 00:06:06 
Mar 22 00:06:06 关注浏览超值店铺【做日常任务】：
Mar 22 00:06:06 
Mar 22 00:06:07 
Mar 22 00:06:07 关注浏览超值店铺【做日常任务】：
Mar 22 00:06:07 
Mar 22 00:06:08 
Mar 22 00:06:08 关注浏览超值店铺【做日常任务】：
Mar 22 00:06:08 
Mar 22 00:06:09 
Mar 22 00:06:09 关注浏览超值店铺【做日常任务】：
Mar 22 00:06:09 
Mar 22 00:06:10 
Mar 22 00:06:10 关注浏览超值店铺【做日常任务】：
Mar 22 00:06:10 
Mar 22 00:06:11 
Mar 22 00:06:11 结束第17个【📆日常任务】：关注浏览超值店铺
Mar 22 00:06:11 
Mar 22 00:06:11 
Mar 22 00:06:11 开始第18个【📆日常任务】：特卖商品1元起
Mar 22 00:06:11 
Mar 22 00:06:11 特卖商品1元起【做日常任务】：任务进行中或者未到任务时间
Mar 22 00:06:11 
Mar 22 00:06:12 
Mar 22 00:06:12 特卖商品1元起【领日常奖励】：任务为成就任务或者未到任务时间
Mar 22 00:06:12 
Mar 22 00:06:12 
Mar 22 00:06:12 结束第18个【📆日常任务】：特卖商品1元起
Mar 22 00:06:12 
Mar 22 00:06:12 
Mar 22 00:06:12 开始第19个【📆日常任务】：盘锦大米14.9/5斤
Mar 22 00:06:12 
Mar 22 00:06:12 盘锦大米14.9/5斤【做日常任务】：
Mar 22 00:06:12 
Mar 22 00:06:13 
Mar 22 00:06:13 盘锦大米14.9/5斤【领日常奖励】： 获得财富值 ¥ 500
Mar 22 00:06:13 
Mar 22 00:06:14 
Mar 22 00:06:14 盘锦大米14.9/5斤【做日常任务】：任务进行中或者未到任务时间
Mar 22 00:06:14 
Mar 22 00:06:14 
Mar 22 00:06:14 盘锦大米14.9/5斤【领日常奖励】：任务为成就任务或者未到任务时间
Mar 22 00:06:14 
Mar 22 00:06:14 
Mar 22 00:06:14 结束第19个【📆日常任务】：盘锦大米14.9/5斤
Mar 22 00:06:14 
Mar 22 00:06:14 
Mar 22 00:06:14 开始第20个【📆日常任务】：一分钱兑爆款电器
Mar 22 00:06:15 
Mar 22 00:06:15 一分钱兑爆款电器【做日常任务】：
Mar 22 00:06:15 
Mar 22 00:06:15 
Mar 22 00:06:15 一分钱兑爆款电器【领日常奖励】： 获得财富值 ¥ 500
Mar 22 00:06:15 
Mar 22 00:06:16 
Mar 22 00:06:16 一分钱兑爆款电器【做日常任务】：任务进行中或者未到任务时间
Mar 22 00:06:16 
Mar 22 00:06:17 
Mar 22 00:06:17 一分钱兑爆款电器【领日常奖励】：任务为成就任务或者未到任务时间
Mar 22 00:06:17 
Mar 22 00:06:17 
Mar 22 00:06:17 结束第20个【📆日常任务】：一分钱兑爆款电器
Mar 22 00:06:17 
Mar 22 00:06:17 
Mar 22 00:06:17 开始第21个【📆日常任务】：去工厂0元领好物
Mar 22 00:06:17 
Mar 22 00:06:17 去工厂0元领好物【做日常任务】：
Mar 22 00:06:17 
Mar 22 00:06:18 
Mar 22 00:06:18 去工厂0元领好物【领日常奖励】： 获得财富值 ¥ 500
Mar 22 00:06:18 
Mar 22 00:06:18 
Mar 22 00:06:18 去工厂0元领好物【做日常任务】：任务进行中或者未到任务时间
Mar 22 00:06:18 
Mar 22 00:06:19 
Mar 22 00:06:19 去工厂0元领好物【领日常奖励】：任务为成就任务或者未到任务时间
Mar 22 00:06:19 
Mar 22 00:06:19 
Mar 22 00:06:19 结束第21个【📆日常任务】：去工厂0元领好物
Mar 22 00:06:19 
Mar 22 00:06:19 
Mar 22 00:06:19 开始第22个【📆日常任务】：逛农场领水果
Mar 22 00:06:19 
Mar 22 00:06:19 逛农场领水果【做日常任务】：
Mar 22 00:06:19 
Mar 22 00:06:20 
Mar 22 00:06:20 逛农场领水果【领日常奖励】： 获得财富值 ¥ 500
Mar 22 00:06:20 
Mar 22 00:06:21 
Mar 22 00:06:21 逛农场领水果【做日常任务】：任务进行中或者未到任务时间
Mar 22 00:06:21 
Mar 22 00:06:21 
Mar 22 00:06:21 逛农场领水果【领日常奖励】：任务为成就任务或者未到任务时间
Mar 22 00:06:21 
Mar 22 00:06:21 
Mar 22 00:06:21 结束第22个【📆日常任务】：逛农场领水果
Mar 22 00:06:21 
Mar 22 00:06:21 
Mar 22 00:06:21 开始第23个【📆日常任务】：出海寻宝赢红包
Mar 22 00:06:22 
Mar 22 00:06:22 出海寻宝赢红包【做日常任务】：
Mar 22 00:06:22 
Mar 22 00:06:22 
Mar 22 00:06:22 出海寻宝赢红包【领日常奖励】： 获得财富值 ¥ 500
Mar 22 00:06:22 
Mar 22 00:06:23 
Mar 22 00:06:23 出海寻宝赢红包【做日常任务】：任务进行中或者未到任务时间
Mar 22 00:06:23 
Mar 22 00:06:24 
Mar 22 00:06:24 出海寻宝赢红包【领日常奖励】：任务为成就任务或者未到任务时间
Mar 22 00:06:24 
Mar 22 00:06:24 
Mar 22 00:06:24 结束第23个【📆日常任务】：出海寻宝赢红包
Mar 22 00:06:24 
Mar 22 00:06:24 
Mar 22 00:06:24 开始第24个【📆日常任务】：邀请岛民好友首次上岛
Mar 22 00:06:24 
Mar 22 00:06:24 邀请岛民好友首次上岛【做日常任务】：任务进行中或者未到任务时间
Mar 22 00:06:24 
Mar 22 00:06:25 
Mar 22 00:06:25 邀请岛民好友首次上岛【领日常奖励】：任务为成就任务或者未到任务时间
Mar 22 00:06:25 
Mar 22 00:06:25 
Mar 22 00:06:25 结束第24个【📆日常任务】：邀请岛民好友首次上岛
Mar 22 00:06:25 
Mar 22 00:06:25 
Mar 22 00:06:25 开始第25个【📆日常任务】：天天兑好物
Mar 22 00:06:25 
Mar 22 00:06:25 天天兑好物【做日常任务】：
Mar 22 00:06:25 
Mar 22 00:06:26 
Mar 22 00:06:26 天天兑好物【领日常奖励】： 获得财富值 ¥ 500
Mar 22 00:06:26 
Mar 22 00:06:27 
Mar 22 00:06:27 天天兑好物【做日常任务】：
Mar 22 00:06:27 
Mar 22 00:06:27 
Mar 22 00:06:27 天天兑好物【领日常奖励】： 获得财富值 ¥ 500
Mar 22 00:06:27 
Mar 22 00:06:28 
Mar 22 00:06:28 天天兑好物【做日常任务】：任务进行中或者未到任务时间
Mar 22 00:06:28 
Mar 22 00:06:28 
Mar 22 00:06:28 天天兑好物【领日常奖励】：任务为成就任务或者未到任务时间
Mar 22 00:06:28 
Mar 22 00:06:28 
Mar 22 00:06:28 结束第25个【📆日常任务】：天天兑好物
Mar 22 00:06:28 
Mar 22 00:06:28 
Mar 22 00:06:28 开始第26个【📆日常任务】：逛商品集市得财富
Mar 22 00:06:29 
Mar 22 00:06:29 逛商品集市得财富【做日常任务】：
Mar 22 00:06:29 
Mar 22 00:06:30 
Mar 22 00:06:30 逛商品集市得财富【领日常奖励】：任务为成就任务或者未到任务时间
Mar 22 00:06:30 
Mar 22 00:06:30 
Mar 22 00:06:30 逛商品集市得财富【做日常任务】：
Mar 22 00:06:30 
Mar 22 00:06:31 
Mar 22 00:06:31 逛商品集市得财富【做日常任务】：
Mar 22 00:06:31 
Mar 22 00:06:32 
Mar 22 00:06:32 逛商品集市得财富【做日常任务】：
Mar 22 00:06:32 
Mar 22 00:06:33 
Mar 22 00:06:33 逛商品集市得财富【做日常任务】：
Mar 22 00:06:33 
Mar 22 00:06:34 
Mar 22 00:06:34 逛商品集市得财富【做日常任务】：任务进行中或者未到任务时间
Mar 22 00:06:34 
Mar 22 00:06:35 
Mar 22 00:06:35 结束第26个【📆日常任务】：逛商品集市得财富
Mar 22 00:06:35 
Mar 22 00:06:35 
Mar 22 00:06:35 开始第27个【📆日常任务】：逛互动免费领京豆
Mar 22 00:06:35 
Mar 22 00:06:35 逛互动免费领京豆【做日常任务】：
Mar 22 00:06:35 
Mar 22 00:06:36 
Mar 22 00:06:36 逛互动免费领京豆【领日常奖励】： 获得财富值 ¥ 500
Mar 22 00:06:36 
Mar 22 00:06:37 
Mar 22 00:06:37 逛互动免费领京豆【做日常任务】：任务进行中或者未到任务时间
Mar 22 00:06:37 
Mar 22 00:06:37 
Mar 22 00:06:37 逛互动免费领京豆【领日常奖励】：任务为成就任务或者未到任务时间
Mar 22 00:06:37 
Mar 22 00:06:37 
Mar 22 00:06:37 结束第27个【📆日常任务】：逛互动免费领京豆
Mar 22 00:06:37 
Mar 22 00:06:37 
Mar 22 00:06:37 开始第28个【📆日常任务】：去岛屿商城下一单
Mar 22 00:06:38 
Mar 22 00:06:38 去岛屿商城下一单【做日常任务】：任务进行中或者未到任务时间
Mar 22 00:06:38 
Mar 22 00:06:38 
Mar 22 00:06:38 去岛屿商城下一单【领日常奖励】：任务为成就任务或者未到任务时间
Mar 22 00:06:38 
Mar 22 00:06:38 
Mar 22 00:06:38 结束第28个【📆日常任务】：去岛屿商城下一单
Mar 22 00:06:38 
Mar 22 00:06:39 
Mar 22 00:06:39 【small_stone】🎁寻宝： ，获取随机奖励：¥ 519 
Mar 22 00:06:39 
Mar 22 00:06:42 
Mar 22 00:06:42 【tree】🎁寻宝： ，获取随机奖励：¥ 885 
Mar 22 00:06:42 
Mar 22 00:06:45 
Mar 22 00:06:45 【wood】🎁寻宝： ，获取随机奖励：¥ 794 
Mar 22 00:06:45 
Mar 22 00:06:49 
Mar 22 00:06:49 获取【🎖成就任务】列表 ，总共0个任务！
Mar 22 00:06:49 
Mar 22 00:06:51 
Mar 22 00:06:51 【🏝寻宝大作战】【全民暴富岛】开宝箱：未达到宝箱开启条件，快去邀请好友助力吧！
Mar 22 00:06:51 
Mar 22 00:06:51 【🏝寻宝大作战】【好运连连岛】开宝箱：未达到宝箱开启条件，快去邀请好友助力吧！
Mar 22 00:06:51 
Mar 22 00:06:51 【🏝寻宝大作战】【平安喜乐岛】开宝箱：未达到宝箱开启条件，快去邀请好友助力吧！
Mar 22 00:06:51 
Mar 22 00:06:51 【🏝寻宝大作战】【万事大吉岛】开宝箱：未达到宝箱开启条件，快去邀请好友助力吧！
Mar 22 00:06:52 
Mar 22 00:06:52 【🏝寻宝大作战】success
Mar 22 00:06:52 
Mar 22 00:06:52 你的【🏝寻宝大作战】互助码: Jxcfd_GroupId_234_44130813(每天都变化,旧的不可用)
Mar 22 00:06:53 
Mar 22 00:06:53 获取用户信息：success
Mar 22 00:06:53 
Mar 22 00:06:53 
Mar 22 00:06:53 当前等级:8,财富值:543532
Mar 22 00:06:53 
Mar 22 00:06:53 debug: 开始助力
Mar 22 00:06:53 去助力好友 F56F27E1C89BB454824F4C348C10711B434D5E85872050A1AB32623A84C07D58
Mar 22 00:06:53 
Mar 22 00:06:53 超级助力(超级工人)结果:{"dwAwardExperience":500,"dwAwardMany":500,"dwCurTime":1616342813,"iRet":0,"sErrMsg":"success","strNick":"jd_**mRD","strPin":"burst3166"}
Mar 22 00:06:53 
Mar 22 00:06:53 success
Mar 22 00:06:53 
Mar 22 00:06:53 普通助力(招工)结果:{"dwAwardExperience":500,"dwAwardMany":500,"dwCurTime":1616342813,"iRet":2007,"sErrMsg":"已经助力","strPin":"burst3166"}
Mar 22 00:06:53 
Mar 22 00:06:55 去助力好友 3E3F0632B5A61B923B5235513E495D4803EA8EFFC12E29C6178686B0A9E300FB
Mar 22 00:06:55 
Mar 22 00:06:55 超级助力(超级工人)结果:{"dwAwardExperience":500,"dwAwardMany":500,"dwCurTime":1616342815,"iRet":0,"sErrMsg":"success","strNick":"jd_**cd9","strPin":"burst3166"}
Mar 22 00:06:55 
Mar 22 00:06:55 success
Mar 22 00:06:55 
Mar 22 00:06:55 普通助力(招工)结果:{"dwAwardExperience":500,"dwAwardMany":500,"dwCurTime":1616342815,"iRet":2007,"sErrMsg":"已经助力","strPin":"burst3166"}
Mar 22 00:06:55 
Mar 22 00:06:57 去助力好友 412DDA5FE14B9904244D4D46953478263BE3B24FD6A7636A9C18AE786F906B7A
Mar 22 00:06:57 
Mar 22 00:06:57 超级助力(超级工人)结果:{"dwAwardExperience":500,"dwAwardMany":500,"dwCurTime":1616342817,"iRet":0,"sErrMsg":"success","strNick":"jd_**e0d","strPin":"burst3166"}
Mar 22 00:06:57 
Mar 22 00:06:57 success
Mar 22 00:06:57 
Mar 22 00:06:57 普通助力(招工)结果:{"dwAwardExperience":500,"dwAwardMany":500,"dwCurTime":1616342817,"iRet":2007,"sErrMsg":"已经助力","strPin":"burst3166"}
Mar 22 00:06:57 
Mar 22 00:06:59 去助力好友 62959864280B8DED6D0F71844EC68E4059981439CF9D245A629DE5D2BA587C1F
Mar 22 00:06:59 
Mar 22 00:06:59 超级助力(超级工人)结果:{"dwAwardExperience":500,"dwAwardMany":500,"dwCurTime":1616342819,"iRet":2005,"sErrMsg":"每天打工次数上限","strPin":"burst3166"}
Mar 22 00:06:59 
Mar 22 00:06:59 每天打工次数上限
Mar 22 00:06:59 
Mar 22 00:06:59 普通助力(招工)结果:{"dwAwardExperience":500,"dwAwardMany":500,"dwCurTime":1616342819,"iRet":2003,"sErrMsg":"系统繁忙,请稍候再试","strPin":"burst3166"}
Mar 22 00:06:59 
Mar 22 00:07:01 去参加寻宝大作战Jxcfd_GroupId_234_1099556950179
Mar 22 00:07:01 已经成团
Mar 22 00:07:03 去参加寻宝大作战Jxcfd_GroupId_234_44127055
Mar 22 00:07:03 已经成团
Mar 22 00:07:05 去参加寻宝大作战Jxcfd_GroupId_234_1099556949495
Mar 22 00:07:06 已经成团
Mar 22 00:07:08 去参加寻宝大作战Jxcfd_GroupId_234_44135434
Mar 22 00:07:08 success
Mar 22 00:07:10 去参加寻宝大作战Jxcfd_GroupId_234_1099556954423
Mar 22 00:07:10 每天打工次数上限
Mar 22 00:07:14 
Mar 22 00:07:14 ==============📣系统通知📣==============
Mar 22 00:07:14 京喜财富岛
Mar 22 00:07:14 【京东账号1】burst3166
Mar 22 00:07:14 【💵财富值】任务前: 522480
Mar 22 00:07:14 【💵财富值】任务后: 543532
Mar 22 00:07:14 【💵财富值】净增值: 21052
Mar 22 00:07:14 
Mar 22 00:07:14 
Mar 22 00:07:14 🔔京喜财富岛, 结束! 🕛 124.194 秒
Mar 22 00:07:14 
Mar 22 02:05:16 
Mar 22 02:05:16 🔔京喜财富岛, 开始!
Mar 22 02:05:16 
Mar 22 02:05:16 ====================共1个京东账号Cookie=========
Mar 22 02:05:16 
Mar 22 02:05:16 ==================脚本执行- 北京时间(UTC+8)：3/22/2021, 2:05:16 AM=====================
Mar 22 02:05:16 
Mar 22 02:05:16 开始获取京喜财富岛配置文件
Mar 22 02:05:16 
Mar 22 02:05:16 您提供了1个账号的京喜财富岛助力码
Mar 22 02:05:16 
Mar 22 02:05:18 
Mar 22 02:05:18 开始【京东账号1】burst3166
Mar 22 02:05:18 
Mar 22 02:05:18 开始
Mar 22 02:05:20 随机取20个码放到您固定的互助码后面(不影响已有固定互助)
Mar 22 02:05:20 第1个京东账号将要助力的好友["F56F27E1C89BB454824F4C348C10711B434D5E85872050A1AB32623A84C07D58","3E3F0632B5A61B923B5235513E495D4803EA8EFFC12E29C6178686B0A9E300FB","412DDA5FE14B9904244D4D46953478263BE3B24FD6A7636A9C18AE786F906B7A","62959864280B8DED6D0F71844EC68E4059981439CF9D245A629DE5D2BA587C1F","F542AC169697AD8621587823B13E6AA8A004AF26497E96FE787CEA61D3B9CC5D","B575568B08AAEF6C80C16FCAF85EF720D262F5359C5F21DD15C900FF2B6F7B81","B1BE5A7E21B4FDD46091FE410BDEE1394DBEF52DF19D7E269FEBA448736ADAC8","676D6B9A6BA8D748B215817A03831548583328F87AD8236A4E9261872C301C4A","3E3F0632B5A61B923B5235513E495D48C80E045A0F29FE0927B3FE937B406D3D","7B48E110AED3AD9D61F14DF0BF9B00CE0033A05806BB4392F5CA43CB57D0EBE8","3B46280CCD6BF18287CB272E5A9A736DC19D218096D94694763468602E397141","E2A6C47DB81E3F7BB96E94C129765389BD25FAEF8FFAE9DE614D53540540B07E","F9EA8490457BB8671022CB4D25EA59F6E9504F412E08CFAE3597E759C8D43F3D","EF782402F3097C5ECECBB3AA0FABA3C5E9504F412E08CFAE3597E759C8D43F3D","E03DDC7A786D40CC336CECEA726B024260405113F2EECA324A7A4E7EA4C1C87C","28C7CFB56F19C01778056F3F7EE963E797BCD43A713A71A6D61EFA33A2F6808C","5DF6E8C2AB354948E43A577E1771757FEB061EAF343298A7EB9E1DB9696B6E2C","FA00A56D50C6589BC941527DE216A6322FA93FA1FDFEA9F9452F23A30835B797","A13A472C0826D29815C0E8DB1E416FF2691600CC38FD9C371B1FBA0A8EF6E89F","3E4FCA1315E7D614686CCCC2386FDBC58CB4F40D9EB38282E326C81B14799023","AC44A799D9BD875DA9F3CAF1D06E7EBC93C25E848EC4D6AC951871FA90142114","C615955B40B3721E7AD21DF5EE697CBED6D80EAF03D338D4A6D731BC45BE0F23","7FF8E184072BC6A974D496188793B092DC8A3C5C89480A5C3F7544AB35F0C42A","D37B4421FAD0F91105009D6571A0B5EEAF2A91DF8A8E1A496CD6615FF30E5138","2A116665D576F240E523C0D6B31170D319463CE949E357277F1ED9F1068DA40D","69232A74C7EA864981BDFF0E96EBD09452436847E33204DBD46ED8E964F3EE15","B61D8381693CBA4F0DB133EDCEA5D1683279E495DD4FA032BEADD415DCC6DA98","21ECA8C831E3FFD014FB5EA53A5C1EA034D89F9B71FB0165BFC7253E59E4CB48","A46A44F8028BFB78470329085C375743310E907CC3A600B0E25FA6F1D85D58EB","44099A7213D08369EA6953377B7214B7202E0967E98AC945F8517A260D780D03","8219F070E67DAE116C3EF7C81B6C7F885B5A8051384558A0803636C2360AA8C2","C0AF99CDCCDBAF410114806F500CB3E96B3E447F52EE61F83C9A3B6A0F98243A","B9D166DE9741CC30FF8A9150B3EB4BA133F12CEFBAD2B70FC008A8079494A351","409F54FD8F9BB7B4C02BFB5E4E66C07AE54BECBB8DE4A5F67A5C42F89008FA48","3F501B04318C516D66688069FB21A9CDBE421E719A52DE6BF91138214A87737A","6830F12055097D7A036CEFA680070182","A3B2D9AA76996DD324D9BF3372421E82804111069D35190CDECF9B70D38CE74DAD14030F0E534F9FA390A3ED6068042F","B3289BE65F4BB7DDE9283BB9D034A772BF7B4EA8D4A7C38487226A54400667D9","8E9FB9569C9E9DD2FEBED264C90C3E0C12A2CC095295EF3044C7B9ABDC097EBF","9E139CE4B6508B1A03755E676185C254E40FC6525ECB7DEA7DCC69E681FBA500","9E5A185B380DC661AC40DA8998B2403E1C9951DB0E3646B1DBA464B7843E3DB4","C4765B25E7355220767E2B8A76E2A5BC1098D754FA7AE09127DF2A146300F079","15A4CCB37B8707C0D350B63E5B70A9593E6FB334BC253C9F359AAB5135E03227","9DF99BCC58F209C41197AF8619A206E8ACA4E7BF47197A4B64534A803B81C9E8","4DBAFC0B93D224DA3AAFB83B277A9658E3E59B13F54D28FE26BC6067442A657F","E70BB97C2F51854656D6FB38A8E0C85E1FC4CC93891F6D77057EFD49D8628545","F45CB4F07997DFE748E5656521A9034446A1568F6950206B0D44A5664662275D","816B9523D63920CACFEA2EA0B7A52F681D06C29DD5FF48F0867912048DE44C1F","F7AD080DFBA2E2947E6A14BEE97FE3ACA694BF1600C933F0B43D1D1C1B6B331B","5A84BC26BD9389A25C5E0BB80FF001E36AA721D773E626947E15D9FD8ACA6944","60513B59AAC945F9F315F84631D29E08C0B6EB0E2D30236C82ADE340C9E6ABDC","1AADBC1BF6E0357FF81454A55047C86632F0FAD1832D4643039D9AEF19E39C89","82FD0EBAD4805541E7C26F033E705F83C10752CCBF8F4EA104D98688E42F6C5F","6DC45A2CB4465979C3E193505B7345D30AC54906587CCA78DFB9F760ED90539D","A04E7EB29AF10CEDDDE00FE2118EAB2E293D83718D6C5C999C4D861B70A90389","598246FE46C49E4E64504AE6B526E542E91FD407249AB56DA2D5A1321220AD8F","0869C55437A0A5FD78AE3258E4CDB63FEB452EC2FBB4325E4F1C786DC06E480D","177FB621C77E07B0146A65704F3C1D984200846C477E5BDE29D53F205B76CD2A","BA94878B6E22F59EBB714C482C1BD7B36AC738EA58F5100F366E9C63F1577BC1","58E63CA074DB7714DF37ADC0EF8DAD1BAFC3B489F0B5698FD0351ABF497A6494","08509F882E433AAEFD247A0BCB8933B3E793EBED1B25682015EB26A85B8DF69A","09F40CBF43A3B439C494FA51DBE4200616F6988EB41146918F4078657A210F56","57B4B4833DE59BA80D6F49B5EEDC4466AD173FC40E7015D04DFDE74D9177C16A","7CC7519129B505683E56E8A07B7201E4D69FBD251B9F515588B4A2C95B5CEB3E","E5A7D098E69F5FDAF9ABD680744083F272B7D5DC83304F8A28188144007CCB80","F2E9C887EB77D6D1D7B35CC60147190512B8D79910CD8BF3B4E68D2105440544","9A51BF4A276B91F21829963A04B4E301E294F4DEE07C929FDB03B58226450812"]
Mar 22 02:05:20 
Mar 22 02:05:20 获取用户信息：success
Mar 22 02:05:20 
Mar 22 02:05:20 
Mar 22 02:05:20 当前等级:8,财富值:551532
Mar 22 02:05:20 
Mar 22 02:05:20 财富岛好友互助码每次运行都变化,旧的可继续使用
Mar 22 02:05:20 
Mar 22 02:05:20 【京东账号1（burst3166）的京喜财富岛好友互助码】8D168135C31C9819C34A7DCB666F116C6B51570E3223064694FF7CC43CD483A0
Mar 22 02:05:20 
Mar 22 02:05:20 
Mar 22 02:05:20 
Mar 22 02:05:20 签到列表：success
Mar 22 02:05:20 
Mar 22 02:05:20 
Mar 22 02:05:20 📌签到：你今日已签到过啦，请明天再来
Mar 22 02:05:21 待开通场景ID列表sceneList;["1002","1003"]
Mar 22 02:05:21 
Mar 22 02:05:21 【欢乐牧场】🏝岛主 : 获取财富值：¥ 665 
Mar 22 02:05:21 
Mar 22 02:05:22 
Mar 22 02:05:22 【欢乐牧场】👬好友: 获取超级助力财富值：¥ 402 
Mar 22 02:05:22 
Mar 22 02:05:22 【欢乐牧场领取红包】 招工人数不达标
Mar 22 02:05:22 "{\"dwCurTime\":1616349922,\"iRet\":2045,\"sErrMsg\":\"招工人数不达标\",\"strPin\":\"burst3166\"}\n",退出
Mar 22 02:05:23 
Mar 22 02:05:23 获取【📆日常任务】列表 ，总共9个任务！
Mar 22 02:05:23 
Mar 22 02:05:23 
Mar 22 02:05:23 开始第1个【📆日常任务】：每日三餐上岛
Mar 22 02:05:24 
Mar 22 02:05:24 每日三餐上岛【做日常任务】：任务进行中或者未到任务时间
Mar 22 02:05:24 
Mar 22 02:05:24 
Mar 22 02:05:24 每日三餐上岛【领日常奖励】：任务为成就任务或者未到任务时间
Mar 22 02:05:24 
Mar 22 02:05:24 
Mar 22 02:05:24 结束第1个【📆日常任务】：每日三餐上岛
Mar 22 02:05:24 
Mar 22 02:05:24 
Mar 22 02:05:24 开始第2个【📆日常任务】：每日三餐上岛
Mar 22 02:05:25 
Mar 22 02:05:25 每日三餐上岛【做日常任务】：任务进行中或者未到任务时间
Mar 22 02:05:25 
Mar 22 02:05:25 
Mar 22 02:05:25 每日三餐上岛【领日常奖励】：任务为成就任务或者未到任务时间
Mar 22 02:05:25 
Mar 22 02:05:25 
Mar 22 02:05:25 结束第2个【📆日常任务】：每日三餐上岛
Mar 22 02:05:25 
Mar 22 02:05:25 
Mar 22 02:05:25 开始第3个【📆日常任务】：每日三餐上岛
Mar 22 02:05:26 
Mar 22 02:05:26 每日三餐上岛【做日常任务】：任务进行中或者未到任务时间
Mar 22 02:05:26 
Mar 22 02:05:27 
Mar 22 02:05:27 每日三餐上岛【领日常奖励】：任务为成就任务或者未到任务时间
Mar 22 02:05:27 
Mar 22 02:05:27 
Mar 22 02:05:27 结束第3个【📆日常任务】：每日三餐上岛
Mar 22 02:05:27 
Mar 22 02:05:27 
Mar 22 02:05:27 开始第4个【📆日常任务】：1元起抢春季新装备
Mar 22 02:05:27 
Mar 22 02:05:27 1元起抢春季新装备【做日常任务】： mission success
Mar 22 02:05:28 
Mar 22 02:05:28 1元起抢春季新装备【领日常奖励】： 获得财富值 ¥ 500
Mar 22 02:05:28 
Mar 22 02:05:29 
Mar 22 02:05:29 1元起抢春季新装备【领日常奖励】：任务为成就任务或者未到任务时间
Mar 22 02:05:29 
Mar 22 02:05:29 
Mar 22 02:05:29 结束第4个【📆日常任务】：1元起抢春季新装备
Mar 22 02:05:29 
Mar 22 02:05:29 
Mar 22 02:05:29 开始第5个【📆日常任务】：关注浏览超值店铺
Mar 22 02:05:29 
Mar 22 02:05:29 关注浏览超值店铺【做日常任务】： mission success
Mar 22 02:05:30 
Mar 22 02:05:30 关注浏览超值店铺【领日常奖励】： 获得财富值 ¥ 3500
Mar 22 02:05:30 
Mar 22 02:05:31 
Mar 22 02:05:31 关注浏览超值店铺【领日常奖励】：任务为成就任务或者未到任务时间
Mar 22 02:05:31 
Mar 22 02:05:31 
Mar 22 02:05:31 结束第5个【📆日常任务】：关注浏览超值店铺
Mar 22 02:05:31 
Mar 22 02:05:31 
Mar 22 02:05:31 开始第6个【📆日常任务】：特卖商品1元起
Mar 22 02:05:32 
Mar 22 02:05:32 特卖商品1元起【做日常任务】：任务进行中或者未到任务时间
Mar 22 02:05:32 
Mar 22 02:05:32 
Mar 22 02:05:32 特卖商品1元起【领日常奖励】：任务为成就任务或者未到任务时间
Mar 22 02:05:32 
Mar 22 02:05:32 
Mar 22 02:05:32 结束第6个【📆日常任务】：特卖商品1元起
Mar 22 02:05:32 
Mar 22 02:05:32 
Mar 22 02:05:32 开始第7个【📆日常任务】：邀请岛民好友首次上岛
Mar 22 02:05:33 
Mar 22 02:05:33 邀请岛民好友首次上岛【做日常任务】：任务进行中或者未到任务时间
Mar 22 02:05:33 
Mar 22 02:05:33 
Mar 22 02:05:33 邀请岛民好友首次上岛【领日常奖励】：任务为成就任务或者未到任务时间
Mar 22 02:05:33 
Mar 22 02:05:33 
Mar 22 02:05:33 结束第7个【📆日常任务】：邀请岛民好友首次上岛
Mar 22 02:05:33 
Mar 22 02:05:33 
Mar 22 02:05:33 开始第8个【📆日常任务】：逛商品集市得财富
Mar 22 02:05:34 
Mar 22 02:05:34 逛商品集市得财富【做日常任务】： mission success
Mar 22 02:05:34 
Mar 22 02:05:34 逛商品集市得财富【领日常奖励】： 获得财富值 ¥ 500
Mar 22 02:05:34 
Mar 22 02:05:35 
Mar 22 02:05:35 逛商品集市得财富【领日常奖励】：任务为成就任务或者未到任务时间
Mar 22 02:05:35 
Mar 22 02:05:36 
Mar 22 02:05:36 结束第8个【📆日常任务】：逛商品集市得财富
Mar 22 02:05:36 
Mar 22 02:05:36 
Mar 22 02:05:36 开始第9个【📆日常任务】：去岛屿商城下一单
Mar 22 02:05:36 
Mar 22 02:05:36 去岛屿商城下一单【做日常任务】：任务进行中或者未到任务时间
Mar 22 02:05:36 
Mar 22 02:05:37 
Mar 22 02:05:37 去岛屿商城下一单【领日常奖励】：任务为成就任务或者未到任务时间
Mar 22 02:05:37 
Mar 22 02:05:37 
Mar 22 02:05:37 结束第9个【📆日常任务】：去岛屿商城下一单
Mar 22 02:05:37 
Mar 22 02:05:37 
Mar 22 02:05:37 🎁寻宝：宝藏冷却中，请等待冷却完毕
Mar 22 02:05:37 
Mar 22 02:05:37 🎁寻宝：宝藏冷却中，请等待冷却完毕
Mar 22 02:05:37 
Mar 22 02:05:37 🎁寻宝：宝藏冷却中，请等待冷却完毕
Mar 22 02:05:38 
Mar 22 02:05:38 获取【🎖成就任务】列表 ，总共0个任务！
Mar 22 02:05:38 
Mar 22 02:05:40 
Mar 22 02:05:40 【🏝寻宝大作战】【全民暴富岛】开宝箱：未达到宝箱开启条件，快去邀请好友助力吧！
Mar 22 02:05:40 
Mar 22 02:05:40 【🏝寻宝大作战】【好运连连岛】开宝箱：未达到宝箱开启条件，快去邀请好友助力吧！
Mar 22 02:05:40 
Mar 22 02:05:40 【🏝寻宝大作战】【平安喜乐岛】开宝箱：未达到宝箱开启条件，快去邀请好友助力吧！
Mar 22 02:05:40 
Mar 22 02:05:40 【🏝寻宝大作战】【万事大吉岛】开宝箱：未达到宝箱开启条件，快去邀请好友助力吧！
Mar 22 02:05:41 你的【🏝寻宝大作战】互助码: Jxcfd_GroupId_234_44130813(每天都变化,旧的不可用)
Mar 22 02:05:41 
Mar 22 02:05:41 获取用户信息：success
Mar 22 02:05:41 
Mar 22 02:05:41 
Mar 22 02:05:41 当前等级:8,财富值:557099
Mar 22 02:05:41 
Mar 22 02:05:41 debug: 开始助力
Mar 22 02:05:41 去助力好友 F56F27E1C89BB454824F4C348C10711B434D5E85872050A1AB32623A84C07D58
Mar 22 02:05:41 
Mar 22 02:05:41 超级助力(超级工人)结果:{"dwAwardExperience":500,"dwAwardMany":500,"dwCurTime":1616349941,"iRet":2007,"sErrMsg":"已经助力","strPin":"burst3166"}
Mar 22 02:05:41 
Mar 22 02:05:41 已经助力
Mar 22 02:05:41 
Mar 22 02:05:41 普通助力(招工)结果:{"dwAwardExperience":500,"dwAwardMany":500,"dwCurTime":1616349941,"iRet":2003,"sErrMsg":"系统繁忙,请稍候再试","strPin":"burst3166"}
Mar 22 02:05:41 
Mar 22 02:05:43 去助力好友 3E3F0632B5A61B923B5235513E495D4803EA8EFFC12E29C6178686B0A9E300FB
Mar 22 02:05:43 
Mar 22 02:05:43 超级助力(超级工人)结果:{"dwAwardExperience":500,"dwAwardMany":500,"dwCurTime":1616349944,"iRet":2007,"sErrMsg":"已经助力","strPin":"burst3166"}
Mar 22 02:05:43 
Mar 22 02:05:43 已经助力
Mar 22 02:05:44 
Mar 22 02:05:44 普通助力(招工)结果:{"dwAwardExperience":500,"dwAwardMany":500,"dwCurTime":1616349944,"iRet":2003,"sErrMsg":"系统繁忙,请稍候再试","strPin":"burst3166"}
Mar 22 02:05:44 
Mar 22 02:05:46 去助力好友 412DDA5FE14B9904244D4D46953478263BE3B24FD6A7636A9C18AE786F906B7A
Mar 22 02:05:46 
Mar 22 02:05:46 超级助力(超级工人)结果:{"dwAwardExperience":500,"dwAwardMany":500,"dwCurTime":1616349946,"iRet":2007,"sErrMsg":"已经助力","strPin":"burst3166"}
Mar 22 02:05:46 
Mar 22 02:05:46 已经助力
Mar 22 02:05:46 
Mar 22 02:05:46 普通助力(招工)结果:{"dwAwardExperience":500,"dwAwardMany":500,"dwCurTime":1616349946,"iRet":2003,"sErrMsg":"系统繁忙,请稍候再试","strPin":"burst3166"}
Mar 22 02:05:46 
Mar 22 02:05:48 去助力好友 62959864280B8DED6D0F71844EC68E4059981439CF9D245A629DE5D2BA587C1F
Mar 22 02:05:48 
Mar 22 02:05:48 超级助力(超级工人)结果:{"dwAwardExperience":500,"dwAwardMany":500,"dwCurTime":1616349948,"iRet":2005,"sErrMsg":"每天打工次数上限","strPin":"burst3166"}
Mar 22 02:05:48 
Mar 22 02:05:48 每天打工次数上限
Mar 22 02:05:48 
Mar 22 02:05:48 普通助力(招工)结果:{"dwAwardExperience":500,"dwAwardMany":500,"dwCurTime":1616349948,"iRet":2003,"sErrMsg":"系统繁忙,请稍候再试","strPin":"burst3166"}
Mar 22 02:05:48 
Mar 22 02:05:50 去参加寻宝大作战Jxcfd_GroupId_234_1099556950179
Mar 22 02:05:50 已经成团
Mar 22 02:05:52 去参加寻宝大作战Jxcfd_GroupId_234_44127055
Mar 22 02:05:52 已经成团
Mar 22 02:05:54 去参加寻宝大作战Jxcfd_GroupId_234_1099556949495
Mar 22 02:05:54 已经成团
Mar 22 02:05:56 去参加寻宝大作战Jxcfd_GroupId_234_44135434
Mar 22 02:05:56 已经成团
Mar 22 02:05:58 去参加寻宝大作战Jxcfd_GroupId_234_1099556954423
Mar 22 02:05:58 已经成团
Mar 22 02:06:00 去参加寻宝大作战Jxcfd_GroupId_234_1099556955354
Mar 22 02:06:00 已经成团
Mar 22 02:06:02 去参加寻宝大作战Jxcfd_GroupId_234_44140362
Mar 22 02:06:02 已经成团
Mar 22 02:06:04 去参加寻宝大作战Jxcfd_GroupId_234_44135022
Mar 22 02:06:04 已经成团
Mar 22 02:06:06 去参加寻宝大作战Jxcfd_GroupId_234_44120666
Mar 22 02:06:06 已经成团
Mar 22 02:06:08 去参加寻宝大作战Jxcfd_GroupId_234_44109649
Mar 22 02:06:08 已经成团
Mar 22 02:06:10 去参加寻宝大作战Jxcfd_GroupId_234_1099556943914
Mar 22 02:06:10 已经成团
Mar 22 02:06:12 去参加寻宝大作战Jxcfd_GroupId_234_1099556957649
Mar 22 02:06:13 已经成团
Mar 22 02:06:15 去参加寻宝大作战Jxcfd_GroupId_234_1099556939105
Mar 22 02:06:15 已经成团
Mar 22 02:06:17 去参加寻宝大作战Jxcfd_GroupId_234_44130731
Mar 22 02:06:17 已经成团
Mar 22 02:06:19 去参加寻宝大作战Jxcfd_GroupId_234_1099556958192
Mar 22 02:06:19 已经成团
Mar 22 02:06:21 去参加寻宝大作战Jxcfd_GroupId_234_44135992
Mar 22 02:06:21 已经成团
Mar 22 02:06:23 去参加寻宝大作战Jxcfd_GroupId_234_1099556960677
Mar 22 02:06:23 已经成团
Mar 22 02:06:25 去参加寻宝大作战Jxcfd_GroupId_234_1099556950359
Mar 22 02:06:25 已经成团
Mar 22 02:06:27 去参加寻宝大作战Jxcfd_GroupId_234_1099556944867
Mar 22 02:06:27 已经成团
Mar 22 02:06:29 去参加寻宝大作战Jxcfd_GroupId_234_44127426
Mar 22 02:06:29 已经成团
Mar 22 02:06:31 去参加寻宝大作战Jxcfd_GroupId_234_44135176
Mar 22 02:06:31 已经成团
Mar 22 02:06:33 去参加寻宝大作战Jxcfd_GroupId_234_1099556950569
Mar 22 02:06:33 已经成团
Mar 22 02:06:35 去参加寻宝大作战Jxcfd_GroupId_234_1099556943373
Mar 22 02:06:35 已经成团
Mar 22 02:06:37 去参加寻宝大作战Jxcfd_GroupId_234_44127148
Mar 22 02:06:37 已经成团
Mar 22 02:06:39 去参加寻宝大作战Jxcfd_GroupId_234_1099556944769
Mar 22 02:06:39 已经成团
Mar 22 02:06:41 去参加寻宝大作战Jxcfd_GroupId_234_44128294
Mar 22 02:06:41 已经成团
Mar 22 02:06:43 去参加寻宝大作战Jxcfd_GroupId_234_44129884
Mar 22 02:06:43 已经成团
Mar 22 02:06:45 去参加寻宝大作战Jxcfd_GroupId_234_1099556955103
Mar 22 02:06:45 已经成团
Mar 22 02:06:47 去参加寻宝大作战Jxcfd_GroupId_234_1099556955892
Mar 22 02:06:48 已经成团
Mar 22 02:06:50 去参加寻宝大作战Jxcfd_GroupId_234_1099556955065
Mar 22 02:06:50 已经成团
Mar 22 02:06:52 去参加寻宝大作战Jxcfd_GroupId_234_1099556958838
Mar 22 02:06:52 已经成团
Mar 22 02:06:54 去参加寻宝大作战Jxcfd_GroupId_234_1099556950229
Mar 22 02:06:54 已经成团
Mar 22 02:06:56 去参加寻宝大作战Jxcfd_GroupId_234_1099556960707
Mar 22 02:06:56 已经成团
Mar 22 02:06:58 去参加寻宝大作战Jxcfd_GroupId_234_44130813
Mar 22 02:06:58 不能给自己助力
Mar 22 02:07:02 
Mar 22 02:07:02 ==============📣系统通知📣==============
Mar 22 02:07:02 京喜财富岛
Mar 22 02:07:02 【京东账号1】burst3166
Mar 22 02:07:02 【💵财富值】任务前: 551532
Mar 22 02:07:02 【💵财富值】任务后: 557099
Mar 22 02:07:02 【💵财富值】净增值: 5567
Mar 22 02:07:02 
Mar 22 02:07:02 
Mar 22 02:07:02 🔔京喜财富岛, 结束! 🕛 105.627 秒
Mar 22 02:07:02 
Mar 22 04:05:28 
Mar 22 04:05:28 🔔京喜财富岛, 开始!
Mar 22 04:05:28 
Mar 22 04:05:28 ====================共1个京东账号Cookie=========
Mar 22 04:05:28 
Mar 22 04:05:28 ==================脚本执行- 北京时间(UTC+8)：3/22/2021, 4:05:28 AM=====================
Mar 22 04:05:28 
Mar 22 04:05:29 开始获取京喜财富岛配置文件
Mar 22 04:05:29 
Mar 22 04:05:29 您提供了1个账号的京喜财富岛助力码
Mar 22 04:05:29 
Mar 22 04:05:30 
Mar 22 04:05:30 开始【京东账号1】burst3166
Mar 22 04:05:30 
Mar 22 04:05:30 开始
Mar 22 04:05:31 随机取20个码放到您固定的互助码后面(不影响已有固定互助)
Mar 22 04:05:31 第1个京东账号将要助力的好友["F56F27E1C89BB454824F4C348C10711B434D5E85872050A1AB32623A84C07D58","3E3F0632B5A61B923B5235513E495D4803EA8EFFC12E29C6178686B0A9E300FB","412DDA5FE14B9904244D4D46953478263BE3B24FD6A7636A9C18AE786F906B7A","62959864280B8DED6D0F71844EC68E4059981439CF9D245A629DE5D2BA587C1F","F542AC169697AD8621587823B13E6AA8A004AF26497E96FE787CEA61D3B9CC5D","B575568B08AAEF6C80C16FCAF85EF720D262F5359C5F21DD15C900FF2B6F7B81","B1BE5A7E21B4FDD46091FE410BDEE1394DBEF52DF19D7E269FEBA448736ADAC8","676D6B9A6BA8D748B215817A03831548583328F87AD8236A4E9261872C301C4A","3E3F0632B5A61B923B5235513E495D48C80E045A0F29FE0927B3FE937B406D3D","7B48E110AED3AD9D61F14DF0BF9B00CE0033A05806BB4392F5CA43CB57D0EBE8","3B46280CCD6BF18287CB272E5A9A736DC19D218096D94694763468602E397141","E2A6C47DB81E3F7BB96E94C129765389BD25FAEF8FFAE9DE614D53540540B07E","F9EA8490457BB8671022CB4D25EA59F6E9504F412E08CFAE3597E759C8D43F3D","EF782402F3097C5ECECBB3AA0FABA3C5E9504F412E08CFAE3597E759C8D43F3D","E03DDC7A786D40CC336CECEA726B024260405113F2EECA324A7A4E7EA4C1C87C","28C7CFB56F19C01778056F3F7EE963E797BCD43A713A71A6D61EFA33A2F6808C","5DF6E8C2AB354948E43A577E1771757FEB061EAF343298A7EB9E1DB9696B6E2C","FA00A56D50C6589BC941527DE216A6322FA93FA1FDFEA9F9452F23A30835B797","A13A472C0826D29815C0E8DB1E416FF2691600CC38FD9C371B1FBA0A8EF6E89F","3E4FCA1315E7D614686CCCC2386FDBC58CB4F40D9EB38282E326C81B14799023","AC44A799D9BD875DA9F3CAF1D06E7EBC93C25E848EC4D6AC951871FA90142114","C615955B40B3721E7AD21DF5EE697CBED6D80EAF03D338D4A6D731BC45BE0F23","7FF8E184072BC6A974D496188793B092DC8A3C5C89480A5C3F7544AB35F0C42A","D37B4421FAD0F91105009D6571A0B5EEAF2A91DF8A8E1A496CD6615FF30E5138","2A116665D576F240E523C0D6B31170D319463CE949E357277F1ED9F1068DA40D","69232A74C7EA864981BDFF0E96EBD09452436847E33204DBD46ED8E964F3EE15","B61D8381693CBA4F0DB133EDCEA5D1683279E495DD4FA032BEADD415DCC6DA98","21ECA8C831E3FFD014FB5EA53A5C1EA034D89F9B71FB0165BFC7253E59E4CB48","A46A44F8028BFB78470329085C375743310E907CC3A600B0E25FA6F1D85D58EB","44099A7213D08369EA6953377B7214B7202E0967E98AC945F8517A260D780D03","8219F070E67DAE116C3EF7C81B6C7F885B5A8051384558A0803636C2360AA8C2","C0AF99CDCCDBAF410114806F500CB3E96B3E447F52EE61F83C9A3B6A0F98243A","B9D166DE9741CC30FF8A9150B3EB4BA133F12CEFBAD2B70FC008A8079494A351","409F54FD8F9BB7B4C02BFB5E4E66C07AE54BECBB8DE4A5F67A5C42F89008FA48","3F501B04318C516D66688069FB21A9CDBE421E719A52DE6BF91138214A87737A","6830F12055097D7A036CEFA680070182","A3B2D9AA76996DD324D9BF3372421E82804111069D35190CDECF9B70D38CE74DAD14030F0E534F9FA390A3ED6068042F","B3289BE65F4BB7DDE9283BB9D034A772BF7B4EA8D4A7C38487226A54400667D9","8E9FB9569C9E9DD2FEBED264C90C3E0C12A2CC095295EF3044C7B9ABDC097EBF","9E139CE4B6508B1A03755E676185C254E40FC6525ECB7DEA7DCC69E681FBA500","9E5A185B380DC661AC40DA8998B2403E1C9951DB0E3646B1DBA464B7843E3DB4","C4765B25E7355220767E2B8A76E2A5BC1098D754FA7AE09127DF2A146300F079","15A4CCB37B8707C0D350B63E5B70A9593E6FB334BC253C9F359AAB5135E03227","9DF99BCC58F209C41197AF8619A206E8ACA4E7BF47197A4B64534A803B81C9E8","4DBAFC0B93D224DA3AAFB83B277A9658E3E59B13F54D28FE26BC6067442A657F","E70BB97C2F51854656D6FB38A8E0C85E1FC4CC93891F6D77057EFD49D8628545","F45CB4F07997DFE748E5656521A9034446A1568F6950206B0D44A5664662275D","D102EE33019B975B9ACC1784FA588FCEA665D3A27DFE1930773E7E53BB117F44","030302072CF28D0C96CC7CDC974D4A2852F19749CEA3459E04337392EAA72563","5A7BD4843863271C701CAE309AD839D709CF79F08F0DEBC9608BAF101AB7574C","9032719C1C6E3BAEB83EEC12B41A8E5DB9CE58AFC6A1730F2F056F116FFE90E9","CF58C004025F192828055C5C482216CFD4C93FD757E849ACA7309823C3A0ECF3","897947B4EB0598C6A87B74781AC0748A48C3CEB88D43BA1B89687184864B608E","7CC7519129B505683E56E8A07B7201E4D69FBD251B9F515588B4A2C95B5CEB3E","495BF9607C18135986A944AB80D199E223B71970D34B3343144D7D0941A28ECD","491DE559ECD8A43195AA69DDD1DA92F48960ECE1E6AAEDCACEF5A8315E380532","CAEC998676FE1E38CA824613CE12FCF2FC2F9EFAAE3BBDE1B9E28A3D5DDFC44B","F31704D301839DD70974292836CD7B01F53B56871B03BCDB404C127AC82F6720","364C340C0B6C386D0C2BBA4923142E1924CA5076F3491033AFBA2B778A106B9E","D29D30F51FB99D06C02B0471129C773D11744448B620821AA10B1607BDF33803","0BA5B4AB126AEC9905A3CC7FE7A4CCD681B8D26114E105C6746E929238853006","B558BFA14ACE449EC1328302B0EE1E0C339142E984D7B865237FB851049286C9","E9D545CAC4E1DE811A1AF0561188E05FBB9EFF2A1C7B7A7119558698C56E1F75","F89F33FB4D23D590EFCBB12C29827F3B69F4507592FD0881C294E435CF9BF5F1","3ED3D3A7E516C6736FDB48B5CC7427E5AC63D676A96406DC6816637A2E48244F","8CDC57BBFA01FBEB4AD2311872F00E8A15B51836AA74789BF307AA2ACF554FE8","FD2F58F7A64BB6614B2B02438E9943BF91D0B6C12480DCEECA1898292DEA8A35"]
Mar 22 04:05:31 
Mar 22 04:05:31 获取用户信息：success
Mar 22 04:05:31 
Mar 22 04:05:31 
Mar 22 04:05:31 当前等级:8,财富值:557099
Mar 22 04:05:31 
Mar 22 04:05:31 财富岛好友互助码每次运行都变化,旧的可继续使用
Mar 22 04:05:31 
Mar 22 04:05:31 【京东账号1（burst3166）的京喜财富岛好友互助码】A6B85FA3DB3B30DED32B23916D92F8572F7163BB43C6918EADB4F5285227EE1C
Mar 22 04:05:31 
Mar 22 04:05:31 
Mar 22 04:05:31 
Mar 22 04:05:31 签到列表：success
Mar 22 04:05:31 
Mar 22 04:05:31 
Mar 22 04:05:31 📌签到：你今日已签到过啦，请明天再来
Mar 22 04:05:32 待开通场景ID列表sceneList;["1002","1003"]
Mar 22 04:05:33 
Mar 22 04:05:33 【欢乐牧场】🏝岛主 : 获取财富值：¥ 667 
Mar 22 04:05:33 
Mar 22 04:05:33 
Mar 22 04:05:33 【欢乐牧场】👬好友: 获取超级助力财富值：¥ 408 
Mar 22 04:05:33 
Mar 22 04:05:33 【欢乐牧场领取红包】 招工人数不达标
Mar 22 04:05:33 "{\"dwCurTime\":1616357133,\"iRet\":2045,\"sErrMsg\":\"招工人数不达标\",\"strPin\":\"burst3166\"}\n",退出
Mar 22 04:05:34 
Mar 22 04:05:34 获取【📆日常任务】列表 ，总共6个任务！
Mar 22 04:05:34 
Mar 22 04:05:34 
Mar 22 04:05:34 开始第1个【📆日常任务】：每日三餐上岛
Mar 22 04:05:35 
Mar 22 04:05:35 每日三餐上岛【做日常任务】：任务进行中或者未到任务时间
Mar 22 04:05:35 
Mar 22 04:05:35 
Mar 22 04:05:35 每日三餐上岛【领日常奖励】：任务为成就任务或者未到任务时间
Mar 22 04:05:35 
Mar 22 04:05:35 
Mar 22 04:05:35 结束第1个【📆日常任务】：每日三餐上岛
Mar 22 04:05:35 
Mar 22 04:05:35 
Mar 22 04:05:35 开始第2个【📆日常任务】：每日三餐上岛
Mar 22 04:05:36 
Mar 22 04:05:36 每日三餐上岛【做日常任务】：任务进行中或者未到任务时间
Mar 22 04:05:36 
Mar 22 04:05:37 
Mar 22 04:05:37 每日三餐上岛【领日常奖励】：任务为成就任务或者未到任务时间
Mar 22 04:05:37 
Mar 22 04:05:37 
Mar 22 04:05:37 结束第2个【📆日常任务】：每日三餐上岛
Mar 22 04:05:37 
Mar 22 04:05:37 
Mar 22 04:05:37 开始第3个【📆日常任务】：每日三餐上岛
Mar 22 04:05:37 
Mar 22 04:05:37 每日三餐上岛【做日常任务】：任务进行中或者未到任务时间
Mar 22 04:05:37 
Mar 22 04:05:38 
Mar 22 04:05:38 每日三餐上岛【领日常奖励】：任务为成就任务或者未到任务时间
Mar 22 04:05:38 
Mar 22 04:05:38 
Mar 22 04:05:38 结束第3个【📆日常任务】：每日三餐上岛
Mar 22 04:05:38 
Mar 22 04:05:38 
Mar 22 04:05:38 开始第4个【📆日常任务】：特卖商品1元起
Mar 22 04:05:38 
Mar 22 04:05:38 特卖商品1元起【做日常任务】：任务进行中或者未到任务时间
Mar 22 04:05:38 
Mar 22 04:05:39 
Mar 22 04:05:39 特卖商品1元起【领日常奖励】：任务为成就任务或者未到任务时间
Mar 22 04:05:39 
Mar 22 04:05:39 
Mar 22 04:05:39 结束第4个【📆日常任务】：特卖商品1元起
Mar 22 04:05:39 
Mar 22 04:05:39 
Mar 22 04:05:39 开始第5个【📆日常任务】：邀请岛民好友首次上岛
Mar 22 04:05:40 
Mar 22 04:05:40 邀请岛民好友首次上岛【做日常任务】：任务进行中或者未到任务时间
Mar 22 04:05:40 
Mar 22 04:05:40 
Mar 22 04:05:40 邀请岛民好友首次上岛【领日常奖励】：任务为成就任务或者未到任务时间
Mar 22 04:05:40 
Mar 22 04:05:40 
Mar 22 04:05:40 结束第5个【📆日常任务】：邀请岛民好友首次上岛
Mar 22 04:05:40 
Mar 22 04:05:40 
Mar 22 04:05:40 开始第6个【📆日常任务】：去岛屿商城下一单
Mar 22 04:05:41 
Mar 22 04:05:41 去岛屿商城下一单【做日常任务】：任务进行中或者未到任务时间
Mar 22 04:05:41 
Mar 22 04:05:41 
Mar 22 04:05:41 去岛屿商城下一单【领日常奖励】：任务为成就任务或者未到任务时间
Mar 22 04:05:41 
Mar 22 04:05:41 
Mar 22 04:05:41 结束第6个【📆日常任务】：去岛屿商城下一单
Mar 22 04:05:41 
Mar 22 04:05:42 
Mar 22 04:05:42 🎁寻宝：宝藏冷却中，请等待冷却完毕
Mar 22 04:05:42 
Mar 22 04:05:42 🎁寻宝：宝藏冷却中，请等待冷却完毕
Mar 22 04:05:42 
Mar 22 04:05:42 🎁寻宝：宝藏冷却中，请等待冷却完毕
Mar 22 04:05:43 
Mar 22 04:05:43 获取【🎖成就任务】列表 ，总共0个任务！
Mar 22 04:05:43 
Mar 22 04:05:45 
Mar 22 04:05:45 【🏝寻宝大作战】【全民暴富岛】开宝箱：未达到宝箱开启条件，快去邀请好友助力吧！
Mar 22 04:05:45 
Mar 22 04:05:45 【🏝寻宝大作战】【好运连连岛】开宝箱：未达到宝箱开启条件，快去邀请好友助力吧！
Mar 22 04:05:45 
Mar 22 04:05:45 【🏝寻宝大作战】【平安喜乐岛】开宝箱：未达到宝箱开启条件，快去邀请好友助力吧！
Mar 22 04:05:45 
Mar 22 04:05:45 【🏝寻宝大作战】【万事大吉岛】开宝箱：未达到宝箱开启条件，快去邀请好友助力吧！
Mar 22 04:05:45 你的【🏝寻宝大作战】互助码: Jxcfd_GroupId_234_44130813(每天都变化,旧的不可用)
Mar 22 04:05:46 
Mar 22 04:05:46 获取用户信息：success
Mar 22 04:05:46 
Mar 22 04:05:46 
Mar 22 04:05:46 当前等级:8,财富值:558174
Mar 22 04:05:46 
Mar 22 04:05:46 debug: 开始助力
Mar 22 04:05:46 去助力好友 F56F27E1C89BB454824F4C348C10711B434D5E85872050A1AB32623A84C07D58
Mar 22 04:05:46 
Mar 22 04:05:46 超级助力(超级工人)结果:{"dwAwardExperience":500,"dwAwardMany":500,"dwCurTime":1616357146,"iRet":2007,"sErrMsg":"已经助力","strPin":"burst3166"}
Mar 22 04:05:46 
Mar 22 04:05:46 已经助力
Mar 22 04:05:46 
Mar 22 04:05:46 普通助力(招工)结果:{"dwAwardExperience":500,"dwAwardMany":500,"dwCurTime":1616357146,"iRet":2003,"sErrMsg":"系统繁忙,请稍候再试","strPin":"burst3166"}
Mar 22 04:05:46 
Mar 22 04:05:48 去助力好友 3E3F0632B5A61B923B5235513E495D4803EA8EFFC12E29C6178686B0A9E300FB
Mar 22 04:05:48 
Mar 22 04:05:48 超级助力(超级工人)结果:{"dwAwardExperience":500,"dwAwardMany":500,"dwCurTime":1616357148,"iRet":2007,"sErrMsg":"已经助力","strPin":"burst3166"}
Mar 22 04:05:48 
Mar 22 04:05:48 已经助力
Mar 22 04:05:48 
Mar 22 04:05:48 普通助力(招工)结果:{"dwAwardExperience":500,"dwAwardMany":500,"dwCurTime":1616357148,"iRet":2003,"sErrMsg":"系统繁忙,请稍候再试","strPin":"burst3166"}
Mar 22 04:05:48 
Mar 22 04:05:50 去助力好友 412DDA5FE14B9904244D4D46953478263BE3B24FD6A7636A9C18AE786F906B7A
Mar 22 04:05:50 
Mar 22 04:05:50 超级助力(超级工人)结果:{"dwAwardExperience":500,"dwAwardMany":500,"dwCurTime":1616357150,"iRet":2007,"sErrMsg":"已经助力","strPin":"burst3166"}
Mar 22 04:05:50 
Mar 22 04:05:50 已经助力
Mar 22 04:05:50 
Mar 22 04:05:50 普通助力(招工)结果:{"dwAwardExperience":500,"dwAwardMany":500,"dwCurTime":1616357150,"iRet":2003,"sErrMsg":"系统繁忙,请稍候再试","strPin":"burst3166"}
Mar 22 04:05:50 
Mar 22 04:05:52 去助力好友 62959864280B8DED6D0F71844EC68E4059981439CF9D245A629DE5D2BA587C1F
Mar 22 04:05:52 
Mar 22 04:05:52 超级助力(超级工人)结果:{"dwAwardExperience":500,"dwAwardMany":500,"dwCurTime":1616357152,"iRet":2005,"sErrMsg":"每天打工次数上限","strPin":"burst3166"}
Mar 22 04:05:52 
Mar 22 04:05:52 每天打工次数上限
Mar 22 04:05:52 
Mar 22 04:05:52 普通助力(招工)结果:{"dwAwardExperience":500,"dwAwardMany":500,"dwCurTime":1616357152,"iRet":2003,"sErrMsg":"系统繁忙,请稍候再试","strPin":"burst3166"}
Mar 22 04:05:52 
Mar 22 04:05:54 去参加寻宝大作战Jxcfd_GroupId_234_1099556950179
Mar 22 04:05:54 已经成团
Mar 22 04:05:56 去参加寻宝大作战Jxcfd_GroupId_234_44127055
Mar 22 04:05:56 已经成团
Mar 22 04:05:58 去参加寻宝大作战Jxcfd_GroupId_234_1099556949495
Mar 22 04:05:58 已经成团
Mar 22 04:06:00 去参加寻宝大作战Jxcfd_GroupId_234_44135434
Mar 22 04:06:00 已经成团
Mar 22 04:06:02 去参加寻宝大作战Jxcfd_GroupId_234_1099556954423
Mar 22 04:06:03 已经成团
Mar 22 04:06:05 去参加寻宝大作战Jxcfd_GroupId_234_1099556955354
Mar 22 04:06:05 已经成团
Mar 22 04:06:07 去参加寻宝大作战Jxcfd_GroupId_234_44140362
Mar 22 04:06:07 已经成团
Mar 22 04:06:09 去参加寻宝大作战Jxcfd_GroupId_234_44135022
Mar 22 04:06:09 已经成团
Mar 22 04:06:11 去参加寻宝大作战Jxcfd_GroupId_234_44120666
Mar 22 04:06:11 已经成团
Mar 22 04:06:13 去参加寻宝大作战Jxcfd_GroupId_234_44109649
Mar 22 04:06:13 已经成团
Mar 22 04:06:15 去参加寻宝大作战Jxcfd_GroupId_234_1099556943914
Mar 22 04:06:15 已经成团
Mar 22 04:06:17 去参加寻宝大作战Jxcfd_GroupId_234_1099556957649
Mar 22 04:06:17 已经成团
Mar 22 04:06:19 去参加寻宝大作战Jxcfd_GroupId_234_1099556939105
Mar 22 04:06:19 已经成团
Mar 22 04:06:21 去参加寻宝大作战Jxcfd_GroupId_234_44130731
Mar 22 04:06:21 已经成团
Mar 22 04:06:23 去参加寻宝大作战Jxcfd_GroupId_234_1099556958192
Mar 22 04:06:23 已经成团
Mar 22 04:06:25 去参加寻宝大作战Jxcfd_GroupId_234_44135992
Mar 22 04:06:25 已经成团
Mar 22 04:06:27 去参加寻宝大作战Jxcfd_GroupId_234_1099556960677
Mar 22 04:06:27 已经成团
Mar 22 04:06:29 去参加寻宝大作战Jxcfd_GroupId_234_1099556950359
Mar 22 04:06:29 已经成团
Mar 22 04:06:31 去参加寻宝大作战Jxcfd_GroupId_234_1099556944867
Mar 22 04:06:31 已经成团
Mar 22 04:06:33 去参加寻宝大作战Jxcfd_GroupId_234_44127426
Mar 22 04:06:33 已经成团
Mar 22 04:06:35 去参加寻宝大作战Jxcfd_GroupId_234_44135176
Mar 22 04:06:36 已经成团
Mar 22 04:06:38 去参加寻宝大作战Jxcfd_GroupId_234_1099556950569
Mar 22 04:06:38 已经成团
Mar 22 04:06:40 去参加寻宝大作战Jxcfd_GroupId_234_1099556943373
Mar 22 04:06:40 已经成团
Mar 22 04:06:42 去参加寻宝大作战Jxcfd_GroupId_234_44127148
Mar 22 04:06:42 已经成团
Mar 22 04:06:44 去参加寻宝大作战Jxcfd_GroupId_234_1099556944769
Mar 22 04:06:44 已经成团
Mar 22 04:06:46 去参加寻宝大作战Jxcfd_GroupId_234_44128294
Mar 22 04:06:46 已经成团
Mar 22 04:06:48 去参加寻宝大作战Jxcfd_GroupId_234_44129884
Mar 22 04:06:48 已经成团
Mar 22 04:06:50 去参加寻宝大作战Jxcfd_GroupId_234_1099556955103
Mar 22 04:06:50 已经成团
Mar 22 04:06:52 去参加寻宝大作战Jxcfd_GroupId_234_1099556955892
Mar 22 04:06:52 已经成团
Mar 22 04:06:54 去参加寻宝大作战Jxcfd_GroupId_234_1099556955065
Mar 22 04:06:54 已经成团
Mar 22 04:06:56 去参加寻宝大作战Jxcfd_GroupId_234_1099556958838
Mar 22 04:06:56 已经成团
Mar 22 04:06:58 去参加寻宝大作战Jxcfd_GroupId_234_1099556950229
Mar 22 04:06:58 已经成团
Mar 22 04:07:00 去参加寻宝大作战Jxcfd_GroupId_234_1099556960707
Mar 22 04:07:00 已经成团
Mar 22 04:07:02 去参加寻宝大作战Jxcfd_GroupId_234_44130813
Mar 22 04:07:02 不能给自己助力
Mar 22 04:07:05 
Mar 22 04:07:05 ==============📣系统通知📣==============
Mar 22 04:07:05 京喜财富岛
Mar 22 04:07:05 【京东账号1】burst3166
Mar 22 04:07:05 【💵财富值】任务前: 557099
Mar 22 04:07:05 【💵财富值】任务后: 558174
Mar 22 04:07:05 【💵财富值】净增值: 1075
Mar 22 04:07:05 
Mar 22 04:07:05 
Mar 22 04:07:05 🔔京喜财富岛, 结束! 🕛 96.819 秒
Mar 22 04:07:05 
Mar 22 06:05:22 
Mar 22 06:05:22 🔔京喜财富岛, 开始!
Mar 22 06:05:22 
Mar 22 06:05:22 ====================共1个京东账号Cookie=========
Mar 22 06:05:22 
Mar 22 06:05:22 ==================脚本执行- 北京时间(UTC+8)：3/22/2021, 6:05:22 AM=====================
Mar 22 06:05:22 
Mar 22 06:05:22 开始获取京喜财富岛配置文件
Mar 22 06:05:22 
Mar 22 06:05:22 您提供了1个账号的京喜财富岛助力码
Mar 22 06:05:22 
Mar 22 06:05:24 
Mar 22 06:05:24 开始【京东账号1】burst3166
Mar 22 06:05:24 
Mar 22 06:05:24 开始
Mar 22 06:05:34 第1个京东账号将要助力的好友["F56F27E1C89BB454824F4C348C10711B434D5E85872050A1AB32623A84C07D58","3E3F0632B5A61B923B5235513E495D4803EA8EFFC12E29C6178686B0A9E300FB","412DDA5FE14B9904244D4D46953478263BE3B24FD6A7636A9C18AE786F906B7A","62959864280B8DED6D0F71844EC68E4059981439CF9D245A629DE5D2BA587C1F","F542AC169697AD8621587823B13E6AA8A004AF26497E96FE787CEA61D3B9CC5D","B575568B08AAEF6C80C16FCAF85EF720D262F5359C5F21DD15C900FF2B6F7B81","B1BE5A7E21B4FDD46091FE410BDEE1394DBEF52DF19D7E269FEBA448736ADAC8","676D6B9A6BA8D748B215817A03831548583328F87AD8236A4E9261872C301C4A","3E3F0632B5A61B923B5235513E495D48C80E045A0F29FE0927B3FE937B406D3D","7B48E110AED3AD9D61F14DF0BF9B00CE0033A05806BB4392F5CA43CB57D0EBE8"]
Mar 22 06:05:34 
Mar 22 06:05:34 获取用户信息：success
Mar 22 06:05:34 
Mar 22 06:05:34 
Mar 22 06:05:34 当前等级:8,财富值:558174
Mar 22 06:05:34 
Mar 22 06:05:34 财富岛好友互助码每次运行都变化,旧的可继续使用
Mar 22 06:05:34 
Mar 22 06:05:34 【京东账号1（burst3166）的京喜财富岛好友互助码】4E2CD752C5FD5AF0F2BD16D5A041B5081464A20E4F4554D07104EFF46C0F45CC
Mar 22 06:05:34 
Mar 22 06:05:34 
Mar 22 06:05:34 
Mar 22 06:05:34 签到列表：success
Mar 22 06:05:34 
Mar 22 06:05:34 
Mar 22 06:05:34 📌签到：你今日已签到过啦，请明天再来
Mar 22 06:05:35 待开通场景ID列表sceneList;["1002","1003"]
Mar 22 06:05:35 
Mar 22 06:05:35 【欢乐牧场】🏝岛主 : 获取财富值：¥ 666 
Mar 22 06:05:35 
Mar 22 06:05:36 
Mar 22 06:05:36 【欢乐牧场】👬好友: 获取超级助力财富值：¥ 408 
Mar 22 06:05:36 
Mar 22 06:05:36 【欢乐牧场领取红包】 招工人数不达标
Mar 22 06:05:36 "{\"dwCurTime\":1616364336,\"iRet\":2045,\"sErrMsg\":\"招工人数不达标\",\"strPin\":\"burst3166\"}\n",退出
Mar 22 06:05:37 
Mar 22 06:05:37 获取【📆日常任务】列表 ，总共6个任务！
Mar 22 06:05:37 
Mar 22 06:05:37 
Mar 22 06:05:37 开始第1个【📆日常任务】：每日三餐上岛
Mar 22 06:05:38 
Mar 22 06:05:38 每日三餐上岛【做日常任务】：任务进行中或者未到任务时间
Mar 22 06:05:38 
Mar 22 06:05:38 "Response code 500 (Internal Server Error)"
Mar 22 06:05:38 京喜财富岛 API请求失败，请检查网路重试
Mar 22 06:05:38 
Mar 22 06:05:38 每日三餐上岛【领日常奖励】：任务为成就任务或者未到任务时间
Mar 22 06:05:38 
Mar 22 06:05:38 
Mar 22 06:05:38 结束第1个【📆日常任务】：每日三餐上岛
Mar 22 06:05:38 
Mar 22 06:05:38 
Mar 22 06:05:38 开始第2个【📆日常任务】：每日三餐上岛
Mar 22 06:05:39 
Mar 22 06:05:39 每日三餐上岛【做日常任务】：任务进行中或者未到任务时间
Mar 22 06:05:39 
Mar 22 06:05:39 
Mar 22 06:05:39 每日三餐上岛【领日常奖励】：任务为成就任务或者未到任务时间
Mar 22 06:05:39 
Mar 22 06:05:39 
Mar 22 06:05:39 结束第2个【📆日常任务】：每日三餐上岛
Mar 22 06:05:39 
Mar 22 06:05:39 
Mar 22 06:05:39 开始第3个【📆日常任务】：每日三餐上岛
Mar 22 06:05:40 
Mar 22 06:05:40 每日三餐上岛【做日常任务】：任务进行中或者未到任务时间
Mar 22 06:05:40 
Mar 22 06:05:40 
Mar 22 06:05:40 每日三餐上岛【领日常奖励】：任务为成就任务或者未到任务时间
Mar 22 06:05:40 
Mar 22 06:05:40 
Mar 22 06:05:40 结束第3个【📆日常任务】：每日三餐上岛
Mar 22 06:05:40 
Mar 22 06:05:40 
Mar 22 06:05:40 开始第4个【📆日常任务】：特卖商品1元起
Mar 22 06:05:41 
Mar 22 06:05:41 特卖商品1元起【做日常任务】：任务进行中或者未到任务时间
Mar 22 06:05:41 
Mar 22 06:05:42 
Mar 22 06:05:42 特卖商品1元起【领日常奖励】：任务为成就任务或者未到任务时间
Mar 22 06:05:42 
Mar 22 06:05:42 
Mar 22 06:05:42 结束第4个【📆日常任务】：特卖商品1元起
Mar 22 06:05:42 
Mar 22 06:05:42 
Mar 22 06:05:42 开始第5个【📆日常任务】：邀请岛民好友首次上岛
Mar 22 06:05:42 
Mar 22 06:05:42 邀请岛民好友首次上岛【做日常任务】：任务进行中或者未到任务时间
Mar 22 06:05:42 
Mar 22 06:05:43 
Mar 22 06:05:43 邀请岛民好友首次上岛【领日常奖励】：任务为成就任务或者未到任务时间
Mar 22 06:05:43 
Mar 22 06:05:43 
Mar 22 06:05:43 结束第5个【📆日常任务】：邀请岛民好友首次上岛
Mar 22 06:05:43 
Mar 22 06:05:43 
Mar 22 06:05:43 开始第6个【📆日常任务】：去岛屿商城下一单
Mar 22 06:05:43 
Mar 22 06:05:43 去岛屿商城下一单【做日常任务】：任务进行中或者未到任务时间
Mar 22 06:05:43 
Mar 22 06:05:44 
Mar 22 06:05:44 去岛屿商城下一单【领日常奖励】：任务为成就任务或者未到任务时间
Mar 22 06:05:44 
Mar 22 06:05:44 
Mar 22 06:05:44 结束第6个【📆日常任务】：去岛屿商城下一单
Mar 22 06:05:44 
Mar 22 06:05:44 
Mar 22 06:05:44 【small_stone】🎁寻宝： ，获取随机奖励：¥ 752 
Mar 22 06:05:44 
Mar 22 06:05:47 
Mar 22 06:05:47 【tree】🎁寻宝： ，获取随机奖励：¥ 859 
Mar 22 06:05:47 
Mar 22 06:05:51 
Mar 22 06:05:51 【wood】🎁寻宝： ，获取随机奖励：¥ 620 
Mar 22 06:05:51 
Mar 22 06:05:55 
Mar 22 06:05:55 获取【🎖成就任务】列表 ，总共0个任务！
Mar 22 06:05:55 
Mar 22 06:05:56 
Mar 22 06:05:56 【🏝寻宝大作战】【全民暴富岛】开宝箱：未达到宝箱开启条件，快去邀请好友助力吧！
Mar 22 06:05:56 
Mar 22 06:05:56 【🏝寻宝大作战】【好运连连岛】开宝箱：未达到宝箱开启条件，快去邀请好友助力吧！
Mar 22 06:05:56 
Mar 22 06:05:56 【🏝寻宝大作战】【平安喜乐岛】开宝箱：未达到宝箱开启条件，快去邀请好友助力吧！
Mar 22 06:05:56 
Mar 22 06:05:56 【🏝寻宝大作战】【万事大吉岛】开宝箱：未达到宝箱开启条件，快去邀请好友助力吧！
Mar 22 06:05:57 你的【🏝寻宝大作战】互助码: Jxcfd_GroupId_234_44130813(每天都变化,旧的不可用)
Mar 22 06:05:58 
Mar 22 06:05:58 获取用户信息：success
Mar 22 06:05:58 
Mar 22 06:05:58 
Mar 22 06:05:58 当前等级:8,财富值:561479
Mar 22 06:05:58 
Mar 22 06:05:58 debug: 开始助力
Mar 22 06:05:58 去助力好友 F56F27E1C89BB454824F4C348C10711B434D5E85872050A1AB32623A84C07D58
Mar 22 06:05:58 
Mar 22 06:05:58 超级助力(超级工人)结果:{"dwAwardExperience":500,"dwAwardMany":500,"dwCurTime":1616364358,"iRet":2007,"sErrMsg":"已经助力","strPin":"burst3166"}
Mar 22 06:05:58 
Mar 22 06:05:58 已经助力
Mar 22 06:05:58 
Mar 22 06:05:58 普通助力(招工)结果:{"dwAwardExperience":500,"dwAwardMany":500,"dwCurTime":1616364358,"iRet":2003,"sErrMsg":"系统繁忙,请稍候再试","strPin":"burst3166"}
Mar 22 06:05:58 
Mar 22 06:06:00 去助力好友 3E3F0632B5A61B923B5235513E495D4803EA8EFFC12E29C6178686B0A9E300FB
Mar 22 06:06:00 
Mar 22 06:06:00 超级助力(超级工人)结果:{"dwAwardExperience":500,"dwAwardMany":500,"dwCurTime":1616364360,"iRet":2007,"sErrMsg":"已经助力","strPin":"burst3166"}
Mar 22 06:06:00 
Mar 22 06:06:00 已经助力
Mar 22 06:06:00 
Mar 22 06:06:00 普通助力(招工)结果:{"dwAwardExperience":500,"dwAwardMany":500,"dwCurTime":1616364360,"iRet":2003,"sErrMsg":"系统繁忙,请稍候再试","strPin":"burst3166"}
Mar 22 06:06:00 
Mar 22 06:06:02 去助力好友 412DDA5FE14B9904244D4D46953478263BE3B24FD6A7636A9C18AE786F906B7A
Mar 22 06:06:02 
Mar 22 06:06:02 超级助力(超级工人)结果:{"dwAwardExperience":500,"dwAwardMany":500,"dwCurTime":1616364362,"iRet":2007,"sErrMsg":"已经助力","strPin":"burst3166"}
Mar 22 06:06:02 
Mar 22 06:06:02 已经助力
Mar 22 06:06:02 
Mar 22 06:06:02 普通助力(招工)结果:{"dwAwardExperience":500,"dwAwardMany":500,"dwCurTime":1616364362,"iRet":2003,"sErrMsg":"系统繁忙,请稍候再试","strPin":"burst3166"}
Mar 22 06:06:02 
Mar 22 06:06:04 去助力好友 62959864280B8DED6D0F71844EC68E4059981439CF9D245A629DE5D2BA587C1F
Mar 22 06:06:04 
Mar 22 06:06:04 超级助力(超级工人)结果:{"dwAwardExperience":500,"dwAwardMany":500,"dwCurTime":1616364364,"iRet":2005,"sErrMsg":"每天打工次数上限","strPin":"burst3166"}
Mar 22 06:06:04 
Mar 22 06:06:04 每天打工次数上限
Mar 22 06:06:04 
Mar 22 06:06:04 普通助力(招工)结果:{"dwAwardExperience":500,"dwAwardMany":500,"dwCurTime":1616364364,"iRet":2003,"sErrMsg":"系统繁忙,请稍候再试","strPin":"burst3166"}
Mar 22 06:06:04 
Mar 22 06:06:06 去参加寻宝大作战Jxcfd_GroupId_234_1099556950179
Mar 22 06:06:06 已经成团
Mar 22 06:06:08 去参加寻宝大作战Jxcfd_GroupId_234_44127055
Mar 22 06:06:08 已经成团
Mar 22 06:06:10 去参加寻宝大作战Jxcfd_GroupId_234_1099556949495
Mar 22 06:06:10 已经成团
Mar 22 06:06:12 去参加寻宝大作战Jxcfd_GroupId_234_44135434
Mar 22 06:06:12 已经成团
Mar 22 06:06:14 去参加寻宝大作战Jxcfd_GroupId_234_1099556954423
Mar 22 06:06:14 已经成团
Mar 22 06:06:16 去参加寻宝大作战Jxcfd_GroupId_234_1099556955354
Mar 22 06:06:16 已经成团
Mar 22 06:06:18 去参加寻宝大作战Jxcfd_GroupId_234_44140362
Mar 22 06:06:19 已经成团
Mar 22 06:06:21 去参加寻宝大作战Jxcfd_GroupId_234_44135022
Mar 22 06:06:21 已经成团
Mar 22 06:06:23 去参加寻宝大作战Jxcfd_GroupId_234_44120666
Mar 22 06:06:23 已经成团
Mar 22 06:06:25 去参加寻宝大作战Jxcfd_GroupId_234_44109649
Mar 22 06:06:25 已经成团
Mar 22 06:06:27 去参加寻宝大作战Jxcfd_GroupId_234_1099556943914
Mar 22 06:06:27 已经成团
Mar 22 06:06:29 去参加寻宝大作战Jxcfd_GroupId_234_1099556957649
Mar 22 06:06:29 已经成团
Mar 22 06:06:31 去参加寻宝大作战Jxcfd_GroupId_234_1099556939105
Mar 22 06:06:31 已经成团
Mar 22 06:06:33 去参加寻宝大作战Jxcfd_GroupId_234_44130731
Mar 22 06:06:33 已经成团
Mar 22 06:06:35 去参加寻宝大作战Jxcfd_GroupId_234_1099556958192
Mar 22 06:06:35 已经成团
Mar 22 06:06:37 去参加寻宝大作战Jxcfd_GroupId_234_44135992
Mar 22 06:06:37 已经成团
Mar 22 06:06:39 去参加寻宝大作战Jxcfd_GroupId_234_1099556960677
Mar 22 06:06:39 已经成团
Mar 22 06:06:41 去参加寻宝大作战Jxcfd_GroupId_234_1099556950359
Mar 22 06:06:41 已经成团
Mar 22 06:06:43 去参加寻宝大作战Jxcfd_GroupId_234_1099556944867
Mar 22 06:06:43 已经成团
Mar 22 06:06:45 去参加寻宝大作战Jxcfd_GroupId_234_44127426
Mar 22 06:06:45 已经成团
Mar 22 06:06:47 去参加寻宝大作战Jxcfd_GroupId_234_44135176
Mar 22 06:06:47 已经成团
Mar 22 06:06:49 去参加寻宝大作战Jxcfd_GroupId_234_1099556950569
Mar 22 06:06:49 已经成团
Mar 22 06:06:51 去参加寻宝大作战Jxcfd_GroupId_234_1099556943373
Mar 22 06:06:51 已经成团
Mar 22 06:06:53 去参加寻宝大作战Jxcfd_GroupId_234_44127148
Mar 22 06:06:54 已经成团
Mar 22 06:06:56 去参加寻宝大作战Jxcfd_GroupId_234_1099556944769
Mar 22 06:06:56 已经成团
Mar 22 06:06:58 去参加寻宝大作战Jxcfd_GroupId_234_44128294
Mar 22 06:06:58 已经成团
Mar 22 06:07:00 去参加寻宝大作战Jxcfd_GroupId_234_44129884
Mar 22 06:07:00 已经成团
Mar 22 06:07:02 去参加寻宝大作战Jxcfd_GroupId_234_1099556955103
Mar 22 06:07:02 已经成团
Mar 22 06:07:04 去参加寻宝大作战Jxcfd_GroupId_234_1099556955892
Mar 22 06:07:04 已经成团
Mar 22 06:07:06 去参加寻宝大作战Jxcfd_GroupId_234_1099556955065
Mar 22 06:07:06 已经成团
Mar 22 06:07:08 去参加寻宝大作战Jxcfd_GroupId_234_1099556958838
Mar 22 06:07:08 已经成团
Mar 22 06:07:10 去参加寻宝大作战Jxcfd_GroupId_234_1099556950229
Mar 22 06:07:10 已经成团
Mar 22 06:07:12 去参加寻宝大作战Jxcfd_GroupId_234_1099556960707
Mar 22 06:07:12 已经成团
Mar 22 06:07:14 去参加寻宝大作战Jxcfd_GroupId_234_44130813
Mar 22 06:07:14 不能给自己助力
Mar 22 06:07:17 
Mar 22 06:07:17 ==============📣系统通知📣==============
Mar 22 06:07:17 京喜财富岛
Mar 22 06:07:17 【京东账号1】burst3166
Mar 22 06:07:17 【💵财富值】任务前: 558174
Mar 22 06:07:17 【💵财富值】任务后: 561479
Mar 22 06:07:17 【💵财富值】净增值: 3305
Mar 22 06:07:17 
Mar 22 06:07:17 
Mar 22 06:07:17 🔔京喜财富岛, 结束! 🕛 115.311 秒
Mar 22 06:07:17 
Mar 22 08:05:28 
Mar 22 08:05:28 🔔京喜财富岛, 开始!
Mar 22 08:05:28 
Mar 22 08:05:28 ====================共1个京东账号Cookie=========
Mar 22 08:05:28 
Mar 22 08:05:28 ==================脚本执行- 北京时间(UTC+8)：3/22/2021, 8:05:28 AM=====================
Mar 22 08:05:28 
Mar 22 08:05:29 开始获取京喜财富岛配置文件
Mar 22 08:05:29 
Mar 22 08:05:29 您提供了1个账号的京喜财富岛助力码
Mar 22 08:05:29 
Mar 22 08:05:30 
Mar 22 08:05:30 开始【京东账号1】burst3166
Mar 22 08:05:30 
Mar 22 08:05:30 开始
Mar 22 08:05:31 随机取20个码放到您固定的互助码后面(不影响已有固定互助)
Mar 22 08:05:31 第1个京东账号将要助力的好友["F56F27E1C89BB454824F4C348C10711B434D5E85872050A1AB32623A84C07D58","3E3F0632B5A61B923B5235513E495D4803EA8EFFC12E29C6178686B0A9E300FB","412DDA5FE14B9904244D4D46953478263BE3B24FD6A7636A9C18AE786F906B7A","62959864280B8DED6D0F71844EC68E4059981439CF9D245A629DE5D2BA587C1F","F542AC169697AD8621587823B13E6AA8A004AF26497E96FE787CEA61D3B9CC5D","B575568B08AAEF6C80C16FCAF85EF720D262F5359C5F21DD15C900FF2B6F7B81","B1BE5A7E21B4FDD46091FE410BDEE1394DBEF52DF19D7E269FEBA448736ADAC8","676D6B9A6BA8D748B215817A03831548583328F87AD8236A4E9261872C301C4A","3E3F0632B5A61B923B5235513E495D48C80E045A0F29FE0927B3FE937B406D3D","7B48E110AED3AD9D61F14DF0BF9B00CE0033A05806BB4392F5CA43CB57D0EBE8","FA00A56D50C6589BC941527DE216A6322FA93FA1FDFEA9F9452F23A30835B797","A13A472C0826D29815C0E8DB1E416FF2691600CC38FD9C371B1FBA0A8EF6E89F","3E4FCA1315E7D614686CCCC2386FDBC58CB4F40D9EB38282E326C81B14799023","AC44A799D9BD875DA9F3CAF1D06E7EBC93C25E848EC4D6AC951871FA90142114","C615955B40B3721E7AD21DF5EE697CBED6D80EAF03D338D4A6D731BC45BE0F23","7FF8E184072BC6A974D496188793B092DC8A3C5C89480A5C3F7544AB35F0C42A","D37B4421FAD0F91105009D6571A0B5EEAF2A91DF8A8E1A496CD6615FF30E5138","2A116665D576F240E523C0D6B31170D319463CE949E357277F1ED9F1068DA40D","69232A74C7EA864981BDFF0E96EBD09452436847E33204DBD46ED8E964F3EE15","B61D8381693CBA4F0DB133EDCEA5D1683279E495DD4FA032BEADD415DCC6DA98","21ECA8C831E3FFD014FB5EA53A5C1EA034D89F9B71FB0165BFC7253E59E4CB48","A46A44F8028BFB78470329085C375743310E907CC3A600B0E25FA6F1D85D58EB","44099A7213D08369EA6953377B7214B7202E0967E98AC945F8517A260D780D03","8219F070E67DAE116C3EF7C81B6C7F885B5A8051384558A0803636C2360AA8C2","C0AF99CDCCDBAF410114806F500CB3E96B3E447F52EE61F83C9A3B6A0F98243A","B9D166DE9741CC30FF8A9150B3EB4BA133F12CEFBAD2B70FC008A8079494A351","409F54FD8F9BB7B4C02BFB5E4E66C07AE54BECBB8DE4A5F67A5C42F89008FA48","3F501B04318C516D66688069FB21A9CDBE421E719A52DE6BF91138214A87737A","6830F12055097D7A036CEFA680070182","A3B2D9AA76996DD324D9BF3372421E82804111069D35190CDECF9B70D38CE74DAD14030F0E534F9FA390A3ED6068042F","B3289BE65F4BB7DDE9283BB9D034A772BF7B4EA8D4A7C38487226A54400667D9","8E9FB9569C9E9DD2FEBED264C90C3E0C12A2CC095295EF3044C7B9ABDC097EBF","9E139CE4B6508B1A03755E676185C254E40FC6525ECB7DEA7DCC69E681FBA500","9E5A185B380DC661AC40DA8998B2403E1C9951DB0E3646B1DBA464B7843E3DB4","C4765B25E7355220767E2B8A76E2A5BC1098D754FA7AE09127DF2A146300F079","15A4CCB37B8707C0D350B63E5B70A9593E6FB334BC253C9F359AAB5135E03227","9DF99BCC58F209C41197AF8619A206E8ACA4E7BF47197A4B64534A803B81C9E8","4DBAFC0B93D224DA3AAFB83B277A9658E3E59B13F54D28FE26BC6067442A657F","E70BB97C2F51854656D6FB38A8E0C85E1FC4CC93891F6D77057EFD49D8628545","F45CB4F07997DFE748E5656521A9034446A1568F6950206B0D44A5664662275D","08FD0A6C1C3F2188A49CF1407E041B0F5F536932116E94D82361E4CE1EAB8A1E","2BBD19B014123E71AAAFB7D9B58E168D3F42D25B00CB3DFA987D193A411E01BF","7943713069B71D2BAC6D7ADFFA2C248665572C17249F9ADB59504BFBAD8E7886","9FCDDBA315BC05CEDB0D8618D868DFAC4ECE96EBCC389C9CF185A85CEF3EF930","8BCA09C45AE87DBF5332BF4B4A4E72B972C10E1CE1D0ACBDD9FF5FC34C580135","A6209CE103759B340586B0A9CC9FC0520F710F2BE0AC7CE3E9658B5F5454CC14","Jxcfd_GroupId_210_1099551081204","4112F687D78E66C29F32D2CEDBDD3E4A3FC420AD94323D5B67B2EC17DED4A74F","3A83263BFEED4E1FDBA89EA0BF89149CD49812E0FD9AE15B8FC6146F06BA5E99","9900510D78EFC1CFA99AA2C3C3366CA26E0D3A17668B46EBA4590FDE6E48E605","9ED234B9F718A3211D29ABC32A04B100CA37E18121E3C3E340DF8FBA1AE27196","8A8120B6DEDCA96E873AA3F6BF0E432CACD73F2B6916D64DD9095B36F6597704","6EC63FF822CA138CD0BF7458E76D3A33ED43F4C7A139E44A15037898171B6261","2C7B55BC920BAD7EB44E498C3B82C21A60D5D5059F478C16D048EAB981E7EC17","34AD49EE6DDE65F66164C00DF469F8F52D03BD0297984B919A937BB270219210","9CC302C79F1519B24FC6B7429FD7B10516EF2BC56D8A047C87C4021CCC54A1BF","6F568FEC4EF2FED4A73ADA4B9FDE8E2F87F1FA22D2D8441864396A9C68D134C0","1EAF3920CB28E41C172C45ACBEFD2C8DA0ABE6690D030958DE0B8E710CD310F3","DDB6F56E418A69E39B357F4BE31AA8093340ADE4E72A7613AC3C9D351E423C21A","F9F71038A8652B434A940AAD48E3562025C2321E05851278589392B6164339FF"]
Mar 22 08:05:31 
Mar 22 08:05:31 获取用户信息：success
Mar 22 08:05:31 
Mar 22 08:05:31 
Mar 22 08:05:31 当前等级:8,财富值:561479
Mar 22 08:05:31 
Mar 22 08:05:31 财富岛好友互助码每次运行都变化,旧的可继续使用
Mar 22 08:05:31 
Mar 22 08:05:31 【京东账号1（burst3166）的京喜财富岛好友互助码】C90ABEF88781037BC0439E615AFFFD04139DCD569C14CDF519A7FCF84EDDA1FD
Mar 22 08:05:31 
Mar 22 08:05:31 
Mar 22 08:05:32 
Mar 22 08:05:32 签到列表：success
Mar 22 08:05:32 
Mar 22 08:05:32 
Mar 22 08:05:32 📌签到：你今日已签到过啦，请明天再来
Mar 22 08:05:32 待开通场景ID列表sceneList;["1002","1003"]
Mar 22 08:05:33 
Mar 22 08:05:33 【欢乐牧场】🏝岛主 : 获取财富值：¥ 665 
Mar 22 08:05:33 
Mar 22 08:05:33 
Mar 22 08:05:33 【欢乐牧场】👬好友: 获取超级助力财富值：¥ 406 
Mar 22 08:05:33 
Mar 22 08:05:33 【欢乐牧场领取红包】 招工人数不达标
Mar 22 08:05:33 "{\"dwCurTime\":1616371533,\"iRet\":2045,\"sErrMsg\":\"招工人数不达标\",\"strPin\":\"burst3166\"}\n",退出
Mar 22 08:05:34 
Mar 22 08:05:34 获取【📆日常任务】列表 ，总共6个任务！
Mar 22 08:05:34 
Mar 22 08:05:35 
Mar 22 08:05:35 开始第1个【📆日常任务】：每日三餐上岛
Mar 22 08:05:35 
Mar 22 08:05:35 每日三餐上岛【做日常任务】：任务进行中或者未到任务时间
Mar 22 08:05:35 
Mar 22 08:05:36 
Mar 22 08:05:36 每日三餐上岛【领日常奖励】：任务为成就任务或者未到任务时间
Mar 22 08:05:36 
Mar 22 08:05:36 
Mar 22 08:05:36 结束第1个【📆日常任务】：每日三餐上岛
Mar 22 08:05:36 
Mar 22 08:05:36 
Mar 22 08:05:36 开始第2个【📆日常任务】：每日三餐上岛
Mar 22 08:05:36 
Mar 22 08:05:36 每日三餐上岛【做日常任务】：任务进行中或者未到任务时间
Mar 22 08:05:36 
Mar 22 08:05:37 
Mar 22 08:05:37 每日三餐上岛【领日常奖励】：任务为成就任务或者未到任务时间
Mar 22 08:05:37 
Mar 22 08:05:37 
Mar 22 08:05:37 结束第2个【📆日常任务】：每日三餐上岛
Mar 22 08:05:37 
Mar 22 08:05:37 
Mar 22 08:05:37 开始第3个【📆日常任务】：每日三餐上岛
Mar 22 08:05:37 
Mar 22 08:05:37 每日三餐上岛【做日常任务】： mission success
Mar 22 08:05:38 
Mar 22 08:05:38 每日三餐上岛【领日常奖励】： 获得财富值 ¥ 1000
Mar 22 08:05:38 
Mar 22 08:05:38 
Mar 22 08:05:38 结束第3个【📆日常任务】：每日三餐上岛
Mar 22 08:05:38 
Mar 22 08:05:38 
Mar 22 08:05:38 开始第4个【📆日常任务】：特卖商品1元起
Mar 22 08:05:39 
Mar 22 08:05:39 特卖商品1元起【做日常任务】：任务进行中或者未到任务时间
Mar 22 08:05:39 
Mar 22 08:05:39 
Mar 22 08:05:39 特卖商品1元起【领日常奖励】：任务为成就任务或者未到任务时间
Mar 22 08:05:39 
Mar 22 08:05:39 
Mar 22 08:05:39 结束第4个【📆日常任务】：特卖商品1元起
Mar 22 08:05:39 
Mar 22 08:05:39 
Mar 22 08:05:39 开始第5个【📆日常任务】：邀请岛民好友首次上岛
Mar 22 08:05:40 
Mar 22 08:05:40 邀请岛民好友首次上岛【做日常任务】：任务进行中或者未到任务时间
Mar 22 08:05:40 
Mar 22 08:05:40 
Mar 22 08:05:40 邀请岛民好友首次上岛【领日常奖励】：任务为成就任务或者未到任务时间
Mar 22 08:05:40 
Mar 22 08:05:40 
Mar 22 08:05:40 结束第5个【📆日常任务】：邀请岛民好友首次上岛
Mar 22 08:05:40 
Mar 22 08:05:40 
Mar 22 08:05:40 开始第6个【📆日常任务】：去岛屿商城下一单
Mar 22 08:05:41 
Mar 22 08:05:41 去岛屿商城下一单【做日常任务】：任务进行中或者未到任务时间
Mar 22 08:05:41 
Mar 22 08:05:41 
Mar 22 08:05:41 去岛屿商城下一单【领日常奖励】：任务为成就任务或者未到任务时间
Mar 22 08:05:41 
Mar 22 08:05:41 
Mar 22 08:05:41 结束第6个【📆日常任务】：去岛屿商城下一单
Mar 22 08:05:41 
Mar 22 08:05:42 
Mar 22 08:05:42 🎁寻宝：宝藏冷却中，请等待冷却完毕
Mar 22 08:05:42 
Mar 22 08:05:42 🎁寻宝：宝藏冷却中，请等待冷却完毕
Mar 22 08:05:42 
Mar 22 08:05:42 🎁寻宝：宝藏冷却中，请等待冷却完毕
Mar 22 08:05:43 
Mar 22 08:05:43 获取【🎖成就任务】列表 ，总共0个任务！
Mar 22 08:05:43 
Mar 22 08:05:45 
Mar 22 08:05:45 【🏝寻宝大作战】【全民暴富岛】开宝箱：未达到宝箱开启条件，快去邀请好友助力吧！
Mar 22 08:05:45 
Mar 22 08:05:45 【🏝寻宝大作战】【好运连连岛】开宝箱：未达到宝箱开启条件，快去邀请好友助力吧！
Mar 22 08:05:45 
Mar 22 08:05:45 【🏝寻宝大作战】【平安喜乐岛】开宝箱：未达到宝箱开启条件，快去邀请好友助力吧！
Mar 22 08:05:45 
Mar 22 08:05:45 【🏝寻宝大作战】【万事大吉岛】开宝箱：未达到宝箱开启条件，快去邀请好友助力吧！
Mar 22 08:05:45 你的【🏝寻宝大作战】互助码: Jxcfd_GroupId_234_44130813(每天都变化,旧的不可用)
Mar 22 08:05:46 
Mar 22 08:05:46 获取用户信息：success
Mar 22 08:05:46 
Mar 22 08:05:46 
Mar 22 08:05:46 当前等级:8,财富值:563550
Mar 22 08:05:46 
Mar 22 08:05:46 debug: 开始助力
Mar 22 08:05:46 去助力好友 F56F27E1C89BB454824F4C348C10711B434D5E85872050A1AB32623A84C07D58
Mar 22 08:05:46 
Mar 22 08:05:46 超级助力(超级工人)结果:{"dwAwardExperience":500,"dwAwardMany":500,"dwCurTime":1616371546,"iRet":2007,"sErrMsg":"已经助力","strPin":"burst3166"}
Mar 22 08:05:46 
Mar 22 08:05:46 已经助力
Mar 22 08:05:46 
Mar 22 08:05:46 普通助力(招工)结果:{"dwAwardExperience":500,"dwAwardMany":500,"dwCurTime":1616371546,"iRet":2003,"sErrMsg":"系统繁忙,请稍候再试","strPin":"burst3166"}
Mar 22 08:05:46 
Mar 22 08:05:48 去助力好友 3E3F0632B5A61B923B5235513E495D4803EA8EFFC12E29C6178686B0A9E300FB
Mar 22 08:05:48 
Mar 22 08:05:48 超级助力(超级工人)结果:{"dwAwardExperience":500,"dwAwardMany":500,"dwCurTime":1616371548,"iRet":2007,"sErrMsg":"已经助力","strPin":"burst3166"}
Mar 22 08:05:48 
Mar 22 08:05:48 已经助力
Mar 22 08:05:48 
Mar 22 08:05:48 普通助力(招工)结果:{"dwAwardExperience":500,"dwAwardMany":500,"dwCurTime":1616371548,"iRet":2003,"sErrMsg":"系统繁忙,请稍候再试","strPin":"burst3166"}
Mar 22 08:05:48 
Mar 22 08:05:50 去助力好友 412DDA5FE14B9904244D4D46953478263BE3B24FD6A7636A9C18AE786F906B7A
Mar 22 08:05:50 
Mar 22 08:05:50 超级助力(超级工人)结果:{"dwAwardExperience":500,"dwAwardMany":500,"dwCurTime":1616371550,"iRet":2007,"sErrMsg":"已经助力","strPin":"burst3166"}
Mar 22 08:05:50 
Mar 22 08:05:50 已经助力
Mar 22 08:05:50 
Mar 22 08:05:50 普通助力(招工)结果:{"dwAwardExperience":500,"dwAwardMany":500,"dwCurTime":1616371550,"iRet":2003,"sErrMsg":"系统繁忙,请稍候再试","strPin":"burst3166"}
Mar 22 08:05:50 
Mar 22 08:05:52 去助力好友 62959864280B8DED6D0F71844EC68E4059981439CF9D245A629DE5D2BA587C1F
Mar 22 08:05:52 
Mar 22 08:05:52 超级助力(超级工人)结果:{"dwAwardExperience":500,"dwAwardMany":500,"dwCurTime":1616371552,"iRet":2005,"sErrMsg":"每天打工次数上限","strPin":"burst3166"}
Mar 22 08:05:52 
Mar 22 08:05:52 每天打工次数上限
Mar 22 08:05:52 
Mar 22 08:05:52 普通助力(招工)结果:{"dwAwardExperience":500,"dwAwardMany":500,"dwCurTime":1616371552,"iRet":2003,"sErrMsg":"系统繁忙,请稍候再试","strPin":"burst3166"}
Mar 22 08:05:52 
Mar 22 08:05:54 去参加寻宝大作战Jxcfd_GroupId_234_1099556950179
Mar 22 08:05:54 已经成团
Mar 22 08:05:56 去参加寻宝大作战Jxcfd_GroupId_234_44127055
Mar 22 08:05:56 已经成团
Mar 22 08:05:58 去参加寻宝大作战Jxcfd_GroupId_234_1099556949495
Mar 22 08:05:59 已经成团
Mar 22 08:06:01 去参加寻宝大作战Jxcfd_GroupId_234_44135434
Mar 22 08:06:01 已经成团
Mar 22 08:06:03 去参加寻宝大作战Jxcfd_GroupId_234_1099556954423
Mar 22 08:06:03 已经成团
Mar 22 08:06:05 去参加寻宝大作战Jxcfd_GroupId_234_1099556950779
Mar 22 08:06:05 已经成团
Mar 22 08:06:07 去参加寻宝大作战Jxcfd_GroupId_234_44129138
Mar 22 08:06:07 已经成团
Mar 22 08:06:09 去参加寻宝大作战Jxcfd_GroupId_234_1099556955354
Mar 22 08:06:09 已经成团
Mar 22 08:06:11 去参加寻宝大作战Jxcfd_GroupId_234_44140362
Mar 22 08:06:11 已经成团
Mar 22 08:06:13 去参加寻宝大作战Jxcfd_GroupId_234_44135022
Mar 22 08:06:13 已经成团
Mar 22 08:06:15 去参加寻宝大作战Jxcfd_GroupId_234_44120666
Mar 22 08:06:15 已经成团
Mar 22 08:06:17 去参加寻宝大作战Jxcfd_GroupId_234_44109649
Mar 22 08:06:17 已经成团
Mar 22 08:06:19 去参加寻宝大作战Jxcfd_GroupId_234_1099556943914
Mar 22 08:06:19 已经成团
Mar 22 08:06:21 去参加寻宝大作战Jxcfd_GroupId_234_1099556957649
Mar 22 08:06:21 已经成团
Mar 22 08:06:23 去参加寻宝大作战Jxcfd_GroupId_234_1099556939105
Mar 22 08:06:23 已经成团
Mar 22 08:06:25 去参加寻宝大作战Jxcfd_GroupId_234_44130731
Mar 22 08:06:25 已经成团
Mar 22 08:06:27 去参加寻宝大作战Jxcfd_GroupId_234_1099556958192
Mar 22 08:06:27 已经成团
Mar 22 08:06:29 去参加寻宝大作战Jxcfd_GroupId_234_44135992
Mar 22 08:06:29 已经成团
Mar 22 08:06:31 去参加寻宝大作战Jxcfd_GroupId_234_1099556960677
Mar 22 08:06:32 已经成团
Mar 22 08:06:34 去参加寻宝大作战Jxcfd_GroupId_234_1099556950359
Mar 22 08:06:34 已经成团
Mar 22 08:06:36 去参加寻宝大作战Jxcfd_GroupId_234_1099556944867
Mar 22 08:06:36 已经成团
Mar 22 08:06:38 去参加寻宝大作战Jxcfd_GroupId_234_44127426
Mar 22 08:06:38 已经成团
Mar 22 08:06:40 去参加寻宝大作战Jxcfd_GroupId_234_44135176
Mar 22 08:06:40 已经成团
Mar 22 08:06:42 去参加寻宝大作战Jxcfd_GroupId_234_1099556950569
Mar 22 08:06:42 已经成团
Mar 22 08:06:44 去参加寻宝大作战Jxcfd_GroupId_234_1099556943373
Mar 22 08:06:44 已经成团
Mar 22 08:06:46 去参加寻宝大作战Jxcfd_GroupId_234_44127148
Mar 22 08:06:46 已经成团
Mar 22 08:06:48 去参加寻宝大作战Jxcfd_GroupId_234_1099556944769
Mar 22 08:06:48 已经成团
Mar 22 08:06:50 去参加寻宝大作战Jxcfd_GroupId_234_44128294
Mar 22 08:06:50 已经成团
Mar 22 08:06:52 去参加寻宝大作战Jxcfd_GroupId_234_44129884
Mar 22 08:06:52 已经成团
Mar 22 08:06:54 去参加寻宝大作战Jxcfd_GroupId_234_1099556955103
Mar 22 08:06:54 已经成团
Mar 22 08:06:56 去参加寻宝大作战Jxcfd_GroupId_234_1099556955892
Mar 22 08:06:56 已经成团
Mar 22 08:06:58 去参加寻宝大作战Jxcfd_GroupId_234_1099556955065
Mar 22 08:06:58 已经成团
Mar 22 08:07:00 去参加寻宝大作战Jxcfd_GroupId_234_1099556958838
Mar 22 08:07:00 已经成团
Mar 22 08:07:02 去参加寻宝大作战Jxcfd_GroupId_234_1099556950229
Mar 22 08:07:02 已经成团
Mar 22 08:07:04 去参加寻宝大作战Jxcfd_GroupId_234_1099556960707
Mar 22 08:07:05 已经成团
Mar 22 08:07:07 去参加寻宝大作战Jxcfd_GroupId_234_44130813
Mar 22 08:07:07 不能给自己助力
Mar 22 08:07:09 
Mar 22 08:07:09 ==============📣系统通知📣==============
Mar 22 08:07:09 京喜财富岛
Mar 22 08:07:09 【京东账号1】burst3166
Mar 22 08:07:09 【💵财富值】任务前: 561479
Mar 22 08:07:09 【💵财富值】任务后: 563550
Mar 22 08:07:09 【💵财富值】净增值: 2071
Mar 22 08:07:09 
Mar 22 08:07:09 
Mar 22 08:07:09 🔔京喜财富岛, 结束! 🕛 101.124 秒
Mar 22 08:07:09 
