Apr 22 00:00:05 
Apr 22 00:00:05 🔔京东汽车, 开始!
Apr 22 00:00:05 
Apr 22 00:00:05 ====================共1个京东账号Cookie=========
Apr 22 00:00:05 
Apr 22 00:00:05 ==================脚本执行- 北京时间(UTC+8)：4/22/2021, 12:00:05 AM=====================
Apr 22 00:00:05 
Apr 22 00:00:06 
Apr 22 00:00:06 ******开始【京东账号1】jd_60103fd1c8cd9*********
Apr 22 00:00:06 
Apr 22 00:00:12 兑换结果：{"status":true,"data":{"result":1,"reason":null}}
Apr 22 00:00:22 签到成功，获得5，已签到6天
Apr 22 00:00:40 去做任务：参加京东汽车赛事
Apr 22 00:00:42 任务领取成功
Apr 22 00:00:45 任务完成成功
Apr 22 00:00:54 当前赛点：1130/500，可以兑换京豆，请打开APP兑换
Apr 22 00:00:54 
Apr 22 00:00:54 ==============📣系统通知📣==============
Apr 22 00:00:54 京东汽车
Apr 22 00:00:54 【京东账号1】jd_60103fd1c8cd9
Apr 22 00:00:54 签到成功，获得5，已签到6天
Apr 22 00:00:54 当前赛点：1130/500，可以兑换京豆，请打开APP兑换
Apr 22 00:00:54 
Apr 22 00:00:54 
Apr 22 00:00:54 🔔京东汽车, 结束! 🕛 48.848 秒
Apr 22 00:00:54 
Apr 23 00:00:06 
Apr 23 00:00:06 🔔京东汽车, 开始!
Apr 23 00:00:06 
Apr 23 00:00:06 ====================共1个京东账号Cookie=========
Apr 23 00:00:06 
Apr 23 00:00:07 ==================脚本执行- 北京时间(UTC+8)：4/23/2021, 12:00:06 AM=====================
Apr 23 00:00:07 
Apr 23 00:00:08 
Apr 23 00:00:08 ******开始【京东账号1】jd_60103fd1c8cd9*********
Apr 23 00:00:08 
Apr 23 00:00:17 兑换结果：{"status":true,"data":{"result":1,"reason":null}}
Apr 23 00:00:27 签到成功，获得20，已签到7天
Apr 23 00:00:47 去做任务：参加京东汽车赛事
Apr 23 00:00:55 任务领取成功
Apr 23 00:00:55 任务完成成功
Apr 23 00:00:57 当前赛点：1160/500，可以兑换京豆，请打开APP兑换
Apr 23 00:00:57 
Apr 23 00:00:57 ==============📣系统通知📣==============
Apr 23 00:00:57 京东汽车
Apr 23 00:00:57 【京东账号1】jd_60103fd1c8cd9
Apr 23 00:00:57 签到成功，获得20，已签到7天
Apr 23 00:00:57 当前赛点：1160/500，可以兑换京豆，请打开APP兑换
Apr 23 00:00:57 
Apr 23 00:00:57 
Apr 23 00:00:57 🔔京东汽车, 结束! 🕛 51.022 秒
Apr 23 00:00:57 
