Apr 22 00:10:28 
Apr 22 00:10:28 🔔签到领现金, 开始!
Apr 22 00:10:28 
Apr 22 00:10:28 ====================共1个京东账号Cookie=========
Apr 22 00:10:28 
Apr 22 00:10:28 ==================脚本执行- 北京时间(UTC+8)：4/22/2021, 12:10:28 AM=====================
Apr 22 00:10:28 
Apr 22 00:10:28 开始获取签到领现金配置文件
Apr 22 00:10:28 
Apr 22 00:10:28 共1个京东账号
Apr 22 00:10:28 
Apr 22 00:10:28 您提供了1个账号的签到领现金助力码
Apr 22 00:10:28 
Apr 22 00:20:32 
Apr 22 00:20:32 ******开始【京东账号1】jd_60103fd1c8cd9*********
Apr 22 00:20:32 
Apr 22 00:20:32 
Apr 22 00:20:32 【京东账号1（jd_60103fd1c8cd9）的签到领现金好友互助码】eU9YauyzZv9wpW-GwyBH3w
Apr 22 00:20:32 
Apr 22 00:20:32 去做逛商品任务 1/1
Apr 22 00:20:32 任务完成成功
Apr 22 00:20:37 去做逛会场任务 1/1
Apr 22 00:20:37 任务完成成功
Apr 22 00:20:42 去做逛店铺任务 1/1
Apr 22 00:20:43 任务完成成功
Apr 22 00:20:48 开始
Apr 22 00:20:49 随机取20个码放到您固定的互助码后面(不影响已有固定互助)
Apr 22 00:20:49 第1个京东账号将要助力的好友[{"inviteCode":"cV51L6ixZ_og","shareDate":"IRs1bey2ZP4"},{"inviteCode":"eU9YauyzZv9wpW-GwyBH3w","shareDate":"IRs1bey2ZP4"},{"inviteCode":"eU9YL6_hGotPuBCTlhFn","shareDate":"IRs1bey2ZP4"},{"inviteCode":"IRo_aO2zZ_wu7GnczXoS1g","shareDate":"IRs1bey2ZP4"},{"inviteCode":"eU9Ya77kNP8h9mzRyHcVgw","shareDate":"IRs1bey2ZP4"},{"inviteCode":"eU9YBJbFIqt_jw6ptBRI","shareDate":"IRs1bey2ZP4"},{"inviteCode":"eU9YaujkZfVypG3dmntC1w","shareDate":"IRs1bey2ZP4"},{"inviteCode":"9r2yuWwNsnCwJeJDH_-Ft","shareDate":"IRs1bey2ZP4"},{"inviteCode":"IhMxau-wYvwu8m26iw","shareDate":"IRs1bey2ZP4"},{"inviteCode":"eU9YBIbkN7RghzyylglA","shareDate":"IRs1bey2ZP4"},{"inviteCode":"eU9Yab23Yft19zrRynJB1w","shareDate":"IRs1bey2ZP4"},{"inviteCode":"cURlM-22Zfol8mk","shareDate":"IRs1bey2ZP4"},{"inviteCode":"eU9YaeW3NPkjoGnRnnEahw","shareDate":"IRs1bey2ZP4"},{"inviteCode":"eU9YFbnII4NMhDWVgwVn","shareDate":"IRs1bey2ZP4"},{"inviteCode":"JRo_Ze-ybvg792nSyHES","shareDate":"IRs1bey2ZP4"},{"inviteCode":"Jx8xaeW7Z_ku","shareDate":"IRs1bey2ZP4"},{"inviteCode":"ZE9GK4vjF714lBGLqjE","shareDate":"IRs1bey2ZP4"},{"inviteCode":"eU9YaeS3ZvgmoDvXwyUT1g","shareDate":"IRs1bey2ZP4"},{"inviteCode":"alFvb-u2Y_sm9W3c","shareDate":"IRs1bey2ZP4"},{"inviteCode":"YEprMKjwM6k","shareDate":"IRs1bey2ZP4"},{"inviteCode":"Z051MbXsN6Am92k","shareDate":"IRs1bey2ZP4"},{"inviteCode":"ZkVjOa7uN7s","shareDate":"IRs1bey2ZP4"},{"inviteCode":"eU9YaLi3NPwn9WuDwyVCgg","shareDate":"IRs1bey2ZP4"},{"inviteCode":"eU9Ya-zmZ_5y8meBziZGgw","shareDate":"IRs1bey2ZP4"}]
Apr 22 00:20:49 去帮助好友cV51L6ixZ_og
Apr 22 00:20:49 助力成功，获得0.01
Apr 22 00:20:50 去帮助好友eU9YauyzZv9wpW-GwyBH3w
Apr 22 00:20:50 您无法为自己助力哦~
Apr 22 00:20:51 去帮助好友eU9YL6_hGotPuBCTlhFn
Apr 22 00:20:51 助力成功，获得0.01
Apr 22 00:20:52 去帮助好友IRo_aO2zZ_wu7GnczXoS1g
Apr 22 00:20:52 助力成功，获得0.01
Apr 22 00:20:53 去帮助好友eU9Ya77kNP8h9mzRyHcVgw
Apr 22 00:20:53 啊哦~今日助力次数用完啦
Apr 22 00:20:53 领奖成功，恭喜您获得2档现金奖励【0.45】
Apr 22 00:20:54 京东账号1jd_60103fd1c8cd9
Apr 22 00:20:54 领奖成功，恭喜您获得2档现金奖励【0.45元】
Apr 22 00:20:54 当前现金：10.13元当前现金：10.13元
Apr 22 00:20:54 
Apr 22 00:20:54 
Apr 22 00:20:54 您未提供server酱的SCKEY，取消微信推送消息通知🚫
Apr 22 00:20:54 
Apr 22 00:20:54 您未提供push+推送所需的PUSH_PLUS_TOKEN，取消push+推送消息通知🚫
Apr 22 00:20:54 
Apr 22 00:20:54 您未提供Bark的APP推送BARK_PUSH，取消Bark推送消息通知🚫
Apr 22 00:20:54 
Apr 22 00:20:54 您未提供telegram机器人推送所需的TG_BOT_TOKEN和TG_USER_ID，取消telegram推送消息通知🚫
Apr 22 00:20:54 
Apr 22 00:20:54 您未提供企业微信机器人推送所需的QYWX_KEY，取消企业微信推送消息通知🚫
Apr 22 00:20:54 
Apr 22 00:20:54 您未提供企业微信应用消息推送所需的QYWX_AM，取消企业微信应用消息推送消息通知🚫
Apr 22 00:20:54 
Apr 22 00:20:54 您未提供iGot的推送IGOT_PUSH_KEY，取消iGot推送消息通知🚫
Apr 22 00:20:54 
Apr 22 00:20:54 钉钉发送通知消息成功🎉。
Apr 22 00:20:54 
Apr 22 00:20:54 
Apr 22 00:20:54 ==============📣系统通知📣==============
Apr 22 00:20:54 签到领现金
Apr 22 00:20:54 京东账号1jd_60103fd1c8cd9
Apr 22 00:20:54 领奖成功，恭喜您获得2档现金奖励【0.45元】
Apr 22 00:20:54 当前现金：10.13元
Apr 22 00:20:54 
Apr 22 00:20:54 🔔签到领现金, 结束! 🕛 625.254 秒
Apr 22 00:20:54 
Apr 22 04:10:25 
Apr 22 04:10:25 🔔签到领现金, 开始!
Apr 22 04:10:25 
Apr 22 04:10:25 ====================共1个京东账号Cookie=========
Apr 22 04:10:25 
Apr 22 04:10:25 ==================脚本执行- 北京时间(UTC+8)：4/22/2021, 4:10:25 AM=====================
Apr 22 04:10:25 
Apr 22 04:10:25 开始获取签到领现金配置文件
Apr 22 04:10:25 
Apr 22 04:10:25 共1个京东账号
Apr 22 04:10:25 
Apr 22 04:10:25 您提供了1个账号的签到领现金助力码
Apr 22 04:10:25 
Apr 22 04:20:29 
Apr 22 04:20:29 ******开始【京东账号1】jd_60103fd1c8cd9*********
Apr 22 04:20:29 
Apr 22 04:20:29 
Apr 22 04:20:29 【京东账号1（jd_60103fd1c8cd9）的签到领现金好友互助码】eU9YauyzZv9wpW-GwyBH3w
Apr 22 04:20:29 
Apr 22 04:20:29 开始
Apr 22 04:20:30 随机取20个码放到您固定的互助码后面(不影响已有固定互助)
Apr 22 04:20:30 第1个京东账号将要助力的好友[{"inviteCode":"cV51L6ixZ_og","shareDate":"IRs1bey2ZP4"},{"inviteCode":"eU9YauyzZv9wpW-GwyBH3w","shareDate":"IRs1bey2ZP4"},{"inviteCode":"eU9YL6_hGotPuBCTlhFn","shareDate":"IRs1bey2ZP4"},{"inviteCode":"IRo_aO2zZ_wu7GnczXoS1g","shareDate":"IRs1bey2ZP4"},{"inviteCode":"eU9YarjgZ_Uvo2eGzyBHhA","shareDate":"IRs1bey2ZP4"},{"inviteCode":"IRo1Ze21YvUl7GzWzXQb0Q","shareDate":"IRs1bey2ZP4"},{"inviteCode":"eU9YPoTIN5ZTkhaSsDRn","shareDate":"IRs1bey2ZP4"},{"inviteCode":"IBg-ae61Yvg792vRyXER","shareDate":"IRs1bey2ZP4"},{"inviteCode":"eU9Yab_gZ_wk8DrQmCYUgA","shareDate":"IRs1bey2ZP4"},{"inviteCode":"eU9Ya7iwZPQh-WfXziZG1Q&","shareDate":"IRs1bey2ZP4"},{"inviteCode":"eU9YaurmN_Qi9GjdnSAVgA","shareDate":"IRs1bey2ZP4"},{"inviteCode":"eU9YaOjkZqgv92-BnnUV1Q","shareDate":"IRs1bey2ZP4"},{"inviteCode":"f0I1ZO6xZP4g9Wc","shareDate":"IRs1bey2ZP4"},{"inviteCode":"9bKzu3U4snSdJsRhHPeIDvVdHxzK3Q","shareDate":"IRs1bey2ZP4"},{"inviteCode":"eU9Ya7-zZPl38GfXwndA1w","shareDate":"IRs1bey2ZP4"},{"inviteCode":"Ylw-bemxZv8g","shareDate":"IRs1bey2ZP4"},{"inviteCode":"eU9YO57wObROixukkQ55","shareDate":"IRs1bey2ZP4"},{"inviteCode":"IR40auuyYvUl7G_cyXsb0Q","shareDate":"IRs1bey2ZP4"},{"inviteCode":"eU9YHa7WFblfhweBqCtO","shareDate":"IRs1bey2ZP4"},{"inviteCode":"Z0NoMb3xLKR5rwGI","shareDate":"IRs1bey2ZP4"},{"inviteCode":"eU9YLojqOZl3ry2fowZp","shareDate":"IRs1bey2ZP4"},{"inviteCode":"chwxae-wbvQh","shareDate":"IRs1bey2ZP4"},{"inviteCode":"eU9YaL3gMv13-T2AzyAW1w","shareDate":"IRs1bey2ZP4"},{"inviteCode":"eU9YFo_hA4tuiwarrhd0","shareDate":"IRs1bey2ZP4"}]
Apr 22 04:20:30 去帮助好友cV51L6ixZ_og
Apr 22 04:20:30 今日已为Ta助力过啦~
Apr 22 04:20:31 去帮助好友eU9YauyzZv9wpW-GwyBH3w
Apr 22 04:20:31 您无法为自己助力哦~
Apr 22 04:20:32 去帮助好友eU9YL6_hGotPuBCTlhFn
Apr 22 04:20:32 今日已为Ta助力过啦~
Apr 22 04:20:33 去帮助好友IRo_aO2zZ_wu7GnczXoS1g
Apr 22 04:20:33 今日已为Ta助力过啦~
Apr 22 04:20:34 去帮助好友eU9YarjgZ_Uvo2eGzyBHhA
Apr 22 04:20:35 啊哦~今日助力次数用完啦
Apr 22 04:20:35 京东账号1jd_60103fd1c8cd9
Apr 22 04:20:35 当前现金：10.13元
Apr 22 04:20:35 
Apr 22 04:20:35 🔔签到领现金, 结束! 🕛 609.658 秒
Apr 22 04:20:35 
Apr 22 08:10:15 
Apr 22 08:10:15 🔔签到领现金, 开始!
Apr 22 08:10:15 
Apr 22 08:10:15 ====================共1个京东账号Cookie=========
Apr 22 08:10:15 
Apr 22 08:10:15 ==================脚本执行- 北京时间(UTC+8)：4/22/2021, 8:10:15 AM=====================
Apr 22 08:10:15 
Apr 22 08:10:15 开始获取签到领现金配置文件
Apr 22 08:10:15 
Apr 22 08:10:15 共1个京东账号
Apr 22 08:10:15 
Apr 22 08:10:15 您提供了1个账号的签到领现金助力码
Apr 22 08:10:15 
Apr 22 08:20:19 
Apr 22 08:20:19 ******开始【京东账号1】jd_60103fd1c8cd9*********
Apr 22 08:20:19 
Apr 22 08:20:19 
Apr 22 08:20:19 【京东账号1（jd_60103fd1c8cd9）的签到领现金好友互助码】eU9YauyzZv9wpW-GwyBH3w
Apr 22 08:20:19 
Apr 22 08:20:19 开始
Apr 22 08:20:20 随机取20个码放到您固定的互助码后面(不影响已有固定互助)
Apr 22 08:20:20 第1个京东账号将要助力的好友[{"inviteCode":"cV51L6ixZ_og","shareDate":"IRs1bey2ZP4"},{"inviteCode":"eU9YauyzZv9wpW-GwyBH3w","shareDate":"IRs1bey2ZP4"},{"inviteCode":"eU9YL6_hGotPuBCTlhFn","shareDate":"IRs1bey2ZP4"},{"inviteCode":"IRo_aO2zZ_wu7GnczXoS1g","shareDate":"IRs1bey2ZP4"},{"inviteCode":"eU9Ya73jNfQu9TjQznUV3w","shareDate":"IRs1bey2ZP4"},{"inviteCode":"eU9YauW1YPUm9TrWyXBCgw","shareDate":"IRs1bey2ZP4"},{"inviteCode":"eU9YaeTnY_QgoGzWnyAX0g","shareDate":"IRs1bey2ZP4"},{"inviteCode":"eU9Ya-i6bv5y9zzQnXcQ3w","shareDate":"IRs1bey2ZP4"},{"inviteCode":"9paqulklsFGz&","shareDate":"IRs1bey2ZP4"},{"inviteCode":"ZUJpL7nsIrZ-ris","shareDate":"IRs1bey2ZP4"},{"inviteCode":"eU9YNpn7FatbpAiKiAFX","shareDate":"IRs1bey2ZP4"},{"inviteCode":"eU9YP5DvH45GsDCSmCF5","shareDate":"IRs1bey2ZP4"},{"inviteCode":"eU9YauuwZ_gv9zyDyCcQ1A","shareDate":"IRs1bey2ZP4"},{"inviteCode":"eU9YaOThNfUmpG_dmXURgg","shareDate":"IRs1bey2ZP4"},{"inviteCode":"Jhg3ZOWyZ_lJrA","shareDate":"IRs1bey2ZP4"},{"inviteCode":"IhkyaeS6YeEh-WzRy3Aa0A","shareDate":"IRs1bey2ZP4"},{"inviteCode":"eU9YOrPPPJtHmyaPqRNm","shareDate":"IRs1bey2ZP4"},{"inviteCode":"9KezuXESs32XJsJZHvOs","shareDate":"IRs1bey2ZP4"},{"inviteCode":"9baJumokvk-K8Gfdz3MX1iA&","shareDate":"IRs1bey2ZP4"},{"inviteCode":"dF5mJK4","shareDate":"IRs1bey2ZP4"},{"inviteCode":"eU9YFIXOEa5kkBOxoSJG","shareDate":"IRs1bey2ZP4"},{"inviteCode":"eU9Ya-nmY_4lpGvXn3ZA0Q","shareDate":"IRs1bey2ZP4"},{"inviteCode":"NC5z_eq5vnQEiaIil2FTYA==","shareDate":"IRs1bey2ZP4"},{"inviteCode":"eU9Ya-mwb69woz_Qz3ca1w","shareDate":"IRs1bey2ZP4"}]
Apr 22 08:20:20 去帮助好友cV51L6ixZ_og
Apr 22 08:20:21 今日已为Ta助力过啦~
Apr 22 08:20:22 去帮助好友eU9YauyzZv9wpW-GwyBH3w
Apr 22 08:20:22 您无法为自己助力哦~
Apr 22 08:20:23 去帮助好友eU9YL6_hGotPuBCTlhFn
Apr 22 08:20:23 今日已为Ta助力过啦~
Apr 22 08:20:24 去帮助好友IRo_aO2zZ_wu7GnczXoS1g
Apr 22 08:20:24 今日已为Ta助力过啦~
Apr 22 08:20:25 去帮助好友eU9Ya73jNfQu9TjQznUV3w
Apr 22 08:20:25 啊哦~今日助力次数用完啦
Apr 22 08:20:25 京东账号1jd_60103fd1c8cd9
Apr 22 08:20:25 当前现金：10.22元
Apr 22 08:20:25 
Apr 22 08:20:25 🔔签到领现金, 结束! 🕛 609.577 秒
Apr 22 08:20:25 
Apr 22 12:10:11 
Apr 22 12:10:11 🔔签到领现金, 开始!
Apr 22 12:10:11 
Apr 22 12:10:11 ====================共1个京东账号Cookie=========
Apr 22 12:10:11 
Apr 22 12:10:11 ==================脚本执行- 北京时间(UTC+8)：4/22/2021, 12:10:11 PM=====================
Apr 22 12:10:11 
Apr 22 12:10:11 开始获取签到领现金配置文件
Apr 22 12:10:11 
Apr 22 12:10:11 共1个京东账号
Apr 22 12:10:11 
Apr 22 12:10:11 您提供了1个账号的签到领现金助力码
Apr 22 12:10:11 
Apr 22 12:10:13 
Apr 22 12:10:13 ******开始【京东账号1】jd_60103fd1c8cd9*********
Apr 22 12:10:13 
Apr 22 12:10:13 
Apr 22 12:10:13 【京东账号1（jd_60103fd1c8cd9）的签到领现金好友互助码】eU9YauyzZv9wpW-GwyBH3w
Apr 22 12:10:13 
Apr 22 12:10:13 开始
Apr 22 12:10:23 第1个京东账号将要助力的好友[{"inviteCode":"cV51L6ixZ_og","shareDate":"IRs1bey2ZP4"},{"inviteCode":"eU9YauyzZv9wpW-GwyBH3w","shareDate":"IRs1bey2ZP4"},{"inviteCode":"eU9YL6_hGotPuBCTlhFn","shareDate":"IRs1bey2ZP4"},{"inviteCode":"IRo_aO2zZ_wu7GnczXoS1g","shareDate":"IRs1bey2ZP4"}]
Apr 22 12:10:23 去帮助好友cV51L6ixZ_og
Apr 22 12:10:23 今日已为Ta助力过啦~
Apr 22 12:10:24 去帮助好友eU9YauyzZv9wpW-GwyBH3w
Apr 22 12:10:24 您无法为自己助力哦~
Apr 22 12:10:25 去帮助好友eU9YL6_hGotPuBCTlhFn
Apr 22 12:10:25 今日已为Ta助力过啦~
Apr 22 12:10:26 去帮助好友IRo_aO2zZ_wu7GnczXoS1g
Apr 22 12:10:27 今日已为Ta助力过啦~
Apr 22 12:10:28 京东账号1jd_60103fd1c8cd9
Apr 22 12:10:28 当前现金：10.22元
Apr 22 12:10:28 
Apr 22 12:10:28 🔔签到领现金, 结束! 🕛 16.607 秒
Apr 22 12:10:28 
Apr 22 12:10:41 "Client network socket disconnected before secure TLS connection was established"
Apr 22 12:10:41 签到领现金 API请求失败，请检查网路重试
Apr 22 16:10:12 
Apr 22 16:10:12 🔔签到领现金, 开始!
Apr 22 16:10:12 
Apr 22 16:10:12 ====================共1个京东账号Cookie=========
Apr 22 16:10:12 
Apr 22 16:10:12 ==================脚本执行- 北京时间(UTC+8)：4/22/2021, 4:10:12 PM=====================
Apr 22 16:10:12 
Apr 22 16:10:12 开始获取签到领现金配置文件
Apr 22 16:10:12 
Apr 22 16:10:12 共1个京东账号
Apr 22 16:10:12 
Apr 22 16:10:12 您提供了1个账号的签到领现金助力码
Apr 22 16:10:12 
Apr 22 16:10:13 
Apr 22 16:10:13 ******开始【京东账号1】jd_60103fd1c8cd9*********
Apr 22 16:10:13 
Apr 22 16:10:13 
Apr 22 16:10:13 【京东账号1（jd_60103fd1c8cd9）的签到领现金好友互助码】eU9YauyzZv9wpW-GwyBH3w
Apr 22 16:10:13 
Apr 22 16:10:13 开始
Apr 22 16:10:23 第1个京东账号将要助力的好友[{"inviteCode":"cV51L6ixZ_og","shareDate":"IRs1bey2ZP4"},{"inviteCode":"eU9YauyzZv9wpW-GwyBH3w","shareDate":"IRs1bey2ZP4"},{"inviteCode":"eU9YL6_hGotPuBCTlhFn","shareDate":"IRs1bey2ZP4"},{"inviteCode":"IRo_aO2zZ_wu7GnczXoS1g","shareDate":"IRs1bey2ZP4"}]
Apr 22 16:10:23 去帮助好友cV51L6ixZ_og
Apr 22 16:10:23 今日已为Ta助力过啦~
Apr 22 16:10:24 去帮助好友eU9YauyzZv9wpW-GwyBH3w
Apr 22 16:10:24 您无法为自己助力哦~
Apr 22 16:10:25 去帮助好友eU9YL6_hGotPuBCTlhFn
Apr 22 16:10:25 今日已为Ta助力过啦~
Apr 22 16:10:26 去帮助好友IRo_aO2zZ_wu7GnczXoS1g
Apr 22 16:10:27 今日已为Ta助力过啦~
Apr 22 16:10:28 京东账号1jd_60103fd1c8cd9
Apr 22 16:10:28 当前现金：10.22元
Apr 22 16:10:28 
Apr 22 16:10:28 🔔签到领现金, 结束! 🕛 15.693 秒
Apr 22 16:10:28 
Apr 22 16:10:43 "Client network socket disconnected before secure TLS connection was established"
Apr 22 16:10:43 签到领现金 API请求失败，请检查网路重试
Apr 22 20:10:14 
Apr 22 20:10:14 🔔签到领现金, 开始!
Apr 22 20:10:14 
Apr 22 20:10:14 ====================共1个京东账号Cookie=========
Apr 22 20:10:14 
Apr 22 20:10:14 ==================脚本执行- 北京时间(UTC+8)：4/22/2021, 8:10:14 PM=====================
Apr 22 20:10:14 
Apr 22 20:10:14 开始获取签到领现金配置文件
Apr 22 20:10:14 
Apr 22 20:10:14 共1个京东账号
Apr 22 20:10:14 
Apr 22 20:10:14 您提供了1个账号的签到领现金助力码
Apr 22 20:10:14 
Apr 22 20:10:16 
Apr 22 20:10:16 ******开始【京东账号1】jd_60103fd1c8cd9*********
Apr 22 20:10:16 
Apr 22 20:10:16 
Apr 22 20:10:16 【京东账号1（jd_60103fd1c8cd9）的签到领现金好友互助码】eU9YauyzZv9wpW-GwyBH3w
Apr 22 20:10:16 
Apr 22 20:10:16 开始
Apr 22 20:10:26 第1个京东账号将要助力的好友[{"inviteCode":"cV51L6ixZ_og","shareDate":"IRs1bey2ZP4"},{"inviteCode":"eU9YauyzZv9wpW-GwyBH3w","shareDate":"IRs1bey2ZP4"},{"inviteCode":"eU9YL6_hGotPuBCTlhFn","shareDate":"IRs1bey2ZP4"},{"inviteCode":"IRo_aO2zZ_wu7GnczXoS1g","shareDate":"IRs1bey2ZP4"}]
Apr 22 20:10:26 去帮助好友cV51L6ixZ_og
Apr 22 20:10:26 今日已为Ta助力过啦~
Apr 22 20:10:27 去帮助好友eU9YauyzZv9wpW-GwyBH3w
Apr 22 20:10:27 您无法为自己助力哦~
Apr 22 20:10:28 去帮助好友eU9YL6_hGotPuBCTlhFn
Apr 22 20:10:28 今日已为Ta助力过啦~
Apr 22 20:10:29 去帮助好友IRo_aO2zZ_wu7GnczXoS1g
Apr 22 20:10:29 今日已为Ta助力过啦~
Apr 22 20:10:30 京东账号1jd_60103fd1c8cd9
Apr 22 20:10:30 当前现金：10.22元
Apr 22 20:10:30 
Apr 22 20:10:30 🔔签到领现金, 结束! 🕛 16.007 秒
Apr 22 20:10:30 
Apr 22 20:10:39 "Timeout awaiting 'request' for 10000ms"
Apr 22 20:10:39 签到领现金 API请求失败，请检查网路重试
Apr 23 00:10:04 
Apr 23 00:10:04 🔔签到领现金, 开始!
Apr 23 00:10:04 
Apr 23 00:10:04 ====================共1个京东账号Cookie=========
Apr 23 00:10:04 
Apr 23 00:10:04 ==================脚本执行- 北京时间(UTC+8)：4/23/2021, 12:10:04 AM=====================
Apr 23 00:10:04 
Apr 23 00:10:04 开始获取签到领现金配置文件
Apr 23 00:10:04 
Apr 23 00:10:04 共1个京东账号
Apr 23 00:10:04 
Apr 23 00:10:04 您提供了1个账号的签到领现金助力码
Apr 23 00:10:04 
Apr 23 00:10:05 
Apr 23 00:10:05 ******开始【京东账号1】jd_60103fd1c8cd9*********
Apr 23 00:10:05 
Apr 23 00:10:05 
Apr 23 00:10:05 【京东账号1（jd_60103fd1c8cd9）的签到领现金好友互助码】eU9YauyzZv9wpW-GwyBH3w
Apr 23 00:10:05 
Apr 23 00:10:05 去做逛商品任务 1/3
Apr 23 00:10:05 任务完成成功
Apr 23 00:10:10 去做逛商品任务 2/3
Apr 23 00:10:10 任务完成成功
Apr 23 00:10:15 去做逛商品任务 3/3
Apr 23 00:10:15 任务完成成功
Apr 23 00:10:20 去做逛会场任务 1/1
Apr 23 00:10:20 任务完成成功
Apr 23 00:10:25 开始
Apr 23 00:10:35 第1个京东账号将要助力的好友[{"inviteCode":"cV51L6ixZ_og","shareDate":"IRs1bey2ZP8"},{"inviteCode":"eU9YauyzZv9wpW-GwyBH3w","shareDate":"IRs1bey2ZP8"},{"inviteCode":"eU9YL6_hGotPuBCTlhFn","shareDate":"IRs1bey2ZP8"},{"inviteCode":"IRo_aO2zZ_wu7GnczXoS1g","shareDate":"IRs1bey2ZP8"}]
Apr 23 00:10:35 去帮助好友cV51L6ixZ_og
Apr 23 00:10:36 助力成功，获得0.01
Apr 23 00:10:37 去帮助好友eU9YauyzZv9wpW-GwyBH3w
Apr 23 00:10:37 您无法为自己助力哦~
Apr 23 00:10:38 去帮助好友eU9YL6_hGotPuBCTlhFn
Apr 23 00:10:38 助力成功，获得0.01
Apr 23 00:10:39 去帮助好友IRo_aO2zZ_wu7GnczXoS1g
Apr 23 00:10:39 助力成功，获得0.01
Apr 23 00:10:40 领奖成功，恭喜您获得现金奖励【0.15】
Apr 23 00:10:40 京东账号1jd_60103fd1c8cd9
Apr 23 00:10:40 领奖成功，恭喜您获得现金奖励【0.15元】
Apr 23 00:10:40 当前现金：10.44元当前现金：10.44元
Apr 23 00:10:40 
Apr 23 00:10:40 
Apr 23 00:10:40 您未提供server酱的SCKEY，取消微信推送消息通知🚫
Apr 23 00:10:40 
Apr 23 00:10:40 您未提供push+推送所需的PUSH_PLUS_TOKEN，取消push+推送消息通知🚫
Apr 23 00:10:40 
Apr 23 00:10:40 您未提供Bark的APP推送BARK_PUSH，取消Bark推送消息通知🚫
Apr 23 00:10:40 
Apr 23 00:10:40 您未提供telegram机器人推送所需的TG_BOT_TOKEN和TG_USER_ID，取消telegram推送消息通知🚫
Apr 23 00:10:40 
Apr 23 00:10:40 您未提供企业微信机器人推送所需的QYWX_KEY，取消企业微信推送消息通知🚫
Apr 23 00:10:40 
Apr 23 00:10:40 您未提供企业微信应用消息推送所需的QYWX_AM，取消企业微信应用消息推送消息通知🚫
Apr 23 00:10:40 
Apr 23 00:10:40 您未提供iGot的推送IGOT_PUSH_KEY，取消iGot推送消息通知🚫
Apr 23 00:10:40 
Apr 23 00:10:40 钉钉发送通知消息成功🎉。
Apr 23 00:10:40 
Apr 23 00:10:40 
Apr 23 00:10:40 ==============📣系统通知📣==============
Apr 23 00:10:40 签到领现金
Apr 23 00:10:40 京东账号1jd_60103fd1c8cd9
Apr 23 00:10:40 领奖成功，恭喜您获得现金奖励【0.15元】
Apr 23 00:10:40 当前现金：10.44元
Apr 23 00:10:40 
Apr 23 00:10:40 🔔签到领现金, 结束! 🕛 36.383 秒
Apr 23 00:10:40 
Apr 23 00:10:53 "Client network socket disconnected before secure TLS connection was established"
Apr 23 00:10:53 签到领现金 API请求失败，请检查网路重试
Apr 23 04:10:16 
Apr 23 04:10:16 🔔签到领现金, 开始!
Apr 23 04:10:16 
Apr 23 04:10:16 ====================共1个京东账号Cookie=========
Apr 23 04:10:16 
Apr 23 04:10:16 ==================脚本执行- 北京时间(UTC+8)：4/23/2021, 4:10:16 AM=====================
Apr 23 04:10:16 
Apr 23 04:10:16 开始获取签到领现金配置文件
Apr 23 04:10:16 
Apr 23 04:10:16 共1个京东账号
Apr 23 04:10:16 
Apr 23 04:10:16 您提供了1个账号的签到领现金助力码
Apr 23 04:10:16 
Apr 23 04:10:17 
Apr 23 04:10:17 ******开始【京东账号1】jd_60103fd1c8cd9*********
Apr 23 04:10:17 
Apr 23 04:10:17 
Apr 23 04:10:17 【京东账号1（jd_60103fd1c8cd9）的签到领现金好友互助码】eU9YauyzZv9wpW-GwyBH3w
Apr 23 04:10:17 
Apr 23 04:10:17 去做逛商品任务 2/3
Apr 23 04:10:17 任务完成成功
Apr 23 04:10:22 去做逛商品任务 3/3
Apr 23 04:10:22 任务完成成功
Apr 23 04:10:27 开始
Apr 23 04:10:38 第1个京东账号将要助力的好友[{"inviteCode":"cV51L6ixZ_og","shareDate":"IRs1bey2ZP8"},{"inviteCode":"eU9YauyzZv9wpW-GwyBH3w","shareDate":"IRs1bey2ZP8"},{"inviteCode":"eU9YL6_hGotPuBCTlhFn","shareDate":"IRs1bey2ZP8"},{"inviteCode":"IRo_aO2zZ_wu7GnczXoS1g","shareDate":"IRs1bey2ZP8"}]
Apr 23 04:10:38 去帮助好友cV51L6ixZ_og
Apr 23 04:10:38 今日已为Ta助力过啦~
Apr 23 04:10:39 去帮助好友eU9YauyzZv9wpW-GwyBH3w
Apr 23 04:10:39 您无法为自己助力哦~
Apr 23 04:10:40 去帮助好友eU9YL6_hGotPuBCTlhFn
Apr 23 04:10:40 今日已为Ta助力过啦~
Apr 23 04:10:41 去帮助好友IRo_aO2zZ_wu7GnczXoS1g
Apr 23 04:10:41 今日已为Ta助力过啦~
Apr 23 04:10:42 领奖成功，恭喜您获得现金奖励【0.3】
Apr 23 04:10:42 京东账号1jd_60103fd1c8cd9
Apr 23 04:10:42 领奖成功，恭喜您获得现金奖励【0.3元】
Apr 23 04:10:42 当前现金：10.75元当前现金：10.75元
Apr 23 04:10:42 
Apr 23 04:10:42 
Apr 23 04:10:42 您未提供server酱的SCKEY，取消微信推送消息通知🚫
Apr 23 04:10:42 
Apr 23 04:10:42 您未提供push+推送所需的PUSH_PLUS_TOKEN，取消push+推送消息通知🚫
Apr 23 04:10:42 
Apr 23 04:10:42 您未提供Bark的APP推送BARK_PUSH，取消Bark推送消息通知🚫
Apr 23 04:10:42 
Apr 23 04:10:42 您未提供telegram机器人推送所需的TG_BOT_TOKEN和TG_USER_ID，取消telegram推送消息通知🚫
Apr 23 04:10:42 
Apr 23 04:10:42 您未提供企业微信机器人推送所需的QYWX_KEY，取消企业微信推送消息通知🚫
Apr 23 04:10:42 
Apr 23 04:10:42 您未提供企业微信应用消息推送所需的QYWX_AM，取消企业微信应用消息推送消息通知🚫
Apr 23 04:10:42 
Apr 23 04:10:42 您未提供iGot的推送IGOT_PUSH_KEY，取消iGot推送消息通知🚫
Apr 23 04:10:42 
Apr 23 04:10:42 钉钉发送通知消息成功🎉。
Apr 23 04:10:42 
Apr 23 04:10:42 
Apr 23 04:10:42 ==============📣系统通知📣==============
Apr 23 04:10:42 签到领现金
Apr 23 04:10:42 京东账号1jd_60103fd1c8cd9
Apr 23 04:10:42 领奖成功，恭喜您获得现金奖励【0.3元】
Apr 23 04:10:42 当前现金：10.75元
Apr 23 04:10:42 
Apr 23 04:10:42 🔔签到领现金, 结束! 🕛 26.008 秒
Apr 23 04:10:42 
Apr 23 04:10:56 "Timeout awaiting 'request' for 10000ms"
Apr 23 04:10:56 签到领现金 API请求失败，请检查网路重试
Apr 23 08:10:27 
Apr 23 08:10:27 🔔签到领现金, 开始!
Apr 23 08:10:27 
Apr 23 08:10:27 ====================共1个京东账号Cookie=========
Apr 23 08:10:27 
Apr 23 08:10:27 ==================脚本执行- 北京时间(UTC+8)：4/23/2021, 8:10:27 AM=====================
Apr 23 08:10:27 
Apr 23 08:10:27 开始获取签到领现金配置文件
Apr 23 08:10:27 
Apr 23 08:10:27 共1个京东账号
Apr 23 08:10:27 
Apr 23 08:10:27 您提供了1个账号的签到领现金助力码
Apr 23 08:10:27 
Apr 23 08:10:28 
Apr 23 08:10:28 ******开始【京东账号1】jd_60103fd1c8cd9*********
Apr 23 08:10:28 
Apr 23 08:10:28 
Apr 23 08:10:28 【京东账号1（jd_60103fd1c8cd9）的签到领现金好友互助码】eU9YauyzZv9wpW-GwyBH3w
Apr 23 08:10:28 
Apr 23 08:10:28 去做逛商品任务 3/3
Apr 23 08:10:28 任务完成成功
Apr 23 08:10:33 开始
Apr 23 08:10:43 第1个京东账号将要助力的好友[{"inviteCode":"cV51L6ixZ_og","shareDate":"IRs1bey2ZP8"},{"inviteCode":"eU9YauyzZv9wpW-GwyBH3w","shareDate":"IRs1bey2ZP8"},{"inviteCode":"eU9YL6_hGotPuBCTlhFn","shareDate":"IRs1bey2ZP8"},{"inviteCode":"IRo_aO2zZ_wu7GnczXoS1g","shareDate":"IRs1bey2ZP8"}]
Apr 23 08:10:43 去帮助好友cV51L6ixZ_og
Apr 23 08:10:43 今日已为Ta助力过啦~
Apr 23 08:10:44 去帮助好友eU9YauyzZv9wpW-GwyBH3w
Apr 23 08:10:44 您无法为自己助力哦~
Apr 23 08:10:45 去帮助好友eU9YL6_hGotPuBCTlhFn
Apr 23 08:10:45 今日已为Ta助力过啦~
Apr 23 08:10:46 去帮助好友IRo_aO2zZ_wu7GnczXoS1g
Apr 23 08:10:46 今日已为Ta助力过啦~
Apr 23 08:10:47 京东账号1jd_60103fd1c8cd9
Apr 23 08:10:47 当前现金：10.79元
Apr 23 08:10:47 
Apr 23 08:10:47 🔔签到领现金, 结束! 🕛 20.861 秒
Apr 23 08:10:47 
Apr 23 08:11:02 "Timeout awaiting 'request' for 10000ms"
Apr 23 08:11:02 签到领现金 API请求失败，请检查网路重试
Apr 23 12:10:01 
Apr 23 12:10:01 🔔签到领现金, 开始!
Apr 23 12:10:02 
Apr 23 12:10:02 ====================共1个京东账号Cookie=========
Apr 23 12:10:02 
Apr 23 12:10:02 ==================脚本执行- 北京时间(UTC+8)：4/23/2021, 12:10:02 PM=====================
Apr 23 12:10:02 
Apr 23 12:10:02 开始获取签到领现金配置文件
Apr 23 12:10:02 
Apr 23 12:10:02 共1个京东账号
Apr 23 12:10:02 
Apr 23 12:10:02 您提供了1个账号的签到领现金助力码
Apr 23 12:10:02 
Apr 23 12:10:03 
Apr 23 12:10:03 ******开始【京东账号1】jd_60103fd1c8cd9*********
Apr 23 12:10:03 
Apr 23 12:10:03 
Apr 23 12:10:03 【京东账号1（jd_60103fd1c8cd9）的签到领现金好友互助码】eU9YauyzZv9wpW-GwyBH3w
Apr 23 12:10:03 
Apr 23 12:10:03 开始
Apr 23 12:10:13 第1个京东账号将要助力的好友[{"inviteCode":"cV51L6ixZ_og","shareDate":"IRs1bey2ZP8"},{"inviteCode":"eU9YauyzZv9wpW-GwyBH3w","shareDate":"IRs1bey2ZP8"},{"inviteCode":"eU9YL6_hGotPuBCTlhFn","shareDate":"IRs1bey2ZP8"},{"inviteCode":"IRo_aO2zZ_wu7GnczXoS1g","shareDate":"IRs1bey2ZP8"}]
Apr 23 12:10:13 去帮助好友cV51L6ixZ_og
Apr 23 12:10:13 今日已为Ta助力过啦~
Apr 23 12:10:14 去帮助好友eU9YauyzZv9wpW-GwyBH3w
Apr 23 12:10:14 您无法为自己助力哦~
Apr 23 12:10:15 去帮助好友eU9YL6_hGotPuBCTlhFn
Apr 23 12:10:15 今日已为Ta助力过啦~
Apr 23 12:10:16 去帮助好友IRo_aO2zZ_wu7GnczXoS1g
Apr 23 12:10:16 今日已为Ta助力过啦~
Apr 23 12:10:18 京东账号1jd_60103fd1c8cd9
Apr 23 12:10:18 当前现金：10.79元
Apr 23 12:10:18 
Apr 23 12:10:18 🔔签到领现金, 结束! 🕛 16.167 秒
Apr 23 12:10:18 
Apr 23 12:10:31 "Timeout awaiting 'request' for 10000ms"
Apr 23 12:10:31 签到领现金 API请求失败，请检查网路重试
Apr 23 16:10:17 
Apr 23 16:10:17 🔔签到领现金, 开始!
Apr 23 16:10:17 
Apr 23 16:10:17 ====================共1个京东账号Cookie=========
Apr 23 16:10:17 
Apr 23 16:10:17 ==================脚本执行- 北京时间(UTC+8)：4/23/2021, 4:10:17 PM=====================
Apr 23 16:10:17 
Apr 23 16:10:17 开始获取签到领现金配置文件
Apr 23 16:10:17 
Apr 23 16:10:17 共1个京东账号
Apr 23 16:10:17 
Apr 23 16:10:17 您提供了1个账号的签到领现金助力码
Apr 23 16:10:17 
Apr 23 16:10:18 
Apr 23 16:10:18 ******开始【京东账号1】jd_60103fd1c8cd9*********
Apr 23 16:10:18 
Apr 23 16:10:18 
Apr 23 16:10:18 【京东账号1（jd_60103fd1c8cd9）的签到领现金好友互助码】eU9YauyzZv9wpW-GwyBH3w
Apr 23 16:10:18 
Apr 23 16:10:18 开始
Apr 23 16:10:28 第1个京东账号将要助力的好友[{"inviteCode":"cV51L6ixZ_og","shareDate":"IRs1bey2ZP8"},{"inviteCode":"eU9YauyzZv9wpW-GwyBH3w","shareDate":"IRs1bey2ZP8"},{"inviteCode":"eU9YL6_hGotPuBCTlhFn","shareDate":"IRs1bey2ZP8"},{"inviteCode":"IRo_aO2zZ_wu7GnczXoS1g","shareDate":"IRs1bey2ZP8"}]
Apr 23 16:10:28 去帮助好友cV51L6ixZ_og
Apr 23 16:10:41 "Timeout awaiting 'request' for 10000ms"
Apr 23 16:10:41 签到领现金 API请求失败，请检查网路重试
Apr 23 16:11:01 今日已为Ta助力过啦~
Apr 23 16:11:02 去帮助好友eU9YauyzZv9wpW-GwyBH3w
Apr 23 16:11:02 您无法为自己助力哦~
Apr 23 16:11:03 去帮助好友eU9YL6_hGotPuBCTlhFn
Apr 23 16:11:04 今日已为Ta助力过啦~
Apr 23 16:11:05 去帮助好友IRo_aO2zZ_wu7GnczXoS1g
Apr 23 16:11:05 今日已为Ta助力过啦~
Apr 23 16:11:06 京东账号1jd_60103fd1c8cd9
Apr 23 16:11:06 当前现金：10.79元
Apr 23 16:11:06 
Apr 23 16:11:06 🔔签到领现金, 结束! 🕛 48.946 秒
Apr 23 16:11:06 
