
Apr 01 17:09:17 
Apr 01 17:09:17 🔔crazyJoy挂机, 开始!
Apr 01 17:09:17 
Apr 01 17:09:17 ====================共1个京东账号Cookie=========
Apr 01 17:09:17 
Apr 01 17:09:17 ==================脚本执行- 北京时间(UTC+8)：4/1/2021, 5:09:17 PM=====================
Apr 01 17:09:17 
Apr 01 17:09:17 
Apr 01 17:09:17 挂机开始，自动8s收一次金币
Apr 01 17:09:17 ============开始第1次挂机=============
Apr 01 17:09:18 
Apr 01 17:09:18 开始【京东账号1】IS_FREEDOM
Apr 01 17:09:18 
Apr 01 17:09:19 当前JOY分布情况
Apr 01 17:09:19 
Apr 01 17:09:19 30 31 32 33
Apr 01 17:09:19 34 34 34 34
Apr 01 17:09:19 34 34 34 34
Apr 01 17:09:19 
Apr 01 17:09:20 金币补给领取成功，获得276381145501200金币
Apr 01 17:09:21 当前金币:6431282273370320
Apr 01 17:09:21 
Apr 01 17:09:21 点击幸运盒子成功，剩余观看视频次数：3, 等待32秒
Apr 01 17:09:54 幸运盒子奖励领取成功，获得：0京豆，276381145501200金币
Apr 01 17:09:55 此次在线收益：获得 383862702085 金币
Apr 01 17:09:56 开始合并两只34级joy
Apr 01 17:09:56 
Apr 01 17:09:56 合并成功，获得好物JOY级Joy
Apr 01 17:10:00 合并后的JOY分布情况
Apr 01 17:10:00 
Apr 01 17:10:00 30 31 32 33
Apr 01 17:10:00 0 0 34 34
Apr 01 17:10:00 34 34 34 34
Apr 01 17:10:00 
Apr 01 17:10:05 当前信息：849 京豆，6431282273370320 金币
Apr 01 17:10:05 
Apr 01 17:10:05 
Apr 01 17:10:05 
Apr 01 17:10:05 ============开始第2次挂机=============
Apr 01 17:10:37 "connect ETIMEDOUT 111.202.57.100:443"
Apr 01 17:10:37 crazyJoy挂机 API请求失败，请检查网路重试
Apr 01 17:10:37 
Apr 01 17:10:37 开始【京东账号1】burst3166
Apr 01 17:10:37 
Apr 01 17:10:38 当前JOY分布情况
Apr 01 17:10:38 
Apr 01 17:10:38 30 31 32 33
Apr 01 17:10:38 0 0 34 34
Apr 01 17:10:38 34 34 34 34
Apr 01 17:10:38 
