Mar 25 00:06:28 
Mar 25 00:06:28 🔔摇京豆, 开始!
Mar 25 00:06:28 
Mar 25 00:06:28 ====================共1个京东账号Cookie=========
Mar 25 00:06:28 
Mar 25 00:06:28 ==================脚本执行- 北京时间(UTC+8)：3/25/2021, 12:06:28 AM=====================
Mar 25 00:06:28 
Mar 25 00:06:28 
Mar 25 00:06:28 开始【京东账号1】burst3166
Mar 25 00:06:28 
Mar 25 00:06:28 开始做浏览页面任务
Mar 25 00:06:36 开始做关注店铺任务
Mar 25 00:06:39 摇京豆——摇奖次数12
Mar 25 00:06:39 京东会员——摇奖次数7
Mar 25 00:06:39 开始 【京东会员】 摇奖
Mar 25 00:06:40 京东会员-剩余摇奖次数：6
Mar 25 00:06:40 未中奖
Mar 25 00:06:40 
Mar 25 00:06:40 开始 【京东会员】 摇奖
Mar 25 00:06:41 京东会员-剩余摇奖次数：5
Mar 25 00:06:41 未中奖
Mar 25 00:06:41 
Mar 25 00:06:41 开始 【京东会员】 摇奖
Mar 25 00:06:43 京东会员-剩余摇奖次数：4
Mar 25 00:06:43 未中奖
Mar 25 00:06:43 
Mar 25 00:06:43 开始 【京东会员】 摇奖
Mar 25 00:06:44 京东会员-剩余摇奖次数：3
Mar 25 00:06:44 未中奖
Mar 25 00:06:44 
Mar 25 00:06:44 开始 【京东会员】 摇奖
Mar 25 00:06:45 京东会员-剩余摇奖次数：2
Mar 25 00:06:45 未中奖
Mar 25 00:06:45 
Mar 25 00:06:45 开始 【京东会员】 摇奖
Mar 25 00:06:46 京东会员-剩余摇奖次数：1
Mar 25 00:06:46 未中奖
Mar 25 00:06:46 
Mar 25 00:06:46 开始 【京东会员】 摇奖
Mar 25 00:06:47 京东会员-剩余摇奖次数：0
Mar 25 00:06:47 未中奖
Mar 25 00:06:47 
Mar 25 00:06:47 开始 【摇京豆】 摇奖
Mar 25 00:06:49 剩余摇奖次数：11
Mar 25 00:06:49 恭喜你，中奖了，获得1京豆
Mar 25 00:06:49 
Mar 25 00:06:49 开始 【摇京豆】 摇奖
Mar 25 00:06:50 剩余摇奖次数：10
Mar 25 00:06:50 摇奖其他未知结果：{"data":{"luckyBox":{"costBeanCount":2,"feeTimes":2,"freeTimes":10,"totalBeanCount":10153}},"success":true}
Mar 25 00:06:50 
Mar 25 00:06:50 开始 【摇京豆】 摇奖
Mar 25 00:06:51 剩余摇奖次数：9
Mar 25 00:06:51 获得优惠券：仅可购买HFP品牌部分自营商品
Mar 25 00:06:51 
Mar 25 00:06:51 开始 【摇京豆】 摇奖
Mar 25 00:06:52 剩余摇奖次数：8
Mar 25 00:06:52 摇奖其他未知结果：{"data":{"luckyBox":{"costBeanCount":2,"feeTimes":2,"freeTimes":8,"totalBeanCount":10153}},"success":true}
Mar 25 00:06:52 
Mar 25 00:06:52 开始 【摇京豆】 摇奖
Mar 25 00:06:53 开始 【摇京豆】 摇奖
Mar 25 00:06:54 剩余摇奖次数：7
Mar 25 00:06:54 获得优惠券：仅可购买美妆部分商品
Mar 25 00:06:54 
Mar 25 00:06:54 开始 【摇京豆】 摇奖
Mar 25 00:06:55 剩余摇奖次数：6
Mar 25 00:06:55 获得优惠券：仅可购买京东国际进口时尚部分商品
Mar 25 00:06:55 
Mar 25 00:06:55 开始 【摇京豆】 摇奖
Mar 25 00:06:57 剩余摇奖次数：5
Mar 25 00:06:57 获得优惠券：仅可购买京东国际进口时尚部分商品
Mar 25 00:06:57 
Mar 25 00:06:57 开始 【摇京豆】 摇奖
Mar 25 00:06:58 开始 【摇京豆】 摇奖
Mar 25 00:06:59 剩余摇奖次数：4
Mar 25 00:06:59 获得优惠券：仅可购买京东国际进口时尚部分商品
Mar 25 00:06:59 
Mar 25 00:06:59 开始 【摇京豆】 摇奖
Mar 25 00:07:00 剩余摇奖次数：3
Mar 25 00:07:00 获得优惠券：仅可购买京东国际进口时尚部分商品
Mar 25 00:07:00 
Mar 25 00:07:00 开始 【摇京豆】 摇奖
Mar 25 00:07:01 剩余摇奖次数：2
Mar 25 00:07:01 获得优惠券：仅可购买女装部分商品
Mar 25 00:07:01 
Mar 25 00:07:01 
Mar 25 00:07:01 ==============📣系统通知📣==============
Mar 25 00:07:01 摇京豆
Mar 25 00:07:01 京东账号1 burst3166
Mar 25 00:07:01 获得1京豆
Mar 25 00:07:01 
Mar 25 00:07:01 🔔摇京豆, 结束! 🕛 33.681 秒
Mar 25 00:07:01 
Mar 26 00:06:31 
Mar 26 00:06:31 🔔摇京豆, 开始!
Mar 26 00:06:31 
Mar 26 00:06:31 ====================共1个京东账号Cookie=========
Mar 26 00:06:31 
Mar 26 00:06:31 ==================脚本执行- 北京时间(UTC+8)：3/26/2021, 12:06:31 AM=====================
Mar 26 00:06:31 
Mar 26 00:06:32 
Mar 26 00:06:32 开始【京东账号1】burst3166
Mar 26 00:06:32 
Mar 26 00:06:32 开始做浏览页面任务
Mar 26 00:06:40 开始做关注店铺任务
Mar 26 00:06:43 摇京豆——摇奖次数12
Mar 26 00:06:43 京东会员——摇奖次数7
Mar 26 00:06:43 开始 【京东会员】 摇奖
Mar 26 00:06:44 京东会员-剩余摇奖次数：6
Mar 26 00:06:44 未中奖
Mar 26 00:06:44 
Mar 26 00:06:44 开始 【京东会员】 摇奖
Mar 26 00:06:46 京东会员-剩余摇奖次数：5
Mar 26 00:06:46 未中奖
Mar 26 00:06:46 
Mar 26 00:06:46 开始 【京东会员】 摇奖
Mar 26 00:06:47 京东会员-剩余摇奖次数：4
Mar 26 00:06:47 未中奖
Mar 26 00:06:47 
Mar 26 00:06:47 开始 【京东会员】 摇奖
Mar 26 00:06:48 京东会员-剩余摇奖次数：3
Mar 26 00:06:48 未中奖
Mar 26 00:06:48 
Mar 26 00:06:48 开始 【京东会员】 摇奖
Mar 26 00:06:49 京东会员-剩余摇奖次数：2
Mar 26 00:06:49 未中奖
Mar 26 00:06:49 
Mar 26 00:06:49 开始 【京东会员】 摇奖
Mar 26 00:06:50 京东会员-剩余摇奖次数：1
Mar 26 00:06:50 未中奖
Mar 26 00:06:50 
Mar 26 00:06:50 开始 【京东会员】 摇奖
Mar 26 00:06:51 京东会员-剩余摇奖次数：0
Mar 26 00:06:51 未中奖
Mar 26 00:06:51 
Mar 26 00:06:51 开始 【摇京豆】 摇奖
Mar 26 00:06:53 剩余摇奖次数：11
Mar 26 00:06:53 恭喜你，中奖了，获得1京豆
Mar 26 00:06:53 
Mar 26 00:06:53 开始 【摇京豆】 摇奖
Mar 26 00:06:54 剩余摇奖次数：10
Mar 26 00:06:54 摇奖其他未知结果：{"data":{"luckyBox":{"costBeanCount":2,"feeTimes":2,"freeTimes":10,"totalBeanCount":10343}},"success":true}
Mar 26 00:06:54 
Mar 26 00:06:54 开始 【摇京豆】 摇奖
Mar 26 00:06:55 剩余摇奖次数：9
Mar 26 00:06:55 摇奖其他未知结果：{"data":{"luckyBox":{"costBeanCount":2,"feeTimes":2,"freeTimes":9,"totalBeanCount":10343}},"success":true}
Mar 26 00:06:55 
Mar 26 00:06:55 开始 【摇京豆】 摇奖
Mar 26 00:06:56 剩余摇奖次数：8
Mar 26 00:06:56 获得优惠券：仅可购买京东国际进口时尚部分商品
Mar 26 00:06:56 
Mar 26 00:06:56 开始 【摇京豆】 摇奖
Mar 26 00:06:57 剩余摇奖次数：7
Mar 26 00:06:57 获得优惠券：仅可购买京东国际进口时尚部分商品
Mar 26 00:06:57 
Mar 26 00:06:57 开始 【摇京豆】 摇奖
Mar 26 00:06:58 剩余摇奖次数：6
Mar 26 00:06:58 获得优惠券：仅可购买京东国际进口时尚部分商品
Mar 26 00:06:58 
Mar 26 00:06:58 开始 【摇京豆】 摇奖
Mar 26 00:06:59 剩余摇奖次数：5
Mar 26 00:06:59 获得优惠券：仅可购买京东国际进口时尚自营部分商品
Mar 26 00:06:59 
Mar 26 00:06:59 开始 【摇京豆】 摇奖
Mar 26 00:07:01 剩余摇奖次数：4
Mar 26 00:07:01 摇奖其他未知结果：{"data":{"luckyBox":{"costBeanCount":2,"feeTimes":2,"freeTimes":4,"totalBeanCount":10344}},"success":true}
Mar 26 00:07:01 
Mar 26 00:07:01 开始 【摇京豆】 摇奖
Mar 26 00:07:02 剩余摇奖次数：3
Mar 26 00:07:02 获得优惠券：仅可购买京东国际进口时尚居家部分商品
Mar 26 00:07:02 
Mar 26 00:07:02 开始 【摇京豆】 摇奖
Mar 26 00:07:03 剩余摇奖次数：2
Mar 26 00:07:03 摇奖其他未知结果：{"data":{"luckyBox":{"costBeanCount":2,"feeTimes":2,"freeTimes":2,"totalBeanCount":10344}},"success":true}
Mar 26 00:07:03 
Mar 26 00:07:03 开始 【摇京豆】 摇奖
Mar 26 00:07:04 剩余摇奖次数：1
Mar 26 00:07:04 获得优惠券：仅可购买京东国际进口时尚部分商品
Mar 26 00:07:04 
Mar 26 00:07:04 开始 【摇京豆】 摇奖
Mar 26 00:07:06 剩余摇奖次数：0
Mar 26 00:07:06 摇奖其他未知结果：{"data":{"luckyBox":{"costBeanCount":2,"feeTimes":2,"freeTimes":0,"totalBeanCount":10344}},"success":true}
Mar 26 00:07:06 
Mar 26 00:07:06 
Mar 26 00:07:06 ==============📣系统通知📣==============
Mar 26 00:07:06 摇京豆
Mar 26 00:07:06 京东账号1 burst3166
Mar 26 00:07:06 获得1京豆
Mar 26 00:07:06 
Mar 26 00:07:06 🔔摇京豆, 结束! 🕛 35.131 秒
Mar 26 00:07:06 
