Mar 31 00:28:15 
Mar 31 00:28:15 🔔天天提鹅, 开始!
Mar 31 00:28:16 
Mar 31 00:28:16 ====================共1个京东账号Cookie=========
Mar 31 00:28:16 
Mar 31 00:28:16 ==================脚本执行- 北京时间(UTC+8)：3/31/2021, 12:28:16 AM=====================
Mar 31 00:28:16 
Mar 31 00:28:16 
Mar 31 00:28:16 ***********开始【京东账号1】burst3166********
Mar 31 00:28:16 
Mar 31 00:28:17 收取鹅蛋:31个成功
Mar 31 00:28:17 当前总鹅蛋数量:656
Mar 31 00:28:17 兑换金币:6
Mar 31 00:28:17 当前总金币:3271
Mar 31 00:28:17 
Mar 31 00:28:17 🔔天天提鹅, 结束! 🕛 1.325 秒
Mar 31 00:28:17 
Mar 31 01:28:23 
Mar 31 01:28:23 🔔天天提鹅, 开始!
Mar 31 01:28:23 
Mar 31 01:28:23 ====================共1个京东账号Cookie=========
Mar 31 01:28:23 
Mar 31 01:28:23 ==================脚本执行- 北京时间(UTC+8)：3/31/2021, 1:28:23 AM=====================
Mar 31 01:28:23 
Mar 31 01:28:24 
Mar 31 01:28:24 ***********开始【京东账号1】burst3166********
Mar 31 01:28:24 
Mar 31 01:28:24 收取鹅蛋:31个成功
Mar 31 01:28:24 当前总鹅蛋数量:686
Mar 31 01:28:24 兑换金币:6
Mar 31 01:28:24 当前总金币:3277
Mar 31 01:28:24 
Mar 31 01:28:24 🔔天天提鹅, 结束! 🕛 1.282 秒
Mar 31 01:28:24 
Mar 31 02:28:05 
Mar 31 02:28:05 🔔天天提鹅, 开始!
Mar 31 02:28:05 
Mar 31 02:28:05 ====================共1个京东账号Cookie=========
Mar 31 02:28:05 
Mar 31 02:28:05 ==================脚本执行- 北京时间(UTC+8)：3/31/2021, 2:28:05 AM=====================
Mar 31 02:28:05 
Mar 31 02:28:05 
Mar 31 02:28:05 ***********开始【京东账号1】burst3166********
Mar 31 02:28:05 
Mar 31 02:28:06 收取鹅蛋:31个成功
Mar 31 02:28:06 当前总鹅蛋数量:716
Mar 31 02:28:06 兑换金币:6
Mar 31 02:28:06 当前总金币:3283
Mar 31 02:28:06 
Mar 31 02:28:06 🔔天天提鹅, 结束! 🕛 1.277 秒
Mar 31 02:28:06 
Mar 31 03:28:10 
Mar 31 03:28:10 🔔天天提鹅, 开始!
Mar 31 03:28:10 
Mar 31 03:28:10 ====================共1个京东账号Cookie=========
Mar 31 03:28:10 
Mar 31 03:28:10 ==================脚本执行- 北京时间(UTC+8)：3/31/2021, 3:28:10 AM=====================
Mar 31 03:28:10 
Mar 31 03:28:11 
Mar 31 03:28:11 ***********开始【京东账号1】burst3166********
Mar 31 03:28:11 
Mar 31 03:28:11 收取鹅蛋:31个成功
Mar 31 03:28:11 当前总鹅蛋数量:746
Mar 31 03:28:12 兑换金币:6
Mar 31 03:28:12 当前总金币:3289
Mar 31 03:28:12 
Mar 31 03:28:12 🔔天天提鹅, 结束! 🕛 1.29 秒
Mar 31 03:28:12 
Mar 31 04:28:24 
Mar 31 04:28:24 🔔天天提鹅, 开始!
Mar 31 04:28:24 
Mar 31 04:28:24 ====================共1个京东账号Cookie=========
Mar 31 04:28:24 
Mar 31 04:28:24 ==================脚本执行- 北京时间(UTC+8)：3/31/2021, 4:28:24 AM=====================
Mar 31 04:28:24 
Mar 31 04:28:25 
Mar 31 04:28:25 ***********开始【京东账号1】burst3166********
Mar 31 04:28:25 
Mar 31 04:28:25 收取鹅蛋:31个成功
Mar 31 04:28:25 当前总鹅蛋数量:776
Mar 31 04:28:25 兑换金币:6
Mar 31 04:28:25 当前总金币:3295
Mar 31 04:28:25 
Mar 31 04:28:25 🔔天天提鹅, 结束! 🕛 1.258 秒
Mar 31 04:28:25 
Mar 31 05:28:22 
Mar 31 05:28:22 🔔天天提鹅, 开始!
Mar 31 05:28:22 
Mar 31 05:28:22 ====================共1个京东账号Cookie=========
Mar 31 05:28:22 
Mar 31 05:28:22 ==================脚本执行- 北京时间(UTC+8)：3/31/2021, 5:28:22 AM=====================
Mar 31 05:28:22 
Mar 31 05:28:22 
Mar 31 05:28:22 ***********开始【京东账号1】burst3166********
Mar 31 05:28:22 
Mar 31 05:28:23 收取鹅蛋:31个成功
Mar 31 05:28:23 当前总鹅蛋数量:806
Mar 31 05:28:23 兑换金币:6
Mar 31 05:28:23 当前总金币:3301
Mar 31 05:28:23 
Mar 31 05:28:23 🔔天天提鹅, 结束! 🕛 1.247 秒
Mar 31 05:28:23 
Mar 31 06:28:28 
Mar 31 06:28:28 🔔天天提鹅, 开始!
Mar 31 06:28:28 
Mar 31 06:28:28 ====================共1个京东账号Cookie=========
Mar 31 06:28:28 
Mar 31 06:28:28 ==================脚本执行- 北京时间(UTC+8)：3/31/2021, 6:28:28 AM=====================
Mar 31 06:28:28 
Mar 31 06:28:29 
Mar 31 06:28:29 ***********开始【京东账号1】burst3166********
Mar 31 06:28:29 
Mar 31 06:28:30 收取鹅蛋:31个成功
Mar 31 06:28:30 当前总鹅蛋数量:836
Mar 31 06:28:30 兑换金币:6
Mar 31 06:28:30 当前总金币:3307
Mar 31 06:28:30 
Mar 31 06:28:30 🔔天天提鹅, 结束! 🕛 1.5 秒
Mar 31 06:28:30 
Mar 31 07:28:02 
Mar 31 07:28:02 🔔天天提鹅, 开始!
Mar 31 07:28:02 
Mar 31 07:28:02 ====================共1个京东账号Cookie=========
Mar 31 07:28:02 
Mar 31 07:28:02 ==================脚本执行- 北京时间(UTC+8)：3/31/2021, 7:28:02 AM=====================
Mar 31 07:28:02 
Mar 31 07:28:03 
Mar 31 07:28:03 ***********开始【京东账号1】burst3166********
Mar 31 07:28:03 
Mar 31 07:28:03 收取鹅蛋:31个成功
Mar 31 07:28:03 当前总鹅蛋数量:866
Mar 31 07:28:03 兑换金币:6
Mar 31 07:28:03 当前总金币:3313
Mar 31 07:28:03 
Mar 31 07:28:03 🔔天天提鹅, 结束! 🕛 1.271 秒
Mar 31 07:28:03 
Mar 31 08:28:25 
Mar 31 08:28:25 🔔天天提鹅, 开始!
Mar 31 08:28:25 
Mar 31 08:28:25 ====================共1个京东账号Cookie=========
Mar 31 08:28:25 
Mar 31 08:28:25 ==================脚本执行- 北京时间(UTC+8)：3/31/2021, 8:28:25 AM=====================
Mar 31 08:28:25 
Mar 31 08:28:26 
Mar 31 08:28:26 ***********开始【京东账号1】burst3166********
Mar 31 08:28:26 
Mar 31 08:28:26 收取鹅蛋:11个成功
Mar 31 08:28:26 当前总鹅蛋数量:876
Mar 31 08:28:26 兑换金币:2
Mar 31 08:28:26 当前总金币:3315
Mar 31 08:28:26 
Mar 31 08:28:26 🔔天天提鹅, 结束! 🕛 1.248 秒
Mar 31 08:28:26 
Mar 31 09:28:13 
Mar 31 09:28:13 🔔天天提鹅, 开始!
Mar 31 09:28:13 
Mar 31 09:28:13 ====================共1个京东账号Cookie=========
Mar 31 09:28:13 
Mar 31 09:28:13 ==================脚本执行- 北京时间(UTC+8)：3/31/2021, 9:28:13 AM=====================
Mar 31 09:28:13 
Mar 31 09:28:13 
Mar 31 09:28:13 ***********开始【京东账号1】burst3166********
Mar 31 09:28:13 
Mar 31 09:28:14 收取鹅蛋:9个成功
Mar 31 09:28:14 当前总鹅蛋数量:884
Mar 31 09:28:14 兑换金币:1
Mar 31 09:28:14 当前总金币:3316
Mar 31 09:28:14 
Mar 31 09:28:14 🔔天天提鹅, 结束! 🕛 1.247 秒
Mar 31 09:28:14 
Mar 31 10:28:17 
Mar 31 10:28:17 🔔天天提鹅, 开始!
Mar 31 10:28:17 
Mar 31 10:28:17 ====================共1个京东账号Cookie=========
Mar 31 10:28:17 
Mar 31 10:28:17 ==================脚本执行- 北京时间(UTC+8)：3/31/2021, 10:28:17 AM=====================
Mar 31 10:28:17 
Mar 31 10:28:18 
Mar 31 10:28:18 ***********开始【京东账号1】burst3166********
Mar 31 10:28:18 
Mar 31 10:28:18 收取鹅蛋:13个成功
Mar 31 10:28:18 当前总鹅蛋数量:893
Mar 31 10:28:19 兑换金币:2
Mar 31 10:28:19 当前总金币:3318
Mar 31 10:28:19 
Mar 31 10:28:19 🔔天天提鹅, 结束! 🕛 1.456 秒
Mar 31 10:28:19 
Mar 31 11:28:23 
Mar 31 11:28:23 🔔天天提鹅, 开始!
Mar 31 11:28:23 
Mar 31 11:28:23 ====================共1个京东账号Cookie=========
Mar 31 11:28:23 
Mar 31 11:28:23 ==================脚本执行- 北京时间(UTC+8)：3/31/2021, 11:28:23 AM=====================
Mar 31 11:28:23 
Mar 31 11:28:24 
Mar 31 11:28:24 ***********开始【京东账号1】burst3166********
Mar 31 11:28:24 
Mar 31 11:28:24 收取鹅蛋:11个成功
Mar 31 11:28:24 当前总鹅蛋数量:901
Mar 31 11:28:24 兑换金币:2
Mar 31 11:28:24 当前总金币:3320
Mar 31 11:28:24 
Mar 31 11:28:24 🔔天天提鹅, 结束! 🕛 1.498 秒
Mar 31 11:28:24 
Mar 31 12:28:06 
Mar 31 12:28:06 🔔天天提鹅, 开始!
Mar 31 12:28:06 
Mar 31 12:28:06 ====================共1个京东账号Cookie=========
Mar 31 12:28:06 
Mar 31 12:28:06 ==================脚本执行- 北京时间(UTC+8)：3/31/2021, 12:28:06 PM=====================
Mar 31 12:28:06 
Mar 31 12:28:07 
Mar 31 12:28:07 ***********开始【京东账号1】burst3166********
Mar 31 12:28:07 
Mar 31 12:28:07 收取鹅蛋:10个成功
Mar 31 12:28:07 当前总鹅蛋数量:910
Mar 31 12:28:09 兑换金币:2
Mar 31 12:28:09 当前总金币:3322
Mar 31 12:28:09 
Mar 31 12:28:09 🔔天天提鹅, 结束! 🕛 2.812 秒
Mar 31 12:28:09 
Mar 31 13:28:14 
Mar 31 13:28:14 🔔天天提鹅, 开始!
Mar 31 13:28:14 
Mar 31 13:28:14 ====================共1个京东账号Cookie=========
Mar 31 13:28:14 
Mar 31 13:28:14 ==================脚本执行- 北京时间(UTC+8)：3/31/2021, 1:28:14 PM=====================
Mar 31 13:28:14 
Mar 31 13:28:15 
Mar 31 13:28:15 ***********开始【京东账号1】burst3166********
Mar 31 13:28:15 
Mar 31 13:28:15 收取鹅蛋:9个成功
Mar 31 13:28:15 当前总鹅蛋数量:919
Mar 31 13:28:15 兑换金币:1
Mar 31 13:28:15 当前总金币:3323
Mar 31 13:28:15 
Mar 31 13:28:15 🔔天天提鹅, 结束! 🕛 1.414 秒
Mar 31 13:28:15 
Mar 31 14:28:28 
Mar 31 14:28:28 🔔天天提鹅, 开始!
Mar 31 14:28:28 
Mar 31 14:28:28 ====================共1个京东账号Cookie=========
Mar 31 14:28:28 
Mar 31 14:28:28 ==================脚本执行- 北京时间(UTC+8)：3/31/2021, 2:28:28 PM=====================
Mar 31 14:28:28 
Mar 31 14:28:29 
Mar 31 14:28:29 ***********开始【京东账号1】burst3166********
Mar 31 14:28:29 
Mar 31 14:28:29 收取鹅蛋:12个成功
Mar 31 14:28:29 当前总鹅蛋数量:927
Mar 31 14:28:31 兑换金币:2
Mar 31 14:28:31 当前总金币:3325
Mar 31 14:28:31 
Mar 31 14:28:31 🔔天天提鹅, 结束! 🕛 2.636 秒
Mar 31 14:28:31 
Mar 31 15:28:23 
Mar 31 15:28:23 🔔天天提鹅, 开始!
Mar 31 15:28:23 
Mar 31 15:28:23 ====================共1个京东账号Cookie=========
Mar 31 15:28:23 
Mar 31 15:28:23 ==================脚本执行- 北京时间(UTC+8)：3/31/2021, 3:28:23 PM=====================
Mar 31 15:28:23 
Mar 31 15:28:23 
Mar 31 15:28:23 ***********开始【京东账号1】burst3166********
Mar 31 15:28:23 
Mar 31 15:28:24 收取鹅蛋:8个成功
Mar 31 15:28:24 当前总鹅蛋数量:933
Mar 31 15:28:24 兑换金币:1
Mar 31 15:28:24 当前总金币:3326
Mar 31 15:28:24 
Mar 31 15:28:24 🔔天天提鹅, 结束! 🕛 1.304 秒
Mar 31 15:28:24 
Mar 31 16:28:06 
Mar 31 16:28:06 🔔天天提鹅, 开始!
Mar 31 16:28:06 
Mar 31 16:28:06 ====================共1个京东账号Cookie=========
Mar 31 16:28:06 
Mar 31 16:28:06 ==================脚本执行- 北京时间(UTC+8)：3/31/2021, 4:28:06 PM=====================
Mar 31 16:28:06 
Mar 31 16:28:07 
Mar 31 16:28:07 ***********开始【京东账号1】IS_FREEDOM********
Mar 31 16:28:07 
Mar 31 16:28:07 收取鹅蛋:9个成功
Mar 31 16:28:07 当前总鹅蛋数量:939
Mar 31 16:28:08 兑换金币:1
Mar 31 16:28:08 当前总金币:3327
Mar 31 16:28:08 
Mar 31 16:28:08 🔔天天提鹅, 结束! 🕛 1.503 秒
Mar 31 16:28:08 
Mar 31 17:28:24 
Mar 31 17:28:24 🔔天天提鹅, 开始!
Mar 31 17:28:24 
Mar 31 17:28:24 ====================共1个京东账号Cookie=========
Mar 31 17:28:24 
Mar 31 17:28:24 ==================脚本执行- 北京时间(UTC+8)：3/31/2021, 5:28:24 PM=====================
Mar 31 17:28:24 
Mar 31 17:28:24 
Mar 31 17:28:24 ***********开始【京东账号1】burst3166********
Mar 31 17:28:24 
Mar 31 17:28:25 收取鹅蛋:9个成功
Mar 31 17:28:25 当前总鹅蛋数量:944
Mar 31 17:28:25 兑换金币:1
Mar 31 17:28:25 当前总金币:3328
Mar 31 17:28:25 
Mar 31 17:28:25 🔔天天提鹅, 结束! 🕛 1.413 秒
Mar 31 17:28:25 
Mar 31 18:28:06 
Mar 31 18:28:06 🔔天天提鹅, 开始!
Mar 31 18:28:06 
Mar 31 18:28:06 ====================共1个京东账号Cookie=========
Mar 31 18:28:06 
Mar 31 18:28:06 ==================脚本执行- 北京时间(UTC+8)：3/31/2021, 6:28:06 PM=====================
Mar 31 18:28:06 
Mar 31 18:28:07 
Mar 31 18:28:07 ***********开始【京东账号1】burst3166********
Mar 31 18:28:07 
Mar 31 18:28:07 收取鹅蛋:10个成功
Mar 31 18:28:07 当前总鹅蛋数量:950
Mar 31 18:28:07 兑换金币:2
Mar 31 18:28:07 当前总金币:3330
Mar 31 18:28:07 
Mar 31 18:28:07 🔔天天提鹅, 结束! 🕛 1.378 秒
Mar 31 18:28:07 
Mar 31 19:28:24 
Mar 31 19:28:24 🔔天天提鹅, 开始!
Mar 31 19:28:24 
Mar 31 19:28:24 ====================共1个京东账号Cookie=========
Mar 31 19:28:24 
Mar 31 19:28:24 ==================脚本执行- 北京时间(UTC+8)：3/31/2021, 7:28:24 PM=====================
Mar 31 19:28:24 
Mar 31 19:28:24 
Mar 31 19:28:24 ***********开始【京东账号1】burst3166********
Mar 31 19:28:24 
Mar 31 19:28:25 收取鹅蛋:6个成功
Mar 31 19:28:25 当前总鹅蛋数量:956
Mar 31 19:28:25 兑换金币:1
Mar 31 19:28:25 当前总金币:3331
Mar 31 19:28:25 
Mar 31 19:28:25 🔔天天提鹅, 结束! 🕛 1.279 秒
Mar 31 19:28:25 
Mar 31 20:28:26 
Mar 31 20:28:26 🔔天天提鹅, 开始!
Mar 31 20:28:26 
Mar 31 20:28:26 ====================共1个京东账号Cookie=========
Mar 31 20:28:26 
Mar 31 20:28:26 ==================脚本执行- 北京时间(UTC+8)：3/31/2021, 8:28:26 PM=====================
Mar 31 20:28:26 
Mar 31 20:28:26 
Mar 31 20:28:26 ***********开始【京东账号1】burst3166********
Mar 31 20:28:26 
Mar 31 20:28:27 收取鹅蛋:7个成功
Mar 31 20:28:27 当前总鹅蛋数量:962
Mar 31 20:28:27 兑换金币:1
Mar 31 20:28:27 当前总金币:3332
Mar 31 20:28:27 
Mar 31 20:28:27 🔔天天提鹅, 结束! 🕛 1.441 秒
Mar 31 20:28:27 
Mar 31 21:28:23 
Mar 31 21:28:23 🔔天天提鹅, 开始!
Mar 31 21:28:23 
Mar 31 21:28:23 ====================共1个京东账号Cookie=========
Mar 31 21:28:23 
Mar 31 21:28:23 ==================脚本执行- 北京时间(UTC+8)：3/31/2021, 9:28:23 PM=====================
Mar 31 21:28:23 
Mar 31 21:28:24 
Mar 31 21:28:24 ***********开始【京东账号1】burst3166********
Mar 31 21:28:24 
Mar 31 21:28:24 收取鹅蛋:7个成功
Mar 31 21:28:24 当前总鹅蛋数量:967
Mar 31 21:28:24 兑换金币:1
Mar 31 21:28:24 当前总金币:3333
Mar 31 21:28:24 
Mar 31 21:28:24 🔔天天提鹅, 结束! 🕛 1.292 秒
Mar 31 21:28:24 
Mar 31 22:28:17 
Mar 31 22:28:17 🔔天天提鹅, 开始!
Mar 31 22:28:17 
Mar 31 22:28:17 ====================共1个京东账号Cookie=========
Mar 31 22:28:17 
Mar 31 22:28:17 ==================脚本执行- 北京时间(UTC+8)：3/31/2021, 10:28:17 PM=====================
Mar 31 22:28:17 
Mar 31 22:28:17 
Mar 31 22:28:17 ***********开始【京东账号1】burst3166********
Mar 31 22:28:17 
Mar 31 22:28:18 收取鹅蛋:8个成功
Mar 31 22:28:18 当前总鹅蛋数量:973
Mar 31 22:28:18 兑换金币:1
Mar 31 22:28:18 当前总金币:3334
Mar 31 22:28:18 
Mar 31 22:28:18 🔔天天提鹅, 结束! 🕛 1.276 秒
Mar 31 22:28:18 
Mar 31 23:28:29 
Mar 31 23:28:29 🔔天天提鹅, 开始!
Mar 31 23:28:29 
Mar 31 23:28:29 ====================共1个京东账号Cookie=========
Mar 31 23:28:29 
Mar 31 23:28:29 ==================脚本执行- 北京时间(UTC+8)：3/31/2021, 11:28:29 PM=====================
Mar 31 23:28:29 
Mar 31 23:28:30 
Mar 31 23:28:30 ***********开始【京东账号1】burst3166********
Mar 31 23:28:30 
Mar 31 23:28:30 收取鹅蛋:9个成功
Mar 31 23:28:30 当前总鹅蛋数量:979
Mar 31 23:28:31 兑换金币:1
Mar 31 23:28:31 当前总金币:3335
Mar 31 23:28:31 
Mar 31 23:28:31 🔔天天提鹅, 结束! 🕛 1.482 秒
Mar 31 23:28:31 
Apr 01 00:28:27 
Apr 01 00:28:27 🔔天天提鹅, 开始!
Apr 01 00:28:27 
Apr 01 00:28:27 ====================共1个京东账号Cookie=========
Apr 01 00:28:27 
Apr 01 00:28:27 ==================脚本执行- 北京时间(UTC+8)：4/1/2021, 12:28:27 AM=====================
Apr 01 00:28:27 
Apr 01 00:28:28 
Apr 01 00:28:28 ***********开始【京东账号1】burst3166********
Apr 01 00:28:28 
Apr 01 00:28:28 收取鹅蛋:32个成功
Apr 01 00:28:28 当前总鹅蛋数量:1007
Apr 01 00:28:28 兑换金币:6
Apr 01 00:28:28 当前总金币:3341
Apr 01 00:28:28 
Apr 01 00:28:28 🔔天天提鹅, 结束! 🕛 1.284 秒
Apr 01 00:28:28 
Apr 01 01:28:05 
Apr 01 01:28:05 🔔天天提鹅, 开始!
Apr 01 01:28:05 
Apr 01 01:28:05 ====================共1个京东账号Cookie=========
Apr 01 01:28:05 
Apr 01 01:28:05 ==================脚本执行- 北京时间(UTC+8)：4/1/2021, 1:28:05 AM=====================
Apr 01 01:28:05 
Apr 01 01:28:06 
Apr 01 01:28:06 ***********开始【京东账号1】burst3166********
Apr 01 01:28:06 
Apr 01 01:28:06 收取鹅蛋:32个成功
Apr 01 01:28:06 当前总鹅蛋数量:1037
Apr 01 01:28:06 兑换金币:6
Apr 01 01:28:06 当前总金币:3347
Apr 01 01:28:06 
Apr 01 01:28:06 🔔天天提鹅, 结束! 🕛 1.476 秒
Apr 01 01:28:06 
Apr 01 02:28:00 
Apr 01 02:28:00 🔔天天提鹅, 开始!
Apr 01 02:28:00 
Apr 01 02:28:00 ====================共1个京东账号Cookie=========
Apr 01 02:28:00 
Apr 01 02:28:00 ==================脚本执行- 北京时间(UTC+8)：4/1/2021, 2:28:00 AM=====================
Apr 01 02:28:00 
Apr 01 02:28:01 
Apr 01 02:28:01 ***********开始【京东账号1】burst3166********
Apr 01 02:28:01 
Apr 01 02:28:01 收取鹅蛋:32个成功
Apr 01 02:28:01 当前总鹅蛋数量:1067
Apr 01 02:28:02 兑换金币:6
Apr 01 02:28:02 当前总金币:3353
Apr 01 02:28:02 
Apr 01 02:28:02 🔔天天提鹅, 结束! 🕛 1.294 秒
Apr 01 02:28:02 
Apr 01 03:28:27 
Apr 01 03:28:27 🔔天天提鹅, 开始!
Apr 01 03:28:27 
Apr 01 03:28:27 ====================共1个京东账号Cookie=========
Apr 01 03:28:27 
Apr 01 03:28:27 ==================脚本执行- 北京时间(UTC+8)：4/1/2021, 3:28:27 AM=====================
Apr 01 03:28:27 
Apr 01 03:28:28 
Apr 01 03:28:28 ***********开始【京东账号1】burst3166********
Apr 01 03:28:28 
Apr 01 03:28:28 收取鹅蛋:32个成功
Apr 01 03:28:28 当前总鹅蛋数量:1097
Apr 01 03:28:28 兑换金币:6
Apr 01 03:28:28 当前总金币:3359
Apr 01 03:28:28 
Apr 01 03:28:28 🔔天天提鹅, 结束! 🕛 1.281 秒
Apr 01 03:28:28 
Apr 01 04:28:13 
Apr 01 04:28:13 🔔天天提鹅, 开始!
Apr 01 04:28:13 
Apr 01 04:28:13 ====================共1个京东账号Cookie=========
Apr 01 04:28:13 
Apr 01 04:28:13 ==================脚本执行- 北京时间(UTC+8)：4/1/2021, 4:28:13 AM=====================
Apr 01 04:28:13 
Apr 01 04:28:14 
Apr 01 04:28:14 ***********开始【京东账号1】burst3166********
Apr 01 04:28:14 
Apr 01 04:28:14 收取鹅蛋:32个成功
Apr 01 04:28:14 当前总鹅蛋数量:1127
Apr 01 04:28:14 兑换金币:6
Apr 01 04:28:14 当前总金币:3365
Apr 01 04:28:14 
Apr 01 04:28:14 🔔天天提鹅, 结束! 🕛 1.254 秒
Apr 01 04:28:14 
Apr 01 05:28:06 
Apr 01 05:28:06 🔔天天提鹅, 开始!
Apr 01 05:28:06 
Apr 01 05:28:06 ====================共1个京东账号Cookie=========
Apr 01 05:28:06 
Apr 01 05:28:06 ==================脚本执行- 北京时间(UTC+8)：4/1/2021, 5:28:06 AM=====================
Apr 01 05:28:06 
Apr 01 05:28:07 
Apr 01 05:28:07 ***********开始【京东账号1】burst3166********
Apr 01 05:28:07 
Apr 01 05:28:07 收取鹅蛋:32个成功
Apr 01 05:28:07 当前总鹅蛋数量:1157
Apr 01 05:28:08 兑换金币:6
Apr 01 05:28:08 当前总金币:3371
Apr 01 05:28:08 
Apr 01 05:28:08 🔔天天提鹅, 结束! 🕛 1.268 秒
Apr 01 05:28:08 
Apr 01 06:28:04 
Apr 01 06:28:04 🔔天天提鹅, 开始!
Apr 01 06:28:04 
Apr 01 06:28:04 ====================共1个京东账号Cookie=========
Apr 01 06:28:04 
Apr 01 06:28:04 ==================脚本执行- 北京时间(UTC+8)：4/1/2021, 6:28:04 AM=====================
Apr 01 06:28:04 
Apr 01 06:28:05 
Apr 01 06:28:05 ***********开始【京东账号1】burst3166********
Apr 01 06:28:05 
Apr 01 06:28:05 收取鹅蛋:32个成功
Apr 01 06:28:05 当前总鹅蛋数量:1187
Apr 01 06:28:05 兑换金币:6
Apr 01 06:28:05 当前总金币:3377
Apr 01 06:28:05 
Apr 01 06:28:05 🔔天天提鹅, 结束! 🕛 1.337 秒
Apr 01 06:28:05 
Apr 01 07:28:03 
Apr 01 07:28:03 🔔天天提鹅, 开始!
Apr 01 07:28:03 
Apr 01 07:28:03 ====================共1个京东账号Cookie=========
Apr 01 07:28:03 
Apr 01 07:28:03 ==================脚本执行- 北京时间(UTC+8)：4/1/2021, 7:28:03 AM=====================
Apr 01 07:28:03 
Apr 01 07:28:04 
Apr 01 07:28:04 ***********开始【京东账号1】burst3166********
Apr 01 07:28:04 
Apr 01 07:28:04 收取鹅蛋:32个成功
Apr 01 07:28:04 当前总鹅蛋数量:1217
Apr 01 07:28:04 兑换金币:6
Apr 01 07:28:04 当前总金币:3383
Apr 01 07:28:04 
Apr 01 07:28:04 🔔天天提鹅, 结束! 🕛 1.362 秒
Apr 01 07:28:04 
Apr 01 08:28:17 
Apr 01 08:28:17 🔔天天提鹅, 开始!
Apr 01 08:28:17 
Apr 01 08:28:17 ====================共1个京东账号Cookie=========
Apr 01 08:28:17 
Apr 01 08:28:17 ==================脚本执行- 北京时间(UTC+8)：4/1/2021, 8:28:17 AM=====================
Apr 01 08:28:17 
Apr 01 08:28:17 
Apr 01 08:28:17 ***********开始【京东账号1】burst3166********
Apr 01 08:28:17 
Apr 01 08:28:18 收取鹅蛋:12个成功
Apr 01 08:28:18 当前总鹅蛋数量:1227
Apr 01 08:28:18 兑换金币:2
Apr 01 08:28:18 当前总金币:3385
Apr 01 08:28:18 
Apr 01 08:28:18 🔔天天提鹅, 结束! 🕛 1.346 秒
Apr 01 08:28:18 
Apr 01 09:28:17 
Apr 01 09:28:17 🔔天天提鹅, 开始!
Apr 01 09:28:17 
Apr 01 09:28:17 ====================共1个京东账号Cookie=========
Apr 01 09:28:17 
Apr 01 09:28:17 ==================脚本执行- 北京时间(UTC+8)：4/1/2021, 9:28:17 AM=====================
Apr 01 09:28:17 
Apr 01 09:28:17 
Apr 01 09:28:17 ***********开始【京东账号1】burst3166********
Apr 01 09:28:17 
Apr 01 09:28:18 收取鹅蛋:10个成功
Apr 01 09:28:18 当前总鹅蛋数量:1235
Apr 01 09:28:18 兑换金币:2
Apr 01 09:28:18 当前总金币:3387
Apr 01 09:28:18 
Apr 01 09:28:18 🔔天天提鹅, 结束! 🕛 1.294 秒
Apr 01 09:28:18 
Apr 01 10:28:24 
Apr 01 10:28:24 🔔天天提鹅, 开始!
Apr 01 10:28:24 
Apr 01 10:28:24 ====================共1个京东账号Cookie=========
Apr 01 10:28:24 
Apr 01 10:28:24 ==================脚本执行- 北京时间(UTC+8)：4/1/2021, 10:28:24 AM=====================
Apr 01 10:28:24 
Apr 01 10:28:24 
Apr 01 10:28:24 ***********开始【京东账号1】burst3166********
Apr 01 10:28:24 
Apr 01 10:28:25 收取鹅蛋:9个成功
Apr 01 10:28:25 当前总鹅蛋数量:1244
Apr 01 10:28:25 兑换金币:1
Apr 01 10:28:25 当前总金币:3388
Apr 01 10:28:25 
Apr 01 10:28:25 🔔天天提鹅, 结束! 🕛 1.475 秒
Apr 01 10:28:25 
Apr 01 11:28:07 
Apr 01 11:28:07 🔔天天提鹅, 开始!
Apr 01 11:28:07 
Apr 01 11:28:07 ====================共1个京东账号Cookie=========
Apr 01 11:28:07 
Apr 01 11:28:07 ==================脚本执行- 北京时间(UTC+8)：4/1/2021, 11:28:07 AM=====================
Apr 01 11:28:08 
Apr 01 11:28:08 
Apr 01 11:28:08 ***********开始【京东账号1】burst3166********
Apr 01 11:28:08 
Apr 01 11:28:09 收取鹅蛋:12个成功
Apr 01 11:28:09 当前总鹅蛋数量:1252
Apr 01 11:28:09 兑换金币:2
Apr 01 11:28:09 当前总金币:3390
Apr 01 11:28:09 
Apr 01 11:28:09 🔔天天提鹅, 结束! 🕛 1.26 秒
Apr 01 11:28:09 
Apr 01 12:28:06 
Apr 01 12:28:06 🔔天天提鹅, 开始!
Apr 01 12:28:06 
Apr 01 12:28:06 ====================共1个京东账号Cookie=========
Apr 01 12:28:06 
Apr 01 12:28:06 ==================脚本执行- 北京时间(UTC+8)：4/1/2021, 12:28:06 PM=====================
Apr 01 12:28:06 
Apr 01 12:28:06 
Apr 01 12:28:06 ***********开始【京东账号1】burst3166********
Apr 01 12:28:06 
Apr 01 12:28:07 收取鹅蛋:11个成功
Apr 01 12:28:07 当前总鹅蛋数量:1261
Apr 01 12:28:07 兑换金币:2
Apr 01 12:28:07 当前总金币:3392
Apr 01 12:28:07 
Apr 01 12:28:07 🔔天天提鹅, 结束! 🕛 1.321 秒
Apr 01 12:28:07 
Apr 01 13:28:04 
Apr 01 13:28:04 🔔天天提鹅, 开始!
Apr 01 13:28:04 
Apr 01 13:28:04 ====================共1个京东账号Cookie=========
Apr 01 13:28:04 
Apr 01 13:28:04 ==================脚本执行- 北京时间(UTC+8)：4/1/2021, 1:28:04 PM=====================
Apr 01 13:28:04 
Apr 01 13:28:05 
Apr 01 13:28:05 ***********开始【京东账号1】burst3166********
Apr 01 13:28:05 
Apr 01 13:28:05 收取鹅蛋:10个成功
Apr 01 13:28:05 当前总鹅蛋数量:1270
Apr 01 13:28:05 兑换金币:2
Apr 01 13:28:05 当前总金币:3394
Apr 01 13:28:05 
Apr 01 13:28:05 🔔天天提鹅, 结束! 🕛 1.319 秒
Apr 01 13:28:05 
Apr 01 14:28:26 
Apr 01 14:28:26 🔔天天提鹅, 开始!
Apr 01 14:28:26 
Apr 01 14:28:26 ====================共1个京东账号Cookie=========
Apr 01 14:28:26 
Apr 01 14:28:26 ==================脚本执行- 北京时间(UTC+8)：4/1/2021, 2:28:26 PM=====================
Apr 01 14:28:26 
Apr 01 14:28:27 
Apr 01 14:28:27 ***********开始【京东账号1】IS_FREEDOM********
Apr 01 14:28:27 
Apr 01 14:28:28 收取鹅蛋:8个成功
Apr 01 14:28:28 当前总鹅蛋数量:1278
Apr 01 14:28:28 兑换金币:1
Apr 01 14:28:28 当前总金币:3395
Apr 01 14:28:28 
Apr 01 14:28:28 🔔天天提鹅, 结束! 🕛 2.376 秒
Apr 01 14:28:28 
Apr 01 15:28:00 
Apr 01 15:28:00 🔔天天提鹅, 开始!
Apr 01 15:28:00 
Apr 01 15:28:00 ====================共1个京东账号Cookie=========
Apr 01 15:28:00 
Apr 01 15:28:00 ==================脚本执行- 北京时间(UTC+8)：4/1/2021, 3:28:00 PM=====================
Apr 01 15:28:00 
Apr 01 15:28:01 
Apr 01 15:28:01 ***********开始【京东账号1】IS_FREEDOM********
Apr 01 15:28:01 
Apr 01 15:28:01 收取鹅蛋:9个成功
Apr 01 15:28:01 当前总鹅蛋数量:1284
Apr 01 15:28:02 兑换金币:1
Apr 01 15:28:02 当前总金币:3396
Apr 01 15:28:02 
Apr 01 15:28:02 🔔天天提鹅, 结束! 🕛 1.45 秒
Apr 01 15:28:02 
Apr 01 16:28:07 
Apr 01 16:28:07 🔔天天提鹅, 开始!
Apr 01 16:28:07 
Apr 01 16:28:07 ====================共1个京东账号Cookie=========
Apr 01 16:28:07 
Apr 01 16:28:07 ==================脚本执行- 北京时间(UTC+8)：4/1/2021, 4:28:07 PM=====================
Apr 01 16:28:07 
Apr 01 16:28:08 
Apr 01 16:28:08 ***********开始【京东账号1】IS_FREEDOM********
Apr 01 16:28:08 
Apr 01 16:28:09 收取鹅蛋:10个成功
Apr 01 16:28:09 当前总鹅蛋数量:1290
Apr 01 16:28:09 兑换金币:2
Apr 01 16:28:09 当前总金币:3398
Apr 01 16:28:09 
Apr 01 16:28:09 🔔天天提鹅, 结束! 🕛 1.809 秒
Apr 01 16:28:09 
