Mar 30 23:50:02 
Mar 30 23:50:02 🔔京喜工厂, 开始!
Mar 30 23:50:02 
Mar 30 23:50:02 ====================共1个京东账号Cookie=========
Mar 30 23:50:02 
Mar 30 23:50:02 ==================脚本执行- 北京时间(UTC+8)：3/30/2021, 11:50:02 PM=====================
Mar 30 23:50:02 
Mar 30 23:50:03 获取签名参数成功！
Mar 30 23:50:03 fp: 8161440561247161
Mar 30 23:50:03 token: tk01wba701c1ea8nUlZTeEJEOWs07B1c1SRkbjTQhcUlneu9rtwKDdbs1l8pDpFXq+KXxEF/Zqxtz/82XGsZ4Rx+Gk13
Mar 30 23:50:03 enCryptMethodJD: function test(token,fingerprint,timestamp,appId,algo){const random='J0pR3Q6lB57Z';const str=`${token}${fingerprint}${timestamp}${appId}${random}`;return algo.HmacSHA512(str,token)}
Mar 30 23:50:06 开始获取京喜工厂配置文件
Mar 30 23:50:06 
Mar 30 23:50:06 tuanActiveId: 6S9y4sJUfA2vPQP6TLdVIQ==
Mar 30 23:50:06 共1个京东账号
Mar 30 23:50:06 
Mar 30 23:50:06 您提供了1个账号的京喜工厂助力码
Mar 30 23:50:06 
Mar 30 23:50:06 
Mar 30 23:50:06 ******开始【京东账号1】burst3166*********
Mar 30 23:50:06 
Mar 30 23:50:06 再加1.49%电力可开红包
Mar 30 23:50:06 
Mar 30 23:50:06 当前电力：98
Mar 30 23:50:06 当前等级：4
Mar 30 23:50:06 
Mar 30 23:50:06 【京东账号1（burst3166）的京喜工厂好友互助码】A1GAHQrpp1nm7pmfuDlKAg==
Mar 30 23:50:06 已投入电力：208500
Mar 30 23:50:06 所需电力：740000
Mar 30 23:50:06 生产进度：28.18%
Mar 30 23:50:06 
Mar 30 23:50:06 
Mar 30 23:50:06 你今日还能帮好友打工（0/3）次
Mar 30 23:50:06 
Mar 30 23:50:06 
Mar 30 23:50:06 【今日招工进度】5/10
Mar 30 23:50:06 
Mar 30 23:50:06 今日助力好友机会已耗尽
Mar 30 23:50:06 
Mar 30 23:50:06 发电机：当前 390 电力，最大值 390 电力
Mar 30 23:50:06 收取电力成功: 共390 
Mar 30 23:50:06 完成任务：共领取390电力
Mar 30 23:50:06 成功投入电力400电力
Mar 30 23:50:07 "Response code 503 (Service Temporarily Unavailable)"
Mar 30 23:50:07 自家地下暂无零件可收
Mar 30 23:50:07 查询好友列表完成，共28好友，下面开始拾取好友地下的零件
Mar 30 23:50:07 
Mar 30 23:50:07 开始收取第 1 个好友 1ysne6hoo-pwlVG7b_U0DQ== 地下零件
Mar 30 23:50:08 好友【1ysne6hoo-pwlVG7b_U0DQ==】地下暂无零件可收
Mar 30 23:50:08 开始收取第 2 个好友 8I4PGcZpjvt_Nq20R0r-4Q== 地下零件
Mar 30 23:50:08 好友【8I4PGcZpjvt_Nq20R0r-4Q==】地下暂无零件可收
Mar 30 23:50:08 开始收取第 3 个好友 lmOajc3zN-XR5JxkIqM5qA== 地下零件
Mar 30 23:50:09 好友【lmOajc3zN-XR5JxkIqM5qA==】地下暂无零件可收
Mar 30 23:50:09 开始收取第 4 个好友 4Ff3bUhMlfJaid8B4qm32Q== 地下零件
Mar 30 23:50:09 好友【4Ff3bUhMlfJaid8B4qm32Q==】地下暂无零件可收
Mar 30 23:50:09 开始收取第 5 个好友 MJix7oSghPKjPtH8uJFaEA== 地下零件
Mar 30 23:50:10 好友【MJix7oSghPKjPtH8uJFaEA==】地下暂无零件可收
Mar 30 23:50:10 开始收取第 6 个好友 Oa8unWu-KdPrmGzypTpgUg== 地下零件
Mar 30 23:50:10 好友【Oa8unWu-KdPrmGzypTpgUg==】地下暂无零件可收
Mar 30 23:50:10 开始收取第 7 个好友 hyykhYqbGaAs-0No8h6kVQ== 地下零件
Mar 30 23:50:11 好友【hyykhYqbGaAs-0No8h6kVQ==】地下暂无零件可收
Mar 30 23:50:11 开始收取第 8 个好友 N8QdMHreY_pd7rIHq9zlFw== 地下零件
Mar 30 23:50:12 好友【N8QdMHreY_pd7rIHq9zlFw==】地下暂无零件可收
Mar 30 23:50:12 开始收取第 9 个好友 SIQEUukDV19DwOQGjd9J5Q== 地下零件
Mar 30 23:50:12 好友【SIQEUukDV19DwOQGjd9J5Q==】地下暂无零件可收
Mar 30 23:50:12 开始收取第 10 个好友 CJvUmDW5_In4nqFPr7BkVg== 地下零件
Mar 30 23:50:13 好友【CJvUmDW5_In4nqFPr7BkVg==】地下暂无零件可收
Mar 30 23:50:13 开始收取第 11 个好友 juHlWyZK6YCYEaIui-9O9A== 地下零件
Mar 30 23:50:13 好友【juHlWyZK6YCYEaIui-9O9A==】地下暂无零件可收
Mar 30 23:50:13 开始收取第 12 个好友 LLngJORM-9zh8UYMGcfd2A== 地下零件
Mar 30 23:50:14 好友【LLngJORM-9zh8UYMGcfd2A==】地下暂无零件可收
Mar 30 23:50:14 开始收取第 13 个好友 MJMF4orse-sJYN5pcyklXQ== 地下零件
Mar 30 23:50:14 好友【MJMF4orse-sJYN5pcyklXQ==】地下暂无零件可收
Mar 30 23:50:14 开始收取第 14 个好友 J0ZdwtZszB5pnvxDv6l8tQ== 地下零件
Mar 30 23:50:15 好友【J0ZdwtZszB5pnvxDv6l8tQ==】地下暂无零件可收
Mar 30 23:50:15 开始收取第 15 个好友 guBovILfmX3SJTf_AQNDRg== 地下零件
Mar 30 23:50:15 好友【guBovILfmX3SJTf_AQNDRg==】地下暂无零件可收
Mar 30 23:50:15 开始收取第 16 个好友 X6RooQQkq_I28EjOEpv3Lg== 地下零件
Mar 30 23:50:16 好友【X6RooQQkq_I28EjOEpv3Lg==】地下暂无零件可收
Mar 30 23:50:16 开始收取第 17 个好友 uhcZW_ZiVE0UsO11648SHA== 地下零件
Mar 30 23:50:17 好友【uhcZW_ZiVE0UsO11648SHA==】地下暂无零件可收
Mar 30 23:50:17 开始收取第 18 个好友 F-LnusDb7uc82e3xbgcq7g== 地下零件
Mar 30 23:50:17 好友【F-LnusDb7uc82e3xbgcq7g==】地下暂无零件可收
Mar 30 23:50:17 开始收取第 19 个好友 Sqhj-l0-WiKejPGYH5sEJQ== 地下零件
Mar 30 23:50:18 GetUserComponent失败：{"msg":"操作太频繁，请稍后再试~","nowTime":1617119418,"ret":10004}
Mar 30 23:50:18 开始收取第 20 个好友 i55e65wxNYfC4tZ2R8bvdA== 地下零件
Mar 30 23:50:18 GetUserComponent失败：{"msg":"操作太频繁，请稍后再试~","nowTime":1617119418,"ret":10004}
Mar 30 23:50:18 开始收取第 21 个好友 uJ0m1yiLaG6xNqOVpfLfncFZphSvO5VIUlgMcT9fV5E= 地下零件
Mar 30 23:50:19 GetUserComponent失败：{"msg":"操作太频繁，请稍后再试~","nowTime":1617119419,"ret":10004}
Mar 30 23:50:19 开始收取第 22 个好友 v8gwk5IrNis2alvqFJbmpw== 地下零件
Mar 30 23:50:19 GetUserComponent失败：{"msg":"操作太频繁，请稍后再试~","nowTime":1617119419,"ret":10004}
Mar 30 23:50:19 开始收取第 23 个好友 3JehqRP1jBOq-0vpydgxow== 地下零件
Mar 30 23:50:20 GetUserComponent失败：{"msg":"操作太频繁，请稍后再试~","nowTime":1617119420,"ret":10004}
Mar 30 23:50:20 开始收取第 24 个好友 7fzlmybQNCsUvyimRAXUOA== 地下零件
Mar 30 23:50:21 GetUserComponent失败：{"msg":"操作太频繁，请稍后再试~","nowTime":1617119421,"ret":10004}
Mar 30 23:50:21 开始收取第 25 个好友 pBFolkAT7mLHZPTHo8rkbA== 地下零件
Mar 30 23:50:21 GetUserComponent失败：{"msg":"操作太频繁，请稍后再试~","nowTime":1617119421,"ret":10004}
Mar 30 23:50:21 开始收取第 26 个好友 Z4EkI5Mzd0IllHBOOSXwsA== 地下零件
Mar 30 23:50:22 GetUserComponent失败：{"msg":"操作太频繁，请稍后再试~","nowTime":1617119422,"ret":10004}
Mar 30 23:50:22 开始收取第 27 个好友 m2LC0Qsqnr3rK8e3ApvsuQ== 地下零件
Mar 30 23:50:22 GetUserComponent失败：{"msg":"操作太频繁，请稍后再试~","nowTime":1617119422,"ret":10004}
Mar 30 23:50:22 开始收取第 28 个好友 5LcqlK-8sBkaG8Mg7mCYvQ== 地下零件
Mar 30 23:50:23 GetUserComponent失败：{"msg":"操作太频繁，请稍后再试~","nowTime":1617119423,"ret":10004}
Mar 30 23:50:23 
Mar 30 23:50:23 团活动ID  6S9y4sJUfA2vPQP6TLdVIQ==
Mar 30 23:50:23 团ID  
Mar 30 23:50:23 
Mar 30 23:50:23 今日剩余开团次数：3次
Mar 30 23:50:23 准备开团
Mar 30 23:50:23 开团异常：{"msg":"活动已结束，请稍后再试~","nowTime":1617119423,"ret":10218}
Mar 30 23:50:23 
Mar 30 23:50:23   商品名     兑换状态
Mar 30 23:50:23 三合一数据线    已兑换
Mar 30 23:50:23 多味花生3袋    已兑换
Mar 30 23:50:23 刀具三件套    已兑换
Mar 30 23:50:23 
Mar 30 23:50:23 【京东账号1】burst3166
Mar 30 23:50:23 【生产商品】巴旦木
Mar 30 23:50:23 【当前等级】工程师 4
Mar 30 23:50:23 【生产进度】28.18%
Mar 30 23:50:23 【招工进度】5/10
Mar 30 23:50:23 【收取发电站】收取成功，获得 390 电力
Mar 30 23:50:23 【每日任务】领奖成功，共计 390 电力
Mar 30 23:50:23 【投入电力】投入成功，共计 400 电力
Mar 30 23:50:23 【收取自己零件】获得0电力
Mar 30 23:50:23 【收取好友零件】获得0电力
Mar 30 23:50:23 
Mar 30 23:50:24 
Mar 30 23:50:24 参加作者的团
Mar 30 23:50:24 
Mar 30 23:50:25 
Mar 30 23:50:25 🔔京喜工厂, 结束! 🕛 23.148 秒
Mar 30 23:50:25 
Mar 31 00:50:20 
Mar 31 00:50:20 🔔京喜工厂, 开始!
Mar 31 00:50:20 
Mar 31 00:50:20 ====================共1个京东账号Cookie=========
Mar 31 00:50:20 
Mar 31 00:50:20 ==================脚本执行- 北京时间(UTC+8)：3/31/2021, 12:50:20 AM=====================
Mar 31 00:50:20 
Mar 31 00:50:21 获取签名参数成功！
Mar 31 00:50:21 fp: 7840288700611161
Mar 31 00:50:21 token: tk01w8e761b56a8nQ0VqWFBVWC9zlVHiOK6m8DWZ5hU5nMgn34lxRDpLn8GHXFYRLPFWpCbNigGSU1KuZj+yrNCSF9PE
Mar 31 00:50:21 enCryptMethodJD: function test(token,fingerprint,timestamp,appId,algo){const random='iWQRs8z18RAv';const str=`${token}${fingerprint}${timestamp}${appId}${random}`;return algo.HmacSHA512(str,token)}
Mar 31 00:50:21 开始获取京喜工厂配置文件
Mar 31 00:50:21 
Mar 31 00:50:21 tuanActiveId: i9ideMF_BUOdVtmbe1pSeA==
Mar 31 00:50:21 共1个京东账号
Mar 31 00:50:21 
Mar 31 00:50:21 您提供了1个账号的京喜工厂助力码
Mar 31 00:50:21 
Mar 31 00:50:21 
Mar 31 00:50:21 ******开始【京东账号1】burst3166*********
Mar 31 00:50:21 
Mar 31 00:50:21 再加0.95%电力可开红包
Mar 31 00:50:21 
Mar 31 00:50:21 当前电力：88
Mar 31 00:50:21 当前等级：4
Mar 31 00:50:21 
Mar 31 00:50:21 【京东账号1（burst3166）的京喜工厂好友互助码】A1GAHQrpp1nm7pmfuDlKAg==
Mar 31 00:50:21 已投入电力：212500
Mar 31 00:50:21 所需电力：740000
Mar 31 00:50:21 生产进度：28.72%
Mar 31 00:50:21 
Mar 31 00:50:21 
Mar 31 00:50:21 你今日还能帮好友打工（3/3）次
Mar 31 00:50:21 
Mar 31 00:50:21 
Mar 31 00:50:21 【今日招工进度】0/10
Mar 31 00:50:21 
Mar 31 00:50:21 未到招工时间(每日6-24点之间可招工)
Mar 31 00:50:21 
Mar 31 00:50:21 发电机：当前 361.5 电力，最大值 390 电力
Mar 31 00:50:21 
Mar 31 00:50:21 本次发电机电力集满分享后不可获得双倍电力，故现在收取电力
Mar 31 00:50:21 
Mar 31 00:50:21 收取电力成功: 共723 
Mar 31 00:50:22 去做任务：工厂周年庆生礼1元起
Mar 31 00:50:22 做任务完成！
Mar 31 00:50:22 领取工厂周年庆生礼1元起任务奖励成功，收获：100电力
Mar 31 00:50:23 去做任务：工厂周年庆生礼1元起
Mar 31 00:50:23 DoTask异常：{"data":{"awardStatus":1,"completedTimes":1,"dateTypeExtra":"20210331","updateTime":1617123022,"userStatusConfigExtra":""},"msg":"亲,活动太火爆了,请稍后再试吧!","ret":1009}
Mar 31 00:50:23 领取工厂周年庆生礼1元起任务奖励失败，任务已领奖
Mar 31 00:50:24 去做任务：*限时*邀5人得2万电!
Mar 31 00:50:24 做任务完成！
Mar 31 00:50:24 领取*限时*邀5人得2万电!任务奖励成功，收获：100电力
Mar 31 00:50:25 去做任务：*限时*邀5人得2万电!
Mar 31 00:50:25 DoTask异常：{"data":{"awardStatus":1,"completedTimes":1,"dateTypeExtra":"20210331","updateTime":1617123024,"userStatusConfigExtra":""},"msg":"亲,活动太火爆了,请稍后再试吧!","ret":1009}
Mar 31 00:50:25 领取*限时*邀5人得2万电!任务奖励失败，任务已领奖
Mar 31 00:50:26 去做任务：上集市做调研30s
Mar 31 00:50:26 做任务完成！
Mar 31 00:50:26 领取上集市做调研30s任务奖励成功，收获：300电力
Mar 31 00:50:27 去做任务：上集市做调研30s
Mar 31 00:50:27 DoTask异常：{"data":{"awardStatus":1,"completedTimes":1,"dateTypeExtra":"20210331","updateTime":1617123026,"userStatusConfigExtra":""},"msg":"亲,活动太火爆了,请稍后再试吧!","ret":1009}
Mar 31 00:50:27 领取上集市做调研30s任务奖励失败，任务已领奖
Mar 31 00:50:28 去做任务：去发现5件好物
Mar 31 00:50:28 做任务完成！
Mar 31 00:50:28 领取去发现5件好物任务奖励失败，任务已领奖
Mar 31 00:50:29 去做任务：去发现5件好物
Mar 31 00:50:30 做任务完成！
Mar 31 00:50:30 领取去发现5件好物任务奖励失败，任务已领奖
Mar 31 00:50:31 去做任务：去发现5件好物
Mar 31 00:50:31 做任务完成！
Mar 31 00:50:31 领取去发现5件好物任务奖励失败，任务已领奖
Mar 31 00:50:32 去做任务：去发现5件好物
Mar 31 00:50:32 做任务完成！
Mar 31 00:50:32 领取去发现5件好物任务奖励失败，任务已领奖
Mar 31 00:50:33 去做任务：去发现5件好物
Mar 31 00:50:33 做任务完成！
Mar 31 00:50:33 领取去发现5件好物任务奖励成功，收获：300电力
Mar 31 00:50:34 去做任务：去发现5件好物
Mar 31 00:50:34 DoTask异常：{"data":{"awardStatus":1,"completedTimes":5,"dateTypeExtra":"20210331","updateTime":1617123033,"userStatusConfigExtra":""},"msg":"亲,活动太火爆了,请稍后再试吧!","ret":1009}
Mar 31 00:50:34 领取去发现5件好物任务奖励失败，任务已领奖
Mar 31 00:50:35 去做任务：开宝箱找安全帽
Mar 31 00:50:35 做任务完成！
Mar 31 00:50:35 领取开宝箱找安全帽任务奖励成功，收获：300电力
Mar 31 00:50:36 去做任务：开宝箱找安全帽
Mar 31 00:50:37 DoTask异常：{"data":{"awardStatus":1,"completedTimes":1,"dateTypeExtra":"20210331","updateTime":1617123035,"userStatusConfigExtra":""},"msg":"亲,活动太火爆了,请稍后再试吧!","ret":1009}
Mar 31 00:50:37 领取开宝箱找安全帽任务奖励失败，任务已领奖
Mar 31 00:50:38 去做任务：去签到，可领现金提现
Mar 31 00:50:38 做任务完成！
Mar 31 00:50:38 领取去签到，可领现金提现任务奖励成功，收获：300电力
Mar 31 00:50:39 去做任务：去签到，可领现金提现
Mar 31 00:50:39 DoTask异常：{"data":{"awardStatus":1,"completedTimes":1,"dateTypeExtra":"20210331","updateTime":1617123038,"userStatusConfigExtra":""},"msg":"亲,活动太火爆了,请稍后再试吧!","ret":1009}
Mar 31 00:50:39 领取去签到，可领现金提现任务奖励失败，任务已领奖
Mar 31 00:50:40 去做任务：去京东会员领专属权益
Mar 31 00:50:40 做任务完成！
Mar 31 00:50:40 领取去京东会员领专属权益任务奖励成功，收获：100电力
Mar 31 00:50:41 去做任务：去京东会员领专属权益
Mar 31 00:50:41 DoTask异常：{"data":{"awardStatus":1,"completedTimes":1,"dateTypeExtra":"20210331","updateTime":1617123040,"userStatusConfigExtra":""},"msg":"亲,活动太火爆了,请稍后再试吧!","ret":1009}
Mar 31 00:50:41 领取去京东会员领专属权益任务奖励失败，任务已领奖
Mar 31 00:50:42 去做任务：上岛兑0元好物,逛农场免费领水果,出海寻宝领100元红包
Mar 31 00:50:42 做任务完成！
Mar 31 00:50:42 领取上岛兑0元好物,逛农场免费领水果,出海寻宝领100元红包任务奖励成功，收获：100电力
Mar 31 00:50:43 去做任务：上岛兑0元好物,逛农场免费领水果,出海寻宝领100元红包
Mar 31 00:50:43 做任务完成！
Mar 31 00:50:43 领取上岛兑0元好物,逛农场免费领水果,出海寻宝领100元红包任务奖励成功，收获：100电力
Mar 31 00:50:44 去做任务：上岛兑0元好物,逛农场免费领水果,出海寻宝领100元红包
Mar 31 00:50:45 做任务完成！
Mar 31 00:50:45 领取上岛兑0元好物,逛农场免费领水果,出海寻宝领100元红包任务奖励成功，收获：100电力
Mar 31 00:50:46 去做任务：上岛兑0元好物,逛农场免费领水果,出海寻宝领100元红包
Mar 31 00:50:46 DoTask异常：{"data":{"awardStatus":1,"completedTimes":3,"dateTypeExtra":"20210331","updateTime":1617123045,"userStatusConfigExtra":""},"msg":"亲,活动太火爆了,请稍后再试吧!","ret":1009}
Mar 31 00:50:46 领取上岛兑0元好物,逛农场免费领水果,出海寻宝领100元红包任务奖励失败，任务已领奖
Mar 31 00:50:47 完成任务：共领取2523电力
Mar 31 00:50:47 成功投入电力2600电力
Mar 31 00:50:47 打工电力：收取失败，6点后可领取
Mar 31 00:50:47 自家地下暂无零件可收
Mar 31 00:50:48 查询好友列表完成，共28好友，下面开始拾取好友地下的零件
Mar 31 00:50:48 
Mar 31 00:50:48 开始收取第 1 个好友 1ysne6hoo-pwlVG7b_U0DQ== 地下零件
Mar 31 00:50:48 好友【1ysne6hoo-pwlVG7b_U0DQ==】地下暂无零件可收
Mar 31 00:50:48 开始收取第 2 个好友 8I4PGcZpjvt_Nq20R0r-4Q== 地下零件
Mar 31 00:50:49 好友【8I4PGcZpjvt_Nq20R0r-4Q==】地下暂无零件可收
Mar 31 00:50:49 开始收取第 3 个好友 lmOajc3zN-XR5JxkIqM5qA== 地下零件
Mar 31 00:50:49 好友【lmOajc3zN-XR5JxkIqM5qA==】地下暂无零件可收
Mar 31 00:50:49 开始收取第 4 个好友 4Ff3bUhMlfJaid8B4qm32Q== 地下零件
Mar 31 00:50:50 好友【4Ff3bUhMlfJaid8B4qm32Q==】地下暂无零件可收
Mar 31 00:50:50 开始收取第 5 个好友 MJix7oSghPKjPtH8uJFaEA== 地下零件
Mar 31 00:50:51 好友【MJix7oSghPKjPtH8uJFaEA==】地下暂无零件可收
Mar 31 00:50:51 开始收取第 6 个好友 Oa8unWu-KdPrmGzypTpgUg== 地下零件
Mar 31 00:50:51 好友【Oa8unWu-KdPrmGzypTpgUg==】地下暂无零件可收
Mar 31 00:50:51 开始收取第 7 个好友 hyykhYqbGaAs-0No8h6kVQ== 地下零件
Mar 31 00:50:52 好友【hyykhYqbGaAs-0No8h6kVQ==】地下暂无零件可收
Mar 31 00:50:52 开始收取第 8 个好友 N8QdMHreY_pd7rIHq9zlFw== 地下零件
Mar 31 00:50:52 好友【N8QdMHreY_pd7rIHq9zlFw==】地下暂无零件可收
Mar 31 00:50:52 开始收取第 9 个好友 SIQEUukDV19DwOQGjd9J5Q== 地下零件
Mar 31 00:50:53 好友【SIQEUukDV19DwOQGjd9J5Q==】地下暂无零件可收
Mar 31 00:50:53 开始收取第 10 个好友 CJvUmDW5_In4nqFPr7BkVg== 地下零件
Mar 31 00:50:53 好友【CJvUmDW5_In4nqFPr7BkVg==】地下暂无零件可收
Mar 31 00:50:53 开始收取第 11 个好友 juHlWyZK6YCYEaIui-9O9A== 地下零件
Mar 31 00:50:54 好友【juHlWyZK6YCYEaIui-9O9A==】地下暂无零件可收
Mar 31 00:50:54 开始收取第 12 个好友 LLngJORM-9zh8UYMGcfd2A== 地下零件
Mar 31 00:50:54 好友【LLngJORM-9zh8UYMGcfd2A==】地下暂无零件可收
Mar 31 00:50:54 开始收取第 13 个好友 MJMF4orse-sJYN5pcyklXQ== 地下零件
Mar 31 00:50:55 好友【MJMF4orse-sJYN5pcyklXQ==】地下暂无零件可收
Mar 31 00:50:55 开始收取第 14 个好友 J0ZdwtZszB5pnvxDv6l8tQ== 地下零件
Mar 31 00:50:56 好友【J0ZdwtZszB5pnvxDv6l8tQ==】地下暂无零件可收
Mar 31 00:50:56 开始收取第 15 个好友 guBovILfmX3SJTf_AQNDRg== 地下零件
Mar 31 00:50:56 好友【guBovILfmX3SJTf_AQNDRg==】地下暂无零件可收
Mar 31 00:50:56 开始收取第 16 个好友 X6RooQQkq_I28EjOEpv3Lg== 地下零件
Mar 31 00:50:57 好友【X6RooQQkq_I28EjOEpv3Lg==】地下暂无零件可收
Mar 31 00:50:57 开始收取第 17 个好友 uhcZW_ZiVE0UsO11648SHA== 地下零件
Mar 31 00:50:57 好友【uhcZW_ZiVE0UsO11648SHA==】地下暂无零件可收
Mar 31 00:50:57 开始收取第 18 个好友 F-LnusDb7uc82e3xbgcq7g== 地下零件
Mar 31 00:50:58 好友【F-LnusDb7uc82e3xbgcq7g==】地下暂无零件可收
Mar 31 00:50:58 开始收取第 19 个好友 Sqhj-l0-WiKejPGYH5sEJQ== 地下零件
Mar 31 00:50:58 好友【Sqhj-l0-WiKejPGYH5sEJQ==】地下暂无零件可收
Mar 31 00:50:58 开始收取第 20 个好友 i55e65wxNYfC4tZ2R8bvdA== 地下零件
Mar 31 00:50:59 好友【i55e65wxNYfC4tZ2R8bvdA==】地下暂无零件可收
Mar 31 00:50:59 开始收取第 21 个好友 uJ0m1yiLaG6xNqOVpfLfncFZphSvO5VIUlgMcT9fV5E= 地下零件
Mar 31 00:50:59 好友【uJ0m1yiLaG6xNqOVpfLfncFZphSvO5VIUlgMcT9fV5E=】地下暂无零件可收
Mar 31 00:50:59 开始收取第 22 个好友 v8gwk5IrNis2alvqFJbmpw== 地下零件
Mar 31 00:51:00 好友【v8gwk5IrNis2alvqFJbmpw==】地下暂无零件可收
Mar 31 00:51:00 开始收取第 23 个好友 3JehqRP1jBOq-0vpydgxow== 地下零件
Mar 31 00:51:01 好友【3JehqRP1jBOq-0vpydgxow==】地下暂无零件可收
Mar 31 00:51:01 开始收取第 24 个好友 7fzlmybQNCsUvyimRAXUOA== 地下零件
Mar 31 00:51:01 好友【7fzlmybQNCsUvyimRAXUOA==】地下暂无零件可收
Mar 31 00:51:01 开始收取第 25 个好友 pBFolkAT7mLHZPTHo8rkbA== 地下零件
Mar 31 00:51:02 好友【pBFolkAT7mLHZPTHo8rkbA==】地下暂无零件可收
Mar 31 00:51:02 开始收取第 26 个好友 Z4EkI5Mzd0IllHBOOSXwsA== 地下零件
Mar 31 00:51:02 好友【Z4EkI5Mzd0IllHBOOSXwsA==】地下暂无零件可收
Mar 31 00:51:02 开始收取第 27 个好友 m2LC0Qsqnr3rK8e3ApvsuQ== 地下零件
Mar 31 00:51:03 好友【m2LC0Qsqnr3rK8e3ApvsuQ==】地下暂无零件可收
Mar 31 00:51:03 开始收取第 28 个好友 5LcqlK-8sBkaG8Mg7mCYvQ== 地下零件
Mar 31 00:51:03 好友【5LcqlK-8sBkaG8Mg7mCYvQ==】地下暂无零件可收
Mar 31 00:51:03 
Mar 31 00:51:03 团活动ID  i9ideMF_BUOdVtmbe1pSeA==
Mar 31 00:51:03 团ID  LYTpb1xCQF_4pNsVQFgM8w==
Mar 31 00:51:03 
Mar 31 00:51:03 今日剩余开团次数：3次
Mar 31 00:51:03 之前的团已过期，准备重新开团
Mar 31 00:51:03 
Mar 31 00:51:04 开团成功tuanId为
Mar 31 00:51:04 SZKQ9YMLTd6VwJmBHXbRtA==
Mar 31 00:51:04 
Mar 31 00:51:04 开团情况:1/6
Mar 31 00:51:04 
Mar 31 00:51:04 
Mar 31 00:51:04 此团未达领取团奖励人数：6人
Mar 31 00:51:04 
Mar 31 00:51:04 3/29/2021, 11:51:13 PM参加团主【A1GAHQrpp1nm7pmfuDlKAg==】失败
Mar 31 00:51:04 3/29/2021, 10:50:37 AM参加团主【A1GAHQrpp1nm7pmfuDlKAg==】失败
Mar 31 00:51:04 3/28/2021, 10:49:59 PM参加团主【A1GAHQrpp1nm7pmfuDlKAg==】失败
Mar 31 00:51:04 3/28/2021, 8:56:28 PM参加团主【N8QdMHreY_pd7rIHq9zlFw==】失败
Mar 31 00:51:04 3/28/2021, 10:32:41 AM参加团主【A1GAHQrpp1nm7pmfuDlKAg==】失败
Mar 31 00:51:04 3/27/2021, 9:50:38 PM参加团主【A1GAHQrpp1nm7pmfuDlKAg==】失败
Mar 31 00:51:04 3/27/2021, 8:50:35 AM参加团主【A1GAHQrpp1nm7pmfuDlKAg==】失败
Mar 31 00:51:04 3/26/2021, 7:50:43 PM参加团主【A1GAHQrpp1nm7pmfuDlKAg==】失败
Mar 31 00:51:04 3/31/2021, 12:51:04 AM参加团主【A1GAHQrpp1nm7pmfuDlKAg==】失败
Mar 31 00:51:04 3/30/2021, 12:50:36 PM参加团主【A1GAHQrpp1nm7pmfuDlKAg==】失败
Mar 31 00:51:04 
Mar 31 00:51:04   商品名     兑换状态
Mar 31 00:51:04 三合一数据线    已兑换
Mar 31 00:51:04 多味花生3袋    已兑换
Mar 31 00:51:04 刀具三件套    已兑换
Mar 31 00:51:04 
Mar 31 00:51:04 【京东账号1】burst3166
Mar 31 00:51:04 【生产商品】巴旦木
Mar 31 00:51:04 【当前等级】工程师 4
Mar 31 00:51:04 【生产进度】28.72%
Mar 31 00:51:04 【招工进度】0/10
Mar 31 00:51:04 【收取发电站】收取成功，获得 723 电力
Mar 31 00:51:04 【每日任务】领奖成功，共计 2523 电力
Mar 31 00:51:04 【投入电力】投入成功，共计 2600 电力
Mar 31 00:51:04 【打工电力】收取失败，6点后可领取
Mar 31 00:51:04 【收取自己零件】今日已达上限
Mar 31 00:51:04 【收取好友零件】今日已达上限
Mar 31 00:51:04 
Mar 31 00:51:04 
Mar 31 00:51:04 参加作者的团
Mar 31 00:51:04 
Mar 31 00:51:07 参团失败：{"msg":"您已成团","nowTime":1617123067,"ret":10209}
Mar 31 00:51:07 
Mar 31 00:51:07 🔔京喜工厂, 结束! 🕛 47.647 秒
Mar 31 00:51:07 
Mar 31 01:50:17 
Mar 31 01:50:17 🔔京喜工厂, 开始!
Mar 31 01:50:17 
Mar 31 01:50:17 ====================共1个京东账号Cookie=========
Mar 31 01:50:17 
Mar 31 01:50:17 ==================脚本执行- 北京时间(UTC+8)：3/31/2021, 1:50:17 AM=====================
Mar 31 01:50:17 
Mar 31 01:50:18 获取签名参数成功！
Mar 31 01:50:18 fp: 9814995658110161
Mar 31 01:50:18 token: tk01wc1a41c00a8nOE9lVzMyMkl09RWfYtxdrpZ+4WyHVTWjaHrTnS16HWmGcBu1oB06zjS3rL15UcpM3by3ee5FQaQ7
Mar 31 01:50:18 enCryptMethodJD: function test(token,fingerprint,timestamp,appId,algo){const random='evRcQZ7uuYgc';const str=`${token}${fingerprint}${timestamp}${appId}${random}`;return algo.SHA512(str)}
Mar 31 01:50:19 开始获取京喜工厂配置文件
Mar 31 01:50:19 
Mar 31 01:50:19 tuanActiveId: i9ideMF_BUOdVtmbe1pSeA==
Mar 31 01:50:19 共1个京东账号
Mar 31 01:50:19 
Mar 31 01:50:19 您提供了1个账号的京喜工厂助力码
Mar 31 01:50:19 
Mar 31 01:50:19 
Mar 31 01:50:19 ******开始【京东账号1】burst3166*********
Mar 31 01:50:19 
Mar 31 01:50:19 再加0.60%电力可开红包
Mar 31 01:50:19 
Mar 31 01:50:19 当前电力：11
Mar 31 01:50:19 当前等级：4
Mar 31 01:50:19 
Mar 31 01:50:19 【京东账号1（burst3166）的京喜工厂好友互助码】A1GAHQrpp1nm7pmfuDlKAg==
Mar 31 01:50:19 已投入电力：215100
Mar 31 01:50:19 所需电力：740000
Mar 31 01:50:19 生产进度：29.07%
Mar 31 01:50:19 
Mar 31 01:50:19 
Mar 31 01:50:19 你今日还能帮好友打工（3/3）次
Mar 31 01:50:19 
Mar 31 01:50:19 
Mar 31 01:50:19 【今日招工进度】0/10
Mar 31 01:50:19 
Mar 31 01:50:19 未到招工时间(每日6-24点之间可招工)
Mar 31 01:50:19 
Mar 31 01:50:19 发电机：当前 359.8 电力，最大值 390 电力
Mar 31 01:50:19 
Mar 31 01:50:19 本次发电机电力集满分享后不可获得双倍电力，故现在收取电力
Mar 31 01:50:19 
Mar 31 01:50:19 收取电力成功: 共720 
Mar 31 01:50:19 完成任务：共领取720电力
Mar 31 01:50:19 成功投入电力700电力
Mar 31 01:50:19 打工电力：收取失败，6点后可领取
Mar 31 01:50:20 自家地下暂无零件可收
Mar 31 01:50:20 查询好友列表完成，共28好友，下面开始拾取好友地下的零件
Mar 31 01:50:20 
Mar 31 01:50:20 开始收取第 1 个好友 1ysne6hoo-pwlVG7b_U0DQ== 地下零件
Mar 31 01:50:21 好友【1ysne6hoo-pwlVG7b_U0DQ==】地下暂无零件可收
Mar 31 01:50:21 开始收取第 2 个好友 8I4PGcZpjvt_Nq20R0r-4Q== 地下零件
Mar 31 01:50:21 好友【8I4PGcZpjvt_Nq20R0r-4Q==】地下暂无零件可收
Mar 31 01:50:21 开始收取第 3 个好友 lmOajc3zN-XR5JxkIqM5qA== 地下零件
Mar 31 01:50:22 好友【lmOajc3zN-XR5JxkIqM5qA==】地下暂无零件可收
Mar 31 01:50:22 开始收取第 4 个好友 4Ff3bUhMlfJaid8B4qm32Q== 地下零件
Mar 31 01:50:23 好友【4Ff3bUhMlfJaid8B4qm32Q==】地下暂无零件可收
Mar 31 01:50:23 开始收取第 5 个好友 MJix7oSghPKjPtH8uJFaEA== 地下零件
Mar 31 01:50:23 好友【MJix7oSghPKjPtH8uJFaEA==】地下暂无零件可收
Mar 31 01:50:23 开始收取第 6 个好友 Oa8unWu-KdPrmGzypTpgUg== 地下零件
Mar 31 01:50:24 好友【Oa8unWu-KdPrmGzypTpgUg==】地下暂无零件可收
Mar 31 01:50:24 开始收取第 7 个好友 hyykhYqbGaAs-0No8h6kVQ== 地下零件
Mar 31 01:50:24 好友【hyykhYqbGaAs-0No8h6kVQ==】地下暂无零件可收
Mar 31 01:50:24 开始收取第 8 个好友 N8QdMHreY_pd7rIHq9zlFw== 地下零件
Mar 31 01:50:25 好友【N8QdMHreY_pd7rIHq9zlFw==】地下暂无零件可收
Mar 31 01:50:25 开始收取第 9 个好友 SIQEUukDV19DwOQGjd9J5Q== 地下零件
Mar 31 01:50:25 好友【SIQEUukDV19DwOQGjd9J5Q==】地下暂无零件可收
Mar 31 01:50:25 开始收取第 10 个好友 CJvUmDW5_In4nqFPr7BkVg== 地下零件
Mar 31 01:50:26 好友【CJvUmDW5_In4nqFPr7BkVg==】地下暂无零件可收
Mar 31 01:50:26 开始收取第 11 个好友 juHlWyZK6YCYEaIui-9O9A== 地下零件
Mar 31 01:50:26 好友【juHlWyZK6YCYEaIui-9O9A==】地下暂无零件可收
Mar 31 01:50:26 开始收取第 12 个好友 LLngJORM-9zh8UYMGcfd2A== 地下零件
Mar 31 01:50:27 好友【LLngJORM-9zh8UYMGcfd2A==】地下暂无零件可收
Mar 31 01:50:27 开始收取第 13 个好友 MJMF4orse-sJYN5pcyklXQ== 地下零件
Mar 31 01:50:28 好友【MJMF4orse-sJYN5pcyklXQ==】地下暂无零件可收
Mar 31 01:50:28 开始收取第 14 个好友 J0ZdwtZszB5pnvxDv6l8tQ== 地下零件
Mar 31 01:50:28 好友【J0ZdwtZszB5pnvxDv6l8tQ==】地下暂无零件可收
Mar 31 01:50:28 开始收取第 15 个好友 guBovILfmX3SJTf_AQNDRg== 地下零件
Mar 31 01:50:29 好友【guBovILfmX3SJTf_AQNDRg==】地下暂无零件可收
Mar 31 01:50:29 开始收取第 16 个好友 X6RooQQkq_I28EjOEpv3Lg== 地下零件
Mar 31 01:50:29 好友【X6RooQQkq_I28EjOEpv3Lg==】地下暂无零件可收
Mar 31 01:50:29 开始收取第 17 个好友 uhcZW_ZiVE0UsO11648SHA== 地下零件
Mar 31 01:50:30 好友【uhcZW_ZiVE0UsO11648SHA==】地下暂无零件可收
Mar 31 01:50:30 开始收取第 18 个好友 F-LnusDb7uc82e3xbgcq7g== 地下零件
Mar 31 01:50:30 好友【F-LnusDb7uc82e3xbgcq7g==】地下暂无零件可收
Mar 31 01:50:30 开始收取第 19 个好友 Sqhj-l0-WiKejPGYH5sEJQ== 地下零件
Mar 31 01:50:31 好友【Sqhj-l0-WiKejPGYH5sEJQ==】地下暂无零件可收
Mar 31 01:50:31 开始收取第 20 个好友 i55e65wxNYfC4tZ2R8bvdA== 地下零件
Mar 31 01:50:31 好友【i55e65wxNYfC4tZ2R8bvdA==】地下暂无零件可收
Mar 31 01:50:31 开始收取第 21 个好友 uJ0m1yiLaG6xNqOVpfLfncFZphSvO5VIUlgMcT9fV5E= 地下零件
Mar 31 01:50:32 好友【uJ0m1yiLaG6xNqOVpfLfncFZphSvO5VIUlgMcT9fV5E=】地下暂无零件可收
Mar 31 01:50:32 开始收取第 22 个好友 v8gwk5IrNis2alvqFJbmpw== 地下零件
Mar 31 01:50:32 好友【v8gwk5IrNis2alvqFJbmpw==】地下暂无零件可收
Mar 31 01:50:32 开始收取第 23 个好友 3JehqRP1jBOq-0vpydgxow== 地下零件
Mar 31 01:50:33 好友【3JehqRP1jBOq-0vpydgxow==】地下暂无零件可收
Mar 31 01:50:33 开始收取第 24 个好友 7fzlmybQNCsUvyimRAXUOA== 地下零件
Mar 31 01:50:34 好友【7fzlmybQNCsUvyimRAXUOA==】地下暂无零件可收
Mar 31 01:50:34 开始收取第 25 个好友 pBFolkAT7mLHZPTHo8rkbA== 地下零件
Mar 31 01:50:34 好友【pBFolkAT7mLHZPTHo8rkbA==】地下暂无零件可收
Mar 31 01:50:34 开始收取第 26 个好友 Z4EkI5Mzd0IllHBOOSXwsA== 地下零件
Mar 31 01:50:35 好友【Z4EkI5Mzd0IllHBOOSXwsA==】地下暂无零件可收
Mar 31 01:50:35 开始收取第 27 个好友 m2LC0Qsqnr3rK8e3ApvsuQ== 地下零件
Mar 31 01:50:35 好友【m2LC0Qsqnr3rK8e3ApvsuQ==】地下暂无零件可收
Mar 31 01:50:35 开始收取第 28 个好友 5LcqlK-8sBkaG8Mg7mCYvQ== 地下零件
Mar 31 01:50:36 好友【5LcqlK-8sBkaG8Mg7mCYvQ==】地下暂无零件可收
Mar 31 01:50:36 
Mar 31 01:50:36 团活动ID  i9ideMF_BUOdVtmbe1pSeA==
Mar 31 01:50:36 团ID  SZKQ9YMLTd6VwJmBHXbRtA==
Mar 31 01:50:36 
Mar 31 01:50:36 今日剩余开团次数：2次
Mar 31 01:50:36 
Mar 31 01:50:36 开团情况:1/6
Mar 31 01:50:36 
Mar 31 01:50:36 
Mar 31 01:50:36 此团未达领取团奖励人数：6人
Mar 31 01:50:36 
Mar 31 01:50:36 3/29/2021, 11:51:13 PM参加团主【A1GAHQrpp1nm7pmfuDlKAg==】失败
Mar 31 01:50:36 3/29/2021, 10:50:37 AM参加团主【A1GAHQrpp1nm7pmfuDlKAg==】失败
Mar 31 01:50:36 3/28/2021, 10:49:59 PM参加团主【A1GAHQrpp1nm7pmfuDlKAg==】失败
Mar 31 01:50:36 3/28/2021, 8:56:28 PM参加团主【N8QdMHreY_pd7rIHq9zlFw==】失败
Mar 31 01:50:36 3/28/2021, 10:32:41 AM参加团主【A1GAHQrpp1nm7pmfuDlKAg==】失败
Mar 31 01:50:36 3/27/2021, 9:50:38 PM参加团主【A1GAHQrpp1nm7pmfuDlKAg==】失败
Mar 31 01:50:36 3/27/2021, 8:50:35 AM参加团主【A1GAHQrpp1nm7pmfuDlKAg==】失败
Mar 31 01:50:36 3/26/2021, 7:50:43 PM参加团主【A1GAHQrpp1nm7pmfuDlKAg==】失败
Mar 31 01:50:36 3/31/2021, 12:51:04 AM参加团主【A1GAHQrpp1nm7pmfuDlKAg==】失败
Mar 31 01:50:36 3/30/2021, 12:50:36 PM参加团主【A1GAHQrpp1nm7pmfuDlKAg==】失败
Mar 31 01:50:36 
Mar 31 01:50:36   商品名     兑换状态
Mar 31 01:50:36 三合一数据线    已兑换
Mar 31 01:50:36 多味花生3袋    已兑换
Mar 31 01:50:36 刀具三件套    已兑换
Mar 31 01:50:36 
Mar 31 01:50:36 【京东账号1】burst3166
Mar 31 01:50:36 【生产商品】巴旦木
Mar 31 01:50:36 【当前等级】工程师 4
Mar 31 01:50:36 【生产进度】29.07%
Mar 31 01:50:36 【招工进度】0/10
Mar 31 01:50:36 【收取发电站】收取成功，获得 720 电力
Mar 31 01:50:36 【每日任务】领奖成功，共计 720 电力
Mar 31 01:50:36 【投入电力】投入成功，共计 700 电力
Mar 31 01:50:36 【打工电力】收取失败，6点后可领取
Mar 31 01:50:36 【收取自己零件】今日已达上限
Mar 31 01:50:36 【收取好友零件】今日已达上限
Mar 31 01:50:36 
Mar 31 01:50:40 
Mar 31 01:50:40 参加作者的团
Mar 31 01:50:40 
Mar 31 01:50:40 参团失败：{"msg":"您已成团","nowTime":1617126640,"ret":10209}
Mar 31 01:50:40 参团失败：{"msg":"您已成团","nowTime":1617126641,"ret":10209}
Mar 31 01:50:41 参团失败：{"msg":"您已成团","nowTime":1617126641,"ret":10209}
Mar 31 01:50:41 参团失败：{"msg":"您已成团","nowTime":1617126641,"ret":10209}
Mar 31 01:50:41 参团失败：{"msg":"您已成团","nowTime":1617126641,"ret":10209}
Mar 31 01:50:41 参团失败：{"msg":"您已成团","nowTime":1617126641,"ret":10209}
Mar 31 01:50:41 参团失败：{"msg":"您已成团","nowTime":1617126641,"ret":10209}
Mar 31 01:50:41 参团失败：{"msg":"您已成团","nowTime":1617126641,"ret":10209}
Mar 31 01:50:41 参团失败：{"msg":"您已成团","nowTime":1617126641,"ret":10209}
Mar 31 01:50:41 参团失败：{"msg":"您已成团","nowTime":1617126641,"ret":10209}
Mar 31 01:50:41 参团失败：{"msg":"您已成团","nowTime":1617126641,"ret":10209}
Mar 31 01:50:41 参团失败：{"msg":"您已成团","nowTime":1617126641,"ret":10209}
Mar 31 01:50:41 参团失败：{"msg":"您已成团","nowTime":1617126641,"ret":10209}
Mar 31 01:50:41 
Mar 31 01:50:41 🔔京喜工厂, 结束! 🕛 24.104 秒
Mar 31 01:50:41 
Mar 31 02:50:08 
Mar 31 02:50:08 🔔京喜工厂, 开始!
Mar 31 02:50:08 
Mar 31 02:50:08 ====================共1个京东账号Cookie=========
Mar 31 02:50:08 
Mar 31 02:50:08 ==================脚本执行- 北京时间(UTC+8)：3/31/2021, 2:50:08 AM=====================
Mar 31 02:50:08 
Mar 31 02:50:09 获取签名参数成功！
Mar 31 02:50:09 fp: 0453206821641161
Mar 31 02:50:09 token: tk01w9e241cc4a8nY3I2c0YxeUFCSCHVOq/nIU0492MZhWDumlZwAsHqKaudMl8xaSvQzei9IpYPx9ejcgKJreapRDtF
Mar 31 02:50:09 enCryptMethodJD: function test(token,fingerprint,timestamp,appId,algo){const random='a+c6EL1jKn73';const str=`${token}${fingerprint}${timestamp}${appId}${random}`;return algo.MD5(str)}
Mar 31 02:50:10 开始获取京喜工厂配置文件
Mar 31 02:50:10 
Mar 31 02:50:10 tuanActiveId: i9ideMF_BUOdVtmbe1pSeA==
Mar 31 02:50:10 共1个京东账号
Mar 31 02:50:10 
Mar 31 02:50:10 您提供了1个账号的京喜工厂助力码
Mar 31 02:50:10 
Mar 31 02:50:10 
Mar 31 02:50:10 ******开始【京东账号1】burst3166*********
Mar 31 02:50:10 
Mar 31 02:50:11 再加0.50%电力可开红包
Mar 31 02:50:11 
Mar 31 02:50:11 当前电力：31
Mar 31 02:50:11 当前等级：4
Mar 31 02:50:11 
Mar 31 02:50:11 【京东账号1（burst3166）的京喜工厂好友互助码】A1GAHQrpp1nm7pmfuDlKAg==
Mar 31 02:50:11 已投入电力：215800
Mar 31 02:50:11 所需电力：740000
Mar 31 02:50:11 生产进度：29.16%
Mar 31 02:50:11 
Mar 31 02:50:11 
Mar 31 02:50:11 你今日还能帮好友打工（3/3）次
Mar 31 02:50:11 
Mar 31 02:50:11 
Mar 31 02:50:11 【今日招工进度】0/10
Mar 31 02:50:11 
Mar 31 02:50:11 未到招工时间(每日6-24点之间可招工)
Mar 31 02:50:11 
Mar 31 02:50:11 发电机：当前 359.2 电力，最大值 390 电力
Mar 31 02:50:11 
Mar 31 02:50:11 本次发电机电力集满分享后不可获得双倍电力，故现在收取电力
Mar 31 02:50:11 
Mar 31 02:50:11 收取电力成功: 共718 
Mar 31 02:50:11 任务：今日收取发电机电力可完成
Mar 31 02:50:11 领取今日收取发电机电力任务奖励成功，收获：500电力
Mar 31 02:50:12 完成任务：共领取1218电力
Mar 31 02:50:12 成功投入电力1200电力
Mar 31 02:50:12 打工电力：收取失败，6点后可领取
Mar 31 02:50:13 自家地下暂无零件可收
Mar 31 02:50:13 查询好友列表完成，共28好友，下面开始拾取好友地下的零件
Mar 31 02:50:13 
Mar 31 02:50:13 开始收取第 1 个好友 1ysne6hoo-pwlVG7b_U0DQ== 地下零件
Mar 31 02:50:14 好友【1ysne6hoo-pwlVG7b_U0DQ==】地下暂无零件可收
Mar 31 02:50:14 开始收取第 2 个好友 8I4PGcZpjvt_Nq20R0r-4Q== 地下零件
Mar 31 02:50:14 好友【8I4PGcZpjvt_Nq20R0r-4Q==】地下暂无零件可收
Mar 31 02:50:14 开始收取第 3 个好友 lmOajc3zN-XR5JxkIqM5qA== 地下零件
Mar 31 02:50:15 好友【lmOajc3zN-XR5JxkIqM5qA==】地下暂无零件可收
Mar 31 02:50:15 开始收取第 4 个好友 4Ff3bUhMlfJaid8B4qm32Q== 地下零件
Mar 31 02:50:15 好友【4Ff3bUhMlfJaid8B4qm32Q==】地下暂无零件可收
Mar 31 02:50:15 开始收取第 5 个好友 MJix7oSghPKjPtH8uJFaEA== 地下零件
Mar 31 02:50:16 好友【MJix7oSghPKjPtH8uJFaEA==】地下暂无零件可收
Mar 31 02:50:16 开始收取第 6 个好友 Oa8unWu-KdPrmGzypTpgUg== 地下零件
Mar 31 02:50:16 好友【Oa8unWu-KdPrmGzypTpgUg==】地下暂无零件可收
Mar 31 02:50:16 开始收取第 7 个好友 hyykhYqbGaAs-0No8h6kVQ== 地下零件
Mar 31 02:50:17 好友【hyykhYqbGaAs-0No8h6kVQ==】地下暂无零件可收
Mar 31 02:50:17 开始收取第 8 个好友 N8QdMHreY_pd7rIHq9zlFw== 地下零件
Mar 31 02:50:18 好友【N8QdMHreY_pd7rIHq9zlFw==】地下暂无零件可收
Mar 31 02:50:18 开始收取第 9 个好友 SIQEUukDV19DwOQGjd9J5Q== 地下零件
Mar 31 02:50:18 好友【SIQEUukDV19DwOQGjd9J5Q==】地下暂无零件可收
Mar 31 02:50:18 开始收取第 10 个好友 CJvUmDW5_In4nqFPr7BkVg== 地下零件
Mar 31 02:50:19 好友【CJvUmDW5_In4nqFPr7BkVg==】地下暂无零件可收
Mar 31 02:50:19 开始收取第 11 个好友 juHlWyZK6YCYEaIui-9O9A== 地下零件
Mar 31 02:50:19 好友【juHlWyZK6YCYEaIui-9O9A==】地下暂无零件可收
Mar 31 02:50:19 开始收取第 12 个好友 LLngJORM-9zh8UYMGcfd2A== 地下零件
Mar 31 02:50:20 好友【LLngJORM-9zh8UYMGcfd2A==】地下暂无零件可收
Mar 31 02:50:20 开始收取第 13 个好友 MJMF4orse-sJYN5pcyklXQ== 地下零件
Mar 31 02:50:20 好友【MJMF4orse-sJYN5pcyklXQ==】地下暂无零件可收
Mar 31 02:50:20 开始收取第 14 个好友 J0ZdwtZszB5pnvxDv6l8tQ== 地下零件
Mar 31 02:50:21 好友【J0ZdwtZszB5pnvxDv6l8tQ==】地下暂无零件可收
Mar 31 02:50:21 开始收取第 15 个好友 guBovILfmX3SJTf_AQNDRg== 地下零件
Mar 31 02:50:21 好友【guBovILfmX3SJTf_AQNDRg==】地下暂无零件可收
Mar 31 02:50:21 开始收取第 16 个好友 X6RooQQkq_I28EjOEpv3Lg== 地下零件
Mar 31 02:50:22 好友【X6RooQQkq_I28EjOEpv3Lg==】地下暂无零件可收
Mar 31 02:50:22 开始收取第 17 个好友 uhcZW_ZiVE0UsO11648SHA== 地下零件
Mar 31 02:50:23 好友【uhcZW_ZiVE0UsO11648SHA==】地下暂无零件可收
Mar 31 02:50:23 开始收取第 18 个好友 F-LnusDb7uc82e3xbgcq7g== 地下零件
Mar 31 02:50:23 好友【F-LnusDb7uc82e3xbgcq7g==】地下暂无零件可收
Mar 31 02:50:23 开始收取第 19 个好友 Sqhj-l0-WiKejPGYH5sEJQ== 地下零件
Mar 31 02:50:24 好友【Sqhj-l0-WiKejPGYH5sEJQ==】地下暂无零件可收
Mar 31 02:50:24 开始收取第 20 个好友 i55e65wxNYfC4tZ2R8bvdA== 地下零件
Mar 31 02:50:24 好友【i55e65wxNYfC4tZ2R8bvdA==】地下暂无零件可收
Mar 31 02:50:24 开始收取第 21 个好友 uJ0m1yiLaG6xNqOVpfLfncFZphSvO5VIUlgMcT9fV5E= 地下零件
Mar 31 02:50:25 好友【uJ0m1yiLaG6xNqOVpfLfncFZphSvO5VIUlgMcT9fV5E=】地下暂无零件可收
Mar 31 02:50:25 开始收取第 22 个好友 v8gwk5IrNis2alvqFJbmpw== 地下零件
Mar 31 02:50:25 好友【v8gwk5IrNis2alvqFJbmpw==】地下暂无零件可收
Mar 31 02:50:25 开始收取第 23 个好友 3JehqRP1jBOq-0vpydgxow== 地下零件
Mar 31 02:50:26 好友【3JehqRP1jBOq-0vpydgxow==】地下暂无零件可收
Mar 31 02:50:26 开始收取第 24 个好友 7fzlmybQNCsUvyimRAXUOA== 地下零件
Mar 31 02:50:26 好友【7fzlmybQNCsUvyimRAXUOA==】地下暂无零件可收
Mar 31 02:50:26 开始收取第 25 个好友 pBFolkAT7mLHZPTHo8rkbA== 地下零件
Mar 31 02:50:27 好友【pBFolkAT7mLHZPTHo8rkbA==】地下暂无零件可收
Mar 31 02:50:27 开始收取第 26 个好友 Z4EkI5Mzd0IllHBOOSXwsA== 地下零件
Mar 31 02:50:27 好友【Z4EkI5Mzd0IllHBOOSXwsA==】地下暂无零件可收
Mar 31 02:50:27 开始收取第 27 个好友 m2LC0Qsqnr3rK8e3ApvsuQ== 地下零件
Mar 31 02:50:28 好友【m2LC0Qsqnr3rK8e3ApvsuQ==】地下暂无零件可收
Mar 31 02:50:28 开始收取第 28 个好友 5LcqlK-8sBkaG8Mg7mCYvQ== 地下零件
Mar 31 02:50:29 好友【5LcqlK-8sBkaG8Mg7mCYvQ==】地下暂无零件可收
Mar 31 02:50:29 
Mar 31 02:50:29 团活动ID  i9ideMF_BUOdVtmbe1pSeA==
Mar 31 02:50:29 团ID  SZKQ9YMLTd6VwJmBHXbRtA==
Mar 31 02:50:29 
Mar 31 02:50:29 今日剩余开团次数：2次
Mar 31 02:50:29 
Mar 31 02:50:29 开团情况:1/6
Mar 31 02:50:29 
Mar 31 02:50:29 
Mar 31 02:50:29 此团未达领取团奖励人数：6人
Mar 31 02:50:29 
Mar 31 02:50:29 3/29/2021, 11:51:13 PM参加团主【A1GAHQrpp1nm7pmfuDlKAg==】失败
Mar 31 02:50:29 3/29/2021, 10:50:37 AM参加团主【A1GAHQrpp1nm7pmfuDlKAg==】失败
Mar 31 02:50:29 3/28/2021, 10:49:59 PM参加团主【A1GAHQrpp1nm7pmfuDlKAg==】失败
Mar 31 02:50:29 3/28/2021, 8:56:28 PM参加团主【N8QdMHreY_pd7rIHq9zlFw==】失败
Mar 31 02:50:29 3/28/2021, 10:32:41 AM参加团主【A1GAHQrpp1nm7pmfuDlKAg==】失败
Mar 31 02:50:29 3/27/2021, 9:50:38 PM参加团主【A1GAHQrpp1nm7pmfuDlKAg==】失败
Mar 31 02:50:29 3/27/2021, 8:50:35 AM参加团主【A1GAHQrpp1nm7pmfuDlKAg==】失败
Mar 31 02:50:29 3/26/2021, 7:50:43 PM参加团主【A1GAHQrpp1nm7pmfuDlKAg==】失败
Mar 31 02:50:29 3/31/2021, 12:51:04 AM参加团主【A1GAHQrpp1nm7pmfuDlKAg==】失败
Mar 31 02:50:29 3/30/2021, 12:50:36 PM参加团主【A1GAHQrpp1nm7pmfuDlKAg==】失败
Mar 31 02:50:29 
Mar 31 02:50:29   商品名     兑换状态
Mar 31 02:50:29 三合一数据线    已兑换
Mar 31 02:50:29 多味花生3袋    已兑换
Mar 31 02:50:29 刀具三件套    已兑换
Mar 31 02:50:29 
Mar 31 02:50:29 【京东账号1】burst3166
Mar 31 02:50:29 【生产商品】巴旦木
Mar 31 02:50:29 【当前等级】工程师 4
Mar 31 02:50:29 【生产进度】29.16%
Mar 31 02:50:29 【招工进度】0/10
Mar 31 02:50:29 【收取发电站】收取成功，获得 718 电力
Mar 31 02:50:29 【每日任务】领奖成功，共计 1218 电力
Mar 31 02:50:29 【投入电力】投入成功，共计 1200 电力
Mar 31 02:50:29 【打工电力】收取失败，6点后可领取
Mar 31 02:50:29 【收取自己零件】今日已达上限
Mar 31 02:50:29 【收取好友零件】今日已达上限
Mar 31 02:50:29 
Mar 31 02:50:29 
Mar 31 02:50:29 参加作者的团
Mar 31 02:50:29 
Mar 31 02:50:33 
Mar 31 02:50:33 🔔京喜工厂, 结束! 🕛 24.625 秒
Mar 31 02:50:33 
Mar 31 02:50:33 "Response code 503 (Service Temporarily Unavailable)"
Mar 31 03:50:29 
Mar 31 03:50:29 🔔京喜工厂, 开始!
Mar 31 03:50:29 
Mar 31 03:50:29 ====================共1个京东账号Cookie=========
Mar 31 03:50:29 
Mar 31 03:50:29 ==================脚本执行- 北京时间(UTC+8)：3/31/2021, 3:50:29 AM=====================
Mar 31 03:50:29 
Mar 31 03:50:31 获取签名参数成功！
Mar 31 03:50:31 fp: 2376747766257161
Mar 31 03:50:31 token: tk01wbd601c8ba8ndmZYaG1seWVRkLYAPo9oAfr6BGEgQmjCXtK/iqHB2JuouFJH6BPhFaenkIiJdVQHXq9Hik2yzzF3
Mar 31 03:50:31 enCryptMethodJD: function test(token,fingerprint,timestamp,appId,algo){const random='NthLTMnbG9fM';const str=`${token}${fingerprint}${timestamp}${appId}${random}`;return algo.HmacSHA256(str,token)}
Mar 31 03:50:33 开始获取京喜工厂配置文件
Mar 31 03:50:33 
Mar 31 03:50:33 tuanActiveId: 6S9y4sJUfA2vPQP6TLdVIQ==
Mar 31 03:50:33 共1个京东账号
Mar 31 03:50:33 
Mar 31 03:50:33 您提供了1个账号的京喜工厂助力码
Mar 31 03:50:33 
Mar 31 03:50:33 
Mar 31 03:50:33 ******开始【京东账号1】burst3166*********
Mar 31 03:50:33 
Mar 31 03:50:33 再加0.34%电力可开红包
Mar 31 03:50:33 
Mar 31 03:50:33 当前电力：49
Mar 31 03:50:33 当前等级：4
Mar 31 03:50:33 
Mar 31 03:50:33 【京东账号1（burst3166）的京喜工厂好友互助码】A1GAHQrpp1nm7pmfuDlKAg==
Mar 31 03:50:33 已投入电力：217000
Mar 31 03:50:33 所需电力：740000
Mar 31 03:50:33 生产进度：29.32%
Mar 31 03:50:33 
Mar 31 03:50:33 
Mar 31 03:50:33 你今日还能帮好友打工（3/3）次
Mar 31 03:50:33 
Mar 31 03:50:33 
Mar 31 03:50:33 【今日招工进度】0/10
Mar 31 03:50:33 
Mar 31 03:50:33 未到招工时间(每日6-24点之间可招工)
Mar 31 03:50:33 
Mar 31 03:50:33 发电机：当前 362.2 电力，最大值 390 电力
Mar 31 03:50:33 
Mar 31 03:50:33 本次发电机电力集满分享后不可获得双倍电力，故现在收取电力
Mar 31 03:50:33 
Mar 31 03:50:33 收取电力成功: 共724 
Mar 31 03:50:34 完成任务：共领取724电力
Mar 31 03:50:34 成功投入电力700电力
Mar 31 03:50:34 打工电力：收取失败，6点后可领取
Mar 31 03:50:34 自家地下暂无零件可收
Mar 31 03:50:35 查询好友列表完成，共28好友，下面开始拾取好友地下的零件
Mar 31 03:50:35 
Mar 31 03:50:35 开始收取第 1 个好友 1ysne6hoo-pwlVG7b_U0DQ== 地下零件
Mar 31 03:50:35 好友【1ysne6hoo-pwlVG7b_U0DQ==】地下暂无零件可收
Mar 31 03:50:35 开始收取第 2 个好友 8I4PGcZpjvt_Nq20R0r-4Q== 地下零件
Mar 31 03:50:36 好友【8I4PGcZpjvt_Nq20R0r-4Q==】地下暂无零件可收
Mar 31 03:50:36 开始收取第 3 个好友 lmOajc3zN-XR5JxkIqM5qA== 地下零件
Mar 31 03:50:36 好友【lmOajc3zN-XR5JxkIqM5qA==】地下暂无零件可收
Mar 31 03:50:36 开始收取第 4 个好友 4Ff3bUhMlfJaid8B4qm32Q== 地下零件
Mar 31 03:50:37 好友【4Ff3bUhMlfJaid8B4qm32Q==】地下暂无零件可收
Mar 31 03:50:37 开始收取第 5 个好友 MJix7oSghPKjPtH8uJFaEA== 地下零件
Mar 31 03:50:37 好友【MJix7oSghPKjPtH8uJFaEA==】地下暂无零件可收
Mar 31 03:50:37 开始收取第 6 个好友 Oa8unWu-KdPrmGzypTpgUg== 地下零件
Mar 31 03:50:38 好友【Oa8unWu-KdPrmGzypTpgUg==】地下暂无零件可收
Mar 31 03:50:38 开始收取第 7 个好友 hyykhYqbGaAs-0No8h6kVQ== 地下零件
Mar 31 03:50:38 好友【hyykhYqbGaAs-0No8h6kVQ==】地下暂无零件可收
Mar 31 03:50:38 开始收取第 8 个好友 N8QdMHreY_pd7rIHq9zlFw== 地下零件
Mar 31 03:50:39 好友【N8QdMHreY_pd7rIHq9zlFw==】地下暂无零件可收
Mar 31 03:50:39 开始收取第 9 个好友 SIQEUukDV19DwOQGjd9J5Q== 地下零件
Mar 31 03:50:40 好友【SIQEUukDV19DwOQGjd9J5Q==】地下暂无零件可收
Mar 31 03:50:40 开始收取第 10 个好友 CJvUmDW5_In4nqFPr7BkVg== 地下零件
Mar 31 03:50:40 好友【CJvUmDW5_In4nqFPr7BkVg==】地下暂无零件可收
Mar 31 03:50:40 开始收取第 11 个好友 juHlWyZK6YCYEaIui-9O9A== 地下零件
Mar 31 03:50:41 好友【juHlWyZK6YCYEaIui-9O9A==】地下暂无零件可收
Mar 31 03:50:41 开始收取第 12 个好友 LLngJORM-9zh8UYMGcfd2A== 地下零件
Mar 31 03:50:41 好友【LLngJORM-9zh8UYMGcfd2A==】地下暂无零件可收
Mar 31 03:50:41 开始收取第 13 个好友 MJMF4orse-sJYN5pcyklXQ== 地下零件
Mar 31 03:50:42 好友【MJMF4orse-sJYN5pcyklXQ==】地下暂无零件可收
Mar 31 03:50:42 开始收取第 14 个好友 J0ZdwtZszB5pnvxDv6l8tQ== 地下零件
Mar 31 03:50:42 好友【J0ZdwtZszB5pnvxDv6l8tQ==】地下暂无零件可收
Mar 31 03:50:42 开始收取第 15 个好友 guBovILfmX3SJTf_AQNDRg== 地下零件
Mar 31 03:50:43 好友【guBovILfmX3SJTf_AQNDRg==】地下暂无零件可收
Mar 31 03:50:43 开始收取第 16 个好友 X6RooQQkq_I28EjOEpv3Lg== 地下零件
Mar 31 03:50:43 好友【X6RooQQkq_I28EjOEpv3Lg==】地下暂无零件可收
Mar 31 03:50:43 开始收取第 17 个好友 uhcZW_ZiVE0UsO11648SHA== 地下零件
Mar 31 03:50:44 好友【uhcZW_ZiVE0UsO11648SHA==】地下暂无零件可收
Mar 31 03:50:44 开始收取第 18 个好友 F-LnusDb7uc82e3xbgcq7g== 地下零件
Mar 31 03:50:45 好友【F-LnusDb7uc82e3xbgcq7g==】地下暂无零件可收
Mar 31 03:50:45 开始收取第 19 个好友 Sqhj-l0-WiKejPGYH5sEJQ== 地下零件
Mar 31 03:50:45 好友【Sqhj-l0-WiKejPGYH5sEJQ==】地下暂无零件可收
Mar 31 03:50:45 开始收取第 20 个好友 i55e65wxNYfC4tZ2R8bvdA== 地下零件
Mar 31 03:50:46 好友【i55e65wxNYfC4tZ2R8bvdA==】地下暂无零件可收
Mar 31 03:50:46 开始收取第 21 个好友 uJ0m1yiLaG6xNqOVpfLfncFZphSvO5VIUlgMcT9fV5E= 地下零件
Mar 31 03:50:46 好友【uJ0m1yiLaG6xNqOVpfLfncFZphSvO5VIUlgMcT9fV5E=】地下暂无零件可收
Mar 31 03:50:46 开始收取第 22 个好友 v8gwk5IrNis2alvqFJbmpw== 地下零件
Mar 31 03:50:47 好友【v8gwk5IrNis2alvqFJbmpw==】地下暂无零件可收
Mar 31 03:50:47 开始收取第 23 个好友 3JehqRP1jBOq-0vpydgxow== 地下零件
Mar 31 03:50:48 好友【3JehqRP1jBOq-0vpydgxow==】地下暂无零件可收
Mar 31 03:50:48 开始收取第 24 个好友 7fzlmybQNCsUvyimRAXUOA== 地下零件
Mar 31 03:50:48 好友【7fzlmybQNCsUvyimRAXUOA==】地下暂无零件可收
Mar 31 03:50:48 开始收取第 25 个好友 pBFolkAT7mLHZPTHo8rkbA== 地下零件
Mar 31 03:50:49 好友【pBFolkAT7mLHZPTHo8rkbA==】地下暂无零件可收
Mar 31 03:50:49 开始收取第 26 个好友 Z4EkI5Mzd0IllHBOOSXwsA== 地下零件
Mar 31 03:50:49 好友【Z4EkI5Mzd0IllHBOOSXwsA==】地下暂无零件可收
Mar 31 03:50:49 开始收取第 27 个好友 m2LC0Qsqnr3rK8e3ApvsuQ== 地下零件
Mar 31 03:50:50 好友【m2LC0Qsqnr3rK8e3ApvsuQ==】地下暂无零件可收
Mar 31 03:50:50 开始收取第 28 个好友 5LcqlK-8sBkaG8Mg7mCYvQ== 地下零件
Mar 31 03:50:50 好友【5LcqlK-8sBkaG8Mg7mCYvQ==】地下暂无零件可收
Mar 31 03:50:50 
Mar 31 03:50:50 团活动ID  6S9y4sJUfA2vPQP6TLdVIQ==
Mar 31 03:50:50 团ID  
Mar 31 03:50:50 
Mar 31 03:50:50 今日剩余开团次数：3次
Mar 31 03:50:50 准备开团
Mar 31 03:50:50 开团异常：{"msg":"活动已结束，请稍后再试~","nowTime":1617133851,"ret":10218}
Mar 31 03:50:51 
Mar 31 03:50:51   商品名     兑换状态
Mar 31 03:50:51 三合一数据线    已兑换
Mar 31 03:50:51 多味花生3袋    已兑换
Mar 31 03:50:51 刀具三件套    已兑换
Mar 31 03:50:51 
Mar 31 03:50:51 【京东账号1】burst3166
Mar 31 03:50:51 【生产商品】巴旦木
Mar 31 03:50:51 【当前等级】工程师 4
Mar 31 03:50:51 【生产进度】29.32%
Mar 31 03:50:51 【招工进度】0/10
Mar 31 03:50:51 【收取发电站】收取成功，获得 724 电力
Mar 31 03:50:51 【每日任务】领奖成功，共计 724 电力
Mar 31 03:50:51 【投入电力】投入成功，共计 700 电力
Mar 31 03:50:51 【打工电力】收取失败，6点后可领取
Mar 31 03:50:51 【收取自己零件】今日已达上限
Mar 31 03:50:51 【收取好友零件】今日已达上限
Mar 31 03:50:51 
Mar 31 03:50:51 
Mar 31 03:50:51 参加作者的团
Mar 31 03:50:51 
Mar 31 03:50:54 
Mar 31 03:50:54 🔔京喜工厂, 结束! 🕛 24.812 秒
Mar 31 03:50:54 
Mar 31 03:50:55 "Response code 503 (Service Temporarily Unavailable)"
Mar 31 04:50:10 
Mar 31 04:50:10 🔔京喜工厂, 开始!
Mar 31 04:50:10 
Mar 31 04:50:10 ====================共1个京东账号Cookie=========
Mar 31 04:50:10 
Mar 31 04:50:10 ==================脚本执行- 北京时间(UTC+8)：3/31/2021, 4:50:10 AM=====================
Mar 31 04:50:10 
Mar 31 04:50:11 获取签名参数成功！
Mar 31 04:50:11 fp: 1871317897629161
Mar 31 04:50:11 token: tk01wad581c29a8nWHoyeU5FNW5K+rttXUSBkmGSpiMU22lL2Xm1fFvb6Zt0t3DJaoaPS1zvE/q6Uswf2JXlaST7auSG
Mar 31 04:50:11 enCryptMethodJD: function test(token,fingerprint,timestamp,appId,algo){const random='vxzbFMahYKs1';const str=`${token}${fingerprint}${timestamp}${appId}${random}`;return algo.HmacSHA256(str,token)}
Mar 31 04:50:13 开始获取京喜工厂配置文件
Mar 31 04:50:13 
Mar 31 04:50:13 tuanActiveId: i9ideMF_BUOdVtmbe1pSeA==
Mar 31 04:50:13 共1个京东账号
Mar 31 04:50:13 
Mar 31 04:50:13 您提供了1个账号的京喜工厂助力码
Mar 31 04:50:13 
Mar 31 04:50:13 
Mar 31 04:50:13 ******开始【京东账号1】burst3166*********
Mar 31 04:50:13 
Mar 31 04:50:13 再加0.25%电力可开红包
Mar 31 04:50:13 
Mar 31 04:50:13 当前电力：73
Mar 31 04:50:13 当前等级：4
Mar 31 04:50:13 
Mar 31 04:50:13 【京东账号1（burst3166）的京喜工厂好友互助码】A1GAHQrpp1nm7pmfuDlKAg==
Mar 31 04:50:13 已投入电力：217700
Mar 31 04:50:13 所需电力：740000
Mar 31 04:50:13 生产进度：29.42%
Mar 31 04:50:13 
Mar 31 04:50:13 
Mar 31 04:50:13 你今日还能帮好友打工（3/3）次
Mar 31 04:50:13 
Mar 31 04:50:13 
Mar 31 04:50:13 【今日招工进度】0/10
Mar 31 04:50:13 
Mar 31 04:50:13 未到招工时间(每日6-24点之间可招工)
Mar 31 04:50:13 
Mar 31 04:50:13 发电机：当前 358 电力，最大值 390 电力
Mar 31 04:50:13 
Mar 31 04:50:13 本次发电机电力集满分享后不可获得双倍电力，故现在收取电力
Mar 31 04:50:13 
Mar 31 04:50:13 收取电力成功: 共716 
Mar 31 04:50:13 任务：今日收取发电机电力可完成
Mar 31 04:50:13 领取今日收取发电机电力任务奖励成功，收获：500电力
Mar 31 04:50:14 完成任务：共领取1216电力
Mar 31 04:50:14 成功投入电力1200电力
Mar 31 04:50:15 打工电力：收取失败，6点后可领取
Mar 31 04:50:15 自家地下暂无零件可收
Mar 31 04:50:15 查询好友列表完成，共28好友，下面开始拾取好友地下的零件
Mar 31 04:50:15 
Mar 31 04:50:15 开始收取第 1 个好友 1ysne6hoo-pwlVG7b_U0DQ== 地下零件
Mar 31 04:50:16 好友【1ysne6hoo-pwlVG7b_U0DQ==】地下暂无零件可收
Mar 31 04:50:16 开始收取第 2 个好友 8I4PGcZpjvt_Nq20R0r-4Q== 地下零件
Mar 31 04:50:17 好友【8I4PGcZpjvt_Nq20R0r-4Q==】地下暂无零件可收
Mar 31 04:50:17 开始收取第 3 个好友 lmOajc3zN-XR5JxkIqM5qA== 地下零件
Mar 31 04:50:17 好友【lmOajc3zN-XR5JxkIqM5qA==】地下暂无零件可收
Mar 31 04:50:17 开始收取第 4 个好友 4Ff3bUhMlfJaid8B4qm32Q== 地下零件
Mar 31 04:50:18 好友【4Ff3bUhMlfJaid8B4qm32Q==】地下暂无零件可收
Mar 31 04:50:18 开始收取第 5 个好友 MJix7oSghPKjPtH8uJFaEA== 地下零件
Mar 31 04:50:18 好友【MJix7oSghPKjPtH8uJFaEA==】地下暂无零件可收
Mar 31 04:50:18 开始收取第 6 个好友 Oa8unWu-KdPrmGzypTpgUg== 地下零件
Mar 31 04:50:19 好友【Oa8unWu-KdPrmGzypTpgUg==】地下暂无零件可收
Mar 31 04:50:19 开始收取第 7 个好友 hyykhYqbGaAs-0No8h6kVQ== 地下零件
Mar 31 04:50:19 好友【hyykhYqbGaAs-0No8h6kVQ==】地下暂无零件可收
Mar 31 04:50:19 开始收取第 8 个好友 N8QdMHreY_pd7rIHq9zlFw== 地下零件
Mar 31 04:50:20 好友【N8QdMHreY_pd7rIHq9zlFw==】地下暂无零件可收
Mar 31 04:50:20 开始收取第 9 个好友 SIQEUukDV19DwOQGjd9J5Q== 地下零件
Mar 31 04:50:20 好友【SIQEUukDV19DwOQGjd9J5Q==】地下暂无零件可收
Mar 31 04:50:20 开始收取第 10 个好友 CJvUmDW5_In4nqFPr7BkVg== 地下零件
Mar 31 04:50:21 好友【CJvUmDW5_In4nqFPr7BkVg==】地下暂无零件可收
Mar 31 04:50:21 开始收取第 11 个好友 juHlWyZK6YCYEaIui-9O9A== 地下零件
Mar 31 04:50:22 好友【juHlWyZK6YCYEaIui-9O9A==】地下暂无零件可收
Mar 31 04:50:22 开始收取第 12 个好友 LLngJORM-9zh8UYMGcfd2A== 地下零件
Mar 31 04:50:22 好友【LLngJORM-9zh8UYMGcfd2A==】地下暂无零件可收
Mar 31 04:50:22 开始收取第 13 个好友 MJMF4orse-sJYN5pcyklXQ== 地下零件
Mar 31 04:50:23 好友【MJMF4orse-sJYN5pcyklXQ==】地下暂无零件可收
Mar 31 04:50:23 开始收取第 14 个好友 J0ZdwtZszB5pnvxDv6l8tQ== 地下零件
Mar 31 04:50:23 好友【J0ZdwtZszB5pnvxDv6l8tQ==】地下暂无零件可收
Mar 31 04:50:23 开始收取第 15 个好友 guBovILfmX3SJTf_AQNDRg== 地下零件
Mar 31 04:50:24 好友【guBovILfmX3SJTf_AQNDRg==】地下暂无零件可收
Mar 31 04:50:24 开始收取第 16 个好友 X6RooQQkq_I28EjOEpv3Lg== 地下零件
Mar 31 04:50:24 好友【X6RooQQkq_I28EjOEpv3Lg==】地下暂无零件可收
Mar 31 04:50:24 开始收取第 17 个好友 uhcZW_ZiVE0UsO11648SHA== 地下零件
Mar 31 04:50:25 好友【uhcZW_ZiVE0UsO11648SHA==】地下暂无零件可收
Mar 31 04:50:25 开始收取第 18 个好友 F-LnusDb7uc82e3xbgcq7g== 地下零件
Mar 31 04:50:25 好友【F-LnusDb7uc82e3xbgcq7g==】地下暂无零件可收
Mar 31 04:50:25 开始收取第 19 个好友 Sqhj-l0-WiKejPGYH5sEJQ== 地下零件
Mar 31 04:50:26 好友【Sqhj-l0-WiKejPGYH5sEJQ==】地下暂无零件可收
Mar 31 04:50:26 开始收取第 20 个好友 i55e65wxNYfC4tZ2R8bvdA== 地下零件
Mar 31 04:50:27 好友【i55e65wxNYfC4tZ2R8bvdA==】地下暂无零件可收
Mar 31 04:50:27 开始收取第 21 个好友 uJ0m1yiLaG6xNqOVpfLfncFZphSvO5VIUlgMcT9fV5E= 地下零件
Mar 31 04:50:27 好友【uJ0m1yiLaG6xNqOVpfLfncFZphSvO5VIUlgMcT9fV5E=】地下暂无零件可收
Mar 31 04:50:27 开始收取第 22 个好友 v8gwk5IrNis2alvqFJbmpw== 地下零件
Mar 31 04:50:28 好友【v8gwk5IrNis2alvqFJbmpw==】地下暂无零件可收
Mar 31 04:50:28 开始收取第 23 个好友 3JehqRP1jBOq-0vpydgxow== 地下零件
Mar 31 04:50:28 好友【3JehqRP1jBOq-0vpydgxow==】地下暂无零件可收
Mar 31 04:50:28 开始收取第 24 个好友 7fzlmybQNCsUvyimRAXUOA== 地下零件
Mar 31 04:50:29 好友【7fzlmybQNCsUvyimRAXUOA==】地下暂无零件可收
Mar 31 04:50:29 开始收取第 25 个好友 pBFolkAT7mLHZPTHo8rkbA== 地下零件
Mar 31 04:50:29 好友【pBFolkAT7mLHZPTHo8rkbA==】地下暂无零件可收
Mar 31 04:50:29 开始收取第 26 个好友 Z4EkI5Mzd0IllHBOOSXwsA== 地下零件
Mar 31 04:50:30 好友【Z4EkI5Mzd0IllHBOOSXwsA==】地下暂无零件可收
Mar 31 04:50:30 开始收取第 27 个好友 m2LC0Qsqnr3rK8e3ApvsuQ== 地下零件
Mar 31 04:50:30 好友【m2LC0Qsqnr3rK8e3ApvsuQ==】地下暂无零件可收
Mar 31 04:50:30 开始收取第 28 个好友 5LcqlK-8sBkaG8Mg7mCYvQ== 地下零件
Mar 31 04:50:31 好友【5LcqlK-8sBkaG8Mg7mCYvQ==】地下暂无零件可收
Mar 31 04:50:31 
Mar 31 04:50:31 团活动ID  i9ideMF_BUOdVtmbe1pSeA==
Mar 31 04:50:31 团ID  SZKQ9YMLTd6VwJmBHXbRtA==
Mar 31 04:50:31 
Mar 31 04:50:31 今日剩余开团次数：2次
Mar 31 04:50:31 
Mar 31 04:50:31 开团情况:1/6
Mar 31 04:50:31 
Mar 31 04:50:31 
Mar 31 04:50:31 此团未达领取团奖励人数：6人
Mar 31 04:50:31 
Mar 31 04:50:31 3/29/2021, 11:51:13 PM参加团主【A1GAHQrpp1nm7pmfuDlKAg==】失败
Mar 31 04:50:31 3/29/2021, 10:50:37 AM参加团主【A1GAHQrpp1nm7pmfuDlKAg==】失败
Mar 31 04:50:31 3/28/2021, 10:49:59 PM参加团主【A1GAHQrpp1nm7pmfuDlKAg==】失败
Mar 31 04:50:31 3/28/2021, 8:56:28 PM参加团主【N8QdMHreY_pd7rIHq9zlFw==】失败
Mar 31 04:50:31 3/28/2021, 10:32:41 AM参加团主【A1GAHQrpp1nm7pmfuDlKAg==】失败
Mar 31 04:50:31 3/27/2021, 9:50:38 PM参加团主【A1GAHQrpp1nm7pmfuDlKAg==】失败
Mar 31 04:50:31 3/27/2021, 8:50:35 AM参加团主【A1GAHQrpp1nm7pmfuDlKAg==】失败
Mar 31 04:50:31 3/26/2021, 7:50:43 PM参加团主【A1GAHQrpp1nm7pmfuDlKAg==】失败
Mar 31 04:50:31 3/31/2021, 12:51:04 AM参加团主【A1GAHQrpp1nm7pmfuDlKAg==】失败
Mar 31 04:50:31 3/30/2021, 12:50:36 PM参加团主【A1GAHQrpp1nm7pmfuDlKAg==】失败
Mar 31 04:50:31 
Mar 31 04:50:31   商品名     兑换状态
Mar 31 04:50:31 三合一数据线    已兑换
Mar 31 04:50:31 多味花生3袋    已兑换
Mar 31 04:50:31 刀具三件套    已兑换
Mar 31 04:50:31 
Mar 31 04:50:31 【京东账号1】burst3166
Mar 31 04:50:31 【生产商品】巴旦木
Mar 31 04:50:31 【当前等级】工程师 4
Mar 31 04:50:31 【生产进度】29.42%
Mar 31 04:50:31 【招工进度】0/10
Mar 31 04:50:31 【收取发电站】收取成功，获得 716 电力
Mar 31 04:50:31 【每日任务】领奖成功，共计 1216 电力
Mar 31 04:50:31 【投入电力】投入成功，共计 1200 电力
Mar 31 04:50:31 【打工电力】收取失败，6点后可领取
Mar 31 04:50:31 【收取自己零件】今日已达上限
Mar 31 04:50:31 【收取好友零件】今日已达上限
Mar 31 04:50:31 
Mar 31 04:50:32 
Mar 31 04:50:32 参加作者的团
Mar 31 04:50:32 
Mar 31 04:50:32 参团失败：{"msg":"您已成团","nowTime":1617137432,"ret":10209}
Mar 31 04:50:32 参团失败：{"msg":"您已成团","nowTime":1617137432,"ret":10209}
Mar 31 04:50:32 参团失败：{"msg":"您已成团","nowTime":1617137432,"ret":10209}
Mar 31 04:50:32 参团失败：{"msg":"您已成团","nowTime":1617137432,"ret":10209}
Mar 31 04:50:35 
Mar 31 04:50:35 🔔京喜工厂, 结束! 🕛 24.78 秒
Mar 31 04:50:35 
Mar 31 05:50:02 
Mar 31 05:50:02 🔔京喜工厂, 开始!
Mar 31 05:50:02 
Mar 31 05:50:02 ====================共1个京东账号Cookie=========
Mar 31 05:50:02 
Mar 31 05:50:02 ==================脚本执行- 北京时间(UTC+8)：3/31/2021, 5:50:02 AM=====================
Mar 31 05:50:02 
Mar 31 05:50:03 获取签名参数成功！
Mar 31 05:50:03 fp: 3527002507823161
Mar 31 05:50:03 token: tk01wa8081be6a8nQlJIdTVMUTYwhbhi+BLie2t0s7DI++ZahVTrAFxBynpOD4+WDE3avrRDZiTcBSho2NrNVdCMl8dK
Mar 31 05:50:03 enCryptMethodJD: function test(token,fingerprint,timestamp,appId,algo){const random='pkHe9GOVsLnZ';const str=`${token}${fingerprint}${timestamp}${appId}${random}`;return algo.MD5(str)}
Mar 31 05:50:03 开始获取京喜工厂配置文件
Mar 31 05:50:03 
Mar 31 05:50:03 tuanActiveId: i9ideMF_BUOdVtmbe1pSeA==
Mar 31 05:50:03 共1个京东账号
Mar 31 05:50:03 
Mar 31 05:50:03 您提供了1个账号的京喜工厂助力码
Mar 31 05:50:03 
Mar 31 05:50:03 
Mar 31 05:50:03 ******开始【京东账号1】burst3166*********
Mar 31 05:50:03 
Mar 31 05:50:03 再加0.09%电力可开红包
Mar 31 05:50:03 
Mar 31 05:50:03 当前电力：89
Mar 31 05:50:03 当前等级：4
Mar 31 05:50:03 
Mar 31 05:50:03 【京东账号1（burst3166）的京喜工厂好友互助码】A1GAHQrpp1nm7pmfuDlKAg==
Mar 31 05:50:03 已投入电力：218900
Mar 31 05:50:03 所需电力：740000
Mar 31 05:50:03 生产进度：29.58%
Mar 31 05:50:03 
Mar 31 05:50:03 
Mar 31 05:50:03 你今日还能帮好友打工（3/3）次
Mar 31 05:50:03 
Mar 31 05:50:03 
Mar 31 05:50:03 【今日招工进度】0/10
Mar 31 05:50:03 
Mar 31 05:50:03 未到招工时间(每日6-24点之间可招工)
Mar 31 05:50:03 
Mar 31 05:50:04 发电机：当前 359.1 电力，最大值 390 电力
Mar 31 05:50:04 
Mar 31 05:50:04 本次发电机电力集满分享后不可获得双倍电力，故现在收取电力
Mar 31 05:50:04 
Mar 31 05:50:04 收取电力成功: 共718 
Mar 31 05:50:04 完成任务：共领取718电力
Mar 31 05:50:04 成功投入电力800电力
Mar 31 05:50:04 打工电力：收取失败，6点后可领取
Mar 31 05:50:04 自家地下暂无零件可收
Mar 31 05:50:05 查询好友列表完成，共28好友，下面开始拾取好友地下的零件
Mar 31 05:50:05 
Mar 31 05:50:05 开始收取第 1 个好友 1ysne6hoo-pwlVG7b_U0DQ== 地下零件
Mar 31 05:50:05 好友【1ysne6hoo-pwlVG7b_U0DQ==】地下暂无零件可收
Mar 31 05:50:05 开始收取第 2 个好友 8I4PGcZpjvt_Nq20R0r-4Q== 地下零件
Mar 31 05:50:06 好友【8I4PGcZpjvt_Nq20R0r-4Q==】地下暂无零件可收
Mar 31 05:50:06 开始收取第 3 个好友 lmOajc3zN-XR5JxkIqM5qA== 地下零件
Mar 31 05:50:06 好友【lmOajc3zN-XR5JxkIqM5qA==】地下暂无零件可收
Mar 31 05:50:06 开始收取第 4 个好友 4Ff3bUhMlfJaid8B4qm32Q== 地下零件
Mar 31 05:50:07 好友【4Ff3bUhMlfJaid8B4qm32Q==】地下暂无零件可收
Mar 31 05:50:07 开始收取第 5 个好友 MJix7oSghPKjPtH8uJFaEA== 地下零件
Mar 31 05:50:07 好友【MJix7oSghPKjPtH8uJFaEA==】地下暂无零件可收
Mar 31 05:50:07 开始收取第 6 个好友 Oa8unWu-KdPrmGzypTpgUg== 地下零件
Mar 31 05:50:08 好友【Oa8unWu-KdPrmGzypTpgUg==】地下暂无零件可收
Mar 31 05:50:08 开始收取第 7 个好友 hyykhYqbGaAs-0No8h6kVQ== 地下零件
Mar 31 05:50:09 好友【hyykhYqbGaAs-0No8h6kVQ==】地下暂无零件可收
Mar 31 05:50:09 开始收取第 8 个好友 N8QdMHreY_pd7rIHq9zlFw== 地下零件
Mar 31 05:50:09 好友【N8QdMHreY_pd7rIHq9zlFw==】地下暂无零件可收
Mar 31 05:50:09 开始收取第 9 个好友 SIQEUukDV19DwOQGjd9J5Q== 地下零件
Mar 31 05:50:10 好友【SIQEUukDV19DwOQGjd9J5Q==】地下暂无零件可收
Mar 31 05:50:10 开始收取第 10 个好友 CJvUmDW5_In4nqFPr7BkVg== 地下零件
Mar 31 05:50:10 好友【CJvUmDW5_In4nqFPr7BkVg==】地下暂无零件可收
Mar 31 05:50:10 开始收取第 11 个好友 juHlWyZK6YCYEaIui-9O9A== 地下零件
Mar 31 05:50:11 好友【juHlWyZK6YCYEaIui-9O9A==】地下暂无零件可收
Mar 31 05:50:11 开始收取第 12 个好友 LLngJORM-9zh8UYMGcfd2A== 地下零件
Mar 31 05:50:11 好友【LLngJORM-9zh8UYMGcfd2A==】地下暂无零件可收
Mar 31 05:50:11 开始收取第 13 个好友 MJMF4orse-sJYN5pcyklXQ== 地下零件
Mar 31 05:50:12 好友【MJMF4orse-sJYN5pcyklXQ==】地下暂无零件可收
Mar 31 05:50:12 开始收取第 14 个好友 J0ZdwtZszB5pnvxDv6l8tQ== 地下零件
Mar 31 05:50:12 好友【J0ZdwtZszB5pnvxDv6l8tQ==】地下暂无零件可收
Mar 31 05:50:13 开始收取第 15 个好友 guBovILfmX3SJTf_AQNDRg== 地下零件
Mar 31 05:50:13 好友【guBovILfmX3SJTf_AQNDRg==】地下暂无零件可收
Mar 31 05:50:13 开始收取第 16 个好友 X6RooQQkq_I28EjOEpv3Lg== 地下零件
Mar 31 05:50:14 好友【X6RooQQkq_I28EjOEpv3Lg==】地下暂无零件可收
Mar 31 05:50:14 开始收取第 17 个好友 uhcZW_ZiVE0UsO11648SHA== 地下零件
Mar 31 05:50:14 好友【uhcZW_ZiVE0UsO11648SHA==】地下暂无零件可收
Mar 31 05:50:14 开始收取第 18 个好友 F-LnusDb7uc82e3xbgcq7g== 地下零件
Mar 31 05:50:15 好友【F-LnusDb7uc82e3xbgcq7g==】地下暂无零件可收
Mar 31 05:50:15 开始收取第 19 个好友 Sqhj-l0-WiKejPGYH5sEJQ== 地下零件
Mar 31 05:50:15 好友【Sqhj-l0-WiKejPGYH5sEJQ==】地下暂无零件可收
Mar 31 05:50:15 开始收取第 20 个好友 i55e65wxNYfC4tZ2R8bvdA== 地下零件
Mar 31 05:50:16 好友【i55e65wxNYfC4tZ2R8bvdA==】地下暂无零件可收
Mar 31 05:50:16 开始收取第 21 个好友 uJ0m1yiLaG6xNqOVpfLfncFZphSvO5VIUlgMcT9fV5E= 地下零件
Mar 31 05:50:16 好友【uJ0m1yiLaG6xNqOVpfLfncFZphSvO5VIUlgMcT9fV5E=】地下暂无零件可收
Mar 31 05:50:16 开始收取第 22 个好友 v8gwk5IrNis2alvqFJbmpw== 地下零件
Mar 31 05:50:17 好友【v8gwk5IrNis2alvqFJbmpw==】地下暂无零件可收
Mar 31 05:50:17 开始收取第 23 个好友 3JehqRP1jBOq-0vpydgxow== 地下零件
Mar 31 05:50:17 好友【3JehqRP1jBOq-0vpydgxow==】地下暂无零件可收
Mar 31 05:50:17 开始收取第 24 个好友 7fzlmybQNCsUvyimRAXUOA== 地下零件
Mar 31 05:50:18 好友【7fzlmybQNCsUvyimRAXUOA==】地下暂无零件可收
Mar 31 05:50:18 开始收取第 25 个好友 pBFolkAT7mLHZPTHo8rkbA== 地下零件
Mar 31 05:50:19 好友【pBFolkAT7mLHZPTHo8rkbA==】地下暂无零件可收
Mar 31 05:50:19 开始收取第 26 个好友 Z4EkI5Mzd0IllHBOOSXwsA== 地下零件
Mar 31 05:50:19 好友【Z4EkI5Mzd0IllHBOOSXwsA==】地下暂无零件可收
Mar 31 05:50:19 开始收取第 27 个好友 m2LC0Qsqnr3rK8e3ApvsuQ== 地下零件
Mar 31 05:50:20 好友【m2LC0Qsqnr3rK8e3ApvsuQ==】地下暂无零件可收
Mar 31 05:50:20 开始收取第 28 个好友 5LcqlK-8sBkaG8Mg7mCYvQ== 地下零件
Mar 31 05:50:20 好友【5LcqlK-8sBkaG8Mg7mCYvQ==】地下暂无零件可收
Mar 31 05:50:20 
Mar 31 05:50:20 团活动ID  i9ideMF_BUOdVtmbe1pSeA==
Mar 31 05:50:20 团ID  SZKQ9YMLTd6VwJmBHXbRtA==
Mar 31 05:50:20 
Mar 31 05:50:20 今日剩余开团次数：2次
Mar 31 05:50:20 
Mar 31 05:50:20 开团情况:1/6
Mar 31 05:50:20 
Mar 31 05:50:20 
Mar 31 05:50:20 此团未达领取团奖励人数：6人
Mar 31 05:50:20 
Mar 31 05:50:20 3/29/2021, 11:51:13 PM参加团主【A1GAHQrpp1nm7pmfuDlKAg==】失败
Mar 31 05:50:20 3/29/2021, 10:50:37 AM参加团主【A1GAHQrpp1nm7pmfuDlKAg==】失败
Mar 31 05:50:20 3/28/2021, 10:49:59 PM参加团主【A1GAHQrpp1nm7pmfuDlKAg==】失败
Mar 31 05:50:20 3/28/2021, 8:56:28 PM参加团主【N8QdMHreY_pd7rIHq9zlFw==】失败
Mar 31 05:50:20 3/28/2021, 10:32:41 AM参加团主【A1GAHQrpp1nm7pmfuDlKAg==】失败
Mar 31 05:50:20 3/27/2021, 9:50:38 PM参加团主【A1GAHQrpp1nm7pmfuDlKAg==】失败
Mar 31 05:50:20 3/27/2021, 8:50:35 AM参加团主【A1GAHQrpp1nm7pmfuDlKAg==】失败
Mar 31 05:50:20 3/26/2021, 7:50:43 PM参加团主【A1GAHQrpp1nm7pmfuDlKAg==】失败
Mar 31 05:50:20 3/31/2021, 12:51:04 AM参加团主【A1GAHQrpp1nm7pmfuDlKAg==】失败
Mar 31 05:50:20 3/30/2021, 12:50:36 PM参加团主【A1GAHQrpp1nm7pmfuDlKAg==】失败
Mar 31 05:50:20 
Mar 31 05:50:20   商品名     兑换状态
Mar 31 05:50:20 三合一数据线    已兑换
Mar 31 05:50:20 多味花生3袋    已兑换
Mar 31 05:50:20 刀具三件套    已兑换
Mar 31 05:50:20 
Mar 31 05:50:20 【京东账号1】burst3166
Mar 31 05:50:20 【生产商品】巴旦木
Mar 31 05:50:20 【当前等级】工程师 4
Mar 31 05:50:20 【生产进度】29.58%
Mar 31 05:50:20 【招工进度】0/10
Mar 31 05:50:20 【收取发电站】收取成功，获得 718 电力
Mar 31 05:50:20 【每日任务】领奖成功，共计 718 电力
Mar 31 05:50:20 【投入电力】投入成功，共计 800 电力
Mar 31 05:50:20 【打工电力】收取失败，6点后可领取
Mar 31 05:50:20 【收取自己零件】今日已达上限
Mar 31 05:50:20 【收取好友零件】今日已达上限
Mar 31 05:50:20 
Mar 31 05:50:21 
Mar 31 05:50:21 参加作者的团
Mar 31 05:50:21 
Mar 31 05:50:21 参团失败：{"msg":"您已成团","nowTime":1617141021,"ret":10209}
Mar 31 05:50:21 参团失败：{"msg":"您已成团","nowTime":1617141022,"ret":10209}
Mar 31 05:50:22 
Mar 31 05:50:22 🔔京喜工厂, 结束! 🕛 19.75 秒
Mar 31 05:50:22 
Mar 31 06:50:29 
Mar 31 06:50:29 🔔京喜工厂, 开始!
Mar 31 06:50:29 
Mar 31 06:50:29 ====================共1个京东账号Cookie=========
Mar 31 06:50:29 
Mar 31 06:50:29 ==================脚本执行- 北京时间(UTC+8)：3/31/2021, 6:50:29 AM=====================
Mar 31 06:50:29 
Mar 31 06:50:30 获取签名参数成功！
Mar 31 06:50:30 fp: 3532371311575161
Mar 31 06:50:30 token: tk01wb1071ce6a8nQTJWNG5xQXZHpbQw94GaPDpl23xRLhsb6MJxMghWVD+ACuaHfkTWLZtDdoatpmzob3YQR4x7Xxbp
Mar 31 06:50:30 enCryptMethodJD: function test(token,fingerprint,timestamp,appId,algo){const random='hfrFKXxISPah';const str=`${token}${fingerprint}${timestamp}${appId}${random}`;return algo.HmacMD5(str,token)}
Mar 31 06:50:30 开始获取京喜工厂配置文件
Mar 31 06:50:30 
Mar 31 06:50:30 tuanActiveId: i9ideMF_BUOdVtmbe1pSeA==
Mar 31 06:50:30 共1个京东账号
Mar 31 06:50:30 
Mar 31 06:50:30 您提供了1个账号的京喜工厂助力码
Mar 31 06:50:30 
Mar 31 06:50:30 
Mar 31 06:50:30 ******开始【京东账号1】burst3166*********
Mar 31 06:50:30 
Mar 31 06:50:30 再加2.78%电力可开红包
Mar 31 06:50:30 
Mar 31 06:50:30 当前电力：7
Mar 31 06:50:30 当前等级：4
Mar 31 06:50:30 
Mar 31 06:50:30 【京东账号1（burst3166）的京喜工厂好友互助码】A1GAHQrpp1nm7pmfuDlKAg==
Mar 31 06:50:30 已投入电力：221700
Mar 31 06:50:30 所需电力：740000
Mar 31 06:50:30 生产进度：29.96%
Mar 31 06:50:30 
Mar 31 06:50:30 
Mar 31 06:50:30 你今日还能帮好友打工（1/3）次
Mar 31 06:50:30 
Mar 31 06:50:30 
Mar 31 06:50:30 【今日招工进度】5/10
Mar 31 06:50:30 开始
Mar 31 06:50:31 随机取20个码放到您固定的互助码后面(不影响已有固定互助)
Mar 31 06:50:31 第1个京东账号将要助力的好友["8I4PGcZpjvt_Nq20R0r-4Q==","lmOajc3zN-XR5JxkIqM5qA==","1ysne6hoo-pwlVG7b_U0DQ==","LLngJORM-9zh8UYMGcfd2A==","MJMF4orse-sJYN5pcyklXQ==","J0ZdwtZszB5pnvxDv6l8tQ==","A1GAHQrpp1nm7pmfuDlKAg==","9SYzE6AZzwvIFj8DkrvQcA==","DBIx2pPu22N-PmpivoYdqQ==","Nh_PvkjTg0H3s__zplSH8Q==","cQ4iKXEWTZV9ZjNTCNy3RQ==","RlJ46jhyGNnEUvKGyRI0hg==","7AO-BNjFskLAhPGw5Y7vo0zvsinkoaWHCtZXiLDiFVQ=","mbvvBkqa9KwHJpnQ6bBkJg==","gGnTFG3v-oXM8kULgOXE9Q==","eBJTD1uDiEDYP9hRcay_5A==","f3kFyF7hFvlRQ2muFNWcQQ==","u254A1oFVAnX2VQDtIMD_A==","WRc7etGjf6qfZKwtrsJgMA==","X7dnyiE-U48RXOkAj-fhaf17W-mafZEe6Hf-aa66CtE=","VX3-rby3KvyI57xE8aSEuA==","mKJLGMdiu-2R3YTAS8Ykbg==","YTjUqmQBZhikOfry-KulnQ==","tfrofuRkf89BDpxwlGYbZg==","pa_N1LbW4Pc6s-Aaprj_lA==","DJsfofiTHeDZg2NxgxFNvw==","VWh_BfVfiMyfNYcs-hGujA=="]
Mar 31 06:50:31 助力朋友[8I4PGcZpjvt_Nq20R0r-4Q==]失败：正在为niujie打工，28分钟后才能助力下一位好友～，跳出助力
Mar 31 06:50:31 发电机：当前 362.7 电力，最大值 390 电力
Mar 31 06:50:31 
Mar 31 06:50:31 本次发电机电力集满分享后可获得双倍电力，故目前不收取电力
Mar 31 06:50:31 
Mar 31 06:50:31 任务：今日首次招工可完成
Mar 31 06:50:31 领取今日首次招工任务奖励成功，收获：1000电力
Mar 31 06:50:32 任务：给工厂招募工人可完成
Mar 31 06:50:32 领取给工厂招募工人任务奖励成功，收获：800电力
Mar 31 06:50:33 任务：累计招募工人数可完成
Mar 31 06:50:33 领取累计招募工人数任务奖励成功，收获：800电力
Mar 31 06:50:34 完成任务：共领取2600电力
Mar 31 06:50:34 成功投入电力2600电力
Mar 31 06:50:34 打工电力：收取成功
Mar 31 06:50:35 自家地下暂无零件可收
Mar 31 06:50:35 查询好友列表完成，共29好友，下面开始拾取好友地下的零件
Mar 31 06:50:35 
Mar 31 06:50:35 开始收取第 1 个好友 1ysne6hoo-pwlVG7b_U0DQ== 地下零件
Mar 31 06:50:36 好友【1ysne6hoo-pwlVG7b_U0DQ==】地下暂无零件可收
Mar 31 06:50:36 开始收取第 2 个好友 8I4PGcZpjvt_Nq20R0r-4Q== 地下零件
Mar 31 06:50:36 好友【8I4PGcZpjvt_Nq20R0r-4Q==】地下暂无零件可收
Mar 31 06:50:36 开始收取第 3 个好友 lmOajc3zN-XR5JxkIqM5qA== 地下零件
Mar 31 06:50:37 好友【lmOajc3zN-XR5JxkIqM5qA==】地下暂无零件可收
Mar 31 06:50:37 开始收取第 4 个好友 4Ff3bUhMlfJaid8B4qm32Q== 地下零件
Mar 31 06:50:38 好友【4Ff3bUhMlfJaid8B4qm32Q==】地下暂无零件可收
Mar 31 06:50:38 开始收取第 5 个好友 MJix7oSghPKjPtH8uJFaEA== 地下零件
Mar 31 06:50:38 好友【MJix7oSghPKjPtH8uJFaEA==】地下暂无零件可收
Mar 31 06:50:38 开始收取第 6 个好友 Oa8unWu-KdPrmGzypTpgUg== 地下零件
Mar 31 06:50:39 好友【Oa8unWu-KdPrmGzypTpgUg==】地下暂无零件可收
Mar 31 06:50:39 开始收取第 7 个好友 hyykhYqbGaAs-0No8h6kVQ== 地下零件
Mar 31 06:50:39 好友【hyykhYqbGaAs-0No8h6kVQ==】地下暂无零件可收
Mar 31 06:50:39 开始收取第 8 个好友 N8QdMHreY_pd7rIHq9zlFw== 地下零件
Mar 31 06:50:40 好友【N8QdMHreY_pd7rIHq9zlFw==】地下暂无零件可收
Mar 31 06:50:40 开始收取第 9 个好友 SIQEUukDV19DwOQGjd9J5Q== 地下零件
Mar 31 06:50:40 好友【SIQEUukDV19DwOQGjd9J5Q==】地下暂无零件可收
Mar 31 06:50:40 开始收取第 10 个好友 CJvUmDW5_In4nqFPr7BkVg== 地下零件
Mar 31 06:50:41 好友【CJvUmDW5_In4nqFPr7BkVg==】地下暂无零件可收
Mar 31 06:50:41 开始收取第 11 个好友 juHlWyZK6YCYEaIui-9O9A== 地下零件
Mar 31 06:50:41 好友【juHlWyZK6YCYEaIui-9O9A==】地下暂无零件可收
Mar 31 06:50:41 开始收取第 12 个好友 LAxdowQnMU3ox65OdwNwZA== 地下零件
Mar 31 06:50:42 好友【LAxdowQnMU3ox65OdwNwZA==】地下暂无零件可收
Mar 31 06:50:42 开始收取第 13 个好友 LLngJORM-9zh8UYMGcfd2A== 地下零件
Mar 31 06:50:43 好友【LLngJORM-9zh8UYMGcfd2A==】地下暂无零件可收
Mar 31 06:50:43 开始收取第 14 个好友 MJMF4orse-sJYN5pcyklXQ== 地下零件
Mar 31 06:50:43 好友【MJMF4orse-sJYN5pcyklXQ==】地下暂无零件可收
Mar 31 06:50:43 开始收取第 15 个好友 J0ZdwtZszB5pnvxDv6l8tQ== 地下零件
Mar 31 06:50:44 好友【J0ZdwtZszB5pnvxDv6l8tQ==】地下暂无零件可收
Mar 31 06:50:44 开始收取第 16 个好友 guBovILfmX3SJTf_AQNDRg== 地下零件
Mar 31 06:50:44 好友【guBovILfmX3SJTf_AQNDRg==】地下暂无零件可收
Mar 31 06:50:44 开始收取第 17 个好友 X6RooQQkq_I28EjOEpv3Lg== 地下零件
Mar 31 06:50:45 好友【X6RooQQkq_I28EjOEpv3Lg==】地下暂无零件可收
Mar 31 06:50:45 开始收取第 18 个好友 uhcZW_ZiVE0UsO11648SHA== 地下零件
Mar 31 06:50:45 好友【uhcZW_ZiVE0UsO11648SHA==】地下暂无零件可收
Mar 31 06:50:45 开始收取第 19 个好友 F-LnusDb7uc82e3xbgcq7g== 地下零件
Mar 31 06:50:46 好友【F-LnusDb7uc82e3xbgcq7g==】地下暂无零件可收
Mar 31 06:50:46 开始收取第 20 个好友 Sqhj-l0-WiKejPGYH5sEJQ== 地下零件
Mar 31 06:50:46 好友【Sqhj-l0-WiKejPGYH5sEJQ==】地下暂无零件可收
Mar 31 06:50:46 开始收取第 21 个好友 i55e65wxNYfC4tZ2R8bvdA== 地下零件
Mar 31 06:50:47 好友【i55e65wxNYfC4tZ2R8bvdA==】地下暂无零件可收
Mar 31 06:50:47 开始收取第 22 个好友 uJ0m1yiLaG6xNqOVpfLfncFZphSvO5VIUlgMcT9fV5E= 地下零件
Mar 31 06:50:48 好友【uJ0m1yiLaG6xNqOVpfLfncFZphSvO5VIUlgMcT9fV5E=】地下暂无零件可收
Mar 31 06:50:48 开始收取第 23 个好友 v8gwk5IrNis2alvqFJbmpw== 地下零件
Mar 31 06:50:48 好友【v8gwk5IrNis2alvqFJbmpw==】地下暂无零件可收
Mar 31 06:50:48 开始收取第 24 个好友 3JehqRP1jBOq-0vpydgxow== 地下零件
Mar 31 06:50:49 好友【3JehqRP1jBOq-0vpydgxow==】地下暂无零件可收
Mar 31 06:50:49 开始收取第 25 个好友 7fzlmybQNCsUvyimRAXUOA== 地下零件
Mar 31 06:50:49 好友【7fzlmybQNCsUvyimRAXUOA==】地下暂无零件可收
Mar 31 06:50:49 开始收取第 26 个好友 pBFolkAT7mLHZPTHo8rkbA== 地下零件
Mar 31 06:50:50 好友【pBFolkAT7mLHZPTHo8rkbA==】地下暂无零件可收
Mar 31 06:50:50 开始收取第 27 个好友 Z4EkI5Mzd0IllHBOOSXwsA== 地下零件
Mar 31 06:50:50 好友【Z4EkI5Mzd0IllHBOOSXwsA==】地下暂无零件可收
Mar 31 06:50:50 开始收取第 28 个好友 m2LC0Qsqnr3rK8e3ApvsuQ== 地下零件
Mar 31 06:50:51 好友【m2LC0Qsqnr3rK8e3ApvsuQ==】地下暂无零件可收
Mar 31 06:50:51 开始收取第 29 个好友 5LcqlK-8sBkaG8Mg7mCYvQ== 地下零件
Mar 31 06:50:51 好友【5LcqlK-8sBkaG8Mg7mCYvQ==】地下暂无零件可收
Mar 31 06:50:51 
Mar 31 06:50:51 团活动ID  i9ideMF_BUOdVtmbe1pSeA==
Mar 31 06:50:51 团ID  SZKQ9YMLTd6VwJmBHXbRtA==
Mar 31 06:50:51 
Mar 31 06:50:51 今日剩余开团次数：2次
Mar 31 06:50:52 
Mar 31 06:50:52 开团情况:1/6
Mar 31 06:50:52 
Mar 31 06:50:52 
Mar 31 06:50:52 此团未达领取团奖励人数：6人
Mar 31 06:50:52 
Mar 31 06:50:52 3/29/2021, 11:51:13 PM参加团主【A1GAHQrpp1nm7pmfuDlKAg==】失败
Mar 31 06:50:52 3/29/2021, 10:50:37 AM参加团主【A1GAHQrpp1nm7pmfuDlKAg==】失败
Mar 31 06:50:52 3/28/2021, 10:49:59 PM参加团主【A1GAHQrpp1nm7pmfuDlKAg==】失败
Mar 31 06:50:52 3/28/2021, 8:56:28 PM参加团主【N8QdMHreY_pd7rIHq9zlFw==】失败
Mar 31 06:50:52 3/28/2021, 10:32:41 AM参加团主【A1GAHQrpp1nm7pmfuDlKAg==】失败
Mar 31 06:50:52 3/27/2021, 9:50:38 PM参加团主【A1GAHQrpp1nm7pmfuDlKAg==】失败
Mar 31 06:50:52 3/27/2021, 8:50:35 AM参加团主【A1GAHQrpp1nm7pmfuDlKAg==】失败
Mar 31 06:50:52 3/26/2021, 7:50:43 PM参加团主【A1GAHQrpp1nm7pmfuDlKAg==】失败
Mar 31 06:50:52 3/31/2021, 12:51:04 AM参加团主【A1GAHQrpp1nm7pmfuDlKAg==】失败
Mar 31 06:50:52 3/30/2021, 12:50:36 PM参加团主【A1GAHQrpp1nm7pmfuDlKAg==】失败
Mar 31 06:50:52 
Mar 31 06:50:52   商品名     兑换状态
Mar 31 06:50:52 三合一数据线    已兑换
Mar 31 06:50:52 多味花生3袋    已兑换
Mar 31 06:50:52 刀具三件套    已兑换
Mar 31 06:50:52 
Mar 31 06:50:52 【京东账号1】burst3166
Mar 31 06:50:52 【生产商品】巴旦木
Mar 31 06:50:52 【当前等级】工程师 4
Mar 31 06:50:52 【生产进度】29.96%
Mar 31 06:50:52 【招工进度】5/10
Mar 31 06:50:52 【发电机电力】当前 362.7 电力，未达到收获标准
Mar 31 06:50:52 【每日任务】领奖成功，共计 2600 电力
Mar 31 06:50:52 【投入电力】投入成功，共计 2600 电力
Mar 31 06:50:52 【打工电力】：收取成功
Mar 31 06:50:52 【收取自己零件】今日已达上限
Mar 31 06:50:52 【收取好友零件】今日已达上限
Mar 31 06:50:52 
Mar 31 06:50:52 
Mar 31 06:50:52 参加作者的团
Mar 31 06:50:52 
Mar 31 06:50:53 
Mar 31 06:50:53 🔔京喜工厂, 结束! 🕛 23.824 秒
Mar 31 06:50:53 
Mar 31 07:50:03 
Mar 31 07:50:03 🔔京喜工厂, 开始!
Mar 31 07:50:04 
Mar 31 07:50:04 ====================共1个京东账号Cookie=========
Mar 31 07:50:04 
Mar 31 07:50:04 ==================脚本执行- 北京时间(UTC+8)：3/31/2021, 7:50:04 AM=====================
Mar 31 07:50:04 
Mar 31 07:50:05 获取签名参数成功！
Mar 31 07:50:05 fp: 2705857780264161
Mar 31 07:50:05 token: tk01wb7401c91a8nc2xucWUzQ0xD8BdeLTJzEoDxL/iAIPjHNORmtWN+q4QRGRJa+pXV2waLVDYgsq+uUUjLl/WuilUi
Mar 31 07:50:05 enCryptMethodJD: function test(token,fingerprint,timestamp,appId,algo){const random='aXVdQJ6qKJVy';const str=`${token}${fingerprint}${timestamp}${appId}${random}`;return algo.SHA256(str)}
Mar 31 07:50:07 开始获取京喜工厂配置文件
Mar 31 07:50:07 
Mar 31 07:50:07 tuanActiveId: 6S9y4sJUfA2vPQP6TLdVIQ==
Mar 31 07:50:07 共1个京东账号
Mar 31 07:50:07 
Mar 31 07:50:07 您提供了1个账号的京喜工厂助力码
Mar 31 07:50:07 
Mar 31 07:50:07 
Mar 31 07:50:07 ******开始【京东账号1】burst3166*********
Mar 31 07:50:07 
Mar 31 07:50:07 再加3.61%电力可开红包
Mar 31 07:50:07 
Mar 31 07:50:07 当前电力：83
Mar 31 07:50:07 当前等级：5
Mar 31 07:50:07 
Mar 31 07:50:07 【京东账号1（burst3166）的京喜工厂好友互助码】A1GAHQrpp1nm7pmfuDlKAg==
Mar 31 07:50:07 已投入电力：248600
Mar 31 07:50:07 所需电力：740000
Mar 31 07:50:07 生产进度：33.59%
Mar 31 07:50:07 
Mar 31 07:50:07 
Mar 31 07:50:07 你今日还能帮好友打工（0/3）次
Mar 31 07:50:07 
Mar 31 07:50:07 
Mar 31 07:50:07 【今日招工进度】5/12
Mar 31 07:50:07 
Mar 31 07:50:07 今日助力好友机会已耗尽
Mar 31 07:50:07 
Mar 31 07:50:07 发电机：当前 420 电力，最大值 420 电力
Mar 31 07:50:07 发电机：电力可翻倍并收获
Mar 31 07:50:07 收取电力成功: 共840 
Mar 31 07:50:08 任务：累计收取发电机电力值可完成
Mar 31 07:50:08 领取累计收取发电机电力值任务奖励成功，收获：500电力
Mar 31 07:50:08 "Response code 503 (Service Temporarily Unavailable)"
Mar 31 07:50:09 任务：今日收取发电机电力可完成
Mar 31 07:50:09 领取今日收取发电机电力任务奖励成功，收获：500电力
Mar 31 07:50:10 完成任务：共领取1840电力
Mar 31 07:50:10 成功投入电力1900电力
Mar 31 07:50:10 自家地下暂无零件可收
Mar 31 07:50:11 查询好友列表完成，共29好友，下面开始拾取好友地下的零件
Mar 31 07:50:11 
Mar 31 07:50:11 开始收取第 1 个好友 1ysne6hoo-pwlVG7b_U0DQ== 地下零件
Mar 31 07:50:11 好友【1ysne6hoo-pwlVG7b_U0DQ==】地下暂无零件可收
Mar 31 07:50:11 开始收取第 2 个好友 8I4PGcZpjvt_Nq20R0r-4Q== 地下零件
Mar 31 07:50:12 好友【8I4PGcZpjvt_Nq20R0r-4Q==】地下暂无零件可收
Mar 31 07:50:12 开始收取第 3 个好友 lmOajc3zN-XR5JxkIqM5qA== 地下零件
Mar 31 07:50:12 好友【lmOajc3zN-XR5JxkIqM5qA==】地下暂无零件可收
Mar 31 07:50:12 开始收取第 4 个好友 4Ff3bUhMlfJaid8B4qm32Q== 地下零件
Mar 31 07:50:13 好友【4Ff3bUhMlfJaid8B4qm32Q==】地下暂无零件可收
Mar 31 07:50:13 开始收取第 5 个好友 MJix7oSghPKjPtH8uJFaEA== 地下零件
Mar 31 07:50:14 好友【MJix7oSghPKjPtH8uJFaEA==】地下暂无零件可收
Mar 31 07:50:14 开始收取第 6 个好友 Oa8unWu-KdPrmGzypTpgUg== 地下零件
Mar 31 07:50:14 好友【Oa8unWu-KdPrmGzypTpgUg==】地下暂无零件可收
Mar 31 07:50:14 开始收取第 7 个好友 hyykhYqbGaAs-0No8h6kVQ== 地下零件
Mar 31 07:50:15 好友【hyykhYqbGaAs-0No8h6kVQ==】地下暂无零件可收
Mar 31 07:50:15 开始收取第 8 个好友 SIQEUukDV19DwOQGjd9J5Q== 地下零件
Mar 31 07:50:15 好友【SIQEUukDV19DwOQGjd9J5Q==】地下暂无零件可收
Mar 31 07:50:15 开始收取第 9 个好友 N8QdMHreY_pd7rIHq9zlFw== 地下零件
Mar 31 07:50:16 好友【N8QdMHreY_pd7rIHq9zlFw==】地下暂无零件可收
Mar 31 07:50:16 开始收取第 10 个好友 CJvUmDW5_In4nqFPr7BkVg== 地下零件
Mar 31 07:50:16 好友【CJvUmDW5_In4nqFPr7BkVg==】地下暂无零件可收
Mar 31 07:50:16 开始收取第 11 个好友 juHlWyZK6YCYEaIui-9O9A== 地下零件
Mar 31 07:50:17 好友【juHlWyZK6YCYEaIui-9O9A==】地下暂无零件可收
Mar 31 07:50:17 开始收取第 12 个好友 LAxdowQnMU3ox65OdwNwZA== 地下零件
Mar 31 07:50:17 好友【LAxdowQnMU3ox65OdwNwZA==】地下暂无零件可收
Mar 31 07:50:17 开始收取第 13 个好友 LLngJORM-9zh8UYMGcfd2A== 地下零件
Mar 31 07:50:18 好友【LLngJORM-9zh8UYMGcfd2A==】地下暂无零件可收
Mar 31 07:50:18 开始收取第 14 个好友 MJMF4orse-sJYN5pcyklXQ== 地下零件
Mar 31 07:50:19 好友【MJMF4orse-sJYN5pcyklXQ==】地下暂无零件可收
Mar 31 07:50:19 开始收取第 15 个好友 J0ZdwtZszB5pnvxDv6l8tQ== 地下零件
Mar 31 07:50:19 好友【J0ZdwtZszB5pnvxDv6l8tQ==】地下暂无零件可收
Mar 31 07:50:19 开始收取第 16 个好友 guBovILfmX3SJTf_AQNDRg== 地下零件
Mar 31 07:50:20 好友【guBovILfmX3SJTf_AQNDRg==】地下暂无零件可收
Mar 31 07:50:20 开始收取第 17 个好友 X6RooQQkq_I28EjOEpv3Lg== 地下零件
Mar 31 07:50:20 好友【X6RooQQkq_I28EjOEpv3Lg==】地下暂无零件可收
Mar 31 07:50:20 开始收取第 18 个好友 uhcZW_ZiVE0UsO11648SHA== 地下零件
Mar 31 07:50:21 好友【uhcZW_ZiVE0UsO11648SHA==】地下暂无零件可收
Mar 31 07:50:21 开始收取第 19 个好友 F-LnusDb7uc82e3xbgcq7g== 地下零件
Mar 31 07:50:21 好友【F-LnusDb7uc82e3xbgcq7g==】地下暂无零件可收
Mar 31 07:50:21 开始收取第 20 个好友 Sqhj-l0-WiKejPGYH5sEJQ== 地下零件
Mar 31 07:50:22 好友【Sqhj-l0-WiKejPGYH5sEJQ==】地下暂无零件可收
Mar 31 07:50:22 开始收取第 21 个好友 i55e65wxNYfC4tZ2R8bvdA== 地下零件
Mar 31 07:50:22 好友【i55e65wxNYfC4tZ2R8bvdA==】地下暂无零件可收
Mar 31 07:50:22 开始收取第 22 个好友 uJ0m1yiLaG6xNqOVpfLfncFZphSvO5VIUlgMcT9fV5E= 地下零件
Mar 31 07:50:23 好友【uJ0m1yiLaG6xNqOVpfLfncFZphSvO5VIUlgMcT9fV5E=】地下暂无零件可收
Mar 31 07:50:23 开始收取第 23 个好友 v8gwk5IrNis2alvqFJbmpw== 地下零件
Mar 31 07:50:24 好友【v8gwk5IrNis2alvqFJbmpw==】地下暂无零件可收
Mar 31 07:50:24 开始收取第 24 个好友 3JehqRP1jBOq-0vpydgxow== 地下零件
Mar 31 07:50:24 好友【3JehqRP1jBOq-0vpydgxow==】地下暂无零件可收
Mar 31 07:50:24 开始收取第 25 个好友 7fzlmybQNCsUvyimRAXUOA== 地下零件
Mar 31 07:50:25 好友【7fzlmybQNCsUvyimRAXUOA==】地下暂无零件可收
Mar 31 07:50:25 开始收取第 26 个好友 pBFolkAT7mLHZPTHo8rkbA== 地下零件
Mar 31 07:50:25 好友【pBFolkAT7mLHZPTHo8rkbA==】地下暂无零件可收
Mar 31 07:50:25 开始收取第 27 个好友 Z4EkI5Mzd0IllHBOOSXwsA== 地下零件
Mar 31 07:50:26 好友【Z4EkI5Mzd0IllHBOOSXwsA==】地下暂无零件可收
Mar 31 07:50:26 开始收取第 28 个好友 m2LC0Qsqnr3rK8e3ApvsuQ== 地下零件
Mar 31 07:50:26 好友【m2LC0Qsqnr3rK8e3ApvsuQ==】地下暂无零件可收
Mar 31 07:50:26 开始收取第 29 个好友 5LcqlK-8sBkaG8Mg7mCYvQ== 地下零件
Mar 31 07:50:27 好友【5LcqlK-8sBkaG8Mg7mCYvQ==】地下暂无零件可收
Mar 31 07:50:27 
Mar 31 07:50:27 团活动ID  6S9y4sJUfA2vPQP6TLdVIQ==
Mar 31 07:50:27 团ID  
Mar 31 07:50:27 
Mar 31 07:50:27 今日剩余开团次数：3次
Mar 31 07:50:27 准备开团
Mar 31 07:50:27 开团异常：{"msg":"活动已结束，请稍后再试~","nowTime":1617148227,"ret":10218}
Mar 31 07:50:27 
Mar 31 07:50:27   商品名     兑换状态
Mar 31 07:50:27 三合一数据线    已兑换
Mar 31 07:50:27 多味花生3袋    已兑换
Mar 31 07:50:27 刀具三件套    已兑换
Mar 31 07:50:27 
Mar 31 07:50:27 【京东账号1】burst3166
Mar 31 07:50:27 【生产商品】巴旦木
Mar 31 07:50:27 【当前等级】高级工程师 5
Mar 31 07:50:27 【生产进度】33.59%
Mar 31 07:50:27 【招工进度】5/12
Mar 31 07:50:27 【收取发电站】收取成功，获得 840 电力
Mar 31 07:50:27 【每日任务】领奖成功，共计 1840 电力
Mar 31 07:50:27 【投入电力】投入成功，共计 1900 电力
Mar 31 07:50:27 【收取自己零件】今日已达上限
Mar 31 07:50:27 【收取好友零件】今日已达上限
Mar 31 07:50:27 
Mar 31 07:50:28 
Mar 31 07:50:28 参加作者的团
Mar 31 07:50:28 
Mar 31 07:50:28 
Mar 31 07:50:28 🔔京喜工厂, 结束! 🕛 24.533 秒
Mar 31 07:50:28 
Mar 31 08:50:14 
Mar 31 08:50:14 🔔京喜工厂, 开始!
Mar 31 08:50:14 
Mar 31 08:50:14 ====================共1个京东账号Cookie=========
Mar 31 08:50:14 
Mar 31 08:50:14 ==================脚本执行- 北京时间(UTC+8)：3/31/2021, 8:50:14 AM=====================
Mar 31 08:50:14 
Mar 31 08:50:15 获取签名参数成功！
Mar 31 08:50:15 fp: 7090620700364161
Mar 31 08:50:15 token: tk01wb2e61c60a8nOGRBNStRZXJlNifwl547gES7Mqonl5+LjJhfYtCCtXhREvosUAQgBTAG1v2ZG3hvYOWe0oy2hVTp
Mar 31 08:50:15 enCryptMethodJD: function test(token,fingerprint,timestamp,appId,algo){const random='MHL2n1weERbj';const str=`${token}${fingerprint}${timestamp}${appId}${random}`;return algo.HmacSHA256(str,token)}
Mar 31 08:50:17 开始获取京喜工厂配置文件
Mar 31 08:50:17 
Mar 31 08:50:17 tuanActiveId: i9ideMF_BUOdVtmbe1pSeA==
Mar 31 08:50:17 共1个京东账号
Mar 31 08:50:17 
Mar 31 08:50:17 您提供了1个账号的京喜工厂助力码
Mar 31 08:50:17 
Mar 31 08:50:17 
Mar 31 08:50:17 ******开始【京东账号1】burst3166*********
Mar 31 08:50:17 
Mar 31 08:50:17 再加3.36%电力可开红包
Mar 31 08:50:17 
Mar 31 08:50:17 当前电力：23
Mar 31 08:50:17 当前等级：5
Mar 31 08:50:17 
Mar 31 08:50:17 【京东账号1（burst3166）的京喜工厂好友互助码】A1GAHQrpp1nm7pmfuDlKAg==
Mar 31 08:50:17 已投入电力：250500
Mar 31 08:50:17 所需电力：740000
Mar 31 08:50:17 生产进度：33.85%
Mar 31 08:50:17 
Mar 31 08:50:17 
Mar 31 08:50:17 你今日还能帮好友打工（0/3）次
Mar 31 08:50:17 
Mar 31 08:50:17 
Mar 31 08:50:17 【今日招工进度】5/12
Mar 31 08:50:17 
Mar 31 08:50:17 今日助力好友机会已耗尽
Mar 31 08:50:17 
Mar 31 08:50:17 发电机：当前 360.9 电力，最大值 420 电力
Mar 31 08:50:17 
Mar 31 08:50:17 本次发电机电力集满分享后可获得双倍电力，故目前不收取电力
Mar 31 08:50:17 
Mar 31 08:50:17 完成任务：共领取0电力
Mar 31 08:50:17 投入失败，电力不足，快去做任务吧~
Mar 31 08:50:18 自家地下暂无零件可收
Mar 31 08:50:18 查询好友列表完成，共29好友，下面开始拾取好友地下的零件
Mar 31 08:50:18 
Mar 31 08:50:18 开始收取第 1 个好友 1ysne6hoo-pwlVG7b_U0DQ== 地下零件
Mar 31 08:50:19 好友【1ysne6hoo-pwlVG7b_U0DQ==】地下暂无零件可收
Mar 31 08:50:19 开始收取第 2 个好友 8I4PGcZpjvt_Nq20R0r-4Q== 地下零件
Mar 31 08:50:19 好友【8I4PGcZpjvt_Nq20R0r-4Q==】地下暂无零件可收
Mar 31 08:50:19 开始收取第 3 个好友 lmOajc3zN-XR5JxkIqM5qA== 地下零件
Mar 31 08:50:20 好友【lmOajc3zN-XR5JxkIqM5qA==】地下暂无零件可收
Mar 31 08:50:20 开始收取第 4 个好友 4Ff3bUhMlfJaid8B4qm32Q== 地下零件
Mar 31 08:50:20 好友【4Ff3bUhMlfJaid8B4qm32Q==】地下暂无零件可收
Mar 31 08:50:20 开始收取第 5 个好友 MJix7oSghPKjPtH8uJFaEA== 地下零件
Mar 31 08:50:21 好友【MJix7oSghPKjPtH8uJFaEA==】地下暂无零件可收
Mar 31 08:50:21 开始收取第 6 个好友 Oa8unWu-KdPrmGzypTpgUg== 地下零件
Mar 31 08:50:21 好友【Oa8unWu-KdPrmGzypTpgUg==】地下暂无零件可收
Mar 31 08:50:21 开始收取第 7 个好友 hyykhYqbGaAs-0No8h6kVQ== 地下零件
Mar 31 08:50:22 好友【hyykhYqbGaAs-0No8h6kVQ==】地下暂无零件可收
Mar 31 08:50:22 开始收取第 8 个好友 SIQEUukDV19DwOQGjd9J5Q== 地下零件
Mar 31 08:50:23 好友【SIQEUukDV19DwOQGjd9J5Q==】地下暂无零件可收
Mar 31 08:50:23 开始收取第 9 个好友 N8QdMHreY_pd7rIHq9zlFw== 地下零件
Mar 31 08:50:23 好友【N8QdMHreY_pd7rIHq9zlFw==】地下暂无零件可收
Mar 31 08:50:23 开始收取第 10 个好友 CJvUmDW5_In4nqFPr7BkVg== 地下零件
Mar 31 08:50:24 好友【CJvUmDW5_In4nqFPr7BkVg==】地下暂无零件可收
Mar 31 08:50:24 开始收取第 11 个好友 juHlWyZK6YCYEaIui-9O9A== 地下零件
Mar 31 08:50:24 好友【juHlWyZK6YCYEaIui-9O9A==】地下暂无零件可收
Mar 31 08:50:24 开始收取第 12 个好友 LAxdowQnMU3ox65OdwNwZA== 地下零件
Mar 31 08:50:25 好友【LAxdowQnMU3ox65OdwNwZA==】地下暂无零件可收
Mar 31 08:50:25 开始收取第 13 个好友 LLngJORM-9zh8UYMGcfd2A== 地下零件
Mar 31 08:50:26 好友【LLngJORM-9zh8UYMGcfd2A==】地下暂无零件可收
Mar 31 08:50:26 开始收取第 14 个好友 MJMF4orse-sJYN5pcyklXQ== 地下零件
Mar 31 08:50:26 好友【MJMF4orse-sJYN5pcyklXQ==】地下暂无零件可收
Mar 31 08:50:26 开始收取第 15 个好友 J0ZdwtZszB5pnvxDv6l8tQ== 地下零件
Mar 31 08:50:27 好友【J0ZdwtZszB5pnvxDv6l8tQ==】地下暂无零件可收
Mar 31 08:50:27 开始收取第 16 个好友 guBovILfmX3SJTf_AQNDRg== 地下零件
Mar 31 08:50:27 好友【guBovILfmX3SJTf_AQNDRg==】地下暂无零件可收
Mar 31 08:50:27 开始收取第 17 个好友 X6RooQQkq_I28EjOEpv3Lg== 地下零件
Mar 31 08:50:28 好友【X6RooQQkq_I28EjOEpv3Lg==】地下暂无零件可收
Mar 31 08:50:28 开始收取第 18 个好友 uhcZW_ZiVE0UsO11648SHA== 地下零件
Mar 31 08:50:28 好友【uhcZW_ZiVE0UsO11648SHA==】地下暂无零件可收
Mar 31 08:50:28 开始收取第 19 个好友 F-LnusDb7uc82e3xbgcq7g== 地下零件
Mar 31 08:50:29 好友【F-LnusDb7uc82e3xbgcq7g==】地下暂无零件可收
Mar 31 08:50:29 开始收取第 20 个好友 Sqhj-l0-WiKejPGYH5sEJQ== 地下零件
Mar 31 08:50:29 好友【Sqhj-l0-WiKejPGYH5sEJQ==】地下暂无零件可收
Mar 31 08:50:29 开始收取第 21 个好友 i55e65wxNYfC4tZ2R8bvdA== 地下零件
Mar 31 08:50:30 好友【i55e65wxNYfC4tZ2R8bvdA==】地下暂无零件可收
Mar 31 08:50:30 开始收取第 22 个好友 uJ0m1yiLaG6xNqOVpfLfncFZphSvO5VIUlgMcT9fV5E= 地下零件
Mar 31 08:50:30 好友【uJ0m1yiLaG6xNqOVpfLfncFZphSvO5VIUlgMcT9fV5E=】地下暂无零件可收
Mar 31 08:50:30 开始收取第 23 个好友 v8gwk5IrNis2alvqFJbmpw== 地下零件
Mar 31 08:50:31 好友【v8gwk5IrNis2alvqFJbmpw==】地下暂无零件可收
Mar 31 08:50:31 开始收取第 24 个好友 3JehqRP1jBOq-0vpydgxow== 地下零件
Mar 31 08:50:32 好友【3JehqRP1jBOq-0vpydgxow==】地下暂无零件可收
Mar 31 08:50:32 开始收取第 25 个好友 7fzlmybQNCsUvyimRAXUOA== 地下零件
Mar 31 08:50:32 好友【7fzlmybQNCsUvyimRAXUOA==】地下暂无零件可收
Mar 31 08:50:32 开始收取第 26 个好友 pBFolkAT7mLHZPTHo8rkbA== 地下零件
Mar 31 08:50:33 好友【pBFolkAT7mLHZPTHo8rkbA==】地下暂无零件可收
Mar 31 08:50:33 开始收取第 27 个好友 Z4EkI5Mzd0IllHBOOSXwsA== 地下零件
Mar 31 08:50:33 好友【Z4EkI5Mzd0IllHBOOSXwsA==】地下暂无零件可收
Mar 31 08:50:33 开始收取第 28 个好友 m2LC0Qsqnr3rK8e3ApvsuQ== 地下零件
Mar 31 08:50:34 好友【m2LC0Qsqnr3rK8e3ApvsuQ==】地下暂无零件可收
Mar 31 08:50:34 开始收取第 29 个好友 5LcqlK-8sBkaG8Mg7mCYvQ== 地下零件
Mar 31 08:50:34 好友【5LcqlK-8sBkaG8Mg7mCYvQ==】地下暂无零件可收
Mar 31 08:50:34 
Mar 31 08:50:34 团活动ID  i9ideMF_BUOdVtmbe1pSeA==
Mar 31 08:50:34 团ID  SZKQ9YMLTd6VwJmBHXbRtA==
Mar 31 08:50:34 
Mar 31 08:50:34 今日剩余开团次数：2次
Mar 31 08:50:34 
Mar 31 08:50:34 开团情况:1/6
Mar 31 08:50:34 
Mar 31 08:50:34 
Mar 31 08:50:34 此团未达领取团奖励人数：6人
Mar 31 08:50:34 
Mar 31 08:50:35 3/29/2021, 11:51:13 PM参加团主【A1GAHQrpp1nm7pmfuDlKAg==】失败
Mar 31 08:50:35 3/29/2021, 10:50:37 AM参加团主【A1GAHQrpp1nm7pmfuDlKAg==】失败
Mar 31 08:50:35 3/28/2021, 10:49:59 PM参加团主【A1GAHQrpp1nm7pmfuDlKAg==】失败
Mar 31 08:50:35 3/28/2021, 8:56:28 PM参加团主【N8QdMHreY_pd7rIHq9zlFw==】失败
Mar 31 08:50:35 3/28/2021, 10:32:41 AM参加团主【A1GAHQrpp1nm7pmfuDlKAg==】失败
Mar 31 08:50:35 3/27/2021, 9:50:38 PM参加团主【A1GAHQrpp1nm7pmfuDlKAg==】失败
Mar 31 08:50:35 3/27/2021, 8:50:35 AM参加团主【A1GAHQrpp1nm7pmfuDlKAg==】失败
Mar 31 08:50:35 3/26/2021, 7:50:43 PM参加团主【A1GAHQrpp1nm7pmfuDlKAg==】失败
Mar 31 08:50:35 3/31/2021, 12:51:04 AM参加团主【A1GAHQrpp1nm7pmfuDlKAg==】失败
Mar 31 08:50:35 3/30/2021, 12:50:36 PM参加团主【A1GAHQrpp1nm7pmfuDlKAg==】失败
Mar 31 08:50:35 
Mar 31 08:50:35   商品名     兑换状态
Mar 31 08:50:35 三合一数据线    已兑换
Mar 31 08:50:35 多味花生3袋    已兑换
Mar 31 08:50:35 刀具三件套    已兑换
Mar 31 08:50:35 
Mar 31 08:50:35 【京东账号1】burst3166
Mar 31 08:50:35 【生产商品】巴旦木
Mar 31 08:50:35 【当前等级】高级工程师 5
Mar 31 08:50:35 【生产进度】33.85%
Mar 31 08:50:35 【招工进度】5/12
Mar 31 08:50:35 【发电机电力】当前 360.9 电力，未达到收获标准
Mar 31 08:50:35 【每日任务】领奖成功，共计 0 电力
Mar 31 08:50:35 【投入电力】投入失败，电力不足，快去做任务吧~
Mar 31 08:50:35 【收取自己零件】今日已达上限
Mar 31 08:50:35 【收取好友零件】今日已达上限
Mar 31 08:50:35 
Mar 31 08:50:35 
Mar 31 08:50:35 参加作者的团
Mar 31 08:50:35 
Mar 31 08:50:35 
Mar 31 08:50:35 🔔京喜工厂, 结束! 🕛 21.23 秒
Mar 31 08:50:35 
Mar 31 09:50:08 
Mar 31 09:50:08 🔔京喜工厂, 开始!
Mar 31 09:50:08 
Mar 31 09:50:08 ====================共1个京东账号Cookie=========
Mar 31 09:50:08 
Mar 31 09:50:08 ==================脚本执行- 北京时间(UTC+8)：3/31/2021, 9:50:08 AM=====================
Mar 31 09:50:08 
Mar 31 09:50:09 获取签名参数成功！
Mar 31 09:50:09 fp: 8928848345736161
Mar 31 09:50:09 token: tk01wb1021b7aa8ncmZCdThJZlRPDLwR6tlqqsi9+OMaHEXNkJ+v3JNp/aG371fydFaMQ0+jzuELYZiV+7FdDir/m+R5
Mar 31 09:50:09 enCryptMethodJD: function test(token,fingerprint,timestamp,appId,algo){const random='g2hPJwgUqHY/';const str=`${token}${fingerprint}${timestamp}${appId}${random}`;return algo.SHA512(str)}
Mar 31 09:50:11 开始获取京喜工厂配置文件
Mar 31 09:50:11 
Mar 31 09:50:11 tuanActiveId: 6S9y4sJUfA2vPQP6TLdVIQ==
Mar 31 09:50:11 共1个京东账号
Mar 31 09:50:11 
Mar 31 09:50:11 您提供了1个账号的京喜工厂助力码
Mar 31 09:50:11 
Mar 31 09:50:12 
Mar 31 09:50:12 ******开始【京东账号1】burst3166*********
Mar 31 09:50:12 
Mar 31 09:50:12 再加3.36%电力可开红包
Mar 31 09:50:12 
Mar 31 09:50:12 当前电力：23
Mar 31 09:50:12 当前等级：5
Mar 31 09:50:12 
Mar 31 09:50:12 【京东账号1（burst3166）的京喜工厂好友互助码】A1GAHQrpp1nm7pmfuDlKAg==
Mar 31 09:50:12 已投入电力：250500
Mar 31 09:50:12 所需电力：740000
Mar 31 09:50:12 生产进度：33.85%
Mar 31 09:50:12 
Mar 31 09:50:12 
Mar 31 09:50:12 你今日还能帮好友打工（0/3）次
Mar 31 09:50:12 
Mar 31 09:50:12 
Mar 31 09:50:12 【今日招工进度】5/12
Mar 31 09:50:12 
Mar 31 09:50:12 今日助力好友机会已耗尽
Mar 31 09:50:12 
Mar 31 09:50:12 发电机：当前 420 电力，最大值 420 电力
Mar 31 09:50:12 发电机：电力可翻倍并收获
Mar 31 09:50:12 收取电力成功: 共840 
Mar 31 09:50:12 完成任务：共领取840电力
Mar 31 09:50:12 成功投入电力800电力
Mar 31 09:50:13 自家地下暂无零件可收
Mar 31 09:50:13 "Response code 503 (Service Temporarily Unavailable)"
Mar 31 09:50:13 查询好友列表完成，共29好友，下面开始拾取好友地下的零件
Mar 31 09:50:13 
Mar 31 09:50:13 开始收取第 1 个好友 1ysne6hoo-pwlVG7b_U0DQ== 地下零件
Mar 31 09:50:13 好友【1ysne6hoo-pwlVG7b_U0DQ==】地下暂无零件可收
Mar 31 09:50:13 开始收取第 2 个好友 8I4PGcZpjvt_Nq20R0r-4Q== 地下零件
Mar 31 09:50:14 好友【8I4PGcZpjvt_Nq20R0r-4Q==】地下暂无零件可收
Mar 31 09:50:14 开始收取第 3 个好友 lmOajc3zN-XR5JxkIqM5qA== 地下零件
Mar 31 09:50:15 好友【lmOajc3zN-XR5JxkIqM5qA==】地下暂无零件可收
Mar 31 09:50:15 开始收取第 4 个好友 4Ff3bUhMlfJaid8B4qm32Q== 地下零件
Mar 31 09:50:15 好友【4Ff3bUhMlfJaid8B4qm32Q==】地下暂无零件可收
Mar 31 09:50:15 开始收取第 5 个好友 MJix7oSghPKjPtH8uJFaEA== 地下零件
Mar 31 09:50:16 好友【MJix7oSghPKjPtH8uJFaEA==】地下暂无零件可收
Mar 31 09:50:16 开始收取第 6 个好友 Oa8unWu-KdPrmGzypTpgUg== 地下零件
Mar 31 09:50:16 好友【Oa8unWu-KdPrmGzypTpgUg==】地下暂无零件可收
Mar 31 09:50:16 开始收取第 7 个好友 hyykhYqbGaAs-0No8h6kVQ== 地下零件
Mar 31 09:50:17 好友【hyykhYqbGaAs-0No8h6kVQ==】地下暂无零件可收
Mar 31 09:50:17 开始收取第 8 个好友 SIQEUukDV19DwOQGjd9J5Q== 地下零件
Mar 31 09:50:17 好友【SIQEUukDV19DwOQGjd9J5Q==】地下暂无零件可收
Mar 31 09:50:17 开始收取第 9 个好友 N8QdMHreY_pd7rIHq9zlFw== 地下零件
Mar 31 09:50:18 好友【N8QdMHreY_pd7rIHq9zlFw==】地下暂无零件可收
Mar 31 09:50:18 开始收取第 10 个好友 CJvUmDW5_In4nqFPr7BkVg== 地下零件
Mar 31 09:50:18 好友【CJvUmDW5_In4nqFPr7BkVg==】地下暂无零件可收
Mar 31 09:50:18 开始收取第 11 个好友 juHlWyZK6YCYEaIui-9O9A== 地下零件
Mar 31 09:50:19 好友【juHlWyZK6YCYEaIui-9O9A==】地下暂无零件可收
Mar 31 09:50:19 开始收取第 12 个好友 LAxdowQnMU3ox65OdwNwZA== 地下零件
Mar 31 09:50:20 好友【LAxdowQnMU3ox65OdwNwZA==】地下暂无零件可收
Mar 31 09:50:20 开始收取第 13 个好友 LLngJORM-9zh8UYMGcfd2A== 地下零件
Mar 31 09:50:20 好友【LLngJORM-9zh8UYMGcfd2A==】地下暂无零件可收
Mar 31 09:50:20 开始收取第 14 个好友 MJMF4orse-sJYN5pcyklXQ== 地下零件
Mar 31 09:50:21 好友【MJMF4orse-sJYN5pcyklXQ==】地下暂无零件可收
Mar 31 09:50:21 开始收取第 15 个好友 J0ZdwtZszB5pnvxDv6l8tQ== 地下零件
Mar 31 09:50:21 好友【J0ZdwtZszB5pnvxDv6l8tQ==】地下暂无零件可收
Mar 31 09:50:21 开始收取第 16 个好友 guBovILfmX3SJTf_AQNDRg== 地下零件
Mar 31 09:50:22 好友【guBovILfmX3SJTf_AQNDRg==】地下暂无零件可收
Mar 31 09:50:22 开始收取第 17 个好友 X6RooQQkq_I28EjOEpv3Lg== 地下零件
Mar 31 09:50:22 好友【X6RooQQkq_I28EjOEpv3Lg==】地下暂无零件可收
Mar 31 09:50:22 开始收取第 18 个好友 uhcZW_ZiVE0UsO11648SHA== 地下零件
Mar 31 09:50:23 好友【uhcZW_ZiVE0UsO11648SHA==】地下暂无零件可收
Mar 31 09:50:23 开始收取第 19 个好友 F-LnusDb7uc82e3xbgcq7g== 地下零件
Mar 31 09:50:23 好友【F-LnusDb7uc82e3xbgcq7g==】地下暂无零件可收
Mar 31 09:50:23 开始收取第 20 个好友 Sqhj-l0-WiKejPGYH5sEJQ== 地下零件
Mar 31 09:50:24 好友【Sqhj-l0-WiKejPGYH5sEJQ==】地下暂无零件可收
Mar 31 09:50:24 开始收取第 21 个好友 i55e65wxNYfC4tZ2R8bvdA== 地下零件
Mar 31 09:50:25 好友【i55e65wxNYfC4tZ2R8bvdA==】地下暂无零件可收
Mar 31 09:50:25 开始收取第 22 个好友 uJ0m1yiLaG6xNqOVpfLfncFZphSvO5VIUlgMcT9fV5E= 地下零件
Mar 31 09:50:25 好友【uJ0m1yiLaG6xNqOVpfLfncFZphSvO5VIUlgMcT9fV5E=】地下暂无零件可收
Mar 31 09:50:25 开始收取第 23 个好友 v8gwk5IrNis2alvqFJbmpw== 地下零件
Mar 31 09:50:26 好友【v8gwk5IrNis2alvqFJbmpw==】地下暂无零件可收
Mar 31 09:50:26 开始收取第 24 个好友 3JehqRP1jBOq-0vpydgxow== 地下零件
Mar 31 09:50:26 好友【3JehqRP1jBOq-0vpydgxow==】地下暂无零件可收
Mar 31 09:50:26 开始收取第 25 个好友 7fzlmybQNCsUvyimRAXUOA== 地下零件
Mar 31 09:50:27 好友【7fzlmybQNCsUvyimRAXUOA==】地下暂无零件可收
Mar 31 09:50:27 开始收取第 26 个好友 pBFolkAT7mLHZPTHo8rkbA== 地下零件
Mar 31 09:50:27 好友【pBFolkAT7mLHZPTHo8rkbA==】地下暂无零件可收
Mar 31 09:50:27 开始收取第 27 个好友 Z4EkI5Mzd0IllHBOOSXwsA== 地下零件
Mar 31 09:50:28 好友【Z4EkI5Mzd0IllHBOOSXwsA==】地下暂无零件可收
Mar 31 09:50:28 开始收取第 28 个好友 m2LC0Qsqnr3rK8e3ApvsuQ== 地下零件
Mar 31 09:50:28 好友【m2LC0Qsqnr3rK8e3ApvsuQ==】地下暂无零件可收
Mar 31 09:50:28 开始收取第 29 个好友 5LcqlK-8sBkaG8Mg7mCYvQ== 地下零件
Mar 31 09:50:29 好友【5LcqlK-8sBkaG8Mg7mCYvQ==】地下暂无零件可收
Mar 31 09:50:29 
Mar 31 09:50:29 团活动ID  6S9y4sJUfA2vPQP6TLdVIQ==
Mar 31 09:50:29 团ID  
Mar 31 09:50:29 
Mar 31 09:50:29 今日剩余开团次数：3次
Mar 31 09:50:29 准备开团
Mar 31 09:50:29 开团异常：{"msg":"活动已结束，请稍后再试~","nowTime":1617155429,"ret":10218}
Mar 31 09:50:29 
Mar 31 09:50:29   商品名     兑换状态
Mar 31 09:50:29 三合一数据线    已兑换
Mar 31 09:50:29 多味花生3袋    已兑换
Mar 31 09:50:29 刀具三件套    已兑换
Mar 31 09:50:29 
Mar 31 09:50:29 【京东账号1】burst3166
Mar 31 09:50:29 【生产商品】巴旦木
Mar 31 09:50:29 【当前等级】高级工程师 5
Mar 31 09:50:29 【生产进度】33.85%
Mar 31 09:50:29 【招工进度】5/12
Mar 31 09:50:29 【收取发电站】收取成功，获得 840 电力
Mar 31 09:50:29 【每日任务】领奖成功，共计 840 电力
Mar 31 09:50:29 【投入电力】投入成功，共计 800 电力
Mar 31 09:50:29 【收取自己零件】今日已达上限
Mar 31 09:50:29 【收取好友零件】今日已达上限
Mar 31 09:50:29 
Mar 31 09:50:30 
Mar 31 09:50:30 参加作者的团
Mar 31 09:50:30 
Mar 31 09:50:30 
Mar 31 09:50:30 🔔京喜工厂, 结束! 🕛 22.222 秒
Mar 31 09:50:30 
Mar 31 10:50:28 
Mar 31 10:50:28 🔔京喜工厂, 开始!
Mar 31 10:50:28 
Mar 31 10:50:28 ====================共1个京东账号Cookie=========
Mar 31 10:50:28 
Mar 31 10:50:28 ==================脚本执行- 北京时间(UTC+8)：3/31/2021, 10:50:28 AM=====================
Mar 31 10:50:28 
Mar 31 10:50:30 获取签名参数成功！
Mar 31 10:50:30 fp: 0575742467172161
Mar 31 10:50:30 token: tk01waa431c26a8nYUR5YlI2YVhJA5tqJtAADlBbpXAyw7cRsNSeN2eOeyUFXyKOSV54nMASr7HOmEV6fpgJpNKIaOuO
Mar 31 10:50:30 enCryptMethodJD: function test(token,fingerprint,timestamp,appId,algo){const random='TrY5HWXenW6H';const str=`${token}${fingerprint}${timestamp}${appId}${random}`;return algo.SHA512(str)}
Mar 31 10:50:32 开始获取京喜工厂配置文件
Mar 31 10:50:32 
Mar 31 10:50:32 tuanActiveId: 6S9y4sJUfA2vPQP6TLdVIQ==
Mar 31 10:50:32 共1个京东账号
Mar 31 10:50:32 
Mar 31 10:50:32 您提供了1个账号的京喜工厂助力码
Mar 31 10:50:32 
Mar 31 10:50:32 
Mar 31 10:50:32 ******开始【京东账号1】burst3166*********
Mar 31 10:50:32 
Mar 31 10:50:32 再加3.25%电力可开红包
Mar 31 10:50:32 
Mar 31 10:50:32 当前电力：63
Mar 31 10:50:32 当前等级：5
Mar 31 10:50:32 
Mar 31 10:50:32 【京东账号1（burst3166）的京喜工厂好友互助码】A1GAHQrpp1nm7pmfuDlKAg==
Mar 31 10:50:32 已投入电力：251300
Mar 31 10:50:32 所需电力：740000
Mar 31 10:50:32 生产进度：33.96%
Mar 31 10:50:32 
Mar 31 10:50:32 
Mar 31 10:50:32 你今日还能帮好友打工（0/3）次
Mar 31 10:50:32 
Mar 31 10:50:32 
Mar 31 10:50:32 【今日招工进度】6/12
Mar 31 10:50:32 
Mar 31 10:50:32 今日助力好友机会已耗尽
Mar 31 10:50:32 
Mar 31 10:50:33 发电机：当前 362.1 电力，最大值 420 电力
Mar 31 10:50:33 
Mar 31 10:50:33 本次发电机电力集满分享后可获得双倍电力，故目前不收取电力
Mar 31 10:50:33 
Mar 31 10:50:33 完成任务：共领取0电力
Mar 31 10:50:33 投入失败，电力不足，快去做任务吧~
Mar 31 10:50:34 自家地下暂无零件可收
Mar 31 10:50:35 查询好友列表完成，共31好友，下面开始拾取好友地下的零件
Mar 31 10:50:35 
Mar 31 10:50:35 开始收取第 1 个好友 1ysne6hoo-pwlVG7b_U0DQ== 地下零件
Mar 31 10:50:35 好友【1ysne6hoo-pwlVG7b_U0DQ==】地下暂无零件可收
Mar 31 10:50:35 开始收取第 2 个好友 8I4PGcZpjvt_Nq20R0r-4Q== 地下零件
Mar 31 10:50:36 好友【8I4PGcZpjvt_Nq20R0r-4Q==】地下暂无零件可收
Mar 31 10:50:36 开始收取第 3 个好友 lmOajc3zN-XR5JxkIqM5qA== 地下零件
Mar 31 10:50:36 好友【lmOajc3zN-XR5JxkIqM5qA==】地下暂无零件可收
Mar 31 10:50:36 开始收取第 4 个好友 4Ff3bUhMlfJaid8B4qm32Q== 地下零件
Mar 31 10:50:37 好友【4Ff3bUhMlfJaid8B4qm32Q==】地下暂无零件可收
Mar 31 10:50:37 开始收取第 5 个好友 MJix7oSghPKjPtH8uJFaEA== 地下零件
Mar 31 10:50:38 好友【MJix7oSghPKjPtH8uJFaEA==】地下暂无零件可收
Mar 31 10:50:38 开始收取第 6 个好友 Oa8unWu-KdPrmGzypTpgUg== 地下零件
Mar 31 10:50:38 好友【Oa8unWu-KdPrmGzypTpgUg==】地下暂无零件可收
Mar 31 10:50:38 开始收取第 7 个好友 hyykhYqbGaAs-0No8h6kVQ== 地下零件
Mar 31 10:50:39 好友【hyykhYqbGaAs-0No8h6kVQ==】地下暂无零件可收
Mar 31 10:50:39 开始收取第 8 个好友 SIQEUukDV19DwOQGjd9J5Q== 地下零件
Mar 31 10:50:39 好友【SIQEUukDV19DwOQGjd9J5Q==】地下暂无零件可收
Mar 31 10:50:39 开始收取第 9 个好友 N8QdMHreY_pd7rIHq9zlFw== 地下零件
Mar 31 10:50:40 好友【N8QdMHreY_pd7rIHq9zlFw==】地下暂无零件可收
Mar 31 10:50:40 开始收取第 10 个好友 CJvUmDW5_In4nqFPr7BkVg== 地下零件
Mar 31 10:50:41 好友【CJvUmDW5_In4nqFPr7BkVg==】地下暂无零件可收
Mar 31 10:50:41 开始收取第 11 个好友 juHlWyZK6YCYEaIui-9O9A== 地下零件
Mar 31 10:50:41 好友【juHlWyZK6YCYEaIui-9O9A==】地下暂无零件可收
Mar 31 10:50:41 开始收取第 12 个好友 LAxdowQnMU3ox65OdwNwZA== 地下零件
Mar 31 10:50:42 好友【LAxdowQnMU3ox65OdwNwZA==】地下暂无零件可收
Mar 31 10:50:42 开始收取第 13 个好友 IsB_WWCxAQMMIfeGu9BpWg== 地下零件
Mar 31 10:50:42 好友【IsB_WWCxAQMMIfeGu9BpWg==】地下暂无零件可收
Mar 31 10:50:42 开始收取第 14 个好友 iGVfdqPLy34R5FOSbAq0qA== 地下零件
Mar 31 10:50:43 好友【iGVfdqPLy34R5FOSbAq0qA==】地下暂无零件可收
Mar 31 10:50:43 开始收取第 15 个好友 LLngJORM-9zh8UYMGcfd2A== 地下零件
Mar 31 10:50:43 好友【LLngJORM-9zh8UYMGcfd2A==】地下暂无零件可收
Mar 31 10:50:44 开始收取第 16 个好友 MJMF4orse-sJYN5pcyklXQ== 地下零件
Mar 31 10:50:44 好友【MJMF4orse-sJYN5pcyklXQ==】地下暂无零件可收
Mar 31 10:50:44 开始收取第 17 个好友 J0ZdwtZszB5pnvxDv6l8tQ== 地下零件
Mar 31 10:50:45 好友【J0ZdwtZszB5pnvxDv6l8tQ==】地下暂无零件可收
Mar 31 10:50:45 开始收取第 18 个好友 guBovILfmX3SJTf_AQNDRg== 地下零件
Mar 31 10:50:45 好友【guBovILfmX3SJTf_AQNDRg==】地下暂无零件可收
Mar 31 10:50:45 开始收取第 19 个好友 X6RooQQkq_I28EjOEpv3Lg== 地下零件
Mar 31 10:50:46 好友【X6RooQQkq_I28EjOEpv3Lg==】地下暂无零件可收
Mar 31 10:50:46 开始收取第 20 个好友 uhcZW_ZiVE0UsO11648SHA== 地下零件
Mar 31 10:50:46 好友【uhcZW_ZiVE0UsO11648SHA==】地下暂无零件可收
Mar 31 10:50:46 开始收取第 21 个好友 F-LnusDb7uc82e3xbgcq7g== 地下零件
Mar 31 10:50:49 好友【F-LnusDb7uc82e3xbgcq7g==】地下暂无零件可收
Mar 31 10:50:49 开始收取第 22 个好友 Sqhj-l0-WiKejPGYH5sEJQ== 地下零件
Mar 31 10:50:50 好友【Sqhj-l0-WiKejPGYH5sEJQ==】地下暂无零件可收
Mar 31 10:50:50 开始收取第 23 个好友 i55e65wxNYfC4tZ2R8bvdA== 地下零件
Mar 31 10:50:51 好友【i55e65wxNYfC4tZ2R8bvdA==】地下暂无零件可收
Mar 31 10:50:51 开始收取第 24 个好友 uJ0m1yiLaG6xNqOVpfLfncFZphSvO5VIUlgMcT9fV5E= 地下零件
Mar 31 10:50:51 好友【uJ0m1yiLaG6xNqOVpfLfncFZphSvO5VIUlgMcT9fV5E=】地下暂无零件可收
Mar 31 10:50:51 开始收取第 25 个好友 v8gwk5IrNis2alvqFJbmpw== 地下零件
Mar 31 10:50:52 好友【v8gwk5IrNis2alvqFJbmpw==】地下暂无零件可收
Mar 31 10:50:52 开始收取第 26 个好友 3JehqRP1jBOq-0vpydgxow== 地下零件
Mar 31 10:50:53 好友【3JehqRP1jBOq-0vpydgxow==】地下暂无零件可收
Mar 31 10:50:53 开始收取第 27 个好友 7fzlmybQNCsUvyimRAXUOA== 地下零件
Mar 31 10:50:53 好友【7fzlmybQNCsUvyimRAXUOA==】地下暂无零件可收
Mar 31 10:50:53 开始收取第 28 个好友 pBFolkAT7mLHZPTHo8rkbA== 地下零件
Mar 31 10:50:54 好友【pBFolkAT7mLHZPTHo8rkbA==】地下暂无零件可收
Mar 31 10:50:54 开始收取第 29 个好友 Z4EkI5Mzd0IllHBOOSXwsA== 地下零件
Mar 31 10:50:54 好友【Z4EkI5Mzd0IllHBOOSXwsA==】地下暂无零件可收
Mar 31 10:50:54 开始收取第 30 个好友 m2LC0Qsqnr3rK8e3ApvsuQ== 地下零件
Mar 31 10:50:55 好友【m2LC0Qsqnr3rK8e3ApvsuQ==】地下暂无零件可收
Mar 31 10:50:55 开始收取第 31 个好友 5LcqlK-8sBkaG8Mg7mCYvQ== 地下零件
Mar 31 10:50:56 GetUserComponent失败：{"msg":"操作太频繁，请稍后再试~","nowTime":1617159056,"ret":10004}
Mar 31 10:50:56 
Mar 31 10:50:56 团活动ID  6S9y4sJUfA2vPQP6TLdVIQ==
Mar 31 10:50:56 团ID  
Mar 31 10:50:56 
Mar 31 10:50:56 今日剩余开团次数：3次
Mar 31 10:50:56 准备开团
Mar 31 10:50:56 开团异常：{"msg":"活动已结束，请稍后再试~","nowTime":1617159056,"ret":10218}
Mar 31 10:50:56 
Mar 31 10:50:56   商品名     兑换状态
Mar 31 10:50:56 三合一数据线    已兑换
Mar 31 10:50:56 多味花生3袋    已兑换
Mar 31 10:50:56 刀具三件套    已兑换
Mar 31 10:50:56 
Mar 31 10:50:56 【京东账号1】burst3166
Mar 31 10:50:56 【生产商品】巴旦木
Mar 31 10:50:56 【当前等级】高级工程师 5
Mar 31 10:50:56 【生产进度】33.96%
Mar 31 10:50:56 【招工进度】6/12
Mar 31 10:50:56 【发电机电力】当前 362.1 电力，未达到收获标准
Mar 31 10:50:56 【每日任务】领奖成功，共计 0 电力
Mar 31 10:50:56 【投入电力】投入失败，电力不足，快去做任务吧~
Mar 31 10:50:56 【收取自己零件】获得0电力
Mar 31 10:50:56 【收取好友零件】获得0电力
Mar 31 10:50:56 
Mar 31 10:50:57 
Mar 31 10:50:57 参加作者的团
Mar 31 10:50:57 
Mar 31 10:50:58 
Mar 31 10:50:58 🔔京喜工厂, 结束! 🕛 29.701 秒
Mar 31 10:50:58 
Mar 31 11:50:26 
Mar 31 11:50:26 🔔京喜工厂, 开始!
Mar 31 11:50:26 
Mar 31 11:50:26 ====================共1个京东账号Cookie=========
Mar 31 11:50:26 
Mar 31 11:50:26 ==================脚本执行- 北京时间(UTC+8)：3/31/2021, 11:50:26 AM=====================
Mar 31 11:50:26 
Mar 31 11:50:27 获取签名参数成功！
Mar 31 11:50:27 fp: 2724973024843161
Mar 31 11:50:27 token: tk01w7eab1a4da8nNjlRNTBFV3MzIfPlJORe9Wl1EQQJW7geN6OFI48v2VOJSfzsM1qFs9AC79+xOhA1l3NmI1Y+h++i
Mar 31 11:50:27 enCryptMethodJD: function test(token,fingerprint,timestamp,appId,algo){const random='OhEZUDaLnO9J';const str=`${token}${fingerprint}${timestamp}${appId}${random}`;return algo.MD5(str)}
Mar 31 11:50:27 开始获取京喜工厂配置文件
Mar 31 11:50:27 
Mar 31 11:50:27 tuanActiveId: i9ideMF_BUOdVtmbe1pSeA==
Mar 31 11:50:27 共1个京东账号
Mar 31 11:50:27 
Mar 31 11:50:27 您提供了1个账号的京喜工厂助力码
Mar 31 11:50:27 
Mar 31 11:50:27 
Mar 31 11:50:27 ******开始【京东账号1】burst3166*********
Mar 31 11:50:27 
Mar 31 11:50:27 再加2.44%电力可开红包
Mar 31 11:50:27 
Mar 31 11:50:27 当前电力：563
Mar 31 11:50:27 当前等级：5
Mar 31 11:50:27 
Mar 31 11:50:27 【京东账号1（burst3166）的京喜工厂好友互助码】A1GAHQrpp1nm7pmfuDlKAg==
Mar 31 11:50:27 已投入电力：257300
Mar 31 11:50:27 所需电力：740000
Mar 31 11:50:27 生产进度：34.77%
Mar 31 11:50:27 
Mar 31 11:50:27 
Mar 31 11:50:27 你今日还能帮好友打工（0/3）次
Mar 31 11:50:27 
Mar 31 11:50:27 
Mar 31 11:50:27 【今日招工进度】7/12
Mar 31 11:50:27 
Mar 31 11:50:27 今日助力好友机会已耗尽
Mar 31 11:50:27 
Mar 31 11:50:29 发电机：当前 420 电力，最大值 420 电力
Mar 31 11:50:29 发电机：电力可翻倍并收获
Mar 31 11:50:29 收取电力成功: 共840 
Mar 31 11:50:30 完成任务：共领取840电力
Mar 31 11:50:30 成功投入电力1400电力
Mar 31 11:50:30 自家地下暂无零件可收
Mar 31 11:50:31 查询好友列表完成，共31好友，下面开始拾取好友地下的零件
Mar 31 11:50:31 
Mar 31 11:50:31 开始收取第 1 个好友 1ysne6hoo-pwlVG7b_U0DQ== 地下零件
Mar 31 11:50:32 好友【1ysne6hoo-pwlVG7b_U0DQ==】地下暂无零件可收
Mar 31 11:50:32 开始收取第 2 个好友 8I4PGcZpjvt_Nq20R0r-4Q== 地下零件
Mar 31 11:50:32 好友【8I4PGcZpjvt_Nq20R0r-4Q==】地下暂无零件可收
Mar 31 11:50:32 开始收取第 3 个好友 lmOajc3zN-XR5JxkIqM5qA== 地下零件
Mar 31 11:50:33 好友【lmOajc3zN-XR5JxkIqM5qA==】地下暂无零件可收
Mar 31 11:50:33 开始收取第 4 个好友 4Ff3bUhMlfJaid8B4qm32Q== 地下零件
Mar 31 11:50:33 好友【4Ff3bUhMlfJaid8B4qm32Q==】地下暂无零件可收
Mar 31 11:50:33 开始收取第 5 个好友 MJix7oSghPKjPtH8uJFaEA== 地下零件
Mar 31 11:50:34 好友【MJix7oSghPKjPtH8uJFaEA==】地下暂无零件可收
Mar 31 11:50:34 开始收取第 6 个好友 Oa8unWu-KdPrmGzypTpgUg== 地下零件
Mar 31 11:50:34 好友【Oa8unWu-KdPrmGzypTpgUg==】地下暂无零件可收
Mar 31 11:50:34 开始收取第 7 个好友 hyykhYqbGaAs-0No8h6kVQ== 地下零件
Mar 31 11:50:35 好友【hyykhYqbGaAs-0No8h6kVQ==】地下暂无零件可收
Mar 31 11:50:35 开始收取第 8 个好友 SIQEUukDV19DwOQGjd9J5Q== 地下零件
Mar 31 11:50:36 好友【SIQEUukDV19DwOQGjd9J5Q==】地下暂无零件可收
Mar 31 11:50:36 开始收取第 9 个好友 N8QdMHreY_pd7rIHq9zlFw== 地下零件
Mar 31 11:50:36 好友【N8QdMHreY_pd7rIHq9zlFw==】地下暂无零件可收
Mar 31 11:50:36 开始收取第 10 个好友 CJvUmDW5_In4nqFPr7BkVg== 地下零件
Mar 31 11:50:37 好友【CJvUmDW5_In4nqFPr7BkVg==】地下暂无零件可收
Mar 31 11:50:37 开始收取第 11 个好友 juHlWyZK6YCYEaIui-9O9A== 地下零件
Mar 31 11:50:37 好友【juHlWyZK6YCYEaIui-9O9A==】地下暂无零件可收
Mar 31 11:50:37 开始收取第 12 个好友 LAxdowQnMU3ox65OdwNwZA== 地下零件
Mar 31 11:50:38 好友【LAxdowQnMU3ox65OdwNwZA==】地下暂无零件可收
Mar 31 11:50:38 开始收取第 13 个好友 IsB_WWCxAQMMIfeGu9BpWg== 地下零件
Mar 31 11:50:39 好友【IsB_WWCxAQMMIfeGu9BpWg==】地下暂无零件可收
Mar 31 11:50:39 开始收取第 14 个好友 iGVfdqPLy34R5FOSbAq0qA== 地下零件
Mar 31 11:50:39 好友【iGVfdqPLy34R5FOSbAq0qA==】地下暂无零件可收
Mar 31 11:50:39 开始收取第 15 个好友 LLngJORM-9zh8UYMGcfd2A== 地下零件
Mar 31 11:50:40 好友【LLngJORM-9zh8UYMGcfd2A==】地下暂无零件可收
Mar 31 11:50:40 开始收取第 16 个好友 MJMF4orse-sJYN5pcyklXQ== 地下零件
Mar 31 11:50:41 好友【MJMF4orse-sJYN5pcyklXQ==】地下暂无零件可收
Mar 31 11:50:41 开始收取第 17 个好友 J0ZdwtZszB5pnvxDv6l8tQ== 地下零件
Mar 31 11:50:41 好友【J0ZdwtZszB5pnvxDv6l8tQ==】地下暂无零件可收
Mar 31 11:50:41 开始收取第 18 个好友 guBovILfmX3SJTf_AQNDRg== 地下零件
Mar 31 11:50:42 好友【guBovILfmX3SJTf_AQNDRg==】地下暂无零件可收
Mar 31 11:50:42 开始收取第 19 个好友 X6RooQQkq_I28EjOEpv3Lg== 地下零件
Mar 31 11:50:42 好友【X6RooQQkq_I28EjOEpv3Lg==】地下暂无零件可收
Mar 31 11:50:42 开始收取第 20 个好友 uhcZW_ZiVE0UsO11648SHA== 地下零件
Mar 31 11:50:43 好友【uhcZW_ZiVE0UsO11648SHA==】地下暂无零件可收
Mar 31 11:50:43 开始收取第 21 个好友 F-LnusDb7uc82e3xbgcq7g== 地下零件
Mar 31 11:50:44 好友【F-LnusDb7uc82e3xbgcq7g==】地下暂无零件可收
Mar 31 11:50:44 开始收取第 22 个好友 Sqhj-l0-WiKejPGYH5sEJQ== 地下零件
Mar 31 11:50:46 好友【Sqhj-l0-WiKejPGYH5sEJQ==】地下暂无零件可收
Mar 31 11:50:46 开始收取第 23 个好友 i55e65wxNYfC4tZ2R8bvdA== 地下零件
Mar 31 11:50:46 GetUserComponent失败：{"msg":"操作太频繁，请稍后再试~","nowTime":1617162646,"ret":10004}
Mar 31 11:50:46 开始收取第 24 个好友 uJ0m1yiLaG6xNqOVpfLfncFZphSvO5VIUlgMcT9fV5E= 地下零件
Mar 31 11:50:47 GetUserComponent失败：{"msg":"操作太频繁，请稍后再试~","nowTime":1617162647,"ret":10004}
Mar 31 11:50:47 开始收取第 25 个好友 v8gwk5IrNis2alvqFJbmpw== 地下零件
Mar 31 11:50:47 GetUserComponent失败：{"msg":"操作太频繁，请稍后再试~","nowTime":1617162647,"ret":10004}
Mar 31 11:50:47 开始收取第 26 个好友 3JehqRP1jBOq-0vpydgxow== 地下零件
Mar 31 11:50:48 GetUserComponent失败：{"msg":"操作太频繁，请稍后再试~","nowTime":1617162648,"ret":10004}
Mar 31 11:50:48 开始收取第 27 个好友 7fzlmybQNCsUvyimRAXUOA== 地下零件
Mar 31 11:50:49 GetUserComponent失败：{"msg":"操作太频繁，请稍后再试~","nowTime":1617162649,"ret":10004}
Mar 31 11:50:49 开始收取第 28 个好友 pBFolkAT7mLHZPTHo8rkbA== 地下零件
Mar 31 11:50:49 GetUserComponent失败：{"msg":"操作太频繁，请稍后再试~","nowTime":1617162649,"ret":10004}
Mar 31 11:50:49 开始收取第 29 个好友 Z4EkI5Mzd0IllHBOOSXwsA== 地下零件
Mar 31 11:50:50 GetUserComponent失败：{"msg":"操作太频繁，请稍后再试~","nowTime":1617162650,"ret":10004}
Mar 31 11:50:50 开始收取第 30 个好友 m2LC0Qsqnr3rK8e3ApvsuQ== 地下零件
Mar 31 11:50:50 GetUserComponent失败：{"msg":"操作太频繁，请稍后再试~","nowTime":1617162650,"ret":10004}
Mar 31 11:50:50 开始收取第 31 个好友 5LcqlK-8sBkaG8Mg7mCYvQ== 地下零件
Mar 31 11:50:51 GetUserComponent失败：{"msg":"操作太频繁，请稍后再试~","nowTime":1617162651,"ret":10004}
Mar 31 11:50:51 
Mar 31 11:50:51 团活动ID  i9ideMF_BUOdVtmbe1pSeA==
Mar 31 11:50:51 团ID  SZKQ9YMLTd6VwJmBHXbRtA==
Mar 31 11:50:51 
Mar 31 11:50:51 今日剩余开团次数：2次
Mar 31 11:50:51 
Mar 31 11:50:51 开团情况:1/6
Mar 31 11:50:51 
Mar 31 11:50:51 
Mar 31 11:50:51 此团未达领取团奖励人数：6人
Mar 31 11:50:51 
Mar 31 11:50:51 3/29/2021, 11:51:13 PM参加团主【A1GAHQrpp1nm7pmfuDlKAg==】失败
Mar 31 11:50:51 3/29/2021, 10:50:37 AM参加团主【A1GAHQrpp1nm7pmfuDlKAg==】失败
Mar 31 11:50:51 3/28/2021, 10:49:59 PM参加团主【A1GAHQrpp1nm7pmfuDlKAg==】失败
Mar 31 11:50:51 3/28/2021, 8:56:28 PM参加团主【N8QdMHreY_pd7rIHq9zlFw==】失败
Mar 31 11:50:51 3/28/2021, 10:32:41 AM参加团主【A1GAHQrpp1nm7pmfuDlKAg==】失败
Mar 31 11:50:51 3/27/2021, 9:50:38 PM参加团主【A1GAHQrpp1nm7pmfuDlKAg==】失败
Mar 31 11:50:51 3/27/2021, 8:50:35 AM参加团主【A1GAHQrpp1nm7pmfuDlKAg==】失败
Mar 31 11:50:51 3/26/2021, 7:50:43 PM参加团主【A1GAHQrpp1nm7pmfuDlKAg==】失败
Mar 31 11:50:51 3/31/2021, 12:51:04 AM参加团主【A1GAHQrpp1nm7pmfuDlKAg==】失败
Mar 31 11:50:51 3/30/2021, 12:50:36 PM参加团主【A1GAHQrpp1nm7pmfuDlKAg==】失败
Mar 31 11:50:51 
Mar 31 11:50:51   商品名     兑换状态
Mar 31 11:50:51 三合一数据线    已兑换
Mar 31 11:50:51 多味花生3袋    已兑换
Mar 31 11:50:51 刀具三件套    已兑换
Mar 31 11:50:51 
Mar 31 11:50:51 【京东账号1】burst3166
Mar 31 11:50:51 【生产商品】巴旦木
Mar 31 11:50:51 【当前等级】高级工程师 5
Mar 31 11:50:51 【生产进度】34.77%
Mar 31 11:50:51 【招工进度】7/12
Mar 31 11:50:51 【收取发电站】收取成功，获得 840 电力
Mar 31 11:50:51 【每日任务】领奖成功，共计 840 电力
Mar 31 11:50:51 【投入电力】投入成功，共计 1400 电力
Mar 31 11:50:51 【收取自己零件】获得0电力
Mar 31 11:50:51 【收取好友零件】获得0电力
Mar 31 11:50:51 
Mar 31 11:50:52 
Mar 31 11:50:52 参加作者的团
Mar 31 11:50:52 
Mar 31 11:50:52 参团失败：{"msg":"您已成团","nowTime":1617162652,"ret":10209}
Mar 31 11:50:52 参团失败：{"msg":"您已成团","nowTime":1617162652,"ret":10209}
Mar 31 11:50:52 参团失败：{"msg":"您已成团","nowTime":1617162652,"ret":10209}
Mar 31 11:50:53 
Mar 31 11:50:53 🔔京喜工厂, 结束! 🕛 26.638 秒
Mar 31 11:50:53 
Mar 31 12:50:16 
Mar 31 12:50:16 🔔京喜工厂, 开始!
Mar 31 12:50:16 
Mar 31 12:50:16 ====================共1个京东账号Cookie=========
Mar 31 12:50:16 
Mar 31 12:50:16 ==================脚本执行- 北京时间(UTC+8)：3/31/2021, 12:50:16 PM=====================
Mar 31 12:50:16 
Mar 31 12:50:17 获取签名参数成功！
Mar 31 12:50:17 fp: 8469311234116161
Mar 31 12:50:17 token: tk01wa60a1c4aa8nM3JLSDgrZmNIG7DwnD9QhNtd34IusBbltVSQcJ6+kBDjmZQpayCAZ8CzkMwq73bx1FzSn4hNjjd8
Mar 31 12:50:17 enCryptMethodJD: function test(token,fingerprint,timestamp,appId,algo){const random='yM7VIuM4nRow';const str=`${token}${fingerprint}${timestamp}${appId}${random}`;return algo.HmacMD5(str,token)}
Mar 31 12:50:17 开始获取京喜工厂配置文件
Mar 31 12:50:17 
Mar 31 12:50:17 tuanActiveId: i9ideMF_BUOdVtmbe1pSeA==
Mar 31 12:50:17 共1个京东账号
Mar 31 12:50:17 
Mar 31 12:50:17 您提供了1个账号的京喜工厂助力码
Mar 31 12:50:17 
Mar 31 12:50:17 
Mar 31 12:50:17 ******开始【京东账号1】burst3166*********
Mar 31 12:50:17 
Mar 31 12:50:17 再加2.25%电力可开红包
Mar 31 12:50:17 
Mar 31 12:50:17 当前电力：3
Mar 31 12:50:17 当前等级：5
Mar 31 12:50:17 
Mar 31 12:50:17 【京东账号1（burst3166）的京喜工厂好友互助码】A1GAHQrpp1nm7pmfuDlKAg==
Mar 31 12:50:17 已投入电力：258700
Mar 31 12:50:17 所需电力：740000
Mar 31 12:50:17 生产进度：34.96%
Mar 31 12:50:17 
Mar 31 12:50:17 
Mar 31 12:50:17 你今日还能帮好友打工（0/3）次
Mar 31 12:50:17 
Mar 31 12:50:17 
Mar 31 12:50:17 【今日招工进度】7/12
Mar 31 12:50:17 
Mar 31 12:50:17 今日助力好友机会已耗尽
Mar 31 12:50:17 
Mar 31 12:50:17 发电机：当前 358.8 电力，最大值 420 电力
Mar 31 12:50:17 
Mar 31 12:50:17 本次发电机电力集满分享后可获得双倍电力，故目前不收取电力
Mar 31 12:50:17 
Mar 31 12:50:17 完成任务：共领取0电力
Mar 31 12:50:17 投入失败，电力不足，快去做任务吧~
Mar 31 12:50:18 自家地下暂无零件可收
Mar 31 12:50:19 查询好友列表完成，共31好友，下面开始拾取好友地下的零件
Mar 31 12:50:19 
Mar 31 12:50:19 开始收取第 1 个好友 1ysne6hoo-pwlVG7b_U0DQ== 地下零件
Mar 31 12:50:19 好友【1ysne6hoo-pwlVG7b_U0DQ==】地下暂无零件可收
Mar 31 12:50:19 开始收取第 2 个好友 8I4PGcZpjvt_Nq20R0r-4Q== 地下零件
Mar 31 12:50:20 好友【8I4PGcZpjvt_Nq20R0r-4Q==】地下暂无零件可收
Mar 31 12:50:20 开始收取第 3 个好友 lmOajc3zN-XR5JxkIqM5qA== 地下零件
Mar 31 12:50:20 好友【lmOajc3zN-XR5JxkIqM5qA==】地下暂无零件可收
Mar 31 12:50:20 开始收取第 4 个好友 4Ff3bUhMlfJaid8B4qm32Q== 地下零件
Mar 31 12:50:21 好友【4Ff3bUhMlfJaid8B4qm32Q==】地下暂无零件可收
Mar 31 12:50:21 开始收取第 5 个好友 MJix7oSghPKjPtH8uJFaEA== 地下零件
Mar 31 12:50:21 好友【MJix7oSghPKjPtH8uJFaEA==】地下暂无零件可收
Mar 31 12:50:21 开始收取第 6 个好友 Oa8unWu-KdPrmGzypTpgUg== 地下零件
Mar 31 12:50:22 好友【Oa8unWu-KdPrmGzypTpgUg==】地下暂无零件可收
Mar 31 12:50:22 开始收取第 7 个好友 hyykhYqbGaAs-0No8h6kVQ== 地下零件
Mar 31 12:50:23 好友【hyykhYqbGaAs-0No8h6kVQ==】地下暂无零件可收
Mar 31 12:50:23 开始收取第 8 个好友 SIQEUukDV19DwOQGjd9J5Q== 地下零件
Mar 31 12:50:23 好友【SIQEUukDV19DwOQGjd9J5Q==】地下暂无零件可收
Mar 31 12:50:23 开始收取第 9 个好友 N8QdMHreY_pd7rIHq9zlFw== 地下零件
Mar 31 12:50:24 好友【N8QdMHreY_pd7rIHq9zlFw==】地下暂无零件可收
Mar 31 12:50:24 开始收取第 10 个好友 CJvUmDW5_In4nqFPr7BkVg== 地下零件
Mar 31 12:50:24 好友【CJvUmDW5_In4nqFPr7BkVg==】地下暂无零件可收
Mar 31 12:50:24 开始收取第 11 个好友 juHlWyZK6YCYEaIui-9O9A== 地下零件
Mar 31 12:50:25 好友【juHlWyZK6YCYEaIui-9O9A==】地下暂无零件可收
Mar 31 12:50:25 开始收取第 12 个好友 LAxdowQnMU3ox65OdwNwZA== 地下零件
Mar 31 12:50:26 好友【LAxdowQnMU3ox65OdwNwZA==】地下暂无零件可收
Mar 31 12:50:26 开始收取第 13 个好友 IsB_WWCxAQMMIfeGu9BpWg== 地下零件
Mar 31 12:50:26 好友【IsB_WWCxAQMMIfeGu9BpWg==】地下暂无零件可收
Mar 31 12:50:26 开始收取第 14 个好友 iGVfdqPLy34R5FOSbAq0qA== 地下零件
Mar 31 12:50:27 好友【iGVfdqPLy34R5FOSbAq0qA==】地下暂无零件可收
Mar 31 12:50:27 开始收取第 15 个好友 LLngJORM-9zh8UYMGcfd2A== 地下零件
Mar 31 12:50:27 好友【LLngJORM-9zh8UYMGcfd2A==】地下暂无零件可收
Mar 31 12:50:27 开始收取第 16 个好友 MJMF4orse-sJYN5pcyklXQ== 地下零件
Mar 31 12:50:28 好友【MJMF4orse-sJYN5pcyklXQ==】地下暂无零件可收
Mar 31 12:50:28 开始收取第 17 个好友 J0ZdwtZszB5pnvxDv6l8tQ== 地下零件
Mar 31 12:50:28 好友【J0ZdwtZszB5pnvxDv6l8tQ==】地下暂无零件可收
Mar 31 12:50:28 开始收取第 18 个好友 guBovILfmX3SJTf_AQNDRg== 地下零件
Mar 31 12:50:29 好友【guBovILfmX3SJTf_AQNDRg==】地下暂无零件可收
Mar 31 12:50:29 开始收取第 19 个好友 X6RooQQkq_I28EjOEpv3Lg== 地下零件
Mar 31 12:50:30 好友【X6RooQQkq_I28EjOEpv3Lg==】地下暂无零件可收
Mar 31 12:50:30 开始收取第 20 个好友 uhcZW_ZiVE0UsO11648SHA== 地下零件
Mar 31 12:50:30 好友【uhcZW_ZiVE0UsO11648SHA==】地下暂无零件可收
Mar 31 12:50:30 开始收取第 21 个好友 F-LnusDb7uc82e3xbgcq7g== 地下零件
Mar 31 12:50:31 好友【F-LnusDb7uc82e3xbgcq7g==】地下暂无零件可收
Mar 31 12:50:31 开始收取第 22 个好友 Sqhj-l0-WiKejPGYH5sEJQ== 地下零件
Mar 31 12:50:31 好友【Sqhj-l0-WiKejPGYH5sEJQ==】地下暂无零件可收
Mar 31 12:50:31 开始收取第 23 个好友 i55e65wxNYfC4tZ2R8bvdA== 地下零件
Mar 31 12:50:32 好友【i55e65wxNYfC4tZ2R8bvdA==】地下暂无零件可收
Mar 31 12:50:32 开始收取第 24 个好友 uJ0m1yiLaG6xNqOVpfLfncFZphSvO5VIUlgMcT9fV5E= 地下零件
Mar 31 12:50:32 好友【uJ0m1yiLaG6xNqOVpfLfncFZphSvO5VIUlgMcT9fV5E=】地下暂无零件可收
Mar 31 12:50:32 开始收取第 25 个好友 v8gwk5IrNis2alvqFJbmpw== 地下零件
Mar 31 12:50:33 好友【v8gwk5IrNis2alvqFJbmpw==】地下暂无零件可收
Mar 31 12:50:33 开始收取第 26 个好友 3JehqRP1jBOq-0vpydgxow== 地下零件
Mar 31 12:50:33 好友【3JehqRP1jBOq-0vpydgxow==】地下暂无零件可收
Mar 31 12:50:33 开始收取第 27 个好友 7fzlmybQNCsUvyimRAXUOA== 地下零件
Mar 31 12:50:34 好友【7fzlmybQNCsUvyimRAXUOA==】地下暂无零件可收
Mar 31 12:50:34 开始收取第 28 个好友 pBFolkAT7mLHZPTHo8rkbA== 地下零件
Mar 31 12:50:35 好友【pBFolkAT7mLHZPTHo8rkbA==】地下暂无零件可收
Mar 31 12:50:35 开始收取第 29 个好友 Z4EkI5Mzd0IllHBOOSXwsA== 地下零件
Mar 31 12:50:35 好友【Z4EkI5Mzd0IllHBOOSXwsA==】地下暂无零件可收
Mar 31 12:50:35 开始收取第 30 个好友 m2LC0Qsqnr3rK8e3ApvsuQ== 地下零件
Mar 31 12:50:36 好友【m2LC0Qsqnr3rK8e3ApvsuQ==】地下暂无零件可收
Mar 31 12:50:36 开始收取第 31 个好友 5LcqlK-8sBkaG8Mg7mCYvQ== 地下零件
Mar 31 12:50:36 好友【5LcqlK-8sBkaG8Mg7mCYvQ==】地下暂无零件可收
Mar 31 12:50:36 
Mar 31 12:50:36 团活动ID  i9ideMF_BUOdVtmbe1pSeA==
Mar 31 12:50:36 团ID  SZKQ9YMLTd6VwJmBHXbRtA==
Mar 31 12:50:36 
Mar 31 12:50:36 今日剩余开团次数：2次
Mar 31 12:50:36 
Mar 31 12:50:36 开团情况:1/6
Mar 31 12:50:36 
Mar 31 12:50:36 
Mar 31 12:50:36 此团未达领取团奖励人数：6人
Mar 31 12:50:36 
Mar 31 12:50:36 3/29/2021, 11:51:13 PM参加团主【A1GAHQrpp1nm7pmfuDlKAg==】失败
Mar 31 12:50:36 3/29/2021, 10:50:37 AM参加团主【A1GAHQrpp1nm7pmfuDlKAg==】失败
Mar 31 12:50:36 3/28/2021, 10:49:59 PM参加团主【A1GAHQrpp1nm7pmfuDlKAg==】失败
Mar 31 12:50:36 3/28/2021, 8:56:28 PM参加团主【N8QdMHreY_pd7rIHq9zlFw==】失败
Mar 31 12:50:36 3/28/2021, 10:32:41 AM参加团主【A1GAHQrpp1nm7pmfuDlKAg==】失败
Mar 31 12:50:36 3/27/2021, 9:50:38 PM参加团主【A1GAHQrpp1nm7pmfuDlKAg==】失败
Mar 31 12:50:36 3/27/2021, 8:50:35 AM参加团主【A1GAHQrpp1nm7pmfuDlKAg==】失败
Mar 31 12:50:36 3/26/2021, 7:50:43 PM参加团主【A1GAHQrpp1nm7pmfuDlKAg==】失败
Mar 31 12:50:36 3/31/2021, 12:51:04 AM参加团主【A1GAHQrpp1nm7pmfuDlKAg==】失败
Mar 31 12:50:36 3/30/2021, 12:50:36 PM参加团主【A1GAHQrpp1nm7pmfuDlKAg==】失败
Mar 31 12:50:36 
Mar 31 12:50:36   商品名     兑换状态
Mar 31 12:50:36 三合一数据线    已兑换
Mar 31 12:50:36 多味花生3袋    已兑换
Mar 31 12:50:36 刀具三件套    已兑换
Mar 31 12:50:36 
Mar 31 12:50:36 【京东账号1】burst3166
Mar 31 12:50:36 【生产商品】巴旦木
Mar 31 12:50:36 【当前等级】高级工程师 5
Mar 31 12:50:36 【生产进度】34.96%
Mar 31 12:50:36 【招工进度】7/12
Mar 31 12:50:36 【发电机电力】当前 358.8 电力，未达到收获标准
Mar 31 12:50:36 【每日任务】领奖成功，共计 0 电力
Mar 31 12:50:37 【投入电力】投入失败，电力不足，快去做任务吧~
Mar 31 12:50:37 【收取自己零件】今日已达上限
Mar 31 12:50:37 【收取好友零件】今日已达上限
Mar 31 12:50:37 
Mar 31 12:50:37 
Mar 31 12:50:37 参加作者的团
Mar 31 12:50:37 
Mar 31 12:50:38 参团失败：{"msg":"您已成团","nowTime":1617166238,"ret":10209}
Mar 31 12:50:38 
Mar 31 12:50:38 🔔京喜工厂, 结束! 🕛 22.091 秒
Mar 31 12:50:38 
