Apr 22 06:10:28 
Apr 22 06:10:28 🔔京东家庭号, 开始!
Apr 22 06:10:29 
Apr 22 06:10:29 ====================共1个京东账号Cookie=========
Apr 22 06:10:29 
Apr 22 06:10:29 ==================脚本执行- 北京时间(UTC+8)：4/22/2021, 6:10:29 AM=====================
Apr 22 06:10:29 
Apr 22 06:10:29 
Apr 22 06:10:29 ******开始【京东账号1】jd_60103fd1c8cd9*********
Apr 22 06:10:29 
Apr 22 06:10:29 当前幸福值：4836
Apr 22 06:10:29 去做任务5fed97ce5da81a8c069810df
Apr 22 06:10:29 任务完成成功
Apr 22 06:10:30 去做任务600e29f6986178004811bdb0
Apr 22 06:10:31 任务完成失败，原因未知
Apr 22 06:10:32 去做任务5fed97ce5da81a8c069810de
Apr 22 06:10:32 任务完成失败，原因未知
Apr 22 06:10:33 去做任务5fed97ce5da81a8c069810dd
Apr 22 06:10:33 任务完成成功
Apr 22 06:10:34 去做任务5fed97ce5da81a8c069810da
Apr 22 06:10:34 任务完成成功
Apr 22 06:10:35 去做任务5fed97ce5da81a8c069810d9
Apr 22 06:10:35 任务完成成功
Apr 22 06:10:36 去做任务5fed97ce5da81a8c069810d8
Apr 22 06:10:36 任务完成成功
Apr 22 06:10:37 去做任务5fed97ce5da81a8c069810d7
Apr 22 06:10:37 任务完成成功
Apr 22 06:10:38 去做任务5fed97ce5da81a8c069810d6
Apr 22 06:10:38 任务完成成功
Apr 22 06:10:39 去做任务5fed97ce5da81a8c069810d5
Apr 22 06:10:39 任务完成成功
Apr 22 06:10:40 去做任务5fed97ce5da81a8c069810d4
Apr 22 06:10:40 任务完成成功
Apr 22 06:10:41 去做任务5ffbea8009fec446f7e505f7
Apr 22 06:10:42 任务完成成功
Apr 22 06:10:43 去做任务6000f97609fec446f7e50e01
Apr 22 06:10:43 任务完成成功
Apr 22 06:10:44 去做任务60064bfd8f6c83ec46a228e3
Apr 22 06:10:44 任务完成成功
Apr 22 06:10:45 当前幸福值：5078
Apr 22 06:10:45 京东家庭号
Apr 22 06:10:45 
Apr 22 06:10:45 京东账号1jd_60103fd1c8cd9
Apr 22 06:10:45 当前幸福值：5078
Apr 22 06:10:45 
Apr 22 06:10:45 🔔京东家庭号, 结束! 🕛 16.322 秒
Apr 22 06:10:45 
Apr 22 07:10:25 
Apr 22 07:10:25 🔔京东家庭号, 开始!
Apr 22 07:10:25 
Apr 22 07:10:25 ====================共1个京东账号Cookie=========
Apr 22 07:10:25 
Apr 22 07:10:25 ==================脚本执行- 北京时间(UTC+8)：4/22/2021, 7:10:25 AM=====================
Apr 22 07:10:25 
Apr 22 07:10:26 
Apr 22 07:10:26 ******开始【京东账号1】jd_60103fd1c8cd9*********
Apr 22 07:10:26 
Apr 22 07:10:27 当前幸福值：5078
Apr 22 07:10:27 去做任务5fed97ce5da81a8c069810df
Apr 22 07:10:27 任务完成成功
Apr 22 07:10:28 去做任务600e29f6986178004811bdb0
Apr 22 07:10:28 任务完成失败，原因未知
Apr 22 07:10:29 去做任务5fed97ce5da81a8c069810de
Apr 22 07:10:29 任务完成失败，原因未知
Apr 22 07:10:30 180分钟可后做任务5fed97ce5da81a8c069810dd
Apr 22 07:10:30 当前幸福值：5080
Apr 22 07:10:30 京东家庭号
Apr 22 07:10:30 
Apr 22 07:10:30 京东账号1jd_60103fd1c8cd9
Apr 22 07:10:30 当前幸福值：5080
Apr 22 07:10:30 
Apr 22 07:10:30 🔔京东家庭号, 结束! 🕛 5.537 秒
Apr 22 07:10:30 
Apr 23 06:10:29 
Apr 23 06:10:29 🔔京东家庭号, 开始!
Apr 23 06:10:29 
Apr 23 06:10:29 ====================共1个京东账号Cookie=========
Apr 23 06:10:29 
Apr 23 06:10:29 ==================脚本执行- 北京时间(UTC+8)：4/23/2021, 6:10:29 AM=====================
Apr 23 06:10:29 
Apr 23 06:10:30 
Apr 23 06:10:30 ******开始【京东账号1】jd_60103fd1c8cd9*********
Apr 23 06:10:30 
Apr 23 06:10:30 当前幸福值：5080
Apr 23 06:10:30 去做任务5fed97ce5da81a8c069810df
Apr 23 06:10:30 任务完成成功
Apr 23 06:10:31 去做任务600e29f6986178004811bdb0
Apr 23 06:10:31 任务完成失败，原因未知
Apr 23 06:10:32 去做任务5fed97ce5da81a8c069810de
Apr 23 06:10:32 任务完成失败，原因未知
Apr 23 06:10:33 去做任务5fed97ce5da81a8c069810dd
Apr 23 06:10:33 任务完成成功
Apr 23 06:10:34 去做任务5fed97ce5da81a8c069810da
Apr 23 06:10:34 任务完成成功
Apr 23 06:10:35 去做任务5fed97ce5da81a8c069810d9
Apr 23 06:10:35 任务完成成功
Apr 23 06:10:36 去做任务5fed97ce5da81a8c069810d8
Apr 23 06:10:36 任务完成成功
Apr 23 06:10:37 去做任务5fed97ce5da81a8c069810d7
Apr 23 06:10:38 任务完成成功
Apr 23 06:10:39 去做任务5fed97ce5da81a8c069810d6
Apr 23 06:10:39 任务完成成功
Apr 23 06:10:40 去做任务5fed97ce5da81a8c069810d5
Apr 23 06:10:40 任务完成成功
Apr 23 06:10:41 去做任务5fed97ce5da81a8c069810d4
Apr 23 06:10:41 任务完成成功
Apr 23 06:10:42 去做任务5ffbea8009fec446f7e505f7
Apr 23 06:10:42 任务完成成功
Apr 23 06:10:43 去做任务6000f97609fec446f7e50e01
Apr 23 06:10:43 任务完成成功
Apr 23 06:10:44 去做任务60064bfd8f6c83ec46a228e3
Apr 23 06:10:44 任务完成成功
Apr 23 06:10:45 当前幸福值：5322
Apr 23 06:10:45 京东家庭号
Apr 23 06:10:45 
Apr 23 06:10:45 京东账号1jd_60103fd1c8cd9
Apr 23 06:10:45 当前幸福值：5322
Apr 23 06:10:45 
Apr 23 06:10:45 🔔京东家庭号, 结束! 🕛 16.43 秒
Apr 23 06:10:45 
Apr 23 07:10:00 
Apr 23 07:10:00 🔔京东家庭号, 开始!
Apr 23 07:10:00 
Apr 23 07:10:00 ====================共1个京东账号Cookie=========
Apr 23 07:10:00 
Apr 23 07:10:00 ==================脚本执行- 北京时间(UTC+8)：4/23/2021, 7:10:00 AM=====================
Apr 23 07:10:00 
Apr 23 07:10:01 
Apr 23 07:10:01 ******开始【京东账号1】jd_60103fd1c8cd9*********
Apr 23 07:10:01 
Apr 23 07:10:01 当前幸福值：5322
Apr 23 07:10:01 去做任务5fed97ce5da81a8c069810df
Apr 23 07:10:01 任务完成成功
Apr 23 07:10:02 去做任务600e29f6986178004811bdb0
Apr 23 07:10:02 任务完成失败，原因未知
Apr 23 07:10:03 去做任务5fed97ce5da81a8c069810de
Apr 23 07:10:03 任务完成失败，原因未知
Apr 23 07:10:04 180分钟可后做任务5fed97ce5da81a8c069810dd
Apr 23 07:10:04 当前幸福值：5324
Apr 23 07:10:04 京东家庭号
Apr 23 07:10:04 
Apr 23 07:10:04 京东账号1jd_60103fd1c8cd9
Apr 23 07:10:04 当前幸福值：5324
Apr 23 07:10:04 
Apr 23 07:10:04 🔔京东家庭号, 结束! 🕛 4.515 秒
Apr 23 07:10:04 
