Mar 31 06:05:28 
Mar 31 06:05:28 🔔环球挑战赛, 开始!
Mar 31 06:05:28 
Mar 31 06:05:28 ====================共1个京东账号Cookie=========
Mar 31 06:05:28 
Mar 31 06:05:28 ==================脚本执行- 北京时间(UTC+8)：3/31/2021, 6:05:28 AM=====================
Mar 31 06:05:28 
Mar 31 06:05:28 开始获取环球挑战赛配置文件
Mar 31 06:05:28 
Mar 31 06:05:28 共1个京东账号
Mar 31 06:05:28 
Mar 31 06:05:28 您提供了0个账号的环球挑战赛PK助力码
Mar 31 06:05:28 
Mar 31 06:05:29 
Mar 31 06:05:29 ******开始【京东账号1】burst3166*********
Mar 31 06:05:29 
Mar 31 06:05:29 由于您第1个京东账号未提供shareCode,将采纳本脚本自带的助力码
Mar 31 06:05:29 
Mar 31 06:05:29 开始
Mar 31 06:05:30 随机取20个码放到您固定的互助码后面(不影响已有固定互助)
Mar 31 06:05:30 第1个京东账号将要助力的好友["WmpHM2pndWh3OFphS2NsbTRLMmhqZz09","M3ozUGw0eExUZ25hSHBTZ2pJcTdpZz09","S2tETnZ0REtONy9Dc2Nqek1KNXpmWHFTNnF3OUtQQjJKZmJ2YUtSS3BQTT0=","a1RrenU1WExQaXRWS3VIZHgwMjlUYzJSeHhVMDlvZXgxR2RsdkZkRXZnOD0=","bHNsOVFIL2tQRTJhSndpRVNHVTlheXJLbzZRK09HaUtidjJUUFNQRXdqbz0=","M0JxTFVEbmxtV05uQWJVQVdyL2NxeTcycG1lcWtEbzVOc283bjR2MklkWT0=","K1dwMGVOejBtY2IzVW1jR0pqZTQ5dz09","NXBEQy9BaTJONHEzQjEwUEdVTnMzZz09","NFFCcldvdEwrOE8xUnhXK21qSEdGYjB3V1ptdFdRSmdmT0F3aHVCTWF1ND0=","VHRWQlBRcUZ5Q3BtMm0ydzNrWncrUT09","YmFpU25zZGwwcytmbTBOVnlNNWdHMytrNmhmSTdWRi9kVGQ4MUV3ZHpmdz0","ckJuVE1pdnlxVUFRNFRqdWh6RkVBYkFmYWV4VG9qUk45d3dsaDdhelpKcz0=","amRmU1l0WVBhcTNlU2k0Q0pvSGVEZz09","RlJYUWdNWXY2RnZFTTNZOThHL2ttbWNmQUEyUHNpOTc2U2NwbHJSbHVRVT0=","dVh4WkgwV05VdHpzMFRndUR0emI4dz09","ZThKbGVXSUptR0NvcThMWC9STzNPZz09","VWFKR3Fybi9HejFEVTU0Z0VRT0Z3aWRBZVVQRlA2MkRhZUZyVUVyblVnVT0=","ZXQ4SGgrMklqVTF6aDFCc2czQUFpWXk1VmtBY1N0WElmZWxIRnZnSzUwYz0=","UXZFQWZRNjdweERIQUswMG9GUzgxUUVZaWRZZ0Z3V0F0TzVQam5FTkhnQT0=","V1hyUzl2bXpkTnhQVFMrRFZ5U0dZUC9JWnJlVmVoU3IvUnJEUFZuN1FkTT0=","K252eHZuRmNzcUdyWWdGS0hoTXBnMUFzSzB5Uk5vSmFnc09MS2JMMElvUT0=","ZjQvSDhsMEJYNkdBeWlIeUdNU2J2Wm1TN3pnaVU0WjE4R3AzK0JaQ0hWOD0=","aE9kTCt3cnkyWVBERzRSUnlra292aDdNdWtySWpxVVlrN1hwaXUxRlU2Zz0=","Tk1qK2o1T1BidjVZNDhzT2l6TzRvZz09","czRPb0dlTTJ3M0tmNjgzaWxOcVRLZTNJSFJiQVFDSmtXUDhXVkZqRXROMD0=","MktoVVRUeUVnLzN2Z3lLODNEQityUT09"]
Mar 31 06:05:30 当前活动：第24/24天
Mar 31 06:05:30 去做每日签到任务
Mar 31 06:05:30 接口降级
Mar 31 06:05:30 
Mar 31 06:05:30 【京东账号1（burst3166）的环球挑战赛好友互助码】N29FWmVzbDRkTE5lb2hIbjJwZzVpdz09
Mar 31 06:05:30 
Mar 31 06:05:30 去做下单满99元赠送500京豆任务
Mar 31 06:05:30 接口降级
Mar 31 06:05:30 去做浏览进口精选商品10秒任务
Mar 31 06:05:30 接口降级
Mar 31 06:05:31 任务完成,获得奖励
Mar 31 06:05:31 接口降级
Mar 31 06:05:31 接口降级
Mar 31 06:05:31 接口降级
Mar 31 06:05:31 接口降级
Mar 31 06:05:31 接口降级
Mar 31 06:05:31 接口降级
Mar 31 06:05:31 任务完成,获得奖励
Mar 31 06:05:31 接口降级
Mar 31 06:05:31 去做逛Ddrops海外自营专区任务
Mar 31 06:05:31 接口降级
Mar 31 06:05:31 去做逛京东国际频道首页20秒任务
Mar 31 06:05:31 接口降级
Mar 31 06:05:31 去做关注博朗母婴旗舰店任务
Mar 31 06:05:31 任务完成,获得奖励
Mar 31 06:05:31 去助力好友WmpHM2pndWh3OFphS2NsbTRLMmhqZz09
Mar 31 06:05:32 接口降级
Mar 31 06:05:33 去助力好友M3ozUGw0eExUZ25hSHBTZ2pJcTdpZz09
Mar 31 06:05:33 接口降级
Mar 31 06:05:34 去助力好友S2tETnZ0REtONy9Dc2Nqek1KNXpmWHFTNnF3OUtQQjJKZmJ2YUtSS3BQTT0=
Mar 31 06:05:34 接口降级
Mar 31 06:05:35 去助力好友a1RrenU1WExQaXRWS3VIZHgwMjlUYzJSeHhVMDlvZXgxR2RsdkZkRXZnOD0=
Mar 31 06:05:35 接口降级
Mar 31 06:05:36 去助力好友bHNsOVFIL2tQRTJhSndpRVNHVTlheXJLbzZRK09HaUtidjJUUFNQRXdqbz0=
Mar 31 06:05:36 接口降级
Mar 31 06:05:37 去助力好友M0JxTFVEbmxtV05uQWJVQVdyL2NxeTcycG1lcWtEbzVOc283bjR2MklkWT0=
Mar 31 06:05:37 接口降级
Mar 31 06:05:38 去助力好友K1dwMGVOejBtY2IzVW1jR0pqZTQ5dz09
Mar 31 06:05:38 接口降级
Mar 31 06:05:39 去助力好友NXBEQy9BaTJONHEzQjEwUEdVTnMzZz09
Mar 31 06:05:39 接口降级
Mar 31 06:05:40 去助力好友NFFCcldvdEwrOE8xUnhXK21qSEdGYjB3V1ptdFdRSmdmT0F3aHVCTWF1ND0=
Mar 31 06:05:40 接口降级
Mar 31 06:05:41 去助力好友VHRWQlBRcUZ5Q3BtMm0ydzNrWncrUT09
Mar 31 06:05:41 接口降级
Mar 31 06:05:42 去助力好友YmFpU25zZGwwcytmbTBOVnlNNWdHMytrNmhmSTdWRi9kVGQ4MUV3ZHpmdz0
Mar 31 06:05:42 接口降级
Mar 31 06:05:43 去助力好友ckJuVE1pdnlxVUFRNFRqdWh6RkVBYkFmYWV4VG9qUk45d3dsaDdhelpKcz0=
Mar 31 06:05:43 接口降级
Mar 31 06:05:44 去助力好友amRmU1l0WVBhcTNlU2k0Q0pvSGVEZz09
Mar 31 06:05:44 恭喜成功帮TA拿了100里程~
Mar 31 06:05:45 去助力好友RlJYUWdNWXY2RnZFTTNZOThHL2ttbWNmQUEyUHNpOTc2U2NwbHJSbHVRVT0=
Mar 31 06:05:45 接口降级
Mar 31 06:05:46 去助力好友dVh4WkgwV05VdHpzMFRndUR0emI4dz09
Mar 31 06:05:46 接口降级
Mar 31 06:05:47 去助力好友ZThKbGVXSUptR0NvcThMWC9STzNPZz09
Mar 31 06:05:48 接口降级
Mar 31 06:05:49 去助力好友VWFKR3Fybi9HejFEVTU0Z0VRT0Z3aWRBZVVQRlA2MkRhZUZyVUVyblVnVT0=
Mar 31 06:05:49 TA的助力好友人数已经爆棚啦~
Mar 31 06:05:50 去助力好友ZXQ4SGgrMklqVTF6aDFCc2czQUFpWXk1VmtBY1N0WElmZWxIRnZnSzUwYz0=
Mar 31 06:05:50 接口降级
Mar 31 06:05:51 去助力好友UXZFQWZRNjdweERIQUswMG9GUzgxUUVZaWRZZ0Z3V0F0TzVQam5FTkhnQT0=
Mar 31 06:05:51 接口降级
Mar 31 06:05:52 去助力好友V1hyUzl2bXpkTnhQVFMrRFZ5U0dZUC9JWnJlVmVoU3IvUnJEUFZuN1FkTT0=
Mar 31 06:05:52 接口降级
Mar 31 06:05:53 去助力好友K252eHZuRmNzcUdyWWdGS0hoTXBnMUFzSzB5Uk5vSmFnc09MS2JMMElvUT0=
Mar 31 06:05:53 接口降级
Mar 31 06:05:54 去助力好友ZjQvSDhsMEJYNkdBeWlIeUdNU2J2Wm1TN3pnaVU0WjE4R3AzK0JaQ0hWOD0=
Mar 31 06:05:54 恭喜成功帮TA拿了100里程~
Mar 31 06:05:55 去助力好友aE9kTCt3cnkyWVBERzRSUnlra292aDdNdWtySWpxVVlrN1hwaXUxRlU2Zz0=
Mar 31 06:05:55 恭喜成功帮TA拿了100里程~
Mar 31 06:05:56 去助力好友Tk1qK2o1T1BidjVZNDhzT2l6TzRvZz09
Mar 31 06:05:56 接口降级
Mar 31 06:05:57 去助力好友czRPb0dlTTJ3M0tmNjgzaWxOcVRLZTNJSFJiQVFDSmtXUDhXVkZqRXROMD0=
Mar 31 06:05:57 恭喜成功帮TA拿了100里程~
Mar 31 06:05:58 去助力好友MktoVVRUeUVnLzN2Z3lLODNEQityUT09
Mar 31 06:05:58 接口降级
Mar 31 06:05:59 
Mar 31 06:05:59 ==============📣系统通知📣==============
Mar 31 06:05:59 环球挑战赛
Mar 31 06:05:59 京东账号1burst3166
Mar 31 06:05:59 本次运行获得140里程，0京豆，共计3320里程
Mar 31 06:05:59 
Mar 31 06:05:59 🔔环球挑战赛, 结束! 🕛 31.325 秒
Mar 31 06:05:59 
