Apr 22 07:23:17 
Apr 22 07:23:17 🔔获取互助码, 开始!
Apr 22 07:23:17 
Apr 22 07:23:17 ====================共1个京东账号Cookie=========
Apr 22 07:23:17 
Apr 22 07:23:17 ==================脚本执行- 北京时间(UTC+8)：4/22/2021, 7:23:17 AM=====================
Apr 22 07:23:17 
Apr 22 07:23:17 
Apr 22 07:23:17 注：临时活动的互助码不添加到此处，如有需要请手动运行对应临时活动脚本
Apr 22 07:23:17 
Apr 22 07:23:18 ======账号1开始======
Apr 22 07:23:18 【京东账号1（jd_60103fd1c8cd9）京东农场】00f87df6002c468b9a7f8047b03531ec
Apr 22 07:23:18 【京东账号1（jd_60103fd1c8cd9）京东萌宠】MTE1NDUwMTI0MDAwMDAwMDQ0MjAwNDQz
Apr 22 07:23:18 【京东账号1（jd_60103fd1c8cd9）种豆得豆】olmijoxgmjutymjqb2olyk2ke52hlfmxwzgizea
Apr 22 07:23:18 【京东账号1（jd_60103fd1c8cd9）东东工厂】T0225KkcRh4Y9VeBdBunnKRefQCjVWnYaS5kRrbA
Apr 22 07:23:18 【京东账号1（jd_60103fd1c8cd9）京喜工厂】lmOajc3zN-XR5JxkIqM5qA==
Apr 22 07:23:18 注意：京喜农场 种植种子发生变化的时候，互助码也会变！！
Apr 22 07:23:18 【京东账号1（jd_60103fd1c8cd9）京喜农场】{"smp":"792d578e0286568f7e5bfb203930b475","active":"jdnc_1_guamian210305_2","joinnum":1}
Apr 22 07:23:19 【京东账号1（jd_60103fd1c8cd9）的京东赚赚好友互助码】S5KkcRh4Y9VeBdBunnKRefQ
Apr 22 07:23:19 【京东账号1（jd_60103fd1c8cd9）crazyJoy】ylwZoJ2uwgfXCPm39fmiUqt9zd5YaBeE
Apr 22 07:23:50 
Apr 22 07:23:50 ❗️获取互助码, 错误!
Apr 22 07:23:50 SyntaxError: Unexpected token u in JSON at position 0
Apr 22 07:23:50     at JSON.parse (<anonymous>)
Apr 22 07:23:50     at /scripts/jd_get_share_code.js:556:23
Apr 22 07:23:50     at /scripts/jd_get_share_code.js:756:5858
Apr 22 07:23:50     at processTicksAndRejections (internal/process/task_queues.js:97:5)
Apr 22 07:23:50 【京东账号1（jd_60103fd1c8cd9）财富岛】3E3F0632B5A61B923B5235513E495D48CC423FEE6E1BEBD4CE743C9A6E8DCEFB
Apr 22 07:23:50 【京东账号1（jd_60103fd1c8cd9）签到领现金】eU9YauyzZv9wpW-GwyBH3w
Apr 22 07:23:50 ======账号1结束======
Apr 22 07:23:50 
Apr 22 07:23:50 
Apr 22 07:23:50 🔔获取互助码, 结束! 🕛 33.553 秒
Apr 22 07:23:50 
Apr 23 07:23:00 
Apr 23 07:23:00 🔔获取互助码, 开始!
Apr 23 07:23:00 
Apr 23 07:23:00 ====================共1个京东账号Cookie=========
Apr 23 07:23:00 
Apr 23 07:23:01 ==================脚本执行- 北京时间(UTC+8)：4/23/2021, 7:23:00 AM=====================
Apr 23 07:23:01 
Apr 23 07:23:01 
Apr 23 07:23:01 注：临时活动的互助码不添加到此处，如有需要请手动运行对应临时活动脚本
Apr 23 07:23:01 
Apr 23 07:23:01 ======账号1开始======
Apr 23 07:23:02 【京东账号1（jd_60103fd1c8cd9）京东农场】00f87df6002c468b9a7f8047b03531ec
Apr 23 07:23:02 【京东账号1（jd_60103fd1c8cd9）京东萌宠】MTE1NDUwMTI0MDAwMDAwMDQ0MjAwNDQz
Apr 23 07:23:02 【京东账号1（jd_60103fd1c8cd9）种豆得豆】olmijoxgmjutymjqb2olyk2ke52hlfmxwzgizea
Apr 23 07:23:02 【京东账号1（jd_60103fd1c8cd9）东东工厂】T0225KkcRh4Y9VeBdBunnKRefQCjVWnYaS5kRrbA
Apr 23 07:23:02 【京东账号1（jd_60103fd1c8cd9）京喜工厂】lmOajc3zN-XR5JxkIqM5qA==
Apr 23 07:23:02 注意：京喜农场 种植种子发生变化的时候，互助码也会变！！
Apr 23 07:23:02 【京东账号1（jd_60103fd1c8cd9）京喜农场】{"smp":"792d578e0286568f7e5bfb203930b475","active":"jdnc_1_guamian210305_2","joinnum":1}
Apr 23 07:23:02 【京东账号1（jd_60103fd1c8cd9）的京东赚赚好友互助码】S5KkcRh4Y9VeBdBunnKRefQ
Apr 23 07:23:02 【京东账号1（jd_60103fd1c8cd9）crazyJoy】ylwZoJ2uwgfXCPm39fmiUqt9zd5YaBeE
Apr 23 07:23:02 【京东账号1（jd_60103fd1c8cd9）闪购盲盒】T0225KkcRh4Y9VeBdBunnKRefQCjVQmoaT5kRrbA
Apr 23 07:23:03 【京东账号1（jd_60103fd1c8cd9）财富岛】3E3F0632B5A61B923B5235513E495D4866DEBD0096EFDA153B87CA3FA552C99F
Apr 23 07:23:03 【京东账号1（jd_60103fd1c8cd9）签到领现金】eU9YauyzZv9wpW-GwyBH3w
Apr 23 07:23:03 ======账号1结束======
Apr 23 07:23:03 
Apr 23 07:23:03 
Apr 23 07:23:03 🔔获取互助码, 结束! 🕛 2.406 秒
Apr 23 07:23:03 
