Apr 23 14:45:21 
Apr 23 14:45:21 🔔东东健康社区收集能量收集, 开始!
Apr 23 14:45:21 
Apr 23 14:45:21 ====================共1个京东账号Cookie=========
Apr 23 14:45:21 
Apr 23 14:45:21 ==================脚本执行- 北京时间(UTC+8)：4/23/2021, 2:45:21 PM=====================
Apr 23 14:45:21 
Apr 23 14:45:22 
Apr 23 14:45:22 ******开始【京东账号1】jd_60103fd1c8cd9*********
Apr 23 14:45:22 
Apr 23 14:45:22 任务完成成功，获得：480能量
Apr 23 14:45:22 
Apr 23 14:45:22 🔔东东健康社区收集能量收集, 结束! 🕛 0.838 秒
Apr 23 14:45:22 
Apr 23 15:05:21 
Apr 23 15:05:21 🔔东东健康社区收集能量收集, 开始!
Apr 23 15:05:21 
Apr 23 15:05:21 ====================共1个京东账号Cookie=========
Apr 23 15:05:21 
Apr 23 15:05:21 ==================脚本执行- 北京时间(UTC+8)：4/23/2021, 3:05:21 PM=====================
Apr 23 15:05:21 
Apr 23 15:05:21 
Apr 23 15:05:21 ******开始【京东账号1】jd_60103fd1c8cd9*********
Apr 23 15:05:21 
Apr 23 15:05:54 任务完成成功，获得：480能量
Apr 23 15:05:54 
Apr 23 15:05:54 🔔东东健康社区收集能量收集, 结束! 🕛 33.778 秒
Apr 23 15:05:54 
Apr 23 15:25:02 
Apr 23 15:25:02 🔔东东健康社区收集能量收集, 开始!
Apr 23 15:25:02 
Apr 23 15:25:02 ====================共1个京东账号Cookie=========
Apr 23 15:25:02 
Apr 23 15:25:02 ==================脚本执行- 北京时间(UTC+8)：4/23/2021, 3:25:02 PM=====================
Apr 23 15:25:02 
Apr 23 15:25:02 
Apr 23 15:25:02 ******开始【京东账号1】jd_60103fd1c8cd9*********
Apr 23 15:25:02 
Apr 23 15:25:03 任务完成成功，获得：458能量
Apr 23 15:25:03 
Apr 23 15:25:03 🔔东东健康社区收集能量收集, 结束! 🕛 0.976 秒
Apr 23 15:25:03 
Apr 23 15:45:22 
Apr 23 15:45:22 🔔东东健康社区收集能量收集, 开始!
Apr 23 15:45:22 
Apr 23 15:45:22 ====================共1个京东账号Cookie=========
Apr 23 15:45:22 
Apr 23 15:45:22 ==================脚本执行- 北京时间(UTC+8)：4/23/2021, 3:45:22 PM=====================
Apr 23 15:45:22 
Apr 23 15:45:22 
Apr 23 15:45:22 ******开始【京东账号1】jd_60103fd1c8cd9*********
Apr 23 15:45:22 
Apr 23 15:45:23 任务完成成功，获得：480能量
Apr 23 15:45:23 
Apr 23 15:45:23 🔔东东健康社区收集能量收集, 结束! 🕛 0.881 秒
Apr 23 15:45:23 
Apr 23 16:05:22 
Apr 23 16:05:22 🔔东东健康社区收集能量收集, 开始!
Apr 23 16:05:22 
Apr 23 16:05:22 ====================共1个京东账号Cookie=========
Apr 23 16:05:22 
Apr 23 16:05:22 ==================脚本执行- 北京时间(UTC+8)：4/23/2021, 4:05:22 PM=====================
Apr 23 16:05:22 
Apr 23 16:05:22 
Apr 23 16:05:22 ******开始【京东账号1】jd_60103fd1c8cd9*********
Apr 23 16:05:22 
Apr 23 16:05:23 任务完成成功，获得：480能量
Apr 23 16:05:23 
Apr 23 16:05:23 🔔东东健康社区收集能量收集, 结束! 🕛 1.004 秒
Apr 23 16:05:23 
Apr 23 16:25:00 
Apr 23 16:25:00 🔔东东健康社区收集能量收集, 开始!
Apr 23 16:25:00 
Apr 23 16:25:00 ====================共1个京东账号Cookie=========
Apr 23 16:25:00 
Apr 23 16:25:01 ==================脚本执行- 北京时间(UTC+8)：4/23/2021, 4:25:00 PM=====================
Apr 23 16:25:01 
Apr 23 16:25:01 
Apr 23 16:25:01 ******开始【京东账号1】jd_60103fd1c8cd9*********
Apr 23 16:25:01 
Apr 23 16:25:01 任务完成成功，获得：470能量
Apr 23 16:25:01 
Apr 23 16:25:01 🔔东东健康社区收集能量收集, 结束! 🕛 0.9 秒
Apr 23 16:25:01 
Apr 23 16:45:15 
Apr 23 16:45:15 🔔东东健康社区收集能量收集, 开始!
Apr 23 16:45:15 
Apr 23 16:45:15 ====================共1个京东账号Cookie=========
Apr 23 16:45:15 
Apr 23 16:45:16 ==================脚本执行- 北京时间(UTC+8)：4/23/2021, 4:45:15 PM=====================
Apr 23 16:45:16 
Apr 23 16:45:16 
Apr 23 16:45:16 ******开始【京东账号1】jd_60103fd1c8cd9*********
Apr 23 16:45:16 
Apr 23 16:45:49 任务完成成功，获得：480能量
Apr 23 16:45:49 
Apr 23 16:45:49 🔔东东健康社区收集能量收集, 结束! 🕛 33.715 秒
Apr 23 16:45:49 
Apr 23 17:05:22 
Apr 23 17:05:22 🔔东东健康社区收集能量收集, 开始!
Apr 23 17:05:22 
Apr 23 17:05:22 ====================共1个京东账号Cookie=========
Apr 23 17:05:22 
Apr 23 17:05:22 ==================脚本执行- 北京时间(UTC+8)：4/23/2021, 5:05:22 PM=====================
Apr 23 17:05:22 
Apr 23 17:05:22 
Apr 23 17:05:22 ******开始【京东账号1】jd_60103fd1c8cd9*********
Apr 23 17:05:22 
Apr 23 17:05:22 任务完成成功，获得：468能量
Apr 23 17:05:22 
Apr 23 17:05:22 🔔东东健康社区收集能量收集, 结束! 🕛 0.893 秒
Apr 23 17:05:22 
Apr 23 17:25:29 
Apr 23 17:25:29 🔔东东健康社区收集能量收集, 开始!
Apr 23 17:25:29 
Apr 23 17:25:29 ====================共1个京东账号Cookie=========
Apr 23 17:25:29 
Apr 23 17:25:29 ==================脚本执行- 北京时间(UTC+8)：4/23/2021, 5:25:29 PM=====================
Apr 23 17:25:29 
Apr 23 17:25:29 
Apr 23 17:25:29 ******开始【京东账号1】jd_60103fd1c8cd9*********
Apr 23 17:25:29 
Apr 23 17:25:30 任务完成成功，获得：480能量
Apr 23 17:25:30 
Apr 23 17:25:30 🔔东东健康社区收集能量收集, 结束! 🕛 0.895 秒
Apr 23 17:25:30 
Apr 23 17:45:27 
Apr 23 17:45:27 🔔东东健康社区收集能量收集, 开始!
Apr 23 17:45:27 
Apr 23 17:45:27 ====================共1个京东账号Cookie=========
Apr 23 17:45:27 
Apr 23 17:45:27 ==================脚本执行- 北京时间(UTC+8)：4/23/2021, 5:45:27 PM=====================
Apr 23 17:45:27 
Apr 23 17:45:27 
Apr 23 17:45:27 ******开始【京东账号1】jd_60103fd1c8cd9*********
Apr 23 17:45:27 
Apr 23 17:45:28 任务完成成功，获得：478能量
Apr 23 17:45:28 
Apr 23 17:45:28 🔔东东健康社区收集能量收集, 结束! 🕛 0.906 秒
Apr 23 17:45:28 
Apr 23 18:05:07 
Apr 23 18:05:07 🔔东东健康社区收集能量收集, 开始!
Apr 23 18:05:07 
Apr 23 18:05:07 ====================共1个京东账号Cookie=========
Apr 23 18:05:07 
Apr 23 18:05:07 ==================脚本执行- 北京时间(UTC+8)：4/23/2021, 6:05:07 PM=====================
Apr 23 18:05:07 
Apr 23 18:05:07 
Apr 23 18:05:07 ******开始【京东账号1】jd_60103fd1c8cd9*********
Apr 23 18:05:07 
Apr 23 18:05:08 任务完成成功，获得：472能量
Apr 23 18:05:08 
Apr 23 18:05:08 🔔东东健康社区收集能量收集, 结束! 🕛 0.902 秒
Apr 23 18:05:08 
Apr 23 18:25:08 
Apr 23 18:25:08 🔔东东健康社区收集能量收集, 开始!
Apr 23 18:25:08 
Apr 23 18:25:08 ====================共1个京东账号Cookie=========
Apr 23 18:25:08 
Apr 23 18:25:09 ==================脚本执行- 北京时间(UTC+8)：4/23/2021, 6:25:08 PM=====================
Apr 23 18:25:09 
Apr 23 18:25:09 
Apr 23 18:25:09 ******开始【京东账号1】jd_60103fd1c8cd9*********
Apr 23 18:25:09 
Apr 23 18:25:09 任务完成成功，获得：480能量
Apr 23 18:25:09 
Apr 23 18:25:09 🔔东东健康社区收集能量收集, 结束! 🕛 0.829 秒
Apr 23 18:25:09 
Apr 23 18:45:19 
Apr 23 18:45:19 🔔东东健康社区收集能量收集, 开始!
Apr 23 18:45:19 
Apr 23 18:45:19 ====================共1个京东账号Cookie=========
Apr 23 18:45:19 
Apr 23 18:45:19 ==================脚本执行- 北京时间(UTC+8)：4/23/2021, 6:45:19 PM=====================
Apr 23 18:45:19 
Apr 23 18:45:19 
Apr 23 18:45:19 ******开始【京东账号1】jd_60103fd1c8cd9*********
Apr 23 18:45:19 
Apr 23 18:45:19 任务完成成功，获得：480能量
Apr 23 18:45:19 
Apr 23 18:45:19 🔔东东健康社区收集能量收集, 结束! 🕛 0.805 秒
Apr 23 18:45:19 
Apr 23 19:05:26 
Apr 23 19:05:26 🔔东东健康社区收集能量收集, 开始!
Apr 23 19:05:26 
Apr 23 19:05:26 ====================共1个京东账号Cookie=========
Apr 23 19:05:26 
Apr 23 19:05:26 ==================脚本执行- 北京时间(UTC+8)：4/23/2021, 7:05:26 PM=====================
Apr 23 19:05:26 
Apr 23 19:05:26 
Apr 23 19:05:26 ******开始【京东账号1】jd_60103fd1c8cd9*********
Apr 23 19:05:26 
Apr 23 19:05:27 任务完成成功，获得：480能量
Apr 23 19:05:27 
Apr 23 19:05:27 🔔东东健康社区收集能量收集, 结束! 🕛 0.829 秒
Apr 23 19:05:27 
