Mar 31 00:35:00 
Mar 31 00:35:00 🔔宠汪汪🐕喂食, 开始!
Mar 31 00:35:00 
Mar 31 00:35:00 ====================共1个京东账号Cookie=========
Mar 31 00:35:00 
Mar 31 00:35:00 ==================脚本执行- 北京时间(UTC+8)：3/31/2021, 12:35:00 AM=====================
Mar 31 00:35:00 
Mar 31 00:35:01 
Mar 31 00:35:01 开始【京东账号1】burst3166
Mar 31 00:35:01 
Mar 31 00:35:01 您设置的喂食数量::10g
Mar 31 00:35:01 
Mar 31 00:35:01 实际的喂食数量::10g
Mar 31 00:35:01 
Mar 31 00:35:01 喂食成功
Mar 31 00:35:01 
Mar 31 00:35:01 【喂食成功】10g
Mar 31 00:35:01 
Mar 31 00:35:01 
Mar 31 00:35:01 
Mar 31 00:35:01 🔔宠汪汪🐕喂食, 结束! 🕛 1.002 秒
Mar 31 00:35:01 
Mar 31 01:35:00 
Mar 31 01:35:00 🔔宠汪汪🐕喂食, 开始!
Mar 31 01:35:00 
Mar 31 01:35:00 ====================共1个京东账号Cookie=========
Mar 31 01:35:00 
Mar 31 01:35:00 ==================脚本执行- 北京时间(UTC+8)：3/31/2021, 1:35:00 AM=====================
Mar 31 01:35:00 
Mar 31 01:35:01 
Mar 31 01:35:01 开始【京东账号1】burst3166
Mar 31 01:35:01 
Mar 31 01:35:01 您设置的喂食数量::10g
Mar 31 01:35:01 
Mar 31 01:35:01 实际的喂食数量::10g
Mar 31 01:35:01 
Mar 31 01:35:01 喂食失败：正在食用
Mar 31 01:35:01 
Mar 31 01:35:01 【喂食失败】您的汪汪正在食用
Mar 31 01:35:01 
Mar 31 01:35:01 
Mar 31 01:35:01 
Mar 31 01:35:01 🔔宠汪汪🐕喂食, 结束! 🕛 0.996 秒
Mar 31 01:35:01 
Mar 31 02:35:01 
Mar 31 02:35:01 🔔宠汪汪🐕喂食, 开始!
Mar 31 02:35:01 
Mar 31 02:35:01 ====================共1个京东账号Cookie=========
Mar 31 02:35:01 
Mar 31 02:35:01 ==================脚本执行- 北京时间(UTC+8)：3/31/2021, 2:35:01 AM=====================
Mar 31 02:35:01 
Mar 31 02:35:01 
Mar 31 02:35:01 开始【京东账号1】burst3166
Mar 31 02:35:01 
Mar 31 02:35:01 您设置的喂食数量::10g
Mar 31 02:35:01 
Mar 31 02:35:01 实际的喂食数量::10g
Mar 31 02:35:01 
Mar 31 02:35:02 喂食失败：正在食用
Mar 31 02:35:02 
Mar 31 02:35:02 【喂食失败】您的汪汪正在食用
Mar 31 02:35:02 
Mar 31 02:35:02 
Mar 31 02:35:02 
Mar 31 02:35:02 🔔宠汪汪🐕喂食, 结束! 🕛 0.979 秒
Mar 31 02:35:02 
Mar 31 03:35:00 
Mar 31 03:35:00 🔔宠汪汪🐕喂食, 开始!
Mar 31 03:35:00 
Mar 31 03:35:00 ====================共1个京东账号Cookie=========
Mar 31 03:35:00 
Mar 31 03:35:00 ==================脚本执行- 北京时间(UTC+8)：3/31/2021, 3:35:00 AM=====================
Mar 31 03:35:00 
Mar 31 03:35:01 
Mar 31 03:35:01 开始【京东账号1】burst3166
Mar 31 03:35:01 
Mar 31 03:35:01 您设置的喂食数量::10g
Mar 31 03:35:01 
Mar 31 03:35:01 实际的喂食数量::10g
Mar 31 03:35:01 
Mar 31 03:35:01 喂食成功
Mar 31 03:35:01 
Mar 31 03:35:01 【喂食成功】10g
Mar 31 03:35:01 
Mar 31 03:35:01 
Mar 31 03:35:01 
Mar 31 03:35:01 🔔宠汪汪🐕喂食, 结束! 🕛 1.001 秒
Mar 31 03:35:01 
Mar 31 04:35:01 
Mar 31 04:35:01 🔔宠汪汪🐕喂食, 开始!
Mar 31 04:35:01 
Mar 31 04:35:01 ====================共1个京东账号Cookie=========
Mar 31 04:35:01 
Mar 31 04:35:01 ==================脚本执行- 北京时间(UTC+8)：3/31/2021, 4:35:01 AM=====================
Mar 31 04:35:01 
Mar 31 04:35:01 
Mar 31 04:35:01 开始【京东账号1】burst3166
Mar 31 04:35:01 
Mar 31 04:35:01 您设置的喂食数量::10g
Mar 31 04:35:01 
Mar 31 04:35:01 实际的喂食数量::10g
Mar 31 04:35:01 
Mar 31 04:35:02 喂食失败：正在食用
Mar 31 04:35:02 
Mar 31 04:35:02 【喂食失败】您的汪汪正在食用
Mar 31 04:35:02 
Mar 31 04:35:02 
Mar 31 04:35:02 
Mar 31 04:35:02 🔔宠汪汪🐕喂食, 结束! 🕛 0.982 秒
Mar 31 04:35:02 
Mar 31 05:35:00 
Mar 31 05:35:00 🔔宠汪汪🐕喂食, 开始!
Mar 31 05:35:00 
Mar 31 05:35:00 ====================共1个京东账号Cookie=========
Mar 31 05:35:00 
Mar 31 05:35:00 ==================脚本执行- 北京时间(UTC+8)：3/31/2021, 5:35:00 AM=====================
Mar 31 05:35:00 
Mar 31 05:35:01 
Mar 31 05:35:01 开始【京东账号1】burst3166
Mar 31 05:35:01 
Mar 31 05:35:01 您设置的喂食数量::10g
Mar 31 05:35:01 
Mar 31 05:35:01 实际的喂食数量::10g
Mar 31 05:35:01 
Mar 31 05:35:01 喂食失败：正在食用
Mar 31 05:35:01 
Mar 31 05:35:01 【喂食失败】您的汪汪正在食用
Mar 31 05:35:01 
Mar 31 05:35:01 
Mar 31 05:35:01 
Mar 31 05:35:01 🔔宠汪汪🐕喂食, 结束! 🕛 0.974 秒
Mar 31 05:35:01 
Mar 31 06:35:00 
Mar 31 06:35:00 🔔宠汪汪🐕喂食, 开始!
Mar 31 06:35:00 
Mar 31 06:35:00 ====================共1个京东账号Cookie=========
Mar 31 06:35:00 
Mar 31 06:35:00 ==================脚本执行- 北京时间(UTC+8)：3/31/2021, 6:35:00 AM=====================
Mar 31 06:35:00 
Mar 31 06:35:01 
Mar 31 06:35:01 开始【京东账号1】burst3166
Mar 31 06:35:01 
Mar 31 06:35:01 您设置的喂食数量::10g
Mar 31 06:35:01 
Mar 31 06:35:01 实际的喂食数量::10g
Mar 31 06:35:01 
Mar 31 06:35:01 喂食成功
Mar 31 06:35:01 三餐结果领取成功
Mar 31 06:35:01 
Mar 31 06:35:01 【喂食成功】10g
Mar 31 06:35:01 【三餐】领取成功，获得5g狗粮
Mar 31 06:35:01 
Mar 31 06:35:01 
Mar 31 06:35:01 
Mar 31 06:35:01 🔔宠汪汪🐕喂食, 结束! 🕛 1.032 秒
Mar 31 06:35:01 
Mar 31 07:35:00 
Mar 31 07:35:00 🔔宠汪汪🐕喂食, 开始!
Mar 31 07:35:00 
Mar 31 07:35:00 ====================共1个京东账号Cookie=========
Mar 31 07:35:00 
Mar 31 07:35:00 ==================脚本执行- 北京时间(UTC+8)：3/31/2021, 7:35:00 AM=====================
Mar 31 07:35:00 
Mar 31 07:35:01 
Mar 31 07:35:01 开始【京东账号1】burst3166
Mar 31 07:35:01 
Mar 31 07:35:01 您设置的喂食数量::10g
Mar 31 07:35:01 
Mar 31 07:35:01 实际的喂食数量::10g
Mar 31 07:35:01 
Mar 31 07:35:01 喂食失败：正在食用
Mar 31 07:35:01 
Mar 31 07:35:01 【喂食失败】您的汪汪正在食用
Mar 31 07:35:01 
Mar 31 07:35:01 
Mar 31 07:35:01 
Mar 31 07:35:01 🔔宠汪汪🐕喂食, 结束! 🕛 0.999 秒
Mar 31 07:35:01 
Mar 31 08:35:01 
Mar 31 08:35:01 🔔宠汪汪🐕喂食, 开始!
Mar 31 08:35:01 
Mar 31 08:35:01 ====================共1个京东账号Cookie=========
Mar 31 08:35:01 
Mar 31 08:35:01 ==================脚本执行- 北京时间(UTC+8)：3/31/2021, 8:35:01 AM=====================
Mar 31 08:35:01 
Mar 31 08:35:01 
Mar 31 08:35:01 开始【京东账号1】burst3166
Mar 31 08:35:01 
Mar 31 08:35:01 您设置的喂食数量::10g
Mar 31 08:35:01 
Mar 31 08:35:01 实际的喂食数量::10g
Mar 31 08:35:01 
Mar 31 08:35:02 喂食失败：正在食用
Mar 31 08:35:02 
Mar 31 08:35:02 【喂食失败】您的汪汪正在食用
Mar 31 08:35:02 
Mar 31 08:35:02 
Mar 31 08:35:02 
Mar 31 08:35:02 🔔宠汪汪🐕喂食, 结束! 🕛 0.944 秒
Mar 31 08:35:02 
Mar 31 09:35:00 
Mar 31 09:35:00 🔔宠汪汪🐕喂食, 开始!
Mar 31 09:35:00 
Mar 31 09:35:00 ====================共1个京东账号Cookie=========
Mar 31 09:35:00 
Mar 31 09:35:00 ==================脚本执行- 北京时间(UTC+8)：3/31/2021, 9:35:00 AM=====================
Mar 31 09:35:00 
Mar 31 09:35:01 
Mar 31 09:35:01 开始【京东账号1】burst3166
Mar 31 09:35:01 
Mar 31 09:35:01 您设置的喂食数量::10g
Mar 31 09:35:01 
Mar 31 09:35:01 实际的喂食数量::10g
Mar 31 09:35:01 
Mar 31 09:35:01 喂食成功
Mar 31 09:35:01 
Mar 31 09:35:01 【喂食成功】10g
Mar 31 09:35:01 
Mar 31 09:35:01 
Mar 31 09:35:01 
Mar 31 09:35:01 🔔宠汪汪🐕喂食, 结束! 🕛 1.009 秒
Mar 31 09:35:01 
Mar 31 10:35:00 
Mar 31 10:35:00 🔔宠汪汪🐕喂食, 开始!
Mar 31 10:35:00 
Mar 31 10:35:00 ====================共1个京东账号Cookie=========
Mar 31 10:35:00 
Mar 31 10:35:00 ==================脚本执行- 北京时间(UTC+8)：3/31/2021, 10:35:00 AM=====================
Mar 31 10:35:00 
Mar 31 10:35:01 
Mar 31 10:35:01 开始【京东账号1】burst3166
Mar 31 10:35:01 
Mar 31 10:35:01 您设置的喂食数量::10g
Mar 31 10:35:01 
Mar 31 10:35:01 实际的喂食数量::10g
Mar 31 10:35:01 
Mar 31 10:35:01 喂食失败：正在食用
Mar 31 10:35:01 
Mar 31 10:35:01 【喂食失败】您的汪汪正在食用
Mar 31 10:35:01 
Mar 31 10:35:01 
Mar 31 10:35:01 
Mar 31 10:35:01 🔔宠汪汪🐕喂食, 结束! 🕛 1.433 秒
Mar 31 10:35:01 
Mar 31 11:35:01 
Mar 31 11:35:01 🔔宠汪汪🐕喂食, 开始!
Mar 31 11:35:01 
Mar 31 11:35:01 ====================共1个京东账号Cookie=========
Mar 31 11:35:01 
Mar 31 11:35:01 ==================脚本执行- 北京时间(UTC+8)：3/31/2021, 11:35:01 AM=====================
Mar 31 11:35:01 
Mar 31 11:35:01 
Mar 31 11:35:01 开始【京东账号1】burst3166
Mar 31 11:35:01 
Mar 31 11:35:01 您设置的喂食数量::10g
Mar 31 11:35:01 
Mar 31 11:35:01 实际的喂食数量::10g
Mar 31 11:35:01 
Mar 31 11:35:02 喂食失败：正在食用
Mar 31 11:35:02 三餐结果领取成功
Mar 31 11:35:02 
Mar 31 11:35:02 【喂食失败】您的汪汪正在食用
Mar 31 11:35:02 【三餐】领取成功，获得5g狗粮
Mar 31 11:35:02 
Mar 31 11:35:02 
Mar 31 11:35:02 
Mar 31 11:35:02 🔔宠汪汪🐕喂食, 结束! 🕛 1.495 秒
Mar 31 11:35:02 
Mar 31 12:35:00 
Mar 31 12:35:00 🔔宠汪汪🐕喂食, 开始!
Mar 31 12:35:00 
Mar 31 12:35:00 ====================共1个京东账号Cookie=========
Mar 31 12:35:00 
Mar 31 12:35:00 ==================脚本执行- 北京时间(UTC+8)：3/31/2021, 12:35:00 PM=====================
Mar 31 12:35:00 
Mar 31 12:35:01 
Mar 31 12:35:01 开始【京东账号1】burst3166
Mar 31 12:35:01 
Mar 31 12:35:01 您设置的喂食数量::10g
Mar 31 12:35:01 
Mar 31 12:35:01 实际的喂食数量::10g
Mar 31 12:35:01 
Mar 31 12:35:01 喂食成功
Mar 31 12:35:01 
Mar 31 12:35:01 【喂食成功】10g
Mar 31 12:35:01 
Mar 31 12:35:01 
Mar 31 12:35:01 
Mar 31 12:35:01 🔔宠汪汪🐕喂食, 结束! 🕛 1.045 秒
Mar 31 12:35:01 
Mar 31 13:35:00 
Mar 31 13:35:00 🔔宠汪汪🐕喂食, 开始!
Mar 31 13:35:00 
Mar 31 13:35:00 ====================共1个京东账号Cookie=========
Mar 31 13:35:00 
Mar 31 13:35:00 ==================脚本执行- 北京时间(UTC+8)：3/31/2021, 1:35:00 PM=====================
Mar 31 13:35:00 
Mar 31 13:35:01 
Mar 31 13:35:01 开始【京东账号1】burst3166
Mar 31 13:35:01 
Mar 31 13:35:01 您设置的喂食数量::10g
Mar 31 13:35:01 
Mar 31 13:35:01 实际的喂食数量::10g
Mar 31 13:35:01 
Mar 31 13:35:01 喂食失败：正在食用
Mar 31 13:35:01 
Mar 31 13:35:01 【喂食失败】您的汪汪正在食用
Mar 31 13:35:01 
Mar 31 13:35:01 
Mar 31 13:35:01 
Mar 31 13:35:01 🔔宠汪汪🐕喂食, 结束! 🕛 0.989 秒
Mar 31 13:35:01 
Mar 31 14:35:01 
Mar 31 14:35:01 🔔宠汪汪🐕喂食, 开始!
Mar 31 14:35:01 
Mar 31 14:35:01 ====================共1个京东账号Cookie=========
Mar 31 14:35:01 
Mar 31 14:35:01 ==================脚本执行- 北京时间(UTC+8)：3/31/2021, 2:35:01 PM=====================
Mar 31 14:35:01 
Mar 31 14:35:02 
Mar 31 14:35:02 开始【京东账号1】burst3166
Mar 31 14:35:02 
Mar 31 14:35:02 您设置的喂食数量::10g
Mar 31 14:35:02 
Mar 31 14:35:02 实际的喂食数量::10g
Mar 31 14:35:02 
Mar 31 14:35:02 喂食失败：正在食用
Mar 31 14:35:02 
Mar 31 14:35:02 【喂食失败】您的汪汪正在食用
Mar 31 14:35:02 
Mar 31 14:35:02 
Mar 31 14:35:02 
Mar 31 14:35:02 🔔宠汪汪🐕喂食, 结束! 🕛 0.996 秒
Mar 31 14:35:02 
Mar 31 15:35:00 
Mar 31 15:35:00 🔔宠汪汪🐕喂食, 开始!
Mar 31 15:35:00 
Mar 31 15:35:00 ====================共1个京东账号Cookie=========
Mar 31 15:35:00 
Mar 31 15:35:00 ==================脚本执行- 北京时间(UTC+8)：3/31/2021, 3:35:00 PM=====================
Mar 31 15:35:00 
Mar 31 15:35:01 
Mar 31 15:35:01 开始【京东账号1】burst3166
Mar 31 15:35:01 
Mar 31 15:35:01 您设置的喂食数量::10g
Mar 31 15:35:01 
Mar 31 15:35:01 实际的喂食数量::10g
Mar 31 15:35:01 
Mar 31 15:35:01 喂食成功
Mar 31 15:35:01 
Mar 31 15:35:01 【喂食成功】10g
Mar 31 15:35:01 
Mar 31 15:35:01 
Mar 31 15:35:01 
Mar 31 15:35:01 🔔宠汪汪🐕喂食, 结束! 🕛 1.004 秒
Mar 31 15:35:01 
Mar 31 16:35:00 
Mar 31 16:35:00 🔔宠汪汪🐕喂食, 开始!
Mar 31 16:35:00 
Mar 31 16:35:00 ====================共1个京东账号Cookie=========
Mar 31 16:35:00 
Mar 31 16:35:00 ==================脚本执行- 北京时间(UTC+8)：3/31/2021, 4:35:00 PM=====================
Mar 31 16:35:00 
Mar 31 16:35:01 
Mar 31 16:35:01 开始【京东账号1】IS_FREEDOM
Mar 31 16:35:01 
Mar 31 16:35:01 您设置的喂食数量::10g
Mar 31 16:35:01 
Mar 31 16:35:01 实际的喂食数量::10g
Mar 31 16:35:01 
Mar 31 16:35:01 喂食失败：正在食用
Mar 31 16:35:01 
Mar 31 16:35:01 【喂食失败】您的汪汪正在食用
Mar 31 16:35:01 
Mar 31 16:35:01 
Mar 31 16:35:01 
Mar 31 16:35:01 🔔宠汪汪🐕喂食, 结束! 🕛 1.269 秒
Mar 31 16:35:01 
Mar 31 17:35:00 
Mar 31 17:35:00 🔔宠汪汪🐕喂食, 开始!
Mar 31 17:35:00 
Mar 31 17:35:00 ====================共1个京东账号Cookie=========
Mar 31 17:35:00 
Mar 31 17:35:00 ==================脚本执行- 北京时间(UTC+8)：3/31/2021, 5:35:00 PM=====================
Mar 31 17:35:00 
Mar 31 17:35:01 
Mar 31 17:35:01 开始【京东账号1】burst3166
Mar 31 17:35:01 
Mar 31 17:35:01 您设置的喂食数量::10g
Mar 31 17:35:01 
Mar 31 17:35:01 实际的喂食数量::10g
Mar 31 17:35:01 
Mar 31 17:35:01 喂食失败：正在食用
Mar 31 17:35:01 三餐结果领取成功
Mar 31 17:35:01 
Mar 31 17:35:01 【喂食失败】您的汪汪正在食用
Mar 31 17:35:01 【三餐】领取成功，获得5g狗粮
Mar 31 17:35:01 
Mar 31 17:35:01 
Mar 31 17:35:01 
Mar 31 17:35:01 🔔宠汪汪🐕喂食, 结束! 🕛 1.149 秒
Mar 31 17:35:01 
Mar 31 18:35:00 
Mar 31 18:35:00 🔔宠汪汪🐕喂食, 开始!
Mar 31 18:35:00 
Mar 31 18:35:00 ====================共1个京东账号Cookie=========
Mar 31 18:35:00 
Mar 31 18:35:00 ==================脚本执行- 北京时间(UTC+8)：3/31/2021, 6:35:00 PM=====================
Mar 31 18:35:00 
Mar 31 18:35:00 
Mar 31 18:35:00 开始【京东账号1】burst3166
Mar 31 18:35:01 
Mar 31 18:35:01 您设置的喂食数量::10g
Mar 31 18:35:01 
Mar 31 18:35:01 实际的喂食数量::10g
Mar 31 18:35:01 
Mar 31 18:35:01 喂食成功
Mar 31 18:35:01 
Mar 31 18:35:01 【喂食成功】10g
Mar 31 18:35:01 
Mar 31 18:35:01 
Mar 31 18:35:01 
Mar 31 18:35:01 🔔宠汪汪🐕喂食, 结束! 🕛 1.013 秒
Mar 31 18:35:01 
Mar 31 19:35:01 
Mar 31 19:35:01 🔔宠汪汪🐕喂食, 开始!
Mar 31 19:35:01 
Mar 31 19:35:01 ====================共1个京东账号Cookie=========
Mar 31 19:35:01 
Mar 31 19:35:01 ==================脚本执行- 北京时间(UTC+8)：3/31/2021, 7:35:01 PM=====================
Mar 31 19:35:01 
Mar 31 19:35:01 
Mar 31 19:35:01 开始【京东账号1】burst3166
Mar 31 19:35:01 
Mar 31 19:35:01 您设置的喂食数量::10g
Mar 31 19:35:01 
Mar 31 19:35:01 实际的喂食数量::10g
Mar 31 19:35:01 
Mar 31 19:35:02 喂食失败：正在食用
Mar 31 19:35:02 
Mar 31 19:35:02 【喂食失败】您的汪汪正在食用
Mar 31 19:35:02 
Mar 31 19:35:02 
Mar 31 19:35:02 
Mar 31 19:35:02 🔔宠汪汪🐕喂食, 结束! 🕛 0.997 秒
Mar 31 19:35:02 
Mar 31 20:35:00 
Mar 31 20:35:00 🔔宠汪汪🐕喂食, 开始!
Mar 31 20:35:00 
Mar 31 20:35:00 ====================共1个京东账号Cookie=========
Mar 31 20:35:00 
Mar 31 20:35:00 ==================脚本执行- 北京时间(UTC+8)：3/31/2021, 8:35:00 PM=====================
Mar 31 20:35:00 
Mar 31 20:35:01 
Mar 31 20:35:01 开始【京东账号1】burst3166
Mar 31 20:35:01 
Mar 31 20:35:01 您设置的喂食数量::10g
Mar 31 20:35:01 
Mar 31 20:35:01 实际的喂食数量::10g
Mar 31 20:35:01 
Mar 31 20:35:01 喂食失败：正在食用
Mar 31 20:35:01 
Mar 31 20:35:01 【喂食失败】您的汪汪正在食用
Mar 31 20:35:01 
Mar 31 20:35:01 
Mar 31 20:35:01 
Mar 31 20:35:01 🔔宠汪汪🐕喂食, 结束! 🕛 0.983 秒
Mar 31 20:35:01 
Mar 31 21:35:00 
Mar 31 21:35:00 🔔宠汪汪🐕喂食, 开始!
Mar 31 21:35:00 
Mar 31 21:35:00 ====================共1个京东账号Cookie=========
Mar 31 21:35:00 
Mar 31 21:35:00 ==================脚本执行- 北京时间(UTC+8)：3/31/2021, 9:35:00 PM=====================
Mar 31 21:35:00 
Mar 31 21:35:01 
Mar 31 21:35:01 开始【京东账号1】burst3166
Mar 31 21:35:01 
Mar 31 21:35:01 您设置的喂食数量::10g
Mar 31 21:35:01 
Mar 31 21:35:01 实际的喂食数量::10g
Mar 31 21:35:01 
Mar 31 21:35:01 喂食成功
Mar 31 21:35:01 
Mar 31 21:35:01 【喂食成功】10g
Mar 31 21:35:01 
Mar 31 21:35:01 
Mar 31 21:35:01 
Mar 31 21:35:01 🔔宠汪汪🐕喂食, 结束! 🕛 1.004 秒
Mar 31 21:35:01 
Mar 31 22:35:01 
Mar 31 22:35:01 🔔宠汪汪🐕喂食, 开始!
Mar 31 22:35:01 
Mar 31 22:35:01 ====================共1个京东账号Cookie=========
Mar 31 22:35:01 
Mar 31 22:35:01 ==================脚本执行- 北京时间(UTC+8)：3/31/2021, 10:35:01 PM=====================
Mar 31 22:35:01 
Mar 31 22:35:01 
Mar 31 22:35:01 开始【京东账号1】burst3166
Mar 31 22:35:01 
Mar 31 22:35:01 您设置的喂食数量::10g
Mar 31 22:35:01 
Mar 31 22:35:01 实际的喂食数量::10g
Mar 31 22:35:01 
Mar 31 22:35:02 喂食失败：正在食用
Mar 31 22:35:02 
Mar 31 22:35:02 【喂食失败】您的汪汪正在食用
Mar 31 22:35:02 
Mar 31 22:35:02 
Mar 31 22:35:02 
Mar 31 22:35:02 🔔宠汪汪🐕喂食, 结束! 🕛 0.897 秒
Mar 31 22:35:02 
Mar 31 23:35:00 
Mar 31 23:35:00 🔔宠汪汪🐕喂食, 开始!
Mar 31 23:35:00 
Mar 31 23:35:00 ====================共1个京东账号Cookie=========
Mar 31 23:35:00 
Mar 31 23:35:00 ==================脚本执行- 北京时间(UTC+8)：3/31/2021, 11:35:00 PM=====================
Mar 31 23:35:00 
Mar 31 23:35:01 
Mar 31 23:35:01 开始【京东账号1】burst3166
Mar 31 23:35:01 
Mar 31 23:35:01 您设置的喂食数量::10g
Mar 31 23:35:01 
Mar 31 23:35:01 实际的喂食数量::10g
Mar 31 23:35:01 
Mar 31 23:35:01 喂食失败：正在食用
Mar 31 23:35:01 
Mar 31 23:35:01 【喂食失败】您的汪汪正在食用
Mar 31 23:35:01 
Mar 31 23:35:01 
Mar 31 23:35:01 
Mar 31 23:35:01 🔔宠汪汪🐕喂食, 结束! 🕛 0.886 秒
Mar 31 23:35:01 
Apr 01 00:35:00 
Apr 01 00:35:00 🔔宠汪汪🐕喂食, 开始!
Apr 01 00:35:00 
Apr 01 00:35:00 ====================共1个京东账号Cookie=========
Apr 01 00:35:00 
Apr 01 00:35:00 ==================脚本执行- 北京时间(UTC+8)：4/1/2021, 12:35:00 AM=====================
Apr 01 00:35:00 
Apr 01 00:35:01 
Apr 01 00:35:01 开始【京东账号1】burst3166
Apr 01 00:35:01 
Apr 01 00:35:01 您设置的喂食数量::10g
Apr 01 00:35:01 
Apr 01 00:35:01 实际的喂食数量::10g
Apr 01 00:35:01 
Apr 01 00:35:01 喂食成功
Apr 01 00:35:01 
Apr 01 00:35:01 【喂食成功】10g
Apr 01 00:35:01 
Apr 01 00:35:01 
Apr 01 00:35:01 
Apr 01 00:35:01 🔔宠汪汪🐕喂食, 结束! 🕛 0.965 秒
Apr 01 00:35:01 
Apr 01 01:35:01 
Apr 01 01:35:01 🔔宠汪汪🐕喂食, 开始!
Apr 01 01:35:01 
Apr 01 01:35:01 ====================共1个京东账号Cookie=========
Apr 01 01:35:01 
Apr 01 01:35:01 ==================脚本执行- 北京时间(UTC+8)：4/1/2021, 1:35:01 AM=====================
Apr 01 01:35:01 
Apr 01 01:35:01 
Apr 01 01:35:01 开始【京东账号1】burst3166
Apr 01 01:35:01 
Apr 01 01:35:01 您设置的喂食数量::10g
Apr 01 01:35:01 
Apr 01 01:35:01 实际的喂食数量::10g
Apr 01 01:35:01 
Apr 01 01:35:02 喂食失败：正在食用
Apr 01 01:35:02 
Apr 01 01:35:02 【喂食失败】您的汪汪正在食用
Apr 01 01:35:02 
Apr 01 01:35:02 
Apr 01 01:35:02 
Apr 01 01:35:02 🔔宠汪汪🐕喂食, 结束! 🕛 0.944 秒
Apr 01 01:35:02 
Apr 01 02:35:00 
Apr 01 02:35:00 🔔宠汪汪🐕喂食, 开始!
Apr 01 02:35:00 
Apr 01 02:35:00 ====================共1个京东账号Cookie=========
Apr 01 02:35:00 
Apr 01 02:35:00 ==================脚本执行- 北京时间(UTC+8)：4/1/2021, 2:35:00 AM=====================
Apr 01 02:35:00 
Apr 01 02:35:01 
Apr 01 02:35:01 开始【京东账号1】burst3166
Apr 01 02:35:01 
Apr 01 02:35:01 您设置的喂食数量::10g
Apr 01 02:35:01 
Apr 01 02:35:01 实际的喂食数量::10g
Apr 01 02:35:01 
Apr 01 02:35:01 喂食失败：正在食用
Apr 01 02:35:01 
Apr 01 02:35:01 【喂食失败】您的汪汪正在食用
Apr 01 02:35:01 
Apr 01 02:35:01 
Apr 01 02:35:01 
Apr 01 02:35:01 🔔宠汪汪🐕喂食, 结束! 🕛 0.879 秒
Apr 01 02:35:01 
Apr 01 03:35:00 
Apr 01 03:35:00 🔔宠汪汪🐕喂食, 开始!
Apr 01 03:35:00 
Apr 01 03:35:00 ====================共1个京东账号Cookie=========
Apr 01 03:35:00 
Apr 01 03:35:00 ==================脚本执行- 北京时间(UTC+8)：4/1/2021, 3:35:00 AM=====================
Apr 01 03:35:00 
Apr 01 03:35:01 
Apr 01 03:35:01 开始【京东账号1】burst3166
Apr 01 03:35:01 
Apr 01 03:35:01 您设置的喂食数量::10g
Apr 01 03:35:01 
Apr 01 03:35:01 实际的喂食数量::10g
Apr 01 03:35:01 
Apr 01 03:35:01 喂食失败：正在食用
Apr 01 03:35:01 
Apr 01 03:35:01 【喂食失败】您的汪汪正在食用
Apr 01 03:35:01 
Apr 01 03:35:01 
Apr 01 03:35:01 
Apr 01 03:35:01 🔔宠汪汪🐕喂食, 结束! 🕛 0.986 秒
Apr 01 03:35:01 
Apr 01 04:35:01 
Apr 01 04:35:01 🔔宠汪汪🐕喂食, 开始!
Apr 01 04:35:01 
Apr 01 04:35:01 ====================共1个京东账号Cookie=========
Apr 01 04:35:01 
Apr 01 04:35:01 ==================脚本执行- 北京时间(UTC+8)：4/1/2021, 4:35:01 AM=====================
Apr 01 04:35:01 
Apr 01 04:35:01 
Apr 01 04:35:01 开始【京东账号1】burst3166
Apr 01 04:35:01 
Apr 01 04:35:01 您设置的喂食数量::10g
Apr 01 04:35:01 
Apr 01 04:35:01 实际的喂食数量::10g
Apr 01 04:35:01 
Apr 01 04:35:02 喂食成功
Apr 01 04:35:02 
Apr 01 04:35:02 【喂食成功】10g
Apr 01 04:35:02 
Apr 01 04:35:02 
Apr 01 04:35:02 
Apr 01 04:35:02 🔔宠汪汪🐕喂食, 结束! 🕛 0.979 秒
Apr 01 04:35:02 
Apr 01 05:35:00 
Apr 01 05:35:00 🔔宠汪汪🐕喂食, 开始!
Apr 01 05:35:00 
Apr 01 05:35:00 ====================共1个京东账号Cookie=========
Apr 01 05:35:00 
Apr 01 05:35:00 ==================脚本执行- 北京时间(UTC+8)：4/1/2021, 5:35:00 AM=====================
Apr 01 05:35:00 
Apr 01 05:35:01 
Apr 01 05:35:01 开始【京东账号1】burst3166
Apr 01 05:35:01 
Apr 01 05:35:01 您设置的喂食数量::10g
Apr 01 05:35:01 
Apr 01 05:35:01 实际的喂食数量::10g
Apr 01 05:35:01 
Apr 01 05:35:01 喂食失败：正在食用
Apr 01 05:35:01 
Apr 01 05:35:01 【喂食失败】您的汪汪正在食用
Apr 01 05:35:01 
Apr 01 05:35:01 
Apr 01 05:35:01 
Apr 01 05:35:01 🔔宠汪汪🐕喂食, 结束! 🕛 0.89 秒
Apr 01 05:35:01 
Apr 01 06:35:00 
Apr 01 06:35:00 🔔宠汪汪🐕喂食, 开始!
Apr 01 06:35:00 
Apr 01 06:35:00 ====================共1个京东账号Cookie=========
Apr 01 06:35:00 
Apr 01 06:35:00 ==================脚本执行- 北京时间(UTC+8)：4/1/2021, 6:35:00 AM=====================
Apr 01 06:35:00 
Apr 01 06:35:01 
Apr 01 06:35:01 开始【京东账号1】burst3166
Apr 01 06:35:01 
Apr 01 06:35:01 您设置的喂食数量::10g
Apr 01 06:35:01 
Apr 01 06:35:01 实际的喂食数量::10g
Apr 01 06:35:01 
Apr 01 06:35:01 喂食失败：正在食用
Apr 01 06:35:01 三餐结果领取成功
Apr 01 06:35:01 
Apr 01 06:35:01 【喂食失败】您的汪汪正在食用
Apr 01 06:35:01 【三餐】领取成功，获得5g狗粮
Apr 01 06:35:01 
Apr 01 06:35:01 
Apr 01 06:35:01 
Apr 01 06:35:01 🔔宠汪汪🐕喂食, 结束! 🕛 0.979 秒
Apr 01 06:35:01 
Apr 01 07:35:00 
Apr 01 07:35:00 🔔宠汪汪🐕喂食, 开始!
Apr 01 07:35:00 
Apr 01 07:35:00 ====================共1个京东账号Cookie=========
Apr 01 07:35:00 
Apr 01 07:35:00 ==================脚本执行- 北京时间(UTC+8)：4/1/2021, 7:35:00 AM=====================
Apr 01 07:35:00 
Apr 01 07:35:01 
Apr 01 07:35:01 开始【京东账号1】burst3166
Apr 01 07:35:01 
Apr 01 07:35:01 您设置的喂食数量::10g
Apr 01 07:35:01 
Apr 01 07:35:01 实际的喂食数量::10g
Apr 01 07:35:01 
Apr 01 07:35:01 喂食失败：正在食用
Apr 01 07:35:01 
Apr 01 07:35:01 【喂食失败】您的汪汪正在食用
Apr 01 07:35:01 
Apr 01 07:35:01 
Apr 01 07:35:01 
Apr 01 07:35:01 🔔宠汪汪🐕喂食, 结束! 🕛 1.011 秒
Apr 01 07:35:01 
Apr 01 08:35:01 
Apr 01 08:35:01 🔔宠汪汪🐕喂食, 开始!
Apr 01 08:35:01 
Apr 01 08:35:01 ====================共1个京东账号Cookie=========
Apr 01 08:35:01 
Apr 01 08:35:01 ==================脚本执行- 北京时间(UTC+8)：4/1/2021, 8:35:01 AM=====================
Apr 01 08:35:01 
Apr 01 08:35:01 
Apr 01 08:35:01 开始【京东账号1】burst3166
Apr 01 08:35:01 
Apr 01 08:35:01 您设置的喂食数量::10g
Apr 01 08:35:01 
Apr 01 08:35:01 实际的喂食数量::10g
Apr 01 08:35:01 
Apr 01 08:35:01 喂食成功
Apr 01 08:35:01 
Apr 01 08:35:01 【喂食成功】10g
Apr 01 08:35:01 
Apr 01 08:35:01 
Apr 01 08:35:01 
Apr 01 08:35:01 🔔宠汪汪🐕喂食, 结束! 🕛 0.993 秒
Apr 01 08:35:02 
Apr 01 09:35:01 
Apr 01 09:35:01 🔔宠汪汪🐕喂食, 开始!
Apr 01 09:35:01 
Apr 01 09:35:01 ====================共1个京东账号Cookie=========
Apr 01 09:35:01 
Apr 01 09:35:01 ==================脚本执行- 北京时间(UTC+8)：4/1/2021, 9:35:01 AM=====================
Apr 01 09:35:01 
Apr 01 09:35:01 
Apr 01 09:35:01 开始【京东账号1】burst3166
Apr 01 09:35:01 
Apr 01 09:35:01 您设置的喂食数量::10g
Apr 01 09:35:01 
Apr 01 09:35:01 实际的喂食数量::10g
Apr 01 09:35:01 
Apr 01 09:35:02 喂食失败：正在食用
Apr 01 09:35:02 
Apr 01 09:35:02 【喂食失败】您的汪汪正在食用
Apr 01 09:35:02 
Apr 01 09:35:02 
Apr 01 09:35:02 
Apr 01 09:35:02 🔔宠汪汪🐕喂食, 结束! 🕛 1.009 秒
Apr 01 09:35:02 
Apr 01 10:35:01 
Apr 01 10:35:01 🔔宠汪汪🐕喂食, 开始!
Apr 01 10:35:01 
Apr 01 10:35:01 ====================共1个京东账号Cookie=========
Apr 01 10:35:01 
Apr 01 10:35:01 ==================脚本执行- 北京时间(UTC+8)：4/1/2021, 10:35:01 AM=====================
Apr 01 10:35:01 
Apr 01 10:35:01 
Apr 01 10:35:01 开始【京东账号1】burst3166
Apr 01 10:35:01 
Apr 01 10:35:01 您设置的喂食数量::10g
Apr 01 10:35:01 
Apr 01 10:35:01 实际的喂食数量::10g
Apr 01 10:35:01 
Apr 01 10:35:02 喂食失败：正在食用
Apr 01 10:35:02 
Apr 01 10:35:02 【喂食失败】您的汪汪正在食用
Apr 01 10:35:02 
Apr 01 10:35:02 
Apr 01 10:35:02 
Apr 01 10:35:02 🔔宠汪汪🐕喂食, 结束! 🕛 1.179 秒
Apr 01 10:35:02 
Apr 01 11:35:00 
Apr 01 11:35:00 🔔宠汪汪🐕喂食, 开始!
Apr 01 11:35:00 
Apr 01 11:35:00 ====================共1个京东账号Cookie=========
Apr 01 11:35:00 
Apr 01 11:35:00 ==================脚本执行- 北京时间(UTC+8)：4/1/2021, 11:35:00 AM=====================
Apr 01 11:35:00 
Apr 01 11:35:01 
Apr 01 11:35:01 开始【京东账号1】burst3166
Apr 01 11:35:01 
Apr 01 11:35:01 您设置的喂食数量::10g
Apr 01 11:35:01 
Apr 01 11:35:01 实际的喂食数量::10g
Apr 01 11:35:01 
Apr 01 11:35:01 喂食失败：正在食用
Apr 01 11:35:01 三餐结果领取成功
Apr 01 11:35:01 
Apr 01 11:35:01 【喂食失败】您的汪汪正在食用
Apr 01 11:35:01 【三餐】领取成功，获得5g狗粮
Apr 01 11:35:01 
Apr 01 11:35:01 
Apr 01 11:35:01 
Apr 01 11:35:01 🔔宠汪汪🐕喂食, 结束! 🕛 0.982 秒
Apr 01 11:35:01 
Apr 01 12:35:01 
Apr 01 12:35:01 🔔宠汪汪🐕喂食, 开始!
Apr 01 12:35:01 
Apr 01 12:35:01 ====================共1个京东账号Cookie=========
Apr 01 12:35:01 
Apr 01 12:35:01 ==================脚本执行- 北京时间(UTC+8)：4/1/2021, 12:35:01 PM=====================
Apr 01 12:35:01 
Apr 01 12:35:01 
Apr 01 12:35:01 开始【京东账号1】burst3166
Apr 01 12:35:01 
Apr 01 12:35:01 您设置的喂食数量::10g
Apr 01 12:35:01 
Apr 01 12:35:01 实际的喂食数量::10g
Apr 01 12:35:01 
Apr 01 12:35:01 喂食成功
Apr 01 12:35:01 
Apr 01 12:35:01 【喂食成功】10g
Apr 01 12:35:01 
Apr 01 12:35:01 
Apr 01 12:35:01 
Apr 01 12:35:01 🔔宠汪汪🐕喂食, 结束! 🕛 1.002 秒
Apr 01 12:35:01 
Apr 01 13:35:01 
Apr 01 13:35:01 🔔宠汪汪🐕喂食, 开始!
Apr 01 13:35:01 
Apr 01 13:35:01 ====================共1个京东账号Cookie=========
Apr 01 13:35:01 
Apr 01 13:35:01 ==================脚本执行- 北京时间(UTC+8)：4/1/2021, 1:35:01 PM=====================
Apr 01 13:35:01 
Apr 01 13:35:02 
Apr 01 13:35:02 开始【京东账号1】burst3166
Apr 01 13:35:02 
Apr 01 13:35:02 您设置的喂食数量::10g
Apr 01 13:35:02 
Apr 01 13:35:02 实际的喂食数量::10g
Apr 01 13:35:02 
Apr 01 13:35:02 喂食失败：正在食用
Apr 01 13:35:02 
Apr 01 13:35:02 【喂食失败】您的汪汪正在食用
Apr 01 13:35:02 
Apr 01 13:35:02 
Apr 01 13:35:02 
Apr 01 13:35:02 🔔宠汪汪🐕喂食, 结束! 🕛 0.916 秒
Apr 01 13:35:02 
Apr 01 14:35:00 
Apr 01 14:35:00 🔔宠汪汪🐕喂食, 开始!
Apr 01 14:35:00 
Apr 01 14:35:00 ====================共1个京东账号Cookie=========
Apr 01 14:35:00 
Apr 01 14:35:00 ==================脚本执行- 北京时间(UTC+8)：4/1/2021, 2:35:00 PM=====================
Apr 01 14:35:00 
Apr 01 14:35:01 
Apr 01 14:35:01 开始【京东账号1】IS_FREEDOM
Apr 01 14:35:01 
Apr 01 14:35:01 您设置的喂食数量::10g
Apr 01 14:35:01 
Apr 01 14:35:01 实际的喂食数量::10g
Apr 01 14:35:01 
Apr 01 14:35:01 喂食失败：正在食用
Apr 01 14:35:01 
Apr 01 14:35:01 【喂食失败】您的汪汪正在食用
Apr 01 14:35:01 
Apr 01 14:35:01 
Apr 01 14:35:01 
Apr 01 14:35:01 🔔宠汪汪🐕喂食, 结束! 🕛 0.96 秒
Apr 01 14:35:01 
Apr 01 15:35:00 
Apr 01 15:35:00 🔔宠汪汪🐕喂食, 开始!
Apr 01 15:35:00 
Apr 01 15:35:00 ====================共1个京东账号Cookie=========
Apr 01 15:35:00 
Apr 01 15:35:00 ==================脚本执行- 北京时间(UTC+8)：4/1/2021, 3:35:00 PM=====================
Apr 01 15:35:00 
Apr 01 15:35:01 
Apr 01 15:35:01 开始【京东账号1】IS_FREEDOM
Apr 01 15:35:01 
Apr 01 15:35:01 您设置的喂食数量::10g
Apr 01 15:35:01 
Apr 01 15:35:01 实际的喂食数量::10g
Apr 01 15:35:01 
Apr 01 15:35:01 喂食成功
Apr 01 15:35:01 
Apr 01 15:35:01 【喂食成功】10g
Apr 01 15:35:01 
Apr 01 15:35:01 
Apr 01 15:35:01 
Apr 01 15:35:01 🔔宠汪汪🐕喂食, 结束! 🕛 1.217 秒
Apr 01 15:35:01 
Apr 01 16:35:01 
Apr 01 16:35:01 🔔宠汪汪🐕喂食, 开始!
Apr 01 16:35:01 
Apr 01 16:35:01 ====================共1个京东账号Cookie=========
Apr 01 16:35:01 
Apr 01 16:35:01 ==================脚本执行- 北京时间(UTC+8)：4/1/2021, 4:35:01 PM=====================
Apr 01 16:35:01 
Apr 01 16:35:01 
Apr 01 16:35:01 开始【京东账号1】IS_FREEDOM
Apr 01 16:35:01 
Apr 01 16:35:01 您设置的喂食数量::10g
Apr 01 16:35:01 
Apr 01 16:35:01 实际的喂食数量::10g
Apr 01 16:35:01 
Apr 01 16:35:02 喂食失败：正在食用
Apr 01 16:35:02 
Apr 01 16:35:02 【喂食失败】您的汪汪正在食用
Apr 01 16:35:02 
Apr 01 16:35:02 
Apr 01 16:35:02 
Apr 01 16:35:02 🔔宠汪汪🐕喂食, 结束! 🕛 1.286 秒
Apr 01 16:35:02 
