Apr 22 00:05:01 
Apr 22 00:05:01 🔔宠汪汪偷好友积分与狗粮, 开始!
Apr 22 00:05:01 
Apr 22 00:05:01 ====================共1个京东账号Cookie=========
Apr 22 00:05:01 
Apr 22 00:05:01 ==================脚本执行- 北京时间(UTC+8)：4/22/2021, 12:05:01 AM=====================
Apr 22 00:05:01 
Apr 22 00:05:01 
Apr 22 00:05:01 开始【京东账号1】jd_60103fd1c8cd9
Apr 22 00:05:01 
Apr 22 00:05:08 $.help_feed给好友喂食获得积分：0
Apr 22 00:05:08 $.visit_friend领取好友积分：0
Apr 22 00:05:08 
Apr 22 00:05:08 ==============📣系统通知📣==============
Apr 22 00:05:08 宠汪汪偷好友积分与狗粮
Apr 22 00:05:08 【京东账号1】jd_60103fd1c8cd9
Apr 22 00:05:08 请进行验证
Apr 22 00:05:08 【领取好友积分】获得0个
Apr 22 00:05:08 【偷好友狗粮】获取0g狗粮
Apr 22 00:05:08 【给好友喂食】消耗0g狗粮,获得积分0个
Apr 22 00:05:08 
Apr 22 00:05:08 
Apr 22 00:05:08 🔔宠汪汪偷好友积分与狗粮, 结束! 🕛 7.429 秒
Apr 22 00:05:08 
Apr 22 04:05:00 
Apr 22 04:05:00 🔔宠汪汪偷好友积分与狗粮, 开始!
Apr 22 04:05:00 
Apr 22 04:05:00 ====================共1个京东账号Cookie=========
Apr 22 04:05:00 
Apr 22 04:05:00 ==================脚本执行- 北京时间(UTC+8)：4/22/2021, 4:05:00 AM=====================
Apr 22 04:05:00 
Apr 22 04:05:01 
Apr 22 04:05:01 开始【京东账号1】jd_60103fd1c8cd9
Apr 22 04:05:01 
Apr 22 04:05:01 
Apr 22 04:05:01 ==============📣系统通知📣==============
Apr 22 04:05:01 宠汪汪偷好友积分与狗粮
Apr 22 04:05:01 【京东账号1】jd_60103fd1c8cd9
Apr 22 04:05:01 请进行验证
Apr 22 04:05:01 【领取好友积分】获得0个
Apr 22 04:05:01 【偷好友狗粮】获取0g狗粮
Apr 22 04:05:01 【给好友喂食】消耗0g狗粮,获得积分0个
Apr 22 04:05:01 
Apr 22 04:05:01 
Apr 22 04:05:01 🔔宠汪汪偷好友积分与狗粮, 结束! 🕛 0.941 秒
Apr 22 04:05:01 
Apr 22 08:05:01 
Apr 22 08:05:01 🔔宠汪汪偷好友积分与狗粮, 开始!
Apr 22 08:05:01 
Apr 22 08:05:01 ====================共1个京东账号Cookie=========
Apr 22 08:05:01 
Apr 22 08:05:01 ==================脚本执行- 北京时间(UTC+8)：4/22/2021, 8:05:01 AM=====================
Apr 22 08:05:01 
Apr 22 08:05:01 
Apr 22 08:05:01 开始【京东账号1】jd_60103fd1c8cd9
Apr 22 08:05:01 
Apr 22 08:05:02 
Apr 22 08:05:02 ==============📣系统通知📣==============
Apr 22 08:05:02 宠汪汪偷好友积分与狗粮
Apr 22 08:05:02 【京东账号1】jd_60103fd1c8cd9
Apr 22 08:05:02 请进行验证
Apr 22 08:05:02 【领取好友积分】获得0个
Apr 22 08:05:02 【偷好友狗粮】获取0g狗粮
Apr 22 08:05:02 【给好友喂食】消耗0g狗粮,获得积分0个
Apr 22 08:05:02 
Apr 22 08:05:02 
Apr 22 08:05:02 🔔宠汪汪偷好友积分与狗粮, 结束! 🕛 0.947 秒
Apr 22 08:05:02 
Apr 22 12:05:01 
Apr 22 12:05:01 🔔宠汪汪偷好友积分与狗粮, 开始!
Apr 22 12:05:01 
Apr 22 12:05:01 ====================共1个京东账号Cookie=========
Apr 22 12:05:01 
Apr 22 12:05:01 ==================脚本执行- 北京时间(UTC+8)：4/22/2021, 12:05:01 PM=====================
Apr 22 12:05:01 
Apr 22 12:05:01 
Apr 22 12:05:01 开始【京东账号1】jd_60103fd1c8cd9
Apr 22 12:05:01 
Apr 22 12:05:02 
Apr 22 12:05:02 ==============📣系统通知📣==============
Apr 22 12:05:02 宠汪汪偷好友积分与狗粮
Apr 22 12:05:02 【京东账号1】jd_60103fd1c8cd9
Apr 22 12:05:02 请进行验证
Apr 22 12:05:02 【领取好友积分】获得0个
Apr 22 12:05:02 【偷好友狗粮】获取0g狗粮
Apr 22 12:05:02 【给好友喂食】消耗0g狗粮,获得积分0个
Apr 22 12:05:02 
Apr 22 12:05:02 
Apr 22 12:05:02 🔔宠汪汪偷好友积分与狗粮, 结束! 🕛 1.155 秒
Apr 22 12:05:02 
