Mar 31 00:26:13 
Mar 31 00:26:13 🔔东东工厂, 开始!
Mar 31 00:26:13 
Mar 31 00:26:13 ====================共1个京东账号Cookie=========
Mar 31 00:26:13 
Mar 31 00:26:13 ==================脚本执行- 北京时间(UTC+8)：3/31/2021, 12:26:13 AM=====================
Mar 31 00:26:13 
Mar 31 00:26:13 开始获取东东工厂配置文件
Mar 31 00:26:13 
Mar 31 00:26:13 共1个京东账号
Mar 31 00:26:13 
Mar 31 00:26:13 您提供了1个账号的东东工厂助力码
Mar 31 00:26:13 
Mar 31 00:26:13 
Mar 31 00:26:13 ******开始【京东账号1】burst3166*********
Mar 31 00:26:13 
Mar 31 00:26:13 开始
Mar 31 00:26:15 随机取20个码放到您固定的互助码后面(不影响已有固定互助)
Mar 31 00:26:15 第1个京东账号将要助力的好友["T0205KkcA11KiSO-aWSyyZV-CjVWnYaS5kRrbA","T0225KkcRh4Y9VeBdBunnKRefQCjVWnYaS5kRrbA","T0225KkcRRoRoVXSKBqml6IKIACjVWnYaS5kRrbA","T014_aMsBwNdoAWVYwCjVWnYaS5kRrbA","T0085qI2GE9GCjVWnYaS5kRrbA","T0195KQtF0pGqwPRIhzxlvYCjVWnYaS5kRrbA","T0087aUiGVxGCjVWnYaS5kRrbA","T0167agsQh4Z_VXVIxvxCjVWnYaS5kRrbA","T0127LgxA1oa9FLRCjVWnYaS5kRrbA","T018v_V0QxcZ8lfWIhOb1ACjVWnYaS5kRrbA","T0225KkcRRhL9QCCJ079wvMNIACjVWnYaS5kRrbA","T0225KkcRRke_FCGKRP9l_5fcwCjVWnYaS5kRrbA","T012-bh6SRdPpAqACjVWnYaS5kRrbA","T0114780BVdMpAwCjVWnYaS5kRrbA","T020tv97Qxga6FbXKBvxk_AMCjVWnYaS5kRrbA","T0225KkcREhNp1DeKU70wf8DIACjVWnYaS5kRrbA","T015u_x0QBgY91zRT0cCjVWnYaS5kRrbA","T010-bc0E0hMrACjVWnYaS5kRrbA","T0205KkcF3l-rT2UdF-T6pJQCjVWnYaS5kRrbA","T0225KkcRBxNoAHXdUymlP4DcwCjVWnYaS5kRrbA","T0205KkcImFQnw-MZU6i3aJ8CjVWnYaS5kRrbA","T018v_V1Rh0b8VTfIxmb1ACjVWnYaS5kRrbA","T0205KkcEWR5kyGNe02P06xVCjVWnYaS5kRrbA","T0225KkcRRscplLVJh6hkf8MdgCjVWnYaS5kRrbA","T012a3DulquOI_lCCjVWnYaS5kRrbA","P04z54XCjVWnYaS5jQAC2P93HtLksuShbI","T0225KkcRh0R_FeGKEz1lvAOdwCjVWnYaS5kRrbA","T0225KkcRUhPowHRcxnylPYJIQCjVWnYaS5kRrbA","T0205KkcH3tmlyelaFCW4I1-CjVWnYaS5kRrbA"]
Mar 31 00:26:15 此京东账号1burst3166暂未选购商品
Mar 31 00:26:15 现在也能为您做任务和收集免费电力
Mar 31 00:26:16 领取做完任务的奖励：{"maxAssistTimes":3,"score":"2800","userScore":"496965"}
Mar 31 00:26:17 领取做完任务的奖励：{"maxAssistTimes":3,"score":"2800","userScore":"1639144"}
Mar 31 00:26:18 {"code":0,"data":{"bizCode":-9,"bizMsg":"助力失败丨助力已满员！谢谢你哦~","success":false},"msg":"调用成功"}
Mar 31 00:26:19 领取做完任务的奖励：{"maxAssistTimes":3,"score":"7800","userScore":"582034"}
Mar 31 00:26:20 {"code":0,"data":{"bizCode":-7,"bizMsg":"助力失败丨啊哦您今日的爱心值已爆棚，明天继续吧","success":false},"msg":"调用成功"}
Mar 31 00:26:20 助力机会已耗尽，跳出
Mar 31 00:26:20 成功收集358电量，当前蓄电池总电量：2222919
Mar 31 00:26:20 
Mar 31 00:26:20 
Mar 31 00:26:20 【京东账号1（burst3166）的东东工厂好友互助码】T0127LgxA1oa9FLRCjVWnYaS5kRrbA
Mar 31 00:26:20 
Mar 31 00:26:20 准备做此任务：每日开工打卡
Mar 31 00:26:21 领取做完任务的奖励：{"score":"1200","userScore":"2224119"}
Mar 31 00:26:21 准备做此任务：好友助力
Mar 31 00:26:21 准备做此任务：去京东首页点击“数码电器”
Mar 31 00:26:23 领取做完任务的奖励：{"score":"5000","userScore":"2231919"}
Mar 31 00:26:23 准备做此任务：去看看荣耀品牌会场
Mar 31 00:26:24 领取做完任务的奖励：{"score":"500","userScore":"2232419"}
Mar 31 00:26:25 领取做完任务的奖励：{"score":"500","userScore":"2232919"}
Mar 31 00:26:26 领取做完任务的奖励：{"score":"500","userScore":"2233419"}
Mar 31 00:26:27 领取做完任务的奖励：{"score":"500","userScore":"2244519"}
Mar 31 00:26:28 领取做完任务的奖励：{"score":"500","userScore":"2245019"}
Mar 31 00:26:29 领取做完任务的奖励：{"score":"500","userScore":"2245519"}
Mar 31 00:26:30 领取做完任务的奖励：{"score":"500","userScore":"2246019"}
Mar 31 00:26:31 领取做完任务的奖励：{"score":"500","userScore":"2246519"}
Mar 31 00:26:32 领取做完任务的奖励：{"score":"500","userScore":"2247019"}
Mar 31 00:26:33 领取做完任务的奖励：{"score":"500","userScore":"2247519"}
Mar 31 00:26:34 领取做完任务的奖励：{"score":"500","userScore":"2248019"}
Mar 31 00:26:35 领取做完任务的奖励：{"score":"500","userScore":"2248519"}
Mar 31 00:26:36 领取做完任务的奖励：{"score":"500","userScore":"2249019"}
Mar 31 00:26:37 领取做完任务的奖励：{"score":"500","userScore":"2249519"}
Mar 31 00:26:39 领取做完任务的奖励：{"score":"500","userScore":"2250019"}
Mar 31 00:26:40 领取做完任务的奖励：{"score":"500","userScore":"2250519"}
Mar 31 00:26:41 {"code":0,"data":{"bizCode":-6004,"bizMsg":"这个任务做完啦~！","success":false},"msg":"调用成功"}
Mar 31 00:26:41 准备做此任务：看看商品
Mar 31 00:26:42 领取做完任务的奖励：{"score":"1000","userScore":"2251519"}
Mar 31 00:26:43 领取做完任务的奖励：{"score":"1000","userScore":"2252519"}
Mar 31 00:26:44 领取做完任务的奖励：{"score":"1000","userScore":"2253519"}
Mar 31 00:26:45 领取做完任务的奖励：{"score":"1000","userScore":"2254519"}
Mar 31 00:26:46 领取做完任务的奖励：{"score":"1000","userScore":"2255519"}
Mar 31 00:26:47 领取做完任务的奖励：{"score":"1000","userScore":"2256519"}
Mar 31 00:26:47 准备做此任务：去关注齐心京东自营官方旗舰店
Mar 31 00:26:48 领取做完任务的奖励：{"score":"1500","userScore":"2258019"}
Mar 31 00:26:49 领取做完任务的奖励：{"score":"1500","userScore":"2259519"}
Mar 31 00:26:50 领取做完任务的奖励：{"score":"1500","userScore":"2261019"}
Mar 31 00:26:50 此任务：开通蝈小郎品牌会员，跳过
Mar 31 00:26:50 每日10-13点巡厂 任务已错过时间
Mar 31 00:26:50 
Mar 31 00:26:50 此账号1burst3166暂未选择商品
Mar 31 00:26:50 
Mar 31 00:26:50 BoxJs或环境变量暂未提供心仪商品
Mar 31 00:26:50 如需兑换心仪商品，请提供心仪商品名称
Mar 31 00:26:50 
Mar 31 00:26:50 商品名称       可选状态    剩余量
Mar 31 00:26:50 0101         可 选      74
Mar 31 00:26:50 士洗脸仪         可 选      46
Mar 31 00:26:50 囊咖啡机         可 选      16
Mar 31 00:26:50 5602         可 选      15
Mar 31 00:26:50 am5s         可 选      1
Mar 31 00:26:50 1 5G         已抢光      0
Mar 31 00:26:50 务笔记本         已抢光      0
Mar 31 00:26:50 壳暗夜绿         已抢光      0
Mar 31 00:26:50 智能手机         已抢光      0
Mar 31 00:26:50 8手机壳         已抢光      0
Mar 31 00:26:50 枪迷你版         已抢光      0
Mar 31 00:26:50 K 15         已抢光      0
Mar 31 00:26:50 
Mar 31 00:26:50 目前电量2222919,不满足兑换 美的精华导入仪 MB-EC0101所需的 5280000电量
Mar 31 00:26:50 
Mar 31 00:26:50 京东账号1 burst3166
Mar 31 00:26:50 已选商品：暂无
Mar 31 00:26:50 心仪商品：暂无
Mar 31 00:26:50 当前剩余最多商品：美的精华导入仪 MB-EC0101
Mar 31 00:26:50 兑换所需电量：5280000
Mar 31 00:26:50 您当前总电量：2222919
Mar 31 00:26:50 
Mar 31 00:26:50 
Mar 31 00:26:50 🔔东东工厂, 结束! 🕛 37.879 秒
Mar 31 00:26:50 
Mar 31 01:26:07 
Mar 31 01:26:07 🔔东东工厂, 开始!
Mar 31 01:26:07 
Mar 31 01:26:07 ====================共1个京东账号Cookie=========
Mar 31 01:26:07 
Mar 31 01:26:07 ==================脚本执行- 北京时间(UTC+8)：3/31/2021, 1:26:07 AM=====================
Mar 31 01:26:07 
Mar 31 01:26:07 开始获取东东工厂配置文件
Mar 31 01:26:07 
Mar 31 01:26:07 共1个京东账号
Mar 31 01:26:07 
Mar 31 01:26:07 您提供了1个账号的东东工厂助力码
Mar 31 01:26:07 
Mar 31 01:26:08 
Mar 31 01:26:08 ******开始【京东账号1】burst3166*********
Mar 31 01:26:08 
Mar 31 01:26:08 开始
Mar 31 01:26:10 随机取20个码放到您固定的互助码后面(不影响已有固定互助)
Mar 31 01:26:10 第1个京东账号将要助力的好友["T0205KkcA11KiSO-aWSyyZV-CjVWnYaS5kRrbA","T0225KkcRh4Y9VeBdBunnKRefQCjVWnYaS5kRrbA","T0225KkcRRoRoVXSKBqml6IKIACjVWnYaS5kRrbA","T014_aMsBwNdoAWVYwCjVWnYaS5kRrbA","T0085qI2GE9GCjVWnYaS5kRrbA","T0195KQtF0pGqwPRIhzxlvYCjVWnYaS5kRrbA","T0087aUiGVxGCjVWnYaS5kRrbA","T0167agsQh4Z_VXVIxvxCjVWnYaS5kRrbA","T0127LgxA1oa9FLRCjVWnYaS5kRrbA","T0104KIoFVcY_ACjVWnYaS5kRrbA","T020tvhzQRsb8lfKIxjwkfIPCjVWnYaS5kRrbA","T0205KkcE2JQgxKFQVOJ3pNqCjVWnYaS5kRrbA","T0225KkcRhlPpAXQdEymnaVfdwCjVWnYaS5kRrbA","T0225KkcRhcf_VOGdB3wlqFbJgCjVWnYaS5kRrbA","T012vfpzQxYd_VHXCjVWnYaS5kRrbA","T0225KkcRktN91XTcxKilPNYIQCjVWnYaS5kRrbA","T01556M3FVxFoAqIZkUCjVWnYaS5kRrbA","T019-akFPn5stQevX0K3yaUCjVWnYaS5kRrbA","T0225KkcRxdI812GJRmglvILcgCjVWnYaS5kRrbA","T0225KkcRxZN_F2FcRjykPYPcwCjVWnYaS5kRrbA","T0225KkcRh5NpwaCJh31wPcMcQCjVWnYaS5kRrbA","T019uvh0RBsa8knTKRzxlvACjVWnYaS5kRrbA","T0225KkcRRpIpFWFJUmlk_JeIQCjVWnYaS5kRrbA","T0205KkcMUd4hyeNXUe3za5DCjVWnYaS5kRrbA","T0225KkcRRoRoVDXdkymwvJYIQCjVWnYaS5kRrbA","T032anXnlaKsLdpE9rdlQ32coPmJjn0h8zn7CjVWnYaS5kRrbA","T0225KkcR0gQpFHfcxv1kPcKdQCjVWnYaS5kRrbA","T0225KkcR0wZpl3eJhKlkaUNfACjVWnYaS5kRrbA","T0225KkcR09M8FbfcRiilKINcwCjVWnYaS5kRrbA"]
Mar 31 01:26:10 此京东账号1burst3166暂未选购商品
Mar 31 01:26:10 现在也能为您做任务和收集免费电力
Mar 31 01:26:11 {"code":0,"data":{"bizCode":-9,"bizMsg":"助力失败丨助力已满员！谢谢你哦~","success":false},"msg":"调用成功"}
Mar 31 01:26:12 {"code":0,"data":{"bizCode":-9,"bizMsg":"助力失败丨助力已满员！谢谢你哦~","success":false},"msg":"调用成功"}
Mar 31 01:26:13 {"code":0,"data":{"bizCode":-9,"bizMsg":"助力失败丨助力已满员！谢谢你哦~","success":false},"msg":"调用成功"}
Mar 31 01:26:14 {"code":0,"data":{"bizCode":-9,"bizMsg":"助力失败丨助力已满员！谢谢你哦~","success":false},"msg":"调用成功"}
Mar 31 01:26:15 {"code":0,"data":{"bizCode":-9,"bizMsg":"助力失败丨助力已满员！谢谢你哦~","success":false},"msg":"调用成功"}
Mar 31 01:26:16 {"code":0,"data":{"bizCode":-7,"bizMsg":"助力失败丨啊哦您今日的爱心值已爆棚，明天继续吧","success":false},"msg":"调用成功"}
Mar 31 01:26:16 助力机会已耗尽，跳出
Mar 31 01:26:16 成功收集359电量，当前蓄电池总电量：2261378
Mar 31 01:26:16 
Mar 31 01:26:16 
Mar 31 01:26:16 【京东账号1（burst3166）的东东工厂好友互助码】T0127LgxA1oa9FLRCjVWnYaS5kRrbA
Mar 31 01:26:16 
Mar 31 01:26:16 每日开工打卡已完成
Mar 31 01:26:16 好友助力已完成
Mar 31 01:26:16 去京东首页点击“数码电器”已完成
Mar 31 01:26:16 抢10元超市大红包已做完
Mar 31 01:26:16 看看商品已做完
Mar 31 01:26:16 关注店铺已做完
Mar 31 01:26:16 此任务：开通蝈小郎品牌会员，跳过
Mar 31 01:26:16 每日10-13点巡厂 任务已错过时间
Mar 31 01:26:16 
Mar 31 01:26:16 此账号1burst3166暂未选择商品
Mar 31 01:26:16 
Mar 31 01:26:16 BoxJs或环境变量暂未提供心仪商品
Mar 31 01:26:16 如需兑换心仪商品，请提供心仪商品名称
Mar 31 01:26:16 
Mar 31 01:26:16 商品名称       可选状态    剩余量
Mar 31 01:26:16 0101         可 选      74
Mar 31 01:26:16 士洗脸仪         可 选      46
Mar 31 01:26:16 囊咖啡机         可 选      15
Mar 31 01:26:16 5602         可 选      15
Mar 31 01:26:16 am5s         可 选      1
Mar 31 01:26:16 1 5G         已抢光      0
Mar 31 01:26:16 务笔记本         已抢光      0
Mar 31 01:26:16 壳暗夜绿         已抢光      0
Mar 31 01:26:16 智能手机         已抢光      0
Mar 31 01:26:16 8手机壳         已抢光      0
Mar 31 01:26:16 枪迷你版         已抢光      0
Mar 31 01:26:16 K 15         已抢光      0
Mar 31 01:26:16 
Mar 31 01:26:16 目前电量2261378,不满足兑换 美的精华导入仪 MB-EC0101所需的 5280000电量
Mar 31 01:26:16 
Mar 31 01:26:16 京东账号1 burst3166
Mar 31 01:26:16 已选商品：暂无
Mar 31 01:26:16 心仪商品：暂无
Mar 31 01:26:16 当前剩余最多商品：美的精华导入仪 MB-EC0101
Mar 31 01:26:16 兑换所需电量：5280000
Mar 31 01:26:16 您当前总电量：2261378
Mar 31 01:26:16 
Mar 31 01:26:16 
Mar 31 01:26:16 🔔东东工厂, 结束! 🕛 9.218 秒
Mar 31 01:26:16 
Mar 31 02:26:13 
Mar 31 02:26:13 🔔东东工厂, 开始!
Mar 31 02:26:13 
Mar 31 02:26:13 ====================共1个京东账号Cookie=========
Mar 31 02:26:13 
Mar 31 02:26:13 ==================脚本执行- 北京时间(UTC+8)：3/31/2021, 2:26:13 AM=====================
Mar 31 02:26:13 
Mar 31 02:26:13 开始获取东东工厂配置文件
Mar 31 02:26:13 
Mar 31 02:26:13 共1个京东账号
Mar 31 02:26:13 
Mar 31 02:26:13 您提供了1个账号的东东工厂助力码
Mar 31 02:26:13 
Mar 31 02:26:14 
Mar 31 02:26:14 ******开始【京东账号1】burst3166*********
Mar 31 02:26:14 
Mar 31 02:26:14 开始
Mar 31 02:26:15 随机取20个码放到您固定的互助码后面(不影响已有固定互助)
Mar 31 02:26:15 第1个京东账号将要助力的好友["T0205KkcA11KiSO-aWSyyZV-CjVWnYaS5kRrbA","T0225KkcRh4Y9VeBdBunnKRefQCjVWnYaS5kRrbA","T0225KkcRRoRoVXSKBqml6IKIACjVWnYaS5kRrbA","T014_aMsBwNdoAWVYwCjVWnYaS5kRrbA","T0085qI2GE9GCjVWnYaS5kRrbA","T0195KQtF0pGqwPRIhzxlvYCjVWnYaS5kRrbA","T0087aUiGVxGCjVWnYaS5kRrbA","T0167agsQh4Z_VXVIxvxCjVWnYaS5kRrbA","T0127LgxA1oa9FLRCjVWnYaS5kRrbA","T0225KkcRhgb9Affc06glKYDfACjVWnYaS5kRrbA","T0225KkcREtK8AfeIh39xf8JJgCjVWnYaS5kRrbA","T0225KkcRBcYplLfdEuhxfNfJwCjVWnYaS5kRrbA","T020vP12Qh0Q9lTKJhn2l_4LCjVWnYaS5kRrbA","T0225KkcREoep1ODJ0jykf5fcACjVWnYaS5kRrbA","T0225KkcRhlI9lDVdh2gx6YKIQCjVWnYaS5kRrbA","T007wYYABV4CjVWnYaS5kRrbA","T010z7UqA3FgjACjVWnYaS5kRrbA","T0186qcnQB0c9FzRJB39lwCjVWnYaS5kRrbA","P04z54XCjVWnYaS5m9cZwidviYX4a1Dg3e_LZg","T0205KkcH2djkRadSmC95qt8CjVWnYaS5kRrbA","T0225KkcRxYapwbVJB_wnfBZdgCjVWnYaS5kRrbA","T0225KkcREga_FbXIROmlPIJfQCjVWnYaS5kRrbA","T0114ro7QRwa91UCjVWnYaS5kRrbA","T0225KkcRR4Y8lGDdBPwlPAIfQCjVWnYaS5kRrbA","T0225KkcRx8e8QWFI06hnf8DcQCjVWnYaS5kRrbA","T01297gmAl1ZqguLCjVWnYaS5kRrbA","T0225KkcRE8Q9FPUIhj9wfFYdQCjVWnYaS5kRrbA","T020aU7ul5W1Iv5j96RNQ3aJCjVWnYaS5kRrbA","P04z54XCjVWnYaS5uC1u7VFbqnKKuIFSZ00UA"]
Mar 31 02:26:15 此京东账号1burst3166暂未选购商品
Mar 31 02:26:15 现在也能为您做任务和收集免费电力
Mar 31 02:26:16 {"code":0,"data":{"bizCode":-9,"bizMsg":"助力失败丨助力已满员！谢谢你哦~","success":false},"msg":"调用成功"}
Mar 31 02:26:17 {"code":0,"data":{"bizCode":-9,"bizMsg":"助力失败丨助力已满员！谢谢你哦~","success":false},"msg":"调用成功"}
Mar 31 02:26:18 {"code":0,"data":{"bizCode":-9,"bizMsg":"助力失败丨助力已满员！谢谢你哦~","success":false},"msg":"调用成功"}
Mar 31 02:26:19 {"code":0,"data":{"bizCode":-9,"bizMsg":"助力失败丨助力已满员！谢谢你哦~","success":false},"msg":"调用成功"}
Mar 31 02:26:20 {"code":0,"data":{"bizCode":-9,"bizMsg":"助力失败丨助力已满员！谢谢你哦~","success":false},"msg":"调用成功"}
Mar 31 02:26:21 {"code":0,"data":{"bizCode":-7,"bizMsg":"助力失败丨啊哦您今日的爱心值已爆棚，明天继续吧","success":false},"msg":"调用成功"}
Mar 31 02:26:21 助力机会已耗尽，跳出
Mar 31 02:26:21 成功收集360电量，当前蓄电池总电量：2261738
Mar 31 02:26:21 
Mar 31 02:26:21 
Mar 31 02:26:21 【京东账号1（burst3166）的东东工厂好友互助码】T0127LgxA1oa9FLRCjVWnYaS5kRrbA
Mar 31 02:26:21 
Mar 31 02:26:21 每日开工打卡已完成
Mar 31 02:26:21 好友助力已完成
Mar 31 02:26:21 去京东首页点击“数码电器”已完成
Mar 31 02:26:21 抢10元超市大红包已做完
Mar 31 02:26:21 看看商品已做完
Mar 31 02:26:21 关注店铺已做完
Mar 31 02:26:21 此任务：开通蝈小郎品牌会员，跳过
Mar 31 02:26:21 每日10-13点巡厂 任务已错过时间
Mar 31 02:26:21 
Mar 31 02:26:21 此账号1burst3166暂未选择商品
Mar 31 02:26:21 
Mar 31 02:26:21 BoxJs或环境变量暂未提供心仪商品
Mar 31 02:26:21 如需兑换心仪商品，请提供心仪商品名称
Mar 31 02:26:21 
Mar 31 02:26:21 商品名称       可选状态    剩余量
Mar 31 02:26:21 0101         可 选      74
Mar 31 02:26:21 士洗脸仪         可 选      46
Mar 31 02:26:21 囊咖啡机         可 选      15
Mar 31 02:26:21 5602         可 选      15
Mar 31 02:26:21 am5s         可 选      1
Mar 31 02:26:21 1 5G         已抢光      0
Mar 31 02:26:21 务笔记本         已抢光      0
Mar 31 02:26:21 壳暗夜绿         已抢光      0
Mar 31 02:26:21 智能手机         已抢光      0
Mar 31 02:26:21 8手机壳         已抢光      0
Mar 31 02:26:21 枪迷你版         已抢光      0
Mar 31 02:26:21 K 15         已抢光      0
Mar 31 02:26:21 
Mar 31 02:26:21 目前电量2261738,不满足兑换 美的精华导入仪 MB-EC0101所需的 5280000电量
Mar 31 02:26:21 
Mar 31 02:26:21 京东账号1 burst3166
Mar 31 02:26:21 已选商品：暂无
Mar 31 02:26:21 心仪商品：暂无
Mar 31 02:26:21 当前剩余最多商品：美的精华导入仪 MB-EC0101
Mar 31 02:26:21 兑换所需电量：5280000
Mar 31 02:26:21 您当前总电量：2261738
Mar 31 02:26:21 
Mar 31 02:26:21 
Mar 31 02:26:21 🔔东东工厂, 结束! 🕛 8.546 秒
Mar 31 02:26:21 
Mar 31 03:26:27 
Mar 31 03:26:27 🔔东东工厂, 开始!
Mar 31 03:26:27 
Mar 31 03:26:27 ====================共1个京东账号Cookie=========
Mar 31 03:26:27 
Mar 31 03:26:27 ==================脚本执行- 北京时间(UTC+8)：3/31/2021, 3:26:27 AM=====================
Mar 31 03:26:27 
Mar 31 03:26:27 开始获取东东工厂配置文件
Mar 31 03:26:27 
Mar 31 03:26:27 共1个京东账号
Mar 31 03:26:27 
Mar 31 03:26:27 您提供了1个账号的东东工厂助力码
Mar 31 03:26:27 
Mar 31 03:26:28 
Mar 31 03:26:28 ******开始【京东账号1】burst3166*********
Mar 31 03:26:28 
Mar 31 03:26:28 开始
Mar 31 03:26:29 随机取20个码放到您固定的互助码后面(不影响已有固定互助)
Mar 31 03:26:29 第1个京东账号将要助力的好友["T0205KkcA11KiSO-aWSyyZV-CjVWnYaS5kRrbA","T0225KkcRh4Y9VeBdBunnKRefQCjVWnYaS5kRrbA","T0225KkcRRoRoVXSKBqml6IKIACjVWnYaS5kRrbA","T014_aMsBwNdoAWVYwCjVWnYaS5kRrbA","T0085qI2GE9GCjVWnYaS5kRrbA","T0195KQtF0pGqwPRIhzxlvYCjVWnYaS5kRrbA","T0087aUiGVxGCjVWnYaS5kRrbA","T0167agsQh4Z_VXVIxvxCjVWnYaS5kRrbA","T0127LgxA1oa9FLRCjVWnYaS5kRrbA","T018v_hzQhwZ8FbUIRib1ACjVWnYaSs5kRrbA","T0205KkcG2FxqSCNVkm216ZpCjVWnYaS5kRrbA","T019-akvKklCrzaTdHqN764CjVWnYaS5kRrbA","T0225KkcR01KoV3QJhj0wqRZIgCjVWnYaS5kRrbA","T0225KkcR08d8FbTdkjykqJfcwCjVWnYaS5kRrbA","T0225KkcRhxLplCCdBuilqRYfQCjVWnYaS5kRrbA","P04z54XCjVWnYaS5jQAD2f43X5IkxlpQ3s","T0205KkcM0FugAGWVHKt_aN4CjVWnYaS5kRrbA","T0225KkcRBtM8lGEIR6gkPVbcgCjVWnYaS5kRrbA","P04z54XCjVWnYaS5nJcdx2anAQq43-7OE_0","T014-qItCVlIqwPVIwCjVWnYaS5kRrbA","P04z54XCjVWnYaS5nVZVjatgytLnAvQ","T0225KkcRB8b9wDWJ079wvILcACjVWnYaS5kRrbA","T0225KkcRhtP9AXfIxz0nPcNIQCjVWnYaS5kRrbA","T019__RxRRYQ9UnUKRL9lv4CjVWnYaS5kRrbA","T018v_51QRge91DXKR-b1ACjVWnYaS5kRrbA","T0225KkcRUwc9wWGJximwaNcJgCjVWnYaS5kRrbA","T0205KkcG3xzoAemZ0-L3J97CjVWnYaS5kRrbA","T019-ak7M3xdvSWUc0amwZMCjVWnYaS5kRrbA","T0205KkcM15TlyavQmmh7KlzCjVWnYaS5kRrbA"]
Mar 31 03:26:29 此京东账号1burst3166暂未选购商品
Mar 31 03:26:29 现在也能为您做任务和收集免费电力
Mar 31 03:26:30 {"code":0,"data":{"bizCode":-9,"bizMsg":"助力失败丨助力已满员！谢谢你哦~","success":false},"msg":"调用成功"}
Mar 31 03:26:31 {"code":0,"data":{"bizCode":-9,"bizMsg":"助力失败丨助力已满员！谢谢你哦~","success":false},"msg":"调用成功"}
Mar 31 03:26:32 {"code":0,"data":{"bizCode":-9,"bizMsg":"助力失败丨助力已满员！谢谢你哦~","success":false},"msg":"调用成功"}
Mar 31 03:26:33 {"code":0,"data":{"bizCode":-9,"bizMsg":"助力失败丨助力已满员！谢谢你哦~","success":false},"msg":"调用成功"}
Mar 31 03:26:35 {"code":0,"data":{"bizCode":-9,"bizMsg":"助力失败丨助力已满员！谢谢你哦~","success":false},"msg":"调用成功"}
Mar 31 03:26:36 {"code":0,"data":{"bizCode":-7,"bizMsg":"助力失败丨啊哦您今日的爱心值已爆棚，明天继续吧","success":false},"msg":"调用成功"}
Mar 31 03:26:36 助力机会已耗尽，跳出
Mar 31 03:26:36 成功收集361电量，当前蓄电池总电量：2262099
Mar 31 03:26:36 
Mar 31 03:26:36 
Mar 31 03:26:36 【京东账号1（burst3166）的东东工厂好友互助码】T0127LgxA1oa9FLRCjVWnYaS5kRrbA
Mar 31 03:26:36 
Mar 31 03:26:36 每日开工打卡已完成
Mar 31 03:26:36 好友助力已完成
Mar 31 03:26:36 去京东首页点击“数码电器”已完成
Mar 31 03:26:36 抢10元超市大红包已做完
Mar 31 03:26:36 看看商品已做完
Mar 31 03:26:36 关注店铺已做完
Mar 31 03:26:36 此任务：开通蝈小郎品牌会员，跳过
Mar 31 03:26:36 每日10-13点巡厂 任务已错过时间
Mar 31 03:26:36 
Mar 31 03:26:36 此账号1burst3166暂未选择商品
Mar 31 03:26:36 
Mar 31 03:26:36 BoxJs或环境变量暂未提供心仪商品
Mar 31 03:26:36 如需兑换心仪商品，请提供心仪商品名称
Mar 31 03:26:36 
Mar 31 03:26:36 商品名称       可选状态    剩余量
Mar 31 03:26:36 0101         可 选      74
Mar 31 03:26:36 士洗脸仪         可 选      46
Mar 31 03:26:36 囊咖啡机         可 选      15
Mar 31 03:26:36 5602         可 选      15
Mar 31 03:26:36 am5s         可 选      1
Mar 31 03:26:36 1 5G         已抢光      0
Mar 31 03:26:36 务笔记本         已抢光      0
Mar 31 03:26:36 壳暗夜绿         已抢光      0
Mar 31 03:26:36 智能手机         已抢光      0
Mar 31 03:26:36 8手机壳         已抢光      0
Mar 31 03:26:36 枪迷你版         已抢光      0
Mar 31 03:26:36 K 15         已抢光      0
Mar 31 03:26:36 
Mar 31 03:26:36 目前电量2262099,不满足兑换 美的精华导入仪 MB-EC0101所需的 5280000电量
Mar 31 03:26:36 
Mar 31 03:26:36 京东账号1 burst3166
Mar 31 03:26:36 已选商品：暂无
Mar 31 03:26:36 心仪商品：暂无
Mar 31 03:26:36 当前剩余最多商品：美的精华导入仪 MB-EC0101
Mar 31 03:26:36 兑换所需电量：5280000
Mar 31 03:26:36 您当前总电量：2262099
Mar 31 03:26:36 
Mar 31 03:26:36 
Mar 31 03:26:36 🔔东东工厂, 结束! 🕛 8.565 秒
Mar 31 03:26:36 
Mar 31 04:26:23 
Mar 31 04:26:23 🔔东东工厂, 开始!
Mar 31 04:26:23 
Mar 31 04:26:23 ====================共1个京东账号Cookie=========
Mar 31 04:26:23 
Mar 31 04:26:23 ==================脚本执行- 北京时间(UTC+8)：3/31/2021, 4:26:23 AM=====================
Mar 31 04:26:23 
Mar 31 04:26:23 开始获取东东工厂配置文件
Mar 31 04:26:23 
Mar 31 04:26:23 共1个京东账号
Mar 31 04:26:23 
Mar 31 04:26:23 您提供了1个账号的东东工厂助力码
Mar 31 04:26:23 
Mar 31 04:26:24 
Mar 31 04:26:24 ******开始【京东账号1】burst3166*********
Mar 31 04:26:24 
Mar 31 04:26:24 开始
Mar 31 04:26:25 随机取20个码放到您固定的互助码后面(不影响已有固定互助)
Mar 31 04:26:25 第1个京东账号将要助力的好友["T0205KkcA11KiSO-aWSyyZV-CjVWnYaS5kRrbA","T0225KkcRh4Y9VeBdBunnKRefQCjVWnYaS5kRrbA","T0225KkcRRoRoVXSKBqml6IKIACjVWnYaS5kRrbA","T014_aMsBwNdoAWVYwCjVWnYaS5kRrbA","T0085qI2GE9GCjVWnYaS5kRrbA","T0195KQtF0pGqwPRIhzxlvYCjVWnYaS5kRrbA","T0087aUiGVxGCjVWnYaS5kRrbA","T0167agsQh4Z_VXVIxvxCjVWnYaS5kRrbA","T0127LgxA1oa9FLRCjVWnYaS5kRrbA","T0109KAiSBgb8gCjVWnYaS5kRrbA","T0225KkcR0xL8gHRck79wfMMJgCjVWnYaS5kRrbA","T0225KkcR0wRp1TXdBqmx_ZZdwCjVWnYaS5kRrbA","T020t_l7QRkR8lfKIhr8l_8JCjVWnYaS5kRrbA","T0205KkcOVpblC6IfXiC86R0CjVWnYaS5kRrbA","T0225KkcRxYboAGGdkvwxfcKIQCjVWnYaS5kRrbA","T020Z1rpmbmDI-989JB-Q0-LCjVWnYaS5kRrbA","T0205KkcI1ZvrhaNQkWi9ZJDCjVWnYaS5kRrbA","T0225KkcRBscp1Pedk_xwfYNcQCjVWnYaS5kRrbA","T0225KkcRBwY91bSdBqmxf8IfACjVWnYaS5kRrbA","T0225KkcRRoRoQDVIRnwkPYIJgCjVWnYaS5kRrbA","T012-qIlBUJApAqACjVWnYaS5kRrbA","T0205KkcNU1avQqkQluB8pJsCjVWnYaS5kRrbA","T0225KkcRxgcpFSEJRinwPRefACjVWnYaS5kRrbA","T0205KkcF1hPlAKKQWG2xYRfCjVWnYaS5kRrbA","P04z54XCjVWnYaS5jQNDWfx2XtNlVtZuJU","T0225KkcRU1PplzQcxjykKNfdACjVWnYaS5kRrbA","T0164qdyQhsR_FDfKR31CjVWnYaS5kRrbA","T018_LgsGkdbsAuLeUat0QCjVWnYaS5kRrbA","T0225KkcRxZKpwaBdU_3k_4JJwCjVWnYaS5kRrbA"]
Mar 31 04:26:25 此京东账号1burst3166暂未选购商品
Mar 31 04:26:25 现在也能为您做任务和收集免费电力
Mar 31 04:26:26 {"code":0,"data":{"bizCode":-9,"bizMsg":"助力失败丨助力已满员！谢谢你哦~","success":false},"msg":"调用成功"}
Mar 31 04:26:27 {"code":0,"data":{"bizCode":-9,"bizMsg":"助力失败丨助力已满员！谢谢你哦~","success":false},"msg":"调用成功"}
Mar 31 04:26:28 {"code":0,"data":{"bizCode":-9,"bizMsg":"助力失败丨助力已满员！谢谢你哦~","success":false},"msg":"调用成功"}
Mar 31 04:26:29 {"code":0,"data":{"bizCode":-9,"bizMsg":"助力失败丨助力已满员！谢谢你哦~","success":false},"msg":"调用成功"}
Mar 31 04:26:30 {"code":0,"data":{"bizCode":-9,"bizMsg":"助力失败丨助力已满员！谢谢你哦~","success":false},"msg":"调用成功"}
Mar 31 04:26:31 {"code":0,"data":{"bizCode":-7,"bizMsg":"助力失败丨啊哦您今日的爱心值已爆棚，明天继续吧","success":false},"msg":"调用成功"}
Mar 31 04:26:31 助力机会已耗尽，跳出
Mar 31 04:26:31 成功收集359电量，当前蓄电池总电量：2262458
Mar 31 04:26:31 
Mar 31 04:26:31 
Mar 31 04:26:31 【京东账号1（burst3166）的东东工厂好友互助码】T0127LgxA1oa9FLRCjVWnYaS5kRrbA
Mar 31 04:26:31 
Mar 31 04:26:31 每日开工打卡已完成
Mar 31 04:26:31 好友助力已完成
Mar 31 04:26:31 去京东首页点击“数码电器”已完成
Mar 31 04:26:31 抢10元超市大红包已做完
Mar 31 04:26:31 看看商品已做完
Mar 31 04:26:31 关注店铺已做完
Mar 31 04:26:31 此任务：开通蝈小郎品牌会员，跳过
Mar 31 04:26:31 每日10-13点巡厂 任务已错过时间
Mar 31 04:26:31 
Mar 31 04:26:31 此账号1burst3166暂未选择商品
Mar 31 04:26:31 
Mar 31 04:26:31 BoxJs或环境变量暂未提供心仪商品
Mar 31 04:26:31 如需兑换心仪商品，请提供心仪商品名称
Mar 31 04:26:31 
Mar 31 04:26:32 商品名称       可选状态    剩余量
Mar 31 04:26:32 0101         可 选      74
Mar 31 04:26:32 士洗脸仪         可 选      46
Mar 31 04:26:32 囊咖啡机         可 选      15
Mar 31 04:26:32 5602         可 选      15
Mar 31 04:26:32 am5s         可 选      1
Mar 31 04:26:32 1 5G         已抢光      0
Mar 31 04:26:32 务笔记本         已抢光      0
Mar 31 04:26:32 壳暗夜绿         已抢光      0
Mar 31 04:26:32 智能手机         已抢光      0
Mar 31 04:26:32 8手机壳         已抢光      0
Mar 31 04:26:32 枪迷你版         已抢光      0
Mar 31 04:26:32 K 15         已抢光      0
Mar 31 04:26:32 
Mar 31 04:26:32 目前电量2262458,不满足兑换 美的精华导入仪 MB-EC0101所需的 5280000电量
Mar 31 04:26:32 
Mar 31 04:26:32 京东账号1 burst3166
Mar 31 04:26:32 已选商品：暂无
Mar 31 04:26:32 心仪商品：暂无
Mar 31 04:26:32 当前剩余最多商品：美的精华导入仪 MB-EC0101
Mar 31 04:26:32 兑换所需电量：5280000
Mar 31 04:26:32 您当前总电量：2262458
Mar 31 04:26:32 
Mar 31 04:26:32 
Mar 31 04:26:32 🔔东东工厂, 结束! 🕛 8.494 秒
Mar 31 04:26:32 
Mar 31 05:26:13 
Mar 31 05:26:13 🔔东东工厂, 开始!
Mar 31 05:26:13 
Mar 31 05:26:13 ====================共1个京东账号Cookie=========
Mar 31 05:26:13 
Mar 31 05:26:13 ==================脚本执行- 北京时间(UTC+8)：3/31/2021, 5:26:13 AM=====================
Mar 31 05:26:13 
Mar 31 05:26:13 开始获取东东工厂配置文件
Mar 31 05:26:13 
Mar 31 05:26:13 共1个京东账号
Mar 31 05:26:13 
Mar 31 05:26:13 您提供了1个账号的东东工厂助力码
Mar 31 05:26:13 
Mar 31 05:26:13 
Mar 31 05:26:13 ******开始【京东账号1】burst3166*********
Mar 31 05:26:13 
Mar 31 05:26:13 开始
Mar 31 05:26:14 随机取20个码放到您固定的互助码后面(不影响已有固定互助)
Mar 31 05:26:14 第1个京东账号将要助力的好友["T0205KkcA11KiSO-aWSyyZV-CjVWnYaS5kRrbA","T0225KkcRh4Y9VeBdBunnKRefQCjVWnYaS5kRrbA","T0225KkcRRoRoVXSKBqml6IKIACjVWnYaS5kRrbA","T014_aMsBwNdoAWVYwCjVWnYaS5kRrbA","T0085qI2GE9GCjVWnYaS5kRrbA","T0195KQtF0pGqwPRIhzxlvYCjVWnYaS5kRrbA","T0087aUiGVxGCjVWnYaS5kRrbA","T0167agsQh4Z_VXVIxvxCjVWnYaS5kRrbA","T0127LgxA1oa9FLRCjVWnYaS5kRrbA","T018v_52SB4c81fSJhyb1ACjVWnYaS5kRrbA","T0225KkcRhofpFfUJRv9wvNYJgCjVWnYaS5kRrbA","T012a0Xbmb-C9FHUCjVWnYaS5kRrbA","T018v_52RBkQ8lbSKRqb1ACjVWnYaS5kRrbA","T0146bgsL0RApAqATwCjVWnYaS5kRrbA","T014_bgtEkdH8lbfKACjVWnYaS5kRrbA","T0205KkcHF1ukA-TVWmU9INVCjVWnYaS5kRrbA","T015aFXslrKBIMl3aUUCjVWnYaS5kRrbA","T0225KkcRR4e9VSCIR2lxvQNJQCjVWnYaS5kRrbA","T0205KkcBlxQvSGhdkav5oFACjVWnYaS5kRrbA","T0205KkcPXRzlCekX1qB84BPCjVWnYaS5kRrbA","T0205KkcOGJ5vAm2dESmyo5rCjVWnYaS5kRrbA","T0225KkcRR5KplzQdUzywfdZJwCjVWnYaS5kRrbA","T0225KkcRRpK8wWGJxr8lv8DfQCjVWnYaS5kRrbA","T0225KkcRhwb91fQIxvxwP8PcgCjVWnYaS5kRrbA","T0225KkcRh4Z8gbVcxjywfQPIgCjVWnYaS5kRrbA","T0205KkcAHpAvCyXXUWH949qCjVWnYaS5kRrbA","T015Znj2lYO5IsxsIh0CjVWnYaS5kRrbA","T018a133l5SLI8ZiIRj1lwCjVWnYaS5kRrbA","T0225KkcRRwdpFaEIRv8x_MOcACjVWnYaS5kRrbA"]
Mar 31 05:26:14 此京东账号1burst3166暂未选购商品
Mar 31 05:26:14 现在也能为您做任务和收集免费电力
Mar 31 05:26:16 {"code":0,"data":{"bizCode":-9,"bizMsg":"助力失败丨助力已满员！谢谢你哦~","success":false},"msg":"调用成功"}
Mar 31 05:26:17 {"code":0,"data":{"bizCode":-9,"bizMsg":"助力失败丨助力已满员！谢谢你哦~","success":false},"msg":"调用成功"}
Mar 31 05:26:18 {"code":0,"data":{"bizCode":-9,"bizMsg":"助力失败丨助力已满员！谢谢你哦~","success":false},"msg":"调用成功"}
Mar 31 05:26:19 {"code":0,"data":{"bizCode":-9,"bizMsg":"助力失败丨助力已满员！谢谢你哦~","success":false},"msg":"调用成功"}
Mar 31 05:26:20 {"code":0,"data":{"bizCode":-9,"bizMsg":"助力失败丨助力已满员！谢谢你哦~","success":false},"msg":"调用成功"}
Mar 31 05:26:21 {"code":0,"data":{"bizCode":-7,"bizMsg":"助力失败丨啊哦您今日的爱心值已爆棚，明天继续吧","success":false},"msg":"调用成功"}
Mar 31 05:26:21 助力机会已耗尽，跳出
Mar 31 05:26:21 成功收集358电量，当前蓄电池总电量：2262816
Mar 31 05:26:21 
Mar 31 05:26:21 
Mar 31 05:26:21 【京东账号1（burst3166）的东东工厂好友互助码】T0127LgxA1oa9FLRCjVWnYaS5kRrbA
Mar 31 05:26:21 
Mar 31 05:26:21 每日开工打卡已完成
Mar 31 05:26:21 好友助力已完成
Mar 31 05:26:21 去京东首页点击“数码电器”已完成
Mar 31 05:26:21 抢10元超市大红包已做完
Mar 31 05:26:21 看看商品已做完
Mar 31 05:26:21 关注店铺已做完
Mar 31 05:26:21 此任务：开通蝈小郎品牌会员，跳过
Mar 31 05:26:21 每日10-13点巡厂 任务已错过时间
Mar 31 05:26:21 
Mar 31 05:26:21 此账号1burst3166暂未选择商品
Mar 31 05:26:21 
Mar 31 05:26:21 BoxJs或环境变量暂未提供心仪商品
Mar 31 05:26:21 如需兑换心仪商品，请提供心仪商品名称
Mar 31 05:26:21 
Mar 31 05:26:21 商品名称       可选状态    剩余量
Mar 31 05:26:21 0101         可 选      74
Mar 31 05:26:21 士洗脸仪         可 选      46
Mar 31 05:26:21 囊咖啡机         可 选      15
Mar 31 05:26:21 5602         可 选      15
Mar 31 05:26:21 am5s         可 选      1
Mar 31 05:26:21 1 5G         已抢光      0
Mar 31 05:26:21 务笔记本         已抢光      0
Mar 31 05:26:21 壳暗夜绿         已抢光      0
Mar 31 05:26:21 智能手机         已抢光      0
Mar 31 05:26:21 8手机壳         已抢光      0
Mar 31 05:26:21 枪迷你版         已抢光      0
Mar 31 05:26:21 K 15         已抢光      0
Mar 31 05:26:21 
Mar 31 05:26:21 目前电量2262816,不满足兑换 美的精华导入仪 MB-EC0101所需的 5280000电量
Mar 31 05:26:21 
Mar 31 05:26:21 京东账号1 burst3166
Mar 31 05:26:21 已选商品：暂无
Mar 31 05:26:21 心仪商品：暂无
Mar 31 05:26:21 当前剩余最多商品：美的精华导入仪 MB-EC0101
Mar 31 05:26:21 兑换所需电量：5280000
Mar 31 05:26:21 您当前总电量：2262816
Mar 31 05:26:21 
Mar 31 05:26:21 
Mar 31 05:26:21 🔔东东工厂, 结束! 🕛 8.417 秒
Mar 31 05:26:21 
Mar 31 06:26:14 
Mar 31 06:26:14 🔔东东工厂, 开始!
Mar 31 06:26:14 
Mar 31 06:26:14 ====================共1个京东账号Cookie=========
Mar 31 06:26:14 
Mar 31 06:26:14 ==================脚本执行- 北京时间(UTC+8)：3/31/2021, 6:26:14 AM=====================
Mar 31 06:26:14 
Mar 31 06:26:14 开始获取东东工厂配置文件
Mar 31 06:26:14 
Mar 31 06:26:14 共1个京东账号
Mar 31 06:26:14 
Mar 31 06:26:14 您提供了1个账号的东东工厂助力码
Mar 31 06:26:15 
Mar 31 06:26:15 
Mar 31 06:26:15 ******开始【京东账号1】burst3166*********
Mar 31 06:26:15 
Mar 31 06:26:15 开始
Mar 31 06:26:16 随机取20个码放到您固定的互助码后面(不影响已有固定互助)
Mar 31 06:26:16 第1个京东账号将要助力的好友["T0205KkcA11KiSO-aWSyyZV-CjVWnYaS5kRrbA","T0225KkcRh4Y9VeBdBunnKRefQCjVWnYaS5kRrbA","T0225KkcRRoRoVXSKBqml6IKIACjVWnYaS5kRrbA","T014_aMsBwNdoAWVYwCjVWnYaS5kRrbA","T0085qI2GE9GCjVWnYaS5kRrbA","T0195KQtF0pGqwPRIhzxlvYCjVWnYaS5kRrbA","T0087aUiGVxGCjVWnYaS5kRrbA","T0167agsQh4Z_VXVIxvxCjVWnYaS5kRrbA","T0127LgxA1oa9FLRCjVWnYaS5kRrbA","T0205KkcHGJmoy2yZ3CO3bZUCjVWnYaS5kRrbA","T0205KkcCXZTryWTUVuSzKxVCjVWnYaS5kRrbA","T020vP10QBkZ9F3KJhn2l_YICjVWnYaS5kRrbA","P04z54XCjVWnYaS5m9cZ2f9iC4Yxkf8l9qUezk","T0205KkcJHxzjzKUfnCQ3qZZCjVWnYaS5kRrbA","T0144aI7L1Yd9ly4fQCjVWnYaS5kRrbA","T0225KkcRU0QpgDUdR_2k_NcfQCjVWnYaS5kRrbA","T0225KkcRRwb8wfeJB71lKJYdQCjVWnYaS5kRrbA","T0205KkcCkNEjwefZHu2x4x4CjVWnYaS5kRrbA","T019-akFKGJnrgK-dHKVwowCjVWnYaS5kRrbA","T0225KkcRRxLoADQdUvwkfUDJwCjVWnYaS5kRrbA","T0225KkcRB1IoF3fIhugx_4NIQCjVWnYaS5kRrbA","P04z54XCjVWnYaS5m9cZ2erj3xPweNpVrcwY3s","T019u_53Qhob9EnRJx78kvACjVWnYaS5kRrbA","T0225KkcRB4a9VLUJBvwkPUIIgCjVWnYaS5kRrbA","T0225KkcRBoapgHWdBr9kfQCdACjVWnYaS5kRrbA","T0225KkcRRpP8lHfcRKmnfQLdACjVWnYaS5kRrbA","T0225KkcRRcao1zUIh39wPMNcACjVWnYaS5kRrbA","T0225KkcRxsZ_VfVcRv3nf9YcgCjVWnYaS5kRrbA","T0205KkcJF1nsg-lfGWS1b9KCjVWnYaS5kRrbA"]
Mar 31 06:26:16 此京东账号1burst3166暂未选购商品
Mar 31 06:26:16 现在也能为您做任务和收集免费电力
Mar 31 06:26:17 {"code":0,"data":{"bizCode":-9,"bizMsg":"助力失败丨助力已满员！谢谢你哦~","success":false},"msg":"调用成功"}
Mar 31 06:26:18 {"code":0,"data":{"bizCode":-9,"bizMsg":"助力失败丨助力已满员！谢谢你哦~","success":false},"msg":"调用成功"}
Mar 31 06:26:19 {"code":0,"data":{"bizCode":-9,"bizMsg":"助力失败丨助力已满员！谢谢你哦~","success":false},"msg":"调用成功"}
Mar 31 06:26:20 {"code":0,"data":{"bizCode":-9,"bizMsg":"助力失败丨助力已满员！谢谢你哦~","success":false},"msg":"调用成功"}
Mar 31 06:26:22 {"code":0,"data":{"bizCode":-9,"bizMsg":"助力失败丨助力已满员！谢谢你哦~","success":false},"msg":"调用成功"}
Mar 31 06:26:23 {"code":0,"data":{"bizCode":-7,"bizMsg":"助力失败丨啊哦您今日的爱心值已爆棚，明天继续吧","success":false},"msg":"调用成功"}
Mar 31 06:26:23 助力机会已耗尽，跳出
Mar 31 06:26:23 成功收集360电量，当前蓄电池总电量：2263176
Mar 31 06:26:23 
Mar 31 06:26:23 
Mar 31 06:26:23 【京东账号1（burst3166）的东东工厂好友互助码】T0127LgxA1oa9FLRCjVWnYaS5kRrbA
Mar 31 06:26:23 
Mar 31 06:26:23 每日开工打卡已完成
Mar 31 06:26:23 好友助力已完成
Mar 31 06:26:23 去京东首页点击“数码电器”已完成
Mar 31 06:26:23 抢10元超市大红包已做完
Mar 31 06:26:23 看看商品已做完
Mar 31 06:26:23 关注店铺已做完
Mar 31 06:26:23 此任务：开通蝈小郎品牌会员，跳过
Mar 31 06:26:23 每日10-13点巡厂 任务已错过时间
Mar 31 06:26:23 
Mar 31 06:26:23 此账号1burst3166暂未选择商品
Mar 31 06:26:23 
Mar 31 06:26:23 BoxJs或环境变量暂未提供心仪商品
Mar 31 06:26:23 如需兑换心仪商品，请提供心仪商品名称
Mar 31 06:26:23 
Mar 31 06:26:23 商品名称       可选状态    剩余量
Mar 31 06:26:23 0101         可 选      74
Mar 31 06:26:23 士洗脸仪         可 选      46
Mar 31 06:26:23 囊咖啡机         可 选      15
Mar 31 06:26:23 5602         可 选      15
Mar 31 06:26:23 am5s         可 选      1
Mar 31 06:26:23 1 5G         已抢光      0
Mar 31 06:26:23 务笔记本         已抢光      0
Mar 31 06:26:23 壳暗夜绿         已抢光      0
Mar 31 06:26:23 智能手机         已抢光      0
Mar 31 06:26:23 8手机壳         已抢光      0
Mar 31 06:26:23 枪迷你版         已抢光      0
Mar 31 06:26:23 K 15         已抢光      0
Mar 31 06:26:23 
Mar 31 06:26:23 目前电量2263176,不满足兑换 美的精华导入仪 MB-EC0101所需的 5280000电量
Mar 31 06:26:23 
Mar 31 06:26:23 京东账号1 burst3166
Mar 31 06:26:23 已选商品：暂无
Mar 31 06:26:23 心仪商品：暂无
Mar 31 06:26:23 当前剩余最多商品：美的精华导入仪 MB-EC0101
Mar 31 06:26:23 兑换所需电量：5280000
Mar 31 06:26:23 您当前总电量：2263176
Mar 31 06:26:23 
Mar 31 06:26:23 
Mar 31 06:26:23 🔔东东工厂, 结束! 🕛 8.571 秒
Mar 31 06:26:23 
Mar 31 07:26:15 
Mar 31 07:26:15 🔔东东工厂, 开始!
Mar 31 07:26:15 
Mar 31 07:26:15 ====================共1个京东账号Cookie=========
Mar 31 07:26:15 
Mar 31 07:26:15 ==================脚本执行- 北京时间(UTC+8)：3/31/2021, 7:26:15 AM=====================
Mar 31 07:26:15 
Mar 31 07:26:15 开始获取东东工厂配置文件
Mar 31 07:26:15 
Mar 31 07:26:15 共1个京东账号
Mar 31 07:26:15 
Mar 31 07:26:15 您提供了1个账号的东东工厂助力码
Mar 31 07:26:15 
Mar 31 07:26:16 
Mar 31 07:26:16 ******开始【京东账号1】burst3166*********
Mar 31 07:26:16 
Mar 31 07:26:16 开始
Mar 31 07:26:17 随机取20个码放到您固定的互助码后面(不影响已有固定互助)
Mar 31 07:26:17 第1个京东账号将要助力的好友["T0205KkcA11KiSO-aWSyyZV-CjVWnYaS5kRrbA","T0225KkcRh4Y9VeBdBunnKRefQCjVWnYaS5kRrbA","T0225KkcRRoRoVXSKBqml6IKIACjVWnYaS5kRrbA","T014_aMsBwNdoAWVYwCjVWnYaS5kRrbA","T0085qI2GE9GCjVWnYaS5kRrbA","T0195KQtF0pGqwPRIhzxlvYCjVWnYaS5kRrbA","T0087aUiGVxGCjVWnYaS5kRrbA","T0167agsQh4Z_VXVIxvxCjVWnYaS5kRrbA","T0127LgxA1oa9FLRCjVWnYaS5kRrbA","T0225KkcRRhM91SBdhzzwPMPJwCjVWnYaS5kRrbA","T012anXDlrmMIPVFCjVWnYaS5kRrbA","T0205KkcHk1Rjx2RRkOSz5d3CjVWnYaS5kRrbA","T0225KkcREoR8FLRckz2laINIQCjVWnYaS5kRrbA","T0205KkcBEpfpjSDQ06V7rVoCjVWnYaS5kRrbA","P04z54XCjVWnYaS5m9cZ2fx23tDndQPi5P2UaU","T0155rgqF0tNpAOCdEsCjVWnYaS5kRrbA","T018v_hxQh8Z_VHQIBKb1ACjVWnYaS5kRrbA","T0225KkcRhwe8VCGck_xkPIKJQCjVWnYaS5kRrbA","T0225KkcREpK91LRch_zx_dbIACjVWnYaS5kRrbA","T020-akNElxAjyGMXnygyrVpCjVWnYaS5kRrbA","T0225KkcRxkRplTXJ079lPFeIACjVWnYaS5kRrbA","T0205KkcO0hPrhasVVqe_IVLCjVWnYaS5kRrbA","T0225KkcRRkR9QCFcUimlaQDcwCjVWnYaS5kRrbA","T0205KkcHWp6vwCUSEKy155ZCjVWnYaS5kRrbA","T0225KkcR00dpFWCcRulxfYDfACjVWnYaS5kRrbA","T0225KkcRBcdplGEJ073kfNfcQCjVWnYaS5kRrbA","T0225KkcRRwfplGGKRP0l_QCJgCjVWnYaS5kRrbA","T0225KkcRUtNpFDUcU_zkPcNfQCjVWnYaS5kRrbA","T022vf56SB4Y8lbTPRjyl_QCdwCjVWnYaS5kRrbA"]
Mar 31 07:26:17 此京东账号1burst3166暂未选购商品
Mar 31 07:26:17 现在也能为您做任务和收集免费电力
Mar 31 07:26:18 {"code":0,"data":{"bizCode":-9,"bizMsg":"助力失败丨助力已满员！谢谢你哦~","success":false},"msg":"调用成功"}
Mar 31 07:26:19 {"code":0,"data":{"bizCode":-9,"bizMsg":"助力失败丨助力已满员！谢谢你哦~","success":false},"msg":"调用成功"}
Mar 31 07:26:20 {"code":0,"data":{"bizCode":-9,"bizMsg":"助力失败丨助力已满员！谢谢你哦~","success":false},"msg":"调用成功"}
Mar 31 07:26:21 {"code":0,"data":{"bizCode":-9,"bizMsg":"助力失败丨助力已满员！谢谢你哦~","success":false},"msg":"调用成功"}
Mar 31 07:26:22 {"code":0,"data":{"bizCode":-9,"bizMsg":"助力失败丨助力已满员！谢谢你哦~","success":false},"msg":"调用成功"}
Mar 31 07:26:23 {"code":0,"data":{"bizCode":-7,"bizMsg":"助力失败丨啊哦您今日的爱心值已爆棚，明天继续吧","success":false},"msg":"调用成功"}
Mar 31 07:26:23 助力机会已耗尽，跳出
Mar 31 07:26:23 成功收集360电量，当前蓄电池总电量：2263536
Mar 31 07:26:23 
Mar 31 07:26:24 
Mar 31 07:26:24 【京东账号1（burst3166）的东东工厂好友互助码】T0127LgxA1oa9FLRCjVWnYaS5kRrbA
Mar 31 07:26:24 
Mar 31 07:26:24 每日开工打卡已完成
Mar 31 07:26:24 好友助力已完成
Mar 31 07:26:24 去京东首页点击“数码电器”已完成
Mar 31 07:26:24 抢10元超市大红包已做完
Mar 31 07:26:24 看看商品已做完
Mar 31 07:26:24 关注店铺已做完
Mar 31 07:26:24 此任务：开通蝈小郎品牌会员，跳过
Mar 31 07:26:24 每日10-13点巡厂 任务已错过时间
Mar 31 07:26:24 
Mar 31 07:26:24 此账号1burst3166暂未选择商品
Mar 31 07:26:24 
Mar 31 07:26:24 BoxJs或环境变量暂未提供心仪商品
Mar 31 07:26:24 如需兑换心仪商品，请提供心仪商品名称
Mar 31 07:26:24 
Mar 31 07:26:24 商品名称       可选状态    剩余量
Mar 31 07:26:24 0101         可 选      74
Mar 31 07:26:24 士洗脸仪         可 选      46
Mar 31 07:26:24 囊咖啡机         可 选      15
Mar 31 07:26:24 5602         可 选      15
Mar 31 07:26:24 am5s         可 选      1
Mar 31 07:26:24 1 5G         已抢光      0
Mar 31 07:26:24 务笔记本         已抢光      0
Mar 31 07:26:24 壳暗夜绿         已抢光      0
Mar 31 07:26:24 智能手机         已抢光      0
Mar 31 07:26:24 8手机壳         已抢光      0
Mar 31 07:26:24 枪迷你版         已抢光      0
Mar 31 07:26:24 K 15         已抢光      0
Mar 31 07:26:24 
Mar 31 07:26:24 目前电量2263536,不满足兑换 美的精华导入仪 MB-EC0101所需的 5280000电量
Mar 31 07:26:24 
Mar 31 07:26:24 京东账号1 burst3166
Mar 31 07:26:24 已选商品：暂无
Mar 31 07:26:24 心仪商品：暂无
Mar 31 07:26:24 当前剩余最多商品：美的精华导入仪 MB-EC0101
Mar 31 07:26:24 兑换所需电量：5280000
Mar 31 07:26:24 您当前总电量：2263536
Mar 31 07:26:24 
Mar 31 07:26:24 
Mar 31 07:26:24 🔔东东工厂, 结束! 🕛 8.449 秒
Mar 31 07:26:24 
Mar 31 08:26:18 
Mar 31 08:26:18 🔔东东工厂, 开始!
Mar 31 08:26:18 
Mar 31 08:26:18 ====================共1个京东账号Cookie=========
Mar 31 08:26:18 
Mar 31 08:26:18 ==================脚本执行- 北京时间(UTC+8)：3/31/2021, 8:26:18 AM=====================
Mar 31 08:26:18 
Mar 31 08:26:18 开始获取东东工厂配置文件
Mar 31 08:26:18 
Mar 31 08:26:18 共1个京东账号
Mar 31 08:26:18 
Mar 31 08:26:18 您提供了1个账号的东东工厂助力码
Mar 31 08:26:18 
Mar 31 08:26:19 
Mar 31 08:26:19 ******开始【京东账号1】burst3166*********
Mar 31 08:26:19 
Mar 31 08:26:19 开始
Mar 31 08:26:20 随机取20个码放到您固定的互助码后面(不影响已有固定互助)
Mar 31 08:26:20 第1个京东账号将要助力的好友["T0205KkcA11KiSO-aWSyyZV-CjVWnYaS5kRrbA","T0225KkcRh4Y9VeBdBunnKRefQCjVWnYaS5kRrbA","T0225KkcRRoRoVXSKBqml6IKIACjVWnYaS5kRrbA","T014_aMsBwNdoAWVYwCjVWnYaS5kRrbA","T0085qI2GE9GCjVWnYaS5kRrbA","T0195KQtF0pGqwPRIhzxlvYCjVWnYaS5kRrbA","T0087aUiGVxGCjVWnYaS5kRrbA","T0167agsQh4Z_VXVIxvxCjVWnYaS5kRrbA","T0127LgxA1oa9FLRCjVWnYaS5kRrbA","T01176A6HVdOmgkCjVWnYaS5kRrbA","T0225KkcRx8bp1aGJ0jzl_APJgCjVWnYaS5kRrbA","T0225KkcRx4a8QLTdk73k_ZYJwCjVWnYaS5kRrbA","P04z54XCjVWnYaS5m9cZwa_nxwb8aqKpwJBOQ","T0105LUuCUYQ_ACjVWnYaS5kRrbA","T0225KkcR08f81Xfc06lwfFcfACjVWnYaS5kRrbA","T0225KkcRxwZowCFcxP9l6QJIACjVWnYaS5kRrbA","T0205KkcHm1MtwGzfX2X4YRZCjVWnYaS5kRrbA","T016anXKlaavIuJW9ZBiCjVWnYaS5kRrbA","T0114qQ6GUtKrQsCjVWnYaS5kRrbA","T011_qQvHEEf_FwCjVWnYaS5kRrbA","T014_aUmHklarQePaQCjVWnYaS5kRrbA","T0225KkcRksd91yEJRigl_8McQCjVWnYaS5kRrbA","T0205KkcBXR9sBW9ZG-z6L53CjVWnYaS5kRrbA","T0205KkcCFttlze-RkydwqJdCjVWnYaS5kRrbA","T0225KkcRBZP8l3TdhKmlf5eIQCjVWnYaS5kRrbA","T019-akiGEZFrDy3aGC94o4CjVWnYaS5kRrbA","T018v_53Qxka91DWIhqb1ACjVWnYaS5kRrbA","T0109qQuH1dcoACjVWnYaS5kRrbA","T0225KkcRhwcpgffcx79kaNedACjVWnYaS5kRrbA"]
Mar 31 08:26:20 此京东账号1burst3166暂未选购商品
Mar 31 08:26:20 现在也能为您做任务和收集免费电力
Mar 31 08:26:21 {"code":0,"data":{"bizCode":-9,"bizMsg":"助力失败丨助力已满员！谢谢你哦~","success":false},"msg":"调用成功"}
Mar 31 08:26:22 {"code":0,"data":{"bizCode":-9,"bizMsg":"助力失败丨助力已满员！谢谢你哦~","success":false},"msg":"调用成功"}
Mar 31 08:26:23 {"code":0,"data":{"bizCode":-9,"bizMsg":"助力失败丨助力已满员！谢谢你哦~","success":false},"msg":"调用成功"}
Mar 31 08:26:24 {"code":0,"data":{"bizCode":-9,"bizMsg":"助力失败丨助力已满员！谢谢你哦~","success":false},"msg":"调用成功"}
Mar 31 08:26:25 {"code":0,"data":{"bizCode":-9,"bizMsg":"助力失败丨助力已满员！谢谢你哦~","success":false},"msg":"调用成功"}
Mar 31 08:26:27 {"code":0,"data":{"bizCode":-7,"bizMsg":"助力失败丨啊哦您今日的爱心值已爆棚，明天继续吧","success":false},"msg":"调用成功"}
Mar 31 08:26:27 助力机会已耗尽，跳出
Mar 31 08:26:27 成功收集360电量，当前蓄电池总电量：2263896
Mar 31 08:26:27 
Mar 31 08:26:27 
Mar 31 08:26:27 【京东账号1（burst3166）的东东工厂好友互助码】T0127LgxA1oa9FLRCjVWnYaS5kRrbA
Mar 31 08:26:27 
Mar 31 08:26:27 每日开工打卡已完成
Mar 31 08:26:27 好友助力已完成
Mar 31 08:26:27 去京东首页点击“数码电器”已完成
Mar 31 08:26:27 抢10元超市大红包已做完
Mar 31 08:26:27 看看商品已做完
Mar 31 08:26:27 关注店铺已做完
Mar 31 08:26:27 此任务：开通蝈小郎品牌会员，跳过
Mar 31 08:26:27 每日10-13点巡厂 任务已错过时间
Mar 31 08:26:27 
Mar 31 08:26:27 此账号1burst3166暂未选择商品
Mar 31 08:26:27 
Mar 31 08:26:27 BoxJs或环境变量暂未提供心仪商品
Mar 31 08:26:27 如需兑换心仪商品，请提供心仪商品名称
Mar 31 08:26:27 
Mar 31 08:26:27 商品名称       可选状态    剩余量
Mar 31 08:26:27 0101         可 选      72
Mar 31 08:26:27 士洗脸仪         可 选      46
Mar 31 08:26:27 囊咖啡机         可 选      15
Mar 31 08:26:27 5602         可 选      15
Mar 31 08:26:27 am5s         可 选      1
Mar 31 08:26:27 1 5G         已抢光      0
Mar 31 08:26:27 务笔记本         已抢光      0
Mar 31 08:26:27 壳暗夜绿         已抢光      0
Mar 31 08:26:27 智能手机         已抢光      0
Mar 31 08:26:27 8手机壳         已抢光      0
Mar 31 08:26:27 枪迷你版         已抢光      0
Mar 31 08:26:27 K 15         已抢光      0
Mar 31 08:26:27 
Mar 31 08:26:27 目前电量2263896,不满足兑换 美的精华导入仪 MB-EC0101所需的 5280000电量
Mar 31 08:26:27 
Mar 31 08:26:27 京东账号1 burst3166
Mar 31 08:26:27 已选商品：暂无
Mar 31 08:26:27 心仪商品：暂无
Mar 31 08:26:27 当前剩余最多商品：美的精华导入仪 MB-EC0101
Mar 31 08:26:27 兑换所需电量：5280000
Mar 31 08:26:27 您当前总电量：2263896
Mar 31 08:26:27 
Mar 31 08:26:27 
Mar 31 08:26:27 🔔东东工厂, 结束! 🕛 8.897 秒
Mar 31 08:26:27 
Mar 31 09:26:11 
Mar 31 09:26:11 🔔东东工厂, 开始!
Mar 31 09:26:11 
Mar 31 09:26:11 ====================共1个京东账号Cookie=========
Mar 31 09:26:11 
Mar 31 09:26:11 ==================脚本执行- 北京时间(UTC+8)：3/31/2021, 9:26:11 AM=====================
Mar 31 09:26:11 
Mar 31 09:26:11 开始获取东东工厂配置文件
Mar 31 09:26:11 
Mar 31 09:26:11 共1个京东账号
Mar 31 09:26:11 
Mar 31 09:26:11 您提供了1个账号的东东工厂助力码
Mar 31 09:26:11 
Mar 31 09:26:11 
Mar 31 09:26:11 ******开始【京东账号1】burst3166*********
Mar 31 09:26:11 
Mar 31 09:26:11 开始
Mar 31 09:26:13 随机取20个码放到您固定的互助码后面(不影响已有固定互助)
Mar 31 09:26:13 第1个京东账号将要助力的好友["T0205KkcA11KiSO-aWSyyZV-CjVWnYaS5kRrbA","T0225KkcRh4Y9VeBdBunnKRefQCjVWnYaS5kRrbA","T0225KkcRRoRoVXSKBqml6IKIACjVWnYaS5kRrbA","T014_aMsBwNdoAWVYwCjVWnYaS5kRrbA","T0085qI2GE9GCjVWnYaS5kRrbA","T0195KQtF0pGqwPRIhzxlvYCjVWnYaS5kRrbA","T0087aUiGVxGCjVWnYaS5kRrbA","T0167agsQh4Z_VXVIxvxCjVWnYaS5kRrbA","T0127LgxA1oa9FLRCjVWnYaS5kRrbA","T0225KkcRk0Z8lfTchr8nKQIdQCjVWnYaS5kRrbA","T0225KkcRxZKpwaBdU_3k_4JJwCjVWnYaS5kRrbA","T015xKIgGEtHmj6Pf18CjVWnYaS5kRrbA","T014-f90Qxgc_VbTIwCjVWnYaS5kRrbA","T01146wxGUFHrQsCjVWnYaS5kRrbA","T0123bgtHldCshGJCjVWnYaS5kRrbA","T0146vV1RBwd9VLWJACjVWnYaS5kRrbA","T020uf10QRcf9V3KIx72kfUJCjVWnYaS5kRrbA","T023v_90QRkZ9F3KKBvylPACd3sCjVWnYaS5kRrbA","T0225KkcR0sYpwbQIxKiwfYOdQCjVWnYaS5kRrbA","T0225KkcREoR8FLRckz2laINIQCjVWnYaS5kRrbA","T0225KkcRR4b9laEdBP2wfUOIgCjVWnYaS5kRrbA","P04z54XCjVWnYaS5m9cZwqvmxYx85wRUJ1Ypg","T0225KkcR0hKoQeFJxminfIPfQCjVWnYaS5kRrbA","T022v_1xRx8b9lzfPR_9l_UJcQCjVWnYaS5kRrbA","T018v_V6RRoQ_FPfIBub1ACjVWnYaS5kRrbA","T016xIYxL3xMqAGKck-2CjVWnYaS5kRrbA","T0225KkcRBcZ9wKCdBr9wfQJdACjVWnYaS5kRrbA","T0205KkcHGhtlB21emaX4KNDCjVWnYaS5kRrbA","T018v_50Qhgb8FLRIRqb1ACjVWnYaS5kRrbA"]
Mar 31 09:26:13 此京东账号1burst3166暂未选购商品
Mar 31 09:26:13 现在也能为您做任务和收集免费电力
Mar 31 09:26:14 {"code":0,"data":{"bizCode":-9,"bizMsg":"助力失败丨助力已满员！谢谢你哦~","success":false},"msg":"调用成功"}
Mar 31 09:26:15 {"code":0,"data":{"bizCode":-9,"bizMsg":"助力失败丨助力已满员！谢谢你哦~","success":false},"msg":"调用成功"}
Mar 31 09:26:16 {"code":0,"data":{"bizCode":-9,"bizMsg":"助力失败丨助力已满员！谢谢你哦~","success":false},"msg":"调用成功"}
Mar 31 09:26:17 {"code":0,"data":{"bizCode":-9,"bizMsg":"助力失败丨助力已满员！谢谢你哦~","success":false},"msg":"调用成功"}
Mar 31 09:26:18 {"code":0,"data":{"bizCode":-9,"bizMsg":"助力失败丨助力已满员！谢谢你哦~","success":false},"msg":"调用成功"}
Mar 31 09:26:19 {"code":0,"data":{"bizCode":-7,"bizMsg":"助力失败丨啊哦您今日的爱心值已爆棚，明天继续吧","success":false},"msg":"调用成功"}
Mar 31 09:26:19 助力机会已耗尽，跳出
Mar 31 09:26:19 成功收集359电量，当前蓄电池总电量：2264255
Mar 31 09:26:19 
Mar 31 09:26:19 
Mar 31 09:26:19 【京东账号1（burst3166）的东东工厂好友互助码】T0127LgxA1oa9FLRCjVWnYaS5kRrbA
Mar 31 09:26:19 
Mar 31 09:26:19 每日开工打卡已完成
Mar 31 09:26:19 好友助力已完成
Mar 31 09:26:19 去京东首页点击“数码电器”已完成
Mar 31 09:26:19 抢10元超市大红包已做完
Mar 31 09:26:19 看看商品已做完
Mar 31 09:26:19 关注店铺已做完
Mar 31 09:26:19 此任务：开通蝈小郎品牌会员，跳过
Mar 31 09:26:19 每日10-13点巡厂 任务已错过时间
Mar 31 09:26:19 
Mar 31 09:26:19 此账号1burst3166暂未选择商品
Mar 31 09:26:19 
Mar 31 09:26:19 BoxJs或环境变量暂未提供心仪商品
Mar 31 09:26:19 如需兑换心仪商品，请提供心仪商品名称
Mar 31 09:26:19 
Mar 31 09:26:19 商品名称       可选状态    剩余量
Mar 31 09:26:19 0101         可 选      72
Mar 31 09:26:19 士洗脸仪         可 选      46
Mar 31 09:26:19 囊咖啡机         可 选      15
Mar 31 09:26:19 5602         可 选      15
Mar 31 09:26:20 am5s         可 选      1
Mar 31 09:26:20 1 5G         已抢光      0
Mar 31 09:26:20 务笔记本         已抢光      0
Mar 31 09:26:20 壳暗夜绿         已抢光      0
Mar 31 09:26:20 智能手机         已抢光      0
Mar 31 09:26:20 8手机壳         已抢光      0
Mar 31 09:26:20 枪迷你版         已抢光      0
Mar 31 09:26:20 K 15         已抢光      0
Mar 31 09:26:20 
Mar 31 09:26:20 目前电量2264255,不满足兑换 美的精华导入仪 MB-EC0101所需的 5280000电量
Mar 31 09:26:20 
Mar 31 09:26:20 京东账号1 burst3166
Mar 31 09:26:20 已选商品：暂无
Mar 31 09:26:20 心仪商品：暂无
Mar 31 09:26:20 当前剩余最多商品：美的精华导入仪 MB-EC0101
Mar 31 09:26:20 兑换所需电量：5280000
Mar 31 09:26:20 您当前总电量：2264255
Mar 31 09:26:20 
Mar 31 09:26:20 
Mar 31 09:26:20 🔔东东工厂, 结束! 🕛 8.714 秒
Mar 31 09:26:20 
Mar 31 10:26:00 
Mar 31 10:26:00 🔔东东工厂, 开始!
Mar 31 10:26:00 
Mar 31 10:26:00 ====================共1个京东账号Cookie=========
Mar 31 10:26:00 
Mar 31 10:26:00 ==================脚本执行- 北京时间(UTC+8)：3/31/2021, 10:26:00 AM=====================
Mar 31 10:26:00 
Mar 31 10:26:00 开始获取东东工厂配置文件
Mar 31 10:26:00 
Mar 31 10:26:00 共1个京东账号
Mar 31 10:26:00 
Mar 31 10:26:00 您提供了1个账号的东东工厂助力码
Mar 31 10:26:00 
Mar 31 10:26:01 
Mar 31 10:26:01 ******开始【京东账号1】burst3166*********
Mar 31 10:26:01 
Mar 31 10:26:01 开始
Mar 31 10:26:02 随机取20个码放到您固定的互助码后面(不影响已有固定互助)
Mar 31 10:26:02 第1个京东账号将要助力的好友["T0205KkcA11KiSO-aWSyyZV-CjVWnYaS5kRrbA","T0225KkcRh4Y9VeBdBunnKRefQCjVWnYaS5kRrbA","T0225KkcRRoRoVXSKBqml6IKIACjVWnYaS5kRrbA","T014_aMsBwNdoAWVYwCjVWnYaS5kRrbA","T0085qI2GE9GCjVWnYaS5kRrbA","T0195KQtF0pGqwPRIhzxlvYCjVWnYaS5kRrbA","T0087aUiGVxGCjVWnYaS5kRrbA","T0167agsQh4Z_VXVIxvxCjVWnYaS5kRrbA","T0127LgxA1oa9FLRCjVWnYaS5kRrbA","P04z54XCjVWnYaS5m9cZzi6lwYL1-hp_1XapQ","T0225KkcRBdM91aCJRL2nfYOIACjVWnYaS5kRrbA","P04z54XCjVWnYaS5m9cZ2Tx2i1Kkx07A4GoqkQ","T0205KkcKnd9lw61SHqh0IpTCjVWnYaS5kRrbA","T0169Lc5GE9Hoh2GfE-tCjVWnYaS5kRrbA","T0119KU2F1tA9VQCjVWnYaS5kRrbA","T0225KkcR0hI91SBdUz0kv9ccACjVWnYaS5kRrbA","T0225KkcRxlM9lODJx3xkfYOfQCjVWnYaS5kRrbA","T0225KkcRRxL8FTUJUv1kvFbIQCjVWnYaS5kRrbA","P04z54XCjVWnYaS5m9cZ2Xw3ilKnQvZmGsyxt4","P04z54XCjVWnYaS5jQAC2b9339MkP6uy1w","T0225KkcRB9Pp1eBcxKgkvJcdgCjVWnYaS5kRrbA","T0225KkcR0xI8gXSJhKhlvUDdQCjVWnYaS5kRrbA","T019-akZBmtZtSuAaEOHxYgCjVWnYaS5kRrbA","T0205KkcJV9PtQGDQmyAwbRRCjVWnYaS5kRrbA","T01196cwGFwZ9VQCjVWnYaS5kRrbA","T0225KkcRRgR8VyDJU-ilfMNfACjVWnYaS5kRrbA","T012-bh6SRdPpAqACjVWnYaS5kRrbA","T0225KkcRU9NpwWBJxuhwvQJdwCjVWnYaS5kRrbA","T0225KkcRUoRoFGDJRL8k_decwCjVWnYaS5kRrbA"]
Mar 31 10:26:02 此京东账号1burst3166暂未选购商品
Mar 31 10:26:02 现在也能为您做任务和收集免费电力
Mar 31 10:26:03 {"code":0,"data":{"bizCode":-9,"bizMsg":"助力失败丨助力已满员！谢谢你哦~","success":false},"msg":"调用成功"}
Mar 31 10:26:04 {"code":0,"data":{"bizCode":-9,"bizMsg":"助力失败丨助力已满员！谢谢你哦~","success":false},"msg":"调用成功"}
Mar 31 10:26:05 {"code":0,"data":{"bizCode":-9,"bizMsg":"助力失败丨助力已满员！谢谢你哦~","success":false},"msg":"调用成功"}
Mar 31 10:26:07 {"code":0,"data":{"bizCode":-9,"bizMsg":"助力失败丨助力已满员！谢谢你哦~","success":false},"msg":"调用成功"}
Mar 31 10:26:08 {"code":0,"data":{"bizCode":-9,"bizMsg":"助力失败丨助力已满员！谢谢你哦~","success":false},"msg":"调用成功"}
Mar 31 10:26:09 {"code":0,"data":{"bizCode":-7,"bizMsg":"助力失败丨啊哦您今日的爱心值已爆棚，明天继续吧","success":false},"msg":"调用成功"}
Mar 31 10:26:09 助力机会已耗尽，跳出
Mar 31 10:26:09 成功收集358电量，当前蓄电池总电量：2264613
Mar 31 10:26:09 
Mar 31 10:26:09 
Mar 31 10:26:09 【京东账号1（burst3166）的东东工厂好友互助码】T0127LgxA1oa9FLRCjVWnYaS5kRrbA
Mar 31 10:26:09 
Mar 31 10:26:09 每日开工打卡已完成
Mar 31 10:26:09 好友助力已完成
Mar 31 10:26:09 去京东首页点击“数码电器”已完成
Mar 31 10:26:09 抢10元超市大红包已做完
Mar 31 10:26:09 看看商品已做完
Mar 31 10:26:09 关注店铺已做完
Mar 31 10:26:09 此任务：开通蝈小郎品牌会员，跳过
Mar 31 10:26:09 准备做此任务：每日10-13点巡厂
Mar 31 10:26:10 领取做完任务的奖励：{"score":"2500","userScore":"2267113"}
Mar 31 10:26:10 
Mar 31 10:26:10 此账号1burst3166暂未选择商品
Mar 31 10:26:10 
Mar 31 10:26:10 BoxJs或环境变量暂未提供心仪商品
Mar 31 10:26:10 如需兑换心仪商品，请提供心仪商品名称
Mar 31 10:26:10 
Mar 31 10:26:10 商品名称       可选状态    剩余量
Mar 31 10:26:10 0101         可 选      72
Mar 31 10:26:10 士洗脸仪         可 选      46
Mar 31 10:26:10 囊咖啡机         可 选      15
Mar 31 10:26:10 5602         可 选      15
Mar 31 10:26:10 am5s         可 选      1
Mar 31 10:26:10 1 5G         已抢光      0
Mar 31 10:26:10 务笔记本         已抢光      0
Mar 31 10:26:10 壳暗夜绿         已抢光      0
Mar 31 10:26:10 智能手机         已抢光      0
Mar 31 10:26:10 8手机壳         已抢光      0
Mar 31 10:26:10 枪迷你版         已抢光      0
Mar 31 10:26:10 K 15         已抢光      0
Mar 31 10:26:10 
Mar 31 10:26:10 目前电量2264613,不满足兑换 美的精华导入仪 MB-EC0101所需的 5280000电量
Mar 31 10:26:10 
Mar 31 10:26:10 京东账号1 burst3166
Mar 31 10:26:10 已选商品：暂无
Mar 31 10:26:10 心仪商品：暂无
Mar 31 10:26:10 当前剩余最多商品：美的精华导入仪 MB-EC0101
Mar 31 10:26:10 兑换所需电量：5280000
Mar 31 10:26:10 您当前总电量：2264613
Mar 31 10:26:10 
Mar 31 10:26:10 
Mar 31 10:26:10 🔔东东工厂, 结束! 🕛 9.83 秒
Mar 31 10:26:10 
Mar 31 11:26:10 
Mar 31 11:26:10 🔔东东工厂, 开始!
Mar 31 11:26:10 
Mar 31 11:26:10 ====================共1个京东账号Cookie=========
Mar 31 11:26:10 
Mar 31 11:26:10 ==================脚本执行- 北京时间(UTC+8)：3/31/2021, 11:26:10 AM=====================
Mar 31 11:26:10 
Mar 31 11:26:10 开始获取东东工厂配置文件
Mar 31 11:26:10 
Mar 31 11:26:10 共1个京东账号
Mar 31 11:26:10 
Mar 31 11:26:10 您提供了1个账号的东东工厂助力码
Mar 31 11:26:10 
Mar 31 11:26:11 
Mar 31 11:26:11 ******开始【京东账号1】burst3166*********
Mar 31 11:26:11 
Mar 31 11:26:11 开始
Mar 31 11:26:14 随机取20个码放到您固定的互助码后面(不影响已有固定互助)
Mar 31 11:26:14 第1个京东账号将要助力的好友["T0205KkcA11KiSO-aWSyyZV-CjVWnYaS5kRrbA","T0225KkcRh4Y9VeBdBunnKRefQCjVWnYaS5kRrbA","T0225KkcRRoRoVXSKBqml6IKIACjVWnYaS5kRrbA","T014_aMsBwNdoAWVYwCjVWnYaS5kRrbA","T0085qI2GE9GCjVWnYaS5kRrbA","T0195KQtF0pGqwPRIhzxlvYCjVWnYaS5kRrbA","T0087aUiGVxGCjVWnYaS5kRrbA","T0167agsQh4Z_VXVIxvxCjVWnYaS5kRrbA","T0127LgxA1oa9FLRCjVWnYaS5kRrbA","P04z54XCjVWnYaS5nJcYDenqzwUzd-zvwgp","T0225KkcRk8Z_VLUJhqmnaMCIgCjVWnYaS5kRrbA","T0205KkcPlhYhy2jQ3uH3LdzCjVWnYaS5kRrbA","T0225KkcRhhMplTWJBz3kPECcwCjVWnYaS5kRrbA","T014vPR0RB0Y8lLSKACjVWnYaS5kRrbA","T0205KkcIlRqtSuQeEaG1bVyCjVWnYaS5kRrbA","T0225KkcRhhK_VGGKBj3lqMNcgCjVWnYaS5kRrbA","T0225KkcR08f8wDQI0zwwPINIACjVWnYaS5kRrbA","T0205KkcBGlRvRGvSV-Tz7RMCjVWnYaS5kRrbA","P04z54XCjVWnYaS5m9cZ2Wq3XhJxFC7jzJx1Vw","T014_aUqAkFEpBSLdQCjVWnYaS5kRrbA","T024Z2j8lamTIOFM9bdTTEKDrBLdCjVWnYaS5kRrbA","T0205KkcOFtTkQ20SGSi1atvCjVWnYaS5kRrbA","T0205KkcKn9NnRCSaGmu76NTCjVWnYaS5kRrbA","T019a2nylqCOoQEPmqghAUgCjVWnYaS5kRrbA","T0166qIxFUtHmgiOclilCjVWnYaS5kRrbA","T0205KkcJHdlqxWFX2CU3JBOCjVWnYaS5kRrbA","T0205KkcCUpjjyGJW3uP7Z9yCjVWnYaS5kRrbA","T0205KkcBmpErB2Ge32l7pJeCjVWnYaS5kRrbA","T014_aUpH0ZHqx2eZQCjVWnYaS5kRrbA"]
Mar 31 11:26:14 此京东账号1burst3166暂未选购商品
Mar 31 11:26:14 现在也能为您做任务和收集免费电力
Mar 31 11:26:15 {"code":0,"data":{"bizCode":-9,"bizMsg":"助力失败丨助力已满员！谢谢你哦~","success":false},"msg":"调用成功"}
Mar 31 11:26:16 {"code":0,"data":{"bizCode":-9,"bizMsg":"助力失败丨助力已满员！谢谢你哦~","success":false},"msg":"调用成功"}
Mar 31 11:26:17 {"code":0,"data":{"bizCode":-9,"bizMsg":"助力失败丨助力已满员！谢谢你哦~","success":false},"msg":"调用成功"}
Mar 31 11:26:18 {"code":0,"data":{"bizCode":-9,"bizMsg":"助力失败丨助力已满员！谢谢你哦~","success":false},"msg":"调用成功"}
Mar 31 11:26:19 {"code":0,"data":{"bizCode":-9,"bizMsg":"助力失败丨助力已满员！谢谢你哦~","success":false},"msg":"调用成功"}
Mar 31 11:26:20 {"code":0,"data":{"bizCode":-7,"bizMsg":"助力失败丨啊哦您今日的爱心值已爆棚，明天继续吧","success":false},"msg":"调用成功"}
Mar 31 11:26:20 助力机会已耗尽，跳出
Mar 31 11:26:20 成功收集361电量，当前蓄电池总电量：2267474
Mar 31 11:26:20 
Mar 31 11:26:20 
Mar 31 11:26:20 【京东账号1（burst3166）的东东工厂好友互助码】T0127LgxA1oa9FLRCjVWnYaS5kRrbA
Mar 31 11:26:20 
Mar 31 11:26:20 每日开工打卡已完成
Mar 31 11:26:20 好友助力已完成
Mar 31 11:26:20 去京东首页点击“数码电器”已完成
Mar 31 11:26:20 抢10元超市大红包已做完
Mar 31 11:26:20 看看商品已做完
Mar 31 11:26:20 关注店铺已做完
Mar 31 11:26:20 此任务：开通蝈小郎品牌会员，跳过
Mar 31 11:26:20 每日10-13点巡厂已完成
Mar 31 11:26:20 
Mar 31 11:26:20 此账号1burst3166暂未选择商品
Mar 31 11:26:20 
Mar 31 11:26:20 BoxJs或环境变量暂未提供心仪商品
Mar 31 11:26:20 如需兑换心仪商品，请提供心仪商品名称
Mar 31 11:26:20 
Mar 31 11:26:21 商品名称       可选状态    剩余量
Mar 31 11:26:21 0101         可 选      72
Mar 31 11:26:21 士洗脸仪         可 选      46
Mar 31 11:26:21 囊咖啡机         可 选      15
Mar 31 11:26:21 5602         可 选      15
Mar 31 11:26:21 am5s         可 选      1
Mar 31 11:26:21 1 5G         已抢光      0
Mar 31 11:26:21 务笔记本         已抢光      0
Mar 31 11:26:21 壳暗夜绿         已抢光      0
Mar 31 11:26:21 智能手机         已抢光      0
Mar 31 11:26:21 8手机壳         已抢光      0
Mar 31 11:26:21 枪迷你版         已抢光      0
Mar 31 11:26:21 K 15         已抢光      0
Mar 31 11:26:21 
Mar 31 11:26:21 目前电量2267474,不满足兑换 美的精华导入仪 MB-EC0101所需的 5280000电量
Mar 31 11:26:21 
Mar 31 11:26:21 京东账号1 burst3166
Mar 31 11:26:21 已选商品：暂无
Mar 31 11:26:21 心仪商品：暂无
Mar 31 11:26:21 当前剩余最多商品：美的精华导入仪 MB-EC0101
Mar 31 11:26:21 兑换所需电量：5280000
Mar 31 11:26:21 您当前总电量：2267474
Mar 31 11:26:21 
Mar 31 11:26:21 
Mar 31 11:26:21 🔔东东工厂, 结束! 🕛 10.58 秒
Mar 31 11:26:21 
Mar 31 12:26:03 
Mar 31 12:26:03 🔔东东工厂, 开始!
Mar 31 12:26:03 
Mar 31 12:26:03 ====================共1个京东账号Cookie=========
Mar 31 12:26:03 
Mar 31 12:26:03 ==================脚本执行- 北京时间(UTC+8)：3/31/2021, 12:26:03 PM=====================
Mar 31 12:26:03 
Mar 31 12:26:03 开始获取东东工厂配置文件
Mar 31 12:26:03 
Mar 31 12:26:03 共1个京东账号
Mar 31 12:26:03 
Mar 31 12:26:03 您提供了1个账号的东东工厂助力码
Mar 31 12:26:03 
Mar 31 12:26:04 
Mar 31 12:26:04 ******开始【京东账号1】burst3166*********
Mar 31 12:26:04 
Mar 31 12:26:04 开始
Mar 31 12:26:06 随机取20个码放到您固定的互助码后面(不影响已有固定互助)
Mar 31 12:26:06 第1个京东账号将要助力的好友["T0205KkcA11KiSO-aWSyyZV-CjVWnYaS5kRrbA","T0225KkcRh4Y9VeBdBunnKRefQCjVWnYaS5kRrbA","T0225KkcRRoRoVXSKBqml6IKIACjVWnYaS5kRrbA","T014_aMsBwNdoAWVYwCjVWnYaS5kRrbA","T0085qI2GE9GCjVWnYaS5kRrbA","T0195KQtF0pGqwPRIhzxlvYCjVWnYaS5kRrbA","T0087aUiGVxGCjVWnYaS5kRrbA","T0167agsQh4Z_VXVIxvxCjVWnYaS5kRrbA","T0127LgxA1oa9FLRCjVWnYaS5kRrbA","T0225KkcRx1N91TVIhv8kfMPdQCjVWnYaS5kRrbA","T024v_hxSRoY81HXPR32k_EIdoQJCjVWnYaS5kRrbA","T010_7gmFUBBqgCjVWnYaS5kRrbA","T0225KkcRRoR9QeFc0iml_EIcgCjVWnYaS5kRrbA","T0225KkcRBsR9F2GchrzlaYKJwCjVWnYaS5kRrbA","T0225KkcRhtP9lLfJxyilfRYfQCjVWnYaS5kRrbA","T0205KkcHENQggiIaGiQ6oVjCjVWnYaS5kRrbA","T0225KkcRB5P_FfVdUmlxfMKfQCjVWnYaS5kRrbA","T0205KkcMUBGnz6rfWar_aVLCjVWnYaS5kRrbA","T0205KkcNEtRojytalCqya1OCjVWnYaS5kRrbA","T0189iTZ_8eKS41ngMxYLACjVWnYaS5kRrbA","T0225KkcRhkZ8VSBIxL2l6QNdQCjVWnYaS5kRrbA","T0205KkcGFZzoAWhdkWv0alpCjVWnYaS5kRrbA","T0205KkcN2FrvTCkVUmq6K10CjVWnYaS5kRrbA","T0169K8pQxke8lbWJB39CjVWnYaS5kRrbA","T020uvt1Qhgd8VbKJxn9lv8NCjVWnYaS5kRrbA","T0225KkcREocp1TWJB-inKFbIACjVWnYaS5kRrbA","T019-ak3IlxuqSaRdXqv15ACjVWnYaS5kRrbA","T0205KkcFnlTqwmBfUmvzIl-CjVWnYaS5kRrbA","T018v_V1Qhga_V3SIhqb1ACjVWnYaS5kRrbA"]
Mar 31 12:26:06 此京东账号1burst3166暂未选购商品
Mar 31 12:26:06 现在也能为您做任务和收集免费电力
Mar 31 12:26:07 {"code":0,"data":{"bizCode":-9,"bizMsg":"助力失败丨助力已满员！谢谢你哦~","success":false},"msg":"调用成功"}
Mar 31 12:26:08 {"code":0,"data":{"bizCode":-9,"bizMsg":"助力失败丨助力已满员！谢谢你哦~","success":false},"msg":"调用成功"}
Mar 31 12:26:09 {"code":0,"data":{"bizCode":-9,"bizMsg":"助力失败丨助力已满员！谢谢你哦~","success":false},"msg":"调用成功"}
Mar 31 12:26:10 {"code":0,"data":{"bizCode":-9,"bizMsg":"助力失败丨助力已满员！谢谢你哦~","success":false},"msg":"调用成功"}
Mar 31 12:26:11 {"code":0,"data":{"bizCode":-9,"bizMsg":"助力失败丨助力已满员！谢谢你哦~","success":false},"msg":"调用成功"}
Mar 31 12:26:12 {"code":0,"data":{"bizCode":-7,"bizMsg":"助力失败丨啊哦您今日的爱心值已爆棚，明天继续吧","success":false},"msg":"调用成功"}
Mar 31 12:26:12 助力机会已耗尽，跳出
Mar 31 12:26:12 成功收集359电量，当前蓄电池总电量：2267833
Mar 31 12:26:12 
Mar 31 12:26:12 
Mar 31 12:26:12 【京东账号1（burst3166）的东东工厂好友互助码】T0127LgxA1oa9FLRCjVWnYaS5kRrbA
Mar 31 12:26:12 
Mar 31 12:26:12 每日开工打卡已完成
Mar 31 12:26:12 好友助力已完成
Mar 31 12:26:12 去京东首页点击“数码电器”已完成
Mar 31 12:26:12 抢10元超市大红包已做完
Mar 31 12:26:12 看看商品已做完
Mar 31 12:26:12 关注店铺已做完
Mar 31 12:26:12 此任务：开通蝈小郎品牌会员，跳过
Mar 31 12:26:12 每日10-13点巡厂已完成
Mar 31 12:26:12 
Mar 31 12:26:12 此账号1burst3166暂未选择商品
Mar 31 12:26:12 
Mar 31 12:26:12 BoxJs或环境变量暂未提供心仪商品
Mar 31 12:26:12 如需兑换心仪商品，请提供心仪商品名称
Mar 31 12:26:12 
Mar 31 12:26:12 商品名称       可选状态    剩余量
Mar 31 12:26:12 0101         可 选      72
Mar 31 12:26:12 士洗脸仪         可 选      46
Mar 31 12:26:12 囊咖啡机         可 选      15
Mar 31 12:26:12 5602         可 选      15
Mar 31 12:26:12 am5s         可 选      1
Mar 31 12:26:12 1 5G         已抢光      0
Mar 31 12:26:12 务笔记本         已抢光      0
Mar 31 12:26:12 壳暗夜绿         已抢光      0
Mar 31 12:26:12 智能手机         已抢光      0
Mar 31 12:26:12 8手机壳         已抢光      0
Mar 31 12:26:12 枪迷你版         已抢光      0
Mar 31 12:26:12 K 15         已抢光      0
Mar 31 12:26:12 
Mar 31 12:26:12 目前电量2267833,不满足兑换 美的精华导入仪 MB-EC0101所需的 5280000电量
Mar 31 12:26:12 
Mar 31 12:26:12 京东账号1 burst3166
Mar 31 12:26:12 已选商品：暂无
Mar 31 12:26:12 心仪商品：暂无
Mar 31 12:26:12 当前剩余最多商品：美的精华导入仪 MB-EC0101
Mar 31 12:26:12 兑换所需电量：5280000
Mar 31 12:26:12 您当前总电量：2267833
Mar 31 12:26:12 
Mar 31 12:26:12 
Mar 31 12:26:12 ==============📣系统通知📣==============
Mar 31 12:26:12 东东工厂
Mar 31 12:26:12 京东账号1 burst3166
Mar 31 12:26:12 已选商品：暂无
Mar 31 12:26:12 心仪商品：暂无
Mar 31 12:26:12 当前剩余最多商品：美的精华导入仪 MB-EC0101
Mar 31 12:26:12 兑换所需电量：5280000
Mar 31 12:26:12 您当前总电量：2267833
Mar 31 12:26:12 
Mar 31 12:26:12 
Mar 31 12:26:12 🔔东东工厂, 结束! 🕛 8.906 秒
Mar 31 12:26:12 
Mar 31 13:26:13 
Mar 31 13:26:13 🔔东东工厂, 开始!
Mar 31 13:26:13 
Mar 31 13:26:13 ====================共1个京东账号Cookie=========
Mar 31 13:26:13 
Mar 31 13:26:13 ==================脚本执行- 北京时间(UTC+8)：3/31/2021, 1:26:13 PM=====================
Mar 31 13:26:13 
Mar 31 13:26:13 开始获取东东工厂配置文件
Mar 31 13:26:13 
Mar 31 13:26:13 共1个京东账号
Mar 31 13:26:13 
Mar 31 13:26:13 您提供了1个账号的东东工厂助力码
Mar 31 13:26:13 
Mar 31 13:26:14 
Mar 31 13:26:14 ******开始【京东账号1】burst3166*********
Mar 31 13:26:14 
Mar 31 13:26:14 开始
Mar 31 13:26:17 随机取20个码放到您固定的互助码后面(不影响已有固定互助)
Mar 31 13:26:17 第1个京东账号将要助力的好友["T0205KkcA11KiSO-aWSyyZV-CjVWnYaS5kRrbA","T0225KkcRh4Y9VeBdBunnKRefQCjVWnYaS5kRrbA","T0225KkcRRoRoVXSKBqml6IKIACjVWnYaS5kRrbA","T014_aMsBwNdoAWVYwCjVWnYaS5kRrbA","T0085qI2GE9GCjVWnYaS5kRrbA","T0195KQtF0pGqwPRIhzxlvYCjVWnYaS5kRrbA","T0087aUiGVxGCjVWnYaS5kRrbA","T0167agsQh4Z_VXVIxvxCjVWnYaS5kRrbA","T0127LgxA1oa9FLRCjVWnYaS5kRrbA","T0145KQmEkFTrQWJdwCjVWnYaS5kRrbA","T0205KkcN0dYjzC1dm-D46l5CjVWnYaS5kRrbA","T01196cwGFwZ9VQCjVWnYaS5kRrbA","T0225KkcRh0Q9AHQc0z8x_deIgCjVWnYaS5kRrbA","T016aHHXlqSpIuxh9aVVCjVWnYaS5kRrbA","T0205KkcNG98gCavek6Q1o5eCjVWnYaS5kRrbA","T0225KkcRUwYpgDVckuik_8JJgCjVWnYaS5kRrbA","T011678xH1wZ9VICjVWnYaS5kRrbA","T0225KkcRhxKoFyGKBmnlvAMIQCjVWnYaS5kRrbA","T018v_5yQhsZ9lDUJxqb1ACjVWnYaS5kRrbA","T0205KkcPm9clSu0V1Kg66BdCjVWnYaS5kRrbA","T0225KkcRU0R9lyDch71wP4JdACjVWnYaS5kRrbA","T0225KkcRhxI9FLWJ0v2wPcNcQCjVWnYaS5kRrbA","T0225KkcRkpN_VPWJxnxwvMOcwCjVWnYaS5kRrbA","T0194rgsCU9HogCIfk2wzaICjVWnYaS5kRrbA","T020a3T3mJOSIv5j96R_QXeuCjVWnYaS5kRrbA","T015t_5yQhwf9FbQT0cCjVWnYaS5kRrbA","T0225KkcRRtPo1DXKRmhxvIPIgCjVWnYaS5kRrbA","T0225KkcR08QoQXXcR2mxfAKJQCjVWnYaS5kRrbA","T0225KkcRR4Ro1TTIhumk6UNIACjVWnYaS5kRrbA"]
Mar 31 13:26:17 此京东账号1burst3166暂未选购商品
Mar 31 13:26:17 现在也能为您做任务和收集免费电力
Mar 31 13:26:18 {"code":0,"data":{"bizCode":-9,"bizMsg":"助力失败丨助力已满员！谢谢你哦~","success":false},"msg":"调用成功"}
Mar 31 13:26:19 {"code":0,"data":{"bizCode":-9,"bizMsg":"助力失败丨助力已满员！谢谢你哦~","success":false},"msg":"调用成功"}
Mar 31 13:26:20 {"code":0,"data":{"bizCode":-9,"bizMsg":"助力失败丨助力已满员！谢谢你哦~","success":false},"msg":"调用成功"}
Mar 31 13:26:21 {"code":0,"data":{"bizCode":-9,"bizMsg":"助力失败丨助力已满员！谢谢你哦~","success":false},"msg":"调用成功"}
Mar 31 13:26:22 {"code":0,"data":{"bizCode":-9,"bizMsg":"助力失败丨助力已满员！谢谢你哦~","success":false},"msg":"调用成功"}
Mar 31 13:26:23 {"code":0,"data":{"bizCode":-7,"bizMsg":"助力失败丨啊哦您今日的爱心值已爆棚，明天继续吧","success":false},"msg":"调用成功"}
Mar 31 13:26:23 助力机会已耗尽，跳出
Mar 31 13:26:23 成功收集361电量，当前蓄电池总电量：2268194
Mar 31 13:26:23 
Mar 31 13:26:24 
Mar 31 13:26:24 【京东账号1（burst3166）的东东工厂好友互助码】T0127LgxA1oa9FLRCjVWnYaS5kRrbA
Mar 31 13:26:24 
Mar 31 13:26:24 每日开工打卡已完成
Mar 31 13:26:24 好友助力已完成
Mar 31 13:26:24 去京东首页点击“数码电器”已完成
Mar 31 13:26:24 抢10元超市大红包已做完
Mar 31 13:26:24 看看商品已做完
Mar 31 13:26:24 关注店铺已做完
Mar 31 13:26:24 此任务：开通蝈小郎品牌会员，跳过
Mar 31 13:26:24 每日10-13点巡厂已完成
Mar 31 13:26:24 
Mar 31 13:26:24 此账号1burst3166暂未选择商品
Mar 31 13:26:24 
Mar 31 13:26:24 BoxJs或环境变量暂未提供心仪商品
Mar 31 13:26:24 如需兑换心仪商品，请提供心仪商品名称
Mar 31 13:26:24 
Mar 31 13:26:24 商品名称       可选状态    剩余量
Mar 31 13:26:24 0101         可 选      72
Mar 31 13:26:24 士洗脸仪         可 选      46
Mar 31 13:26:24 囊咖啡机         可 选      15
Mar 31 13:26:24 5602         可 选      15
Mar 31 13:26:24 am5s         可 选      1
Mar 31 13:26:24 1 5G         已抢光      0
Mar 31 13:26:24 务笔记本         已抢光      0
Mar 31 13:26:24 壳暗夜绿         已抢光      0
Mar 31 13:26:24 智能手机         已抢光      0
Mar 31 13:26:24 8手机壳         已抢光      0
Mar 31 13:26:24 枪迷你版         已抢光      0
Mar 31 13:26:24 K 15         已抢光      0
Mar 31 13:26:24 
Mar 31 13:26:24 目前电量2268194,不满足兑换 美的精华导入仪 MB-EC0101所需的 5280000电量
Mar 31 13:26:24 
Mar 31 13:26:24 京东账号1 burst3166
Mar 31 13:26:24 已选商品：暂无
Mar 31 13:26:24 心仪商品：暂无
Mar 31 13:26:24 当前剩余最多商品：美的精华导入仪 MB-EC0101
Mar 31 13:26:24 兑换所需电量：5280000
Mar 31 13:26:24 您当前总电量：2268194
Mar 31 13:26:24 
Mar 31 13:26:24 
Mar 31 13:26:24 🔔东东工厂, 结束! 🕛 10.584 秒
Mar 31 13:26:24 
