Mar 31 00:06:22 
Mar 31 00:06:22 🔔京东赚赚, 开始!
Mar 31 00:06:22 
Mar 31 00:06:22 ====================共1个京东账号Cookie=========
Mar 31 00:06:22 
Mar 31 00:06:22 ==================脚本执行- 北京时间(UTC+8)：3/31/2021, 12:06:22 AM=====================
Mar 31 00:06:22 
Mar 31 00:06:22 开始获取京东赚赚配置文件
Mar 31 00:06:22 
Mar 31 00:06:22 共1个京东账号
Mar 31 00:06:22 
Mar 31 00:06:22 您提供了1个账号的京东赚赚助力码
Mar 31 00:06:22 
Mar 31 00:06:24 作者助力码获取成功
Mar 31 00:06:24 作者助力码获取成功
Mar 31 00:06:24 
Mar 31 00:06:24 ******开始【京东账号1】burst3166*********
Mar 31 00:06:24 
Mar 31 00:06:24 开始
Mar 31 00:06:33 随机取20个码放到您固定的互助码后面(不影响已有固定互助)
Mar 31 00:06:33 第1个京东账号将要助力的好友["S5KkcA11KiSO-aWSyyZV-","S5KkcRh4Y9VeBdBunnKRefQ","S5KkcRRoRoVXSKBqml6IKIA","S_aMsBwNdoAWVYw","S5qI2GE9G","S5KQtF0pGqwPRIhzxlvY","S7aUiGVxG","S7agsQh4Z_VXVIxvx","S7LgxA1oa9FLR","Sv_R3QB4Z90nWJBryl_ICcw","S56I1FURAoAaGT0c","AUWE5wM7UjVBRTQeGqgsb","S9LpyQh0c91XVIw","S67siCkZGsAqK","SakNJ21HkAWPSGCx7ZBO","SuPV2QR4R_FfKKRjwkfEJ","AUWE5mP6ZzzMADjSq2y8bnQ","S5KkcREtK8QLXdRL8kvYKcA","S5KkcRk1MoALQKB31xfFYIg","S5KkcRhYY_FTUKB_znPcPcQ","SZn3flJeiI8pg","S5KkcRxccplfQKUn2kaULcQ","S-ak3J2BdlymiUVqPwZ4","S5KkcRxtLp1XRIE6hkqJfcA","S5KkcRh0R_VCCJUzwkPZecw","S-6Q0RVw","S5KkcREgfpF3UIx3xkvIDIA","S5KkcRx4Q91zeJx31wqRefA","S5KkcRBwY91bSdBqmxf8IfA"]
Mar 31 00:06:33 
Mar 31 00:06:33 【京东账号1（burst3166）的京东赚赚好友互助码】S7LgxA1oa9FLR
Mar 31 00:06:33 
Mar 31 00:06:33 助力成功，谢谢你
Mar 31 00:06:33 助力成功，谢谢你
Mar 31 00:06:33 啊哦，今日助力次数已用完。
Mar 31 00:06:33 啊哦，今日助力次数已用完。
Mar 31 00:06:33 啊哦，今日助力次数已用完。
Mar 31 00:06:33 啊哦，今日助力次数已用完。
Mar 31 00:06:33 啊哦，今日助力次数已用完。
Mar 31 00:06:34 啊哦，今日助力次数已用完。
Mar 31 00:06:34 不能给自己助力哦，快找好友助你一臂之力吧！
Mar 31 00:06:34 啊哦，今日助力次数已用完。
Mar 31 00:06:34 啊哦，今日助力次数已用完。
Mar 31 00:06:34 啊哦，今日助力次数已用完。
Mar 31 00:06:34 啊哦，今日助力次数已用完。
Mar 31 00:06:34 啊哦，今日助力次数已用完。
Mar 31 00:06:34 啊哦，今日助力次数已用完。
Mar 31 00:06:34 啊哦，今日助力次数已用完。
Mar 31 00:06:34 啊哦，今日助力次数已用完。
Mar 31 00:06:34 啊哦，今日助力次数已用完。
Mar 31 00:06:34 啊哦，今日助力次数已用完。
Mar 31 00:06:34 啊哦，今日助力次数已用完。
Mar 31 00:06:34 啊哦，今日助力次数已用完。
Mar 31 00:06:34 啊哦，今日助力次数已用完。
Mar 31 00:06:34 啊哦，今日助力次数已用完。
Mar 31 00:06:34 啊哦，今日助力次数已用完。
Mar 31 00:06:35 啊哦，今日助力次数已用完。
Mar 31 00:06:35 啊哦，今日助力次数已用完。
Mar 31 00:06:35 啊哦，今日助力次数已用完。
Mar 31 00:06:35 啊哦，今日助力次数已用完。
Mar 31 00:06:35 啊哦，今日助力次数已用完。
Mar 31 00:06:35 去做任务：浏览首页爆款商品
Mar 31 00:06:35 任务完成，获得 200 金币，0 京豆
Mar 31 00:06:38 去做任务：去京东APP逛爆品
Mar 31 00:06:38 任务完成，获得 500 金币，2 京豆
Mar 31 00:06:41 去做任务：签到领员工内购券
Mar 31 00:06:41 任务完成，获得 200 金币，0 京豆
Mar 31 00:06:44 去做任务：签到有礼
Mar 31 00:06:44 任务完成，获得 800;500;800;500;800;500;800 金币，1 京豆
Mar 31 00:06:44 
Mar 31 00:06:44 ==============📣系统通知📣==============
Mar 31 00:06:44 京东赚赚
Mar 31 00:06:44 京东账号1 burst3166
Mar 31 00:06:44 本次获得3京豆，1500金币
Mar 31 00:06:44 累计获得168京豆，105050金币
Mar 31 00:06:44 可兑换10.505元无门槛红包
Mar 31 00:06:44 兑换入口:京东赚赚微信小程序->赚好礼->金币提现
Mar 31 00:06:44 团已满
Mar 31 00:06:44 团已满
Mar 31 00:06:45 团已满
Mar 31 00:06:45 团已满
Mar 31 00:06:45 团已满
Mar 31 00:06:45 团已满
Mar 31 00:06:45 团已满
Mar 31 00:06:45 团已满
Mar 31 00:06:45 团已满
Mar 31 00:06:45 团已满
Mar 31 00:06:45 团已满
Mar 31 00:06:45 团已满
Mar 31 00:06:45 团已满
Mar 31 00:06:45 团已满
Mar 31 00:06:45 团已满
Mar 31 00:06:45 团已满
Mar 31 00:06:45 团已满
Mar 31 00:06:46 团已满
Mar 31 00:06:46 团已满
Mar 31 00:06:46 团已满
Mar 31 00:06:46 团已满
Mar 31 00:06:46 团已满
Mar 31 00:06:46 团已满
Mar 31 00:06:46 团已满
Mar 31 00:06:46 团已满
Mar 31 00:06:46 团已满
Mar 31 00:06:46 团已满
Mar 31 00:06:46 团已满
Mar 31 00:06:46 团已满
Mar 31 00:06:46 团已满
Mar 31 00:06:46 团已满
Mar 31 00:06:46 团已满
Mar 31 00:06:46 团已满
Mar 31 00:06:46 
Mar 31 00:06:46 🔔京东赚赚, 结束! 🕛 24.895 秒
Mar 31 00:06:46 
Mar 31 11:06:30 
Mar 31 11:06:30 🔔京东赚赚, 开始!
Mar 31 11:06:30 
Mar 31 11:06:30 ====================共1个京东账号Cookie=========
Mar 31 11:06:30 
Mar 31 11:06:30 ==================脚本执行- 北京时间(UTC+8)：3/31/2021, 11:06:30 AM=====================
Mar 31 11:06:30 
Mar 31 11:06:30 开始获取京东赚赚配置文件
Mar 31 11:06:30 
Mar 31 11:06:30 共1个京东账号
Mar 31 11:06:30 
Mar 31 11:06:30 您提供了1个账号的京东赚赚助力码
Mar 31 11:06:30 
Mar 31 11:06:31 作者助力码获取成功
Mar 31 11:06:31 作者助力码获取成功
Mar 31 11:06:31 
Mar 31 11:06:31 ******开始【京东账号1】burst3166*********
Mar 31 11:06:31 
Mar 31 11:06:31 开始
Mar 31 11:06:41 第1个京东账号将要助力的好友["S5KkcA11KiSO-aWSyyZV-","S5KkcRh4Y9VeBdBunnKRefQ","S5KkcRRoRoVXSKBqml6IKIA","S_aMsBwNdoAWVYw","S5qI2GE9G","S5KQtF0pGqwPRIhzxlvY","S7aUiGVxG","S7agsQh4Z_VXVIxvx","S7LgxA1oa9FLR"]
Mar 31 11:06:41 
Mar 31 11:06:41 【京东账号1（burst3166）的京东赚赚好友互助码】S7LgxA1oa9FLR
Mar 31 11:06:41 
Mar 31 11:06:42 好友任务已完成，下次再给他助力吧~
Mar 31 11:06:42 哎呀，你已经帮助过TA啦
Mar 31 11:06:42 好友任务已完成，下次再给他助力吧~
Mar 31 11:06:42 啊哦，今日助力次数已用完。
Mar 31 11:06:42 啊哦，今日助力次数已用完。
Mar 31 11:06:42 啊哦，今日助力次数已用完。
Mar 31 11:06:42 啊哦，今日助力次数已用完。
Mar 31 11:06:42 啊哦，今日助力次数已用完。
Mar 31 11:06:42 好友任务已完成，下次再给他助力吧~
Mar 31 11:06:42 本次获得0京豆，0金币
Mar 31 11:06:42 累计获得168京豆，105050金币
Mar 31 11:06:42 可兑换10.505元无门槛红包
Mar 31 11:06:42 兑换入口:京东赚赚微信小程序->赚好礼->金币提现
Mar 31 11:06:42 团已满
Mar 31 11:06:43 团已满
Mar 31 11:06:43 团已满
Mar 31 11:06:43 团已满
Mar 31 11:06:43 团已满
Mar 31 11:06:43 团已满
Mar 31 11:06:43 团已满
Mar 31 11:06:43 团已满
Mar 31 11:06:43 团已满
Mar 31 11:06:43 团已满
Mar 31 11:06:43 团已满
Mar 31 11:06:43 团已满
Mar 31 11:06:43 
Mar 31 11:06:43 🔔京东赚赚, 结束! 🕛 13.522 秒
Mar 31 11:06:43 
Mar 31 11:06:55 "Client network socket disconnected before secure TLS connection was established"
Mar 31 11:06:55 京东赚赚 API请求失败，请检查网路重试
Apr 01 00:06:04 
Apr 01 00:06:04 🔔京东赚赚, 开始!
Apr 01 00:06:04 
Apr 01 00:06:04 ====================共1个京东账号Cookie=========
Apr 01 00:06:04 
Apr 01 00:06:04 ==================脚本执行- 北京时间(UTC+8)：4/1/2021, 12:06:04 AM=====================
Apr 01 00:06:04 
Apr 01 00:06:04 开始获取京东赚赚配置文件
Apr 01 00:06:04 
Apr 01 00:06:04 共1个京东账号
Apr 01 00:06:04 
Apr 01 00:06:04 您提供了1个账号的京东赚赚助力码
Apr 01 00:06:04 
Apr 01 00:06:10 作者助力码获取成功
Apr 01 00:06:10 
Apr 01 00:06:10 ******开始【京东账号1】burst3166*********
Apr 01 00:06:10 
Apr 01 00:06:10 开始
Apr 01 00:06:20 第1个京东账号将要助力的好友["S5KkcA11KiSO-aWSyyZV-","S5KkcRh4Y9VeBdBunnKRefQ","S5KkcRRoRoVXSKBqml6IKIA","S_aMsBwNdoAWVYw","S5qI2GE9G","S5KQtF0pGqwPRIhzxlvY","S7aUiGVxG","S7agsQh4Z_VXVIxvx","S7LgxA1oa9FLR"]
Apr 01 00:06:21 
Apr 01 00:06:21 【京东账号1（burst3166）的京东赚赚好友互助码】S7LgxA1oa9FLR
Apr 01 00:06:21 
Apr 01 00:06:21 助力成功，谢谢你
Apr 01 00:06:21 助力成功，谢谢你
Apr 01 00:06:21 啊哦，今日助力次数已用完。
Apr 01 00:06:21 啊哦，今日助力次数已用完。
Apr 01 00:06:21 啊哦，今日助力次数已用完。
Apr 01 00:06:21 啊哦，今日助力次数已用完。
Apr 01 00:06:21 啊哦，今日助力次数已用完。
Apr 01 00:06:21 啊哦，今日助力次数已用完。
Apr 01 00:06:21 不能给自己助力哦，快找好友助你一臂之力吧！
Apr 01 00:06:21 去做任务：浏览首页爆款商品
Apr 01 00:06:21 任务完成，获得 200 金币，0 京豆
Apr 01 00:06:24 去做任务：去京东APP逛爆品
Apr 01 00:06:25 任务完成，获得 500 金币，2 京豆
Apr 01 00:06:28 去做任务：签到领员工内购券
Apr 01 00:06:28 任务完成，获得 200 金币，0 京豆
Apr 01 00:06:31 去做任务：签到有礼
Apr 01 00:06:31 任务完成，获得 800;500;800;500;800;500;800 金币，2 京豆
Apr 01 00:06:31 
Apr 01 00:06:31 ==============📣系统通知📣==============
Apr 01 00:06:31 京东赚赚
Apr 01 00:06:31 京东账号1 burst3166
Apr 01 00:06:31 本次获得3京豆，1850金币
Apr 01 00:06:31 累计获得171京豆，106900金币
Apr 01 00:06:31 可兑换10.69元无门槛红包
Apr 01 00:06:31 兑换入口:京东赚赚微信小程序->赚好礼->金币提现
Apr 01 00:06:31 
Apr 01 00:06:31 
Apr 01 00:06:31 您未提供server酱的SCKEY，取消微信推送消息通知🚫
Apr 01 00:06:31 
Apr 01 00:06:31 您未提供push+推送所需的PUSH_PLUS_TOKEN，取消push+推送消息通知🚫
Apr 01 00:06:31 
Apr 01 00:06:31 您未提供Bark的APP推送BARK_PUSH，取消Bark推送消息通知🚫
Apr 01 00:06:31 
Apr 01 00:06:31 您未提供telegram机器人推送所需的TG_BOT_TOKEN和TG_USER_ID，取消telegram推送消息通知🚫
Apr 01 00:06:31 
Apr 01 00:06:31 您未提供企业微信机器人推送所需的QYWX_KEY，取消企业微信推送消息通知🚫
Apr 01 00:06:31 
Apr 01 00:06:31 您未提供企业微信应用消息推送所需的QYWX_AM，取消企业微信应用消息推送消息通知🚫
Apr 01 00:06:31 
Apr 01 00:06:31 您未提供iGot的推送IGOT_PUSH_KEY，取消iGot推送消息通知🚫
Apr 01 00:06:31 
Apr 01 00:06:31 钉钉发送通知消息成功🎉。
Apr 01 00:06:31 
Apr 01 00:06:31 团已满
Apr 01 00:06:31 未知错误
Apr 01 00:06:31 未知错误
Apr 01 00:06:31 未知错误
Apr 01 00:06:31 未知错误
Apr 01 00:06:31 未知错误
Apr 01 00:06:31 未知错误
Apr 01 00:06:31 团已满
Apr 01 00:06:31 团已满
Apr 01 00:06:31 未知错误
Apr 01 00:06:32 未知错误
Apr 01 00:06:32 未知错误
Apr 01 00:06:32 未知错误
Apr 01 00:06:32 未知错误
Apr 01 00:06:32 未知错误
Apr 01 00:06:32 未知错误
Apr 01 00:06:32 团已满
Apr 01 00:06:32 未知错误
Apr 01 00:06:32 未知错误
Apr 01 00:06:32 未知错误
Apr 01 00:06:32 团已满
Apr 01 00:06:32 未知错误
Apr 01 00:06:32 未知错误
Apr 01 00:06:32 未知错误
Apr 01 00:06:32 未知错误
Apr 01 00:06:32 未知错误
Apr 01 00:06:32 团已满
Apr 01 00:06:33 未知错误
Apr 01 00:06:33 未知错误
Apr 01 00:06:33 团已满
Apr 01 00:06:33 
Apr 01 00:06:33 🔔京东赚赚, 结束! 🕛 28.609 秒
Apr 01 00:06:33 
Apr 01 00:06:44 "Timeout awaiting 'request' for 10000ms"
Apr 01 00:06:44 京东赚赚 API请求失败，请检查网路重试
Apr 01 11:06:01 
Apr 01 11:06:01 🔔京东赚赚, 开始!
Apr 01 11:06:01 
Apr 01 11:06:01 ====================共1个京东账号Cookie=========
Apr 01 11:06:01 
Apr 01 11:06:01 ==================脚本执行- 北京时间(UTC+8)：4/1/2021, 11:06:01 AM=====================
Apr 01 11:06:01 
Apr 01 11:06:01 开始获取京东赚赚配置文件
Apr 01 11:06:01 
Apr 01 11:06:01 共1个京东账号
Apr 01 11:06:01 
Apr 01 11:06:01 您提供了1个账号的京东赚赚助力码
Apr 01 11:06:01 
Apr 01 11:06:02 作者助力码获取成功
Apr 01 11:06:03 作者助力码获取成功
Apr 01 11:06:03 
Apr 01 11:06:03 ******开始【京东账号1】burst3166*********
Apr 01 11:06:03 
Apr 01 11:06:03 开始
Apr 01 11:06:04 随机取20个码放到您固定的互助码后面(不影响已有固定互助)
Apr 01 11:06:04 第1个京东账号将要助力的好友["S5KkcA11KiSO-aWSyyZV-","S5KkcRh4Y9VeBdBunnKRefQ","S5KkcRRoRoVXSKBqml6IKIA","S_aMsBwNdoAWVYw","S5qI2GE9G","S5KQtF0pGqwPRIhzxlvY","S7aUiGVxG","S7agsQh4Z_VXVIxvx","S7LgxA1oa9FLR","S-akkBGJRgC2Iek6n_Zc","S-akzNXZspjKTe3-1wpc","Sa33Mlra9mg","SZ03elaCSIv5j9JJyQl64oR6j","S5KkcJ2dnvyCKZXqj1bFd","S5qw6EVpM9lLe","S5KkcREpNoAKGdB6ik6MJJQ","Stvh7RRge81HTT0c","S5LUuCUYQ_A","S-ak3IlxuqSaRdXqv15A","S-akXOGtHrAqJam224qo","S5KkcN1RAlRa-VmWd84x7","S5KkcFUd_hCquXG-T5p5M","S5KkcAHpojge-U26r_ZJ7","S5KkcREpIo1OCJU7wnf9cfA","S5KkcGX5YiiimWGCh_KNe","S5KkcRhcR91DRJhr0lKRefA","S5KkcRRdN9AffdR3xkvEDdg","S4rclSBwb8lHR","S5KkcRR5K8QaEJBLznaQMJw"]
Apr 01 11:06:04 
Apr 01 11:06:04 【京东账号1（burst3166）的京东赚赚好友互助码】S7LgxA1oa9FLR
Apr 01 11:06:04 
Apr 01 11:06:04 好友任务已完成，下次再给他助力吧~
Apr 01 11:06:04 哎呀，你已经帮助过TA啦
Apr 01 11:06:04 好友任务已完成，下次再给他助力吧~
Apr 01 11:06:04 好友任务已完成，下次再给他助力吧~
Apr 01 11:06:04 啊哦，今日助力次数已用完。
Apr 01 11:06:04 啊哦，今日助力次数已用完。
Apr 01 11:06:04 啊哦，今日助力次数已用完。
Apr 01 11:06:05 啊哦，今日助力次数已用完。
Apr 01 11:06:05 好友任务已完成，下次再给他助力吧~
Apr 01 11:06:05 好友任务已完成，下次再给他助力吧~
Apr 01 11:06:05 好友任务已完成，下次再给他助力吧~
Apr 01 11:06:05 好友任务已完成，下次再给他助力吧~
Apr 01 11:06:05 好友任务已完成，下次再给他助力吧~
Apr 01 11:06:05 好友任务已完成，下次再给他助力吧~
Apr 01 11:06:05 好友任务已完成，下次再给他助力吧~
Apr 01 11:06:05 好友任务已完成，下次再给他助力吧~
Apr 01 11:06:05 啊哦，今日助力次数已用完。
Apr 01 11:06:05 啊哦，今日助力次数已用完。
Apr 01 11:06:05 啊哦，今日助力次数已用完。
Apr 01 11:06:05 啊哦，今日助力次数已用完。
Apr 01 11:06:05 好友任务已完成，下次再给他助力吧~
Apr 01 11:06:05 好友任务已完成，下次再给他助力吧~
Apr 01 11:06:05 啊哦，今日助力次数已用完。
Apr 01 11:06:05 啊哦，今日助力次数已用完。
Apr 01 11:06:06 啊哦，今日助力次数已用完。
Apr 01 11:06:06 啊哦，今日助力次数已用完。
Apr 01 11:06:06 啊哦，今日助力次数已用完。
Apr 01 11:06:06 好友任务已完成，下次再给他助力吧~
Apr 01 11:06:06 好友任务已完成，下次再给他助力吧~
Apr 01 11:06:06 本次获得0京豆，0金币
Apr 01 11:06:06 累计获得171京豆，107000金币
Apr 01 11:06:06 可兑换10.7元无门槛红包
Apr 01 11:06:06 兑换入口:京东赚赚微信小程序->赚好礼->金币提现
Apr 01 11:06:06 
Apr 01 11:06:06 
Apr 01 11:06:06 您未提供server酱的SCKEY，取消微信推送消息通知🚫
Apr 01 11:06:06 
Apr 01 11:06:06 您未提供push+推送所需的PUSH_PLUS_TOKEN，取消push+推送消息通知🚫
Apr 01 11:06:06 
Apr 01 11:06:06 您未提供Bark的APP推送BARK_PUSH，取消Bark推送消息通知🚫
Apr 01 11:06:06 
Apr 01 11:06:06 您未提供telegram机器人推送所需的TG_BOT_TOKEN和TG_USER_ID，取消telegram推送消息通知🚫
Apr 01 11:06:06 
Apr 01 11:06:06 您未提供企业微信机器人推送所需的QYWX_KEY，取消企业微信推送消息通知🚫
Apr 01 11:06:06 
Apr 01 11:06:06 您未提供企业微信应用消息推送所需的QYWX_AM，取消企业微信应用消息推送消息通知🚫
Apr 01 11:06:06 
Apr 01 11:06:06 您未提供iGot的推送IGOT_PUSH_KEY，取消iGot推送消息通知🚫
Apr 01 11:06:06 
Apr 01 11:06:06 钉钉发送通知消息成功🎉。
Apr 01 11:06:06 
Apr 01 11:06:06 团已满
Apr 01 11:06:06 团已满
Apr 01 11:06:06 团已满
Apr 01 11:06:06 未知错误
Apr 01 11:06:06 团已满
Apr 01 11:06:07 团已满
Apr 01 11:06:07 团已满
Apr 01 11:06:07 
Apr 01 11:06:07 🔔京东赚赚, 结束! 🕛 5.423 秒
Apr 01 11:06:07 
