Apr 22 00:45:24 
Apr 22 00:45:24 🔔宠汪汪, 开始!
Apr 22 00:45:24 
Apr 22 00:45:24 ====================共1个京东账号Cookie=========
Apr 22 00:45:24 
Apr 22 00:45:24 ==================脚本执行- 北京时间(UTC+8)：4/22/2021, 12:45:24 AM=====================
Apr 22 00:45:24 
Apr 22 00:45:25 
Apr 22 00:45:25 开始【京东账号1】jd_60103fd1c8cd9
Apr 22 00:45:25 
Apr 22 00:45:25 您设置的喂食数量:10g
Apr 22 00:45:25 
Apr 22 00:45:25 实际的喂食数量:10g
Apr 22 00:45:25 
Apr 22 00:45:25 喂食成功
Apr 22 00:45:25 每日签到未完成,需要自己手动去微信小程序【来客有礼】签到，可获得京豆奖励
Apr 22 00:45:25 -----关注店铺-----
Apr 22 00:45:25 关注店铺澳诺官方旗舰店结果::{"errorCode":"success","errorMessage":null,"currentTime":1619023526025,"data":null,"success":true}
Apr 22 00:45:26 关注店铺99元10件图书馆结果::{"errorCode":"success","errorMessage":null,"currentTime":1619023526114,"data":null,"success":true}
Apr 22 00:45:26 京东app逛会场结果::{"errorCode":"follow_success","errorMessage":null,"currentTime":1619023526147,"success":true}
Apr 22 00:45:26 京东app逛会场结果::{"errorCode":"follow_success","errorMessage":null,"currentTime":1619023526232,"success":true}
Apr 22 00:45:26 关注店铺同庆楼旗舰店结果::{"errorCode":"success","errorMessage":null,"currentTime":1619023526266,"data":null,"success":true}
Apr 22 00:45:26 京东app逛会场结果::{"errorCode":"follow_success","errorMessage":null,"currentTime":1619023526305,"success":true}
Apr 22 00:45:26 关注店铺三星京东自营官方旗舰店结果::{"errorCode":"success","errorMessage":null,"currentTime":1619023526355,"data":null,"success":true}
Apr 22 00:45:26 京东app逛会场结果::{"errorCode":"follow_success","errorMessage":null,"currentTime":1619023526376,"success":true}
Apr 22 00:45:26 京东app逛会场结果::{"errorCode":"follow_success","errorMessage":null,"currentTime":1619023526444,"success":true}
Apr 22 00:45:26 关注店铺京东国际美妆自营跨境免税店结果::{"errorCode":"success","errorMessage":null,"currentTime":1619023526460,"data":null,"success":true}
Apr 22 00:45:26 关注店铺御泥坊京东自营旗舰店结果::{"errorCode":"success","errorMessage":null,"currentTime":1619023526562,"data":null,"success":true}
Apr 22 00:45:26 关注店铺ELIXIR怡丽丝尔京东自营旗舰店结果::{"errorCode":"success","errorMessage":null,"currentTime":1619023526686,"data":null,"success":true}
Apr 22 00:45:26 关注店铺欧珀莱京东自营官方旗舰店结果::{"errorCode":"success","errorMessage":null,"currentTime":1619023526775,"data":null,"success":true}
Apr 22 00:45:26 每日兑换未完成
Apr 22 00:45:26 ----逛会场----
Apr 22 00:45:26 逛会场-个护会场结果::{"errorCode":"follow_success","errorMessage":null,"currentTime":1619023526851,"success":true}
Apr 22 00:45:26 ----浏览频道----
Apr 22 00:45:26 浏览频道-优惠日历结果::{"errorCode":"follow_success","errorMessage":null,"currentTime":1619023526932,"success":true}
Apr 22 00:45:26 浏览频道-京东健康结果::{"errorCode":"follow_success","errorMessage":null,"currentTime":1619023527006,"success":true}
Apr 22 00:45:27 浏览频道-酒饮馆结果::{"errorCode":"follow_success","errorMessage":null,"currentTime":1619023527087,"success":true}
Apr 22 00:45:27 浏览频道-母婴馆结果::{"errorCode":"follow_success","errorMessage":null,"currentTime":1619023527175,"success":true}
Apr 22 00:45:27 浏览频道-京东会员结果::{"errorCode":"follow_success","errorMessage":null,"currentTime":1619023527255,"success":true}
Apr 22 00:45:27 浏览频道-京东电竞结果::{"errorCode":"follow_success","errorMessage":null,"currentTime":1619023527376,"success":true}
Apr 22 00:45:27 浏览频道-品牌闪购结果::{"errorCode":"follow_success","errorMessage":null,"currentTime":1619023527457,"success":true}
Apr 22 00:45:27 浏览频道-种豆得豆结果::{"errorCode":"follow_success","errorMessage":null,"currentTime":1619023527537,"success":true}
Apr 22 00:45:27 浏览频道-美妆馆结果::{"errorCode":"follow_success","errorMessage":null,"currentTime":1619023527605,"success":true}
Apr 22 00:45:27 浏览频道-京东生鲜结果::{"errorCode":"follow_success","errorMessage":null,"currentTime":1619023527688,"success":true}
Apr 22 00:45:27 浏览频道-数码电器结果::{"errorCode":"follow_success","errorMessage":null,"currentTime":1619023527749,"success":true}
Apr 22 00:45:27 每日帮好友喂一次狗粮未完成
Apr 22 00:45:27 ----关注商品----
Apr 22 00:45:27 关注商品-三全 酥皮馅饼 猪肉大葱口味 440g*2 共8个 早餐宵夜 速食 手抓饼 方便菜结果::{"errorCode":"follow_success","errorMessage":null,"currentTime":1619023527825,"data":null,"success":true}
Apr 22 00:45:27 关注商品-【新房装修】东易日盛全包装修全案整装全屋定制/半包装修/局部翻新/软装搭配设计空间改造-全案装修使用结果::{"errorCode":"follow_success","errorMessage":null,"currentTime":1619023527929,"data":null,"success":true}
Apr 22 00:45:27 每日赛跑未完成
Apr 22 00:45:27 
Apr 22 00:45:27 每日喂狗粮任务进行中
Apr 22 00:45:27 
Apr 22 00:45:27 未完成,需要自己手动去邀请好友给你助力,可以获得狗粮
Apr 22 00:45:27 ----浏览频道----
Apr 22 00:45:27 开始第1次看激励视频
Apr 22 00:45:27 看视频激励结果--{"errorCode":"follow_success","errorMessage":null,"currentTime":1619023527999,"success":true}
Apr 22 00:45:27 开始第2次看激励视频
Apr 22 00:45:28 看视频激励结果--{"errorCode":"follow_success","errorMessage":null,"currentTime":1619023528098,"success":true}
Apr 22 00:45:28 开始第3次看激励视频
Apr 22 00:45:28 看视频激励结果--{"errorCode":"follow_success","errorMessage":null,"currentTime":1619023528163,"success":true}
Apr 22 00:45:28 -----每日三餐-----
Apr 22 00:45:28 
Apr 22 00:45:28 限时商品货架已下架
Apr 22 00:45:28 现有狗粮: 8331
Apr 22 00:45:28 
Apr 22 00:45:28 
Apr 22 00:45:28 ===以下是京东账号1 jd_60103fd1c8cd9 2人赛跑信息===
Apr 22 00:45:28 
Apr 22 00:45:28 赛跑状态：unbegin
Apr 22 00:45:28 
Apr 22 00:45:28 比赛还未开始，请九点再来
Apr 22 00:45:28 
Apr 22 00:45:28 现有积分: 2470
Apr 22 00:45:28 现有狗粮: 8331
Apr 22 00:45:28 喂养次数: 51
Apr 22 00:45:28 宠物等级: 13
Apr 22 00:45:28 
Apr 22 00:45:28 
Apr 22 00:45:28 
Apr 22 00:45:28 🔔宠汪汪, 结束! 🕛 3.564 秒
Apr 22 00:45:28 
Apr 22 02:45:27 
Apr 22 02:45:27 🔔宠汪汪, 开始!
Apr 22 02:45:27 
Apr 22 02:45:27 ====================共1个京东账号Cookie=========
Apr 22 02:45:27 
Apr 22 02:45:27 ==================脚本执行- 北京时间(UTC+8)：4/22/2021, 2:45:27 AM=====================
Apr 22 02:45:27 
Apr 22 02:45:27 
Apr 22 02:45:27 开始【京东账号1】jd_60103fd1c8cd9
Apr 22 02:45:27 
Apr 22 02:45:27 您设置的喂食数量:10g
Apr 22 02:45:27 
Apr 22 02:45:27 实际的喂食数量:10g
Apr 22 02:45:27 
Apr 22 02:45:27 喂食失败：您的汪汪正在食用中,请稍后再喂食
Apr 22 02:45:27 每日签到未完成,需要自己手动去微信小程序【来客有礼】签到，可获得京豆奖励
Apr 22 02:45:28 每日兑换未完成
Apr 22 02:45:28 每日帮好友喂一次狗粮未完成
Apr 22 02:45:28 每日赛跑未完成
Apr 22 02:45:28 
Apr 22 02:45:28 每日喂狗粮任务进行中
Apr 22 02:45:28 
Apr 22 02:45:28 未完成,需要自己手动去邀请好友给你助力,可以获得狗粮
Apr 22 02:45:28 -----每日三餐-----
Apr 22 02:45:28 关注店铺 任务已完成
Apr 22 02:45:28 逛会场 任务已完成
Apr 22 02:45:28 浏览频道 任务已完成
Apr 22 02:45:28 关注商品 任务已完成
Apr 22 02:45:28 看激励视频 任务已完成
Apr 22 02:45:28 
Apr 22 02:45:28 限时商品货架已下架
Apr 22 02:45:28 现有狗粮: 8331
Apr 22 02:45:28 
Apr 22 02:45:28 
Apr 22 02:45:28 ===以下是京东账号1 jd_60103fd1c8cd9 2人赛跑信息===
Apr 22 02:45:28 
Apr 22 02:45:28 赛跑状态：unbegin
Apr 22 02:45:28 
Apr 22 02:45:28 比赛还未开始，请九点再来
Apr 22 02:45:28 
Apr 22 02:45:28 现有积分: 2470
Apr 22 02:45:28 现有狗粮: 8331
Apr 22 02:45:28 喂养次数: 51
Apr 22 02:45:28 宠物等级: 13
Apr 22 02:45:28 
Apr 22 02:45:28 
Apr 22 02:45:28 
Apr 22 02:45:28 🔔宠汪汪, 结束! 🕛 1.253 秒
Apr 22 02:45:28 
Apr 22 04:45:15 
Apr 22 04:45:15 🔔宠汪汪, 开始!
Apr 22 04:45:15 
Apr 22 04:45:15 ====================共1个京东账号Cookie=========
Apr 22 04:45:15 
Apr 22 04:45:15 ==================脚本执行- 北京时间(UTC+8)：4/22/2021, 4:45:15 AM=====================
Apr 22 04:45:15 
Apr 22 04:45:16 
Apr 22 04:45:16 开始【京东账号1】jd_60103fd1c8cd9
Apr 22 04:45:16 
Apr 22 04:45:16 您设置的喂食数量:10g
Apr 22 04:45:16 
Apr 22 04:45:16 实际的喂食数量:10g
Apr 22 04:45:16 
Apr 22 04:45:16 喂食失败：您的汪汪正在食用中,请稍后再喂食
Apr 22 04:45:16 每日签到未完成,需要自己手动去微信小程序【来客有礼】签到，可获得京豆奖励
Apr 22 04:45:16 每日兑换未完成
Apr 22 04:45:16 每日帮好友喂一次狗粮未完成
Apr 22 04:45:16 每日赛跑未完成
Apr 22 04:45:16 
Apr 22 04:45:16 每日喂狗粮任务进行中
Apr 22 04:45:16 
Apr 22 04:45:16 未完成,需要自己手动去邀请好友给你助力,可以获得狗粮
Apr 22 04:45:16 -----每日三餐-----
Apr 22 04:45:16 关注店铺 任务已完成
Apr 22 04:45:16 逛会场 任务已完成
Apr 22 04:45:16 浏览频道 任务已完成
Apr 22 04:45:16 关注商品 任务已完成
Apr 22 04:45:16 看激励视频 任务已完成
Apr 22 04:45:16 
Apr 22 04:45:16 限时商品货架已下架
Apr 22 04:45:16 现有狗粮: 8321
Apr 22 04:45:16 
Apr 22 04:45:16 
Apr 22 04:45:16 ===以下是京东账号1 jd_60103fd1c8cd9 2人赛跑信息===
Apr 22 04:45:16 
Apr 22 04:45:16 赛跑状态：unbegin
Apr 22 04:45:16 
Apr 22 04:45:16 比赛还未开始，请九点再来
Apr 22 04:45:16 
Apr 22 04:45:16 现有积分: 2480
Apr 22 04:45:16 现有狗粮: 8321
Apr 22 04:45:16 喂养次数: 52
Apr 22 04:45:16 宠物等级: 13
Apr 22 04:45:16 
Apr 22 04:45:16 
Apr 22 04:45:16 
Apr 22 04:45:16 🔔宠汪汪, 结束! 🕛 1.401 秒
Apr 22 04:45:16 
Apr 22 06:45:08 
Apr 22 06:45:08 🔔宠汪汪, 开始!
Apr 22 06:45:08 
Apr 22 06:45:08 ====================共1个京东账号Cookie=========
Apr 22 06:45:08 
Apr 22 06:45:08 ==================脚本执行- 北京时间(UTC+8)：4/22/2021, 6:45:08 AM=====================
Apr 22 06:45:08 
Apr 22 06:45:09 
Apr 22 06:45:09 开始【京东账号1】jd_60103fd1c8cd9
Apr 22 06:45:09 
Apr 22 06:45:09 您设置的喂食数量:10g
Apr 22 06:45:09 
Apr 22 06:45:09 实际的喂食数量:10g
Apr 22 06:45:09 
Apr 22 06:45:09 喂食失败：您的汪汪正在食用中,请稍后再喂食
Apr 22 06:45:09 每日签到未完成,需要自己手动去微信小程序【来客有礼】签到，可获得京豆奖励
Apr 22 06:45:09 每日兑换未完成
Apr 22 06:45:09 每日帮好友喂一次狗粮未完成
Apr 22 06:45:09 每日赛跑未完成
Apr 22 06:45:09 
Apr 22 06:45:09 每日喂狗粮任务进行中
Apr 22 06:45:09 
Apr 22 06:45:09 未完成,需要自己手动去邀请好友给你助力,可以获得狗粮
Apr 22 06:45:09 -----每日三餐-----
Apr 22 06:45:09 关注店铺 任务已完成
Apr 22 06:45:09 逛会场 任务已完成
Apr 22 06:45:09 浏览频道 任务已完成
Apr 22 06:45:09 关注商品 任务已完成
Apr 22 06:45:09 看激励视频 任务已完成
Apr 22 06:45:10 
Apr 22 06:45:10 限时商品货架已下架
Apr 22 06:45:10 现有狗粮: 8326
Apr 22 06:45:10 
Apr 22 06:45:10 
Apr 22 06:45:10 ===以下是京东账号1 jd_60103fd1c8cd9 2人赛跑信息===
Apr 22 06:45:10 
Apr 22 06:45:10 赛跑状态：unbegin
Apr 22 06:45:10 
Apr 22 06:45:10 比赛还未开始，请九点再来
Apr 22 06:45:10 
Apr 22 06:45:10 现有积分: 2480
Apr 22 06:45:10 现有狗粮: 8326
Apr 22 06:45:10 喂养次数: 52
Apr 22 06:45:10 宠物等级: 13
Apr 22 06:45:10 
Apr 22 06:45:10 
Apr 22 06:45:10 
Apr 22 06:45:10 🔔宠汪汪, 结束! 🕛 1.366 秒
Apr 22 06:45:10 
Apr 22 08:45:10 
Apr 22 08:45:10 🔔宠汪汪, 开始!
Apr 22 08:45:10 
Apr 22 08:45:10 ====================共1个京东账号Cookie=========
Apr 22 08:45:10 
Apr 22 08:45:10 ==================脚本执行- 北京时间(UTC+8)：4/22/2021, 8:45:10 AM=====================
Apr 22 08:45:10 
Apr 22 08:45:11 
Apr 22 08:45:11 开始【京东账号1】jd_60103fd1c8cd9
Apr 22 08:45:11 
Apr 22 08:45:11 您设置的喂食数量:10g
Apr 22 08:45:11 
Apr 22 08:45:11 实际的喂食数量:10g
Apr 22 08:45:11 
Apr 22 08:45:11 喂食失败：您的汪汪正在食用中,请稍后再喂食
Apr 22 08:45:11 每日签到未完成,需要自己手动去微信小程序【来客有礼】签到，可获得京豆奖励
Apr 22 08:45:11 每日兑换未完成
Apr 22 08:45:11 每日帮好友喂一次狗粮未完成
Apr 22 08:45:11 每日赛跑未完成
Apr 22 08:45:11 
Apr 22 08:45:11 每日喂狗粮任务进行中
Apr 22 08:45:11 
Apr 22 08:45:11 未完成,需要自己手动去邀请好友给你助力,可以获得狗粮
Apr 22 08:45:11 -----每日三餐-----
Apr 22 08:45:11 关注店铺 任务已完成
Apr 22 08:45:11 逛会场 任务已完成
Apr 22 08:45:11 浏览频道 任务已完成
Apr 22 08:45:11 关注商品 任务已完成
Apr 22 08:45:11 看激励视频 任务已完成
Apr 22 08:45:12 
Apr 22 08:45:12 限时商品货架已下架
Apr 22 08:45:12 现有狗粮: 8316
Apr 22 08:45:12 
Apr 22 08:45:12 
Apr 22 08:45:12 ===以下是京东账号1 jd_60103fd1c8cd9 2人赛跑信息===
Apr 22 08:45:12 
Apr 22 08:45:12 赛跑状态：unbegin
Apr 22 08:45:12 
Apr 22 08:45:12 比赛还未开始，请九点再来
Apr 22 08:45:12 
Apr 22 08:45:12 现有积分: 2500
Apr 22 08:45:12 现有狗粮: 8316
Apr 22 08:45:12 喂养次数: 53
Apr 22 08:45:12 宠物等级: 13
Apr 22 08:45:12 
Apr 22 08:45:12 
Apr 22 08:45:12 
Apr 22 08:45:12 🔔宠汪汪, 结束! 🕛 1.372 秒
Apr 22 08:45:12 
Apr 22 10:45:12 
Apr 22 10:45:12 🔔宠汪汪, 开始!
Apr 22 10:45:12 
Apr 22 10:45:12 ====================共1个京东账号Cookie=========
Apr 22 10:45:12 
Apr 22 10:45:12 ==================脚本执行- 北京时间(UTC+8)：4/22/2021, 10:45:12 AM=====================
Apr 22 10:45:12 
Apr 22 10:45:13 
Apr 22 10:45:13 开始【京东账号1】jd_60103fd1c8cd9
Apr 22 10:45:13 
Apr 22 10:45:13 您设置的喂食数量:10g
Apr 22 10:45:13 
Apr 22 10:45:13 实际的喂食数量:10g
Apr 22 10:45:13 
Apr 22 10:45:13 喂食成功
Apr 22 10:45:13 每日签到未完成,需要自己手动去微信小程序【来客有礼】签到，可获得京豆奖励
Apr 22 10:45:13 每日兑换未完成
Apr 22 10:45:13 每日帮好友喂一次狗粮未完成
Apr 22 10:45:13 ----关注商品----
Apr 22 10:45:13 关注商品-【别墅装修】东易日盛 整体全包 室内装修设计乡村别墅装修庭院装修软装设计整装服务空间改造全案装修专享结果::{"errorCode":"follow_success","errorMessage":null,"currentTime":1619059513777,"data":null,"success":true}
Apr 22 10:45:13 关注商品-【老房装修】东易日盛全包装修全屋整装环保家装个性定制/局部装修 老房翻新空间改造 全案装修专享结果::{"errorCode":"follow_success","errorMessage":null,"currentTime":1619059513875,"data":null,"success":true}
Apr 22 10:45:13 每日赛跑未完成
Apr 22 10:45:13 
Apr 22 10:45:13 每日喂狗粮任务进行中
Apr 22 10:45:13 
Apr 22 10:45:13 未完成,需要自己手动去邀请好友给你助力,可以获得狗粮
Apr 22 10:45:13 -----每日三餐-----
Apr 22 10:45:13 关注店铺 任务已完成
Apr 22 10:45:13 逛会场 任务已完成
Apr 22 10:45:13 浏览频道 任务已完成
Apr 22 10:45:13 看激励视频 任务已完成
Apr 22 10:45:13 
Apr 22 10:45:13 限时商品货架已下架
Apr 22 10:45:13 现有狗粮: 8316
Apr 22 10:45:13 
Apr 22 10:45:14 
Apr 22 10:45:14 ===以下是京东账号1 jd_60103fd1c8cd9 2人赛跑信息===
Apr 22 10:45:14 
Apr 22 10:45:14 赛跑状态：not_participate
Apr 22 10:45:14 
Apr 22 10:45:14 暂未参赛，现在为您参加2人赛跑
Apr 22 10:45:14 正在参赛中，请稍等5秒，以防多个账号匹配到统一赛场
Apr 22 10:45:14 
Apr 22 10:45:19 2人赛跑参加成功
Apr 22 10:45:19 
Apr 22 10:45:19 双人赛跑助力请自己手动去邀请好友，脚本不带赛跑助力功能
Apr 22 10:45:19 
Apr 22 10:45:19 
Apr 22 10:45:19 现有积分: 2510
Apr 22 10:45:19 现有狗粮: 8316
Apr 22 10:45:19 喂养次数: 54
Apr 22 10:45:19 宠物等级: 13
Apr 22 10:45:19 2人赛跑：成功参加
Apr 22 10:45:19 
Apr 22 10:45:19 
Apr 22 10:45:19 
Apr 22 10:45:19 🔔宠汪汪, 结束! 🕛 6.976 秒
Apr 22 10:45:19 
Apr 22 12:45:21 
Apr 22 12:45:21 🔔宠汪汪, 开始!
Apr 22 12:45:21 
Apr 22 12:45:21 ====================共1个京东账号Cookie=========
Apr 22 12:45:21 
Apr 22 12:45:21 ==================脚本执行- 北京时间(UTC+8)：4/22/2021, 12:45:21 PM=====================
Apr 22 12:45:21 
Apr 22 12:45:22 
Apr 22 12:45:22 开始【京东账号1】jd_60103fd1c8cd9
Apr 22 12:45:22 
Apr 22 12:45:22 您设置的喂食数量:10g
Apr 22 12:45:22 
Apr 22 12:45:22 实际的喂食数量:10g
Apr 22 12:45:22 
Apr 22 12:45:22 喂食失败：您的汪汪正在食用中,请稍后再喂食
Apr 22 12:45:22 领取每日赛跑狗粮结果：5
Apr 22 12:45:22 每日签到未完成,需要自己手动去微信小程序【来客有礼】签到，可获得京豆奖励
Apr 22 12:45:22 每日兑换未完成
Apr 22 12:45:22 每日帮好友喂一次狗粮未完成
Apr 22 12:45:22 
Apr 22 12:45:22 每日喂狗粮任务进行中
Apr 22 12:45:22 
Apr 22 12:45:22 未完成,需要自己手动去邀请好友给你助力,可以获得狗粮
Apr 22 12:45:22 -----每日三餐-----
Apr 22 12:45:22 关注店铺 任务已完成
Apr 22 12:45:22 逛会场 任务已完成
Apr 22 12:45:22 浏览频道 任务已完成
Apr 22 12:45:22 关注商品 任务已完成
Apr 22 12:45:22 看激励视频 任务已完成
Apr 22 12:45:23 
Apr 22 12:45:23 限时商品货架已下架
Apr 22 12:45:23 现有狗粮: 8326
Apr 22 12:45:23 
Apr 22 12:45:23 
Apr 22 12:45:23 ===以下是京东账号1 jd_60103fd1c8cd9 2人赛跑信息===
Apr 22 12:45:23 
Apr 22 12:45:23 赛跑状态：participate
Apr 22 12:45:23 
Apr 22 12:45:23 您当前里程：35.66KM
Apr 22 12:45:23 当前排名:第2名
Apr 22 12:45:23 将获得积分:0
Apr 22 12:45:23 
Apr 22 12:45:23 对手 deng君儿 当前里程：221.86KM
Apr 22 12:45:23 
Apr 22 12:45:23 今日已参赛，下面显示应援团信息
Apr 22 12:45:23 晨曦的应援团信息如下
Apr 22 12:45:23 团员：0个
Apr 22 12:45:23 团员助力的里程数：0
Apr 22 12:45:23 
Apr 22 12:45:23 暂无好友为您助力赛跑，如需助力，请手动去邀请好友助力
Apr 22 12:45:23 
Apr 22 12:45:23 
Apr 22 12:45:23 现有积分: 2510
Apr 22 12:45:23 现有狗粮: 8326
Apr 22 12:45:23 喂养次数: 54
Apr 22 12:45:23 宠物等级: 13
Apr 22 12:45:23 
Apr 22 12:45:23 
Apr 22 12:45:23 
Apr 22 12:45:23 🔔宠汪汪, 结束! 🕛 1.923 秒
Apr 22 12:45:23 
Apr 22 14:45:01 
Apr 22 14:45:01 🔔宠汪汪, 开始!
Apr 22 14:45:01 
Apr 22 14:45:01 ====================共1个京东账号Cookie=========
Apr 22 14:45:01 
Apr 22 14:45:01 ==================脚本执行- 北京时间(UTC+8)：4/22/2021, 2:45:01 PM=====================
Apr 22 14:45:01 
Apr 22 14:45:01 
Apr 22 14:45:01 开始【京东账号1】jd_60103fd1c8cd9
Apr 22 14:45:01 
Apr 22 14:45:02 您设置的喂食数量:10g
Apr 22 14:45:02 
Apr 22 14:45:02 实际的喂食数量:10g
Apr 22 14:45:02 
Apr 22 14:45:02 喂食失败：您的汪汪正在食用中,请稍后再喂食
Apr 22 14:45:02 每日签到未完成,需要自己手动去微信小程序【来客有礼】签到，可获得京豆奖励
Apr 22 14:45:02 每日兑换未完成
Apr 22 14:45:02 每日帮好友喂一次狗粮未完成
Apr 22 14:45:02 
Apr 22 14:45:02 每日喂狗粮任务进行中
Apr 22 14:45:02 
Apr 22 14:45:02 未完成,需要自己手动去邀请好友给你助力,可以获得狗粮
Apr 22 14:45:02 -----每日三餐-----
Apr 22 14:45:02 关注店铺 任务已完成
Apr 22 14:45:02 逛会场 任务已完成
Apr 22 14:45:02 浏览频道 任务已完成
Apr 22 14:45:02 关注商品 任务已完成
Apr 22 14:45:02 每日参与一次宠物赛跑 任务已完成
Apr 22 14:45:02 看激励视频 任务已完成
Apr 22 14:45:02 
Apr 22 14:45:02 限时商品货架已下架
Apr 22 14:45:02 现有狗粮: 8316
Apr 22 14:45:02 
Apr 22 14:45:03 
Apr 22 14:45:03 ===以下是京东账号1 jd_60103fd1c8cd9 2人赛跑信息===
Apr 22 14:45:03 
Apr 22 14:45:03 赛跑状态：participate
Apr 22 14:45:03 
Apr 22 14:45:03 您当前里程：35.66KM
Apr 22 14:45:03 当前排名:第2名
Apr 22 14:45:03 将获得积分:0
Apr 22 14:45:03 
Apr 22 14:45:03 对手 deng君儿 当前里程：221.86KM
Apr 22 14:45:03 
Apr 22 14:45:03 今日已参赛，下面显示应援团信息
Apr 22 14:45:03 晨曦的应援团信息如下
Apr 22 14:45:03 团员：0个
Apr 22 14:45:03 团员助力的里程数：0
Apr 22 14:45:03 
Apr 22 14:45:03 暂无好友为您助力赛跑，如需助力，请手动去邀请好友助力
Apr 22 14:45:03 
Apr 22 14:45:03 
Apr 22 14:45:03 现有积分: 2540
Apr 22 14:45:03 现有狗粮: 8316
Apr 22 14:45:03 喂养次数: 55
Apr 22 14:45:03 宠物等级: 13
Apr 22 14:45:03 
Apr 22 14:45:03 
Apr 22 14:45:03 
Apr 22 14:45:03 🔔宠汪汪, 结束! 🕛 2.189 秒
Apr 22 14:45:03 
Apr 22 16:45:24 
Apr 22 16:45:24 🔔宠汪汪, 开始!
Apr 22 16:45:24 
Apr 22 16:45:24 ====================共1个京东账号Cookie=========
Apr 22 16:45:24 
Apr 22 16:45:24 ==================脚本执行- 北京时间(UTC+8)：4/22/2021, 4:45:24 PM=====================
Apr 22 16:45:24 
Apr 22 16:45:24 
Apr 22 16:45:24 开始【京东账号1】jd_60103fd1c8cd9
Apr 22 16:45:24 
Apr 22 16:45:25 您设置的喂食数量:10g
Apr 22 16:45:25 
Apr 22 16:45:25 实际的喂食数量:10g
Apr 22 16:45:25 
Apr 22 16:45:25 喂食失败：您的汪汪正在食用中,请稍后再喂食
Apr 22 16:45:25 每日签到未完成,需要自己手动去微信小程序【来客有礼】签到，可获得京豆奖励
Apr 22 16:45:25 每日兑换未完成
Apr 22 16:45:25 每日帮好友喂一次狗粮未完成
Apr 22 16:45:25 ----关注商品----
Apr 22 16:45:25 关注商品-海尔 厨柜整体橱柜定制厨柜厨房橱柜整体厨房成品石英石台面 橱柜门 现代简约 H3-1 预付定金（到店抵扣货款，详询客服）结果::{"errorCode":"follow_success","errorMessage":null,"currentTime":1619081125311,"data":null,"success":true}
Apr 22 16:45:25 关注商品-百安居个性化定制全包装修套餐 订金 家装室内装修设计效果图 装潢公司 门头沟结果::{"errorCode":"follow_success","errorMessage":null,"currentTime":1619081125400,"data":null,"success":true}
Apr 22 16:45:25 关注商品-东鹏瓷砖 7999全屋套餐购买特权预约 客厅厨房卫生间墙砖现代简约地砖地板砖 优享免费设计特权 预约7999全屋瓷砖套餐结果::{"errorCode":"follow_success","errorMessage":null,"currentTime":1619081125489,"data":null,"success":true}
Apr 22 16:45:25 关注商品-【双层双用加深48】纳致厨房橱柜拉篮304不锈钢厨柜拉蓝篮碗架碗碟双层阻尼抽屉不锈钢拉篮SUS304 800柜体【方钢款加深加粗阻尼轨道】结果::{"errorCode":"follow_success","errorMessage":null,"currentTime":1619081125567,"data":null,"success":true}
Apr 22 16:45:25 
Apr 22 16:45:25 每日喂狗粮任务进行中
Apr 22 16:45:25 
Apr 22 16:45:25 未完成,需要自己手动去邀请好友给你助力,可以获得狗粮
Apr 22 16:45:25 -----每日三餐-----
Apr 22 16:45:25 关注店铺 任务已完成
Apr 22 16:45:25 逛会场 任务已完成
Apr 22 16:45:25 浏览频道 任务已完成
Apr 22 16:45:25 每日参与一次宠物赛跑 任务已完成
Apr 22 16:45:25 看激励视频 任务已完成
Apr 22 16:45:25 
Apr 22 16:45:25 限时商品货架已下架
Apr 22 16:45:25 现有狗粮: 8336
Apr 22 16:45:25 
Apr 22 16:45:25 
Apr 22 16:45:25 ===以下是京东账号1 jd_60103fd1c8cd9 2人赛跑信息===
Apr 22 16:45:25 
Apr 22 16:45:25 赛跑状态：participate
Apr 22 16:45:25 
Apr 22 16:45:25 您当前里程：35.66KM
Apr 22 16:45:25 当前排名:第2名
Apr 22 16:45:25 将获得积分:0
Apr 22 16:45:25 
Apr 22 16:45:25 对手 deng君儿 当前里程：221.86KM
Apr 22 16:45:25 
Apr 22 16:45:25 今日已参赛，下面显示应援团信息
Apr 22 16:45:25 晨曦的应援团信息如下
Apr 22 16:45:25 团员：0个
Apr 22 16:45:25 团员助力的里程数：0
Apr 22 16:45:25 
Apr 22 16:45:25 暂无好友为您助力赛跑，如需助力，请手动去邀请好友助力
Apr 22 16:45:25 
Apr 22 16:45:25 
Apr 22 16:45:25 现有积分: 2630
Apr 22 16:45:25 现有狗粮: 8336
Apr 22 16:45:25 喂养次数: 55
Apr 22 16:45:25 宠物等级: 13
Apr 22 16:45:25 
Apr 22 16:45:25 
Apr 22 16:45:25 
Apr 22 16:45:25 🔔宠汪汪, 结束! 🕛 1.903 秒
Apr 22 16:45:25 
Apr 22 18:45:27 
Apr 22 18:45:27 🔔宠汪汪, 开始!
Apr 22 18:45:27 
Apr 22 18:45:27 ====================共1个京东账号Cookie=========
Apr 22 18:45:27 
Apr 22 18:45:27 ==================脚本执行- 北京时间(UTC+8)：4/22/2021, 6:45:27 PM=====================
Apr 22 18:45:27 
Apr 22 18:45:27 
Apr 22 18:45:27 开始【京东账号1】jd_60103fd1c8cd9
Apr 22 18:45:27 
Apr 22 18:45:28 您设置的喂食数量:10g
Apr 22 18:45:28 
Apr 22 18:45:28 实际的喂食数量:10g
Apr 22 18:45:28 
Apr 22 18:45:28 喂食失败：您的汪汪正在食用中,请稍后再喂食
Apr 22 18:45:28 每日签到未完成,需要自己手动去微信小程序【来客有礼】签到，可获得京豆奖励
Apr 22 18:45:28 每日兑换未完成
Apr 22 18:45:28 每日帮好友喂一次狗粮未完成
Apr 22 18:45:28 
Apr 22 18:45:28 每日喂狗粮任务进行中
Apr 22 18:45:28 
Apr 22 18:45:28 未完成,需要自己手动去邀请好友给你助力,可以获得狗粮
Apr 22 18:45:28 关注店铺 任务已完成
Apr 22 18:45:28 每日三餐 任务已完成
Apr 22 18:45:28 逛会场 任务已完成
Apr 22 18:45:28 浏览频道 任务已完成
Apr 22 18:45:28 关注商品 任务已完成
Apr 22 18:45:28 每日参与一次宠物赛跑 任务已完成
Apr 22 18:45:28 看激励视频 任务已完成
Apr 22 18:45:28 
Apr 22 18:45:28 限时商品货架已下架
Apr 22 18:45:28 现有狗粮: 8331
Apr 22 18:45:28 
Apr 22 18:45:28 
Apr 22 18:45:28 ===以下是京东账号1 jd_60103fd1c8cd9 2人赛跑信息===
Apr 22 18:45:28 
Apr 22 18:45:28 赛跑状态：participate
Apr 22 18:45:28 
Apr 22 18:45:28 您当前里程：35.66KM
Apr 22 18:45:28 当前排名:第2名
Apr 22 18:45:28 将获得积分:0
Apr 22 18:45:28 
Apr 22 18:45:28 对手 deng君儿 当前里程：221.86KM
Apr 22 18:45:28 
Apr 22 18:45:28 今日已参赛，下面显示应援团信息
Apr 22 18:45:28 晨曦的应援团信息如下
Apr 22 18:45:28 团员：0个
Apr 22 18:45:28 团员助力的里程数：0
Apr 22 18:45:28 
Apr 22 18:45:28 暂无好友为您助力赛跑，如需助力，请手动去邀请好友助力
Apr 22 18:45:28 
Apr 22 18:45:28 
Apr 22 18:45:28 现有积分: 2640
Apr 22 18:45:28 现有狗粮: 8331
Apr 22 18:45:28 喂养次数: 56
Apr 22 18:45:28 宠物等级: 13
Apr 22 18:45:28 
Apr 22 18:45:28 
Apr 22 18:45:28 
Apr 22 18:45:28 🔔宠汪汪, 结束! 🕛 1.607 秒
Apr 22 18:45:28 
Apr 22 20:45:14 
Apr 22 20:45:14 🔔宠汪汪, 开始!
Apr 22 20:45:14 
Apr 22 20:45:14 ====================共1个京东账号Cookie=========
Apr 22 20:45:14 
Apr 22 20:45:14 ==================脚本执行- 北京时间(UTC+8)：4/22/2021, 8:45:14 PM=====================
Apr 22 20:45:14 
Apr 22 20:45:15 
Apr 22 20:45:15 开始【京东账号1】jd_60103fd1c8cd9
Apr 22 20:45:15 
Apr 22 20:45:15 您设置的喂食数量:10g
Apr 22 20:45:15 
Apr 22 20:45:15 实际的喂食数量:10g
Apr 22 20:45:15 
Apr 22 20:45:15 喂食成功
Apr 22 20:45:15 每日签到未完成,需要自己手动去微信小程序【来客有礼】签到，可获得京豆奖励
Apr 22 20:45:15 每日兑换未完成
Apr 22 20:45:15 每日帮好友喂一次狗粮未完成
Apr 22 20:45:15 
Apr 22 20:45:15 每日喂狗粮任务进行中
Apr 22 20:45:15 
Apr 22 20:45:15 未完成,需要自己手动去邀请好友给你助力,可以获得狗粮
Apr 22 20:45:15 关注店铺 任务已完成
Apr 22 20:45:15 每日三餐 任务已完成
Apr 22 20:45:15 逛会场 任务已完成
Apr 22 20:45:15 浏览频道 任务已完成
Apr 22 20:45:15 关注商品 任务已完成
Apr 22 20:45:15 每日参与一次宠物赛跑 任务已完成
Apr 22 20:45:15 看激励视频 任务已完成
Apr 22 20:45:15 
Apr 22 20:45:15 限时商品货架已下架
Apr 22 20:45:15 现有狗粮: 8321
Apr 22 20:45:15 
Apr 22 20:45:15 
Apr 22 20:45:15 ===以下是京东账号1 jd_60103fd1c8cd9 2人赛跑信息===
Apr 22 20:45:15 
Apr 22 20:45:15 赛跑状态：participate
Apr 22 20:45:15 
Apr 22 20:45:16 您当前里程：35.66KM
Apr 22 20:45:16 当前排名:第2名
Apr 22 20:45:16 将获得积分:0
Apr 22 20:45:16 
Apr 22 20:45:16 对手 deng君儿 当前里程：221.86KM
Apr 22 20:45:16 
Apr 22 20:45:16 今日已参赛，下面显示应援团信息
Apr 22 20:45:16 晨曦的应援团信息如下
Apr 22 20:45:16 团员：0个
Apr 22 20:45:16 团员助力的里程数：0
Apr 22 20:45:16 
Apr 22 20:45:16 暂无好友为您助力赛跑，如需助力，请手动去邀请好友助力
Apr 22 20:45:16 
Apr 22 20:45:16 
Apr 22 20:45:16 现有积分: 2700
Apr 22 20:45:16 现有狗粮: 8321
Apr 22 20:45:16 喂养次数: 57
Apr 22 20:45:16 宠物等级: 13
Apr 22 20:45:16 
Apr 22 20:45:16 
Apr 22 20:45:16 
Apr 22 20:45:16 🔔宠汪汪, 结束! 🕛 1.724 秒
Apr 22 20:45:16 
Apr 22 22:45:13 
Apr 22 22:45:13 🔔宠汪汪, 开始!
Apr 22 22:45:13 
Apr 22 22:45:13 ====================共1个京东账号Cookie=========
Apr 22 22:45:13 
Apr 22 22:45:13 ==================脚本执行- 北京时间(UTC+8)：4/22/2021, 10:45:13 PM=====================
Apr 22 22:45:13 
Apr 22 22:45:14 
Apr 22 22:45:14 开始【京东账号1】jd_60103fd1c8cd9
Apr 22 22:45:14 
Apr 22 22:45:14 您设置的喂食数量:10g
Apr 22 22:45:14 
Apr 22 22:45:14 实际的喂食数量:10g
Apr 22 22:45:14 
Apr 22 22:45:14 喂食失败：您的汪汪正在食用中,请稍后再喂食
Apr 22 22:45:14 每日签到未完成,需要自己手动去微信小程序【来客有礼】签到，可获得京豆奖励
Apr 22 22:45:14 每日兑换未完成
Apr 22 22:45:14 每日帮好友喂一次狗粮未完成
Apr 22 22:45:14 
Apr 22 22:45:14 每日喂狗粮任务进行中
Apr 22 22:45:14 
Apr 22 22:45:14 未完成,需要自己手动去邀请好友给你助力,可以获得狗粮
Apr 22 22:45:14 关注店铺 任务已完成
Apr 22 22:45:14 每日三餐 任务已完成
Apr 22 22:45:14 逛会场 任务已完成
Apr 22 22:45:14 浏览频道 任务已完成
Apr 22 22:45:14 关注商品 任务已完成
Apr 22 22:45:14 每日参与一次宠物赛跑 任务已完成
Apr 22 22:45:14 看激励视频 任务已完成
Apr 22 22:45:15 
Apr 22 22:45:15 限时商品货架已下架
Apr 22 22:45:15 现有狗粮: 8321
Apr 22 22:45:15 
Apr 22 22:45:15 
Apr 22 22:45:15 ===以下是京东账号1 jd_60103fd1c8cd9 2人赛跑信息===
Apr 22 22:45:15 
Apr 22 22:45:15 赛跑状态：race_lose
Apr 22 22:45:15 
Apr 22 22:45:15 
Apr 22 22:45:15 现有积分: 2700
Apr 22 22:45:15 现有狗粮: 8321
Apr 22 22:45:15 喂养次数: 57
Apr 22 22:45:15 宠物等级: 13
Apr 22 22:45:15 
Apr 22 22:45:15 
Apr 22 22:45:15 
Apr 22 22:45:15 🔔宠汪汪, 结束! 🕛 1.559 秒
Apr 22 22:45:15 
Apr 22 23:45:02 
Apr 22 23:45:02 🔔宠汪汪, 开始!
Apr 22 23:45:02 
Apr 22 23:45:02 ====================共1个京东账号Cookie=========
Apr 22 23:45:02 
Apr 22 23:45:02 ==================脚本执行- 北京时间(UTC+8)：4/22/2021, 11:45:02 PM=====================
Apr 22 23:45:02 
Apr 22 23:45:02 
Apr 22 23:45:02 开始【京东账号1】jd_60103fd1c8cd9
Apr 22 23:45:02 
Apr 22 23:45:03 您设置的喂食数量:10g
Apr 22 23:45:03 
Apr 22 23:45:03 实际的喂食数量:10g
Apr 22 23:45:03 
Apr 22 23:45:03 喂食失败：您的汪汪正在食用中,请稍后再喂食
Apr 22 23:45:03 每日签到未完成,需要自己手动去微信小程序【来客有礼】签到，可获得京豆奖励
Apr 22 23:45:03 每日兑换未完成
Apr 22 23:45:03 每日帮好友喂一次狗粮未完成
Apr 22 23:45:03 
Apr 22 23:45:03 每日喂狗粮任务进行中
Apr 22 23:45:03 
Apr 22 23:45:03 未完成,需要自己手动去邀请好友给你助力,可以获得狗粮
Apr 22 23:45:03 关注店铺 任务已完成
Apr 22 23:45:03 每日三餐 任务已完成
Apr 22 23:45:03 逛会场 任务已完成
Apr 22 23:45:03 浏览频道 任务已完成
Apr 22 23:45:03 关注商品 任务已完成
Apr 22 23:45:03 每日参与一次宠物赛跑 任务已完成
Apr 22 23:45:03 看激励视频 任务已完成
Apr 22 23:45:03 
Apr 22 23:45:03 限时商品货架已下架
Apr 22 23:45:03 现有狗粮: 8321
Apr 22 23:45:03 
Apr 22 23:45:03 
Apr 22 23:45:03 ===以下是京东账号1 jd_60103fd1c8cd9 2人赛跑信息===
Apr 22 23:45:03 
Apr 22 23:45:03 赛跑状态：time_over
Apr 22 23:45:03 
Apr 22 23:45:03 今日参赛的比赛已经结束，请明天九点再来
Apr 22 23:45:03 
Apr 22 23:45:03 现有积分: 2700
Apr 22 23:45:03 现有狗粮: 8321
Apr 22 23:45:03 喂养次数: 57
Apr 22 23:45:03 宠物等级: 13
Apr 22 23:45:03 
Apr 22 23:45:03 
Apr 22 23:45:03 
Apr 22 23:45:03 🔔宠汪汪, 结束! 🕛 1.645 秒
Apr 22 23:45:03 
Apr 23 00:45:20 
Apr 23 00:45:20 🔔宠汪汪, 开始!
Apr 23 00:45:20 
Apr 23 00:45:20 ====================共1个京东账号Cookie=========
Apr 23 00:45:20 
Apr 23 00:45:20 ==================脚本执行- 北京时间(UTC+8)：4/23/2021, 12:45:20 AM=====================
Apr 23 00:45:20 
Apr 23 00:45:22 
Apr 23 00:45:22 开始【京东账号1】jd_60103fd1c8cd9
Apr 23 00:45:22 
Apr 23 00:45:22 您设置的喂食数量:10g
Apr 23 00:45:22 
Apr 23 00:45:22 实际的喂食数量:10g
Apr 23 00:45:22 
Apr 23 00:45:23 喂食失败：您的汪汪正在食用中,请稍后再喂食
Apr 23 00:45:23 每日签到未完成,需要自己手动去微信小程序【来客有礼】签到，可获得京豆奖励
Apr 23 00:45:23 -----关注店铺-----
Apr 23 00:45:23 关注店铺三只松鼠京东自营旗舰店结果::{"errorCode":"success","errorMessage":null,"currentTime":1619109925457,"data":null,"success":true}
Apr 23 00:45:23 关注店铺三星京东自营官方旗舰店结果::{"errorCode":"success","errorMessage":null,"currentTime":1619109925534,"data":null,"success":true}
Apr 23 00:45:23 京东app逛会场结果::{"errorCode":"follow_success","errorMessage":null,"currentTime":1619109925549,"success":true}
Apr 23 00:45:23 京东app逛会场结果::{"errorCode":"follow_success","errorMessage":null,"currentTime":1619109925643,"success":true}
Apr 23 00:45:23 关注店铺御泥坊京东自营旗舰店结果::{"errorCode":"success","errorMessage":null,"currentTime":1619109925722,"data":null,"success":true}
Apr 23 00:45:23 京东app逛会场结果::{"errorCode":"follow_success","errorMessage":null,"currentTime":1619109925726,"success":true}
Apr 23 00:45:23 关注店铺ELIXIR怡丽丝尔京东自营旗舰店结果::{"errorCode":"success","errorMessage":null,"currentTime":1619109925818,"data":null,"success":true}
Apr 23 00:45:23 关注店铺欧珀莱京东自营官方旗舰店结果::{"errorCode":"success","errorMessage":null,"currentTime":1619109925897,"data":null,"success":true}
Apr 23 00:45:23 京东app逛会场结果::{"errorCode":"follow_success","errorMessage":null,"currentTime":1619109925968,"success":true}
Apr 23 00:45:23 关注店铺Starbucks星巴克官方旗舰店结果::{"errorCode":"success","errorMessage":null,"currentTime":1619109925987,"data":null,"success":true}
Apr 23 00:45:23 京东app逛会场结果::{"errorCode":"follow_success","errorMessage":null,"currentTime":1619109926044,"success":true}
Apr 23 00:45:23 关注店铺小米京东自营旗舰店结果::{"errorCode":"success","errorMessage":null,"currentTime":1619109926068,"data":null,"success":true}
Apr 23 00:45:23 关注店铺宏碁京东自营旗舰店结果::{"errorCode":"success","errorMessage":null,"currentTime":1619109926149,"data":null,"success":true}
Apr 23 00:45:23 每日兑换未完成
Apr 23 00:45:23 ----逛会场----
Apr 23 00:45:23 逛会场-个护会场结果::{"errorCode":"follow_success","errorMessage":null,"currentTime":1619109926227,"success":true}
Apr 23 00:45:23 ----浏览频道----
Apr 23 00:45:23 浏览频道-优惠日历结果::{"errorCode":"follow_success","errorMessage":null,"currentTime":1619109926316,"success":true}
Apr 23 00:45:24 浏览频道-京东健康结果::{"errorCode":"follow_success","errorMessage":null,"currentTime":1619109926388,"success":true}
Apr 23 00:45:24 浏览频道-酒饮馆结果::{"errorCode":"follow_success","errorMessage":null,"currentTime":1619109926452,"success":true}
Apr 23 00:45:24 浏览频道-母婴馆结果::{"errorCode":"follow_success","errorMessage":null,"currentTime":1619109926521,"success":true}
Apr 23 00:45:24 浏览频道-京东会员结果::{"errorCode":"follow_success","errorMessage":null,"currentTime":1619109926597,"success":true}
Apr 23 00:45:24 浏览频道-京东电竞结果::{"errorCode":"follow_success","errorMessage":null,"currentTime":1619109926679,"success":true}
Apr 23 00:45:24 浏览频道-品牌闪购结果::{"errorCode":"follow_success","errorMessage":null,"currentTime":1619109926749,"success":true}
Apr 23 00:45:24 浏览频道-种豆得豆结果::{"errorCode":"follow_success","errorMessage":null,"currentTime":1619109926811,"success":true}
Apr 23 00:45:24 浏览频道-美妆馆结果::{"errorCode":"follow_success","errorMessage":null,"currentTime":1619109926880,"success":true}
Apr 23 00:45:24 浏览频道-京东生鲜结果::{"errorCode":"follow_success","errorMessage":null,"currentTime":1619109926951,"success":true}
Apr 23 00:45:24 浏览频道-数码电器结果::{"errorCode":"follow_success","errorMessage":null,"currentTime":1619109927022,"success":true}
Apr 23 00:45:24 ----关注商品----
Apr 23 00:45:24 关注商品-迪巧 小儿碳酸钙D3颗粒20袋*3盒 淡奶口味维生素d3儿童补充进口钙礼盒装结果::{"errorCode":"follow_success","errorMessage":null,"currentTime":1619109927126,"data":null,"success":true}
Apr 23 00:45:24 关注商品-三全 私厨水饺 超级小龙虾饺 360g 夜宵 早餐水饺 三十而已同款结果::{"errorCode":"follow_success","errorMessage":null,"currentTime":1619109927221,"data":null,"success":true}
Apr 23 00:45:24 关注商品-聆懿一次性医用口罩三层防护内含熔喷布可选医用外科口罩医用药监局可查 一次性医用口罩【10只装】结果::{"errorCode":"follow_success","errorMessage":null,"currentTime":1619109927294,"data":null,"success":true}
Apr 23 00:45:24 每日帮好友喂一次狗粮未完成
Apr 23 00:45:24 每日赛跑未完成
Apr 23 00:45:24 
Apr 23 00:45:24 每日喂狗粮任务进行中
Apr 23 00:45:24 
Apr 23 00:45:24 未完成,需要自己手动去邀请好友给你助力,可以获得狗粮
Apr 23 00:45:24 ----浏览频道----
Apr 23 00:45:24 开始第1次看激励视频
Apr 23 00:45:25 看视频激励结果--{"errorCode":"follow_success","errorMessage":null,"currentTime":1619109927366,"success":true}
Apr 23 00:45:25 开始第2次看激励视频
Apr 23 00:45:25 看视频激励结果--{"errorCode":"follow_success","errorMessage":null,"currentTime":1619109927443,"success":true}
Apr 23 00:45:25 开始第3次看激励视频
Apr 23 00:45:25 看视频激励结果--{"errorCode":"follow_success","errorMessage":null,"currentTime":1619109927504,"success":true}
Apr 23 00:45:25 -----每日三餐-----
Apr 23 00:45:25 
Apr 23 00:45:25 限时商品货架已下架
Apr 23 00:45:25 现有狗粮: 8481
Apr 23 00:45:25 
Apr 23 00:45:25 
Apr 23 00:45:25 ===以下是京东账号1 jd_60103fd1c8cd9 2人赛跑信息===
Apr 23 00:45:25 
Apr 23 00:45:25 赛跑状态：unbegin
Apr 23 00:45:25 
Apr 23 00:45:25 比赛还未开始，请九点再来
Apr 23 00:45:25 
Apr 23 00:45:25 现有积分: 2710
Apr 23 00:45:25 现有狗粮: 8481
Apr 23 00:45:25 喂养次数: 58
Apr 23 00:45:25 宠物等级: 13
Apr 23 00:45:25 
Apr 23 00:45:25 
Apr 23 00:45:25 
Apr 23 00:45:25 🔔宠汪汪, 结束! 🕛 4.841 秒
Apr 23 00:45:25 
Apr 23 02:45:06 
Apr 23 02:45:06 🔔宠汪汪, 开始!
Apr 23 02:45:06 
Apr 23 02:45:06 ====================共1个京东账号Cookie=========
Apr 23 02:45:06 
Apr 23 02:45:06 ==================脚本执行- 北京时间(UTC+8)：4/23/2021, 2:45:06 AM=====================
Apr 23 02:45:06 
Apr 23 02:45:07 
Apr 23 02:45:07 开始【京东账号1】jd_60103fd1c8cd9
Apr 23 02:45:07 
Apr 23 02:45:08 您设置的喂食数量:10g
Apr 23 02:45:08 
Apr 23 02:45:08 实际的喂食数量:10g
Apr 23 02:45:08 
Apr 23 02:45:08 喂食失败：您的汪汪正在食用中,请稍后再喂食
Apr 23 02:45:08 每日签到未完成,需要自己手动去微信小程序【来客有礼】签到，可获得京豆奖励
Apr 23 02:45:08 每日兑换未完成
Apr 23 02:45:08 每日帮好友喂一次狗粮未完成
Apr 23 02:45:08 每日赛跑未完成
Apr 23 02:45:08 
Apr 23 02:45:08 每日喂狗粮任务进行中
Apr 23 02:45:08 
Apr 23 02:45:08 未完成,需要自己手动去邀请好友给你助力,可以获得狗粮
Apr 23 02:45:08 -----每日三餐-----
Apr 23 02:45:08 关注店铺 任务已完成
Apr 23 02:45:08 逛会场 任务已完成
Apr 23 02:45:08 浏览频道 任务已完成
Apr 23 02:45:08 关注商品 任务已完成
Apr 23 02:45:08 看激励视频 任务已完成
Apr 23 02:45:08 
Apr 23 02:45:08 限时商品货架已下架
Apr 23 02:45:08 现有狗粮: 8481
Apr 23 02:45:08 
Apr 23 02:45:08 
Apr 23 02:45:08 ===以下是京东账号1 jd_60103fd1c8cd9 2人赛跑信息===
Apr 23 02:45:08 
Apr 23 02:45:08 赛跑状态：unbegin
Apr 23 02:45:08 
Apr 23 02:45:08 比赛还未开始，请九点再来
Apr 23 02:45:08 
Apr 23 02:45:08 现有积分: 2710
Apr 23 02:45:08 现有狗粮: 8481
Apr 23 02:45:08 喂养次数: 58
Apr 23 02:45:08 宠物等级: 13
Apr 23 02:45:08 
Apr 23 02:45:08 
Apr 23 02:45:08 
Apr 23 02:45:08 🔔宠汪汪, 结束! 🕛 2.011 秒
Apr 23 02:45:08 
Apr 23 04:45:28 
Apr 23 04:45:28 🔔宠汪汪, 开始!
Apr 23 04:45:28 
Apr 23 04:45:28 ====================共1个京东账号Cookie=========
Apr 23 04:45:28 
Apr 23 04:45:28 ==================脚本执行- 北京时间(UTC+8)：4/23/2021, 4:45:28 AM=====================
Apr 23 04:45:28 
Apr 23 04:45:29 
Apr 23 04:45:29 开始【京东账号1】jd_60103fd1c8cd9
Apr 23 04:45:29 
Apr 23 04:45:29 您设置的喂食数量:10g
Apr 23 04:45:29 
Apr 23 04:45:29 实际的喂食数量:10g
Apr 23 04:45:29 
Apr 23 04:45:29 喂食失败：您的汪汪正在食用中,请稍后再喂食
Apr 23 04:45:29 每日签到未完成,需要自己手动去微信小程序【来客有礼】签到，可获得京豆奖励
Apr 23 04:45:29 每日兑换未完成
Apr 23 04:45:29 每日帮好友喂一次狗粮未完成
Apr 23 04:45:29 每日赛跑未完成
Apr 23 04:45:29 
Apr 23 04:45:29 每日喂狗粮任务进行中
Apr 23 04:45:29 
Apr 23 04:45:29 未完成,需要自己手动去邀请好友给你助力,可以获得狗粮
Apr 23 04:45:29 -----每日三餐-----
Apr 23 04:45:29 关注店铺 任务已完成
Apr 23 04:45:29 逛会场 任务已完成
Apr 23 04:45:29 浏览频道 任务已完成
Apr 23 04:45:29 关注商品 任务已完成
Apr 23 04:45:29 看激励视频 任务已完成
Apr 23 04:45:29 
Apr 23 04:45:29 限时商品货架已下架
Apr 23 04:45:29 现有狗粮: 8471
Apr 23 04:45:29 
Apr 23 04:45:29 
Apr 23 04:45:29 ===以下是京东账号1 jd_60103fd1c8cd9 2人赛跑信息===
Apr 23 04:45:29 
Apr 23 04:45:29 赛跑状态：unbegin
Apr 23 04:45:29 
Apr 23 04:45:29 比赛还未开始，请九点再来
Apr 23 04:45:29 
Apr 23 04:45:29 现有积分: 2720
Apr 23 04:45:29 现有狗粮: 8471
Apr 23 04:45:29 喂养次数: 59
Apr 23 04:45:29 宠物等级: 13
Apr 23 04:45:29 
Apr 23 04:45:29 
Apr 23 04:45:29 
Apr 23 04:45:29 🔔宠汪汪, 结束! 🕛 1.514 秒
Apr 23 04:45:29 
Apr 23 06:45:20 
Apr 23 06:45:20 🔔宠汪汪, 开始!
Apr 23 06:45:20 
Apr 23 06:45:20 ====================共1个京东账号Cookie=========
Apr 23 06:45:20 
Apr 23 06:45:20 ==================脚本执行- 北京时间(UTC+8)：4/23/2021, 6:45:20 AM=====================
Apr 23 06:45:20 
Apr 23 06:45:21 
Apr 23 06:45:21 开始【京东账号1】jd_60103fd1c8cd9
Apr 23 06:45:21 
Apr 23 06:45:21 您设置的喂食数量:10g
Apr 23 06:45:21 
Apr 23 06:45:21 实际的喂食数量:10g
Apr 23 06:45:21 
Apr 23 06:45:21 喂食失败：您的汪汪正在食用中,请稍后再喂食
Apr 23 06:45:21 每日签到未完成,需要自己手动去微信小程序【来客有礼】签到，可获得京豆奖励
Apr 23 06:45:21 每日兑换未完成
Apr 23 06:45:21 每日帮好友喂一次狗粮未完成
Apr 23 06:45:21 每日赛跑未完成
Apr 23 06:45:21 
Apr 23 06:45:21 每日喂狗粮任务进行中
Apr 23 06:45:21 
Apr 23 06:45:21 未完成,需要自己手动去邀请好友给你助力,可以获得狗粮
Apr 23 06:45:21 -----每日三餐-----
Apr 23 06:45:21 关注店铺 任务已完成
Apr 23 06:45:21 逛会场 任务已完成
Apr 23 06:45:21 浏览频道 任务已完成
Apr 23 06:45:21 关注商品 任务已完成
Apr 23 06:45:21 看激励视频 任务已完成
Apr 23 06:45:21 
Apr 23 06:45:21 限时商品货架已下架
Apr 23 06:45:21 现有狗粮: 8476
Apr 23 06:45:21 
Apr 23 06:45:21 
Apr 23 06:45:21 ===以下是京东账号1 jd_60103fd1c8cd9 2人赛跑信息===
Apr 23 06:45:21 
Apr 23 06:45:21 赛跑状态：unbegin
Apr 23 06:45:21 
Apr 23 06:45:21 比赛还未开始，请九点再来
Apr 23 06:45:21 
Apr 23 06:45:21 现有积分: 2720
Apr 23 06:45:21 现有狗粮: 8476
Apr 23 06:45:21 喂养次数: 59
Apr 23 06:45:21 宠物等级: 13
Apr 23 06:45:21 
Apr 23 06:45:21 
Apr 23 06:45:21 
Apr 23 06:45:21 🔔宠汪汪, 结束! 🕛 1.525 秒
Apr 23 06:45:21 
Apr 23 08:45:27 
Apr 23 08:45:27 🔔宠汪汪, 开始!
Apr 23 08:45:27 
Apr 23 08:45:27 ====================共1个京东账号Cookie=========
Apr 23 08:45:27 
Apr 23 08:45:27 ==================脚本执行- 北京时间(UTC+8)：4/23/2021, 8:45:27 AM=====================
Apr 23 08:45:27 
Apr 23 08:45:28 
Apr 23 08:45:28 开始【京东账号1】jd_60103fd1c8cd9
Apr 23 08:45:28 
Apr 23 08:45:28 您设置的喂食数量:10g
Apr 23 08:45:28 
Apr 23 08:45:28 实际的喂食数量:10g
Apr 23 08:45:28 
Apr 23 08:45:29 喂食失败：您的汪汪正在食用中,请稍后再喂食
Apr 23 08:45:29 每日签到未完成,需要自己手动去微信小程序【来客有礼】签到，可获得京豆奖励
Apr 23 08:45:29 每日兑换未完成
Apr 23 08:45:29 每日帮好友喂一次狗粮未完成
Apr 23 08:45:29 每日赛跑未完成
Apr 23 08:45:29 
Apr 23 08:45:29 每日喂狗粮任务进行中
Apr 23 08:45:29 
Apr 23 08:45:29 未完成,需要自己手动去邀请好友给你助力,可以获得狗粮
Apr 23 08:45:29 -----每日三餐-----
Apr 23 08:45:29 关注店铺 任务已完成
Apr 23 08:45:29 逛会场 任务已完成
Apr 23 08:45:29 浏览频道 任务已完成
Apr 23 08:45:29 关注商品 任务已完成
Apr 23 08:45:29 看激励视频 任务已完成
Apr 23 08:45:29 
Apr 23 08:45:29 限时商品货架已下架
Apr 23 08:45:29 现有狗粮: 8466
Apr 23 08:45:29 
Apr 23 08:45:29 
Apr 23 08:45:29 ===以下是京东账号1 jd_60103fd1c8cd9 2人赛跑信息===
Apr 23 08:45:29 
Apr 23 08:45:29 赛跑状态：unbegin
Apr 23 08:45:29 
Apr 23 08:45:29 比赛还未开始，请九点再来
Apr 23 08:45:29 
Apr 23 08:45:29 现有积分: 2740
Apr 23 08:45:29 现有狗粮: 8466
Apr 23 08:45:29 喂养次数: 60
Apr 23 08:45:29 宠物等级: 13
Apr 23 08:45:29 
Apr 23 08:45:29 
Apr 23 08:45:29 
Apr 23 08:45:29 🔔宠汪汪, 结束! 🕛 1.599 秒
Apr 23 08:45:29 
Apr 23 10:45:29 
Apr 23 10:45:29 🔔宠汪汪, 开始!
Apr 23 10:45:29 
Apr 23 10:45:29 ====================共1个京东账号Cookie=========
Apr 23 10:45:29 
Apr 23 10:45:29 ==================脚本执行- 北京时间(UTC+8)：4/23/2021, 10:45:29 AM=====================
Apr 23 10:45:29 
Apr 23 10:45:30 
Apr 23 10:45:30 开始【京东账号1】jd_60103fd1c8cd9
Apr 23 10:45:30 
Apr 23 10:45:30 您设置的喂食数量:10g
Apr 23 10:45:30 
Apr 23 10:45:30 实际的喂食数量:10g
Apr 23 10:45:30 
Apr 23 10:45:30 喂食失败：您的汪汪正在食用中,请稍后再喂食
Apr 23 10:45:30 每日签到未完成,需要自己手动去微信小程序【来客有礼】签到，可获得京豆奖励
Apr 23 10:45:30 每日兑换未完成
Apr 23 10:45:30 每日帮好友喂一次狗粮未完成
Apr 23 10:45:30 ----关注商品----
Apr 23 10:45:30 关注商品-Redmi游戏手机 K40游戏增强版 5G智能电竞手机 小米 红米结果::{"errorCode":"follow_success","errorMessage":null,"currentTime":1619145930679,"data":null,"success":true}
Apr 23 10:45:30 每日赛跑未完成
Apr 23 10:45:30 
Apr 23 10:45:30 每日喂狗粮任务进行中
Apr 23 10:45:30 
Apr 23 10:45:30 未完成,需要自己手动去邀请好友给你助力,可以获得狗粮
Apr 23 10:45:30 -----每日三餐-----
Apr 23 10:45:30 关注店铺 任务已完成
Apr 23 10:45:30 逛会场 任务已完成
Apr 23 10:45:30 浏览频道 任务已完成
Apr 23 10:45:30 看激励视频 任务已完成
Apr 23 10:45:30 
Apr 23 10:45:30 限时商品货架已下架
Apr 23 10:45:30 现有狗粮: 8461
Apr 23 10:45:30 
Apr 23 10:45:30 
Apr 23 10:45:30 ===以下是京东账号1 jd_60103fd1c8cd9 2人赛跑信息===
Apr 23 10:45:30 
Apr 23 10:45:30 赛跑状态：not_participate
Apr 23 10:45:30 
Apr 23 10:45:30 暂未参赛，现在为您参加2人赛跑
Apr 23 10:45:30 正在参赛中，请稍等5秒，以防多个账号匹配到统一赛场
Apr 23 10:45:30 
Apr 23 10:45:36 2人赛跑参加成功
Apr 23 10:45:36 
Apr 23 10:45:36 双人赛跑助力请自己手动去邀请好友，脚本不带赛跑助力功能
Apr 23 10:45:36 
Apr 23 10:45:36 
Apr 23 10:45:36 现有积分: 2750
Apr 23 10:45:36 现有狗粮: 8461
Apr 23 10:45:36 喂养次数: 61
Apr 23 10:45:36 宠物等级: 13
Apr 23 10:45:36 2人赛跑：成功参加
Apr 23 10:45:36 
Apr 23 10:45:36 
Apr 23 10:45:36 
Apr 23 10:45:36 🔔宠汪汪, 结束! 🕛 6.754 秒
Apr 23 10:45:36 
Apr 23 12:45:00 
Apr 23 12:45:00 🔔宠汪汪, 开始!
Apr 23 12:45:00 
Apr 23 12:45:00 ====================共1个京东账号Cookie=========
Apr 23 12:45:00 
Apr 23 12:45:00 ==================脚本执行- 北京时间(UTC+8)：4/23/2021, 12:45:00 PM=====================
Apr 23 12:45:00 
Apr 23 12:45:01 
Apr 23 12:45:01 开始【京东账号1】jd_60103fd1c8cd9
Apr 23 12:45:01 
Apr 23 12:45:02 您设置的喂食数量:10g
Apr 23 12:45:02 
Apr 23 12:45:02 实际的喂食数量:10g
Apr 23 12:45:02 
Apr 23 12:45:02 喂食失败：您的汪汪正在食用中,请稍后再喂食
Apr 23 12:45:02 领取每日赛跑狗粮结果：5
Apr 23 12:45:02 每日签到未完成,需要自己手动去微信小程序【来客有礼】签到，可获得京豆奖励
Apr 23 12:45:02 每日兑换未完成
Apr 23 12:45:02 每日帮好友喂一次狗粮未完成
Apr 23 12:45:02 
Apr 23 12:45:02 每日喂狗粮任务进行中
Apr 23 12:45:02 
Apr 23 12:45:02 未完成,需要自己手动去邀请好友给你助力,可以获得狗粮
Apr 23 12:45:02 -----每日三餐-----
Apr 23 12:45:02 关注店铺 任务已完成
Apr 23 12:45:02 逛会场 任务已完成
Apr 23 12:45:02 浏览频道 任务已完成
Apr 23 12:45:02 关注商品 任务已完成
Apr 23 12:45:02 看激励视频 任务已完成
Apr 23 12:45:02 
Apr 23 12:45:02 限时商品货架已下架
Apr 23 12:45:02 现有狗粮: 8471
Apr 23 12:45:02 
Apr 23 12:45:02 
Apr 23 12:45:02 ===以下是京东账号1 jd_60103fd1c8cd9 2人赛跑信息===
Apr 23 12:45:02 
Apr 23 12:45:02 赛跑状态：participate
Apr 23 12:45:02 
Apr 23 12:45:03 您当前里程：35.66KM
Apr 23 12:45:03 当前排名:第1名
Apr 23 12:45:03 将获得积分:300
Apr 23 12:45:03 
Apr 23 12:45:03 对手 GAO139*****748 当前里程：21.5KM
Apr 23 12:45:03 
Apr 23 12:45:03 今日已参赛，下面显示应援团信息
Apr 23 12:45:03 晨曦的应援团信息如下
Apr 23 12:45:03 团员：0个
Apr 23 12:45:03 团员助力的里程数：0
Apr 23 12:45:03 
Apr 23 12:45:03 暂无好友为您助力赛跑，如需助力，请手动去邀请好友助力
Apr 23 12:45:03 
Apr 23 12:45:03 
Apr 23 12:45:03 现有积分: 2750
Apr 23 12:45:03 现有狗粮: 8471
Apr 23 12:45:03 喂养次数: 61
Apr 23 12:45:03 宠物等级: 13
Apr 23 12:45:03 
Apr 23 12:45:03 
Apr 23 12:45:03 
Apr 23 12:45:03 🔔宠汪汪, 结束! 🕛 2.365 秒
Apr 23 12:45:03 
Apr 23 14:45:01 
Apr 23 14:45:01 🔔宠汪汪, 开始!
Apr 23 14:45:01 
Apr 23 14:45:01 ====================共1个京东账号Cookie=========
Apr 23 14:45:01 
Apr 23 14:45:02 ==================脚本执行- 北京时间(UTC+8)：4/23/2021, 2:45:01 PM=====================
Apr 23 14:45:02 
Apr 23 14:45:02 
Apr 23 14:45:02 开始【京东账号1】jd_60103fd1c8cd9
Apr 23 14:45:02 
Apr 23 14:45:05 您设置的喂食数量:10g
Apr 23 14:45:05 
Apr 23 14:45:05 实际的喂食数量:10g
Apr 23 14:45:05 
Apr 23 14:45:05 喂食失败：您的汪汪正在食用中,请稍后再喂食
Apr 23 14:45:05 每日签到未完成,需要自己手动去微信小程序【来客有礼】签到，可获得京豆奖励
Apr 23 14:45:05 每日兑换未完成
Apr 23 14:45:05 每日帮好友喂一次狗粮未完成
Apr 23 14:45:05 
Apr 23 14:45:05 每日喂狗粮任务进行中
Apr 23 14:45:05 
Apr 23 14:45:05 未完成,需要自己手动去邀请好友给你助力,可以获得狗粮
Apr 23 14:45:05 -----每日三餐-----
Apr 23 14:45:05 关注店铺 任务已完成
Apr 23 14:45:05 逛会场 任务已完成
Apr 23 14:45:05 浏览频道 任务已完成
Apr 23 14:45:05 关注商品 任务已完成
Apr 23 14:45:05 每日参与一次宠物赛跑 任务已完成
Apr 23 14:45:05 看激励视频 任务已完成
Apr 23 14:45:05 
Apr 23 14:45:05 限时商品货架已下架
Apr 23 14:45:05 现有狗粮: 8461
Apr 23 14:45:05 
Apr 23 14:45:05 
Apr 23 14:45:05 ===以下是京东账号1 jd_60103fd1c8cd9 2人赛跑信息===
Apr 23 14:45:05 
Apr 23 14:45:05 赛跑状态：participate
Apr 23 14:45:05 
Apr 23 14:45:05 您当前里程：35.66KM
Apr 23 14:45:05 当前排名:第1名
Apr 23 14:45:05 将获得积分:300
Apr 23 14:45:05 
Apr 23 14:45:05 对手 GAO139*****748 当前里程：21.5KM
Apr 23 14:45:05 
Apr 23 14:45:05 今日已参赛，下面显示应援团信息
Apr 23 14:45:05 晨曦的应援团信息如下
Apr 23 14:45:05 团员：0个
Apr 23 14:45:05 团员助力的里程数：0
Apr 23 14:45:05 
Apr 23 14:45:05 暂无好友为您助力赛跑，如需助力，请手动去邀请好友助力
Apr 23 14:45:05 
Apr 23 14:45:05 
Apr 23 14:45:05 现有积分: 2780
Apr 23 14:45:05 现有狗粮: 8461
Apr 23 14:45:05 喂养次数: 62
Apr 23 14:45:05 宠物等级: 13
Apr 23 14:45:05 
Apr 23 14:45:05 
Apr 23 14:45:05 
Apr 23 14:45:05 🔔宠汪汪, 结束! 🕛 3.875 秒
Apr 23 14:45:05 
Apr 23 16:45:09 
Apr 23 16:45:09 🔔宠汪汪, 开始!
Apr 23 16:45:09 
Apr 23 16:45:09 ====================共1个京东账号Cookie=========
Apr 23 16:45:09 
Apr 23 16:45:09 ==================脚本执行- 北京时间(UTC+8)：4/23/2021, 4:45:09 PM=====================
Apr 23 16:45:09 
Apr 23 16:45:09 
Apr 23 16:45:09 开始【京东账号1】jd_60103fd1c8cd9
Apr 23 16:45:09 
Apr 23 16:45:10 您设置的喂食数量:10g
Apr 23 16:45:10 
Apr 23 16:45:10 实际的喂食数量:10g
Apr 23 16:45:10 
Apr 23 16:45:10 喂食成功
Apr 23 16:45:10 每日签到未完成,需要自己手动去微信小程序【来客有礼】签到，可获得京豆奖励
Apr 23 16:45:10 每日兑换未完成
Apr 23 16:45:10 每日帮好友喂一次狗粮未完成
Apr 23 16:45:10 
Apr 23 16:45:10 每日喂狗粮任务进行中
Apr 23 16:45:10 
Apr 23 16:45:10 未完成,需要自己手动去邀请好友给你助力,可以获得狗粮
Apr 23 16:45:10 -----每日三餐-----
Apr 23 16:45:10 关注店铺 任务已完成
Apr 23 16:45:10 逛会场 任务已完成
Apr 23 16:45:10 浏览频道 任务已完成
Apr 23 16:45:10 关注商品 任务已完成
Apr 23 16:45:10 每日参与一次宠物赛跑 任务已完成
Apr 23 16:45:10 看激励视频 任务已完成
Apr 23 16:45:10 
Apr 23 16:45:10 限时商品货架已下架
Apr 23 16:45:10 现有狗粮: 8451
Apr 23 16:45:10 
Apr 23 16:45:10 
Apr 23 16:45:10 ===以下是京东账号1 jd_60103fd1c8cd9 2人赛跑信息===
Apr 23 16:45:10 
Apr 23 16:45:10 赛跑状态：participate
Apr 23 16:45:10 
Apr 23 16:45:10 您当前里程：35.66KM
Apr 23 16:45:10 当前排名:第1名
Apr 23 16:45:10 将获得积分:300
Apr 23 16:45:10 
Apr 23 16:45:10 对手 GAO139*****748 当前里程：21.5KM
Apr 23 16:45:10 
Apr 23 16:45:10 今日已参赛，下面显示应援团信息
Apr 23 16:45:11 晨曦的应援团信息如下
Apr 23 16:45:11 团员：0个
Apr 23 16:45:11 团员助力的里程数：0
Apr 23 16:45:11 
Apr 23 16:45:11 暂无好友为您助力赛跑，如需助力，请手动去邀请好友助力
Apr 23 16:45:11 
Apr 23 16:45:11 
Apr 23 16:45:11 现有积分: 2880
Apr 23 16:45:11 现有狗粮: 8451
Apr 23 16:45:11 喂养次数: 63
Apr 23 16:45:11 宠物等级: 13
Apr 23 16:45:11 
Apr 23 16:45:11 
Apr 23 16:45:11 
Apr 23 16:45:11 🔔宠汪汪, 结束! 🕛 1.948 秒
Apr 23 16:45:11 
Apr 23 18:45:24 
Apr 23 18:45:24 🔔宠汪汪, 开始!
Apr 23 18:45:24 
Apr 23 18:45:24 ====================共1个京东账号Cookie=========
Apr 23 18:45:24 
Apr 23 18:45:24 ==================脚本执行- 北京时间(UTC+8)：4/23/2021, 6:45:24 PM=====================
Apr 23 18:45:24 
Apr 23 18:45:25 
Apr 23 18:45:25 开始【京东账号1】jd_60103fd1c8cd9
Apr 23 18:45:25 
Apr 23 18:45:25 您设置的喂食数量:10g
Apr 23 18:45:25 
Apr 23 18:45:25 实际的喂食数量:10g
Apr 23 18:45:25 
Apr 23 18:45:25 喂食失败：您的汪汪正在食用中,请稍后再喂食
Apr 23 18:45:25 -----每日三餐-----
Apr 23 18:45:25 三餐结果领取成功
Apr 23 18:45:25 每日签到未完成,需要自己手动去微信小程序【来客有礼】签到，可获得京豆奖励
Apr 23 18:45:25 每日兑换未完成
Apr 23 18:45:25 每日帮好友喂一次狗粮未完成
Apr 23 18:45:25 
Apr 23 18:45:25 每日喂狗粮任务进行中
Apr 23 18:45:25 
Apr 23 18:45:25 未完成,需要自己手动去邀请好友给你助力,可以获得狗粮
Apr 23 18:45:25 关注店铺 任务已完成
Apr 23 18:45:25 逛会场 任务已完成
Apr 23 18:45:25 浏览频道 任务已完成
Apr 23 18:45:25 关注商品 任务已完成
Apr 23 18:45:25 每日参与一次宠物赛跑 任务已完成
Apr 23 18:45:25 看激励视频 任务已完成
Apr 23 18:45:25 
Apr 23 18:45:25 限时商品货架已下架
Apr 23 18:45:25 现有狗粮: 8456
Apr 23 18:45:25 
Apr 23 18:45:25 
Apr 23 18:45:25 ===以下是京东账号1 jd_60103fd1c8cd9 2人赛跑信息===
Apr 23 18:45:25 
Apr 23 18:45:25 赛跑状态：participate
Apr 23 18:45:25 
Apr 23 18:45:25 您当前里程：35.66KM
Apr 23 18:45:25 当前排名:第1名
Apr 23 18:45:25 将获得积分:300
Apr 23 18:45:25 
Apr 23 18:45:25 对手 GAO139*****748 当前里程：21.5KM
Apr 23 18:45:25 
Apr 23 18:45:25 今日已参赛，下面显示应援团信息
Apr 23 18:45:25 晨曦的应援团信息如下
Apr 23 18:45:25 团员：0个
Apr 23 18:45:25 团员助力的里程数：0
Apr 23 18:45:25 
Apr 23 18:45:25 暂无好友为您助力赛跑，如需助力，请手动去邀请好友助力
Apr 23 18:45:25 
Apr 23 18:45:25 
Apr 23 18:45:25 现有积分: 2880
Apr 23 18:45:25 现有狗粮: 8456
Apr 23 18:45:25 喂养次数: 63
Apr 23 18:45:25 宠物等级: 13
Apr 23 18:45:25 
Apr 23 18:45:25 
Apr 23 18:45:25 
Apr 23 18:45:25 🔔宠汪汪, 结束! 🕛 1.72 秒
Apr 23 18:45:25 
