Apr 22 00:00:02 
Apr 22 00:00:02 🔔宠汪汪积分兑换奖品, 开始!
Apr 22 00:00:02 
Apr 22 00:00:02 ====================共1个京东账号Cookie=========
Apr 22 00:00:02 
Apr 22 00:00:02 ==================脚本执行- 北京时间(UTC+8)：4/22/2021, 12:00:02 AM=====================
Apr 22 00:00:02 
Apr 22 00:00:04 
Apr 22 00:00:04 *****开始【京东账号1】jd_60103fd1c8cd9****
Apr 22 00:00:04 
Apr 22 00:00:04 脚本开始请求时间 2021-04-22 00:00:04 | 223
Apr 22 00:00:06 
Apr 22 00:00:06 debug场次:beanConfigs0
Apr 22 00:00:06 
Apr 22 00:00:06 20京豆当前库存:2517，id：338
Apr 22 00:00:06 500京豆当前库存:0，id：339
Apr 22 00:00:06 
Apr 22 00:00:06 按您设置的兑换500京豆失败，原因：京豆库存不足，已抢完，请下一场再兑换
Apr 22 00:00:06 
Apr 22 00:00:06 
Apr 22 00:00:06 🔔宠汪汪积分兑换奖品, 结束! 🕛 4.117 秒
Apr 22 00:00:06 
Apr 22 08:00:00 
Apr 22 08:00:00 🔔宠汪汪积分兑换奖品, 开始!
Apr 22 08:00:00 
Apr 22 08:00:00 ====================共1个京东账号Cookie=========
Apr 22 08:00:00 
Apr 22 08:00:00 ==================脚本执行- 北京时间(UTC+8)：4/22/2021, 8:00:00 AM=====================
Apr 22 08:00:00 
Apr 22 08:00:01 
Apr 22 08:00:01 *****开始【京东账号1】jd_60103fd1c8cd9****
Apr 22 08:00:01 
Apr 22 08:00:01 脚本开始请求时间 2021-04-22 08:00:01 | 72
Apr 22 08:00:08 
Apr 22 08:00:08 debug场次:beanConfigs8
Apr 22 08:00:08 
Apr 22 08:00:08 20京豆当前库存:3149，id：338
Apr 22 08:00:08 500京豆当前库存:0，id：339
Apr 22 08:00:08 
Apr 22 08:00:08 按您设置的兑换500京豆失败，原因：京豆库存不足，已抢完，请下一场再兑换
Apr 22 08:00:08 
Apr 22 08:00:08 
Apr 22 08:00:08 🔔宠汪汪积分兑换奖品, 结束! 🕛 8.264 秒
Apr 22 08:00:08 
Apr 22 16:00:00 
Apr 22 16:00:00 🔔宠汪汪积分兑换奖品, 开始!
Apr 22 16:00:00 
Apr 22 16:00:00 ====================共1个京东账号Cookie=========
Apr 22 16:00:00 
Apr 22 16:00:00 ==================脚本执行- 北京时间(UTC+8)：4/22/2021, 4:00:00 PM=====================
Apr 22 16:00:00 
Apr 22 16:00:01 
Apr 22 16:00:01 *****开始【京东账号1】jd_60103fd1c8cd9****
Apr 22 16:00:01 
Apr 22 16:00:01 脚本开始请求时间 2021-04-22 16:00:01 | 633
Apr 22 16:00:05 
Apr 22 16:00:05 debug场次:beanConfigs16
Apr 22 16:00:05 
Apr 22 16:00:05 20京豆当前库存:3921，id：338
Apr 22 16:00:05 500京豆当前库存:0，id：339
Apr 22 16:00:05 
Apr 22 16:00:05 按您设置的兑换500京豆失败，原因：京豆库存不足，已抢完，请下一场再兑换
Apr 22 16:00:05 
Apr 22 16:00:05 
Apr 22 16:00:05 🔔宠汪汪积分兑换奖品, 结束! 🕛 4.169 秒
Apr 22 16:00:05 
Apr 23 00:00:02 
Apr 23 00:00:02 🔔宠汪汪积分兑换奖品, 开始!
Apr 23 00:00:02 
Apr 23 00:00:02 ====================共1个京东账号Cookie=========
Apr 23 00:00:02 
Apr 23 00:00:03 ==================脚本执行- 北京时间(UTC+8)：4/23/2021, 12:00:02 AM=====================
Apr 23 00:00:03 
Apr 23 00:00:05 
Apr 23 00:00:05 *****开始【京东账号1】jd_60103fd1c8cd9****
Apr 23 00:00:05 
Apr 23 00:00:05 脚本开始请求时间 2021-04-23 00:00:05 | 723
Apr 23 00:00:09 
Apr 23 00:00:09 debug场次:beanConfigs0
Apr 23 00:00:09 
Apr 23 00:00:09 20京豆当前库存:0，id：338
Apr 23 00:00:09 500京豆当前库存:0，id：339
Apr 23 00:00:09 
Apr 23 00:00:09 按您设置的兑换500京豆失败，原因：京豆库存不足，已抢完，请下一场再兑换
Apr 23 00:00:09 
Apr 23 00:00:09 
Apr 23 00:00:09 🔔宠汪汪积分兑换奖品, 结束! 🕛 7.033 秒
Apr 23 00:00:09 
Apr 23 08:00:00 
Apr 23 08:00:00 🔔宠汪汪积分兑换奖品, 开始!
Apr 23 08:00:00 
Apr 23 08:00:00 ====================共1个京东账号Cookie=========
Apr 23 08:00:00 
Apr 23 08:00:00 ==================脚本执行- 北京时间(UTC+8)：4/23/2021, 8:00:00 AM=====================
Apr 23 08:00:00 
Apr 23 08:00:01 
Apr 23 08:00:01 *****开始【京东账号1】jd_60103fd1c8cd9****
Apr 23 08:00:01 
Apr 23 08:00:01 脚本开始请求时间 2021-04-23 08:00:01 | 573
Apr 23 08:00:03 
Apr 23 08:00:03 debug场次:beanConfigs8
Apr 23 08:00:03 
Apr 23 08:00:03 20京豆当前库存:4876，id：338
Apr 23 08:00:03 500京豆当前库存:0，id：339
Apr 23 08:00:03 
Apr 23 08:00:03 按您设置的兑换500京豆失败，原因：京豆库存不足，已抢完，请下一场再兑换
Apr 23 08:00:03 
Apr 23 08:00:03 
Apr 23 08:00:03 🔔宠汪汪积分兑换奖品, 结束! 🕛 2.328 秒
Apr 23 08:00:03 
Apr 23 16:00:00 
Apr 23 16:00:00 🔔宠汪汪积分兑换奖品, 开始!
Apr 23 16:00:00 
Apr 23 16:00:00 ====================共1个京东账号Cookie=========
Apr 23 16:00:00 
Apr 23 16:00:01 ==================脚本执行- 北京时间(UTC+8)：4/23/2021, 4:00:00 PM=====================
Apr 23 16:00:01 
Apr 23 16:00:01 
Apr 23 16:00:01 *****开始【京东账号1】jd_60103fd1c8cd9****
Apr 23 16:00:01 
Apr 23 16:00:01 脚本开始请求时间 2021-04-23 16:00:01 | 781
Apr 23 16:00:05 SyntaxError: Unexpected end of JSON input
Apr 23 16:00:05     at JSON.parse (<anonymous>)
Apr 23 16:00:05     at safeGet (/scripts/jd_joy_reward.js:392:21)
Apr 23 16:00:05     at /scripts/jd_joy_reward.js:248:15
Apr 23 16:00:05     at isSurge.isLoon.isQuanX.isNode.got.on.then.message (/scripts/jd_joy_reward.js:403:4869)
Apr 23 16:00:05     at processTicksAndRejections (internal/process/task_queues.js:93:5)
Apr 23 16:00:05 京东服务器访问数据为空，请检查自身设备网络情况
Apr 23 16:00:05 宠汪汪积分兑换奖品getExchangeRewards异常,{}
Apr 23 16:00:05 
Apr 23 16:00:05 🔔宠汪汪积分兑换奖品, 结束! 🕛 4.332 秒
Apr 23 16:00:05 
