Mar 22 08:13:15 
Mar 22 08:13:15 🔔京小兑, 开始!
Mar 22 08:13:15 
Mar 22 08:13:15 ====================共1个京东账号Cookie=========
Mar 22 08:13:15 
Mar 22 08:13:15 ==================脚本执行- 北京时间(UTC+8)：3/22/2021, 8:13:15 AM=====================
Mar 22 08:13:15 
Mar 22 08:13:15 脚本自动把抽奖卷兑换为兑币
Mar 22 08:13:16 
Mar 22 08:13:16 ******开始【京东账号1】burst3166*********
Mar 22 08:13:16 
Mar 22 08:13:16 "Response code 500 (Internal Server Error)"
Mar 22 08:13:16 京小兑 API请求失败，请检查网路重试
Mar 22 08:13:18 当前兑币：18985
Mar 22 08:13:18 "Response code 500 (Internal Server Error)"
Mar 22 08:13:18 京小兑 API请求失败，请检查网路重试
Mar 22 08:13:20 【抽3人，送十四行诗泡茶礼盒】已参与，去检查任务列表
Mar 22 08:13:21 "Response code 502 (Bad Gateway)"
Mar 22 08:13:21 京小兑 API请求失败，请检查网路重试
Mar 22 08:13:22 【抽30人，每人送100京豆】已参与，去检查任务列表
Mar 22 08:13:23 "Response code 500 (Internal Server Error)"
Mar 22 08:13:23 京小兑 API请求失败，请检查网路重试
Mar 22 08:13:24 【每天抽30人，每人送10京豆】已参与，去检查任务列表
Mar 22 08:13:26 【抽3人，每人送10元京东卡】已参与，去检查任务列表
Mar 22 08:13:28 【抽30人，送公益纪念明信片】已参与，去检查任务列表
Mar 22 08:13:31 【抽一人，送Apple iPhone 12】已参与，去检查任务列表
Mar 22 08:13:33 【每天抽30人，每人送10京豆】未参与，去参与
Mar 22 08:13:33 成功
Mar 22 08:13:34 "Response code 502 (Bad Gateway)"
Mar 22 08:13:34 京小兑 API请求失败，请检查网路重试
Mar 22 08:13:35 【抽30人，每人送100京豆】已参与，去检查任务列表
Mar 22 08:13:36 "Response code 502 (Bad Gateway)"
Mar 22 08:13:36 京小兑 API请求失败，请检查网路重试
Mar 22 08:13:37 【抽3人，每人送10元京东卡】未参与，去参与
Mar 22 08:13:37 成功
Mar 22 08:13:38 观看视频广告任务未完成，去完成
Mar 22 08:13:39 成功
Mar 22 08:13:42 任务领奖失败，没有可领取的奖励
Mar 22 08:13:44 剩余抽奖券：201
Mar 22 08:13:45 去兑换兑币
Mar 22 08:13:45 "Response code 502 (Bad Gateway)"
Mar 22 08:13:45 京小兑 API请求失败，请检查网路重试
Mar 22 08:13:47 当前运行时间：8点，不满足10~11点签到任务条件
Mar 22 08:13:49 去领奖
Mar 22 08:13:49 任务领奖成功，获得 400 兑币
Mar 22 08:13:51 任务完成成功
Mar 22 08:13:52 "Response code 502 (Bad Gateway)"
Mar 22 08:13:52 京小兑 API请求失败，请检查网路重试
Mar 22 08:13:56 京东账号1burst3166
Mar 22 08:13:56 本次运行获得 400 兑币
Mar 22 08:13:57 
Mar 22 08:13:57 ******开始【京东账号1】的循环互助*********
Mar 22 08:13:57 
Mar 22 08:13:57 
Mar 22 08:13:57 开始助力活动id：【CY_9801】
Mar 22 08:13:57 好友今日抽奖码已达上限，请明日再来
Mar 22 08:13:58 好友今日抽奖码已达上限，请明日再来
Mar 22 08:13:59 "Response code 502 (Bad Gateway)"
Mar 22 08:13:59 京小兑 API请求失败，请检查网路重试
Mar 22 08:14:00 好友今日抽奖码已达上限，请明日再来
Mar 22 08:14:01 "Response code 502 (Bad Gateway)"
Mar 22 08:14:01 京小兑 API请求失败，请检查网路重试
Mar 22 08:14:02 好友今日抽奖码已达上限，请明日再来
Mar 22 08:14:03 好友今日抽奖码已达上限，请明日再来
Mar 22 08:14:04 好友今日抽奖码已达上限，请明日再来
Mar 22 08:14:10 
Mar 22 08:14:10 开始助力活动id：【CY_9404】
Mar 22 08:14:10 好友今日抽奖码已达上限，请明日再来
Mar 22 08:14:11 好友今日抽奖码已达上限，请明日再来
Mar 22 08:14:12 "Response code 502 (Bad Gateway)"
Mar 22 08:14:12 京小兑 API请求失败，请检查网路重试
Mar 22 08:14:14 您还没有参与这场抽奖活动
Mar 22 08:14:15 好友今日抽奖码已达上限，请明日再来
Mar 22 08:14:16 好友今日抽奖码已达上限，请明日再来
Mar 22 08:14:17 好友今日抽奖码已达上限，请明日再来
Mar 22 08:14:18 好友今日抽奖码已达上限，请明日再来
Mar 22 08:14:24 
Mar 22 08:14:24 开始助力活动id：【CY_9603】
Mar 22 08:14:24 "Response code 502 (Bad Gateway)"
Mar 22 08:14:24 京小兑 API请求失败，请检查网路重试
Mar 22 08:14:25 好友今日抽奖码已达上限，请明日再来
Mar 22 08:14:26 好友今日抽奖码已达上限，请明日再来
Mar 22 08:14:27 "Response code 502 (Bad Gateway)"
Mar 22 08:14:27 京小兑 API请求失败，请检查网路重试
Mar 22 08:14:28 好友今日抽奖码已达上限，请明日再来
Mar 22 08:14:29 好友今日抽奖码已达上限，请明日再来
Mar 22 08:14:30 好友今日抽奖码已达上限，请明日再来
Mar 22 08:14:31 好友今日抽奖码已达上限，请明日再来
Mar 22 08:14:37 
Mar 22 08:14:37 开始助力活动id：【CY_9405】
Mar 22 08:14:37 "Response code 502 (Bad Gateway)"
Mar 22 08:14:37 京小兑 API请求失败，请检查网路重试
Mar 22 08:14:38 好友今日抽奖码已达上限，请明日再来
Mar 22 08:14:39 好友今日抽奖码已达上限，请明日再来
Mar 22 08:14:40 好友今日抽奖码已达上限，请明日再来
Mar 22 08:14:41 "Response code 502 (Bad Gateway)"
Mar 22 08:14:41 京小兑 API请求失败，请检查网路重试
Mar 22 08:14:43 好友今日抽奖码已达上限，请明日再来
Mar 22 08:14:44 好友今日抽奖码已达上限，请明日再来
Mar 22 08:14:45 "Response code 502 (Bad Gateway)"
Mar 22 08:14:45 京小兑 API请求失败，请检查网路重试
Mar 22 08:14:51 
Mar 22 08:14:51 开始助力活动id：【CY_9109】
Mar 22 08:14:51 好友今日抽奖码已达上限，请明日再来
Mar 22 08:14:52 好友今日抽奖码已达上限，请明日再来
Mar 22 08:14:53 "Response code 502 (Bad Gateway)"
Mar 22 08:14:53 京小兑 API请求失败，请检查网路重试
Mar 22 08:14:54 "Response code 502 (Bad Gateway)"
Mar 22 08:14:54 京小兑 API请求失败，请检查网路重试
Mar 22 08:14:55 好友今日抽奖码已达上限，请明日再来
Mar 22 08:14:56 好友今日抽奖码已达上限，请明日再来
Mar 22 08:14:57 好友今日抽奖码已达上限，请明日再来
Mar 22 08:14:58 好友今日抽奖码已达上限，请明日再来
Mar 22 08:15:04 
Mar 22 08:15:04 开始助力活动id：【CY_8829】
Mar 22 08:15:04 好友今日抽奖码已达上限，请明日再来
Mar 22 08:15:05 好友今日抽奖码已达上限，请明日再来
Mar 22 08:15:06 "Response code 502 (Bad Gateway)"
Mar 22 08:15:06 京小兑 API请求失败，请检查网路重试
Mar 22 08:15:07 好友今日抽奖码已达上限，请明日再来
Mar 22 08:15:08 好友今日抽奖码已达上限，请明日再来
Mar 22 08:15:09 好友今日抽奖码已达上限，请明日再来
Mar 22 08:15:10 好友今日抽奖码已达上限，请明日再来
Mar 22 08:15:11 好友今日抽奖码已达上限，请明日再来
Mar 22 08:15:17 
Mar 22 08:15:17 开始助力活动id：【CY_9702】
Mar 22 08:15:18 好友今日抽奖码已达上限，请明日再来
Mar 22 08:15:19 好友今日抽奖码已达上限，请明日再来
Mar 22 08:15:20 好友今日抽奖码已达上限，请明日再来
Mar 22 08:15:21 您还没有参与这场抽奖活动
Mar 22 08:15:22 好友今日抽奖码已达上限，请明日再来
Mar 22 08:15:23 好友今日抽奖码已达上限，请明日再来
Mar 22 08:15:24 "Response code 502 (Bad Gateway)"
Mar 22 08:15:24 京小兑 API请求失败，请检查网路重试
Mar 22 08:15:25 好友今日抽奖码已达上限，请明日再来
Mar 22 08:15:31 
Mar 22 08:15:31 开始助力活动id：【CY_9602】
Mar 22 08:15:31 好友今日抽奖码已达上限，请明日再来
Mar 22 08:15:32 "Response code 502 (Bad Gateway)"
Mar 22 08:15:32 京小兑 API请求失败，请检查网路重试
Mar 22 08:15:33 好友今日抽奖码已达上限，请明日再来
Mar 22 08:15:34 您还没有参与这场抽奖活动
Mar 22 08:15:35 好友今日抽奖码已达上限，请明日再来
Mar 22 08:15:36 好友今日抽奖码已达上限，请明日再来
Mar 22 08:15:37 好友今日抽奖码已达上限，请明日再来
Mar 22 08:15:38 好友今日抽奖码已达上限，请明日再来
Mar 22 08:15:44 
Mar 22 08:15:44 开始助力活动id：【CY_9701】
Mar 22 08:15:44 好友今日抽奖码已达上限，请明日再来
Mar 22 08:15:45 好友今日抽奖码已达上限，请明日再来
Mar 22 08:15:47 好友今日抽奖码已达上限，请明日再来
Mar 22 08:15:48 好友今日抽奖码已达上限，请明日再来
Mar 22 08:15:49 好友今日抽奖码已达上限，请明日再来
Mar 22 08:15:50 好友今日抽奖码已达上限，请明日再来
Mar 22 08:15:51 "Response code 502 (Bad Gateway)"
Mar 22 08:15:51 京小兑 API请求失败，请检查网路重试
Mar 22 08:15:52 "Response code 502 (Bad Gateway)"
Mar 22 08:15:52 京小兑 API请求失败，请检查网路重试
Mar 22 08:15:58 
Mar 22 08:15:58 🔔京小兑, 结束! 🕛 162.794 秒
Mar 22 08:15:58 
