Mar 31 01:47:00 
Mar 31 01:47:00 🔔京东快递签到, 开始!
Mar 31 01:47:00 
Mar 31 01:47:00 ====================共1个京东账号Cookie=========
Mar 31 01:47:00 
Mar 31 01:47:00 ==================脚本执行- 北京时间(UTC+8)：3/31/2021, 1:47:00 AM=====================
Mar 31 01:47:00 
Mar 31 01:47:01 
Mar 31 01:47:01 ******开始【京东账号1】burst3166*********
Mar 31 01:47:01 
Mar 31 01:47:03 今日签到成功，获得1京豆
Mar 31 01:47:03 
Mar 31 01:47:03 ==============📣系统通知📣==============
Mar 31 01:47:03 京东快递签到
Mar 31 01:47:03 【京东账号1】burst3166
Mar 31 01:47:03 今日签到成功，获得1京豆 🐶
Mar 31 01:47:03 
Mar 31 01:47:03 
Mar 31 01:47:03 🔔京东快递签到, 结束! 🕛 2.253 秒
Mar 31 01:47:03 
Apr 01 01:47:16 
Apr 01 01:47:16 🔔京东快递签到, 开始!
Apr 01 01:47:16 
Apr 01 01:47:16 ====================共1个京东账号Cookie=========
Apr 01 01:47:16 
Apr 01 01:47:16 ==================脚本执行- 北京时间(UTC+8)：4/1/2021, 1:47:16 AM=====================
Apr 01 01:47:16 
Apr 01 01:47:17 
Apr 01 01:47:17 ******开始【京东账号1】burst3166*********
Apr 01 01:47:17 
Apr 01 01:47:17 今日签到成功，获得1京豆
Apr 01 01:47:17 
Apr 01 01:47:17 ==============📣系统通知📣==============
Apr 01 01:47:17 京东快递签到
Apr 01 01:47:17 【京东账号1】burst3166
Apr 01 01:47:17 今日签到成功，获得1京豆 🐶
Apr 01 01:47:17 
Apr 01 01:47:17 
Apr 01 01:47:17 🔔京东快递签到, 结束! 🕛 0.828 秒
Apr 01 01:47:17 
