Apr 22 00:00:21 
Apr 22 00:00:21 🔔京东抽奖机, 开始!
Apr 22 00:00:21 
Apr 22 00:00:21 ====================共1个京东账号Cookie=========
Apr 22 00:00:21 
Apr 22 00:00:21 ==================脚本执行- 北京时间(UTC+8)：4/22/2021, 12:00:21 AM=====================
Apr 22 00:00:21 
Apr 22 00:00:21 
Apr 22 00:00:21 第1个抽奖活动【1EFRRxA】
Apr 22 00:00:21 functionId：interact_template_getHomeData
Apr 22 00:00:21 
Apr 22 00:00:21 ***************开始京东账号1 jd_60103fd1c8cd9***************
Apr 22 00:00:22 邀请码：T0225KkcRh4Y9VeBdBunnKRefQCjVWmIaW5kRrbA
Apr 22 00:00:22 邀请好友助力：0/10
Apr 22 00:00:22 
Apr 22 00:00:22 
Apr 22 00:00:22 第2个抽奖活动【1EFRQwA】
Apr 22 00:00:22 functionId：interact_template_getHomeData
Apr 22 00:00:22 
Apr 22 00:00:22 ***************开始京东账号1 jd_60103fd1c8cd9***************
Apr 22 00:00:22 邀请码：T0225KkcRh4Y9VeBdBunnKRefQCjVXnIaW5kRrbA
Apr 22 00:00:22 邀请好友助力：0/10
Apr 22 00:00:22 
Apr 22 00:00:22 
Apr 22 00:00:22 第3个抽奖活动【1EFRTyg】
Apr 22 00:00:22 functionId：healthyDay_getHomeData
Apr 22 00:00:22 
Apr 22 00:00:22 ***************开始京东账号1 jd_60103fd1c8cd9***************
Apr 22 00:00:22 邀请码：T0225KkcRh4Y9VeBdBunnKRefQCjVUloaW5kRrbA
Apr 22 00:00:22 邀请好友助力：0/3
Apr 22 00:00:22 
Apr 22 00:00:22 
Apr 22 00:00:22 第4个抽奖活动【1EFRXxg】
Apr 22 00:00:22 functionId：healthyDay_getHomeData
Apr 22 00:00:22 
Apr 22 00:00:22 ***************开始京东账号1 jd_60103fd1c8cd9***************
Apr 22 00:00:22 邀请码：T0225KkcRh4Y9VeBdBunnKRefQCjVQmoaT5kRrbA
Apr 22 00:00:22 邀请好友助力：0/10
Apr 22 00:00:22 
Apr 22 00:00:22 
Apr 22 00:00:22 第5个抽奖活动【1EFRZwA】
Apr 22 00:00:22 functionId：healthyDay_getHomeData
Apr 22 00:00:22 
Apr 22 00:00:22 ***************开始京东账号1 jd_60103fd1c8cd9***************
Apr 22 00:00:22 邀请码：T0225KkcRh4Y9VeBdBunnKRefQCjVenIaW5kRrbA
Apr 22 00:00:22 邀请好友助力：0/4
Apr 22 00:00:22 
Apr 22 00:00:22 
Apr 22 00:00:22 第6个抽奖活动【1EFRZwQ】
Apr 22 00:00:22 functionId：healthyDay_getHomeData
Apr 22 00:00:22 
Apr 22 00:00:22 ***************开始京东账号1 jd_60103fd1c8cd9***************
Apr 22 00:00:22 邀请码：T0225KkcRh4Y9VeBdBunnKRefQCjVenYaW5kRrbA
Apr 22 00:00:22 邀请好友助力：0/3
Apr 22 00:00:22 
Apr 22 00:00:22 
Apr 22 00:00:22 第7个抽奖活动【1EFRYwA】
Apr 22 00:00:22 functionId：healthyDay_getHomeData
Apr 22 00:00:22 
Apr 22 00:00:22 ***************开始京东账号1 jd_60103fd1c8cd9***************
Apr 22 00:00:22 邀请码：T0225KkcRh4Y9VeBdBunnKRefQCjVfnIaW5kRrbA
Apr 22 00:00:22 邀请好友助力：0/3
Apr 22 00:00:22 
Apr 22 00:00:22 
Apr 22 00:00:22 第8个抽奖活动【1EFRYxw】
Apr 22 00:00:22 functionId：healthyDay_getHomeData
Apr 22 00:00:22 
Apr 22 00:00:22 ***************开始京东账号1 jd_60103fd1c8cd9***************
Apr 22 00:00:22 邀请码：T0225KkcRh4Y9VeBdBunnKRefQCjVfm4aW5kRrbA
Apr 22 00:00:22 邀请好友助力：0/4
Apr 22 00:00:22 
Apr 22 00:00:23 
Apr 22 00:00:23 🔔京东抽奖机, 开始!
Apr 22 00:00:23 共1个京东账号
Apr 22 00:00:23 
Apr 22 00:00:23 
Apr 22 00:00:23 14-邀人助力任务-已完成0-未完成10
Apr 22 00:00:23 任务已完成
Apr 22 00:00:23 
Apr 22 00:00:23 2-多喜爱家纺 乳胶枕 泰国进口天然乳胶原液乳胶枕按摩颈椎一对装2只装  泰德乳胶对枕 灵秀款-已完成0-未完成2
Apr 22 00:00:23 
Apr 22 00:00:23 多喜爱家纺 乳胶枕 泰国进口天然乳胶原液乳胶枕按摩颈椎一对装2只装  泰德乳胶对枕 灵秀款
Apr 22 00:00:23 success
Apr 22 00:00:23 
Apr 22 00:00:23 【满299减200】萨啦咪 卤味琵琶翅5包 温州特产 休闲零食 肉干肉脯 鸭翅根零食小吃
Apr 22 00:00:23 success
Apr 22 00:00:23 
Apr 22 00:00:23 开始抽奖
Apr 22 00:00:24 
Apr 22 00:00:24 开始抽奖
Apr 22 00:00:24 
Apr 22 00:00:24 1-大宇电器家电京东自营旗舰店-已完成0-未完成2
Apr 22 00:00:24 
Apr 22 00:00:24 大宇电器家电京东自营旗舰店
Apr 22 00:00:24 success
Apr 22 00:00:24 
Apr 22 00:00:24 浪凡（LANVIN）香氛京东自营专区
Apr 22 00:00:24 success
Apr 22 00:00:24 
Apr 22 00:00:24 开始抽奖
Apr 22 00:00:24 
Apr 22 00:00:24 开始抽奖
Apr 22 00:00:24 
Apr 22 00:00:24 3-逛今日必拼活动-已完成0-未完成2
Apr 22 00:00:24 
Apr 22 00:00:24 逛今日必拼活动
Apr 22 00:00:24 success
Apr 22 00:00:24 
Apr 22 00:00:24 浏览锦鲤红包
Apr 22 00:00:24 success
Apr 22 00:00:24 
Apr 22 00:00:24 开始抽奖
Apr 22 00:00:24 
Apr 22 00:00:24 开始抽奖
Apr 22 00:00:24 
Apr 22 00:00:24 3-逛京东秒杀频道-已完成0-未完成2
Apr 22 00:00:24 
Apr 22 00:00:24 逛京东秒杀频道
Apr 22 00:00:24 success
Apr 22 00:00:24 
Apr 22 00:00:24 浏览特价频道
Apr 22 00:00:24 success
Apr 22 00:00:24 
Apr 22 00:00:24 开始抽奖
Apr 22 00:00:24 
Apr 22 00:00:24 开始抽奖
Apr 22 00:00:25 
Apr 22 00:00:25 开始抽奖
Apr 22 00:00:25 快去完成任务获得抽奖资格吧
Apr 22 00:00:25 
Apr 22 00:00:25 开始第2个抽奖活动
Apr 22 00:00:25 jd_lotteryMachine.js文件  CDN刷新成功
Apr 22 00:00:25 
Apr 22 00:00:25 13-连续签到任务（7天）-已完成0-未完成1
Apr 22 00:00:25 success
Apr 22 00:00:25 
Apr 22 00:00:25 14-邀人助力任务-已完成0-未完成10
Apr 22 00:00:25 任务已完成
Apr 22 00:00:25 
Apr 22 00:00:25 2-芳丹薄罗 红参蜗牛多效修护洁面乳 女士洗面奶清洁毛孔 补水保湿 105g-已完成0-未完成3
Apr 22 00:00:25 
Apr 22 00:00:25 芳丹薄罗 红参蜗牛多效修护洁面乳 女士洗面奶清洁毛孔 补水保湿 105g
Apr 22 00:00:25 success
Apr 22 00:00:25 
Apr 22 00:00:25 JIORNIEE季欧妮玫瑰花瓣精粹面膜膏山东平阴玫瑰花全因子面膜膏玫瑰面膜膏补水保湿面膜男女学生 单盒装（160克/盒）
Apr 22 00:00:25 success
Apr 22 00:00:25 
Apr 22 00:00:25 名欧防晒霜套装（补水防晒霜50ml+晒后修护凝胶40g）清爽保湿不油腻隔离防晒乳防晒露温和亲肤
Apr 22 00:00:25 success
Apr 22 00:00:25 
Apr 22 00:00:25 开始抽奖
Apr 22 00:00:25 京豆:3
Apr 22 00:00:25 
Apr 22 00:00:25 3-9.9买到爽-已完成0-未完成2
Apr 22 00:00:25 
Apr 22 00:00:25 9.9买到爽
Apr 22 00:00:25 success
Apr 22 00:00:25 
Apr 22 00:00:25 查看精选补贴好物
Apr 22 00:00:25 success
Apr 22 00:00:25 
Apr 22 00:00:25 开始抽奖
Apr 22 00:00:25 京豆:3
Apr 22 00:00:25 
Apr 22 00:00:25 3-好物1元抢-已完成0-未完成3
Apr 22 00:00:25 
Apr 22 00:00:25 好物1元抢
Apr 22 00:00:25 success
Apr 22 00:00:25 
Apr 22 00:00:25 查看京品好物
Apr 22 00:00:25 success
Apr 22 00:00:25 
Apr 22 00:00:25 宠汪汪-兑换iPhone
Apr 22 00:00:25 success
Apr 22 00:00:25 
Apr 22 00:00:25 开始抽奖
Apr 22 00:00:25 快去完成任务获得抽奖资格吧
Apr 22 00:00:25 
Apr 22 00:00:25 1-汤臣倍健京东自营旗舰店-已完成0-未完成3
Apr 22 00:00:25 
Apr 22 00:00:25 汤臣倍健京东自营旗舰店
Apr 22 00:00:26 success
Apr 22 00:00:26 
Apr 22 00:00:26 闪魔旗舰店
Apr 22 00:00:26 success
Apr 22 00:00:26 
Apr 22 00:00:26 鲜次方旗舰店
Apr 22 00:00:26 success
Apr 22 00:00:26 
Apr 22 00:00:26 开始抽奖
Apr 22 00:00:26 京豆:2
Apr 22 00:00:26 
Apr 22 00:00:26 21-图书会员-已完成0-未完成3
Apr 22 00:00:26 
Apr 22 00:00:26 开始抽奖
Apr 22 00:00:26 快去完成任务获得抽奖资格吧
Apr 22 00:00:26 
Apr 22 00:00:26 开始第3个抽奖活动
Apr 22 00:00:26 
Apr 22 00:00:26 1-关注菲奥清洁用品专营店-已完成0-未完成6
Apr 22 00:00:26 
Apr 22 00:00:26 关注菲奥清洁用品专营店
Apr 22 00:00:26 success
Apr 22 00:00:26 
Apr 22 00:00:26 关注茶守艺官方旗舰店
Apr 22 00:00:26 success
Apr 22 00:00:26 
Apr 22 00:00:26 关注太博尔Tech-Bio官方旗舰店
Apr 22 00:00:26 success
Apr 22 00:00:26 
Apr 22 00:00:26 关注丸丝旗舰店
Apr 22 00:00:26 success
Apr 22 00:00:26 
Apr 22 00:00:26 关注欧诺家庭清洁专营店
Apr 22 00:00:26 success
Apr 22 00:00:26 
Apr 22 00:00:26 关注薄荷健康官方旗舰店
Apr 22 00:00:26 success
Apr 22 00:00:26 
Apr 22 00:00:26 开始抽奖
Apr 22 00:00:26 
Apr 22 00:00:26 开始抽奖
Apr 22 00:00:26 
Apr 22 00:00:26 8-浏览热卖爆品-已完成0-未完成6
Apr 22 00:00:26 
Apr 22 00:00:26 威莱娅(wereal)多用途消毒液家用杀菌率99.999%地板宠物衣物家居除菌液 500ml*1瓶
Apr 22 00:00:26 任务领取成功
Apr 22 00:00:33 success
Apr 22 00:00:33 
Apr 22 00:00:33 羽绒服清洗剂干洗剂棉衣免水洗神器泡沫去污清洁剂白色羽绒服顽固污渍干洗剂免洗洗涤剂喷雾清洗液 羽绒服清洗剂150g
Apr 22 00:00:33 任务领取成功
Apr 22 00:00:39 success
Apr 22 00:00:39 
Apr 22 00:00:39 薄荷健康轻卡零食大礼包女低零食小吃休闲食品脂网红解馋控卡 【18袋尝鲜装】轻卡零食323g
Apr 22 00:00:39 任务领取成功
Apr 22 00:00:45 success
Apr 22 00:00:45 
Apr 22 00:00:45 太博尔TECH-BIO免洗手杀菌洗手液凝胶消毒液医通用75%酒精滋润护肤学生户外速干便携防疫家庭组合 【冀卫消证字】500ml
Apr 22 00:00:45 任务领取成功
Apr 22 00:00:51 success
Apr 22 00:00:51 
Apr 22 00:00:51 茶守艺（Teaskill）湖南省茶业集团 湖南红茶办公室茶下午茶 袋泡茶包 茶叶 五彩湘茶 湖南红茶
Apr 22 00:00:51 任务领取成功
Apr 22 00:00:57 success
Apr 22 00:00:57 
Apr 22 00:00:57 佳曼 羽绒服清洁湿巾免水洗去油去污干洗剂家用清洗衣物神器 超值装12片x6包
Apr 22 00:00:57 任务领取成功
Apr 22 00:01:03 success
Apr 22 00:01:03 
Apr 22 00:01:03 开始抽奖
Apr 22 00:01:03 
Apr 22 00:01:03 9-浏览欧诺家庭清洁专营店-已完成0-未完成7
Apr 22 00:01:03 
Apr 22 00:01:03 浏览欧诺家庭清洁专营店
Apr 22 00:01:03 任务领取成功
Apr 22 00:01:09 success
Apr 22 00:01:09 
Apr 22 00:01:09 浏览太博尔Tech-Bio官方旗舰店
Apr 22 00:01:09 任务领取成功
Apr 22 00:01:15 success
Apr 22 00:01:15 
Apr 22 00:01:15 浏览爆品会场
Apr 22 00:01:16 任务领取成功
Apr 22 00:01:22 success
Apr 22 00:01:22 
Apr 22 00:01:22 浏览薄荷健康官方旗舰店
Apr 22 00:01:22 任务领取成功
Apr 22 00:01:28 success
Apr 22 00:01:28 
Apr 22 00:01:28 浏览菲奥清洁用品专营店
Apr 22 00:01:28 任务领取成功
Apr 22 00:01:34 success
Apr 22 00:01:34 
Apr 22 00:01:34 浏览丸丝旗舰店
Apr 22 00:01:34 任务领取成功
Apr 22 00:01:40 success
Apr 22 00:01:40 
Apr 22 00:01:40 浏览茶守艺官方旗舰店
Apr 22 00:01:40 任务领取成功
Apr 22 00:01:46 success
Apr 22 00:01:46 
Apr 22 00:01:46 开始抽奖
Apr 22 00:01:46 
Apr 22 00:01:46 14-邀请好友助力-已完成0-未完成3
Apr 22 00:01:46 任务已完成
Apr 22 00:01:46 
Apr 22 00:01:46 开始抽奖
Apr 22 00:01:46 快去完成任务获得抽奖资格吧
Apr 22 00:01:46 
Apr 22 00:01:46 开始第4个抽奖活动
Apr 22 00:01:46 
Apr 22 00:01:46 14-邀请好友助力-已完成0-未完成10
Apr 22 00:01:46 助力已满员！谢谢你哦~
Apr 22 00:01:46 
Apr 22 00:01:46 8-乐蜗家纺LOVO 特丽斯法兰绒毯 罗莱生活出品 150*200cm-已完成0-未完成2
Apr 22 00:01:46 
Apr 22 00:01:46 乐蜗家纺LOVO 特丽斯法兰绒毯 罗莱生活出品 150*200cm
Apr 22 00:01:46 任务领取成功
Apr 22 00:01:52 success
Apr 22 00:01:52 
Apr 22 00:01:52 颜域简约气质蕾丝春装2021年新款女士减龄显瘦时尚白色小衫上衣 白色 M
Apr 22 00:01:52 任务领取成功
Apr 22 00:01:58 success
Apr 22 00:01:59 
Apr 22 00:01:59 开始抽奖
Apr 22 00:01:59 
Apr 22 00:01:59 开始抽奖
Apr 22 00:01:59 
Apr 22 00:01:59 7-诺诗兰京东自营旗舰店-已完成0-未完成2
Apr 22 00:01:59 
Apr 22 00:01:59 诺诗兰京东自营旗舰店
Apr 22 00:01:59 任务领取成功
Apr 22 00:02:05 success
Apr 22 00:02:05 
Apr 22 00:02:05 酒矿京东自营旗舰店
Apr 22 00:02:05 任务领取成功
Apr 22 00:02:11 success
Apr 22 00:02:11 
Apr 22 00:02:11 开始抽奖
Apr 22 00:02:11 
Apr 22 00:02:11 开始抽奖
Apr 22 00:02:11 
Apr 22 00:02:11 26-浏览并关注秒杀频道-已完成0-未完成3
Apr 22 00:02:11 
Apr 22 00:02:11 浏览并关注秒杀频道
Apr 22 00:02:11 success
Apr 22 00:02:11 
Apr 22 00:02:11 浏览并关注闪购频道
Apr 22 00:02:11 success
Apr 22 00:02:11 
Apr 22 00:02:11 浏览并关注特价频道
Apr 22 00:02:11 success
Apr 22 00:02:11 
Apr 22 00:02:11 开始抽奖
Apr 22 00:02:11 
Apr 22 00:02:11 开始抽奖
Apr 22 00:02:11 
Apr 22 00:02:11 开始抽奖
Apr 22 00:02:11 
Apr 22 00:02:11 9-浏览今日必拼活动-已完成0-未完成2
Apr 22 00:02:11 
Apr 22 00:02:11 浏览今日必拼活动
Apr 22 00:02:12 任务领取成功
Apr 22 00:02:18 success
Apr 22 00:02:18 
Apr 22 00:02:18 浏览锦鲤红包
Apr 22 00:02:18 任务领取成功
Apr 22 00:02:24 success
Apr 22 00:02:24 
Apr 22 00:02:24 开始抽奖
Apr 22 00:02:24 
Apr 22 00:02:24 开始抽奖
Apr 22 00:02:24 
Apr 22 00:02:24 开始抽奖
Apr 22 00:02:24 快去完成任务获得抽奖资格吧
Apr 22 00:02:24 
Apr 22 00:02:24 开始第5个抽奖活动
Apr 22 00:02:24 活动已结束
Apr 22 00:02:24 
Apr 22 00:02:24 开始第6个抽奖活动
Apr 22 00:02:24 活动已结束
Apr 22 00:02:24 
Apr 22 00:02:24 开始第7个抽奖活动
Apr 22 00:02:24 
Apr 22 00:02:24 9-浏览童装会场-已完成0-未完成2
Apr 22 00:02:24 
Apr 22 00:02:24 浏览童装会场
Apr 22 00:02:24 任务领取成功
Apr 22 00:02:30 success
Apr 22 00:02:30 
Apr 22 00:02:30 浏览婴童会场
Apr 22 00:02:30 任务领取成功
Apr 22 00:02:36 success
Apr 22 00:02:36 
Apr 22 00:02:36 开始抽奖
Apr 22 00:02:36 京豆:1
Apr 22 00:02:36 
Apr 22 00:02:36 21-开通品牌会员-已完成0-未完成13
Apr 22 00:02:36 
Apr 22 00:02:36 26-关注并浏览频道-已完成0-未完成2
Apr 22 00:02:36 
Apr 22 00:02:36 关注并浏览内衣品质馆
Apr 22 00:02:36 success
Apr 22 00:02:36 
Apr 22 00:02:36 关注并浏览童装甄选馆
Apr 22 00:02:36 success
Apr 22 00:02:37 
Apr 22 00:02:37 开始抽奖
Apr 22 00:02:37 
Apr 22 00:02:37 1-关注并浏览店铺-已完成0-未完成14
Apr 22 00:02:37 
Apr 22 00:02:37 久爱久京东自营旗舰店
Apr 22 00:02:37 success
Apr 22 00:02:37 
Apr 22 00:02:37 卡特兔（CRTARTU）京东自营旗舰店
Apr 22 00:02:37 success
Apr 22 00:02:37 
Apr 22 00:02:37 欧迪芬旗舰店
Apr 22 00:02:37 success
Apr 22 00:02:37 
Apr 22 00:02:37 唐狮童装旗舰店
Apr 22 00:02:37 success
Apr 22 00:02:37 
Apr 22 00:02:37 NEIWAI内外京东自营旗舰店
Apr 22 00:02:37 success
Apr 22 00:02:37 
Apr 22 00:02:37 夏娃之秀官方旗舰店
Apr 22 00:02:37 success
Apr 22 00:02:37 
Apr 22 00:02:37 蒛一旗舰店
Apr 22 00:02:37 success
Apr 22 00:02:37 
Apr 22 00:02:37 芭芭鸭旗舰店
Apr 22 00:02:37 success
Apr 22 00:02:37 
Apr 22 00:02:37 李宁童装旗舰店
Apr 22 00:02:37 success
Apr 22 00:02:37 
Apr 22 00:02:37 FILA童装京东自营旗舰店
Apr 22 00:02:37 success
Apr 22 00:02:37 
Apr 22 00:02:37 金三塔真丝内衣旗舰店
Apr 22 00:02:37 success
Apr 22 00:02:37 
Apr 22 00:02:37 芬狄诗旗舰店
Apr 22 00:02:37 success
Apr 22 00:02:37 
Apr 22 00:02:37 全棉时代童装官方旗舰店
Apr 22 00:02:38 success
Apr 22 00:02:38 
Apr 22 00:02:38 14-邀请好友助力-已完成0-未完成4
Apr 22 00:02:38 助力已满员！谢谢你哦~
Apr 22 00:02:38 
Apr 22 00:02:38 8-浏览爆款商品-已完成0-未完成14
Apr 22 00:02:38 
Apr 22 00:02:38 唐狮童装TONLION kids儿童大童男童卫衣洋气男孩秋冬20新款冬季上衣 本白 140cm
Apr 22 00:02:38 任务领取成功
Apr 22 00:02:44 success
Apr 22 00:02:44 
Apr 22 00:02:44 全棉时代新生婴儿浴巾纯棉柔吸水洗澡巾儿童宝宝盖毯2条装 小鸭子+狮子飞机蓝(95*95cm)
Apr 22 00:02:44 任务领取成功
Apr 22 00:02:50 success
Apr 22 00:02:50 
Apr 22 00:02:50 李宁儿童官网童装T恤新品春夏男小大童短袖T恤文化衫透气吸汗弹力宽松上衣YHSQ253官方旗舰网 朱砂红-2 160
Apr 22 00:02:50 任务领取成功
Apr 22 00:02:56 success
Apr 22 00:02:56 
Apr 22 00:02:56 开始抽奖
Apr 22 00:02:56 京豆:1
Apr 22 00:02:56 
Apr 22 00:02:56 开始抽奖
Apr 22 00:02:56 
Apr 22 00:02:56 开始抽奖
Apr 22 00:02:56 
Apr 22 00:02:56 开始抽奖
Apr 22 00:02:56 
Apr 22 00:02:56 开始抽奖
Apr 22 00:02:56 
Apr 22 00:02:56 开始第8个抽奖活动
Apr 22 00:02:56 
Apr 22 00:02:56 14-邀请好友助力-已完成0-未完成3
Apr 22 00:02:56 助力已满员！谢谢你哦~
Apr 22 00:02:56 
Apr 22 00:02:56 1-关注并浏览店铺-已完成0-未完成12
Apr 22 00:02:56 
Apr 22 00:02:56 关注并浏览全友家居
Apr 22 00:02:56 success
Apr 22 00:02:56 
Apr 22 00:02:56 关注并浏览芝华仕
Apr 22 00:02:57 success
Apr 22 00:02:57 
Apr 22 00:02:57 关注并浏览丝涟
Apr 22 00:02:57 success
Apr 22 00:02:57 
Apr 22 00:02:57 关注并浏览喜临门
Apr 22 00:02:57 success
Apr 22 00:02:57 
Apr 22 00:02:57 关注并浏览顾家家居
Apr 22 00:02:57 success
Apr 22 00:02:57 
Apr 22 00:02:57 9-浏览睡眠节会场-已完成0-未完成1
Apr 22 00:02:57 
Apr 22 00:02:57 浏览睡眠节会场
Apr 22 00:02:57 任务领取成功
Apr 22 00:03:03 success
Apr 22 00:03:03 
Apr 22 00:03:03 开始抽奖
Apr 22 00:03:03 
Apr 22 00:03:03 开始抽奖
Apr 22 00:03:03 
Apr 22 00:03:03 8-浏览指定商品-已完成0-未完成12
Apr 22 00:03:03 
Apr 22 00:03:03 左右沙发 现代真皮沙发 大小户型客厅整装组合双人沙发 一字型四人沙发DZY5016-1 Y1016米白色  三人位 2.55米
Apr 22 00:03:03 任务领取成功
Apr 22 00:03:09 success
Apr 22 00:03:09 
Apr 22 00:03:09 【店铺曝款】大自然床垫 全山棕垫静音床褥床垫子 单人/双人可定制折叠 非椰棕薄/厚无弹簧棕榈垫A2 12CM（内胆厚度） 1800*2000
Apr 22 00:03:09 任务领取成功
Apr 22 00:03:15 success
Apr 22 00:03:15 
Apr 22 00:03:15 穗宝（SYMBOL）床垫天然乳胶床垫3D椰棕床垫独立袋装弹簧软硬双面席梦思床垫子 黑曜·尊享者 黑曜·尊享者 180*200*23cm（正常发货）
Apr 22 00:03:15 任务领取成功
Apr 22 00:03:21 success
Apr 22 00:03:21 
Apr 22 00:03:21 21-“雅兰”品牌会员-已完成0-未完成12
Apr 22 00:03:22 
Apr 22 00:03:22 开始抽奖
Apr 22 00:03:22 
Apr 22 00:03:22 开始第9个抽奖活动
Apr 22 00:03:22 
Apr 22 00:03:22 0-跟小企鹅打个招呼-已完成0-未完成1
Apr 22 00:03:22 success
Apr 22 00:03:22 
Apr 22 00:03:22 9-去寻找消失的企鹅-已完成0-未完成1
Apr 22 00:03:22 
Apr 22 00:03:22 去寻找消失的企鹅
Apr 22 00:03:22 任务领取成功
Apr 22 00:03:37 success
Apr 22 00:03:37 
Apr 22 00:03:37 开始抽奖
Apr 22 00:03:37 
Apr 22 00:03:37 9-浏览海尔焕新会场-已完成0-未完成10
Apr 22 00:03:37 
Apr 22 00:03:37 浏览海尔焕新会场
Apr 22 00:03:37 任务领取成功
Apr 22 00:03:52 success
Apr 22 00:03:52 
Apr 22 00:03:52 浏览飞利浦焕新会场
Apr 22 00:03:52 任务领取成功
Apr 22 00:04:07 success
Apr 22 00:04:07 
Apr 22 00:04:07 浏览美的焕新会场
Apr 22 00:04:07 任务领取成功
Apr 22 00:04:22 success
Apr 22 00:04:22 
Apr 22 00:04:22 浏览美的空调焕新会场
Apr 22 00:04:22 任务领取成功
Apr 22 00:04:37 success
Apr 22 00:04:37 
Apr 22 00:04:37 浏览LG焕新会场
Apr 22 00:04:37 任务领取成功
Apr 22 00:04:52 success
Apr 22 00:04:52 
Apr 22 00:04:52 浏览飞利浦净水会场
Apr 22 00:04:52 任务领取成功
Apr 22 00:05:07 success
Apr 22 00:05:07 
Apr 22 00:05:07 浏览飞利浦焕新会场
Apr 22 00:05:07 任务领取成功
Apr 22 00:05:23 success
Apr 22 00:05:23 
Apr 22 00:05:23 浏览西门子焕新会场
Apr 22 00:05:23 任务领取成功
Apr 22 00:05:38 success
Apr 22 00:05:38 
Apr 22 00:05:38 浏览林内焕新会场
Apr 22 00:05:38 任务领取成功
Apr 22 00:05:53 success
Apr 22 00:05:53 
Apr 22 00:05:53 浏览海昌焕心会场
Apr 22 00:05:53 任务领取成功
Apr 22 00:06:08 success
Apr 22 00:06:08 
Apr 22 00:06:08 开始抽奖
Apr 22 00:06:08 
Apr 22 00:06:08 开始抽奖
Apr 22 00:06:08 
Apr 22 00:06:08 9-逛逛东东农场-已完成0-未完成7
Apr 22 00:06:08 
Apr 22 00:06:08 逛逛东东农场
Apr 22 00:06:08 任务领取成功
Apr 22 00:06:23 success
Apr 22 00:06:23 
Apr 22 00:06:23 浏览旅游度假馆
Apr 22 00:06:23 任务领取成功
Apr 22 00:06:38 success
Apr 22 00:06:38 
Apr 22 00:06:38 浏览数码电器馆
Apr 22 00:06:38 任务领取成功
Apr 22 00:06:53 success
Apr 22 00:06:53 
Apr 22 00:06:53 浏览京东旅行馆
Apr 22 00:06:53 任务领取成功
Apr 22 00:07:08 success
Apr 22 00:07:08 
Apr 22 00:07:08 浏览家电馆
Apr 22 00:07:08 任务领取成功
Apr 22 00:07:23 success
Apr 22 00:07:23 
Apr 22 00:07:23 浏览神秘会场
Apr 22 00:07:24 任务领取成功
Apr 22 00:07:39 success
Apr 22 00:07:39 
Apr 22 00:07:39 浏览景区门票馆
Apr 22 00:07:39 任务领取成功
Apr 22 00:07:54 success
Apr 22 00:07:54 
Apr 22 00:07:54 开始抽奖
Apr 22 00:07:54 
Apr 22 00:07:54 14-邀好友给小企鹅打气-已完成0-未完成3
Apr 22 00:07:54 助力已满员！谢谢你哦~
Apr 22 00:07:54 
Apr 22 00:07:54 8-瞧瞧爆款商品-已完成0-未完成8
Apr 22 00:07:54 
Apr 22 00:07:54 飞利浦（PHILIPS）家用净水器引擎800G 家用智能直饮五年长效RO反渗透无桶大通量纯水机AUT7006
Apr 22 00:07:54 任务领取成功
Apr 22 00:08:09 success
Apr 22 00:08:09 
Apr 22 00:08:09 林内(Rinnai)16升燃气热水器 语音APP双智控 定制宠物洗 RUS-16QD33W（JSQ31-D33W）京品家电
Apr 22 00:08:09 任务领取成功
Apr 22 00:08:24 success
Apr 22 00:08:24 
Apr 22 00:08:24 飞利浦sonicare尊享系列成人声波震动智能高定电动牙刷 香槟金 HX9996/11
Apr 22 00:08:24 任务领取成功
Apr 22 00:08:39 success
Apr 22 00:08:39 
Apr 22 00:08:39 飞利浦（PHILIPS）水魔方PD50净饮一体机 家用台式即热直饮水机 免安装反渗透RO净水器 ADD6800
Apr 22 00:08:39 任务领取成功
Apr 22 00:08:54 success
Apr 22 00:08:54 
Apr 22 00:08:54 LG 纤慧蒸汽升级款 10公斤滚筒洗衣机全自动 AI变频直驱 蒸汽除菌 550mm超薄机身 14分钟快洗 白FCY10Y4W
Apr 22 00:08:54 任务领取成功
Apr 22 00:09:09 success
Apr 22 00:09:09 
Apr 22 00:09:09 飞利浦（PHILIPS）小巨风 除甲醛空气净化器 除雾霾PM2.5除过敏源 智能APP操控AC2958/00
Apr 22 00:09:09 任务领取成功
Apr 22 00:09:24 success
Apr 22 00:09:24 
Apr 22 00:09:24 西门子(SIEMENS) 12套大容量 除菌独立式洗碗机家用 5D喷淋 双重烘干 SJ235W01JC (白色)
Apr 22 00:09:25 任务领取成功
Apr 22 00:09:40 success
Apr 22 00:09:40 
Apr 22 00:09:40 美的(Midea)果润精储系列472升十字对开门电冰箱四门家用超薄全域温湿精控智能家电BCD-472WSPZM(E)
Apr 22 00:09:40 任务领取成功
Apr 22 00:09:55 success
Apr 22 00:09:55 
Apr 22 00:09:55 开始抽奖
Apr 22 00:09:55 
Apr 22 00:09:55 21-开通海尔品牌会员-已完成0-未完成5
Apr 22 00:09:55 
Apr 22 00:09:55 1-关注并浏览店铺-已完成0-未完成9
Apr 22 00:09:55 
Apr 22 00:09:55 林内京东自营旗舰店
Apr 22 00:09:55 success
Apr 22 00:09:55 
Apr 22 00:09:55 爱慕儿童旗舰店
Apr 22 00:09:55 success
Apr 22 00:09:55 
Apr 22 00:09:55 美的京东自营官方旗舰店
Apr 22 00:09:55 success
Apr 22 00:09:55 
Apr 22 00:09:55 海昌旅游官方旗舰店
Apr 22 00:09:55 success
Apr 22 00:09:55 
Apr 22 00:09:55 海尔京东自营旗舰店
Apr 22 00:09:55 success
Apr 22 00:09:55 
Apr 22 00:09:55 飞利浦官方旗舰店
Apr 22 00:09:55 success
Apr 22 00:09:55 
Apr 22 00:09:55 飞利浦净水京东自营旗舰店
Apr 22 00:09:55 success
Apr 22 00:09:55 
Apr 22 00:09:55 LG京东自营旗舰店
Apr 22 00:09:55 success
Apr 22 00:09:55 
Apr 22 00:09:55 西门子家电京东自营旗舰店
Apr 22 00:09:55 success
Apr 22 00:09:55 
Apr 22 00:09:55 开始抽奖
Apr 22 00:09:55 
Apr 22 00:09:55 开始抽奖
Apr 22 00:09:56 
Apr 22 00:09:56 开始抽奖
Apr 22 00:09:56 快去完成任务获得抽奖资格吧
Apr 22 00:09:56 
Apr 22 00:09:56 开始第10个抽奖活动
Apr 22 00:09:56 
Apr 22 00:09:56 9-浏览保值换新主会场-已完成0-未完成1
Apr 22 00:09:56 
Apr 22 00:09:56 浏览保值换新主会场
Apr 22 00:09:56 任务领取成功
Apr 22 00:10:02 success
Apr 22 00:10:02 
Apr 22 00:10:02 开始抽奖
Apr 22 00:10:02 京豆:1
Apr 22 00:10:02 
Apr 22 00:10:02 8-浏览荣耀指定商品-已完成0-未完成13
Apr 22 00:10:02 
Apr 22 00:10:02 荣耀Play5T活力版 超级快充 5000mAh大电池 6.6英寸全面屏 全网通6GB+128GB幻夜黑
Apr 22 00:10:02 任务领取成功
Apr 22 00:10:08 success
Apr 22 00:10:08 
Apr 22 00:10:08 浏览荣耀指定商品
Apr 22 00:10:08 任务领取成功
Apr 22 00:10:14 success
Apr 22 00:10:14 
Apr 22 00:10:14 浏览荣耀指定商品
Apr 22 00:10:14 任务领取成功
Apr 22 00:10:20 success
Apr 22 00:10:20 
Apr 22 00:10:20 浏览荣耀指定商品
Apr 22 00:10:20 任务领取成功
Apr 22 00:10:26 success
Apr 22 00:10:26 
Apr 22 00:10:26 浏览荣耀指定商品
Apr 22 00:10:26 任务领取成功
Apr 22 00:10:32 success
Apr 22 00:10:32 
Apr 22 00:10:32 浏览荣耀指定商品
Apr 22 00:10:33 任务领取成功
Apr 22 00:10:39 success
Apr 22 00:10:39 
Apr 22 00:10:39 浏览荣耀指定商品
Apr 22 00:10:39 任务领取成功
Apr 22 00:10:45 success
Apr 22 00:10:45 
Apr 22 00:10:45 浏览荣耀指定商品
Apr 22 00:10:45 任务领取成功
Apr 22 00:10:51 success
Apr 22 00:10:51 
Apr 22 00:10:51 浏览荣耀指定商品
Apr 22 00:10:51 任务领取成功
Apr 22 00:10:57 success
Apr 22 00:10:57 
Apr 22 00:10:57 浏览荣耀指定商品
Apr 22 00:10:57 任务领取成功
Apr 22 00:11:03 success
Apr 22 00:11:03 
Apr 22 00:11:03 浏览荣耀指定商品
Apr 22 00:11:03 任务领取成功
Apr 22 00:11:09 success
Apr 22 00:11:09 
Apr 22 00:11:09 浏览荣耀指定商品
Apr 22 00:11:09 任务领取成功
Apr 22 00:11:15 success
Apr 22 00:11:15 
Apr 22 00:11:15 浏览荣耀指定商品
Apr 22 00:11:15 任务领取成功
Apr 22 00:11:21 success
Apr 22 00:11:21 
Apr 22 00:11:21 开始抽奖
Apr 22 00:11:21 京豆:1
Apr 22 00:11:22 
Apr 22 00:11:22 开始抽奖
Apr 22 00:11:22 京豆:1
Apr 22 00:11:22 
Apr 22 00:11:22 开始抽奖
Apr 22 00:11:22 京豆:1
Apr 22 00:11:22 
Apr 22 00:11:22 开始抽奖
Apr 22 00:11:22 京豆:1
Apr 22 00:11:22 
Apr 22 00:11:22 开始抽奖
Apr 22 00:11:22 京豆:1
Apr 22 00:11:22 
Apr 22 00:11:22 1-浏览并关注荣耀店铺-已完成0-未完成1
Apr 22 00:11:22 
Apr 22 00:11:22 荣耀京东自营旗舰店
Apr 22 00:11:22 success
Apr 22 00:11:22 
Apr 22 00:11:22 开始抽奖
Apr 22 00:11:22 快去完成任务获得抽奖资格吧
Apr 22 00:11:22 
Apr 22 00:11:22 14-分享活动给好友-已完成0-未完成4
Apr 22 00:11:22 助力已满员！谢谢你哦~
Apr 22 00:11:22 
Apr 22 00:11:22 21-开通荣耀品牌会员-已完成0-未完成1
Apr 22 00:11:22 
Apr 22 00:11:22 9-浏览荣耀店铺-已完成0-未完成9
Apr 22 00:11:22 
Apr 22 00:11:22 浏览荣耀店铺
Apr 22 00:11:22 任务领取成功
Apr 22 00:11:28 success
Apr 22 00:11:28 
Apr 22 00:11:28 浏览美妆馆
Apr 22 00:11:28 任务领取成功
Apr 22 00:11:34 success
Apr 22 00:11:34 
Apr 22 00:11:34 浏览爱回收会场
Apr 22 00:11:34 任务领取成功
Apr 22 00:11:40 success
Apr 22 00:11:40 
Apr 22 00:11:40 浏览运营商会场
Apr 22 00:11:40 任务领取成功
Apr 22 00:11:47 success
Apr 22 00:11:47 
Apr 22 00:11:47 浏览母婴馆
Apr 22 00:11:47 任务领取成功
Apr 22 00:11:53 success
Apr 22 00:11:53 
Apr 22 00:11:53 浏览博朗店铺
Apr 22 00:11:53 任务领取成功
Apr 22 00:11:59 success
Apr 22 00:11:59 
Apr 22 00:11:59 浏览百草味店铺
Apr 22 00:11:59 任务领取成功
Apr 22 00:12:05 success
Apr 22 00:12:05 
Apr 22 00:12:05 浏览西铁城店铺
Apr 22 00:12:05 任务领取成功
Apr 22 00:12:11 success
Apr 22 00:12:11 
Apr 22 00:12:11 浏览保值换新会场
Apr 22 00:12:11 任务领取成功
Apr 22 00:12:17 success
Apr 22 00:12:17 
Apr 22 00:12:17 开始抽奖
Apr 22 00:12:17 京豆:1
Apr 22 00:12:17 
Apr 22 00:12:17 开始抽奖
Apr 22 00:12:17 京豆:1
Apr 22 00:12:17 
Apr 22 00:12:17 19-购买指定商品-已完成0-未完成1
Apr 22 00:12:17 
Apr 22 00:12:17 开始抽奖
Apr 22 00:12:17 快去完成任务获得抽奖资格吧
Apr 22 00:12:17 
Apr 22 00:12:17 ==============📣系统通知📣==============
Apr 22 00:12:17 京东抽奖机
Apr 22 00:12:17 京东账号：jd_60103fd1c8cd9
Apr 22 00:12:17 抽得京豆：18个
Apr 22 00:12:17 请点击通知跳转至APP查看
Apr 22 00:12:17 
Apr 22 00:12:17 🔔京东抽奖机, 结束! 🕛 714.464 秒
Apr 22 00:12:17 
Apr 22 12:00:28 
Apr 22 12:00:28 🔔京东抽奖机, 开始!
Apr 22 12:00:28 
Apr 22 12:00:28 ====================共1个京东账号Cookie=========
Apr 22 12:00:28 
Apr 22 12:00:28 ==================脚本执行- 北京时间(UTC+8)：4/22/2021, 12:00:28 PM=====================
Apr 22 12:00:28 
Apr 22 12:00:28 
Apr 22 12:00:28 第1个抽奖活动【1EFRRxA】
Apr 22 12:00:28 functionId：interact_template_getHomeData
Apr 22 12:00:28 
Apr 22 12:00:28 ***************开始京东账号1 jd_60103fd1c8cd9***************
Apr 22 12:00:28 邀请码：T0225KkcRh4Y9VeBdBunnKRefQCjVWmIaW5kRrbA
Apr 22 12:00:28 邀请好友助力：0/10
Apr 22 12:00:28 
Apr 22 12:00:28 
Apr 22 12:00:28 第2个抽奖活动【1EFRQwA】
Apr 22 12:00:28 functionId：interact_template_getHomeData
Apr 22 12:00:28 
Apr 22 12:00:28 ***************开始京东账号1 jd_60103fd1c8cd9***************
Apr 22 12:00:29 邀请码：T0225KkcRh4Y9VeBdBunnKRefQCjVXnIaW5kRrbA
Apr 22 12:00:29 邀请好友助力：0/10
Apr 22 12:00:29 
Apr 22 12:00:29 
Apr 22 12:00:29 第3个抽奖活动【1EFRTyg】
Apr 22 12:00:29 functionId：healthyDay_getHomeData
Apr 22 12:00:29 
Apr 22 12:00:29 ***************开始京东账号1 jd_60103fd1c8cd9***************
Apr 22 12:00:29 邀请码：T0225KkcRh4Y9VeBdBunnKRefQCjVUloaW5kRrbA
Apr 22 12:00:29 邀请好友助力：0/3
Apr 22 12:00:29 
Apr 22 12:00:29 
Apr 22 12:00:29 第4个抽奖活动【1EFRXxg】
Apr 22 12:00:29 functionId：healthyDay_getHomeData
Apr 22 12:00:29 
Apr 22 12:00:29 ***************开始京东账号1 jd_60103fd1c8cd9***************
Apr 22 12:00:29 邀请码：T0225KkcRh4Y9VeBdBunnKRefQCjVQmoaT5kRrbA
Apr 22 12:00:29 邀请好友助力：10/10
Apr 22 12:00:29 
Apr 22 12:00:29 
Apr 22 12:00:29 第5个抽奖活动【1EFRZwA】
Apr 22 12:00:29 functionId：healthyDay_getHomeData
Apr 22 12:00:29 
Apr 22 12:00:29 ***************开始京东账号1 jd_60103fd1c8cd9***************
Apr 22 12:00:29 邀请码：T0225KkcRh4Y9VeBdBunnKRefQCjVenIaW5kRrbA
Apr 22 12:00:29 邀请好友助力：0/4
Apr 22 12:00:29 
Apr 22 12:00:29 
Apr 22 12:00:29 第6个抽奖活动【1EFRZwQ】
Apr 22 12:00:29 functionId：healthyDay_getHomeData
Apr 22 12:00:29 
Apr 22 12:00:29 ***************开始京东账号1 jd_60103fd1c8cd9***************
Apr 22 12:00:29 邀请码：T0225KkcRh4Y9VeBdBunnKRefQCjVenYaW5kRrbA
Apr 22 12:00:29 邀请好友助力：0/3
Apr 22 12:00:29 
Apr 22 12:00:29 
Apr 22 12:00:29 第7个抽奖活动【1EFRYwA】
Apr 22 12:00:29 functionId：healthyDay_getHomeData
Apr 22 12:00:29 
Apr 22 12:00:29 ***************开始京东账号1 jd_60103fd1c8cd9***************
Apr 22 12:00:29 邀请码：T0225KkcRh4Y9VeBdBunnKRefQCjVfnIaW5kRrbA
Apr 22 12:00:29 邀请好友助力：0/3
Apr 22 12:00:29 
Apr 22 12:00:29 
Apr 22 12:00:29 第8个抽奖活动【1EFRYxw】
Apr 22 12:00:29 functionId：healthyDay_getHomeData
Apr 22 12:00:29 
Apr 22 12:00:29 ***************开始京东账号1 jd_60103fd1c8cd9***************
Apr 22 12:00:29 邀请码：T0225KkcRh4Y9VeBdBunnKRefQCjVfm4aW5kRrbA
Apr 22 12:00:29 邀请好友助力：0/4
Apr 22 12:00:29 
Apr 22 12:00:30 
Apr 22 12:00:30 🔔京东抽奖机, 开始!
Apr 22 12:00:30 共1个京东账号
Apr 22 12:00:30 
Apr 22 12:00:30 
Apr 22 12:00:30 ❗️京东抽奖机, 错误!
Apr 22 12:00:30 TypeError: Cannot read property 'nickname' of undefined
Apr 22 12:00:30     at eval (eval at main (/scripts/jd_lotteryMachine.js:31:5), <anonymous>:85:38)
Apr 22 12:00:30     at isSurge.isLoon.isQuanX.isNode.got.on.then.message (eval at main (/scripts/jd_lotteryMachine.js:31:5), <anonymous>:372:4791)
Apr 22 12:00:30     at processTicksAndRejections (internal/process/task_queues.js:97:5)
Apr 22 12:00:30 
Apr 22 12:00:30 14-邀人助力任务-已完成0-未完成10
Apr 22 12:00:30 任务已完成
Apr 22 12:00:30 
Apr 22 12:00:30 2-雀巢(Nestle) 脆脆鲨威化饼干 巧克力花生牛奶口味32条促销装640g盒 休闲零食夹心饼干 巧克力味640g*1盒-全部已完成
Apr 22 12:00:30 
Apr 22 12:00:30 1-A21京东自营旗舰店-全部已完成
Apr 22 12:00:30 
Apr 22 12:00:30 3-浏览锦鲤红包-全部已完成
Apr 22 12:00:30 
Apr 22 12:00:30 3-逛品牌闪购频道-全部已完成
Apr 22 12:00:30 
Apr 22 12:00:30 开始抽奖
Apr 22 12:00:30 快去完成任务获得抽奖资格吧
Apr 22 12:00:30 
Apr 22 12:00:30 开始第2个抽奖活动
Apr 22 12:00:30 
Apr 22 12:00:30 13-连续签到任务（7天）-全部已完成
Apr 22 12:00:30 
Apr 22 12:00:30 14-邀人助力任务-已完成0-未完成10
Apr 22 12:00:30 任务已完成
Apr 22 12:00:30 
Apr 22 12:00:30 2-【两盒再减5元】寒山石每日坚果炒货混合坚果休闲零食（18g*30包）540g/盒送礼零食大礼包礼盒-全部已完成
Apr 22 12:00:30 
Apr 22 12:00:30 3-9.9买到爽-全部已完成
Apr 22 12:00:30 
Apr 22 12:00:30 3-好物1元抢-全部已完成
Apr 22 12:00:30 
Apr 22 12:00:30 1-汤臣倍健京东自营旗舰店-全部已完成
Apr 22 12:00:30 
Apr 22 12:00:30 21-图书会员-已完成0-未完成3
Apr 22 12:00:30 
Apr 22 12:00:30 开始抽奖
Apr 22 12:00:30 快去完成任务获得抽奖资格吧
Apr 22 12:00:30 
Apr 22 12:00:30 开始第3个抽奖活动
Apr 22 12:00:30 
Apr 22 12:00:30 1-关注丸丝旗舰店-全部已完成
Apr 22 12:00:30 
Apr 22 12:00:30 8-浏览热卖爆品-全部已完成
Apr 22 12:00:30 
Apr 22 12:00:30 9-浏览茶守艺官方旗舰店-全部已完成
Apr 22 12:00:30 
Apr 22 12:00:30 14-邀请好友助力-已完成0-未完成3
Apr 22 12:00:30 任务已完成
Apr 22 12:00:30 
Apr 22 12:00:30 开始抽奖
Apr 22 12:00:30 快去完成任务获得抽奖资格吧
Apr 22 12:00:30 
Apr 22 12:00:30 开始第4个抽奖活动
Apr 22 12:00:30 
Apr 22 12:00:30 14-邀请好友助力-全部已完成
Apr 22 12:00:30 助力已满员！谢谢你哦~
Apr 22 12:00:30 
Apr 22 12:00:30 8-奥义瑜伽铺巾 加厚树脂防滑吸湿瑜伽毯 吸汗透气柔软瑜伽垫巾 星空灰68CM-全部已完成
Apr 22 12:00:30 
Apr 22 12:00:30 7-大宇电器家电京东自营旗舰店-全部已完成
Apr 22 12:00:30 
Apr 22 12:00:30 26-浏览并关注闪购频道-全部已完成
Apr 22 12:00:30 
Apr 22 12:00:30 9-浏览锦鲤红包-全部已完成
Apr 22 12:00:30 
Apr 22 12:00:30 开始抽奖
Apr 22 12:00:30 快去完成任务获得抽奖资格吧
Apr 22 12:00:30 
Apr 22 12:00:30 开始第5个抽奖活动
Apr 22 12:00:30 活动已结束
Apr 22 12:00:30 
Apr 22 12:00:30 开始第6个抽奖活动
Apr 22 12:00:31 活动已结束
Apr 22 12:00:31 
Apr 22 12:00:31 开始第7个抽奖活动
Apr 22 12:00:31 
Apr 22 12:00:31 9-浏览婴童会场-全部已完成
Apr 22 12:00:31 
Apr 22 12:00:31 21-开通品牌会员-已完成0-未完成13
Apr 22 12:00:31 
Apr 22 12:00:31 26-关注并浏览频道-全部已完成
Apr 22 12:00:31 
Apr 22 12:00:31 1-关注并浏览店铺-已完成13-未完成14
Apr 22 12:00:31 
Apr 22 12:00:31 14-邀请好友助力-已完成0-未完成4
Apr 22 12:00:31 助力已满员！谢谢你哦~
Apr 22 12:00:31 
Apr 22 12:00:31 8-浏览爆款商品-已完成3-未完成14
Apr 22 12:00:31 
Apr 22 12:00:31 芭芭鸭公主风布鞋童鞋子2021春秋季新款女童帆布鞋儿童休闲鞋小学生 粉色 28 内长18/适合脚长17.5
Apr 22 12:00:31 任务领取成功
Apr 22 12:00:31 jd_lotteryMachine.js文件  CDN刷新成功
Apr 22 12:00:37 success
Apr 22 12:00:37 
Apr 22 12:00:37 卡特兔童鞋2020年春夏小白鞋休闲板鞋草莓鞋女童春夏网眼透气男童鞋XAH12小菠萝14.5
Apr 22 12:00:37 任务领取成功
Apr 22 12:00:43 success
Apr 22 12:00:43 
Apr 22 12:00:43 开始抽奖
Apr 22 12:00:43 
Apr 22 12:00:43 开始第8个抽奖活动
Apr 22 12:00:43 
Apr 22 12:00:43 14-邀请好友助力-已完成0-未完成3
Apr 22 12:00:43 助力已满员！谢谢你哦~
Apr 22 12:00:43 
Apr 22 12:00:43 1-关注并浏览店铺-已完成5-未完成12
Apr 22 12:00:43 
Apr 22 12:00:43 9-浏览睡眠节会场-全部已完成
Apr 22 12:00:43 
Apr 22 12:00:43 8-浏览指定商品-已完成3-未完成12
Apr 22 12:00:43 
Apr 22 12:00:43 顾家家居现代设计轻奢简约电动功能真皮沙发客厅家具组合套装6023  暮光橙 【30天发货】3双左电动.
Apr 22 12:00:43 任务领取成功
Apr 22 12:00:49 success
Apr 22 12:00:49 
Apr 22 12:00:49 顾家家居 乳胶床垫席梦思独立筒静音弹簧垫1.8米梦想垫双人床垫子卧室家具 【2天发货】M0001C 1800*2000
Apr 22 12:00:49 任务领取成功
Apr 22 12:00:55 success
Apr 22 12:00:55 
Apr 22 12:00:55 双虎家私北欧餐桌实木长方形家用6人饭桌简欧玻璃餐桌椅组合807  807一桌四椅（配806餐椅）
Apr 22 12:00:55 任务领取成功
Apr 22 12:01:01 success
Apr 22 12:01:01 
Apr 22 12:01:01 21-“芝华仕”品牌会员-已完成0-未完成12
Apr 22 12:01:02 
Apr 22 12:01:02 开始抽奖
Apr 22 12:01:02 
Apr 22 12:01:02 开始第9个抽奖活动
Apr 22 12:01:02 
Apr 22 12:01:02 0-跟小企鹅打个招呼-全部已完成
Apr 22 12:01:02 
Apr 22 12:01:02 9-去寻找消失的企鹅-全部已完成
Apr 22 12:01:02 
Apr 22 12:01:02 9-浏览西门子焕新会场-全部已完成
Apr 22 12:01:02 
Apr 22 12:01:02 9-浏览神秘会场-全部已完成
Apr 22 12:01:02 
Apr 22 12:01:02 14-邀好友给小企鹅打气-已完成0-未完成3
Apr 22 12:01:02 助力已满员！谢谢你哦~
Apr 22 12:01:02 
Apr 22 12:01:02 8-瞧瞧爆款商品-全部已完成
Apr 22 12:01:02 
Apr 22 12:01:02 21-开通LG品牌会员-已完成0-未完成5
Apr 22 12:01:02 
Apr 22 12:01:02 1-关注并浏览店铺-全部已完成
Apr 22 12:01:02 
Apr 22 12:01:02 开始抽奖
Apr 22 12:01:02 快去完成任务获得抽奖资格吧
Apr 22 12:01:02 
Apr 22 12:01:02 开始第10个抽奖活动
Apr 22 12:01:02 
Apr 22 12:01:02 9-浏览保值换新主会场-全部已完成
Apr 22 12:01:02 
Apr 22 12:01:02 8-浏览荣耀指定商品-全部已完成
Apr 22 12:01:02 
Apr 22 12:01:02 1-浏览并关注荣耀店铺-全部已完成
Apr 22 12:01:02 
Apr 22 12:01:02 14-分享活动给好友-已完成0-未完成4
Apr 22 12:01:02 助力已满员！谢谢你哦~
Apr 22 12:01:02 
Apr 22 12:01:02 21-开通荣耀品牌会员-已完成0-未完成1
Apr 22 12:01:02 
Apr 22 12:01:02 9-浏览荣耀店铺-全部已完成
Apr 22 12:01:02 
Apr 22 12:01:02 19-购买指定商品-已完成0-未完成1
Apr 22 12:01:02 
Apr 22 12:01:02 开始抽奖
Apr 22 12:01:02 快去完成任务获得抽奖资格吧
Apr 22 12:01:02 
Apr 22 12:01:02 ==============📣系统通知📣==============
Apr 22 12:01:02 京东抽奖机
Apr 22 12:01:02 京东账号：
Apr 22 12:01:02 抽得京豆：失败：无机会
Apr 22 12:01:02 请点击通知跳转至APP查看
Apr 22 12:01:02 
Apr 22 12:01:02 🔔京东抽奖机, 结束! 🕛 32.392 秒
Apr 22 12:01:02 
Apr 22 23:00:03 
Apr 22 23:00:03 🔔京东抽奖机, 开始!
Apr 22 23:00:03 
Apr 22 23:00:03 ====================共1个京东账号Cookie=========
Apr 22 23:00:03 
Apr 22 23:00:03 ==================脚本执行- 北京时间(UTC+8)：4/22/2021, 11:00:03 PM=====================
Apr 22 23:00:03 
Apr 22 23:00:03 
Apr 22 23:00:03 第1个抽奖活动【1EFRRxA】
Apr 22 23:00:03 functionId：interact_template_getHomeData
Apr 22 23:00:03 
Apr 22 23:00:03 ***************开始京东账号1 jd_60103fd1c8cd9***************
Apr 22 23:00:03 邀请码：T0225KkcRh4Y9VeBdBunnKRefQCjVWmIaW5kRrbA
Apr 22 23:00:03 邀请好友助力：0/10
Apr 22 23:00:03 
Apr 22 23:00:03 
Apr 22 23:00:03 第2个抽奖活动【1EFRQwA】
Apr 22 23:00:03 functionId：interact_template_getHomeData
Apr 22 23:00:03 
Apr 22 23:00:03 ***************开始京东账号1 jd_60103fd1c8cd9***************
Apr 22 23:00:03 邀请码：T0225KkcRh4Y9VeBdBunnKRefQCjVXnIaW5kRrbA
Apr 22 23:00:03 邀请好友助力：0/10
Apr 22 23:00:03 
Apr 22 23:00:03 
Apr 22 23:00:03 第3个抽奖活动【1EFRTyg】
Apr 22 23:00:04 functionId：healthyDay_getHomeData
Apr 22 23:00:04 
Apr 22 23:00:04 ***************开始京东账号1 jd_60103fd1c8cd9***************
Apr 22 23:00:04 邀请码：T0225KkcRh4Y9VeBdBunnKRefQCjVUloaW5kRrbA
Apr 22 23:00:04 邀请好友助力：0/3
Apr 22 23:00:04 
Apr 22 23:00:04 
Apr 22 23:00:04 第4个抽奖活动【1EFRXxg】
Apr 22 23:00:04 functionId：healthyDay_getHomeData
Apr 22 23:00:04 
Apr 22 23:00:04 ***************开始京东账号1 jd_60103fd1c8cd9***************
Apr 22 23:00:04 邀请码：T0225KkcRh4Y9VeBdBunnKRefQCjVQmoaT5kRrbA
Apr 22 23:00:04 邀请好友助力：10/10
Apr 22 23:00:04 
Apr 22 23:00:04 
Apr 22 23:00:04 第5个抽奖活动【1EFRZwA】
Apr 22 23:00:04 functionId：healthyDay_getHomeData
Apr 22 23:00:04 
Apr 22 23:00:04 ***************开始京东账号1 jd_60103fd1c8cd9***************
Apr 22 23:00:04 邀请码：T0225KkcRh4Y9VeBdBunnKRefQCjVenIaW5kRrbA
Apr 22 23:00:04 邀请好友助力：0/4
Apr 22 23:00:04 
Apr 22 23:00:04 
Apr 22 23:00:04 第6个抽奖活动【1EFRZwQ】
Apr 22 23:00:04 functionId：healthyDay_getHomeData
Apr 22 23:00:04 
Apr 22 23:00:04 ***************开始京东账号1 jd_60103fd1c8cd9***************
Apr 22 23:00:04 邀请码：T0225KkcRh4Y9VeBdBunnKRefQCjVenYaW5kRrbA
Apr 22 23:00:04 邀请好友助力：0/3
Apr 22 23:00:04 
Apr 22 23:00:04 
Apr 22 23:00:04 第7个抽奖活动【1EFRYwA】
Apr 22 23:00:04 functionId：healthyDay_getHomeData
Apr 22 23:00:04 
Apr 22 23:00:04 ***************开始京东账号1 jd_60103fd1c8cd9***************
Apr 22 23:00:04 邀请码：T0225KkcRh4Y9VeBdBunnKRefQCjVfnIaW5kRrbA
Apr 22 23:00:04 邀请好友助力：0/3
Apr 22 23:00:04 
Apr 22 23:00:04 
Apr 22 23:00:04 第8个抽奖活动【1EFRYxw】
Apr 22 23:00:04 functionId：healthyDay_getHomeData
Apr 22 23:00:04 
Apr 22 23:00:04 ***************开始京东账号1 jd_60103fd1c8cd9***************
Apr 22 23:00:04 邀请码：T0225KkcRh4Y9VeBdBunnKRefQCjVfm4aW5kRrbA
Apr 22 23:00:04 邀请好友助力：0/4
Apr 22 23:00:04 
Apr 22 23:00:06 
Apr 22 23:00:06 🔔京东抽奖机, 开始!
Apr 22 23:00:06 共1个京东账号
Apr 22 23:00:06 
Apr 22 23:00:06 
Apr 22 23:00:06 ❗️京东抽奖机, 错误!
Apr 22 23:00:06 TypeError: Cannot read property 'nickname' of undefined
Apr 22 23:00:06     at eval (eval at main (/scripts/jd_lotteryMachine.js:31:5), <anonymous>:85:38)
Apr 22 23:00:06     at isSurge.isLoon.isQuanX.isNode.got.on.then.message (eval at main (/scripts/jd_lotteryMachine.js:31:5), <anonymous>:372:4791)
Apr 22 23:00:06     at processTicksAndRejections (internal/process/task_queues.js:93:5)
Apr 22 23:00:06 
Apr 22 23:00:06 14-邀人助力任务-已完成0-未完成10
Apr 22 23:00:06 任务已完成
Apr 22 23:00:06 
Apr 22 23:00:06 2-【长城葡萄酒专卖店】长城（GreatWall）微泡甜型葡萄酒 中粮长城东方 750ml 长城东方莫斯卡托微泡桃红葡萄酒-全部已完成
Apr 22 23:00:06 
Apr 22 23:00:06 1-A21京东自营旗舰店-全部已完成
Apr 22 23:00:06 
Apr 22 23:00:06 3-逛今日必拼活动-全部已完成
Apr 22 23:00:06 
Apr 22 23:00:06 3-逛品牌闪购频道-全部已完成
Apr 22 23:00:06 
Apr 22 23:00:06 开始抽奖
Apr 22 23:00:06 快去完成任务获得抽奖资格吧
Apr 22 23:00:06 
Apr 22 23:00:06 开始第2个抽奖活动
Apr 22 23:00:06 
Apr 22 23:00:06 13-连续签到任务（7天）-全部已完成
Apr 22 23:00:06 
Apr 22 23:00:06 14-邀人助力任务-已完成0-未完成10
Apr 22 23:00:06 任务已完成
Apr 22 23:00:06 
Apr 22 23:00:06 2-【联名款】心主题海藻面膜天然小颗粒美容院补水胶原蛋白海澡泥美容院 250g*2-全部已完成
Apr 22 23:00:06 
Apr 22 23:00:06 3-9.9买到爽-全部已完成
Apr 22 23:00:06 
Apr 22 23:00:06 3-好物1元抢-全部已完成
Apr 22 23:00:06 
Apr 22 23:00:06 1-汤臣倍健京东自营旗舰店-全部已完成
Apr 22 23:00:06 
Apr 22 23:00:06 21-图书会员-已完成0-未完成3
Apr 22 23:00:06 
Apr 22 23:00:06 开始抽奖
Apr 22 23:00:06 快去完成任务获得抽奖资格吧
Apr 22 23:00:06 
Apr 22 23:00:06 开始第3个抽奖活动
Apr 22 23:00:06 
Apr 22 23:00:06 1-关注薄荷健康官方旗舰店-全部已完成
Apr 22 23:00:06 
Apr 22 23:00:06 8-浏览热卖爆品-全部已完成
Apr 22 23:00:06 
Apr 22 23:00:06 9-浏览菲奥清洁用品专营店-全部已完成
Apr 22 23:00:06 
Apr 22 23:00:06 14-邀请好友助力-已完成0-未完成3
Apr 22 23:00:06 任务已完成
Apr 22 23:00:06 
Apr 22 23:00:06 开始抽奖
Apr 22 23:00:06 快去完成任务获得抽奖资格吧
Apr 22 23:00:06 
Apr 22 23:00:06 开始第4个抽奖活动
Apr 22 23:00:06 
Apr 22 23:00:06 14-邀请好友助力-全部已完成
Apr 22 23:00:06 助力已满员！谢谢你哦~
Apr 22 23:00:06 
Apr 22 23:00:06 8-NAUTICA/诺帝卡男装2021春夏撞色条纹短袖POLO衫KE1199 3FJ绿色(211) M-全部已完成
Apr 22 23:00:06 
Apr 22 23:00:06 7-大宇电器家电京东自营旗舰店-全部已完成
Apr 22 23:00:06 
Apr 22 23:00:06 26-浏览并关注特价频道-全部已完成
Apr 22 23:00:06 
Apr 22 23:00:06 9-浏览今日必拼活动-全部已完成
Apr 22 23:00:07 
Apr 22 23:00:07 开始抽奖
Apr 22 23:00:07 快去完成任务获得抽奖资格吧
Apr 22 23:00:07 
Apr 22 23:00:07 开始第5个抽奖活动
Apr 22 23:00:07 活动已结束
Apr 22 23:00:07 
Apr 22 23:00:07 开始第6个抽奖活动
Apr 22 23:00:07 活动已结束
Apr 22 23:00:07 
Apr 22 23:00:07 开始第7个抽奖活动
Apr 22 23:00:07 
Apr 22 23:00:07 9-浏览婴童会场-全部已完成
Apr 22 23:00:07 
Apr 22 23:00:07 21-开通品牌会员-已完成0-未完成13
Apr 22 23:00:07 
Apr 22 23:00:07 26-关注并浏览频道-全部已完成
Apr 22 23:00:07 
Apr 22 23:00:07 1-关注并浏览店铺-已完成13-未完成14
Apr 22 23:00:07 
Apr 22 23:00:07 14-邀请好友助力-已完成0-未完成4
Apr 22 23:00:07 助力已满员！谢谢你哦~
Apr 22 23:00:07 
Apr 22 23:00:07 8-浏览爆款商品-已完成5-未完成14
Apr 22 23:00:07 
Apr 22 23:00:07 开始抽奖
Apr 22 23:00:07 快去完成任务获得抽奖资格吧
Apr 22 23:00:07 
Apr 22 23:00:07 开始第8个抽奖活动
Apr 22 23:00:07 
Apr 22 23:00:07 14-邀请好友助力-已完成0-未完成3
Apr 22 23:00:07 助力已满员！谢谢你哦~
Apr 22 23:00:07 
Apr 22 23:00:07 1-关注并浏览店铺-已完成5-未完成12
Apr 22 23:00:07 
Apr 22 23:00:07 9-浏览睡眠节会场-全部已完成
Apr 22 23:00:07 
Apr 22 23:00:07 8-浏览指定商品-已完成6-未完成12
Apr 22 23:00:07 
Apr 22 23:00:07 曲美家居 实木床 双人床北欧家具1.5米1.8米日式床婚床卧室家具套装组合 灰色1.5M
Apr 22 23:00:07 任务领取成功
Apr 22 23:00:11 jd_lotteryMachine.js文件  CDN刷新成功
Apr 22 23:00:13 success
Apr 22 23:00:13 
Apr 22 23:00:13 爱德福天然乳胶床垫5cm泰国进口天然乳胶 可定制榻榻米1.5米1.8米 双人 厚5cm带内外套【85D软硬适中】 90cm*200cm
Apr 22 23:00:13 任务领取成功
Apr 22 23:00:19 success
Apr 22 23:00:19 
Apr 22 23:00:19 Mlily梦百合朗怡零压慢回弹记忆棉静音独立袋装弹簧护脊双人可定制床垫软硬两用 朗怡0压床垫 180*200*20cm
Apr 22 23:00:19 任务领取成功
Apr 22 23:00:25 success
Apr 22 23:00:25 
Apr 22 23:00:25 21-“全友家居”品牌会员-已完成0-未完成12
Apr 22 23:00:25 
Apr 22 23:00:25 开始抽奖
Apr 22 23:00:25 
Apr 22 23:00:25 开始第9个抽奖活动
Apr 22 23:00:25 
Apr 22 23:00:25 0-跟小企鹅打个招呼-全部已完成
Apr 22 23:00:25 
Apr 22 23:00:25 9-去寻找消失的企鹅-全部已完成
Apr 22 23:00:25 
Apr 22 23:00:25 9-浏览飞利浦焕新会场-全部已完成
Apr 22 23:00:25 
Apr 22 23:00:25 9-浏览三亚会场-全部已完成
Apr 22 23:00:25 
Apr 22 23:00:25 14-邀好友给小企鹅打气-已完成0-未完成3
Apr 22 23:00:25 助力已满员！谢谢你哦~
Apr 22 23:00:25 
Apr 22 23:00:25 8-瞧瞧爆款商品-全部已完成
Apr 22 23:00:25 
Apr 22 23:00:25 21-开通海昌品牌会员-已完成0-未完成5
Apr 22 23:00:25 
Apr 22 23:00:25 1-关注并浏览店铺-全部已完成
Apr 22 23:00:25 
Apr 22 23:00:25 开始抽奖
Apr 22 23:00:25 快去完成任务获得抽奖资格吧
Apr 22 23:00:25 
Apr 22 23:00:25 开始第10个抽奖活动
Apr 22 23:00:26 
Apr 22 23:00:26 9-浏览保值换新主会场-全部已完成
Apr 22 23:00:26 
Apr 22 23:00:26 8-浏览荣耀指定商品-全部已完成
Apr 22 23:00:26 
Apr 22 23:00:26 1-浏览并关注荣耀店铺-全部已完成
Apr 22 23:00:26 
Apr 22 23:00:26 14-分享活动给好友-已完成0-未完成4
Apr 22 23:00:26 助力已满员！谢谢你哦~
Apr 22 23:00:26 
Apr 22 23:00:26 21-开通荣耀品牌会员-已完成0-未完成1
Apr 22 23:00:26 
Apr 22 23:00:26 9-浏览荣耀店铺-全部已完成
Apr 22 23:00:26 
Apr 22 23:00:26 19-购买指定商品-已完成0-未完成1
Apr 22 23:00:26 
Apr 22 23:00:26 开始抽奖
Apr 22 23:00:26 快去完成任务获得抽奖资格吧
Apr 22 23:00:26 
Apr 22 23:00:26 ==============📣系统通知📣==============
Apr 22 23:00:26 京东抽奖机
Apr 22 23:00:26 京东账号：
Apr 22 23:00:26 抽得京豆：失败：无机会
Apr 22 23:00:26 请点击通知跳转至APP查看
Apr 22 23:00:26 
Apr 22 23:00:26 🔔京东抽奖机, 结束! 🕛 19.883 秒
Apr 22 23:00:26 
Apr 23 00:00:02 
Apr 23 00:00:02 🔔京东抽奖机, 开始!
Apr 23 00:00:02 
Apr 23 00:00:02 ====================共1个京东账号Cookie=========
Apr 23 00:00:02 
Apr 23 00:00:03 ==================脚本执行- 北京时间(UTC+8)：4/23/2021, 12:00:02 AM=====================
Apr 23 00:00:03 
Apr 23 00:00:03 
Apr 23 00:00:03 第1个抽奖活动【1EFRRxA】
Apr 23 00:00:03 functionId：interact_template_getHomeData
Apr 23 00:00:03 
Apr 23 00:00:03 ***************开始京东账号1 jd_60103fd1c8cd9***************
Apr 23 00:00:05 邀请码：T0225KkcRh4Y9VeBdBunnKRefQCjVWmIaW5kRrbA
Apr 23 00:00:05 邀请好友助力：0/10
Apr 23 00:00:05 
Apr 23 00:00:05 
Apr 23 00:00:05 第2个抽奖活动【1EFRQwA】
Apr 23 00:00:05 functionId：interact_template_getHomeData
Apr 23 00:00:05 
Apr 23 00:00:05 ***************开始京东账号1 jd_60103fd1c8cd9***************
Apr 23 00:00:06 邀请码：T0225KkcRh4Y9VeBdBunnKRefQCjVXnIaW5kRrbA
Apr 23 00:00:06 邀请好友助力：0/10
Apr 23 00:00:06 
Apr 23 00:00:06 
Apr 23 00:00:06 第3个抽奖活动【1EFRTyg】
Apr 23 00:00:06 functionId：healthyDay_getHomeData
Apr 23 00:00:06 
Apr 23 00:00:06 ***************开始京东账号1 jd_60103fd1c8cd9***************
Apr 23 00:00:06 邀请码：T0225KkcRh4Y9VeBdBunnKRefQCjVUloaW5kRrbA
Apr 23 00:00:06 邀请好友助力：0/3
Apr 23 00:00:06 
Apr 23 00:00:06 
Apr 23 00:00:06 第4个抽奖活动【1EFRXxg】
Apr 23 00:00:06 functionId：healthyDay_getHomeData
Apr 23 00:00:06 
Apr 23 00:00:06 ***************开始京东账号1 jd_60103fd1c8cd9***************
Apr 23 00:00:06 邀请码：T0225KkcRh4Y9VeBdBunnKRefQCjVQmoaT5kRrbA
Apr 23 00:00:06 邀请好友助力：0/10
Apr 23 00:00:06 
Apr 23 00:00:06 
Apr 23 00:00:06 第5个抽奖活动【1EFRZwA】
Apr 23 00:00:06 functionId：healthyDay_getHomeData
Apr 23 00:00:06 
Apr 23 00:00:06 ***************开始京东账号1 jd_60103fd1c8cd9***************
Apr 23 00:00:06 邀请码：T0225KkcRh4Y9VeBdBunnKRefQCjVenIaW5kRrbA
Apr 23 00:00:06 邀请好友助力：0/4
Apr 23 00:00:06 
Apr 23 00:00:06 
Apr 23 00:00:06 第6个抽奖活动【1EFRZwQ】
Apr 23 00:00:06 functionId：healthyDay_getHomeData
Apr 23 00:00:06 
Apr 23 00:00:06 ***************开始京东账号1 jd_60103fd1c8cd9***************
Apr 23 00:00:06 邀请码：T0225KkcRh4Y9VeBdBunnKRefQCjVenYaW5kRrbA
Apr 23 00:00:06 邀请好友助力：0/3
Apr 23 00:00:06 
Apr 23 00:00:06 
Apr 23 00:00:06 第7个抽奖活动【1EFRYwA】
Apr 23 00:00:06 functionId：healthyDay_getHomeData
Apr 23 00:00:06 
Apr 23 00:00:06 ***************开始京东账号1 jd_60103fd1c8cd9***************
Apr 23 00:00:06 邀请码：T0225KkcRh4Y9VeBdBunnKRefQCjVfnIaW5kRrbA
Apr 23 00:00:06 邀请好友助力：0/3
Apr 23 00:00:06 
Apr 23 00:00:06 
Apr 23 00:00:06 第8个抽奖活动【1EFRYxw】
Apr 23 00:00:06 functionId：healthyDay_getHomeData
Apr 23 00:00:06 
Apr 23 00:00:06 ***************开始京东账号1 jd_60103fd1c8cd9***************
Apr 23 00:00:07 邀请码：T0225KkcRh4Y9VeBdBunnKRefQCjVfm4aW5kRrbA
Apr 23 00:00:07 邀请好友助力：0/4
Apr 23 00:00:07 
Apr 23 00:00:08 
Apr 23 00:00:08 🔔京东抽奖机, 开始!
Apr 23 00:00:08 共1个京东账号
Apr 23 00:00:08 
Apr 23 00:00:08 
Apr 23 00:00:08 ❗️京东抽奖机, 错误!
Apr 23 00:00:08 TypeError: Cannot read property 'nickname' of undefined
Apr 23 00:00:08     at eval (eval at main (/scripts/jd_lotteryMachine.js:31:5), <anonymous>:85:38)
Apr 23 00:00:08     at isSurge.isLoon.isQuanX.isNode.got.on.then.message (eval at main (/scripts/jd_lotteryMachine.js:31:5), <anonymous>:372:4791)
Apr 23 00:00:08     at processTicksAndRejections (internal/process/task_queues.js:93:5)
Apr 23 00:00:08 
Apr 23 00:00:08 14-邀人助力任务-已完成0-未完成10
Apr 23 00:00:08 任务已完成
Apr 23 00:00:08 
Apr 23 00:00:08 2-锐度男士洗面奶分时洁面套装控油美白淡印除螨保湿洁面乳膏 白钻洗面奶150ml-已完成0-未完成2
Apr 23 00:00:08 
Apr 23 00:00:08 锐度男士洗面奶分时洁面套装控油美白淡印除螨保湿洁面乳膏 白钻洗面奶150ml
Apr 23 00:00:08 活动太火爆啦
Apr 23 00:00:08 请稍后尝试~
Apr 23 00:00:08 
Apr 23 00:00:08 稻草人 MEXICAN 头层牛皮凉鞋男士沙滩透气套脚拖两用户外休闲旅游百搭 DCR9T29 黑色 44
Apr 23 00:00:08 success
Apr 23 00:00:08 
Apr 23 00:00:08 开始抽奖
Apr 23 00:00:08 
Apr 23 00:00:08 1-大宇电器家电京东自营旗舰店-已完成0-未完成2
Apr 23 00:00:08 
Apr 23 00:00:08 大宇电器家电京东自营旗舰店
Apr 23 00:00:08 success
Apr 23 00:00:08 
Apr 23 00:00:08 浪凡（LANVIN）香氛京东自营专区
Apr 23 00:00:08 success
Apr 23 00:00:09 
Apr 23 00:00:09 开始抽奖
Apr 23 00:00:09 
Apr 23 00:00:09 开始抽奖
Apr 23 00:00:09 
Apr 23 00:00:09 3-浏览锦鲤红包-已完成0-未完成2
Apr 23 00:00:09 
Apr 23 00:00:09 浏览锦鲤红包
Apr 23 00:00:09 success
Apr 23 00:00:09 
Apr 23 00:00:09 逛今日必拼活动
Apr 23 00:00:09 success
Apr 23 00:00:09 
Apr 23 00:00:09 开始抽奖
Apr 23 00:00:09 
Apr 23 00:00:09 开始抽奖
Apr 23 00:00:09 
Apr 23 00:00:09 3-逛京东秒杀频道-已完成0-未完成2
Apr 23 00:00:09 
Apr 23 00:00:09 逛京东秒杀频道
Apr 23 00:00:09 success
Apr 23 00:00:09 
Apr 23 00:00:09 浏览特价频道
Apr 23 00:00:09 success
Apr 23 00:00:09 
Apr 23 00:00:09 开始抽奖
Apr 23 00:00:09 
Apr 23 00:00:09 开始抽奖
Apr 23 00:00:09 
Apr 23 00:00:09 开始抽奖
Apr 23 00:00:09 快去完成任务获得抽奖资格吧
Apr 23 00:00:09 
Apr 23 00:00:09 开始第2个抽奖活动
Apr 23 00:00:09 
Apr 23 00:00:09 13-连续签到任务（7天）-已完成0-未完成1
Apr 23 00:00:09 success
Apr 23 00:00:09 
Apr 23 00:00:09 14-邀人助力任务-已完成0-未完成10
Apr 23 00:00:09 任务已完成
Apr 23 00:00:09 
Apr 23 00:00:09 2-酷思麦 【可定制LOGO】一拖三数据线苹果/安卓/Type-c手机快充电线小米VIVO华为OPPO 幸运红【全铜芯3A一拖三快充】 1米-已完成0-未完成3
Apr 23 00:00:09 
Apr 23 00:00:09 酷思麦 【可定制LOGO】一拖三数据线苹果/安卓/Type-c手机快充电线小米VIVO华为OPPO 幸运红【全铜芯3A一拖三快充】 1米
Apr 23 00:00:09 success
Apr 23 00:00:09 
Apr 23 00:00:09 52度北大荒浓香型纯粮白酒整箱12瓶
Apr 23 00:00:09 success
Apr 23 00:00:09 
Apr 23 00:00:09 茅台（MOUTAI）老树藤干红葡萄酒 红酒 13%vol（度）750ml 单瓶
Apr 23 00:00:10 success
Apr 23 00:00:10 
Apr 23 00:00:10 开始抽奖
Apr 23 00:00:10 京豆:2
Apr 23 00:00:10 
Apr 23 00:00:10 开始抽奖
Apr 23 00:00:10 京豆:2
Apr 23 00:00:10 
Apr 23 00:00:10 3-9.9买到爽-已完成0-未完成2
Apr 23 00:00:10 
Apr 23 00:00:10 9.9买到爽
Apr 23 00:00:10 success
Apr 23 00:00:10 
Apr 23 00:00:10 查看精选补贴好物
Apr 23 00:00:10 success
Apr 23 00:00:10 
Apr 23 00:00:10 开始抽奖
Apr 23 00:00:10 快去完成任务获得抽奖资格吧
Apr 23 00:00:10 
Apr 23 00:00:10 3-好物1元抢-已完成0-未完成3
Apr 23 00:00:10 
Apr 23 00:00:10 好物1元抢
Apr 23 00:00:10 success
Apr 23 00:00:10 
Apr 23 00:00:10 查看京品好物
Apr 23 00:00:10 success
Apr 23 00:00:10 
Apr 23 00:00:10 宠汪汪-兑换iPhone
Apr 23 00:00:10 success
Apr 23 00:00:10 
Apr 23 00:00:10 开始抽奖
Apr 23 00:00:10 京豆:3
Apr 23 00:00:10 
Apr 23 00:00:10 1-汤臣倍健京东自营旗舰店-已完成0-未完成3
Apr 23 00:00:10 
Apr 23 00:00:10 汤臣倍健京东自营旗舰店
Apr 23 00:00:10 success
Apr 23 00:00:10 
Apr 23 00:00:10 闪魔旗舰店
Apr 23 00:00:10 success
Apr 23 00:00:10 
Apr 23 00:00:10 鲜次方旗舰店
Apr 23 00:00:10 success
Apr 23 00:00:10 
Apr 23 00:00:10 开始抽奖
Apr 23 00:00:10 快去完成任务获得抽奖资格吧
Apr 23 00:00:10 
Apr 23 00:00:10 21-图书会员-已完成0-未完成3
Apr 23 00:00:10 
Apr 23 00:00:10 开始抽奖
Apr 23 00:00:10 快去完成任务获得抽奖资格吧
Apr 23 00:00:10 
Apr 23 00:00:10 开始第3个抽奖活动
Apr 23 00:00:11 
Apr 23 00:00:11 1-关注太博尔Tech-Bio官方旗舰店-已完成0-未完成6
Apr 23 00:00:11 
Apr 23 00:00:11 关注太博尔Tech-Bio官方旗舰店
Apr 23 00:00:11 success
Apr 23 00:00:11 
Apr 23 00:00:11 关注丸丝旗舰店
Apr 23 00:00:11 success
Apr 23 00:00:11 
Apr 23 00:00:11 关注欧诺家庭清洁专营店
Apr 23 00:00:11 success
Apr 23 00:00:11 
Apr 23 00:00:11 关注薄荷健康官方旗舰店
Apr 23 00:00:11 success
Apr 23 00:00:11 
Apr 23 00:00:11 关注菲奥清洁用品专营店
Apr 23 00:00:11 success
Apr 23 00:00:11 
Apr 23 00:00:11 关注茶守艺官方旗舰店
Apr 23 00:00:11 jd_lotteryMachine.js文件  CDN刷新成功
Apr 23 00:00:11 success
Apr 23 00:00:11 
Apr 23 00:00:11 开始抽奖
Apr 23 00:00:11 
Apr 23 00:00:11 8-浏览热卖爆品-已完成0-未完成6
Apr 23 00:00:11 
Apr 23 00:00:11 佳曼 羽绒服清洁湿巾免水洗去油去污干洗剂家用清洗衣物神器 超值装12片x6包
Apr 23 00:00:11 任务领取成功
Apr 23 00:00:17 success
Apr 23 00:00:17 
Apr 23 00:00:17 茶守艺（Teaskill）湖南省茶业集团 湖南红茶办公室茶下午茶 袋泡茶包 茶叶 五彩湘茶 湖南红茶
Apr 23 00:00:17 任务领取成功
Apr 23 00:00:23 success
Apr 23 00:00:23 
Apr 23 00:00:23 威莱娅(wereal)多用途消毒液家用杀菌率99.999%地板宠物衣物家居除菌液 500ml*1瓶
Apr 23 00:00:23 任务领取成功
Apr 23 00:00:29 success
Apr 23 00:00:29 
Apr 23 00:00:29 羽绒服清洗剂干洗剂棉衣免水洗神器泡沫去污清洁剂白色羽绒服顽固污渍干洗剂免洗洗涤剂喷雾清洗液 羽绒服清洗剂150g
Apr 23 00:00:29 任务领取成功
Apr 23 00:00:35 success
Apr 23 00:00:35 
Apr 23 00:00:35 薄荷健康轻卡零食大礼包女低零食小吃休闲食品脂网红解馋控卡 【18袋尝鲜装】轻卡零食323g
Apr 23 00:00:36 任务领取成功
Apr 23 00:00:42 success
Apr 23 00:00:42 
Apr 23 00:00:42 太博尔TECH-BIO免洗手杀菌洗手液凝胶消毒液医通用75%酒精滋润护肤学生户外速干便携防疫家庭组合 【冀卫消证字】500ml
Apr 23 00:00:42 任务领取成功
Apr 23 00:00:48 success
Apr 23 00:00:48 
Apr 23 00:00:48 开始抽奖
Apr 23 00:00:48 
Apr 23 00:00:48 开始抽奖
Apr 23 00:00:48 
Apr 23 00:00:48 9-浏览菲奥清洁用品专营店-已完成0-未完成7
Apr 23 00:00:48 
Apr 23 00:00:48 浏览菲奥清洁用品专营店
Apr 23 00:00:48 任务领取成功
Apr 23 00:00:54 success
Apr 23 00:00:54 
Apr 23 00:00:54 浏览丸丝旗舰店
Apr 23 00:01:26 
Apr 23 00:01:26 ❗️京东抽奖机, 错误!
Apr 23 00:01:26 SyntaxError: Unexpected token u in JSON at position 0
Apr 23 00:01:26     at JSON.parse (<anonymous>)
Apr 23 00:01:26     at eval (eval at main (/scripts/jd_lotteryMachine.js:31:5), <anonymous>:216:23)
Apr 23 00:01:26     at eval (eval at main (/scripts/jd_lotteryMachine.js:31:5), <anonymous>:372:5780)
Apr 23 00:01:26     at processTicksAndRejections (internal/process/task_queues.js:93:5)
Apr 23 00:01:26 
Apr 23 00:01:26 浏览茶守艺官方旗舰店
Apr 23 00:01:26 任务领取成功
Apr 23 00:01:32 success
Apr 23 00:01:32 
Apr 23 00:01:32 浏览欧诺家庭清洁专营店
Apr 23 00:01:32 任务领取成功
Apr 23 00:01:38 success
Apr 23 00:01:38 
Apr 23 00:01:38 浏览太博尔Tech-Bio官方旗舰店
Apr 23 00:01:38 任务领取成功
Apr 23 00:01:44 success
Apr 23 00:01:44 
Apr 23 00:01:44 浏览爆品会场
Apr 23 00:01:44 任务领取成功
Apr 23 00:01:50 success
Apr 23 00:01:50 
Apr 23 00:01:50 浏览薄荷健康官方旗舰店
Apr 23 00:01:50 任务领取成功
Apr 23 00:01:56 success
Apr 23 00:01:56 
Apr 23 00:01:56 开始抽奖
Apr 23 00:01:56 
Apr 23 00:01:56 14-邀请好友助力-已完成0-未完成3
Apr 23 00:01:56 任务已完成
Apr 23 00:01:56 
Apr 23 00:01:56 开始抽奖
Apr 23 00:01:56 快去完成任务获得抽奖资格吧
Apr 23 00:01:56 
Apr 23 00:01:56 开始第4个抽奖活动
Apr 23 00:01:56 
Apr 23 00:01:56 14-邀请好友助力-已完成0-未完成10
Apr 23 00:01:56 助力已满员！谢谢你哦~
Apr 23 00:01:56 
Apr 23 00:01:56 8-【清单报价】松下开关插座格彩86型白色一开二开三开单控双控带LED指示灯 二开单控带指示灯开关WPC513-已完成0-未完成2
Apr 23 00:01:56 
Apr 23 00:01:56 【清单报价】松下开关插座格彩86型白色一开二开三开单控双控带LED指示灯 二开单控带指示灯开关WPC513
Apr 23 00:01:56 任务领取成功
Apr 23 00:02:03 success
Apr 23 00:02:03 
Apr 23 00:02:03 好孩子婴儿洗发沐浴露 新生儿男女儿童宝宝橄榄洗发沐浴二合一500ml
Apr 23 00:02:03 任务领取成功
Apr 23 00:02:09 success
Apr 23 00:02:09 
Apr 23 00:02:09 开始抽奖
Apr 23 00:02:09 
Apr 23 00:02:09 开始抽奖
Apr 23 00:02:09 
Apr 23 00:02:09 7-多拉美京东自营旗舰店-已完成0-未完成2
Apr 23 00:02:09 
Apr 23 00:02:09 多拉美京东自营旗舰店
Apr 23 00:02:09 任务领取成功
Apr 23 00:02:15 success
Apr 23 00:02:15 
Apr 23 00:02:15 天马京东自营旗舰店
Apr 23 00:02:15 任务领取成功
Apr 23 00:02:21 success
Apr 23 00:02:21 
Apr 23 00:02:21 开始抽奖
Apr 23 00:02:21 
Apr 23 00:02:21 开始抽奖
Apr 23 00:02:21 
Apr 23 00:02:21 26-浏览并关注特价频道-已完成0-未完成3
Apr 23 00:02:21 
Apr 23 00:02:21 浏览并关注特价频道
Apr 23 00:02:21 success
Apr 23 00:02:21 
Apr 23 00:02:21 浏览并关注秒杀频道
Apr 23 00:02:21 success
Apr 23 00:02:21 
Apr 23 00:02:21 浏览并关注闪购频道
Apr 23 00:02:22 success
Apr 23 00:02:22 
Apr 23 00:02:22 开始抽奖
Apr 23 00:02:22 
Apr 23 00:02:22 开始抽奖
Apr 23 00:02:22 京豆:1
Apr 23 00:02:22 
Apr 23 00:02:22 开始抽奖
Apr 23 00:02:22 京豆:1
Apr 23 00:02:22 
Apr 23 00:02:22 9-浏览锦鲤红包-已完成0-未完成2
Apr 23 00:02:22 
Apr 23 00:02:22 浏览锦鲤红包
Apr 23 00:02:22 任务领取成功
Apr 23 00:03:00 
Apr 23 00:03:00 ❗️京东抽奖机, 错误!
Apr 23 00:03:00 SyntaxError: Unexpected token u in JSON at position 0
Apr 23 00:03:00     at JSON.parse (<anonymous>)
Apr 23 00:03:00     at eval (eval at main (/scripts/jd_lotteryMachine.js:31:5), <anonymous>:216:23)
Apr 23 00:03:00     at eval (eval at main (/scripts/jd_lotteryMachine.js:31:5), <anonymous>:372:5780)
Apr 23 00:03:00     at processTicksAndRejections (internal/process/task_queues.js:93:5)
Apr 23 00:03:00 
Apr 23 00:03:00 浏览今日必拼活动
Apr 23 00:03:00 任务领取成功
Apr 23 00:03:06 success
Apr 23 00:03:06 
Apr 23 00:03:06 开始抽奖
Apr 23 00:03:06 
Apr 23 00:03:06 开始抽奖
Apr 23 00:03:06 快去完成任务获得抽奖资格吧
Apr 23 00:03:06 
Apr 23 00:03:06 开始第5个抽奖活动
Apr 23 00:03:06 活动已结束
Apr 23 00:03:06 
Apr 23 00:03:06 开始第6个抽奖活动
Apr 23 00:03:06 活动已结束
Apr 23 00:03:06 
Apr 23 00:03:06 开始第7个抽奖活动
Apr 23 00:03:06 
Apr 23 00:03:06 9-浏览婴童会场-已完成0-未完成2
Apr 23 00:03:06 
Apr 23 00:03:06 浏览婴童会场
Apr 23 00:03:06 任务领取成功
Apr 23 00:03:12 success
Apr 23 00:03:12 
Apr 23 00:03:12 浏览童装会场
Apr 23 00:03:12 任务领取成功
Apr 23 00:03:18 success
Apr 23 00:03:18 
Apr 23 00:03:18 开始抽奖
Apr 23 00:03:18 快去完成任务获得抽奖资格吧
Apr 23 00:03:18 
Apr 23 00:03:18 21-开通品牌会员-已完成0-未完成13
Apr 23 00:03:18 
Apr 23 00:03:18 26-关注并浏览频道-已完成0-未完成2
Apr 23 00:03:18 
Apr 23 00:03:18 关注并浏览内衣品质馆
Apr 23 00:03:18 success
Apr 23 00:03:18 
Apr 23 00:03:18 关注并浏览童装甄选馆
Apr 23 00:03:18 success
Apr 23 00:03:19 
Apr 23 00:03:19 开始抽奖
Apr 23 00:03:19 京豆:1
Apr 23 00:03:19 
Apr 23 00:03:19 1-关注并浏览店铺-已完成0-未完成14
Apr 23 00:03:19 
Apr 23 00:03:19 夏娃之秀官方旗舰店
Apr 23 00:03:19 success
Apr 23 00:03:19 
Apr 23 00:03:19 蒛一旗舰店
Apr 23 00:03:19 success
Apr 23 00:03:19 
Apr 23 00:03:19 芬狄诗旗舰店
Apr 23 00:03:19 success
Apr 23 00:03:19 
Apr 23 00:03:19 唐狮童装旗舰店
Apr 23 00:03:19 success
Apr 23 00:03:19 
Apr 23 00:03:19 全棉时代童装官方旗舰店
Apr 23 00:03:19 success
Apr 23 00:03:19 
Apr 23 00:03:19 欧迪芬旗舰店
Apr 23 00:03:19 success
Apr 23 00:03:19 
Apr 23 00:03:19 FILA童装京东自营旗舰店
Apr 23 00:03:19 success
Apr 23 00:03:19 
Apr 23 00:03:19 李宁童装旗舰店
Apr 23 00:03:19 success
Apr 23 00:03:19 
Apr 23 00:03:19 卡特兔（CRTARTU）京东自营旗舰店
Apr 23 00:03:19 success
Apr 23 00:03:19 
Apr 23 00:03:19 金三塔真丝内衣旗舰店
Apr 23 00:03:19 success
Apr 23 00:03:19 
Apr 23 00:03:19 久爱久京东自营旗舰店
Apr 23 00:03:19 success
Apr 23 00:03:19 
Apr 23 00:03:19 芭芭鸭旗舰店
Apr 23 00:03:19 success
Apr 23 00:03:19 
Apr 23 00:03:19 NEIWAI内外京东自营旗舰店
Apr 23 00:03:19 success
Apr 23 00:03:19 
Apr 23 00:03:19 14-邀请好友助力-已完成0-未完成4
Apr 23 00:03:19 助力已满员！谢谢你哦~
Apr 23 00:03:19 
Apr 23 00:03:19 8-浏览爆款商品-已完成0-未完成14
Apr 23 00:03:19 
Apr 23 00:03:19 卡特兔童鞋2020年春夏小白鞋休闲板鞋草莓鞋女童春夏网眼透气男童鞋XAH12小菠萝14.5
Apr 23 00:03:20 任务领取成功
Apr 23 00:03:26 success
Apr 23 00:03:26 
Apr 23 00:03:26 芭芭鸭公主风布鞋童鞋子2021春秋季新款女童帆布鞋儿童休闲鞋小学生 粉色 28 内长18/适合脚长17.5
Apr 23 00:03:26 任务领取成功
Apr 23 00:03:32 success
Apr 23 00:03:32 
Apr 23 00:03:32 唐狮童装TONLION kids儿童大童男童卫衣洋气男孩秋冬20新款冬季上衣 本白 140cm
Apr 23 00:03:32 任务领取成功
Apr 23 00:03:38 success
Apr 23 00:03:38 
Apr 23 00:03:38 开始抽奖
Apr 23 00:03:38 京豆:1
Apr 23 00:03:38 
Apr 23 00:03:38 开始抽奖
Apr 23 00:03:38 
Apr 23 00:03:38 开始抽奖
Apr 23 00:03:38 
Apr 23 00:03:38 开始抽奖
Apr 23 00:03:38 
Apr 23 00:03:38 开始抽奖
Apr 23 00:03:38 
Apr 23 00:03:38 开始第8个抽奖活动
Apr 23 00:03:38 
Apr 23 00:03:38 14-邀请好友助力-已完成0-未完成3
Apr 23 00:03:38 助力已满员！谢谢你哦~
Apr 23 00:03:38 
Apr 23 00:03:38 1-关注并浏览店铺-已完成0-未完成12
Apr 23 00:03:38 
Apr 23 00:03:38 关注并浏览全友家居
Apr 23 00:03:38 success
Apr 23 00:03:38 
Apr 23 00:03:38 关注并浏览芝华仕
Apr 23 00:03:38 success
Apr 23 00:03:38 
Apr 23 00:03:38 关注并浏览丝涟
Apr 23 00:03:39 success
Apr 23 00:03:39 
Apr 23 00:03:39 关注并浏览喜临门
Apr 23 00:03:39 success
Apr 23 00:03:39 
Apr 23 00:03:39 关注并浏览顾家家居
Apr 23 00:03:39 success
Apr 23 00:03:39 
Apr 23 00:03:39 9-浏览睡眠节会场-已完成0-未完成1
Apr 23 00:03:39 
Apr 23 00:03:39 浏览睡眠节会场
Apr 23 00:03:39 任务领取成功
Apr 23 00:03:45 success
Apr 23 00:03:45 
Apr 23 00:03:45 开始抽奖
Apr 23 00:03:45 
Apr 23 00:03:45 开始抽奖
Apr 23 00:03:45 
Apr 23 00:03:45 8-浏览指定商品-已完成0-未完成12
Apr 23 00:03:45 
Apr 23 00:03:45 双虎家私北欧餐桌实木长方形家用6人饭桌简欧玻璃餐桌椅组合807  807一桌四椅（配806餐椅）
Apr 23 00:03:45 任务领取成功
Apr 23 00:03:51 success
Apr 23 00:03:51 
Apr 23 00:03:51 舒达（Serta）床垫 乳胶席梦思床垫独立袋弹簧床垫1.5/1.8米双人床 可定制 【马上发货】梦享1931经典 180*200*28cm
Apr 23 00:03:51 任务领取成功
Apr 23 00:03:57 success
Apr 23 00:03:57 
Apr 23 00:03:57 曲美家居 实木床 双人床北欧家具1.5米1.8米日式床婚床卧室家具套装组合 灰色1.5M
Apr 23 00:03:57 任务领取成功
Apr 23 00:04:03 success
Apr 23 00:04:03 
Apr 23 00:04:03 21-“雅兰”品牌会员-已完成0-未完成12
Apr 23 00:04:03 
Apr 23 00:04:03 开始抽奖
Apr 23 00:04:03 
Apr 23 00:04:03 开始第9个抽奖活动
Apr 23 00:04:03 
Apr 23 00:04:03 0-跟小企鹅打个招呼-已完成0-未完成1
Apr 23 00:04:03 success
Apr 23 00:04:03 
Apr 23 00:04:03 9-去寻找消失的企鹅-已完成0-未完成1
Apr 23 00:04:03 
Apr 23 00:04:03 去寻找消失的企鹅
Apr 23 00:04:03 任务领取成功
Apr 23 00:04:19 success
Apr 23 00:04:19 
Apr 23 00:04:19 开始抽奖
Apr 23 00:04:19 快去完成任务获得抽奖资格吧
Apr 23 00:04:19 
Apr 23 00:04:19 9-浏览海尔焕新会场-已完成0-未完成10
Apr 23 00:04:19 
Apr 23 00:04:19 浏览海尔焕新会场
Apr 23 00:04:19 任务领取成功
Apr 23 00:04:34 success
Apr 23 00:04:34 
Apr 23 00:04:34 浏览飞利浦焕新会场
Apr 23 00:04:34 任务领取成功
Apr 23 00:04:49 success
Apr 23 00:04:49 
Apr 23 00:04:49 浏览美的焕新会场
Apr 23 00:04:49 任务领取成功
Apr 23 00:05:04 success
Apr 23 00:05:04 
Apr 23 00:05:04 浏览美的空调焕新会场
Apr 23 00:05:04 任务领取成功
Apr 23 00:05:19 success
Apr 23 00:05:19 
Apr 23 00:05:19 浏览LG焕新会场
Apr 23 00:05:19 任务领取成功
Apr 23 00:05:34 success
Apr 23 00:05:34 
Apr 23 00:05:34 浏览飞利浦净水会场
Apr 23 00:05:34 任务领取成功
Apr 23 00:05:49 success
Apr 23 00:05:49 
Apr 23 00:05:49 浏览飞利浦焕新会场
Apr 23 00:05:49 任务领取成功
Apr 23 00:06:04 success
Apr 23 00:06:04 
Apr 23 00:06:04 浏览西门子焕新会场
Apr 23 00:06:04 任务领取成功
Apr 23 00:06:19 success
Apr 23 00:06:19 
Apr 23 00:06:19 浏览林内焕新会场
Apr 23 00:06:19 任务领取成功
Apr 23 00:06:34 success
Apr 23 00:06:34 
Apr 23 00:06:34 浏览海昌焕心会场
Apr 23 00:06:35 任务领取成功
Apr 23 00:06:50 success
Apr 23 00:06:50 
Apr 23 00:06:50 开始抽奖
Apr 23 00:06:50 
Apr 23 00:06:50 开始抽奖
Apr 23 00:06:50 
Apr 23 00:06:50 9-浏览数码电器馆-已完成0-未完成7
Apr 23 00:06:50 
Apr 23 00:06:50 浏览数码电器馆
Apr 23 00:06:50 任务领取成功
Apr 23 00:07:05 success
Apr 23 00:07:05 
Apr 23 00:07:05 浏览武汉会场
Apr 23 00:07:05 任务领取成功
Apr 23 00:07:20 success
Apr 23 00:07:20 
Apr 23 00:07:20 浏览家电馆
Apr 23 00:07:20 任务领取成功
Apr 23 00:07:35 success
Apr 23 00:07:35 
Apr 23 00:07:35 浏览青岛会场
Apr 23 00:07:35 任务领取成功
Apr 23 00:07:50 success
Apr 23 00:07:50 
Apr 23 00:07:50 浏览三亚会场
Apr 23 00:07:50 任务领取成功
Apr 23 00:08:05 success
Apr 23 00:08:05 
Apr 23 00:08:05 浏览天津会场
Apr 23 00:08:05 任务领取成功
Apr 23 00:08:20 success
Apr 23 00:08:20 
Apr 23 00:08:20 浏览成都会场
Apr 23 00:08:20 任务领取成功
Apr 23 00:08:35 success
Apr 23 00:08:36 
Apr 23 00:08:36 开始抽奖
Apr 23 00:08:36 
Apr 23 00:08:36 开始抽奖
Apr 23 00:08:36 
Apr 23 00:08:36 14-邀好友给小企鹅打气-已完成0-未完成3
Apr 23 00:08:36 助力已满员！谢谢你哦~
Apr 23 00:08:36 
Apr 23 00:08:36 8-瞧瞧爆款商品-已完成0-未完成8
Apr 23 00:08:36 
Apr 23 00:08:36 美的(Midea)果润精储系列472升十字对开门电冰箱四门家用超薄全域温湿精控智能家电BCD-472WSPZM(E)
Apr 23 00:08:36 任务领取成功
Apr 23 00:08:51 success
Apr 23 00:08:51 
Apr 23 00:08:51 西门子(SIEMENS) 12套大容量 除菌独立式洗碗机家用 5D喷淋 双重烘干 SJ235W01JC (白色)
Apr 23 00:08:51 任务领取成功
Apr 23 00:09:06 success
Apr 23 00:09:06 
Apr 23 00:09:06 飞利浦（PHILIPS）家用净水器引擎800G 家用智能直饮五年长效RO反渗透无桶大通量纯水机AUT7006
Apr 23 00:09:06 任务领取成功
Apr 23 00:09:21 success
Apr 23 00:09:21 
Apr 23 00:09:21 LG 纤慧蒸汽升级款 10公斤滚筒洗衣机全自动 AI变频直驱 蒸汽除菌 550mm超薄机身 14分钟快洗 白FCY10Y4W
Apr 23 00:09:21 任务领取成功
Apr 23 00:09:36 success
Apr 23 00:09:36 
Apr 23 00:09:36 林内(Rinnai) 16升燃气热水器 家用天然气 语音APP智控 恒温防冻大水量 RUS-16QD33W（JSQ31-D33W）京品家电
Apr 23 00:09:36 任务领取成功
Apr 23 00:09:51 success
Apr 23 00:09:51 
Apr 23 00:09:51 飞利浦sonicare尊享系列成人声波震动智能高定电动牙刷 香槟金 HX9996/11
Apr 23 00:09:51 任务领取成功
Apr 23 00:10:06 success
Apr 23 00:10:06 
Apr 23 00:10:06 飞利浦（PHILIPS）水魔方PD50净饮一体机 家用台式即热直饮水机 免安装反渗透RO净水器 ADD6800
Apr 23 00:10:06 任务领取成功
Apr 23 00:10:21 success
Apr 23 00:10:21 
Apr 23 00:10:21 飞利浦（PHILIPS）小巨风 除甲醛空气净化器 除雾霾PM2.5除过敏源 智能APP操控AC2958/00
Apr 23 00:10:21 任务领取成功
Apr 23 00:10:36 success
Apr 23 00:10:37 
Apr 23 00:10:37 开始抽奖
Apr 23 00:10:37 
Apr 23 00:10:37 21-开通海昌品牌会员-已完成0-未完成5
Apr 23 00:10:37 
Apr 23 00:10:37 1-关注并浏览店铺-已完成0-未完成9
Apr 23 00:10:37 
Apr 23 00:10:37 LG京东自营旗舰店
Apr 23 00:10:37 success
Apr 23 00:10:37 
Apr 23 00:10:37 西门子家电京东自营旗舰店
Apr 23 00:10:37 success
Apr 23 00:10:37 
Apr 23 00:10:37 林内京东自营旗舰店
Apr 23 00:10:37 success
Apr 23 00:10:37 
Apr 23 00:10:37 爱慕儿童旗舰店
Apr 23 00:10:37 success
Apr 23 00:10:37 
Apr 23 00:10:37 美的京东自营官方旗舰店
Apr 23 00:10:37 success
Apr 23 00:10:37 
Apr 23 00:10:37 海昌旅游官方旗舰店
Apr 23 00:10:37 success
Apr 23 00:10:37 
Apr 23 00:10:37 海尔京东自营旗舰店
Apr 23 00:10:37 success
Apr 23 00:10:37 
Apr 23 00:10:37 飞利浦官方旗舰店
Apr 23 00:10:37 success
Apr 23 00:10:37 
Apr 23 00:10:37 飞利浦净水京东自营旗舰店
Apr 23 00:10:37 success
Apr 23 00:10:37 
Apr 23 00:10:37 开始抽奖
Apr 23 00:10:37 
Apr 23 00:10:37 开始抽奖
Apr 23 00:10:37 快去完成任务获得抽奖资格吧
Apr 23 00:10:37 
Apr 23 00:10:37 开始第10个抽奖活动
Apr 23 00:10:37 
Apr 23 00:10:37 9-浏览保值换新主会场-已完成0-未完成1
Apr 23 00:10:37 
Apr 23 00:10:37 浏览保值换新主会场
Apr 23 00:10:37 任务领取成功
Apr 23 00:10:43 success
Apr 23 00:10:44 
Apr 23 00:10:44 开始抽奖
Apr 23 00:10:44 京豆:1
Apr 23 00:10:44 
Apr 23 00:10:44 8-浏览荣耀指定商品-已完成0-未完成13
Apr 23 00:10:44 
Apr 23 00:10:44 荣耀Play5T活力版 超级快充 5000mAh大电池 6.6英寸全面屏 全网通6GB+128GB幻夜黑
Apr 23 00:10:44 任务领取成功
Apr 23 00:10:50 success
Apr 23 00:10:50 
Apr 23 00:10:50 浏览荣耀指定商品
Apr 23 00:10:50 任务领取成功
Apr 23 00:10:56 success
Apr 23 00:10:56 
Apr 23 00:10:56 浏览荣耀指定商品
Apr 23 00:10:56 任务领取成功
Apr 23 00:11:02 success
Apr 23 00:11:02 
Apr 23 00:11:02 浏览荣耀指定商品
Apr 23 00:11:02 任务领取成功
Apr 23 00:11:08 success
Apr 23 00:11:08 
Apr 23 00:11:08 浏览荣耀指定商品
Apr 23 00:11:08 任务领取成功
Apr 23 00:11:14 success
Apr 23 00:11:14 
Apr 23 00:11:14 浏览荣耀指定商品
Apr 23 00:11:14 任务领取成功
Apr 23 00:11:20 success
Apr 23 00:11:20 
Apr 23 00:11:20 浏览荣耀指定商品
Apr 23 00:11:20 任务领取成功
Apr 23 00:11:26 success
Apr 23 00:11:26 
Apr 23 00:11:26 浏览荣耀指定商品
Apr 23 00:11:26 任务领取成功
Apr 23 00:11:32 success
Apr 23 00:11:32 
Apr 23 00:11:32 浏览荣耀指定商品
Apr 23 00:11:32 任务领取成功
Apr 23 00:11:39 success
Apr 23 00:11:39 
Apr 23 00:11:39 浏览荣耀指定商品
Apr 23 00:11:39 任务领取成功
Apr 23 00:11:45 success
Apr 23 00:11:45 
Apr 23 00:11:45 浏览荣耀指定商品
Apr 23 00:11:45 任务领取成功
Apr 23 00:11:51 success
Apr 23 00:11:51 
Apr 23 00:11:51 浏览荣耀指定商品
Apr 23 00:11:51 任务领取成功
Apr 23 00:11:57 success
Apr 23 00:11:57 
Apr 23 00:11:57 浏览荣耀指定商品
Apr 23 00:11:57 任务领取成功
Apr 23 00:12:03 success
Apr 23 00:12:03 
Apr 23 00:12:03 开始抽奖
Apr 23 00:12:03 
Apr 23 00:12:03 开始抽奖
Apr 23 00:12:03 
Apr 23 00:12:03 开始抽奖
Apr 23 00:12:03 
Apr 23 00:12:03 开始抽奖
Apr 23 00:12:03 京豆:1
Apr 23 00:12:04 
Apr 23 00:12:04 开始抽奖
Apr 23 00:12:04 京豆:1
Apr 23 00:12:04 
Apr 23 00:12:04 1-浏览并关注荣耀店铺-已完成0-未完成1
Apr 23 00:12:04 
Apr 23 00:12:04 荣耀京东自营旗舰店
Apr 23 00:12:04 success
Apr 23 00:12:04 
Apr 23 00:12:04 开始抽奖
Apr 23 00:12:04 快去完成任务获得抽奖资格吧
Apr 23 00:12:04 
Apr 23 00:12:04 14-分享活动给好友-已完成0-未完成4
Apr 23 00:12:04 助力已满员！谢谢你哦~
Apr 23 00:12:04 
Apr 23 00:12:04 21-开通荣耀品牌会员-已完成0-未完成1
Apr 23 00:12:04 
Apr 23 00:12:04 9-浏览荣耀店铺-已完成0-未完成9
Apr 23 00:12:04 
Apr 23 00:12:04 浏览荣耀店铺
Apr 23 00:12:04 任务领取成功
Apr 23 00:12:10 success
Apr 23 00:12:10 
Apr 23 00:12:10 浏览美妆馆
Apr 23 00:12:10 任务领取成功
Apr 23 00:12:16 success
Apr 23 00:12:16 
Apr 23 00:12:16 浏览爱回收会场
Apr 23 00:12:16 任务领取成功
Apr 23 00:12:22 success
Apr 23 00:12:22 
Apr 23 00:12:22 浏览运营商会场
Apr 23 00:12:22 任务领取成功
Apr 23 00:12:28 success
Apr 23 00:12:28 
Apr 23 00:12:28 浏览母婴馆
Apr 23 00:12:28 任务领取成功
Apr 23 00:12:34 success
Apr 23 00:12:34 
Apr 23 00:12:34 浏览博朗店铺
Apr 23 00:12:34 任务领取成功
Apr 23 00:12:40 success
Apr 23 00:12:40 
Apr 23 00:12:40 浏览百草味店铺
Apr 23 00:12:40 任务领取成功
Apr 23 00:12:47 success
Apr 23 00:12:47 
Apr 23 00:12:47 浏览西铁城店铺
Apr 23 00:12:47 任务领取成功
Apr 23 00:12:53 success
Apr 23 00:12:53 
Apr 23 00:12:53 浏览保值换新会场
Apr 23 00:12:53 任务领取成功
Apr 23 00:12:59 success
Apr 23 00:12:59 
Apr 23 00:12:59 开始抽奖
Apr 23 00:12:59 
Apr 23 00:12:59 19-购买指定商品-已完成0-未完成1
Apr 23 00:12:59 
Apr 23 00:12:59 开始抽奖
Apr 23 00:12:59 快去完成任务获得抽奖资格吧
Apr 23 00:12:59 
Apr 23 00:12:59 ==============📣系统通知📣==============
Apr 23 00:12:59 京东抽奖机
Apr 23 00:12:59 京东账号：
Apr 23 00:12:59 抽得京豆：14个
Apr 23 00:12:59 请点击通知跳转至APP查看
Apr 23 00:12:59 
Apr 23 00:12:59 🔔京东抽奖机, 结束! 🕛 771.013 秒
Apr 23 00:12:59 
Apr 23 12:00:14 
Apr 23 12:00:14 🔔京东抽奖机, 开始!
Apr 23 12:00:14 
Apr 23 12:00:14 ====================共1个京东账号Cookie=========
Apr 23 12:00:14 
Apr 23 12:00:14 ==================脚本执行- 北京时间(UTC+8)：4/23/2021, 12:00:14 PM=====================
Apr 23 12:00:14 
Apr 23 12:00:14 
Apr 23 12:00:14 第1个抽奖活动【1EFRRxA】
Apr 23 12:00:14 functionId：interact_template_getHomeData
Apr 23 12:00:14 
Apr 23 12:00:14 ***************开始京东账号1 jd_60103fd1c8cd9***************
Apr 23 12:00:15 邀请码：T0225KkcRh4Y9VeBdBunnKRefQCjVWmIaW5kRrbA
Apr 23 12:00:15 邀请好友助力：0/10
Apr 23 12:00:15 
Apr 23 12:00:15 
Apr 23 12:00:15 第2个抽奖活动【1EFRQwA】
Apr 23 12:00:15 functionId：interact_template_getHomeData
Apr 23 12:00:15 
Apr 23 12:00:15 ***************开始京东账号1 jd_60103fd1c8cd9***************
Apr 23 12:00:15 邀请码：T0225KkcRh4Y9VeBdBunnKRefQCjVXnIaW5kRrbA
Apr 23 12:00:15 邀请好友助力：0/10
Apr 23 12:00:15 
Apr 23 12:00:15 
Apr 23 12:00:15 第3个抽奖活动【1EFRTyg】
Apr 23 12:00:15 functionId：healthyDay_getHomeData
Apr 23 12:00:15 
Apr 23 12:00:15 ***************开始京东账号1 jd_60103fd1c8cd9***************
Apr 23 12:00:15 邀请码：T0225KkcRh4Y9VeBdBunnKRefQCjVUloaW5kRrbA
Apr 23 12:00:15 邀请好友助力：0/3
Apr 23 12:00:15 
Apr 23 12:00:15 
Apr 23 12:00:15 第4个抽奖活动【1EFRXxg】
Apr 23 12:00:15 functionId：healthyDay_getHomeData
Apr 23 12:00:15 
Apr 23 12:00:15 ***************开始京东账号1 jd_60103fd1c8cd9***************
Apr 23 12:00:15 邀请码：T0225KkcRh4Y9VeBdBunnKRefQCjVQmoaT5kRrbA
Apr 23 12:00:15 邀请好友助力：10/10
Apr 23 12:00:15 
Apr 23 12:00:15 
Apr 23 12:00:15 第5个抽奖活动【1EFRZwA】
Apr 23 12:00:15 functionId：healthyDay_getHomeData
Apr 23 12:00:15 
Apr 23 12:00:15 ***************开始京东账号1 jd_60103fd1c8cd9***************
Apr 23 12:00:15 邀请码：T0225KkcRh4Y9VeBdBunnKRefQCjVenIaW5kRrbA
Apr 23 12:00:15 邀请好友助力：0/4
Apr 23 12:00:15 
Apr 23 12:00:15 
Apr 23 12:00:15 第6个抽奖活动【1EFRZwQ】
Apr 23 12:00:15 functionId：healthyDay_getHomeData
Apr 23 12:00:15 
Apr 23 12:00:15 ***************开始京东账号1 jd_60103fd1c8cd9***************
Apr 23 12:00:15 邀请码：T0225KkcRh4Y9VeBdBunnKRefQCjVenYaW5kRrbA
Apr 23 12:00:15 邀请好友助力：0/3
Apr 23 12:00:15 
Apr 23 12:00:15 
Apr 23 12:00:15 第7个抽奖活动【1EFRYwA】
Apr 23 12:00:15 functionId：healthyDay_getHomeData
Apr 23 12:00:15 
Apr 23 12:00:15 ***************开始京东账号1 jd_60103fd1c8cd9***************
Apr 23 12:00:15 邀请码：T0225KkcRh4Y9VeBdBunnKRefQCjVfnIaW5kRrbA
Apr 23 12:00:15 邀请好友助力：0/3
Apr 23 12:00:15 
Apr 23 12:00:15 
Apr 23 12:00:15 第8个抽奖活动【1EFRYxw】
Apr 23 12:00:15 functionId：healthyDay_getHomeData
Apr 23 12:00:15 
Apr 23 12:00:15 ***************开始京东账号1 jd_60103fd1c8cd9***************
Apr 23 12:00:15 邀请码：T0225KkcRh4Y9VeBdBunnKRefQCjVfm4aW5kRrbA
Apr 23 12:00:15 邀请好友助力：0/4
Apr 23 12:00:15 
Apr 23 12:00:23 
Apr 23 12:00:23 🔔京东抽奖机, 开始!
Apr 23 12:00:23 共1个京东账号
Apr 23 12:00:23 
Apr 23 12:00:24 
Apr 23 12:00:24 ❗️京东抽奖机, 错误!
Apr 23 12:00:24 TypeError: Cannot read property 'nickname' of undefined
Apr 23 12:00:24     at eval (eval at main (/scripts/jd_lotteryMachine.js:31:5), <anonymous>:85:38)
Apr 23 12:00:24     at isSurge.isLoon.isQuanX.isNode.got.on.then.message (eval at main (/scripts/jd_lotteryMachine.js:31:5), <anonymous>:372:4791)
Apr 23 12:00:24     at processTicksAndRejections (internal/process/task_queues.js:93:5)
Apr 23 12:00:24 
Apr 23 12:00:24 14-邀人助力任务-已完成0-未完成10
Apr 23 12:00:24 任务已完成
Apr 23 12:00:24 
Apr 23 12:00:24 2-【商场同款】九牧王男裤仿毛西裤2021春夏季新款简约中年长裤 JA2910413+藏青+标准版 180/100B40码(3.06)尺 102cm-已完成1-未完成2
Apr 23 12:00:24 
Apr 23 12:00:24 【商场同款】九牧王男裤仿毛西裤2021春夏季新款简约中年长裤 JA2910413+藏青+标准版 180/100B40码(3.06)尺 102cm
Apr 23 12:00:24 success
Apr 23 12:00:24 
Apr 23 12:00:24 开始抽奖
Apr 23 12:00:24 
Apr 23 12:00:24 1-AXEL ARIGATO京东自营官方旗舰店-全部已完成
Apr 23 12:00:24 
Apr 23 12:00:24 3-逛今日必拼活动-全部已完成
Apr 23 12:00:24 
Apr 23 12:00:24 3-逛品牌闪购频道-全部已完成
Apr 23 12:00:24 
Apr 23 12:00:24 开始抽奖
Apr 23 12:00:24 快去完成任务获得抽奖资格吧
Apr 23 12:00:24 
Apr 23 12:00:24 开始第2个抽奖活动
Apr 23 12:00:24 
Apr 23 12:00:24 13-连续签到任务（7天）-全部已完成
Apr 23 12:00:24 
Apr 23 12:00:24 14-邀人助力任务-已完成0-未完成10
Apr 23 12:00:24 任务已完成
Apr 23 12:00:24 
Apr 23 12:00:24 2-欧伴 山药锅巴90g*10袋装脆片薯片悦想吃网红办公室休闲零食膨化食品小吃 10包装（4口味*2+随机口味*2）-全部已完成
Apr 23 12:00:24 
Apr 23 12:00:24 3-9.9买到爽-全部已完成
Apr 23 12:00:24 
Apr 23 12:00:24 3-好物1元抢-全部已完成
Apr 23 12:00:24 
Apr 23 12:00:24 1-汤臣倍健京东自营旗舰店-全部已完成
Apr 23 12:00:24 
Apr 23 12:00:24 21-图书会员-已完成0-未完成3
Apr 23 12:00:25 jd_lotteryMachine.js文件  CDN刷新成功
Apr 23 12:00:56 
Apr 23 12:00:56 开始抽奖
Apr 23 12:00:56 
Apr 23 12:00:56 ❗️京东抽奖机, 错误!
Apr 23 12:00:56 SyntaxError: Unexpected token u in JSON at position 0
Apr 23 12:00:56     at JSON.parse (<anonymous>)
Apr 23 12:00:56     at eval (eval at main (/scripts/jd_lotteryMachine.js:31:5), <anonymous>:254:23)
Apr 23 12:00:56     at eval (eval at main (/scripts/jd_lotteryMachine.js:31:5), <anonymous>:372:5780)
Apr 23 12:00:56     at processTicksAndRejections (internal/process/task_queues.js:93:5)
Apr 23 12:00:56 
Apr 23 12:00:56 开始第3个抽奖活动
Apr 23 12:01:28 
Apr 23 12:01:28 ❗️京东抽奖机, 错误!
Apr 23 12:01:28 SyntaxError: Unexpected token u in JSON at position 0
Apr 23 12:01:28     at JSON.parse (<anonymous>)
Apr 23 12:01:28     at eval (eval at main (/scripts/jd_lotteryMachine.js:31:5), <anonymous>:117:23)
Apr 23 12:01:28     at eval (eval at main (/scripts/jd_lotteryMachine.js:31:5), <anonymous>:372:5780)
Apr 23 12:01:28     at processTicksAndRejections (internal/process/task_queues.js:93:5)
Apr 23 12:01:28 
Apr 23 12:01:28 开始第4个抽奖活动
Apr 23 12:01:28 
Apr 23 12:01:28 14-邀请好友助力-全部已完成
Apr 23 12:01:28 助力已满员！谢谢你哦~
Apr 23 12:01:28 
Apr 23 12:01:28 8-SNOOPY史努比男孩控油洗面奶 男生清爽去油 保湿补水洁面乳 青少年学生护肤 男士净油能量洁面膏120ml-全部已完成
Apr 23 12:01:28 
Apr 23 12:01:28 7-大宇电器家电京东自营旗舰店-全部已完成
Apr 23 12:01:28 
Apr 23 12:01:28 26-浏览并关注闪购频道-全部已完成
Apr 23 12:01:28 
Apr 23 12:01:28 9-浏览今日必拼活动-全部已完成
Apr 23 12:01:28 
Apr 23 12:01:28 开始抽奖
Apr 23 12:01:28 快去完成任务获得抽奖资格吧
Apr 23 12:01:28 
Apr 23 12:01:28 开始第5个抽奖活动
Apr 23 12:01:28 活动已结束
Apr 23 12:01:28 
Apr 23 12:01:28 开始第6个抽奖活动
Apr 23 12:01:28 活动已结束
Apr 23 12:01:28 
Apr 23 12:01:28 开始第7个抽奖活动
Apr 23 12:01:28 
Apr 23 12:01:28 9-浏览婴童会场-全部已完成
Apr 23 12:01:28 
Apr 23 12:01:28 21-开通品牌会员-已完成0-未完成13
Apr 23 12:01:28 
Apr 23 12:01:28 26-关注并浏览频道-全部已完成
Apr 23 12:01:28 
Apr 23 12:01:28 1-关注并浏览店铺-已完成13-未完成14
Apr 23 12:01:28 
Apr 23 12:01:28 14-邀请好友助力-已完成0-未完成4
Apr 23 12:01:28 助力已满员！谢谢你哦~
Apr 23 12:01:28 
Apr 23 12:01:28 8-浏览爆款商品-已完成3-未完成14
Apr 23 12:01:28 
Apr 23 12:01:28 李宁儿童官网童装T恤新品春夏男小大童短袖T恤文化衫透气吸汗弹力宽松上衣YHSQ253官方旗舰网 朱砂红-2 160
Apr 23 12:01:28 任务领取成功
Apr 23 12:01:34 success
Apr 23 12:01:34 
Apr 23 12:01:34 全棉时代新生婴儿浴巾纯棉柔吸水洗澡巾儿童宝宝盖毯2条装 小鸭子+狮子飞机蓝(95*95cm)
Apr 23 12:01:34 任务领取成功
Apr 23 12:01:40 success
Apr 23 12:01:40 
Apr 23 12:01:40 开始抽奖
Apr 23 12:01:40 
Apr 23 12:01:40 开始第8个抽奖活动
Apr 23 12:01:40 
Apr 23 12:01:40 14-邀请好友助力-已完成0-未完成3
Apr 23 12:01:40 助力已满员！谢谢你哦~
Apr 23 12:01:40 
Apr 23 12:01:40 1-关注并浏览店铺-已完成5-未完成12
Apr 23 12:01:40 
Apr 23 12:01:40 9-浏览睡眠节会场-全部已完成
Apr 23 12:01:40 
Apr 23 12:01:40 8-浏览指定商品-已完成3-未完成12
Apr 23 12:01:40 
Apr 23 12:01:40 左右沙发 现代真皮沙发大小户型客厅整装组合双人沙发一字型四人沙发DZY5016-1 Y1016米白色  三人位 2.55米
Apr 23 12:01:40 任务领取成功
Apr 23 12:01:47 success
Apr 23 12:01:47 
Apr 23 12:01:47 【店铺曝款】大自然床垫 全山棕垫静音床褥床垫子 单人/双人可定制折叠 非椰棕薄/厚无弹簧棕榈垫A2 12CM（内胆厚度） 1800*2000
Apr 23 12:01:47 任务领取成功
Apr 23 12:01:53 success
Apr 23 12:01:53 
Apr 23 12:01:53 爱德福天然乳胶床垫5cm泰国进口天然乳胶 可定制榻榻米1.5米1.8米 双人 厚5cm带内外套【85D软硬适中】 90cm*200cm
Apr 23 12:01:53 任务领取成功
Apr 23 12:01:59 success
Apr 23 12:01:59 
Apr 23 12:01:59 21-“全友家居”品牌会员-已完成0-未完成12
Apr 23 12:01:59 
Apr 23 12:01:59 开始抽奖
Apr 23 12:01:59 
Apr 23 12:01:59 开始第9个抽奖活动
Apr 23 12:01:59 
Apr 23 12:01:59 0-跟小企鹅打个招呼-全部已完成
Apr 23 12:01:59 
Apr 23 12:01:59 9-去寻找消失的企鹅-全部已完成
Apr 23 12:01:59 
Apr 23 12:01:59 9-浏览飞利浦焕新会场-全部已完成
Apr 23 12:01:59 
Apr 23 12:01:59 9-浏览成都会场-全部已完成
Apr 23 12:01:59 
Apr 23 12:01:59 14-邀好友给小企鹅打气-已完成0-未完成3
Apr 23 12:01:59 助力已满员！谢谢你哦~
Apr 23 12:01:59 
Apr 23 12:01:59 8-瞧瞧爆款商品-全部已完成
Apr 23 12:01:59 
Apr 23 12:01:59 21-开通LG品牌会员-已完成0-未完成5
Apr 23 12:01:59 
Apr 23 12:01:59 1-关注并浏览店铺-全部已完成
Apr 23 12:01:59 
Apr 23 12:01:59 开始抽奖
Apr 23 12:01:59 快去完成任务获得抽奖资格吧
Apr 23 12:01:59 
Apr 23 12:01:59 开始第10个抽奖活动
Apr 23 12:01:59 
Apr 23 12:01:59 9-浏览保值换新主会场-全部已完成
Apr 23 12:01:59 
Apr 23 12:01:59 8-浏览荣耀指定商品-全部已完成
Apr 23 12:01:59 
Apr 23 12:01:59 1-浏览并关注荣耀店铺-全部已完成
Apr 23 12:01:59 
Apr 23 12:01:59 14-分享活动给好友-已完成0-未完成4
Apr 23 12:01:59 助力已满员！谢谢你哦~
Apr 23 12:01:59 
Apr 23 12:01:59 21-开通荣耀品牌会员-已完成0-未完成1
Apr 23 12:01:59 
Apr 23 12:01:59 9-浏览荣耀店铺-全部已完成
Apr 23 12:01:59 
Apr 23 12:01:59 19-购买指定商品-已完成0-未完成1
Apr 23 12:01:59 
Apr 23 12:01:59 开始抽奖
Apr 23 12:01:59 快去完成任务获得抽奖资格吧
Apr 23 12:01:59 
Apr 23 12:01:59 ==============📣系统通知📣==============
Apr 23 12:01:59 京东抽奖机
Apr 23 12:01:59 京东账号：
Apr 23 12:01:59 抽得京豆：失败：无机会
Apr 23 12:01:59 请点击通知跳转至APP查看
Apr 23 12:01:59 
Apr 23 12:01:59 🔔京东抽奖机, 结束! 🕛 95.741 秒
Apr 23 12:01:59 
