Mar 30 23:50:20 
Mar 30 23:50:20 🔔京东直播, 开始!
Mar 30 23:50:20 
Mar 30 23:50:20 ====================共1个京东账号Cookie=========
Mar 30 23:50:20 
Mar 30 23:50:20 ==================脚本执行- 北京时间(UTC+8)：3/30/2021, 11:50:20 PM=====================
Mar 30 23:50:20 
Mar 30 23:50:21 
Mar 30 23:50:21 ******开始【京东账号1】burst3166*********
Mar 30 23:50:21 
Mar 30 23:50:21 任务领奖失败，京豆与你擦肩而过
Mar 30 23:50:21 去做分享直播间任务
Mar 30 23:50:21 任务领奖失败，京豆与你擦肩而过
Mar 30 23:50:21 去做浏览直播间任务
Mar 30 23:50:21 任务领奖失败，京豆与你擦肩而过
Mar 30 23:50:21 任务领奖失败，京豆与你擦肩而过，马上进入精彩内容…
Mar 30 23:50:21 京东账号1burst3166
Mar 30 23:50:21 领奖完成，共计获得 0 京豆
Mar 30 23:50:21 
Mar 30 23:50:21 
Mar 30 23:50:21 🔔京东直播, 结束! 🕛 1.5 秒
Mar 30 23:50:21 
Mar 31 12:30:18 
Mar 31 12:30:18 🔔京东直播, 开始!
Mar 31 12:30:18 
Mar 31 12:30:18 ====================共1个京东账号Cookie=========
Mar 31 12:30:18 
Mar 31 12:30:18 ==================脚本执行- 北京时间(UTC+8)：3/31/2021, 12:30:18 PM=====================
Mar 31 12:30:18 
Mar 31 12:30:19 
Mar 31 12:30:19 ******开始【京东账号1】burst3166*********
Mar 31 12:30:19 
Mar 31 12:30:19 任务领奖失败，京豆与你擦肩而过
Mar 31 12:30:19 去做分享直播间任务
Mar 31 12:30:20 任务领奖成功，获得 1 京豆
Mar 31 12:30:20 去做浏览直播间任务
Mar 31 12:30:20 任务领奖成功，获得 1 京豆
Mar 31 12:30:20 签到领奖成功，获得 3 京豆
Mar 31 12:30:20 京东账号1burst3166
Mar 31 12:30:20 任务领奖成功，获得 1 京豆
Mar 31 12:30:20 任务领奖成功，获得 1 京豆
Mar 31 12:30:20 任务领奖成功，获得 3 京豆
Mar 31 12:30:20 领奖完成，共计获得 5 京豆
Mar 31 12:30:20 
Mar 31 12:30:20 
Mar 31 12:30:20 🔔京东直播, 结束! 🕛 1.568 秒
Mar 31 12:30:20 
Mar 31 12:35:07 
Mar 31 12:35:07 🔔京东直播, 开始!
Mar 31 12:35:07 
Mar 31 12:35:07 ====================共1个京东账号Cookie=========
Mar 31 12:35:07 
Mar 31 12:35:07 ==================脚本执行- 北京时间(UTC+8)：3/31/2021, 12:35:07 PM=====================
Mar 31 12:35:07 
Mar 31 12:35:08 
Mar 31 12:35:08 ******开始【京东账号1】burst3166*********
Mar 31 12:35:08 
Mar 31 12:35:08 任务领奖失败，京豆与你擦肩而过
Mar 31 12:35:08 去做分享直播间任务
Mar 31 12:35:08 任务领奖成功，获得 1 京豆
Mar 31 12:35:08 去做浏览直播间任务
Mar 31 12:35:09 任务领奖成功，获得 1 京豆
Mar 31 12:35:09 任务领奖失败，京豆与你擦肩而过，马上进入精彩内容…
Mar 31 12:35:09 京东账号1burst3166
Mar 31 12:35:09 任务领奖成功，获得 1 京豆
Mar 31 12:35:09 任务领奖成功，获得 1 京豆
Mar 31 12:35:09 领奖完成，共计获得 2 京豆
Mar 31 12:35:09 
Mar 31 12:35:09 
Mar 31 12:35:09 🔔京东直播, 结束! 🕛 1.549 秒
Mar 31 12:35:09 
Mar 31 12:40:12 
Mar 31 12:40:12 🔔京东直播, 开始!
Mar 31 12:40:12 
Mar 31 12:40:12 ====================共1个京东账号Cookie=========
Mar 31 12:40:12 
Mar 31 12:40:12 ==================脚本执行- 北京时间(UTC+8)：3/31/2021, 12:40:12 PM=====================
Mar 31 12:40:12 
Mar 31 12:40:13 
Mar 31 12:40:13 ******开始【京东账号1】burst3166*********
Mar 31 12:40:13 
Mar 31 12:40:13 任务领奖失败，京豆与你擦肩而过
Mar 31 12:40:13 去做分享直播间任务
Mar 31 12:40:13 任务领奖失败，京豆与你擦肩而过
Mar 31 12:40:13 去做浏览直播间任务
Mar 31 12:40:13 任务领奖失败，京豆与你擦肩而过
Mar 31 12:40:13 任务领奖失败，京豆与你擦肩而过，马上进入精彩内容…
Mar 31 12:40:13 京东账号1burst3166
Mar 31 12:40:13 领奖完成，共计获得 0 京豆
Mar 31 12:40:13 
Mar 31 12:40:13 
Mar 31 12:40:13 🔔京东直播, 结束! 🕛 1.501 秒
Mar 31 12:40:13 
Mar 31 12:45:18 
Mar 31 12:45:18 🔔京东直播, 开始!
Mar 31 12:45:18 
Mar 31 12:45:18 ====================共1个京东账号Cookie=========
Mar 31 12:45:18 
Mar 31 12:45:18 ==================脚本执行- 北京时间(UTC+8)：3/31/2021, 12:45:18 PM=====================
Mar 31 12:45:18 
Mar 31 12:45:18 
Mar 31 12:45:18 ******开始【京东账号1】burst3166*********
Mar 31 12:45:18 
Mar 31 12:45:19 任务领奖失败，京豆与你擦肩而过
Mar 31 12:45:19 去做分享直播间任务
Mar 31 12:45:19 任务领奖失败，京豆与你擦肩而过
Mar 31 12:45:19 去做浏览直播间任务
Mar 31 12:45:19 任务领奖失败，京豆与你擦肩而过
Mar 31 12:45:19 任务领奖失败，京豆与你擦肩而过，马上进入精彩内容…
Mar 31 12:45:19 京东账号1burst3166
Mar 31 12:45:19 领奖完成，共计获得 0 京豆
Mar 31 12:45:19 
Mar 31 12:45:19 
Mar 31 12:45:19 🔔京东直播, 结束! 🕛 1.412 秒
Mar 31 12:45:19 
Mar 31 12:50:23 
Mar 31 12:50:23 🔔京东直播, 开始!
Mar 31 12:50:23 
Mar 31 12:50:23 ====================共1个京东账号Cookie=========
Mar 31 12:50:23 
Mar 31 12:50:23 ==================脚本执行- 北京时间(UTC+8)：3/31/2021, 12:50:23 PM=====================
Mar 31 12:50:23 
Mar 31 12:50:23 
Mar 31 12:50:23 ******开始【京东账号1】burst3166*********
Mar 31 12:50:23 
Mar 31 12:50:24 任务领奖失败，京豆与你擦肩而过
Mar 31 12:50:24 去做分享直播间任务
Mar 31 12:50:24 任务领奖失败，京豆与你擦肩而过
Mar 31 12:50:24 去做浏览直播间任务
Mar 31 12:50:24 任务领奖失败，京豆与你擦肩而过
Mar 31 12:50:24 任务领奖失败，京豆与你擦肩而过，马上进入精彩内容…
Mar 31 12:50:24 京东账号1burst3166
Mar 31 12:50:24 领奖完成，共计获得 0 京豆
Mar 31 12:50:24 
Mar 31 12:50:24 
Mar 31 12:50:24 🔔京东直播, 结束! 🕛 1.456 秒
Mar 31 12:50:24 
