Mar 13 20:30:00 
Mar 13 20:30:00 🔔超级直播间红包雨, 开始!
Mar 13 20:30:00 您的cookie选择的是用&隔开
Mar 13 20:30:00 
Mar 13 20:30:00 
Mar 13 20:30:00 ====================共有2个京东账号Cookie=========
Mar 13 20:30:00 
Mar 13 20:30:00 ==================脚本执行- 北京时间(UTC+8)：3/13/2021, 8:30:00 PM=====================
Mar 13 20:30:00 
Mar 13 20:30:00 远程红包雨配置获取错误，从本地读取配置
Mar 13 20:30:00 无法从本地读取配置，请检查运行时间(注：非红包雨时间执行出现此提示请忽略！！！！！！！！！！！)
Mar 13 20:30:00 出现异常提示请忽略。红包雨期间会正常，此脚本提issue打死！！！！！！！！！！！)
Mar 13 20:30:00 
Mar 13 20:30:00 🔔超级直播间红包雨, 结束! 🕛 0.014 秒
Mar 13 20:30:00 
Mar 13 20:31:00 
Mar 13 20:31:00 🔔超级直播间红包雨, 开始!
Mar 13 20:31:00 您的cookie选择的是用&隔开
Mar 13 20:31:00 
Mar 13 20:31:00 
Mar 13 20:31:00 ====================共有2个京东账号Cookie=========
Mar 13 20:31:00 
Mar 13 20:31:00 ==================脚本执行- 北京时间(UTC+8)：3/13/2021, 8:31:00 PM=====================
Mar 13 20:31:00 
Mar 13 20:31:00 远程红包雨配置获取错误，从本地读取配置
Mar 13 20:31:00 无法从本地读取配置，请检查运行时间(注：非红包雨时间执行出现此提示请忽略！！！！！！！！！！！)
Mar 13 20:31:00 出现异常提示请忽略。红包雨期间会正常，此脚本提issue打死！！！！！！！！！！！)
Mar 13 20:31:00 
Mar 13 20:31:00 🔔超级直播间红包雨, 结束! 🕛 0.016 秒
Mar 13 20:31:00 
Mar 13 21:30:00 
Mar 13 21:30:00 🔔超级直播间红包雨, 开始!
Mar 13 21:30:00 您的cookie选择的是用&隔开
Mar 13 21:30:00 
Mar 13 21:30:00 
Mar 13 21:30:00 ====================共有2个京东账号Cookie=========
Mar 13 21:30:00 
Mar 13 21:30:00 ==================脚本执行- 北京时间(UTC+8)：3/13/2021, 9:30:00 PM=====================
Mar 13 21:30:00 
Mar 13 21:30:00 远程红包雨配置获取错误，从本地读取配置
Mar 13 21:30:00 无法从本地读取配置，请检查运行时间(注：非红包雨时间执行出现此提示请忽略！！！！！！！！！！！)
Mar 13 21:30:00 出现异常提示请忽略。红包雨期间会正常，此脚本提issue打死！！！！！！！！！！！)
Mar 13 21:30:00 
Mar 13 21:30:00 🔔超级直播间红包雨, 结束! 🕛 0.012 秒
Mar 13 21:30:00 
Mar 13 21:31:00 
Mar 13 21:31:00 🔔超级直播间红包雨, 开始!
Mar 13 21:31:00 您的cookie选择的是用&隔开
Mar 13 21:31:00 
Mar 13 21:31:00 
Mar 13 21:31:00 ====================共有2个京东账号Cookie=========
Mar 13 21:31:00 
Mar 13 21:31:00 ==================脚本执行- 北京时间(UTC+8)：3/13/2021, 9:31:00 PM=====================
Mar 13 21:31:00 
Mar 13 21:31:00 远程红包雨配置获取错误，从本地读取配置
Mar 13 21:31:00 无法从本地读取配置，请检查运行时间(注：非红包雨时间执行出现此提示请忽略！！！！！！！！！！！)
Mar 13 21:31:00 出现异常提示请忽略。红包雨期间会正常，此脚本提issue打死！！！！！！！！！！！)
Mar 13 21:31:00 
Mar 13 21:31:00 🔔超级直播间红包雨, 结束! 🕛 0.017 秒
Mar 13 21:31:00 
Mar 13 22:30:00 
Mar 13 22:30:00 🔔超级直播间红包雨, 开始!
Mar 13 22:30:00 您的cookie选择的是用&隔开
Mar 13 22:30:00 
Mar 13 22:30:00 
Mar 13 22:30:00 ====================共有2个京东账号Cookie=========
Mar 13 22:30:00 
Mar 13 22:30:00 ==================脚本执行- 北京时间(UTC+8)：3/13/2021, 10:30:00 PM=====================
Mar 13 22:30:00 
Mar 13 22:30:00 远程红包雨配置获取错误，从本地读取配置
Mar 13 22:30:00 无法从本地读取配置，请检查运行时间(注：非红包雨时间执行出现此提示请忽略！！！！！！！！！！！)
Mar 13 22:30:00 出现异常提示请忽略。红包雨期间会正常，此脚本提issue打死！！！！！！！！！！！)
Mar 13 22:30:00 
Mar 13 22:30:00 🔔超级直播间红包雨, 结束! 🕛 0.013 秒
Mar 13 22:30:00 
Mar 13 22:31:00 
Mar 13 22:31:00 🔔超级直播间红包雨, 开始!
Mar 13 22:31:00 您的cookie选择的是用&隔开
Mar 13 22:31:00 
Mar 13 22:31:00 
Mar 13 22:31:00 ====================共有2个京东账号Cookie=========
Mar 13 22:31:00 
Mar 13 22:31:00 ==================脚本执行- 北京时间(UTC+8)：3/13/2021, 10:31:00 PM=====================
Mar 13 22:31:00 
Mar 13 22:31:00 远程红包雨配置获取错误，从本地读取配置
Mar 13 22:31:00 无法从本地读取配置，请检查运行时间(注：非红包雨时间执行出现此提示请忽略！！！！！！！！！！！)
Mar 13 22:31:00 出现异常提示请忽略。红包雨期间会正常，此脚本提issue打死！！！！！！！！！！！)
Mar 13 22:31:00 
Mar 13 22:31:00 🔔超级直播间红包雨, 结束! 🕛 0.016 秒
Mar 13 22:31:00 
Mar 13 23:30:00 
Mar 13 23:30:00 🔔超级直播间红包雨, 开始!
Mar 13 23:30:00 您的cookie选择的是用&隔开
Mar 13 23:30:00 
Mar 13 23:30:00 
Mar 13 23:30:00 ====================共有2个京东账号Cookie=========
Mar 13 23:30:00 
Mar 13 23:30:00 ==================脚本执行- 北京时间(UTC+8)：3/13/2021, 11:30:00 PM=====================
Mar 13 23:30:00 
Mar 13 23:30:00 远程红包雨配置获取错误，从本地读取配置
Mar 13 23:30:00 无法从本地读取配置，请检查运行时间(注：非红包雨时间执行出现此提示请忽略！！！！！！！！！！！)
Mar 13 23:30:00 出现异常提示请忽略。红包雨期间会正常，此脚本提issue打死！！！！！！！！！！！)
Mar 13 23:30:00 
Mar 13 23:30:00 🔔超级直播间红包雨, 结束! 🕛 0.014 秒
Mar 13 23:30:00 
Mar 13 23:31:00 
Mar 13 23:31:00 🔔超级直播间红包雨, 开始!
Mar 13 23:31:00 您的cookie选择的是用&隔开
Mar 13 23:31:00 
Mar 13 23:31:00 
Mar 13 23:31:00 ====================共有2个京东账号Cookie=========
Mar 13 23:31:00 
Mar 13 23:31:00 ==================脚本执行- 北京时间(UTC+8)：3/13/2021, 11:31:00 PM=====================
Mar 13 23:31:00 
Mar 13 23:31:00 远程红包雨配置获取错误，从本地读取配置
Mar 13 23:31:00 无法从本地读取配置，请检查运行时间(注：非红包雨时间执行出现此提示请忽略！！！！！！！！！！！)
Mar 13 23:31:00 出现异常提示请忽略。红包雨期间会正常，此脚本提issue打死！！！！！！！！！！！)
Mar 13 23:31:00 
Mar 13 23:31:00 🔔超级直播间红包雨, 结束! 🕛 0.014 秒
Mar 13 23:31:00 
Mar 14 20:30:00 
Mar 14 20:30:00 🔔超级直播间红包雨, 开始!
Mar 14 20:30:00 您的cookie选择的是用&隔开
Mar 14 20:30:00 
Mar 14 20:30:00 
Mar 14 20:30:00 ====================共有2个京东账号Cookie=========
Mar 14 20:30:00 
Mar 14 20:30:00 ==================脚本执行- 北京时间(UTC+8)：3/14/2021, 8:30:00 PM=====================
Mar 14 20:30:00 
Mar 14 20:30:00 远程红包雨配置获取错误，从本地读取配置
Mar 14 20:30:00 无法从本地读取配置，请检查运行时间(注：非红包雨时间执行出现此提示请忽略！！！！！！！！！！！)
Mar 14 20:30:00 出现异常提示请忽略。红包雨期间会正常，此脚本提issue打死！！！！！！！！！！！)
Mar 14 20:30:00 
Mar 14 20:30:00 🔔超级直播间红包雨, 结束! 🕛 0.012 秒
Mar 14 20:30:00 
Mar 14 20:31:00 
Mar 14 20:31:00 🔔超级直播间红包雨, 开始!
Mar 14 20:31:00 您的cookie选择的是用&隔开
Mar 14 20:31:00 
Mar 14 20:31:00 
Mar 14 20:31:00 ====================共有2个京东账号Cookie=========
Mar 14 20:31:00 
Mar 14 20:31:00 ==================脚本执行- 北京时间(UTC+8)：3/14/2021, 8:31:00 PM=====================
Mar 14 20:31:00 
Mar 14 20:31:00 远程红包雨配置获取错误，从本地读取配置
Mar 14 20:31:00 无法从本地读取配置，请检查运行时间(注：非红包雨时间执行出现此提示请忽略！！！！！！！！！！！)
Mar 14 20:31:00 出现异常提示请忽略。红包雨期间会正常，此脚本提issue打死！！！！！！！！！！！)
Mar 14 20:31:00 
Mar 14 20:31:00 🔔超级直播间红包雨, 结束! 🕛 0.019 秒
Mar 14 20:31:00 
Mar 14 21:30:00 
Mar 14 21:30:00 🔔超级直播间红包雨, 开始!
Mar 14 21:30:00 您的cookie选择的是用&隔开
Mar 14 21:30:00 
Mar 14 21:30:00 
Mar 14 21:30:00 ====================共有2个京东账号Cookie=========
Mar 14 21:30:00 
Mar 14 21:30:00 ==================脚本执行- 北京时间(UTC+8)：3/14/2021, 9:30:00 PM=====================
Mar 14 21:30:00 
Mar 14 21:30:00 远程红包雨配置获取错误，从本地读取配置
Mar 14 21:30:00 无法从本地读取配置，请检查运行时间(注：非红包雨时间执行出现此提示请忽略！！！！！！！！！！！)
Mar 14 21:30:00 出现异常提示请忽略。红包雨期间会正常，此脚本提issue打死！！！！！！！！！！！)
Mar 14 21:30:00 
Mar 14 21:30:00 🔔超级直播间红包雨, 结束! 🕛 0.012 秒
Mar 14 21:30:00 
Mar 14 21:31:00 
Mar 14 21:31:00 🔔超级直播间红包雨, 开始!
Mar 14 21:31:00 您的cookie选择的是用&隔开
Mar 14 21:31:00 
Mar 14 21:31:00 
Mar 14 21:31:00 ====================共有2个京东账号Cookie=========
Mar 14 21:31:00 
Mar 14 21:31:00 ==================脚本执行- 北京时间(UTC+8)：3/14/2021, 9:31:00 PM=====================
Mar 14 21:31:00 
Mar 14 21:31:00 远程红包雨配置获取错误，从本地读取配置
Mar 14 21:31:00 无法从本地读取配置，请检查运行时间(注：非红包雨时间执行出现此提示请忽略！！！！！！！！！！！)
Mar 14 21:31:00 出现异常提示请忽略。红包雨期间会正常，此脚本提issue打死！！！！！！！！！！！)
Mar 14 21:31:00 
Mar 14 21:31:00 🔔超级直播间红包雨, 结束! 🕛 0.018 秒
Mar 14 21:31:00 
Mar 14 22:30:00 
Mar 14 22:30:00 🔔超级直播间红包雨, 开始!
Mar 14 22:30:00 您的cookie选择的是用&隔开
Mar 14 22:30:00 
Mar 14 22:30:00 
Mar 14 22:30:00 ====================共有2个京东账号Cookie=========
Mar 14 22:30:00 
Mar 14 22:30:00 ==================脚本执行- 北京时间(UTC+8)：3/14/2021, 10:30:00 PM=====================
Mar 14 22:30:00 
Mar 14 22:30:00 远程红包雨配置获取错误，从本地读取配置
Mar 14 22:30:00 无法从本地读取配置，请检查运行时间(注：非红包雨时间执行出现此提示请忽略！！！！！！！！！！！)
Mar 14 22:30:00 出现异常提示请忽略。红包雨期间会正常，此脚本提issue打死！！！！！！！！！！！)
Mar 14 22:30:00 
Mar 14 22:30:00 🔔超级直播间红包雨, 结束! 🕛 0.014 秒
Mar 14 22:30:00 
Mar 14 22:31:00 
Mar 14 22:31:00 🔔超级直播间红包雨, 开始!
Mar 14 22:31:00 您的cookie选择的是用&隔开
Mar 14 22:31:00 
Mar 14 22:31:00 
Mar 14 22:31:00 ====================共有2个京东账号Cookie=========
Mar 14 22:31:00 
Mar 14 22:31:00 ==================脚本执行- 北京时间(UTC+8)：3/14/2021, 10:31:00 PM=====================
Mar 14 22:31:00 
Mar 14 22:31:00 远程红包雨配置获取错误，从本地读取配置
Mar 14 22:31:00 无法从本地读取配置，请检查运行时间(注：非红包雨时间执行出现此提示请忽略！！！！！！！！！！！)
Mar 14 22:31:00 出现异常提示请忽略。红包雨期间会正常，此脚本提issue打死！！！！！！！！！！！)
Mar 14 22:31:00 
Mar 14 22:31:00 🔔超级直播间红包雨, 结束! 🕛 0.013 秒
Mar 14 22:31:00 
Mar 14 23:30:00 
Mar 14 23:30:00 🔔超级直播间红包雨, 开始!
Mar 14 23:30:00 您的cookie选择的是用&隔开
Mar 14 23:30:00 
Mar 14 23:30:00 
Mar 14 23:30:00 ====================共有2个京东账号Cookie=========
Mar 14 23:30:00 
Mar 14 23:30:00 ==================脚本执行- 北京时间(UTC+8)：3/14/2021, 11:30:00 PM=====================
Mar 14 23:30:00 
Mar 14 23:30:00 远程红包雨配置获取错误，从本地读取配置
Mar 14 23:30:00 无法从本地读取配置，请检查运行时间(注：非红包雨时间执行出现此提示请忽略！！！！！！！！！！！)
Mar 14 23:30:00 出现异常提示请忽略。红包雨期间会正常，此脚本提issue打死！！！！！！！！！！！)
Mar 14 23:30:00 
Mar 14 23:30:00 🔔超级直播间红包雨, 结束! 🕛 0.015 秒
Mar 14 23:30:00 
Mar 14 23:31:00 
Mar 14 23:31:00 🔔超级直播间红包雨, 开始!
Mar 14 23:31:00 您的cookie选择的是用&隔开
Mar 14 23:31:00 
Mar 14 23:31:00 
Mar 14 23:31:00 ====================共有2个京东账号Cookie=========
Mar 14 23:31:00 
Mar 14 23:31:00 ==================脚本执行- 北京时间(UTC+8)：3/14/2021, 11:31:00 PM=====================
Mar 14 23:31:00 
Mar 14 23:31:00 远程红包雨配置获取错误，从本地读取配置
Mar 14 23:31:00 无法从本地读取配置，请检查运行时间(注：非红包雨时间执行出现此提示请忽略！！！！！！！！！！！)
Mar 14 23:31:00 出现异常提示请忽略。红包雨期间会正常，此脚本提issue打死！！！！！！！！！！！)
Mar 14 23:31:00 
Mar 14 23:31:00 🔔超级直播间红包雨, 结束! 🕛 0.013 秒
Mar 14 23:31:00 
