Apr 22 00:10:21 
Apr 22 00:10:21 🔔5G超级盲盒, 开始!
Apr 22 00:10:21 
Apr 22 00:10:21 ====================共1个京东账号Cookie=========
Apr 22 00:10:21 
Apr 22 00:10:21 ==================脚本执行- 北京时间(UTC+8)：4/22/2021, 12:10:21 AM=====================
Apr 22 00:10:21 
Apr 22 00:10:56 "Timeout awaiting 'request' for 10000ms"
Apr 22 00:10:56 5G超级盲盒 API请求失败，请检查网路重试
Apr 22 00:10:56 
Apr 22 00:10:56 ******开始【京东账号1】jd_60103fd1c8cd9*********
Apr 22 00:10:56 
Apr 22 00:10:56 重新运行一次脚本即可获取好友邀请码
Apr 22 00:10:57 成功领取1081热力值
Apr 22 00:10:57 商品 { code: 200, msg: '成功', data: 1 }
Apr 22 00:11:02 店铺领取金币 { code: 200, msg: '成功', data: 1 }
Apr 22 00:11:02 商品领取金币 { code: 200, msg: '成功', data: 1 }
Apr 22 00:11:03 店铺领取金币 { code: 200, msg: '成功', data: 1 }
Apr 22 00:11:04 商品 { code: 200, msg: '成功', data: 1 }
Apr 22 00:11:05 店铺领取金币 { code: 200, msg: '成功', data: 1 }
Apr 22 00:11:05 商品领取金币 { code: 200, msg: '成功', data: 1 }
Apr 22 00:11:05 商品 { code: 200, msg: '成功', data: 1 }
Apr 22 00:11:06 商品领取金币 { code: 200, msg: '成功', data: 1 }
Apr 22 00:11:06 商品 { code: 200, msg: '成功', data: 1 }
Apr 22 00:11:07 店铺领取金币 { code: 200, msg: '成功', data: 1 }
Apr 22 00:11:07 商品领取金币 { code: 200, msg: '成功', data: 1 }
Apr 22 00:11:07 商品 { code: 200, msg: '成功', data: 1 }
Apr 22 00:11:08 商品领取金币 { code: 200, msg: '成功', data: 1 }
Apr 22 00:11:08 商品 { code: 200, msg: '成功', data: 1 }
Apr 22 00:11:09 商品领取金币 { code: 200, msg: '成功', data: 1 }
Apr 22 00:11:10 商品 { code: 200, msg: '成功', data: 1 }
Apr 22 00:11:11 商品领取金币 { code: 200, msg: '成功', data: 1 }
Apr 22 00:11:11 商品 { code: 200, msg: '成功', data: 1 }
Apr 22 00:11:12 商品领取金币 { code: 200, msg: '成功', data: 1 }
Apr 22 00:11:14 请继续等待,正在做任务,不要退出哦
Apr 22 00:11:16 请继续等待,正在做任务,不要退出哦
Apr 22 00:11:23 请继续等待,正在做任务,不要退出哦
Apr 22 00:11:28 请继续等待,正在做任务,不要退出哦
Apr 22 00:11:32 请继续等待,正在做任务,不要退出哦
Apr 22 00:11:34 请继续等待,正在做任务,不要退出哦
Apr 22 00:11:35 请继续等待,正在做任务,不要退出哦
Apr 22 00:11:40 请继续等待,正在做任务,不要退出哦
Apr 22 00:11:43 请继续等待,正在做任务,不要退出哦
Apr 22 00:11:43 请继续等待,正在做任务,不要退出哦
Apr 22 00:11:48 请继续等待,正在做任务,不要退出哦
Apr 22 00:11:55 请继续等待,正在做任务,不要退出哦
Apr 22 00:11:58 请继续等待,正在做任务,不要退出哦
Apr 22 00:12:03 请继续等待,正在做任务,不要退出哦
Apr 22 00:12:06 请继续等待,正在做任务,不要退出哦
Apr 22 00:12:07 请继续等待,正在做任务,不要退出哦
Apr 22 00:12:14 请继续等待,正在做任务,不要退出哦
Apr 22 00:12:19 请继续等待,正在做任务,不要退出哦
Apr 22 00:12:21 请继续等待,正在做任务,不要退出哦
Apr 22 00:12:23 请继续等待,正在做任务,不要退出哦
Apr 22 00:12:25 请继续等待,正在做任务,不要退出哦
Apr 22 00:12:25 请继续等待,正在做任务,不要退出哦
Apr 22 00:12:26 请继续等待,正在做任务,不要退出哦
Apr 22 00:12:27 请继续等待,正在做任务,不要退出哦
Apr 22 00:12:31 请继续等待,正在做任务,不要退出哦
Apr 22 00:12:32 请继续等待,正在做任务,不要退出哦
Apr 22 00:12:33 请继续等待,正在做任务,不要退出哦
Apr 22 00:12:34 请继续等待,正在做任务,不要退出哦
Apr 22 00:12:34 请继续等待,正在做任务,不要退出哦
Apr 22 00:12:36 请继续等待,正在做任务,不要退出哦
Apr 22 00:12:39 请继续等待,正在做任务,不要退出哦
Apr 22 00:12:42 请继续等待,正在做任务,不要退出哦
Apr 22 00:12:43 请继续等待,正在做任务,不要退出哦
Apr 22 00:12:43 请继续等待,正在做任务,不要退出哦
Apr 22 00:12:44 请继续等待,正在做任务,不要退出哦
Apr 22 00:12:45 请继续等待,正在做任务,不要退出哦
Apr 22 00:12:48 请继续等待,正在做任务,不要退出哦
Apr 22 00:12:52 请继续等待,正在做任务,不要退出哦
Apr 22 00:12:54 请继续等待,正在做任务,不要退出哦
Apr 22 00:12:54 请继续等待,正在做任务,不要退出哦
Apr 22 00:13:00 请继续等待,正在做任务,不要退出哦
Apr 22 00:13:01 请继续等待,正在做任务,不要退出哦
Apr 22 00:13:02 请继续等待,正在做任务,不要退出哦
Apr 22 00:13:03 请继续等待,正在做任务,不要退出哦
Apr 22 00:13:03 请继续等待,正在做任务,不要退出哦
Apr 22 00:13:04 请继续等待,正在做任务,不要退出哦
Apr 22 00:13:05 请继续等待,正在做任务,不要退出哦
Apr 22 00:13:06 请继续等待,正在做任务,不要退出哦
Apr 22 00:13:08 请继续等待,正在做任务,不要退出哦
Apr 22 00:13:08 请继续等待,正在做任务,不要退出哦
Apr 22 00:13:08 请继续等待,正在做任务,不要退出哦
Apr 22 00:13:09 请继续等待,正在做任务,不要退出哦
Apr 22 00:13:09 请继续等待,正在做任务,不要退出哦
Apr 22 00:13:11 请继续等待,正在做任务,不要退出哦
Apr 22 00:13:13 请继续等待,正在做任务,不要退出哦
Apr 22 00:13:13 
Apr 22 00:13:13 
Apr 22 00:13:13 ----taskList的任务全部做完了---
Apr 22 00:13:13 
Apr 22 00:13:13 
Apr 22 00:13:13 分享好友助力 0/10
Apr 22 00:13:13 
Apr 22 00:13:13 
Apr 22 00:13:15 ====抽奖结果====,{"id":"jd_60103fd1c8cd9_ts_1619021595515","prizeId":"","pin":"jd_60103fd1c8cd9","neckName":null,"type":"","name":"未中奖","img":"","beanNum":"","couponFullPrice":"","couponReducePrice":"","couponBeginTime":"","couponEndTime":"","status":"0","winTime":1619021595917,"winDateTime":"2021.04.22 00:13:15","xncode":null,"timeLine":null,"prizetimes":0,"showTimes":false,"skipLink":null,"scoreNum":null}
Apr 22 00:13:15 未中奖
Apr 22 00:13:15 
Apr 22 00:13:21 ====抽奖结果====,{"id":"jd_60103fd1c8cd9_ts_1619021598540","prizeId":"9999","pin":"jd_60103fd1c8cd9","neckName":null,"type":"99","name":"未中奖","img":"","beanNum":"","couponFullPrice":"","couponReducePrice":"","couponBeginTime":"","couponEndTime":"","status":"0","winTime":1619021600602,"winDateTime":"2021.04.22 00:13:20","xncode":null,"timeLine":null,"prizetimes":0,"showTimes":false,"skipLink":null,"scoreNum":null}
Apr 22 00:13:21 未中奖
Apr 22 00:13:21 
Apr 22 00:13:23 ====抽奖结果====,{"id":"jd_60103fd1c8cd9_ts_1619021603208","prizeId":"9999","pin":"jd_60103fd1c8cd9","neckName":null,"type":"99","name":"未中奖","img":"","beanNum":"","couponFullPrice":"","couponReducePrice":"","couponBeginTime":"","couponEndTime":"","status":"0","winTime":1619021603267,"winDateTime":"2021.04.22 00:13:23","xncode":null,"timeLine":null,"prizetimes":0,"showTimes":false,"skipLink":null,"scoreNum":null}
Apr 22 00:13:23 未中奖
Apr 22 00:13:23 
Apr 22 00:13:25 ====抽奖结果====,{"id":"jd_60103fd1c8cd9_ts_1619021605322","prizeId":"9999","pin":"jd_60103fd1c8cd9","neckName":null,"type":"99","name":"未中奖","img":"","beanNum":"","couponFullPrice":"","couponReducePrice":"","couponBeginTime":"","couponEndTime":"","status":"0","winTime":1619021605332,"winDateTime":"2021.04.22 00:13:25","xncode":null,"timeLine":null,"prizetimes":0,"showTimes":false,"skipLink":null,"scoreNum":null}
Apr 22 00:13:25 未中奖
Apr 22 00:13:25 
Apr 22 00:13:27 ====抽奖结果====,{"id":"jd_60103fd1c8cd9_ts_1619021607405","prizeId":"9999","pin":"jd_60103fd1c8cd9","neckName":null,"type":"99","name":"未中奖","img":"","beanNum":"","couponFullPrice":"","couponReducePrice":"","couponBeginTime":"","couponEndTime":"","status":"0","winTime":1619021607809,"winDateTime":"2021.04.22 00:13:27","xncode":null,"timeLine":null,"prizetimes":0,"showTimes":false,"skipLink":null,"scoreNum":null}
Apr 22 00:13:27 未中奖
Apr 22 00:13:27 
Apr 22 00:13:29 
Apr 22 00:13:29 
Apr 22 00:13:29 自己账号内部互助
Apr 22 00:13:29 
Apr 22 00:13:29 
Apr 22 00:13:29 如果有剩余助力机会则随机互助
Apr 22 00:13:29 账号 1 jd_60103fd1c8cd9 开始给 384a443c-8efe-4c0c-a16c-e78cc48a4f09进行助力
Apr 22 00:13:32 助力结果{"code":2003,"data":{},"msg":"助力已满"}
Apr 22 00:13:32 账号 1 jd_60103fd1c8cd9 开始给 ae618b4d-1a1d-4417-b541-3613a699c816进行助力
Apr 22 00:13:32 助力结果{"code":2003,"data":{},"msg":"助力已满"}
Apr 22 00:13:32 账号 1 jd_60103fd1c8cd9 开始给 e7035813-0d73-4659-bb99-39a8587a7b60进行助力
Apr 22 00:13:32 助力结果{"code":2003,"data":{},"msg":"助力已满"}
Apr 22 00:13:32 账号 1 jd_60103fd1c8cd9 开始给 5b43b498-d5b5-4e2b-964d-16d0683d4042进行助力
Apr 22 00:13:32 助力结果{"code":5004,"data":{},"msg":"助力已过期"}
Apr 22 00:13:32 账号 1 jd_60103fd1c8cd9 开始给 b640c638-072c-48b6-8760-f79834613156进行助力
Apr 22 00:13:34 助力结果{"code":2003,"data":{},"msg":"助力已满"}
Apr 22 00:13:34 账号 1 jd_60103fd1c8cd9 开始给 e8bc741f-a2c6-4d27-96b6-a35a16201266进行助力
Apr 22 00:13:34 助力结果{"code":2003,"data":{},"msg":"助力已满"}
Apr 22 00:13:34 账号 1 jd_60103fd1c8cd9 开始给 85305106-ebd9-48e7-a636-b907ac516446进行助力
Apr 22 00:13:37 助力结果{"code":2003,"data":{},"msg":"助力已满"}
Apr 22 00:13:37 账号 1 jd_60103fd1c8cd9 开始给 a9f56697-dc66-4691-ace5-5473f39c30fb进行助力
Apr 22 00:13:38 助力结果{"code":2003,"data":{},"msg":"助力已满"}
Apr 22 00:13:38 账号 1 jd_60103fd1c8cd9 开始给 8a06431b-70a9-45b4-8068-84f3fdc8e784进行助力
Apr 22 00:13:38 助力结果{"code":2003,"data":{},"msg":"助力已满"}
Apr 22 00:13:38 账号 1 jd_60103fd1c8cd9 开始给 a4dbb917-ef4a-4a7c-8ae7-08639512b6bf进行助力
Apr 22 00:13:38 助力结果{"code":2003,"data":{},"msg":"助力已满"}
Apr 22 00:13:38 账号 1 jd_60103fd1c8cd9 开始给 858fffce-d1d1-4e27-8311-a64367d64db5进行助力
Apr 22 00:13:40 助力结果{"code":5004,"data":{},"msg":"助力已过期"}
Apr 22 00:13:40 账号 1 jd_60103fd1c8cd9 开始给 9df4a986-7f3c-4cc2-b1b7-424763bc576b进行助力
Apr 22 00:13:40 助力结果{"code":2003,"data":{},"msg":"助力已满"}
Apr 22 00:13:40 账号 1 jd_60103fd1c8cd9 开始给 10a70871-4e68-4230-ad12-cb7b94a4b9e2进行助力
Apr 22 00:13:42 助力结果{"code":2003,"data":{},"msg":"助力已满"}
Apr 22 00:13:42 账号 1 jd_60103fd1c8cd9 开始给 2faa75f6-5dad-4326-bbf0-36005dc5cf7b进行助力
Apr 22 00:13:42 助力结果{"code":2003,"data":{},"msg":"助力已满"}
Apr 22 00:13:42 账号 1 jd_60103fd1c8cd9 开始给 8c19a0f8-f88c-4d19-a3f6-99a75a92c328进行助力
Apr 22 00:13:45 助力结果{"code":2003,"data":{},"msg":"助力已满"}
Apr 22 00:13:45 账号 1 jd_60103fd1c8cd9 开始给 270576f3-408f-4218-9a23-527a534fc03d进行助力
Apr 22 00:13:46 助力结果{"code":2003,"data":{},"msg":"助力已满"}
Apr 22 00:13:46 账号 1 jd_60103fd1c8cd9 开始给 71efe617-d9a1-44d5-8378-9473c755b69e进行助力
Apr 22 00:13:46 助力结果{"code":2003,"data":{},"msg":"助力已满"}
Apr 22 00:13:46 账号 1 jd_60103fd1c8cd9 开始给 63d24eae-57b1-4235-b81c-42e776c85ff7进行助力
Apr 22 00:13:46 助力结果{"code":2003,"data":{},"msg":"助力已满"}
Apr 22 00:13:46 账号 1 jd_60103fd1c8cd9 开始给 fc33d3dd-cec5-49c4-8564-de9bf4c27129进行助力
Apr 22 00:13:46 助力结果{"code":2003,"data":{},"msg":"助力已满"}
Apr 22 00:13:46 账号 1 jd_60103fd1c8cd9 开始给 b07dab57-b62b-4411-ae55-ac842204a807进行助力
Apr 22 00:13:50 助力结果{"code":2003,"data":{},"msg":"助力已满"}
Apr 22 00:13:50 
Apr 22 00:13:50 🔔5G超级盲盒, 结束! 🕛 208.035 秒
Apr 22 00:13:50 
Apr 22 01:10:14 
Apr 22 01:10:14 🔔5G超级盲盒, 开始!
Apr 22 01:10:14 
Apr 22 01:10:14 ====================共1个京东账号Cookie=========
Apr 22 01:10:14 
Apr 22 01:10:14 ==================脚本执行- 北京时间(UTC+8)：4/22/2021, 1:10:14 AM=====================
Apr 22 01:10:14 
Apr 22 01:10:48 "Timeout awaiting 'request' for 10000ms"
Apr 22 01:10:48 5G超级盲盒 API请求失败，请检查网路重试
Apr 22 01:10:48 
Apr 22 01:10:48 ******开始【京东账号1】jd_60103fd1c8cd9*********
Apr 22 01:10:48 
Apr 22 01:10:48 
Apr 22 01:10:48 【京东账号1（jd_60103fd1c8cd9）的5G超级盲盒好友互助码】7da6105e-db6e-44cc-8eb1-4c1bf92f061d
Apr 22 01:10:48 
Apr 22 01:10:48 此邀请码一天一变化，旧的不可用
Apr 22 01:10:48 成功领取359热力值
Apr 22 01:10:49 精选好物任务已完成
Apr 22 01:10:49 精选好物任务已完成
Apr 22 01:10:49 精选好物任务已完成
Apr 22 01:10:49 精选好物任务已完成
Apr 22 01:10:49 精选好物任务已完成
Apr 22 01:10:49 精选好物任务已完成
Apr 22 01:10:49 精选好物任务已完成
Apr 22 01:10:49 精选好物任务已完成
Apr 22 01:10:49 精选店铺-任务已完成
Apr 22 01:10:49 精选店铺-任务已完成
Apr 22 01:10:49 精选店铺-任务已完成
Apr 22 01:10:49 精选店铺-任务已完成
Apr 22 01:10:49 
Apr 22 01:10:49 
Apr 22 01:10:49 ----taskList的任务全部做完了---
Apr 22 01:10:49 
Apr 22 01:10:49 
Apr 22 01:10:49 分享好友助力 0/10
Apr 22 01:10:49 
Apr 22 01:10:49 
Apr 22 01:10:49 目前热力值849,不够抽奖
Apr 22 01:11:22 catch 读取邀请码异常:Timeout awaiting 'request' for 10000ms
Apr 22 01:11:22 
Apr 22 01:11:22 
Apr 22 01:11:22 自己账号内部互助
Apr 22 01:11:22 账号 1 jd_60103fd1c8cd9 开始给 7da6105e-db6e-44cc-8eb1-4c1bf92f061d进行助力
Apr 22 01:11:22 助力结果{"code":2003,"data":{},"msg":"助力已满"}
Apr 22 01:11:22 
Apr 22 01:11:22 
Apr 22 01:11:22 如果有剩余助力机会则随机互助
Apr 22 01:11:22 
Apr 22 01:11:22 🔔5G超级盲盒, 结束! 🕛 67.563 秒
Apr 22 01:11:22 
Apr 22 01:12:02 catch 邀请码提交异常:Response code 502 (Bad Gateway)
Apr 22 05:10:24 
Apr 22 05:10:24 🔔5G超级盲盒, 开始!
Apr 22 05:10:24 
Apr 22 05:10:24 ====================共1个京东账号Cookie=========
Apr 22 05:10:24 
Apr 22 05:10:24 ==================脚本执行- 北京时间(UTC+8)：4/22/2021, 5:10:24 AM=====================
Apr 22 05:10:24 
Apr 22 05:10:58 "Timeout awaiting 'request' for 10000ms"
Apr 22 05:10:58 5G超级盲盒 API请求失败，请检查网路重试
Apr 22 05:10:58 
Apr 22 05:10:58 ******开始【京东账号1】jd_60103fd1c8cd9*********
Apr 22 05:10:58 
Apr 22 05:10:58 
Apr 22 05:10:58 【京东账号1（jd_60103fd1c8cd9）的5G超级盲盒好友互助码】7da6105e-db6e-44cc-8eb1-4c1bf92f061d
Apr 22 05:10:58 
Apr 22 05:10:58 此邀请码一天一变化，旧的不可用
Apr 22 05:10:58 成功领取1440热力值
Apr 22 05:10:58 精选店铺-任务已完成
Apr 22 05:10:58 精选店铺-任务已完成
Apr 22 05:10:58 精选店铺-任务已完成
Apr 22 05:10:58 精选店铺-任务已完成
Apr 22 05:10:58 精选好物任务已完成
Apr 22 05:10:58 精选好物任务已完成
Apr 22 05:10:58 精选好物任务已完成
Apr 22 05:10:58 精选好物任务已完成
Apr 22 05:10:58 精选好物任务已完成
Apr 22 05:10:58 精选好物任务已完成
Apr 22 05:10:58 精选好物任务已完成
Apr 22 05:10:58 精选好物任务已完成
Apr 22 05:10:58 
Apr 22 05:10:58 
Apr 22 05:10:58 ----taskList的任务全部做完了---
Apr 22 05:10:58 
Apr 22 05:10:58 
Apr 22 05:10:58 分享好友助力 0/10
Apr 22 05:10:58 
Apr 22 05:10:58 
Apr 22 05:11:00 ====抽奖结果====,{"id":"jd_60103fd1c8cd9_ts_1619039460898","prizeId":"8002","pin":"jd_60103fd1c8cd9","neckName":null,"type":"8","name":"电信全年360G专属大流量","img":"","beanNum":"","couponFullPrice":"","couponReducePrice":"","couponBeginTime":"","couponEndTime":"","status":"1","winTime":1619039460906,"winDateTime":"2021.04.22 05:11:00","xncode":null,"timeLine":null,"prizetimes":0,"showTimes":false,"skipLink":"https://item.jd.com/100010779451.html","scoreNum":null}
Apr 22 05:11:00 电信全年360G专属大流量
Apr 22 05:11:00 
Apr 22 05:11:00 
Apr 22 05:11:00 
Apr 22 05:11:00 您未提供server酱的SCKEY，取消微信推送消息通知🚫
Apr 22 05:11:00 
Apr 22 05:11:00 您未提供push+推送所需的PUSH_PLUS_TOKEN，取消push+推送消息通知🚫
Apr 22 05:11:00 
Apr 22 05:11:00 您未提供Bark的APP推送BARK_PUSH，取消Bark推送消息通知🚫
Apr 22 05:11:00 
Apr 22 05:11:00 您未提供telegram机器人推送所需的TG_BOT_TOKEN和TG_USER_ID，取消telegram推送消息通知🚫
Apr 22 05:11:00 
Apr 22 05:11:00 您未提供企业微信机器人推送所需的QYWX_KEY，取消企业微信推送消息通知🚫
Apr 22 05:11:00 
Apr 22 05:11:00 您未提供企业微信应用消息推送所需的QYWX_AM，取消企业微信应用消息推送消息通知🚫
Apr 22 05:11:00 
Apr 22 05:11:00 您未提供iGot的推送IGOT_PUSH_KEY，取消iGot推送消息通知🚫
Apr 22 05:11:00 
Apr 22 05:11:00 钉钉发送通知消息成功🎉。
Apr 22 05:11:00 
Apr 22 05:11:00 
Apr 22 05:11:00 ==============📣系统通知📣==============
Apr 22 05:11:00 5G超级盲盒
Apr 22 05:11:00 京东账号1 jd_60103fd1c8cd9
Apr 22 05:11:00 抽奖获得：电信全年360G专属大流量
Apr 22 05:11:00 抽奖详情查看 https://isp5g.m.jd.com/#/myPrize
Apr 22 05:11:34 catch 读取邀请码异常:Timeout awaiting 'request' for 10000ms
Apr 22 05:11:34 
Apr 22 05:11:34 
Apr 22 05:11:34 自己账号内部互助
Apr 22 05:11:34 账号 1 jd_60103fd1c8cd9 开始给 7da6105e-db6e-44cc-8eb1-4c1bf92f061d进行助力
Apr 22 05:11:34 助力结果{"code":2003,"data":{},"msg":"助力已满"}
Apr 22 05:11:34 
Apr 22 05:11:34 
Apr 22 05:11:34 如果有剩余助力机会则随机互助
Apr 22 05:11:34 
Apr 22 05:11:34 🔔5G超级盲盒, 结束! 🕛 69.722 秒
Apr 22 05:11:34 
Apr 22 05:12:21 catch 邀请码提交异常:Response code 502 (Bad Gateway)
Apr 22 13:10:23 
Apr 22 13:10:23 🔔5G超级盲盒, 开始!
Apr 22 13:10:23 
Apr 22 13:10:23 ====================共1个京东账号Cookie=========
Apr 22 13:10:23 
Apr 22 13:10:23 ==================脚本执行- 北京时间(UTC+8)：4/22/2021, 1:10:23 PM=====================
Apr 22 13:10:23 
Apr 22 13:10:24 
Apr 22 13:10:24 ******开始【京东账号1】jd_60103fd1c8cd9*********
Apr 22 13:10:24 
Apr 22 13:10:25 
Apr 22 13:10:25 【京东账号1（jd_60103fd1c8cd9）的5G超级盲盒好友互助码】7da6105e-db6e-44cc-8eb1-4c1bf92f061d
Apr 22 13:10:25 
Apr 22 13:10:25 此邀请码一天一变化，旧的不可用
Apr 22 13:10:25 成功领取1800热力值
Apr 22 13:10:25 精选好物任务已完成
Apr 22 13:10:25 精选好物任务已完成
Apr 22 13:10:25 精选好物任务已完成
Apr 22 13:10:25 精选好物任务已完成
Apr 22 13:10:25 精选好物任务已完成
Apr 22 13:10:25 精选好物任务已完成
Apr 22 13:10:25 精选好物任务已完成
Apr 22 13:10:25 精选好物任务已完成
Apr 22 13:10:25 精选店铺-任务已完成
Apr 22 13:10:25 精选店铺-任务已完成
Apr 22 13:10:25 精选店铺-任务已完成
Apr 22 13:10:25 精选店铺-任务已完成
Apr 22 13:10:25 
Apr 22 13:10:25 
Apr 22 13:10:25 ----taskList的任务全部做完了---
Apr 22 13:10:25 
Apr 22 13:10:25 
Apr 22 13:10:25 分享好友助力 0/10
Apr 22 13:10:25 
Apr 22 13:10:25 
Apr 22 13:10:27 ====抽奖结果====,{"id":"jd_60103fd1c8cd9_ts_1619068227418","prizeId":"9999","pin":"jd_60103fd1c8cd9","neckName":null,"type":"99","name":"未中奖","img":"","beanNum":"","couponFullPrice":"","couponReducePrice":"","couponBeginTime":"","couponEndTime":"","status":"0","winTime":1619068227425,"winDateTime":"2021.04.22 13:10:27","xncode":null,"timeLine":null,"prizetimes":0,"showTimes":false,"skipLink":null,"scoreNum":null}
Apr 22 13:10:27 未中奖
Apr 22 13:10:27 
Apr 22 13:11:00 catch 读取邀请码异常:Timeout awaiting 'request' for 10000ms
Apr 22 13:11:00 
Apr 22 13:11:00 
Apr 22 13:11:00 自己账号内部互助
Apr 22 13:11:00 账号 1 jd_60103fd1c8cd9 开始给 038a985e-2ea7-49fc-9c0d-a499e1fc611d进行助力
Apr 22 13:11:00 助力结果{"code":2003,"data":{},"msg":"助力已满"}
Apr 22 13:11:00 账号 1 jd_60103fd1c8cd9 开始给 37a98200-c967-49ec-9712-d609109966c7进行助力
Apr 22 13:11:00 助力结果{"code":2003,"data":{},"msg":"助力已满"}
Apr 22 13:11:00 账号 1 jd_60103fd1c8cd9 开始给 29b16b2d-8cff-44cc-b752-674fc5838461进行助力
Apr 22 13:11:00 助力结果{"code":2003,"data":{},"msg":"助力已满"}
Apr 22 13:11:00 账号 1 jd_60103fd1c8cd9 开始给 c598592e-35ce-44c5-966f-310e666caa12进行助力
Apr 22 13:11:00 助力结果{"code":2003,"data":{},"msg":"助力已满"}
Apr 22 13:11:00 账号 1 jd_60103fd1c8cd9 开始给 5b209ac6-20c8-43e7-ba42-9821bc8beeca进行助力
Apr 22 13:11:00 助力结果{"code":2003,"data":{},"msg":"助力已满"}
Apr 22 13:11:00 账号 1 jd_60103fd1c8cd9 开始给 09cf5b3f-f72c-4034-b751-b4029a70ecdb进行助力
Apr 22 13:11:00 助力结果{"code":2003,"data":{},"msg":"助力已满"}
Apr 22 13:11:00 账号 1 jd_60103fd1c8cd9 开始给 b070ecbd-ad12-45b3-87f9-f8d5ea57f695进行助力
Apr 22 13:11:01 助力结果{"code":2003,"data":{},"msg":"助力已满"}
Apr 22 13:11:01 账号 1 jd_60103fd1c8cd9 开始给 c1dd832c-6918-4549-a0e0-6b81b6d58618进行助力
Apr 22 13:11:01 助力结果{"code":2003,"data":{},"msg":"助力已满"}
Apr 22 13:11:01 账号 1 jd_60103fd1c8cd9 开始给 d68f587a-690b-4900-b887-daca246371ce进行助力
Apr 22 13:11:01 助力结果{"code":2003,"data":{},"msg":"助力已满"}
Apr 22 13:11:01 账号 1 jd_60103fd1c8cd9 开始给 75da7f43-85f6-441e-943e-3c9b9df0f3c3进行助力
Apr 22 13:11:01 助力结果{"code":2003,"data":{},"msg":"助力已满"}
Apr 22 13:11:01 账号 1 jd_60103fd1c8cd9 开始给 0a795830-8f32-4854-a903-1a4e56234326进行助力
Apr 22 13:11:01 助力结果{"code":2003,"data":{},"msg":"助力已满"}
Apr 22 13:11:01 账号 1 jd_60103fd1c8cd9 开始给 ccfd44ed-2e5b-457e-a193-31ff2cf529e4进行助力
Apr 22 13:11:01 助力结果{"code":2003,"data":{},"msg":"助力已满"}
Apr 22 13:11:01 账号 1 jd_60103fd1c8cd9 开始给 6e33abc3-c9d7-47a8-9096-dfbdfb50857c进行助力
Apr 22 13:11:01 助力结果{"code":2003,"data":{},"msg":"助力已满"}
Apr 22 13:11:01 账号 1 jd_60103fd1c8cd9 开始给 41c30327-9b78-4772-8d8f-38e31746a0bc进行助力
Apr 22 13:11:01 助力结果{"code":2003,"data":{},"msg":"助力已满"}
Apr 22 13:11:01 账号 1 jd_60103fd1c8cd9 开始给 09f63010-ec12-4195-b2d3-b5c3618e83ea进行助力
Apr 22 13:11:01 助力结果{"code":2003,"data":{},"msg":"助力已满"}
Apr 22 13:11:01 账号 1 jd_60103fd1c8cd9 开始给 41c8c85e-0257-452f-9f25-d5831c3fb076进行助力
Apr 22 13:11:01 助力结果{"code":2003,"data":{},"msg":"助力已满"}
Apr 22 13:11:01 账号 1 jd_60103fd1c8cd9 开始给 0edfed43-bb58-4c3a-9c32-b872a9755741进行助力
Apr 22 13:11:01 助力结果{"code":2003,"data":{},"msg":"助力已满"}
Apr 22 13:11:01 账号 1 jd_60103fd1c8cd9 开始给 3eeb7bb9-81de-4ccf-a1cf-3bf72be7930d进行助力
Apr 22 13:11:02 助力结果{"code":2003,"data":{},"msg":"助力已满"}
Apr 22 13:11:02 账号 1 jd_60103fd1c8cd9 开始给 d333bf89-a9b7-4f53-a77e-4ad3db693099进行助力
Apr 22 13:11:02 助力结果{"code":2003,"data":{},"msg":"助力已满"}
Apr 22 13:11:02 账号 1 jd_60103fd1c8cd9 开始给 cfb3af1f-e518-444f-be8a-b4226b4836ba进行助力
Apr 22 13:11:02 助力结果{"code":2003,"data":{},"msg":"助力已满"}
Apr 22 13:11:02 账号 1 jd_60103fd1c8cd9 开始给 9392c31d-6d81-4258-a892-ea008158f6be进行助力
Apr 22 13:11:02 助力结果{"code":2003,"data":{},"msg":"助力已满"}
Apr 22 13:11:02 账号 1 jd_60103fd1c8cd9 开始给 86d5bf53-570a-4b8b-857d-937f1fa390e1进行助力
Apr 22 13:11:02 助力结果{"code":2003,"data":{},"msg":"助力已满"}
Apr 22 13:11:02 账号 1 jd_60103fd1c8cd9 开始给 257b8668-f7c4-4a30-ae8e-2441368356cb进行助力
Apr 22 13:11:02 助力结果{"code":2003,"data":{},"msg":"助力已满"}
Apr 22 13:11:02 账号 1 jd_60103fd1c8cd9 开始给 9612b590-57f3-441f-aa17-3a71d79cd705进行助力
Apr 22 13:11:02 助力结果{"code":2003,"data":{},"msg":"助力已满"}
Apr 22 13:11:02 账号 1 jd_60103fd1c8cd9 开始给 18a0aae1-717d-47e6-96a8-b458d4d31bd4进行助力
Apr 22 13:11:02 助力结果{"code":2003,"data":{},"msg":"助力已满"}
Apr 22 13:11:02 账号 1 jd_60103fd1c8cd9 开始给 0da4dab5-2616-4147-9fc0-912b6d0d6c8e进行助力
Apr 22 13:11:02 助力结果{"code":2003,"data":{},"msg":"助力已满"}
Apr 22 13:11:02 账号 1 jd_60103fd1c8cd9 开始给 f4918e00-9db0-4b13-a11f-6ab443450825进行助力
Apr 22 13:11:03 助力结果{"code":2003,"data":{},"msg":"助力已满"}
Apr 22 13:11:03 账号 1 jd_60103fd1c8cd9 开始给 8fb53db0-4a0b-40bf-b3d8-860a76bb9cbf进行助力
Apr 22 13:11:03 助力结果{"code":2003,"data":{},"msg":"助力已满"}
Apr 22 13:11:03 账号 1 jd_60103fd1c8cd9 开始给 7da6105e-db6e-44cc-8eb1-4c1bf92f061d进行助力
Apr 22 13:11:03 助力结果{"code":2003,"data":{},"msg":"助力已满"}
Apr 22 13:11:03 
Apr 22 13:11:03 
Apr 22 13:11:03 如果有剩余助力机会则随机互助
Apr 22 13:11:03 
Apr 22 13:11:03 🔔5G超级盲盒, 结束! 🕛 39.537 秒
Apr 22 13:11:03 
Apr 22 13:11:58 catch 邀请码提交异常:Timeout awaiting 'request' for 30000ms
Apr 22 17:10:08 
Apr 22 17:10:08 🔔5G超级盲盒, 开始!
Apr 22 17:10:09 
Apr 22 17:10:09 ====================共1个京东账号Cookie=========
Apr 22 17:10:09 
Apr 22 17:10:09 ==================脚本执行- 北京时间(UTC+8)：4/22/2021, 5:10:09 PM=====================
Apr 22 17:10:09 
Apr 22 17:10:10 
Apr 22 17:10:10 ******开始【京东账号1】jd_60103fd1c8cd9*********
Apr 22 17:10:10 
Apr 22 17:10:10 
Apr 22 17:10:10 【京东账号1（jd_60103fd1c8cd9）的5G超级盲盒好友互助码】7da6105e-db6e-44cc-8eb1-4c1bf92f061d
Apr 22 17:10:10 
Apr 22 17:10:10 此邀请码一天一变化，旧的不可用
Apr 22 17:10:10 成功领取1438热力值
Apr 22 17:10:10 精选店铺-任务已完成
Apr 22 17:10:10 精选店铺-任务已完成
Apr 22 17:10:10 精选店铺-任务已完成
Apr 22 17:10:10 精选店铺-任务已完成
Apr 22 17:10:10 精选好物任务已完成
Apr 22 17:10:10 精选好物任务已完成
Apr 22 17:10:10 精选好物任务已完成
Apr 22 17:10:10 精选好物任务已完成
Apr 22 17:10:10 精选好物任务已完成
Apr 22 17:10:10 精选好物任务已完成
Apr 22 17:10:10 精选好物任务已完成
Apr 22 17:10:10 精选好物任务已完成
Apr 22 17:10:10 
Apr 22 17:10:10 
Apr 22 17:10:10 ----taskList的任务全部做完了---
Apr 22 17:10:10 
Apr 22 17:10:10 
Apr 22 17:10:10 分享好友助力 0/10
Apr 22 17:10:10 
Apr 22 17:10:10 
Apr 22 17:10:10 目前热力值1527,不够抽奖
Apr 22 17:10:43 catch 读取邀请码异常:Timeout awaiting 'request' for 10000ms
Apr 22 17:10:43 
Apr 22 17:10:43 
Apr 22 17:10:43 自己账号内部互助
Apr 22 17:10:43 账号 1 jd_60103fd1c8cd9 开始给 a7a649b7-443f-490a-850c-1bb90a95ad56进行助力
Apr 22 17:11:16 助力结果{"code":5004,"data":{},"msg":"助力已过期"}
Apr 22 17:11:16 账号 1 jd_60103fd1c8cd9 开始给 5aa707c8-9bf4-40b9-b697-4bd02582f357进行助力
Apr 22 17:11:16 助力结果{"code":5004,"data":{},"msg":"助力已过期"}
Apr 22 17:11:16 账号 1 jd_60103fd1c8cd9 开始给 d2038590-2387-41cf-810d-f90a08199ca6进行助力
Apr 22 17:11:17 助力结果{"code":5004,"data":{},"msg":"助力已过期"}
Apr 22 17:11:17 账号 1 jd_60103fd1c8cd9 开始给 59bb7176-ef03-4965-b19b-f0682677b052进行助力
Apr 22 17:11:17 助力结果{"code":5004,"data":{},"msg":"助力已过期"}
Apr 22 17:11:17 账号 1 jd_60103fd1c8cd9 开始给 33d49c69-6e53-4e55-8d08-e7cdedd93fd4进行助力
Apr 22 17:11:17 助力结果{"code":5004,"data":{},"msg":"助力已过期"}
Apr 22 17:11:17 账号 1 jd_60103fd1c8cd9 开始给 42cda7b5-5837-4b3e-8e0e-cf04a270d034进行助力
Apr 22 17:11:17 助力结果{"code":5004,"data":{},"msg":"助力已过期"}
Apr 22 17:11:17 账号 1 jd_60103fd1c8cd9 开始给 f7ed6ade-ff60-4a1b-bf71-e7b2ca59f1bb进行助力
Apr 22 17:11:17 助力结果{"code":5004,"data":{},"msg":"助力已过期"}
Apr 22 17:11:17 账号 1 jd_60103fd1c8cd9 开始给 ab6e8daa-50fc-42a2-9070-a913a18b5056进行助力
Apr 22 17:11:17 助力结果{"code":5004,"data":{},"msg":"助力已过期"}
Apr 22 17:11:17 账号 1 jd_60103fd1c8cd9 开始给 04e21e9b-f92a-4b1f-96c7-e568becc3124进行助力
Apr 22 17:11:17 助力结果{"code":5004,"data":{},"msg":"助力已过期"}
Apr 22 17:11:17 账号 1 jd_60103fd1c8cd9 开始给 8e26c93d-1b26-49ee-8dca-097b48574810进行助力
Apr 22 17:11:17 助力结果{"code":5004,"data":{},"msg":"助力已过期"}
Apr 22 17:11:17 账号 1 jd_60103fd1c8cd9 开始给 78cb2954-7b5f-4030-9d36-1eb0ece1557f进行助力
Apr 22 17:11:17 助力结果{"code":5004,"data":{},"msg":"助力已过期"}
Apr 22 17:11:17 账号 1 jd_60103fd1c8cd9 开始给 571d5427-12f0-4491-8c00-ddf741b105cd进行助力
Apr 22 17:11:17 助力结果{"code":5004,"data":{},"msg":"助力已过期"}
Apr 22 17:11:17 账号 1 jd_60103fd1c8cd9 开始给 3669ed16-9013-4114-ac68-40b33d5f4d6c进行助力
Apr 22 17:11:17 助力结果{"code":5004,"data":{},"msg":"助力已过期"}
Apr 22 17:11:17 账号 1 jd_60103fd1c8cd9 开始给 53fc5e2c-bdc1-4a92-878a-7a96c50b6e95进行助力
Apr 22 17:11:17 助力结果{"code":5004,"data":{},"msg":"助力已过期"}
Apr 22 17:11:17 账号 1 jd_60103fd1c8cd9 开始给 c0594d01-bd0f-461b-8747-6df59dee8e2f进行助力
Apr 22 17:11:17 助力结果{"code":5004,"data":{},"msg":"助力已过期"}
Apr 22 17:11:17 账号 1 jd_60103fd1c8cd9 开始给 e2da2854-6470-4fb5-b90d-04165492f1c8进行助力
Apr 22 17:11:17 助力结果{"code":5004,"data":{},"msg":"助力已过期"}
Apr 22 17:11:17 账号 1 jd_60103fd1c8cd9 开始给 3b542c8a-ce7c-4bfb-a57c-fc48a85cba8e进行助力
Apr 22 17:11:17 助力结果{"code":5004,"data":{},"msg":"助力已过期"}
Apr 22 17:11:17 账号 1 jd_60103fd1c8cd9 开始给 a3cc61e6-25b5-48cf-bdcc-341d624face7进行助力
Apr 22 17:11:17 助力结果{"code":5004,"data":{},"msg":"助力已过期"}
Apr 22 17:11:17 账号 1 jd_60103fd1c8cd9 开始给 32ae0664-d752-4ad0-97f2-c5a02c584bd6进行助力
Apr 22 17:11:17 助力结果{"code":5004,"data":{},"msg":"助力已过期"}
Apr 22 17:11:17 账号 1 jd_60103fd1c8cd9 开始给 197a4c99-bd07-4ed2-a96d-85184a23966f进行助力
Apr 22 17:11:17 助力结果{"code":5004,"data":{},"msg":"助力已过期"}
Apr 22 17:11:17 账号 1 jd_60103fd1c8cd9 开始给 08d15a3f-fc03-4570-8f54-ba4c4653eda5进行助力
Apr 22 17:11:18 助力结果{"code":5004,"data":{},"msg":"助力已过期"}
Apr 22 17:11:18 账号 1 jd_60103fd1c8cd9 开始给 bafdd398-3948-4936-b82d-0fb1240e5e4f进行助力
Apr 22 17:11:18 助力结果{"code":5004,"data":{},"msg":"助力已过期"}
Apr 22 17:11:18 账号 1 jd_60103fd1c8cd9 开始给 67728f51-4237-4a99-b80a-125a5a88f129进行助力
Apr 22 17:11:18 助力结果{"code":5004,"data":{},"msg":"助力已过期"}
Apr 22 17:11:18 账号 1 jd_60103fd1c8cd9 开始给 7e445384-9395-40eb-8852-90611404254b进行助力
Apr 22 17:11:18 助力结果{"code":5004,"data":{},"msg":"助力已过期"}
Apr 22 17:11:18 账号 1 jd_60103fd1c8cd9 开始给 af2c9e4a-9f76-4ab0-aa72-33933242d790进行助力
Apr 22 17:11:18 助力结果{"code":5004,"data":{},"msg":"助力已过期"}
Apr 22 17:11:18 账号 1 jd_60103fd1c8cd9 开始给 4a306c74-be7b-4468-aecb-a22083d11ce3进行助力
Apr 22 17:11:18 助力结果{"code":5004,"data":{},"msg":"助力已过期"}
Apr 22 17:11:18 账号 1 jd_60103fd1c8cd9 开始给 08d3cf6e-a492-4e38-82cc-282d9c4b1f77进行助力
Apr 22 17:11:18 助力结果{"code":5004,"data":{},"msg":"助力已过期"}
Apr 22 17:11:18 账号 1 jd_60103fd1c8cd9 开始给 433c700b-8583-4d61-960f-afeac938d161进行助力
Apr 22 17:11:18 助力结果{"code":5004,"data":{},"msg":"助力已过期"}
Apr 22 17:11:18 账号 1 jd_60103fd1c8cd9 开始给 7da6105e-db6e-44cc-8eb1-4c1bf92f061d进行助力
Apr 22 17:11:18 助力结果{"code":2003,"data":{},"msg":"助力已满"}
Apr 22 17:11:18 
Apr 22 17:11:18 
Apr 22 17:11:18 如果有剩余助力机会则随机互助
Apr 22 17:11:18 
Apr 22 17:11:18 🔔5G超级盲盒, 结束! 🕛 69.526 秒
Apr 22 17:11:18 
Apr 22 17:11:43 catch 邀请码提交异常:Timeout awaiting 'request' for 30000ms
Apr 22 21:10:21 
Apr 22 21:10:21 🔔5G超级盲盒, 开始!
Apr 22 21:10:21 
Apr 22 21:10:21 ====================共1个京东账号Cookie=========
Apr 22 21:10:21 
Apr 22 21:10:21 ==================脚本执行- 北京时间(UTC+8)：4/22/2021, 9:10:21 PM=====================
Apr 22 21:10:21 
Apr 22 21:10:22 
Apr 22 21:10:22 ******开始【京东账号1】jd_60103fd1c8cd9*********
Apr 22 21:10:22 
Apr 22 21:10:22 
Apr 22 21:10:22 【京东账号1（jd_60103fd1c8cd9）的5G超级盲盒好友互助码】7da6105e-db6e-44cc-8eb1-4c1bf92f061d
Apr 22 21:10:22 
Apr 22 21:10:22 此邀请码一天一变化，旧的不可用
Apr 22 21:10:22 成功领取1441热力值
Apr 22 21:10:22 精选好物任务已完成
Apr 22 21:10:22 精选好物任务已完成
Apr 22 21:10:22 精选好物任务已完成
Apr 22 21:10:22 精选好物任务已完成
Apr 22 21:10:22 精选好物任务已完成
Apr 22 21:10:22 精选好物任务已完成
Apr 22 21:10:22 精选好物任务已完成
Apr 22 21:10:22 精选好物任务已完成
Apr 22 21:10:22 精选店铺-任务已完成
Apr 22 21:10:22 精选店铺-任务已完成
Apr 22 21:10:22 精选店铺-任务已完成
Apr 22 21:10:22 精选店铺-任务已完成
Apr 22 21:10:23 
Apr 22 21:10:23 
Apr 22 21:10:23 ----taskList的任务全部做完了---
Apr 22 21:10:23 
Apr 22 21:10:23 
Apr 22 21:10:23 分享好友助力 0/10
Apr 22 21:10:23 
Apr 22 21:10:23 
Apr 22 21:10:25 ====抽奖结果====,{"id":"jd_60103fd1c8cd9_ts_1619097025150","prizeId":"","pin":"jd_60103fd1c8cd9","neckName":null,"type":"","name":"未中奖","img":"","beanNum":"","couponFullPrice":"","couponReducePrice":"","couponBeginTime":"","couponEndTime":"","status":"0","winTime":1619097025164,"winDateTime":"2021.04.22 21:10:25","xncode":null,"timeLine":null,"prizetimes":0,"showTimes":false,"skipLink":null,"scoreNum":null}
Apr 22 21:10:25 未中奖
Apr 22 21:10:25 
Apr 22 21:10:58 catch 读取邀请码异常:Timeout awaiting 'request' for 10000ms
Apr 22 21:10:58 
Apr 22 21:10:58 
Apr 22 21:10:58 自己账号内部互助
Apr 22 21:10:58 账号 1 jd_60103fd1c8cd9 开始给 a7a649b7-443f-490a-850c-1bb90a95ad56进行助力
Apr 22 21:10:58 助力结果{"code":5004,"data":{},"msg":"助力已过期"}
Apr 22 21:10:58 账号 1 jd_60103fd1c8cd9 开始给 5aa707c8-9bf4-40b9-b697-4bd02582f357进行助力
Apr 22 21:10:58 助力结果{"code":5004,"data":{},"msg":"助力已过期"}
Apr 22 21:10:58 账号 1 jd_60103fd1c8cd9 开始给 d2038590-2387-41cf-810d-f90a08199ca6进行助力
Apr 22 21:10:58 助力结果{"code":5004,"data":{},"msg":"助力已过期"}
Apr 22 21:10:58 账号 1 jd_60103fd1c8cd9 开始给 59bb7176-ef03-4965-b19b-f0682677b052进行助力
Apr 22 21:10:58 助力结果{"code":5004,"data":{},"msg":"助力已过期"}
Apr 22 21:10:58 账号 1 jd_60103fd1c8cd9 开始给 33d49c69-6e53-4e55-8d08-e7cdedd93fd4进行助力
Apr 22 21:10:58 助力结果{"code":5004,"data":{},"msg":"助力已过期"}
Apr 22 21:10:58 账号 1 jd_60103fd1c8cd9 开始给 42cda7b5-5837-4b3e-8e0e-cf04a270d034进行助力
Apr 22 21:10:58 助力结果{"code":5004,"data":{},"msg":"助力已过期"}
Apr 22 21:10:58 账号 1 jd_60103fd1c8cd9 开始给 f7ed6ade-ff60-4a1b-bf71-e7b2ca59f1bb进行助力
Apr 22 21:10:58 助力结果{"code":5004,"data":{},"msg":"助力已过期"}
Apr 22 21:10:58 账号 1 jd_60103fd1c8cd9 开始给 ab6e8daa-50fc-42a2-9070-a913a18b5056进行助力
Apr 22 21:10:58 助力结果{"code":5004,"data":{},"msg":"助力已过期"}
Apr 22 21:10:58 账号 1 jd_60103fd1c8cd9 开始给 04e21e9b-f92a-4b1f-96c7-e568becc3124进行助力
Apr 22 21:10:58 助力结果{"code":5004,"data":{},"msg":"助力已过期"}
Apr 22 21:10:58 账号 1 jd_60103fd1c8cd9 开始给 8e26c93d-1b26-49ee-8dca-097b48574810进行助力
Apr 22 21:10:58 助力结果{"code":5004,"data":{},"msg":"助力已过期"}
Apr 22 21:10:58 账号 1 jd_60103fd1c8cd9 开始给 78cb2954-7b5f-4030-9d36-1eb0ece1557f进行助力
Apr 22 21:10:58 助力结果{"code":5004,"data":{},"msg":"助力已过期"}
Apr 22 21:10:58 账号 1 jd_60103fd1c8cd9 开始给 571d5427-12f0-4491-8c00-ddf741b105cd进行助力
Apr 22 21:10:58 助力结果{"code":5004,"data":{},"msg":"助力已过期"}
Apr 22 21:10:58 账号 1 jd_60103fd1c8cd9 开始给 3669ed16-9013-4114-ac68-40b33d5f4d6c进行助力
Apr 22 21:10:59 助力结果{"code":5004,"data":{},"msg":"助力已过期"}
Apr 22 21:10:59 账号 1 jd_60103fd1c8cd9 开始给 53fc5e2c-bdc1-4a92-878a-7a96c50b6e95进行助力
Apr 22 21:10:59 助力结果{"code":5004,"data":{},"msg":"助力已过期"}
Apr 22 21:10:59 账号 1 jd_60103fd1c8cd9 开始给 c0594d01-bd0f-461b-8747-6df59dee8e2f进行助力
Apr 22 21:10:59 助力结果{"code":5004,"data":{},"msg":"助力已过期"}
Apr 22 21:10:59 账号 1 jd_60103fd1c8cd9 开始给 e2da2854-6470-4fb5-b90d-04165492f1c8进行助力
Apr 22 21:10:59 助力结果{"code":5004,"data":{},"msg":"助力已过期"}
Apr 22 21:10:59 账号 1 jd_60103fd1c8cd9 开始给 3b542c8a-ce7c-4bfb-a57c-fc48a85cba8e进行助力
Apr 22 21:10:59 助力结果{"code":5004,"data":{},"msg":"助力已过期"}
Apr 22 21:10:59 账号 1 jd_60103fd1c8cd9 开始给 a3cc61e6-25b5-48cf-bdcc-341d624face7进行助力
Apr 22 21:10:59 助力结果{"code":5004,"data":{},"msg":"助力已过期"}
Apr 22 21:10:59 账号 1 jd_60103fd1c8cd9 开始给 32ae0664-d752-4ad0-97f2-c5a02c584bd6进行助力
Apr 22 21:10:59 助力结果{"code":5004,"data":{},"msg":"助力已过期"}
Apr 22 21:10:59 账号 1 jd_60103fd1c8cd9 开始给 197a4c99-bd07-4ed2-a96d-85184a23966f进行助力
Apr 22 21:10:59 助力结果{"code":5004,"data":{},"msg":"助力已过期"}
Apr 22 21:10:59 账号 1 jd_60103fd1c8cd9 开始给 08d15a3f-fc03-4570-8f54-ba4c4653eda5进行助力
Apr 22 21:10:59 助力结果{"code":5004,"data":{},"msg":"助力已过期"}
Apr 22 21:10:59 账号 1 jd_60103fd1c8cd9 开始给 bafdd398-3948-4936-b82d-0fb1240e5e4f进行助力
Apr 22 21:10:59 助力结果{"code":5004,"data":{},"msg":"助力已过期"}
Apr 22 21:10:59 账号 1 jd_60103fd1c8cd9 开始给 67728f51-4237-4a99-b80a-125a5a88f129进行助力
Apr 22 21:10:59 助力结果{"code":5004,"data":{},"msg":"助力已过期"}
Apr 22 21:10:59 账号 1 jd_60103fd1c8cd9 开始给 7e445384-9395-40eb-8852-90611404254b进行助力
Apr 22 21:10:59 助力结果{"code":5004,"data":{},"msg":"助力已过期"}
Apr 22 21:10:59 账号 1 jd_60103fd1c8cd9 开始给 af2c9e4a-9f76-4ab0-aa72-33933242d790进行助力
Apr 22 21:11:00 助力结果{"code":5004,"data":{},"msg":"助力已过期"}
Apr 22 21:11:00 账号 1 jd_60103fd1c8cd9 开始给 4a306c74-be7b-4468-aecb-a22083d11ce3进行助力
Apr 22 21:11:00 助力结果{"code":5004,"data":{},"msg":"助力已过期"}
Apr 22 21:11:00 账号 1 jd_60103fd1c8cd9 开始给 08d3cf6e-a492-4e38-82cc-282d9c4b1f77进行助力
Apr 22 21:11:00 助力结果{"code":5004,"data":{},"msg":"助力已过期"}
Apr 22 21:11:00 账号 1 jd_60103fd1c8cd9 开始给 433c700b-8583-4d61-960f-afeac938d161进行助力
Apr 22 21:11:00 助力结果{"code":5004,"data":{},"msg":"助力已过期"}
Apr 22 21:11:00 账号 1 jd_60103fd1c8cd9 开始给 7da6105e-db6e-44cc-8eb1-4c1bf92f061d进行助力
Apr 22 21:11:00 助力结果{"code":2003,"data":{},"msg":"助力已满"}
Apr 22 21:11:00 
Apr 22 21:11:00 
Apr 22 21:11:00 如果有剩余助力机会则随机互助
Apr 22 21:11:00 
Apr 22 21:11:00 🔔5G超级盲盒, 结束! 🕛 38.861 秒
Apr 22 21:11:00 
Apr 22 21:11:55 catch 邀请码提交异常:Timeout awaiting 'request' for 30000ms
Apr 23 00:10:20 
Apr 23 00:10:20 🔔5G超级盲盒, 开始!
Apr 23 00:10:20 
Apr 23 00:10:20 ====================共1个京东账号Cookie=========
Apr 23 00:10:20 
Apr 23 00:10:20 ==================脚本执行- 北京时间(UTC+8)：4/23/2021, 12:10:20 AM=====================
Apr 23 00:10:20 
Apr 23 00:10:21 
Apr 23 00:10:21 ******开始【京东账号1】jd_60103fd1c8cd9*********
Apr 23 00:10:21 
Apr 23 00:10:21 重新运行一次脚本即可获取好友邀请码
Apr 23 00:10:21 成功领取1080热力值
Apr 23 00:10:21 商品 { code: 200, msg: '成功', data: 1 }
Apr 23 00:10:22 商品领取金币 { code: 200, msg: '成功', data: 1 }
Apr 23 00:10:24 商品 { code: 200, msg: '成功', data: 1 }
Apr 23 00:10:25 商品领取金币 { code: 200, msg: '成功', data: 1 }
Apr 23 00:10:25 商品 { code: 200, msg: '成功', data: 1 }
Apr 23 00:10:26 商品领取金币 { code: 200, msg: '成功', data: 1 }
Apr 23 00:10:26 商品 { code: 200, msg: '成功', data: 1 }
Apr 23 00:10:26 店铺领取金币 { code: 200, msg: '成功', data: 1 }
Apr 23 00:10:27 商品领取金币 { code: 200, msg: '成功', data: 1 }
Apr 23 00:10:27 商品 { code: 200, msg: '成功', data: 1 }
Apr 23 00:10:28 店铺领取金币 { code: 200, msg: '成功', data: 1 }
Apr 23 00:10:28 商品领取金币 { code: 200, msg: '成功', data: 1 }
Apr 23 00:10:29 店铺领取金币 { code: 200, msg: '成功', data: 1 }
Apr 23 00:10:29 商品 { code: 200, msg: '成功', data: 1 }
Apr 23 00:10:30 店铺领取金币 { code: 200, msg: '成功', data: 1 }
Apr 23 00:10:31 商品领取金币 { code: 200, msg: '成功', data: 1 }
Apr 23 00:10:31 商品 { code: 200, msg: '成功', data: 1 }
Apr 23 00:10:32 商品领取金币 { code: 200, msg: '成功', data: 1 }
Apr 23 00:10:32 商品 { code: 200, msg: '成功', data: 1 }
Apr 23 00:10:33 商品领取金币 { code: 200, msg: '成功', data: 1 }
Apr 23 00:10:38 请继续等待,正在做任务,不要退出哦
Apr 23 00:10:43 请继续等待,正在做任务,不要退出哦
Apr 23 00:10:49 请继续等待,正在做任务,不要退出哦
Apr 23 00:10:54 请继续等待,正在做任务,不要退出哦
Apr 23 00:10:55 请继续等待,正在做任务,不要退出哦
Apr 23 00:10:56 请继续等待,正在做任务,不要退出哦
Apr 23 00:11:00 请继续等待,正在做任务,不要退出哦
Apr 23 00:11:05 请继续等待,正在做任务,不要退出哦
Apr 23 00:11:09 请继续等待,正在做任务,不要退出哦
Apr 23 00:11:11 请继续等待,正在做任务,不要退出哦
Apr 23 00:11:14 请继续等待,正在做任务,不要退出哦
Apr 23 00:11:18 请继续等待,正在做任务,不要退出哦
Apr 23 00:11:21 请继续等待,正在做任务,不要退出哦
Apr 23 00:11:27 请继续等待,正在做任务,不要退出哦
Apr 23 00:11:31 请继续等待,正在做任务,不要退出哦
Apr 23 00:11:34 请继续等待,正在做任务,不要退出哦
Apr 23 00:11:38 请继续等待,正在做任务,不要退出哦
Apr 23 00:11:41 请继续等待,正在做任务,不要退出哦
Apr 23 00:11:47 请继续等待,正在做任务,不要退出哦
Apr 23 00:11:49 请继续等待,正在做任务,不要退出哦
Apr 23 00:11:54 请继续等待,正在做任务,不要退出哦
Apr 23 00:11:56 请继续等待,正在做任务,不要退出哦
Apr 23 00:11:59 请继续等待,正在做任务,不要退出哦
Apr 23 00:12:01 请继续等待,正在做任务,不要退出哦
Apr 23 00:12:04 请继续等待,正在做任务,不要退出哦
Apr 23 00:12:09 请继续等待,正在做任务,不要退出哦
Apr 23 00:12:12 请继续等待,正在做任务,不要退出哦
Apr 23 00:12:18 请继续等待,正在做任务,不要退出哦
Apr 23 00:12:20 请继续等待,正在做任务,不要退出哦
Apr 23 00:12:24 请继续等待,正在做任务,不要退出哦
Apr 23 00:12:25 请继续等待,正在做任务,不要退出哦
Apr 23 00:12:25 请继续等待,正在做任务,不要退出哦
Apr 23 00:12:28 请继续等待,正在做任务,不要退出哦
Apr 23 00:12:28 请继续等待,正在做任务,不要退出哦
Apr 23 00:12:32 请继续等待,正在做任务,不要退出哦
Apr 23 00:12:35 请继续等待,正在做任务,不要退出哦
Apr 23 00:12:35 请继续等待,正在做任务,不要退出哦
Apr 23 00:12:37 请继续等待,正在做任务,不要退出哦
Apr 23 00:12:39 请继续等待,正在做任务,不要退出哦
Apr 23 00:12:43 请继续等待,正在做任务,不要退出哦
Apr 23 00:12:43 
Apr 23 00:12:43 
Apr 23 00:12:43 ----taskList的任务全部做完了---
Apr 23 00:12:43 
Apr 23 00:12:43 
Apr 23 00:12:43 分享好友助力 0/10
Apr 23 00:12:43 
Apr 23 00:12:43 
Apr 23 00:12:46 ====抽奖结果====,{"id":"jd_60103fd1c8cd9_ts_1619107968339","prizeId":"9999","pin":"jd_60103fd1c8cd9","neckName":null,"type":"99","name":"未中奖","img":"","beanNum":"","couponFullPrice":"","couponReducePrice":"","couponBeginTime":"","couponEndTime":"","status":"0","winTime":1619107968972,"winDateTime":"2021.04.23 00:12:48","xncode":null,"timeLine":null,"prizetimes":0,"showTimes":false,"skipLink":null,"scoreNum":null}
Apr 23 00:12:46 未中奖
Apr 23 00:12:46 
Apr 23 00:12:49 ====抽奖结果====,{"id":"jd_60103fd1c8cd9_ts_1619107971315","prizeId":"9999","pin":"jd_60103fd1c8cd9","neckName":null,"type":"99","name":"未中奖","img":"","beanNum":"","couponFullPrice":"","couponReducePrice":"","couponBeginTime":"","couponEndTime":"","status":"0","winTime":1619107971804,"winDateTime":"2021.04.23 00:12:51","xncode":null,"timeLine":null,"prizetimes":0,"showTimes":false,"skipLink":null,"scoreNum":null}
Apr 23 00:12:49 未中奖
Apr 23 00:12:49 
Apr 23 00:12:52 ====抽奖结果====,{"id":"jd_60103fd1c8cd9_ts_1619107974285","prizeId":"","pin":"jd_60103fd1c8cd9","neckName":null,"type":"","name":"未中奖","img":"","beanNum":"","couponFullPrice":"","couponReducePrice":"","couponBeginTime":"","couponEndTime":"","status":"0","winTime":1619107974429,"winDateTime":"2021.04.23 00:12:54","xncode":null,"timeLine":null,"prizetimes":0,"showTimes":false,"skipLink":null,"scoreNum":null}
Apr 23 00:12:52 未中奖
Apr 23 00:12:52 
Apr 23 00:12:55 ====抽奖结果====,{"id":"jd_60103fd1c8cd9_ts_1619107977598","prizeId":"9999","pin":"jd_60103fd1c8cd9","neckName":null,"type":"99","name":"未中奖","img":"","beanNum":"","couponFullPrice":"","couponReducePrice":"","couponBeginTime":"","couponEndTime":"","status":"0","winTime":1619107977741,"winDateTime":"2021.04.23 00:12:57","xncode":null,"timeLine":null,"prizetimes":0,"showTimes":false,"skipLink":null,"scoreNum":null}
Apr 23 00:12:55 未中奖
Apr 23 00:12:55 
Apr 23 00:12:56 
Apr 23 00:12:56 
Apr 23 00:12:56 自己账号内部互助
Apr 23 00:12:56 账号 1 jd_60103fd1c8cd9 开始给 038a985e-2ea7-49fc-9c0d-a499e1fc611d进行助力
Apr 23 00:12:56 助力结果{"code":5004,"data":{},"msg":"助力已过期"}
Apr 23 00:12:56 账号 1 jd_60103fd1c8cd9 开始给 37a98200-c967-49ec-9712-d609109966c7进行助力
Apr 23 00:12:58 助力结果{"code":5004,"data":{},"msg":"助力已过期"}
Apr 23 00:12:58 账号 1 jd_60103fd1c8cd9 开始给 29b16b2d-8cff-44cc-b752-674fc5838461进行助力
Apr 23 00:12:58 助力结果{"code":5004,"data":{},"msg":"助力已过期"}
Apr 23 00:12:58 账号 1 jd_60103fd1c8cd9 开始给 c598592e-35ce-44c5-966f-310e666caa12进行助力
Apr 23 00:12:58 助力结果{"code":5004,"data":{},"msg":"助力已过期"}
Apr 23 00:12:58 账号 1 jd_60103fd1c8cd9 开始给 5b209ac6-20c8-43e7-ba42-9821bc8beeca进行助力
Apr 23 00:12:58 助力结果{"code":5004,"data":{},"msg":"助力已过期"}
Apr 23 00:12:58 账号 1 jd_60103fd1c8cd9 开始给 09cf5b3f-f72c-4034-b751-b4029a70ecdb进行助力
Apr 23 00:12:58 助力结果{"code":5004,"data":{},"msg":"助力已过期"}
Apr 23 00:12:58 账号 1 jd_60103fd1c8cd9 开始给 b070ecbd-ad12-45b3-87f9-f8d5ea57f695进行助力
Apr 23 00:13:00 助力结果{"code":5004,"data":{},"msg":"助力已过期"}
Apr 23 00:13:00 账号 1 jd_60103fd1c8cd9 开始给 c1dd832c-6918-4549-a0e0-6b81b6d58618进行助力
Apr 23 00:13:00 助力结果{"code":5004,"data":{},"msg":"助力已过期"}
Apr 23 00:13:00 账号 1 jd_60103fd1c8cd9 开始给 d68f587a-690b-4900-b887-daca246371ce进行助力
Apr 23 00:13:01 助力结果{"code":5004,"data":{},"msg":"助力已过期"}
Apr 23 00:13:01 账号 1 jd_60103fd1c8cd9 开始给 75da7f43-85f6-441e-943e-3c9b9df0f3c3进行助力
Apr 23 00:13:02 助力结果{"code":5004,"data":{},"msg":"助力已过期"}
Apr 23 00:13:02 账号 1 jd_60103fd1c8cd9 开始给 0a795830-8f32-4854-a903-1a4e56234326进行助力
Apr 23 00:13:02 助力结果{"code":5004,"data":{},"msg":"助力已过期"}
Apr 23 00:13:02 账号 1 jd_60103fd1c8cd9 开始给 ccfd44ed-2e5b-457e-a193-31ff2cf529e4进行助力
Apr 23 00:13:02 助力结果{"code":5004,"data":{},"msg":"助力已过期"}
Apr 23 00:13:02 账号 1 jd_60103fd1c8cd9 开始给 6e33abc3-c9d7-47a8-9096-dfbdfb50857c进行助力
Apr 23 00:13:04 助力结果{"code":5004,"data":{},"msg":"助力已过期"}
Apr 23 00:13:04 账号 1 jd_60103fd1c8cd9 开始给 41c30327-9b78-4772-8d8f-38e31746a0bc进行助力
Apr 23 00:13:04 助力结果{"code":5004,"data":{},"msg":"助力已过期"}
Apr 23 00:13:04 账号 1 jd_60103fd1c8cd9 开始给 09f63010-ec12-4195-b2d3-b5c3618e83ea进行助力
Apr 23 00:13:06 助力结果{"code":5004,"data":{},"msg":"助力已过期"}
Apr 23 00:13:06 账号 1 jd_60103fd1c8cd9 开始给 41c8c85e-0257-452f-9f25-d5831c3fb076进行助力
Apr 23 00:13:06 助力结果{"code":5004,"data":{},"msg":"助力已过期"}
Apr 23 00:13:06 账号 1 jd_60103fd1c8cd9 开始给 0edfed43-bb58-4c3a-9c32-b872a9755741进行助力
Apr 23 00:13:06 助力结果{"code":5004,"data":{},"msg":"助力已过期"}
Apr 23 00:13:06 账号 1 jd_60103fd1c8cd9 开始给 3eeb7bb9-81de-4ccf-a1cf-3bf72be7930d进行助力
Apr 23 00:13:06 助力结果{"code":5004,"data":{},"msg":"助力已过期"}
Apr 23 00:13:06 账号 1 jd_60103fd1c8cd9 开始给 d333bf89-a9b7-4f53-a77e-4ad3db693099进行助力
Apr 23 00:13:06 助力结果{"code":5004,"data":{},"msg":"助力已过期"}
Apr 23 00:13:06 账号 1 jd_60103fd1c8cd9 开始给 cfb3af1f-e518-444f-be8a-b4226b4836ba进行助力
Apr 23 00:13:06 助力结果{"code":5004,"data":{},"msg":"助力已过期"}
Apr 23 00:13:06 账号 1 jd_60103fd1c8cd9 开始给 9392c31d-6d81-4258-a892-ea008158f6be进行助力
Apr 23 00:13:10 助力结果{"code":5004,"data":{},"msg":"助力已过期"}
Apr 23 00:13:10 账号 1 jd_60103fd1c8cd9 开始给 86d5bf53-570a-4b8b-857d-937f1fa390e1进行助力
Apr 23 00:13:10 助力结果{"code":5004,"data":{},"msg":"助力已过期"}
Apr 23 00:13:10 账号 1 jd_60103fd1c8cd9 开始给 257b8668-f7c4-4a30-ae8e-2441368356cb进行助力
Apr 23 00:13:11 助力结果{"code":5004,"data":{},"msg":"助力已过期"}
Apr 23 00:13:11 账号 1 jd_60103fd1c8cd9 开始给 9612b590-57f3-441f-aa17-3a71d79cd705进行助力
Apr 23 00:13:11 助力结果{"code":5004,"data":{},"msg":"助力已过期"}
Apr 23 00:13:11 账号 1 jd_60103fd1c8cd9 开始给 18a0aae1-717d-47e6-96a8-b458d4d31bd4进行助力
Apr 23 00:13:11 助力结果{"code":5004,"data":{},"msg":"助力已过期"}
Apr 23 00:13:11 账号 1 jd_60103fd1c8cd9 开始给 0da4dab5-2616-4147-9fc0-912b6d0d6c8e进行助力
Apr 23 00:13:11 助力结果{"code":5004,"data":{},"msg":"助力已过期"}
Apr 23 00:13:11 账号 1 jd_60103fd1c8cd9 开始给 f4918e00-9db0-4b13-a11f-6ab443450825进行助力
Apr 23 00:13:11 助力结果{"code":5004,"data":{},"msg":"助力已过期"}
Apr 23 00:13:11 账号 1 jd_60103fd1c8cd9 开始给 8fb53db0-4a0b-40bf-b3d8-860a76bb9cbf进行助力
Apr 23 00:13:11 助力结果{"code":5004,"data":{},"msg":"助力已过期"}
Apr 23 00:13:11 
Apr 23 00:13:11 
Apr 23 00:13:11 如果有剩余助力机会则随机互助
Apr 23 00:13:11 账号 1 jd_60103fd1c8cd9 开始给 ab8a84df-8109-4cbb-8cb5-5cfcd794a35d进行助力
Apr 23 00:13:18 助力结果{"code":2003,"data":{},"msg":"助力已满"}
Apr 23 00:13:18 账号 1 jd_60103fd1c8cd9 开始给 1b5869b2-67e8-4b3c-a7a9-832de8df0b74进行助力
Apr 23 00:13:19 助力结果{"code":5004,"data":{},"msg":"助力已过期"}
Apr 23 00:13:19 账号 1 jd_60103fd1c8cd9 开始给 ec7ff009-011c-4802-9193-6cf9de912a74进行助力
Apr 23 00:13:19 助力结果{"code":2003,"data":{},"msg":"助力已满"}
Apr 23 00:13:19 账号 1 jd_60103fd1c8cd9 开始给 06c1bca1-bfea-4e16-bc56-714fa8484a68进行助力
Apr 23 00:13:19 助力结果{"code":2003,"data":{},"msg":"助力已满"}
Apr 23 00:13:19 账号 1 jd_60103fd1c8cd9 开始给 1a02fe37-379a-438e-8e6d-bc98d8a1067c进行助力
Apr 23 00:13:22 助力结果{"code":2003,"data":{},"msg":"助力已满"}
Apr 23 00:13:22 账号 1 jd_60103fd1c8cd9 开始给 da757e6f-9915-4f06-828a-0b95dbf8f1d0进行助力
Apr 23 00:13:25 助力结果{"code":5004,"data":{},"msg":"助力已过期"}
Apr 23 00:13:25 账号 1 jd_60103fd1c8cd9 开始给 faaf79ff-3a64-485e-98d2-c2763ae52b7a进行助力
Apr 23 00:13:28 助力结果{"code":2003,"data":{},"msg":"助力已满"}
Apr 23 00:13:28 账号 1 jd_60103fd1c8cd9 开始给 81a544c3-d6cc-4b2f-a598-5ae8faf7ea96进行助力
Apr 23 00:13:30 助力结果{"code":2003,"data":{},"msg":"助力已满"}
Apr 23 00:13:30 账号 1 jd_60103fd1c8cd9 开始给 d110beeb-8460-458a-ad6b-68aa1c0fcce6进行助力
Apr 23 00:13:30 助力结果{"code":2003,"data":{},"msg":"助力已满"}
Apr 23 00:13:30 账号 1 jd_60103fd1c8cd9 开始给 c60b3fd8-9c98-4eef-862a-713fa10eaf76进行助力
Apr 23 00:13:30 助力结果{"code":2003,"data":{},"msg":"助力已满"}
Apr 23 00:13:30 账号 1 jd_60103fd1c8cd9 开始给 94290af1-75a6-45b5-b585-a1afc128dbf8进行助力
Apr 23 00:13:30 助力结果{"code":2003,"data":{},"msg":"助力已满"}
Apr 23 00:13:30 账号 1 jd_60103fd1c8cd9 开始给 72a74d9b-c572-46b5-831d-3a8502010e33进行助力
Apr 23 00:13:31 助力结果{"code":2003,"data":{},"msg":"助力已满"}
Apr 23 00:13:31 账号 1 jd_60103fd1c8cd9 开始给 c6b0230f-39fc-47d5-b6ee-dc6023718745进行助力
Apr 23 00:13:31 助力结果{"code":2003,"data":{},"msg":"助力已满"}
Apr 23 00:13:31 账号 1 jd_60103fd1c8cd9 开始给 4ba41c53-2f3e-4b1a-a72f-f911207a338f进行助力
Apr 23 00:13:31 助力结果{"code":2003,"data":{},"msg":"助力已满"}
Apr 23 00:13:31 账号 1 jd_60103fd1c8cd9 开始给 7ba2cef9-125a-43a5-b08b-6392d1aede2c进行助力
Apr 23 00:13:32 助力结果{"code":2003,"data":{},"msg":"助力已满"}
Apr 23 00:13:32 账号 1 jd_60103fd1c8cd9 开始给 df2b78a6-c3fc-4e1d-9cea-0e23ad51bbc6进行助力
Apr 23 00:13:32 助力结果{"code":2003,"data":{},"msg":"助力已满"}
Apr 23 00:13:32 账号 1 jd_60103fd1c8cd9 开始给 f7703abf-425d-48f2-aa53-d5128eeda836进行助力
Apr 23 00:13:33 助力结果{"code":2003,"data":{},"msg":"助力已满"}
Apr 23 00:13:33 账号 1 jd_60103fd1c8cd9 开始给 7abeda2e-2cfe-4ebb-8c15-7b50e0ee5005进行助力
Apr 23 00:13:36 助力结果{"code":2003,"data":{},"msg":"助力已满"}
Apr 23 00:13:36 账号 1 jd_60103fd1c8cd9 开始给 7962cd3d-3b19-4bb1-9643-3a78d06a088b进行助力
Apr 23 00:13:39 助力结果{"code":2003,"data":{},"msg":"助力已满"}
Apr 23 00:13:39 账号 1 jd_60103fd1c8cd9 开始给 a5169e87-b54b-45b5-a1f8-41b3da97f88e进行助力
Apr 23 00:13:39 助力结果{"code":2003,"data":{},"msg":"助力已满"}
Apr 23 00:13:39 
Apr 23 00:13:39 🔔5G超级盲盒, 结束! 🕛 198.885 秒
Apr 23 00:13:39 
Apr 23 01:10:05 
Apr 23 01:10:05 🔔5G超级盲盒, 开始!
Apr 23 01:10:05 
Apr 23 01:10:05 ====================共1个京东账号Cookie=========
Apr 23 01:10:05 
Apr 23 01:10:05 ==================脚本执行- 北京时间(UTC+8)：4/23/2021, 1:10:05 AM=====================
Apr 23 01:10:05 
Apr 23 01:10:06 
Apr 23 01:10:06 ******开始【京东账号1】jd_60103fd1c8cd9*********
Apr 23 01:10:06 
Apr 23 01:10:06 
Apr 23 01:10:06 【京东账号1（jd_60103fd1c8cd9）的5G超级盲盒好友互助码】d30b1bfe-9504-4812-a0af-37b35ac055a2
Apr 23 01:10:06 
Apr 23 01:10:06 此邀请码一天一变化，旧的不可用
Apr 23 01:10:06 成功领取358热力值
Apr 23 01:10:06 精选店铺-任务已完成
Apr 23 01:10:06 精选店铺-任务已完成
Apr 23 01:10:06 精选店铺-任务已完成
Apr 23 01:10:06 精选店铺-任务已完成
Apr 23 01:10:06 精选好物任务已完成
Apr 23 01:10:06 精选好物任务已完成
Apr 23 01:10:06 精选好物任务已完成
Apr 23 01:10:06 精选好物任务已完成
Apr 23 01:10:06 精选好物任务已完成
Apr 23 01:10:06 精选好物任务已完成
Apr 23 01:10:06 精选好物任务已完成
Apr 23 01:10:06 精选好物任务已完成
Apr 23 01:10:06 
Apr 23 01:10:06 
Apr 23 01:10:06 ----taskList的任务全部做完了---
Apr 23 01:10:06 
Apr 23 01:10:06 
Apr 23 01:10:06 分享好友助力 0/10
Apr 23 01:10:06 
Apr 23 01:10:06 
Apr 23 01:10:09 ====抽奖结果====,{"id":"jd_60103fd1c8cd9_ts_1619111409100","prizeId":"9999","pin":"jd_60103fd1c8cd9","neckName":null,"type":"99","name":"未中奖","img":"","beanNum":"","couponFullPrice":"","couponReducePrice":"","couponBeginTime":"","couponEndTime":"","status":"0","winTime":1619111409107,"winDateTime":"2021.04.23 01:10:09","xncode":null,"timeLine":null,"prizetimes":0,"showTimes":false,"skipLink":null,"scoreNum":null}
Apr 23 01:10:09 未中奖
Apr 23 01:10:09 
Apr 23 01:10:42 catch 读取邀请码异常:Timeout awaiting 'request' for 10000ms
Apr 23 01:10:42 
Apr 23 01:10:42 
Apr 23 01:10:42 自己账号内部互助
Apr 23 01:10:42 账号 1 jd_60103fd1c8cd9 开始给 038a985e-2ea7-49fc-9c0d-a499e1fc611d进行助力
Apr 23 01:10:42 助力结果{"code":5004,"data":{},"msg":"助力已过期"}
Apr 23 01:10:42 账号 1 jd_60103fd1c8cd9 开始给 37a98200-c967-49ec-9712-d609109966c7进行助力
Apr 23 01:10:42 助力结果{"code":5004,"data":{},"msg":"助力已过期"}
Apr 23 01:10:42 账号 1 jd_60103fd1c8cd9 开始给 29b16b2d-8cff-44cc-b752-674fc5838461进行助力
Apr 23 01:10:42 助力结果{"code":5004,"data":{},"msg":"助力已过期"}
Apr 23 01:10:42 账号 1 jd_60103fd1c8cd9 开始给 c598592e-35ce-44c5-966f-310e666caa12进行助力
Apr 23 01:10:42 助力结果{"code":5004,"data":{},"msg":"助力已过期"}
Apr 23 01:10:42 账号 1 jd_60103fd1c8cd9 开始给 5b209ac6-20c8-43e7-ba42-9821bc8beeca进行助力
Apr 23 01:10:42 助力结果{"code":5004,"data":{},"msg":"助力已过期"}
Apr 23 01:10:42 账号 1 jd_60103fd1c8cd9 开始给 09cf5b3f-f72c-4034-b751-b4029a70ecdb进行助力
Apr 23 01:10:42 助力结果{"code":5004,"data":{},"msg":"助力已过期"}
Apr 23 01:10:42 账号 1 jd_60103fd1c8cd9 开始给 b070ecbd-ad12-45b3-87f9-f8d5ea57f695进行助力
Apr 23 01:10:43 助力结果{"code":5004,"data":{},"msg":"助力已过期"}
Apr 23 01:10:43 账号 1 jd_60103fd1c8cd9 开始给 c1dd832c-6918-4549-a0e0-6b81b6d58618进行助力
Apr 23 01:10:43 助力结果{"code":5004,"data":{},"msg":"助力已过期"}
Apr 23 01:10:43 账号 1 jd_60103fd1c8cd9 开始给 d68f587a-690b-4900-b887-daca246371ce进行助力
Apr 23 01:10:43 助力结果{"code":5004,"data":{},"msg":"助力已过期"}
Apr 23 01:10:43 账号 1 jd_60103fd1c8cd9 开始给 75da7f43-85f6-441e-943e-3c9b9df0f3c3进行助力
Apr 23 01:10:43 助力结果{"code":5004,"data":{},"msg":"助力已过期"}
Apr 23 01:10:43 账号 1 jd_60103fd1c8cd9 开始给 0a795830-8f32-4854-a903-1a4e56234326进行助力
Apr 23 01:10:43 助力结果{"code":5004,"data":{},"msg":"助力已过期"}
Apr 23 01:10:43 账号 1 jd_60103fd1c8cd9 开始给 ccfd44ed-2e5b-457e-a193-31ff2cf529e4进行助力
Apr 23 01:10:43 助力结果{"code":5004,"data":{},"msg":"助力已过期"}
Apr 23 01:10:43 账号 1 jd_60103fd1c8cd9 开始给 6e33abc3-c9d7-47a8-9096-dfbdfb50857c进行助力
Apr 23 01:10:43 助力结果{"code":5004,"data":{},"msg":"助力已过期"}
Apr 23 01:10:43 账号 1 jd_60103fd1c8cd9 开始给 41c30327-9b78-4772-8d8f-38e31746a0bc进行助力
Apr 23 01:10:44 助力结果{"code":5004,"data":{},"msg":"助力已过期"}
Apr 23 01:10:44 账号 1 jd_60103fd1c8cd9 开始给 09f63010-ec12-4195-b2d3-b5c3618e83ea进行助力
Apr 23 01:10:44 助力结果{"code":5004,"data":{},"msg":"助力已过期"}
Apr 23 01:10:44 账号 1 jd_60103fd1c8cd9 开始给 41c8c85e-0257-452f-9f25-d5831c3fb076进行助力
Apr 23 01:10:44 助力结果{"code":5004,"data":{},"msg":"助力已过期"}
Apr 23 01:10:44 账号 1 jd_60103fd1c8cd9 开始给 0edfed43-bb58-4c3a-9c32-b872a9755741进行助力
Apr 23 01:10:44 助力结果{"code":5004,"data":{},"msg":"助力已过期"}
Apr 23 01:10:44 账号 1 jd_60103fd1c8cd9 开始给 3eeb7bb9-81de-4ccf-a1cf-3bf72be7930d进行助力
Apr 23 01:10:44 助力结果{"code":5004,"data":{},"msg":"助力已过期"}
Apr 23 01:10:44 账号 1 jd_60103fd1c8cd9 开始给 d333bf89-a9b7-4f53-a77e-4ad3db693099进行助力
Apr 23 01:10:44 助力结果{"code":5004,"data":{},"msg":"助力已过期"}
Apr 23 01:10:44 账号 1 jd_60103fd1c8cd9 开始给 cfb3af1f-e518-444f-be8a-b4226b4836ba进行助力
Apr 23 01:10:44 助力结果{"code":5004,"data":{},"msg":"助力已过期"}
Apr 23 01:10:44 账号 1 jd_60103fd1c8cd9 开始给 9392c31d-6d81-4258-a892-ea008158f6be进行助力
Apr 23 01:10:44 助力结果{"code":5004,"data":{},"msg":"助力已过期"}
Apr 23 01:10:44 账号 1 jd_60103fd1c8cd9 开始给 86d5bf53-570a-4b8b-857d-937f1fa390e1进行助力
Apr 23 01:10:44 助力结果{"code":5004,"data":{},"msg":"助力已过期"}
Apr 23 01:10:44 账号 1 jd_60103fd1c8cd9 开始给 257b8668-f7c4-4a30-ae8e-2441368356cb进行助力
Apr 23 01:10:45 助力结果{"code":5004,"data":{},"msg":"助力已过期"}
Apr 23 01:10:45 账号 1 jd_60103fd1c8cd9 开始给 9612b590-57f3-441f-aa17-3a71d79cd705进行助力
Apr 23 01:10:45 助力结果{"code":5004,"data":{},"msg":"助力已过期"}
Apr 23 01:10:45 账号 1 jd_60103fd1c8cd9 开始给 18a0aae1-717d-47e6-96a8-b458d4d31bd4进行助力
Apr 23 01:10:45 助力结果{"code":5004,"data":{},"msg":"助力已过期"}
Apr 23 01:10:45 账号 1 jd_60103fd1c8cd9 开始给 0da4dab5-2616-4147-9fc0-912b6d0d6c8e进行助力
Apr 23 01:10:45 助力结果{"code":5004,"data":{},"msg":"助力已过期"}
Apr 23 01:10:45 账号 1 jd_60103fd1c8cd9 开始给 f4918e00-9db0-4b13-a11f-6ab443450825进行助力
Apr 23 01:10:45 助力结果{"code":5004,"data":{},"msg":"助力已过期"}
Apr 23 01:10:45 账号 1 jd_60103fd1c8cd9 开始给 8fb53db0-4a0b-40bf-b3d8-860a76bb9cbf进行助力
Apr 23 01:10:45 助力结果{"code":5004,"data":{},"msg":"助力已过期"}
Apr 23 01:10:45 账号 1 jd_60103fd1c8cd9 开始给 d30b1bfe-9504-4812-a0af-37b35ac055a2进行助力
Apr 23 01:10:45 助力结果{"code":2003,"data":{},"msg":"助力已满"}
Apr 23 01:10:45 
Apr 23 01:10:45 
Apr 23 01:10:45 如果有剩余助力机会则随机互助
Apr 23 01:10:45 
Apr 23 01:10:45 🔔5G超级盲盒, 结束! 🕛 40.027 秒
Apr 23 01:10:45 
Apr 23 01:11:34 catch 邀请码提交异常:Timeout awaiting 'request' for 30000ms
Apr 23 05:10:20 
Apr 23 05:10:20 🔔5G超级盲盒, 开始!
Apr 23 05:10:20 
Apr 23 05:10:20 ====================共1个京东账号Cookie=========
Apr 23 05:10:20 
Apr 23 05:10:20 ==================脚本执行- 北京时间(UTC+8)：4/23/2021, 5:10:20 AM=====================
Apr 23 05:10:20 
Apr 23 05:10:21 
Apr 23 05:10:21 ******开始【京东账号1】jd_60103fd1c8cd9*********
Apr 23 05:10:21 
Apr 23 05:10:21 
Apr 23 05:10:21 【京东账号1（jd_60103fd1c8cd9）的5G超级盲盒好友互助码】d30b1bfe-9504-4812-a0af-37b35ac055a2
Apr 23 05:10:21 
Apr 23 05:10:21 此邀请码一天一变化，旧的不可用
Apr 23 05:10:21 成功领取1441热力值
Apr 23 05:10:21 精选店铺-任务已完成
Apr 23 05:10:21 精选店铺-任务已完成
Apr 23 05:10:21 精选店铺-任务已完成
Apr 23 05:10:21 精选店铺-任务已完成
Apr 23 05:10:21 精选好物任务已完成
Apr 23 05:10:21 精选好物任务已完成
Apr 23 05:10:21 精选好物任务已完成
Apr 23 05:10:21 精选好物任务已完成
Apr 23 05:10:21 精选好物任务已完成
Apr 23 05:10:21 精选好物任务已完成
Apr 23 05:10:21 精选好物任务已完成
Apr 23 05:10:21 精选好物任务已完成
Apr 23 05:10:21 
Apr 23 05:10:21 
Apr 23 05:10:21 ----taskList的任务全部做完了---
Apr 23 05:10:21 
Apr 23 05:10:21 
Apr 23 05:10:21 分享好友助力 0/10
Apr 23 05:10:21 
Apr 23 05:10:21 
Apr 23 05:10:21 目前热力值1647,不够抽奖
Apr 23 05:10:54 catch 读取邀请码异常:Timeout awaiting 'request' for 10000ms
Apr 23 05:10:54 
Apr 23 05:10:54 
Apr 23 05:10:54 自己账号内部互助
Apr 23 05:10:54 账号 1 jd_60103fd1c8cd9 开始给 038a985e-2ea7-49fc-9c0d-a499e1fc611d进行助力
Apr 23 05:10:54 助力结果{"code":5004,"data":{},"msg":"助力已过期"}
Apr 23 05:10:54 账号 1 jd_60103fd1c8cd9 开始给 37a98200-c967-49ec-9712-d609109966c7进行助力
Apr 23 05:10:54 助力结果{"code":5004,"data":{},"msg":"助力已过期"}
Apr 23 05:10:54 账号 1 jd_60103fd1c8cd9 开始给 29b16b2d-8cff-44cc-b752-674fc5838461进行助力
Apr 23 05:10:55 助力结果{"code":5004,"data":{},"msg":"助力已过期"}
Apr 23 05:10:55 账号 1 jd_60103fd1c8cd9 开始给 c598592e-35ce-44c5-966f-310e666caa12进行助力
Apr 23 05:10:55 助力结果{"code":5004,"data":{},"msg":"助力已过期"}
Apr 23 05:10:55 账号 1 jd_60103fd1c8cd9 开始给 5b209ac6-20c8-43e7-ba42-9821bc8beeca进行助力
Apr 23 05:10:55 助力结果{"code":5004,"data":{},"msg":"助力已过期"}
Apr 23 05:10:55 账号 1 jd_60103fd1c8cd9 开始给 09cf5b3f-f72c-4034-b751-b4029a70ecdb进行助力
Apr 23 05:10:55 助力结果{"code":5004,"data":{},"msg":"助力已过期"}
Apr 23 05:10:55 账号 1 jd_60103fd1c8cd9 开始给 b070ecbd-ad12-45b3-87f9-f8d5ea57f695进行助力
Apr 23 05:10:55 助力结果{"code":5004,"data":{},"msg":"助力已过期"}
Apr 23 05:10:55 账号 1 jd_60103fd1c8cd9 开始给 c1dd832c-6918-4549-a0e0-6b81b6d58618进行助力
Apr 23 05:10:55 助力结果{"code":5004,"data":{},"msg":"助力已过期"}
Apr 23 05:10:55 账号 1 jd_60103fd1c8cd9 开始给 d68f587a-690b-4900-b887-daca246371ce进行助力
Apr 23 05:10:55 助力结果{"code":5004,"data":{},"msg":"助力已过期"}
Apr 23 05:10:55 账号 1 jd_60103fd1c8cd9 开始给 75da7f43-85f6-441e-943e-3c9b9df0f3c3进行助力
Apr 23 05:10:55 助力结果{"code":5004,"data":{},"msg":"助力已过期"}
Apr 23 05:10:55 账号 1 jd_60103fd1c8cd9 开始给 0a795830-8f32-4854-a903-1a4e56234326进行助力
Apr 23 05:10:55 助力结果{"code":5004,"data":{},"msg":"助力已过期"}
Apr 23 05:10:55 账号 1 jd_60103fd1c8cd9 开始给 ccfd44ed-2e5b-457e-a193-31ff2cf529e4进行助力
Apr 23 05:10:55 助力结果{"code":5004,"data":{},"msg":"助力已过期"}
Apr 23 05:10:55 账号 1 jd_60103fd1c8cd9 开始给 6e33abc3-c9d7-47a8-9096-dfbdfb50857c进行助力
Apr 23 05:10:55 助力结果{"code":5004,"data":{},"msg":"助力已过期"}
Apr 23 05:10:55 账号 1 jd_60103fd1c8cd9 开始给 41c30327-9b78-4772-8d8f-38e31746a0bc进行助力
Apr 23 05:10:55 助力结果{"code":5004,"data":{},"msg":"助力已过期"}
Apr 23 05:10:55 账号 1 jd_60103fd1c8cd9 开始给 09f63010-ec12-4195-b2d3-b5c3618e83ea进行助力
Apr 23 05:10:55 助力结果{"code":5004,"data":{},"msg":"助力已过期"}
Apr 23 05:10:55 账号 1 jd_60103fd1c8cd9 开始给 41c8c85e-0257-452f-9f25-d5831c3fb076进行助力
Apr 23 05:10:55 助力结果{"code":5004,"data":{},"msg":"助力已过期"}
Apr 23 05:10:55 账号 1 jd_60103fd1c8cd9 开始给 0edfed43-bb58-4c3a-9c32-b872a9755741进行助力
Apr 23 05:10:55 助力结果{"code":5004,"data":{},"msg":"助力已过期"}
Apr 23 05:10:55 账号 1 jd_60103fd1c8cd9 开始给 3eeb7bb9-81de-4ccf-a1cf-3bf72be7930d进行助力
Apr 23 05:10:55 助力结果{"code":5004,"data":{},"msg":"助力已过期"}
Apr 23 05:10:55 账号 1 jd_60103fd1c8cd9 开始给 d333bf89-a9b7-4f53-a77e-4ad3db693099进行助力
Apr 23 05:10:55 助力结果{"code":5004,"data":{},"msg":"助力已过期"}
Apr 23 05:10:55 账号 1 jd_60103fd1c8cd9 开始给 cfb3af1f-e518-444f-be8a-b4226b4836ba进行助力
Apr 23 05:10:55 助力结果{"code":5004,"data":{},"msg":"助力已过期"}
Apr 23 05:10:55 账号 1 jd_60103fd1c8cd9 开始给 9392c31d-6d81-4258-a892-ea008158f6be进行助力
Apr 23 05:10:56 助力结果{"code":5004,"data":{},"msg":"助力已过期"}
Apr 23 05:10:56 账号 1 jd_60103fd1c8cd9 开始给 86d5bf53-570a-4b8b-857d-937f1fa390e1进行助力
Apr 23 05:10:56 助力结果{"code":5004,"data":{},"msg":"助力已过期"}
Apr 23 05:10:56 账号 1 jd_60103fd1c8cd9 开始给 257b8668-f7c4-4a30-ae8e-2441368356cb进行助力
Apr 23 05:10:56 助力结果{"code":5004,"data":{},"msg":"助力已过期"}
Apr 23 05:10:56 账号 1 jd_60103fd1c8cd9 开始给 9612b590-57f3-441f-aa17-3a71d79cd705进行助力
Apr 23 05:10:56 助力结果{"code":5004,"data":{},"msg":"助力已过期"}
Apr 23 05:10:56 账号 1 jd_60103fd1c8cd9 开始给 18a0aae1-717d-47e6-96a8-b458d4d31bd4进行助力
Apr 23 05:10:56 助力结果{"code":5004,"data":{},"msg":"助力已过期"}
Apr 23 05:10:56 账号 1 jd_60103fd1c8cd9 开始给 0da4dab5-2616-4147-9fc0-912b6d0d6c8e进行助力
Apr 23 05:10:56 助力结果{"code":5004,"data":{},"msg":"助力已过期"}
Apr 23 05:10:56 账号 1 jd_60103fd1c8cd9 开始给 f4918e00-9db0-4b13-a11f-6ab443450825进行助力
Apr 23 05:10:56 助力结果{"code":5004,"data":{},"msg":"助力已过期"}
Apr 23 05:10:56 账号 1 jd_60103fd1c8cd9 开始给 8fb53db0-4a0b-40bf-b3d8-860a76bb9cbf进行助力
Apr 23 05:10:56 助力结果{"code":5004,"data":{},"msg":"助力已过期"}
Apr 23 05:10:56 账号 1 jd_60103fd1c8cd9 开始给 d30b1bfe-9504-4812-a0af-37b35ac055a2进行助力
Apr 23 05:10:56 助力结果{"code":2003,"data":{},"msg":"助力已满"}
Apr 23 05:10:56 
Apr 23 05:10:56 
Apr 23 05:10:56 如果有剩余助力机会则随机互助
Apr 23 05:10:56 
Apr 23 05:10:56 🔔5G超级盲盒, 结束! 🕛 36.355 秒
Apr 23 05:10:56 
Apr 23 05:11:36 catch 邀请码提交异常:Response code 502 (Bad Gateway)
Apr 23 09:10:04 
Apr 23 09:10:04 🔔5G超级盲盒, 开始!
Apr 23 09:10:04 
Apr 23 09:10:04 ====================共1个京东账号Cookie=========
Apr 23 09:10:04 
Apr 23 09:10:04 ==================脚本执行- 北京时间(UTC+8)：4/23/2021, 9:10:04 AM=====================
Apr 23 09:10:04 
Apr 23 09:10:05 
Apr 23 09:10:05 ******开始【京东账号1】jd_60103fd1c8cd9*********
Apr 23 09:10:05 
Apr 23 09:10:05 
Apr 23 09:10:05 【京东账号1（jd_60103fd1c8cd9）的5G超级盲盒好友互助码】d30b1bfe-9504-4812-a0af-37b35ac055a2
Apr 23 09:10:05 
Apr 23 09:10:05 此邀请码一天一变化，旧的不可用
Apr 23 09:10:05 成功领取1438热力值
Apr 23 09:10:05 精选店铺-任务已完成
Apr 23 09:10:05 精选店铺-任务已完成
Apr 23 09:10:05 精选店铺-任务已完成
Apr 23 09:10:05 精选店铺-任务已完成
Apr 23 09:10:05 精选好物任务已完成
Apr 23 09:10:05 精选好物任务已完成
Apr 23 09:10:05 精选好物任务已完成
Apr 23 09:10:05 精选好物任务已完成
Apr 23 09:10:05 精选好物任务已完成
Apr 23 09:10:05 精选好物任务已完成
Apr 23 09:10:05 精选好物任务已完成
Apr 23 09:10:05 精选好物任务已完成
Apr 23 09:10:06 
Apr 23 09:10:06 
Apr 23 09:10:06 ----taskList的任务全部做完了---
Apr 23 09:10:06 
Apr 23 09:10:06 
Apr 23 09:10:06 分享好友助力 1/10
Apr 23 09:10:06 
Apr 23 09:10:06 
Apr 23 09:10:08 ====抽奖结果====,{"id":"jd_60103fd1c8cd9_ts_1619140208323","prizeId":"9999","pin":"jd_60103fd1c8cd9","neckName":null,"type":"99","name":"未中奖","img":"","beanNum":"","couponFullPrice":"","couponReducePrice":"","couponBeginTime":"","couponEndTime":"","status":"0","winTime":1619140208427,"winDateTime":"2021.04.23 09:10:08","xncode":null,"timeLine":null,"prizetimes":0,"showTimes":false,"skipLink":null,"scoreNum":null}
Apr 23 09:10:08 未中奖
Apr 23 09:10:08 
Apr 23 09:10:41 catch 读取邀请码异常:Timeout awaiting 'request' for 10000ms
Apr 23 09:10:41 
Apr 23 09:10:41 
Apr 23 09:10:41 自己账号内部互助
Apr 23 09:10:41 账号 1 jd_60103fd1c8cd9 开始给 038a985e-2ea7-49fc-9c0d-a499e1fc611d进行助力
Apr 23 09:10:41 助力结果{"code":5004,"data":{},"msg":"助力已过期"}
Apr 23 09:10:41 账号 1 jd_60103fd1c8cd9 开始给 37a98200-c967-49ec-9712-d609109966c7进行助力
Apr 23 09:10:41 助力结果{"code":5004,"data":{},"msg":"助力已过期"}
Apr 23 09:10:41 账号 1 jd_60103fd1c8cd9 开始给 29b16b2d-8cff-44cc-b752-674fc5838461进行助力
Apr 23 09:10:41 助力结果{"code":5004,"data":{},"msg":"助力已过期"}
Apr 23 09:10:41 账号 1 jd_60103fd1c8cd9 开始给 c598592e-35ce-44c5-966f-310e666caa12进行助力
Apr 23 09:10:41 助力结果{"code":5004,"data":{},"msg":"助力已过期"}
Apr 23 09:10:41 账号 1 jd_60103fd1c8cd9 开始给 5b209ac6-20c8-43e7-ba42-9821bc8beeca进行助力
Apr 23 09:10:41 助力结果{"code":5004,"data":{},"msg":"助力已过期"}
Apr 23 09:10:41 账号 1 jd_60103fd1c8cd9 开始给 09cf5b3f-f72c-4034-b751-b4029a70ecdb进行助力
Apr 23 09:10:41 助力结果{"code":5004,"data":{},"msg":"助力已过期"}
Apr 23 09:10:41 账号 1 jd_60103fd1c8cd9 开始给 b070ecbd-ad12-45b3-87f9-f8d5ea57f695进行助力
Apr 23 09:10:44 助力结果{"code":5004,"data":{},"msg":"助力已过期"}
Apr 23 09:10:44 账号 1 jd_60103fd1c8cd9 开始给 c1dd832c-6918-4549-a0e0-6b81b6d58618进行助力
Apr 23 09:10:44 助力结果{"code":5004,"data":{},"msg":"助力已过期"}
Apr 23 09:10:44 账号 1 jd_60103fd1c8cd9 开始给 d68f587a-690b-4900-b887-daca246371ce进行助力
Apr 23 09:10:44 助力结果{"code":5004,"data":{},"msg":"助力已过期"}
Apr 23 09:10:44 账号 1 jd_60103fd1c8cd9 开始给 75da7f43-85f6-441e-943e-3c9b9df0f3c3进行助力
Apr 23 09:10:45 助力结果{"code":5004,"data":{},"msg":"助力已过期"}
Apr 23 09:10:45 账号 1 jd_60103fd1c8cd9 开始给 0a795830-8f32-4854-a903-1a4e56234326进行助力
Apr 23 09:10:45 助力结果{"code":5004,"data":{},"msg":"助力已过期"}
Apr 23 09:10:45 账号 1 jd_60103fd1c8cd9 开始给 ccfd44ed-2e5b-457e-a193-31ff2cf529e4进行助力
Apr 23 09:10:45 助力结果{"code":5004,"data":{},"msg":"助力已过期"}
Apr 23 09:10:45 账号 1 jd_60103fd1c8cd9 开始给 6e33abc3-c9d7-47a8-9096-dfbdfb50857c进行助力
Apr 23 09:10:45 助力结果{"code":5004,"data":{},"msg":"助力已过期"}
Apr 23 09:10:45 账号 1 jd_60103fd1c8cd9 开始给 41c30327-9b78-4772-8d8f-38e31746a0bc进行助力
Apr 23 09:10:45 助力结果{"code":5004,"data":{},"msg":"助力已过期"}
Apr 23 09:10:45 账号 1 jd_60103fd1c8cd9 开始给 09f63010-ec12-4195-b2d3-b5c3618e83ea进行助力
Apr 23 09:10:45 助力结果{"code":5004,"data":{},"msg":"助力已过期"}
Apr 23 09:10:45 账号 1 jd_60103fd1c8cd9 开始给 41c8c85e-0257-452f-9f25-d5831c3fb076进行助力
Apr 23 09:10:45 助力结果{"code":5004,"data":{},"msg":"助力已过期"}
Apr 23 09:10:45 账号 1 jd_60103fd1c8cd9 开始给 0edfed43-bb58-4c3a-9c32-b872a9755741进行助力
Apr 23 09:10:45 助力结果{"code":5004,"data":{},"msg":"助力已过期"}
Apr 23 09:10:45 账号 1 jd_60103fd1c8cd9 开始给 3eeb7bb9-81de-4ccf-a1cf-3bf72be7930d进行助力
Apr 23 09:10:45 助力结果{"code":5004,"data":{},"msg":"助力已过期"}
Apr 23 09:10:45 账号 1 jd_60103fd1c8cd9 开始给 d333bf89-a9b7-4f53-a77e-4ad3db693099进行助力
Apr 23 09:10:45 助力结果{"code":5004,"data":{},"msg":"助力已过期"}
Apr 23 09:10:45 账号 1 jd_60103fd1c8cd9 开始给 cfb3af1f-e518-444f-be8a-b4226b4836ba进行助力
Apr 23 09:10:45 助力结果{"code":5004,"data":{},"msg":"助力已过期"}
Apr 23 09:10:45 账号 1 jd_60103fd1c8cd9 开始给 9392c31d-6d81-4258-a892-ea008158f6be进行助力
Apr 23 09:10:45 助力结果{"code":5004,"data":{},"msg":"助力已过期"}
Apr 23 09:10:45 账号 1 jd_60103fd1c8cd9 开始给 86d5bf53-570a-4b8b-857d-937f1fa390e1进行助力
Apr 23 09:10:45 助力结果{"code":5004,"data":{},"msg":"助力已过期"}
Apr 23 09:10:45 账号 1 jd_60103fd1c8cd9 开始给 257b8668-f7c4-4a30-ae8e-2441368356cb进行助力
Apr 23 09:10:45 助力结果{"code":5004,"data":{},"msg":"助力已过期"}
Apr 23 09:10:45 账号 1 jd_60103fd1c8cd9 开始给 9612b590-57f3-441f-aa17-3a71d79cd705进行助力
Apr 23 09:10:45 助力结果{"code":5004,"data":{},"msg":"助力已过期"}
Apr 23 09:10:45 账号 1 jd_60103fd1c8cd9 开始给 18a0aae1-717d-47e6-96a8-b458d4d31bd4进行助力
Apr 23 09:10:45 助力结果{"code":5004,"data":{},"msg":"助力已过期"}
Apr 23 09:10:45 账号 1 jd_60103fd1c8cd9 开始给 0da4dab5-2616-4147-9fc0-912b6d0d6c8e进行助力
Apr 23 09:10:45 助力结果{"code":5004,"data":{},"msg":"助力已过期"}
Apr 23 09:10:45 账号 1 jd_60103fd1c8cd9 开始给 f4918e00-9db0-4b13-a11f-6ab443450825进行助力
Apr 23 09:10:46 助力结果{"code":5004,"data":{},"msg":"助力已过期"}
Apr 23 09:10:46 账号 1 jd_60103fd1c8cd9 开始给 8fb53db0-4a0b-40bf-b3d8-860a76bb9cbf进行助力
Apr 23 09:10:46 助力结果{"code":5004,"data":{},"msg":"助力已过期"}
Apr 23 09:10:46 账号 1 jd_60103fd1c8cd9 开始给 d30b1bfe-9504-4812-a0af-37b35ac055a2进行助力
Apr 23 09:10:46 助力结果{"code":2003,"data":{},"msg":"助力已满"}
Apr 23 09:10:46 
Apr 23 09:10:46 
Apr 23 09:10:46 如果有剩余助力机会则随机互助
Apr 23 09:10:46 
Apr 23 09:10:46 🔔5G超级盲盒, 结束! 🕛 42.038 秒
Apr 23 09:10:46 
Apr 23 09:11:38 catch 邀请码提交异常:Timeout awaiting 'request' for 30000ms
Apr 23 13:10:03 
Apr 23 13:10:03 🔔5G超级盲盒, 开始!
Apr 23 13:10:03 
Apr 23 13:10:03 ====================共1个京东账号Cookie=========
Apr 23 13:10:03 
Apr 23 13:10:03 ==================脚本执行- 北京时间(UTC+8)：4/23/2021, 1:10:03 PM=====================
Apr 23 13:10:03 
Apr 23 13:10:05 
Apr 23 13:10:05 ******开始【京东账号1】jd_60103fd1c8cd9*********
Apr 23 13:10:05 
Apr 23 13:10:05 
Apr 23 13:10:05 【京东账号1（jd_60103fd1c8cd9）的5G超级盲盒好友互助码】d30b1bfe-9504-4812-a0af-37b35ac055a2
Apr 23 13:10:05 
Apr 23 13:10:05 此邀请码一天一变化，旧的不可用
Apr 23 13:10:05 成功领取1439热力值
Apr 23 13:10:05 精选店铺-任务已完成
Apr 23 13:10:05 精选店铺-任务已完成
Apr 23 13:10:05 精选店铺-任务已完成
Apr 23 13:10:05 精选店铺-任务已完成
Apr 23 13:10:05 精选好物任务已完成
Apr 23 13:10:05 精选好物任务已完成
Apr 23 13:10:05 精选好物任务已完成
Apr 23 13:10:05 精选好物任务已完成
Apr 23 13:10:05 精选好物任务已完成
Apr 23 13:10:05 精选好物任务已完成
Apr 23 13:10:05 精选好物任务已完成
Apr 23 13:10:05 精选好物任务已完成
Apr 23 13:10:05 
Apr 23 13:10:05 
Apr 23 13:10:05 ----taskList的任务全部做完了---
Apr 23 13:10:05 
Apr 23 13:10:05 
Apr 23 13:10:05 分享好友助力 1/10
Apr 23 13:10:05 
Apr 23 13:10:05 
Apr 23 13:10:07 ====抽奖结果====,{"id":"jd_60103fd1c8cd9_ts_1619154607468","prizeId":"9999","pin":"jd_60103fd1c8cd9","neckName":null,"type":"99","name":"未中奖","img":"","beanNum":"","couponFullPrice":"","couponReducePrice":"","couponBeginTime":"","couponEndTime":"","status":"0","winTime":1619154607476,"winDateTime":"2021.04.23 13:10:07","xncode":null,"timeLine":null,"prizetimes":0,"showTimes":false,"skipLink":null,"scoreNum":null}
Apr 23 13:10:07 未中奖
Apr 23 13:10:07 
Apr 23 13:10:40 catch 读取邀请码异常:Timeout awaiting 'request' for 10000ms
Apr 23 13:10:40 
Apr 23 13:10:40 
Apr 23 13:10:40 自己账号内部互助
Apr 23 13:10:40 账号 1 jd_60103fd1c8cd9 开始给 9879323f-987a-484f-83b5-d391658e00d3进行助力
Apr 23 13:10:40 助力结果{"code":2003,"data":{},"msg":"助力已满"}
Apr 23 13:10:40 账号 1 jd_60103fd1c8cd9 开始给 ac4c3cde-7b16-4985-b0cb-b26b686ad387进行助力
Apr 23 13:10:41 助力结果{"code":2003,"data":{},"msg":"助力已满"}
Apr 23 13:10:41 账号 1 jd_60103fd1c8cd9 开始给 969707d6-7310-448b-adb9-c50d7009f422进行助力
Apr 23 13:10:41 助力结果{"code":2003,"data":{},"msg":"助力已满"}
Apr 23 13:10:41 账号 1 jd_60103fd1c8cd9 开始给 f00a6f03-f034-4ebf-bbd5-e2b481d43546进行助力
Apr 23 13:10:41 助力结果{"code":2003,"data":{},"msg":"助力已满"}
Apr 23 13:10:41 账号 1 jd_60103fd1c8cd9 开始给 a6f78c2c-041c-4c43-b30a-b6ef3ee8100d进行助力
Apr 23 13:10:41 助力结果{"code":2003,"data":{},"msg":"助力已满"}
Apr 23 13:10:41 账号 1 jd_60103fd1c8cd9 开始给 7528370d-a8b0-48bb-82fd-a61c2a59afc5进行助力
Apr 23 13:10:41 助力结果{"code":2003,"data":{},"msg":"助力已满"}
Apr 23 13:10:41 账号 1 jd_60103fd1c8cd9 开始给 39cb1dfa-9886-4600-ba62-6edc987de02e进行助力
Apr 23 13:10:41 助力结果{"code":2003,"data":{},"msg":"助力已满"}
Apr 23 13:10:41 账号 1 jd_60103fd1c8cd9 开始给 d4f0dfea-368d-41d0-b033-7a55fe0c1c9d进行助力
Apr 23 13:10:41 助力结果{"code":2003,"data":{},"msg":"助力已满"}
Apr 23 13:10:41 账号 1 jd_60103fd1c8cd9 开始给 b6361374-16e3-4978-8789-4f7db3683066进行助力
Apr 23 13:10:41 助力结果{"code":2003,"data":{},"msg":"助力已满"}
Apr 23 13:10:41 账号 1 jd_60103fd1c8cd9 开始给 c6de7e32-9d35-436e-a37d-1a2afb53a1ae进行助力
Apr 23 13:10:41 助力结果{"code":2003,"data":{},"msg":"助力已满"}
Apr 23 13:10:41 账号 1 jd_60103fd1c8cd9 开始给 070b5a04-e113-4758-ac54-1c1d2a3ea760进行助力
Apr 23 13:10:41 助力结果{"code":2003,"data":{},"msg":"助力已满"}
Apr 23 13:10:41 账号 1 jd_60103fd1c8cd9 开始给 31d9286a-4ed5-43cb-bafd-762e30a35718进行助力
Apr 23 13:10:41 助力结果{"code":2003,"data":{},"msg":"助力已满"}
Apr 23 13:10:41 账号 1 jd_60103fd1c8cd9 开始给 9f8caa5a-27fb-4411-91fa-eb2204a17000进行助力
Apr 23 13:10:42 助力结果{"code":2003,"data":{},"msg":"助力已满"}
Apr 23 13:10:42 账号 1 jd_60103fd1c8cd9 开始给 5b476e47-7b94-4bc2-affd-d59dde95dfa1进行助力
Apr 23 13:10:42 助力结果{"code":2003,"data":{},"msg":"助力已满"}
Apr 23 13:10:42 账号 1 jd_60103fd1c8cd9 开始给 c4cbc3f2-75c9-498d-bd6c-eb11bb3471c2进行助力
Apr 23 13:10:42 助力结果{"code":2003,"data":{},"msg":"助力已满"}
Apr 23 13:10:42 账号 1 jd_60103fd1c8cd9 开始给 f4082d5e-6492-48d8-9613-b17c9affc8b5进行助力
Apr 23 13:10:42 助力结果{"code":2003,"data":{},"msg":"助力已满"}
Apr 23 13:10:42 账号 1 jd_60103fd1c8cd9 开始给 7bc0d652-5f0e-4103-84f0-a96e6e0f4167进行助力
Apr 23 13:10:42 助力结果{"code":2003,"data":{},"msg":"助力已满"}
Apr 23 13:10:42 账号 1 jd_60103fd1c8cd9 开始给 3e1f98e1-8221-4df6-be75-7ce9b56a72b9进行助力
Apr 23 13:10:42 助力结果{"code":2003,"data":{},"msg":"助力已满"}
Apr 23 13:10:42 账号 1 jd_60103fd1c8cd9 开始给 b2e77b1e-0d9d-42b1-8f3e-38c18bce94ac进行助力
Apr 23 13:10:42 助力结果{"code":2003,"data":{},"msg":"助力已满"}
Apr 23 13:10:42 账号 1 jd_60103fd1c8cd9 开始给 2ee6773a-3acf-4e92-8737-fb9a607e50ca进行助力
Apr 23 13:10:42 助力结果{"code":2003,"data":{},"msg":"助力已满"}
Apr 23 13:10:42 账号 1 jd_60103fd1c8cd9 开始给 111f6362-b2ab-4c1a-b653-d61baef0a045进行助力
Apr 23 13:10:42 助力结果{"code":2003,"data":{},"msg":"助力已满"}
Apr 23 13:10:42 账号 1 jd_60103fd1c8cd9 开始给 6068511b-a996-4d87-b6d1-4ee939286d7c进行助力
Apr 23 13:10:42 助力结果{"code":2003,"data":{},"msg":"助力已满"}
Apr 23 13:10:42 账号 1 jd_60103fd1c8cd9 开始给 023fff0a-9f1f-430e-8312-545fd7270955进行助力
Apr 23 13:10:42 助力结果{"code":2003,"data":{},"msg":"助力已满"}
Apr 23 13:10:42 账号 1 jd_60103fd1c8cd9 开始给 6abac324-ce9c-4ce3-b46d-5337e9f9e3ac进行助力
Apr 23 13:10:43 助力结果{"code":2003,"data":{},"msg":"助力已满"}
Apr 23 13:10:43 账号 1 jd_60103fd1c8cd9 开始给 4495be6e-60ec-4d49-94a3-4fe70c6d5769进行助力
Apr 23 13:10:43 助力结果{"code":2003,"data":{},"msg":"助力已满"}
Apr 23 13:10:43 账号 1 jd_60103fd1c8cd9 开始给 64708a51-ba88-4a25-bd8e-ffcdacacfc19进行助力
Apr 23 13:10:43 助力结果{"code":2003,"data":{},"msg":"助力已满"}
Apr 23 13:10:43 账号 1 jd_60103fd1c8cd9 开始给 f1505254-90f5-4538-a032-39d3b9fe27cf进行助力
Apr 23 13:10:43 助力结果{"code":2003,"data":{},"msg":"助力已满"}
Apr 23 13:10:43 账号 1 jd_60103fd1c8cd9 开始给 4311e797-cd19-44c8-872e-bda9bf995d96进行助力
Apr 23 13:10:43 助力结果{"code":2003,"data":{},"msg":"助力已满"}
Apr 23 13:10:43 账号 1 jd_60103fd1c8cd9 开始给 d30b1bfe-9504-4812-a0af-37b35ac055a2进行助力
Apr 23 13:10:43 助力结果{"code":2003,"data":{},"msg":"助力已满"}
Apr 23 13:10:43 
Apr 23 13:10:43 
Apr 23 13:10:43 如果有剩余助力机会则随机互助
Apr 23 13:10:43 
Apr 23 13:10:43 🔔5G超级盲盒, 结束! 🕛 39.777 秒
Apr 23 13:10:43 
Apr 23 13:11:38 catch 邀请码提交异常:Timeout awaiting 'request' for 30000ms
Apr 23 17:10:12 
Apr 23 17:10:12 🔔5G超级盲盒, 开始!
Apr 23 17:10:12 
Apr 23 17:10:12 ====================共1个京东账号Cookie=========
Apr 23 17:10:12 
Apr 23 17:10:12 ==================脚本执行- 北京时间(UTC+8)：4/23/2021, 5:10:12 PM=====================
Apr 23 17:10:12 
Apr 23 17:10:13 
Apr 23 17:10:13 ******开始【京东账号1】jd_60103fd1c8cd9*********
Apr 23 17:10:13 
Apr 23 17:10:13 
Apr 23 17:10:13 【京东账号1（jd_60103fd1c8cd9）的5G超级盲盒好友互助码】d30b1bfe-9504-4812-a0af-37b35ac055a2
Apr 23 17:10:13 
Apr 23 17:10:13 此邀请码一天一变化，旧的不可用
Apr 23 17:10:13 成功领取1440热力值
Apr 23 17:10:13 精选好物任务已完成
Apr 23 17:10:13 精选好物任务已完成
Apr 23 17:10:13 精选好物任务已完成
Apr 23 17:10:13 精选好物任务已完成
Apr 23 17:10:13 精选好物任务已完成
Apr 23 17:10:13 精选好物任务已完成
Apr 23 17:10:13 精选好物任务已完成
Apr 23 17:10:13 精选好物任务已完成
Apr 23 17:10:13 精选店铺-任务已完成
Apr 23 17:10:13 精选店铺-任务已完成
Apr 23 17:10:13 精选店铺-任务已完成
Apr 23 17:10:13 精选店铺-任务已完成
Apr 23 17:10:13 
Apr 23 17:10:13 
Apr 23 17:10:13 ----taskList的任务全部做完了---
Apr 23 17:10:13 
Apr 23 17:10:13 
Apr 23 17:10:13 分享好友助力 1/10
Apr 23 17:10:13 
Apr 23 17:10:13 
Apr 23 17:10:16 ====抽奖结果====,{"id":"jd_60103fd1c8cd9_ts_1619169016067","prizeId":"9999","pin":"jd_60103fd1c8cd9","neckName":null,"type":"99","name":"未中奖","img":"","beanNum":"","couponFullPrice":"","couponReducePrice":"","couponBeginTime":"","couponEndTime":"","status":"0","winTime":1619169016075,"winDateTime":"2021.04.23 17:10:16","xncode":null,"timeLine":null,"prizetimes":0,"showTimes":false,"skipLink":null,"scoreNum":null}
Apr 23 17:10:16 未中奖
Apr 23 17:10:16 
Apr 23 17:10:49 catch 读取邀请码异常:Timeout awaiting 'request' for 10000ms
Apr 23 17:10:49 
Apr 23 17:10:49 
Apr 23 17:10:49 自己账号内部互助
Apr 23 17:10:49 账号 1 jd_60103fd1c8cd9 开始给 9879323f-987a-484f-83b5-d391658e00d3进行助力
Apr 23 17:10:49 助力结果{"code":2003,"data":{},"msg":"助力已满"}
Apr 23 17:10:49 账号 1 jd_60103fd1c8cd9 开始给 ac4c3cde-7b16-4985-b0cb-b26b686ad387进行助力
Apr 23 17:10:49 助力结果{"code":2003,"data":{},"msg":"助力已满"}
Apr 23 17:10:49 账号 1 jd_60103fd1c8cd9 开始给 969707d6-7310-448b-adb9-c50d7009f422进行助力
Apr 23 17:10:49 助力结果{"code":2003,"data":{},"msg":"助力已满"}
Apr 23 17:10:49 账号 1 jd_60103fd1c8cd9 开始给 f00a6f03-f034-4ebf-bbd5-e2b481d43546进行助力
Apr 23 17:10:49 助力结果{"code":2003,"data":{},"msg":"助力已满"}
Apr 23 17:10:49 账号 1 jd_60103fd1c8cd9 开始给 a6f78c2c-041c-4c43-b30a-b6ef3ee8100d进行助力
Apr 23 17:10:49 助力结果{"code":2003,"data":{},"msg":"助力已满"}
Apr 23 17:10:49 账号 1 jd_60103fd1c8cd9 开始给 7528370d-a8b0-48bb-82fd-a61c2a59afc5进行助力
Apr 23 17:10:49 助力结果{"code":2003,"data":{},"msg":"助力已满"}
Apr 23 17:10:49 账号 1 jd_60103fd1c8cd9 开始给 39cb1dfa-9886-4600-ba62-6edc987de02e进行助力
Apr 23 17:10:49 助力结果{"code":2003,"data":{},"msg":"助力已满"}
Apr 23 17:10:49 账号 1 jd_60103fd1c8cd9 开始给 d4f0dfea-368d-41d0-b033-7a55fe0c1c9d进行助力
Apr 23 17:10:49 助力结果{"code":2003,"data":{},"msg":"助力已满"}
Apr 23 17:10:49 账号 1 jd_60103fd1c8cd9 开始给 b6361374-16e3-4978-8789-4f7db3683066进行助力
Apr 23 17:10:49 助力结果{"code":2003,"data":{},"msg":"助力已满"}
Apr 23 17:10:49 账号 1 jd_60103fd1c8cd9 开始给 c6de7e32-9d35-436e-a37d-1a2afb53a1ae进行助力
Apr 23 17:10:49 助力结果{"code":2003,"data":{},"msg":"助力已满"}
Apr 23 17:10:49 账号 1 jd_60103fd1c8cd9 开始给 070b5a04-e113-4758-ac54-1c1d2a3ea760进行助力
Apr 23 17:10:49 助力结果{"code":2003,"data":{},"msg":"助力已满"}
Apr 23 17:10:49 账号 1 jd_60103fd1c8cd9 开始给 31d9286a-4ed5-43cb-bafd-762e30a35718进行助力
Apr 23 17:10:49 助力结果{"code":2003,"data":{},"msg":"助力已满"}
Apr 23 17:10:49 账号 1 jd_60103fd1c8cd9 开始给 9f8caa5a-27fb-4411-91fa-eb2204a17000进行助力
Apr 23 17:10:49 助力结果{"code":2003,"data":{},"msg":"助力已满"}
Apr 23 17:10:49 账号 1 jd_60103fd1c8cd9 开始给 5b476e47-7b94-4bc2-affd-d59dde95dfa1进行助力
Apr 23 17:10:49 助力结果{"code":2003,"data":{},"msg":"助力已满"}
Apr 23 17:10:49 账号 1 jd_60103fd1c8cd9 开始给 c4cbc3f2-75c9-498d-bd6c-eb11bb3471c2进行助力
Apr 23 17:10:49 助力结果{"code":2003,"data":{},"msg":"助力已满"}
Apr 23 17:10:49 账号 1 jd_60103fd1c8cd9 开始给 f4082d5e-6492-48d8-9613-b17c9affc8b5进行助力
Apr 23 17:10:50 助力结果{"code":2003,"data":{},"msg":"助力已满"}
Apr 23 17:10:50 账号 1 jd_60103fd1c8cd9 开始给 7bc0d652-5f0e-4103-84f0-a96e6e0f4167进行助力
Apr 23 17:10:50 助力结果{"code":2003,"data":{},"msg":"助力已满"}
Apr 23 17:10:50 账号 1 jd_60103fd1c8cd9 开始给 3e1f98e1-8221-4df6-be75-7ce9b56a72b9进行助力
Apr 23 17:10:50 助力结果{"code":2003,"data":{},"msg":"助力已满"}
Apr 23 17:10:50 账号 1 jd_60103fd1c8cd9 开始给 b2e77b1e-0d9d-42b1-8f3e-38c18bce94ac进行助力
Apr 23 17:10:50 助力结果{"code":2003,"data":{},"msg":"助力已满"}
Apr 23 17:10:50 账号 1 jd_60103fd1c8cd9 开始给 2ee6773a-3acf-4e92-8737-fb9a607e50ca进行助力
Apr 23 17:10:50 助力结果{"code":2003,"data":{},"msg":"助力已满"}
Apr 23 17:10:50 账号 1 jd_60103fd1c8cd9 开始给 111f6362-b2ab-4c1a-b653-d61baef0a045进行助力
Apr 23 17:10:50 助力结果{"code":2003,"data":{},"msg":"助力已满"}
Apr 23 17:10:50 账号 1 jd_60103fd1c8cd9 开始给 6068511b-a996-4d87-b6d1-4ee939286d7c进行助力
Apr 23 17:10:50 助力结果{"code":2003,"data":{},"msg":"助力已满"}
Apr 23 17:10:50 账号 1 jd_60103fd1c8cd9 开始给 023fff0a-9f1f-430e-8312-545fd7270955进行助力
Apr 23 17:10:50 助力结果{"code":2003,"data":{},"msg":"助力已满"}
Apr 23 17:10:50 账号 1 jd_60103fd1c8cd9 开始给 6abac324-ce9c-4ce3-b46d-5337e9f9e3ac进行助力
Apr 23 17:10:50 助力结果{"code":2003,"data":{},"msg":"助力已满"}
Apr 23 17:10:50 账号 1 jd_60103fd1c8cd9 开始给 4495be6e-60ec-4d49-94a3-4fe70c6d5769进行助力
Apr 23 17:10:50 助力结果{"code":2003,"data":{},"msg":"助力已满"}
Apr 23 17:10:50 账号 1 jd_60103fd1c8cd9 开始给 64708a51-ba88-4a25-bd8e-ffcdacacfc19进行助力
Apr 23 17:10:50 助力结果{"code":2003,"data":{},"msg":"助力已满"}
Apr 23 17:10:50 账号 1 jd_60103fd1c8cd9 开始给 f1505254-90f5-4538-a032-39d3b9fe27cf进行助力
Apr 23 17:10:50 助力结果{"code":2003,"data":{},"msg":"助力已满"}
Apr 23 17:10:50 账号 1 jd_60103fd1c8cd9 开始给 4311e797-cd19-44c8-872e-bda9bf995d96进行助力
Apr 23 17:10:50 助力结果{"code":2003,"data":{},"msg":"助力已满"}
Apr 23 17:10:50 账号 1 jd_60103fd1c8cd9 开始给 d30b1bfe-9504-4812-a0af-37b35ac055a2进行助力
Apr 23 17:10:50 助力结果{"code":2003,"data":{},"msg":"助力已满"}
Apr 23 17:10:50 
Apr 23 17:10:50 
Apr 23 17:10:50 如果有剩余助力机会则随机互助
Apr 23 17:10:50 
Apr 23 17:10:50 🔔5G超级盲盒, 结束! 🕛 38.995 秒
Apr 23 17:10:50 
Apr 23 17:11:46 catch 邀请码提交异常:Timeout awaiting 'request' for 30000ms
