Mar 22 06:10:29 
Mar 22 06:10:29 🔔京东秒秒币, 开始!
Mar 22 06:10:29 
Mar 22 06:10:29 ====================共1个京东账号Cookie=========
Mar 22 06:10:29 
Mar 22 06:10:29 ==================脚本执行- 北京时间(UTC+8)：3/22/2021, 6:10:29 AM=====================
Mar 22 06:10:29 
Mar 22 06:10:30 
Mar 22 06:10:30 ******开始【京东账号1】burst3166*********
Mar 22 06:10:30 
Mar 22 06:10:31 活动名称：秒杀红包二期正式
Mar 22 06:10:31 当前秒秒币5920
Mar 22 06:10:31 去做浏览秒杀优选店铺任务：1/2
Mar 22 06:10:31 任务领取成功
Mar 22 06:10:47 任务完成
Mar 22 06:10:47 去做浏览秒杀优选店铺任务：2/2
Mar 22 06:10:47 任务领取成功
Mar 22 06:11:02 任务完成
Mar 22 06:11:02 去做浏览秒杀超值好物任务：1/2
Mar 22 06:11:02 任务完成
Mar 22 06:11:03 任务已完成
Mar 22 06:11:03 去做浏览秒杀超值好物任务：2/2
Mar 22 06:11:03 任务完成
Mar 22 06:11:04 任务已完成
Mar 22 06:11:04 去做关注秒杀优选店铺任务：1/3
Mar 22 06:11:04 任务完成
Mar 22 06:11:05 去做关注秒杀优选店铺任务：2/3
Mar 22 06:11:05 任务完成
Mar 22 06:11:06 去做关注秒杀优选店铺任务：3/3
Mar 22 06:11:06 任务完成
Mar 22 06:11:07 去做浏览今日必拼活动任务：1/1
Mar 22 06:11:07 任务领取成功
Mar 22 06:11:22 任务完成
Mar 22 06:11:22 去做京品好物会场任务：1/1
Mar 22 06:11:22 任务领取成功
Mar 22 06:11:38 任务完成
Mar 22 06:11:38 去做分享秒杀领红包活动任务：1/6
Mar 22 06:11:38 success
Mar 22 06:11:39 去做分享秒杀领红包活动任务：2/6
Mar 22 06:11:39 success
Mar 22 06:11:40 去做分享秒杀领红包活动任务：3/6
Mar 22 06:11:40 success
Mar 22 06:11:41 去做分享秒杀领红包活动任务：4/6
Mar 22 06:11:41 success
Mar 22 06:11:42 去做分享秒杀领红包活动任务：5/6
Mar 22 06:11:42 success
Mar 22 06:11:43 去做分享秒杀领红包活动任务：6/6
Mar 22 06:11:43 success
Mar 22 06:11:45 
Mar 22 06:11:45 ==============📣系统通知📣==============
Mar 22 06:11:45 京东秒秒币
Mar 22 06:11:45 京东账号1burst3166
Mar 22 06:11:45 本次运行获得秒秒币160枚，共6080枚
Mar 22 06:11:45 
Mar 22 06:11:45 🔔京东秒秒币, 结束! 🕛 75.203 秒
Mar 22 06:11:45 
