Apr 22 00:40:12 
Apr 22 00:40:12 🔔点点券, 开始!
Apr 22 00:40:13 
Apr 22 00:40:13 ====================共1个京东账号Cookie=========
Apr 22 00:40:13 
Apr 22 00:40:13 ==================脚本执行- 北京时间(UTC+8)：4/22/2021, 12:40:13 AM=====================
Apr 22 00:40:13 
Apr 22 00:40:13 
Apr 22 00:40:13 开始【京东账号1】jd_60103fd1c8cd9
Apr 22 00:40:13 
Apr 22 00:40:14 【点击券后9.9】 任务未领取,开始领取此任务
Apr 22 00:40:14 领取任务结果：{"data":{"biz_code":0,"biz_msg":"OK","result":{"popoverShowTimes":5}},"rtn_code":0,"rtn_msg":"请求成功！"}
Apr 22 00:40:14 【点击券后9.9】 任务领取成功,开始完成此任务
Apr 22 00:40:45 点击“券后9.9”任务:{"code":"0","success":true,"busiCode":"0","message":"成功","result":{"msg":null,"toast":null,"taskRet":{"taskId":"necklace_143","taskType":"2","taskStatus":"1","detail":{"taskType":"2","systemName":"necklace","browseStartTime":"1619023215273","receivePrizePage":"https://h5.m.jd.com/babelDiy/Zeus/41Lkp7DumXYCFmPYtU3LTcnTTXTX/index.html?babelChannel=ttt1","requireBrowseSeconds":"30","sceneId":"necklace_143","iconUrl":"https://m.360buyimg.com/babel/jfs/t1/135586/26/18097/16541/5fc6137eE21504b40/ae7ce58c76e9f14c.png","taskStatus":"1"}},"subCode":"0"}}
Apr 22 00:40:45 【浏览精选活动】 任务未领取,开始领取此任务
Apr 22 00:40:45 领取任务结果：{"data":{"biz_code":0,"biz_msg":"OK"},"rtn_code":0,"rtn_msg":"请求成功！"}
Apr 22 00:40:45 【浏览精选活动】 任务领取成功,开始完成此任务
Apr 22 00:40:46 浏览精选活动 【种豆得豆】
Apr 22 00:40:46 做任务结果：{"data":{"biz_code":0,"biz_msg":"OK"},"rtn_code":0,"rtn_msg":"请求成功！"}
Apr 22 00:40:46 浏览精选活动 【京东到家】
Apr 22 00:40:47 做任务结果：{"data":{"biz_code":0,"biz_msg":"OK"},"rtn_code":0,"rtn_msg":"请求成功！"}
Apr 22 00:40:47 浏览精选活动 【签到领京豆】
Apr 22 00:40:47 做任务结果：{"data":{"biz_code":0,"biz_msg":"OK"},"rtn_code":0,"rtn_msg":"请求成功！"}
Apr 22 00:40:47 浏览精选活动 【东东农场】
Apr 22 00:40:47 做任务结果：{"data":{"biz_code":0,"biz_msg":"OK"},"rtn_code":0,"rtn_msg":"请求成功！"}
Apr 22 00:40:47 【玩锦鲤红包】 任务未领取,开始领取此任务
Apr 22 00:40:47 领取任务结果：{"data":{"biz_code":0,"biz_msg":"OK"},"rtn_code":0,"rtn_msg":"请求成功！"}
Apr 22 00:40:47 【玩锦鲤红包】 任务领取成功,开始完成此任务
Apr 22 00:40:48 做任务结果：{"data":{"biz_code":0,"biz_msg":"OK"},"rtn_code":0,"rtn_msg":"请求成功！"}
Apr 22 00:40:48 【玩拼券活动】 任务未领取,开始领取此任务
Apr 22 00:40:48 领取任务结果：{"data":{"biz_code":0,"biz_msg":"OK"},"rtn_code":0,"rtn_msg":"请求成功！"}
Apr 22 00:40:48 【玩拼券活动】 任务领取成功,开始完成此任务
Apr 22 00:40:49 做任务结果：{"data":{"biz_code":0,"biz_msg":"OK"},"rtn_code":0,"rtn_msg":"请求成功！"}
Apr 22 00:40:49 【逛券后9.9】 任务未领取,开始领取此任务
Apr 22 00:40:49 领取任务结果：{"data":{"biz_code":0,"biz_msg":"OK"},"rtn_code":0,"rtn_msg":"请求成功！"}
Apr 22 00:40:49 【逛券后9.9】 任务领取成功,开始完成此任务
Apr 22 00:40:50 做任务结果：{"data":{"biz_code":0,"biz_msg":"OK"},"rtn_code":0,"rtn_msg":"请求成功！"}
Apr 22 00:40:50 【去买省钱券包】 任务未领取,开始领取此任务
Apr 22 00:40:50 领取任务结果：{"data":{"biz_code":0,"biz_msg":"OK"},"rtn_code":0,"rtn_msg":"请求成功！"}
Apr 22 00:40:50 【去买省钱券包】 任务领取成功,开始完成此任务
Apr 22 00:40:51 做任务结果：{"data":{"biz_code":0,"biz_msg":"OK"},"rtn_code":0,"rtn_msg":"请求成功！"}
Apr 22 00:40:51 开始领取点点券
Apr 22 00:40:51 
Apr 22 00:40:51 开始领取点点券
Apr 22 00:40:51 
Apr 22 00:40:51 开始领取点点券
Apr 22 00:40:51 
Apr 22 00:40:51 开始领取点点券
Apr 22 00:40:51 
Apr 22 00:40:51 开始领取点点券
Apr 22 00:40:51 
Apr 22 00:40:51 开始领取点点券
Apr 22 00:40:51 
Apr 22 00:40:52 签到成功，时间：4/22/2021, 12:40:52 AM
Apr 22 00:40:52 
Apr 22 00:40:52 🔔点点券, 结束! 🕛 39.195 秒
Apr 22 00:40:52 
Apr 22 20:40:02 
Apr 22 20:40:02 🔔点点券, 开始!
Apr 22 20:40:02 
Apr 22 20:40:02 ====================共1个京东账号Cookie=========
Apr 22 20:40:02 
Apr 22 20:40:02 ==================脚本执行- 北京时间(UTC+8)：4/22/2021, 8:40:02 PM=====================
Apr 22 20:40:02 
Apr 22 20:40:03 
Apr 22 20:40:03 开始【京东账号1】jd_60103fd1c8cd9
Apr 22 20:40:03 
Apr 22 20:40:03 点击券后9.9奖励已领取
Apr 22 20:40:03 浏览精选活动奖励已领取
Apr 22 20:40:03 玩锦鲤红包奖励已领取
Apr 22 20:40:03 玩拼券活动奖励已领取
Apr 22 20:40:03 逛券后9.9奖励已领取
Apr 22 20:40:03 去买省钱券包奖励已领取
Apr 22 20:40:03 签到成功，时间：4/22/2021, 8:40:03 PM
Apr 22 20:40:04 
Apr 22 20:40:04 ==============📣系统通知📣==============
Apr 22 20:40:04 点点券
Apr 22 20:40:04 京东账号1 jd_60103fd1c8cd9
Apr 22 20:40:04 当前点点券：17525个
Apr 22 20:40:04 可兑换无门槛红包：17.525元
Apr 22 20:40:04 点击弹窗即可去兑换(注：此红包具有时效性)
Apr 22 20:40:04 
Apr 22 20:40:04 
Apr 22 20:40:04 您未提供server酱的SCKEY，取消微信推送消息通知🚫
Apr 22 20:40:04 
Apr 22 20:40:04 您未提供push+推送所需的PUSH_PLUS_TOKEN，取消push+推送消息通知🚫
Apr 22 20:40:04 
Apr 22 20:40:04 您未提供Bark的APP推送BARK_PUSH，取消Bark推送消息通知🚫
Apr 22 20:40:04 
Apr 22 20:40:04 您未提供telegram机器人推送所需的TG_BOT_TOKEN和TG_USER_ID，取消telegram推送消息通知🚫
Apr 22 20:40:04 
Apr 22 20:40:04 您未提供企业微信机器人推送所需的QYWX_KEY，取消企业微信推送消息通知🚫
Apr 22 20:40:04 
Apr 22 20:40:04 您未提供企业微信应用消息推送所需的QYWX_AM，取消企业微信应用消息推送消息通知🚫
Apr 22 20:40:04 
Apr 22 20:40:04 您未提供iGot的推送IGOT_PUSH_KEY，取消iGot推送消息通知🚫
Apr 22 20:40:04 
Apr 22 20:40:04 钉钉发送通知消息成功🎉。
Apr 22 20:40:04 
Apr 22 20:40:04 
Apr 22 20:40:04 🔔点点券, 结束! 🕛 1.753 秒
Apr 22 20:40:04 
Apr 23 00:40:28 
Apr 23 00:40:28 🔔点点券, 开始!
Apr 23 00:40:28 
Apr 23 00:40:28 ====================共1个京东账号Cookie=========
Apr 23 00:40:28 
Apr 23 00:40:28 ==================脚本执行- 北京时间(UTC+8)：4/23/2021, 12:40:28 AM=====================
Apr 23 00:40:28 
Apr 23 00:40:29 
Apr 23 00:40:29 开始【京东账号1】jd_60103fd1c8cd9
Apr 23 00:40:29 
Apr 23 00:40:29 【点击券后9.9】 任务未领取,开始领取此任务
Apr 23 00:40:29 领取任务结果：{"data":{"biz_code":0,"biz_msg":"OK","result":{"popoverShowTimes":5}},"rtn_code":0,"rtn_msg":"请求成功！"}
Apr 23 00:40:29 【点击券后9.9】 任务领取成功,开始完成此任务
Apr 23 00:41:01 点击“券后9.9”任务:{"code":"0","success":true,"busiCode":"0","message":"成功","result":{"msg":"无效活动","toast":"任务溜走了，逛逛领券中心吧～","taskRet":null,"subCode":"0"}}
Apr 23 00:41:01 【浏览精选活动】 任务未领取,开始领取此任务
Apr 23 00:41:01 领取任务结果：{"data":{"biz_code":0,"biz_msg":"OK"},"rtn_code":0,"rtn_msg":"请求成功！"}
Apr 23 00:41:01 【浏览精选活动】 任务领取成功,开始完成此任务
Apr 23 00:41:02 浏览精选活动 【种豆得豆】
Apr 23 00:41:02 做任务结果：{"data":{"biz_code":0,"biz_msg":"OK"},"rtn_code":0,"rtn_msg":"请求成功！"}
Apr 23 00:41:02 浏览精选活动 【京东到家】
Apr 23 00:41:02 做任务结果：{"data":{"biz_code":0,"biz_msg":"OK"},"rtn_code":0,"rtn_msg":"请求成功！"}
Apr 23 00:41:02 浏览精选活动 【签到领京豆】
Apr 23 00:41:02 做任务结果：{"data":{"biz_code":0,"biz_msg":"OK"},"rtn_code":0,"rtn_msg":"请求成功！"}
Apr 23 00:41:02 浏览精选活动 【东东农场】
Apr 23 00:41:02 做任务结果：{"data":{"biz_code":0,"biz_msg":"OK"},"rtn_code":0,"rtn_msg":"请求成功！"}
Apr 23 00:41:02 【玩锦鲤红包】 任务未领取,开始领取此任务
Apr 23 00:41:02 领取任务结果：{"data":{"biz_code":0,"biz_msg":"OK"},"rtn_code":0,"rtn_msg":"请求成功！"}
Apr 23 00:41:02 【玩锦鲤红包】 任务领取成功,开始完成此任务
Apr 23 00:41:03 做任务结果：{"data":{"biz_code":0,"biz_msg":"OK"},"rtn_code":0,"rtn_msg":"请求成功！"}
Apr 23 00:41:03 【玩拼券活动】 任务未领取,开始领取此任务
Apr 23 00:41:03 领取任务结果：{"data":{"biz_code":0,"biz_msg":"OK"},"rtn_code":0,"rtn_msg":"请求成功！"}
Apr 23 00:41:03 【玩拼券活动】 任务领取成功,开始完成此任务
Apr 23 00:41:04 做任务结果：{"data":{"biz_code":0,"biz_msg":"OK"},"rtn_code":0,"rtn_msg":"请求成功！"}
Apr 23 00:41:04 【逛券后9.9】 任务未领取,开始领取此任务
Apr 23 00:41:04 领取任务结果：{"data":{"biz_code":0,"biz_msg":"OK"},"rtn_code":0,"rtn_msg":"请求成功！"}
Apr 23 00:41:04 【逛券后9.9】 任务领取成功,开始完成此任务
Apr 23 00:41:05 做任务结果：{"data":{"biz_code":0,"biz_msg":"OK"},"rtn_code":0,"rtn_msg":"请求成功！"}
Apr 23 00:41:05 【去买省钱券包】 任务未领取,开始领取此任务
Apr 23 00:41:05 领取任务结果：{"data":{"biz_code":0,"biz_msg":"OK"},"rtn_code":0,"rtn_msg":"请求成功！"}
Apr 23 00:41:05 【去买省钱券包】 任务领取成功,开始完成此任务
Apr 23 00:41:06 做任务结果：{"data":{"biz_code":0,"biz_msg":"OK"},"rtn_code":0,"rtn_msg":"请求成功！"}
Apr 23 00:41:07 开始领取点点券
Apr 23 00:41:07 
Apr 23 00:41:07 开始领取点点券
Apr 23 00:41:07 
Apr 23 00:41:07 开始领取点点券
Apr 23 00:41:07 
Apr 23 00:41:07 开始领取点点券
Apr 23 00:41:07 
Apr 23 00:41:07 开始领取点点券
Apr 23 00:41:07 
Apr 23 00:41:07 签到成功，时间：4/23/2021, 12:41:07 AM
Apr 23 00:41:07 
Apr 23 00:41:07 🔔点点券, 结束! 🕛 39.323 秒
Apr 23 00:41:07 
