Apr 22 01:35:21 
Apr 22 01:35:21 🔔女装盲盒抽京豆, 开始!
Apr 22 01:35:21 
Apr 22 01:35:21 ====================共1个京东账号Cookie=========
Apr 22 01:35:21 
Apr 22 01:35:21 ==================脚本执行- 北京时间(UTC+8)：4/22/2021, 1:35:21 AM=====================
Apr 22 01:35:21 
Apr 22 01:35:22 
Apr 22 01:35:22 ******开始【京东账号1】jd_60103fd1c8cd9*********
Apr 22 01:35:22 
Apr 22 01:35:22 url:https://anmp.jd.com/babelDiy/Zeus/2x3yeXUmPbFVCAoXKQqSrdrQuoBk/index.html
Apr 22 01:35:22 当前幸运值：0
Apr 22 01:35:22 去做任务5ff567085da81a8c06981918
Apr 22 01:35:22 任务完成成功，当前幸运值10
Apr 22 01:35:23 去做任务5ff567085da81a8c06981917
Apr 22 01:35:23 任务完成成功，当前幸运值20
Apr 22 01:35:24 当前幸运值：0
Apr 22 01:35:24 
Apr 22 01:35:24 🔔女装盲盒抽京豆, 结束! 🕛 2.773 秒
Apr 22 01:35:24 
Apr 22 23:35:27 
Apr 22 23:35:27 🔔女装盲盒抽京豆, 开始!
Apr 22 23:35:27 
Apr 22 23:35:27 ====================共1个京东账号Cookie=========
Apr 22 23:35:27 
Apr 22 23:35:27 ==================脚本执行- 北京时间(UTC+8)：4/22/2021, 11:35:27 PM=====================
Apr 22 23:35:27 
Apr 22 23:35:28 
Apr 22 23:35:28 ******开始【京东账号1】jd_60103fd1c8cd9*********
Apr 22 23:35:28 
Apr 22 23:35:28 url:https://anmp.jd.com/babelDiy/Zeus/2x3yeXUmPbFVCAoXKQqSrdrQuoBk/index.html
Apr 22 23:35:28 当前幸运值：0
Apr 22 23:35:28 
Apr 22 23:35:28 🔔女装盲盒抽京豆, 结束! 🕛 1.099 秒
Apr 22 23:35:28 
Apr 23 01:35:15 
Apr 23 01:35:15 🔔女装盲盒抽京豆, 开始!
Apr 23 01:35:15 
Apr 23 01:35:15 ====================共1个京东账号Cookie=========
Apr 23 01:35:15 
Apr 23 01:35:15 ==================脚本执行- 北京时间(UTC+8)：4/23/2021, 1:35:15 AM=====================
Apr 23 01:35:15 
Apr 23 01:35:16 
Apr 23 01:35:16 ******开始【京东账号1】jd_60103fd1c8cd9*********
Apr 23 01:35:16 
Apr 23 01:35:16 url:https://anmp.jd.com/babelDiy/Zeus/2x3yeXUmPbFVCAoXKQqSrdrQuoBk/index.html
Apr 23 01:35:16 当前幸运值：0
Apr 23 01:35:16 去做任务5ff567085da81a8c06981918
Apr 23 01:35:16 任务完成成功，当前幸运值10
Apr 23 01:35:16 去做任务5ff567085da81a8c06981917
Apr 23 01:35:17 任务完成成功，当前幸运值20
Apr 23 01:35:17 当前幸运值：0
Apr 23 01:35:18 
Apr 23 01:35:18 🔔女装盲盒抽京豆, 结束! 🕛 2.996 秒
Apr 23 01:35:18 
