Apr 22 00:25:14 
Apr 22 00:25:14 🔔金融养猪, 开始!
Apr 22 00:25:14 
Apr 22 00:25:14 ====================共1个京东账号Cookie=========
Apr 22 00:25:14 
Apr 22 00:25:14 ==================脚本执行- 北京时间(UTC+8)：4/22/2021, 12:25:14 AM=====================
Apr 22 00:25:14 
Apr 22 00:25:15 
Apr 22 00:25:15 开始【京东账号1】jd_60103fd1c8cd9
Apr 22 00:25:15 
Apr 22 00:25:15 
Apr 22 00:25:15 京东账号1 jd_60103fd1c8cd9 未开启养猪活动,请手动去京东金融APP开启此活动
Apr 22 00:25:15 
Apr 22 00:25:15 
Apr 22 00:25:15 🔔金融养猪, 结束! 🕛 0.795 秒
Apr 22 00:25:15 
Apr 22 01:25:28 
Apr 22 01:25:28 🔔金融养猪, 开始!
Apr 22 01:25:28 
Apr 22 01:25:28 ====================共1个京东账号Cookie=========
Apr 22 01:25:28 
Apr 22 01:25:28 ==================脚本执行- 北京时间(UTC+8)：4/22/2021, 1:25:28 AM=====================
Apr 22 01:25:28 
Apr 22 01:25:29 
Apr 22 01:25:29 开始【京东账号1】jd_60103fd1c8cd9
Apr 22 01:25:29 
Apr 22 01:25:29 
Apr 22 01:25:29 京东账号1 jd_60103fd1c8cd9 未开启养猪活动,请手动去京东金融APP开启此活动
Apr 22 01:25:29 
Apr 22 01:25:29 
Apr 22 01:25:29 🔔金融养猪, 结束! 🕛 0.882 秒
Apr 22 01:25:29 
Apr 22 02:25:05 
Apr 22 02:25:05 🔔金融养猪, 开始!
Apr 22 02:25:05 
Apr 22 02:25:05 ====================共1个京东账号Cookie=========
Apr 22 02:25:05 
Apr 22 02:25:05 ==================脚本执行- 北京时间(UTC+8)：4/22/2021, 2:25:05 AM=====================
Apr 22 02:25:05 
Apr 22 02:25:06 
Apr 22 02:25:06 开始【京东账号1】jd_60103fd1c8cd9
Apr 22 02:25:06 
Apr 22 02:25:06 
Apr 22 02:25:06 京东账号1 jd_60103fd1c8cd9 未开启养猪活动,请手动去京东金融APP开启此活动
Apr 22 02:25:06 
Apr 22 02:25:06 
Apr 22 02:25:06 🔔金融养猪, 结束! 🕛 0.787 秒
Apr 22 02:25:06 
Apr 22 03:25:29 
Apr 22 03:25:29 🔔金融养猪, 开始!
Apr 22 03:25:29 
Apr 22 03:25:29 ====================共1个京东账号Cookie=========
Apr 22 03:25:29 
Apr 22 03:25:29 ==================脚本执行- 北京时间(UTC+8)：4/22/2021, 3:25:29 AM=====================
Apr 22 03:25:29 
Apr 22 03:25:30 
Apr 22 03:25:30 开始【京东账号1】jd_60103fd1c8cd9
Apr 22 03:25:30 
Apr 22 03:25:30 
Apr 22 03:25:30 京东账号1 jd_60103fd1c8cd9 未开启养猪活动,请手动去京东金融APP开启此活动
Apr 22 03:25:30 
Apr 22 03:25:30 
Apr 22 03:25:30 🔔金融养猪, 结束! 🕛 0.786 秒
Apr 22 03:25:30 
Apr 22 04:25:21 
Apr 22 04:25:21 🔔金融养猪, 开始!
Apr 22 04:25:21 
Apr 22 04:25:21 ====================共1个京东账号Cookie=========
Apr 22 04:25:21 
Apr 22 04:25:21 ==================脚本执行- 北京时间(UTC+8)：4/22/2021, 4:25:21 AM=====================
Apr 22 04:25:21 
Apr 22 04:25:21 
Apr 22 04:25:21 开始【京东账号1】jd_60103fd1c8cd9
Apr 22 04:25:21 
Apr 22 04:25:21 
Apr 22 04:25:21 京东账号1 jd_60103fd1c8cd9 未开启养猪活动,请手动去京东金融APP开启此活动
Apr 22 04:25:21 
Apr 22 04:25:21 
Apr 22 04:25:21 🔔金融养猪, 结束! 🕛 0.797 秒
Apr 22 04:25:21 
Apr 22 05:25:00 
Apr 22 05:25:00 🔔金融养猪, 开始!
Apr 22 05:25:00 
Apr 22 05:25:00 ====================共1个京东账号Cookie=========
Apr 22 05:25:00 
Apr 22 05:25:00 ==================脚本执行- 北京时间(UTC+8)：4/22/2021, 5:25:00 AM=====================
Apr 22 05:25:00 
Apr 22 05:25:01 
Apr 22 05:25:01 开始【京东账号1】jd_60103fd1c8cd9
Apr 22 05:25:01 
Apr 22 05:25:01 
Apr 22 05:25:01 京东账号1 jd_60103fd1c8cd9 未开启养猪活动,请手动去京东金融APP开启此活动
Apr 22 05:25:01 
Apr 22 05:25:01 
Apr 22 05:25:01 🔔金融养猪, 结束! 🕛 0.815 秒
Apr 22 05:25:01 
Apr 22 06:25:02 
Apr 22 06:25:02 🔔金融养猪, 开始!
Apr 22 06:25:02 
Apr 22 06:25:02 ====================共1个京东账号Cookie=========
Apr 22 06:25:02 
Apr 22 06:25:02 ==================脚本执行- 北京时间(UTC+8)：4/22/2021, 6:25:02 AM=====================
Apr 22 06:25:02 
Apr 22 06:25:03 
Apr 22 06:25:03 开始【京东账号1】jd_60103fd1c8cd9
Apr 22 06:25:03 
Apr 22 06:25:03 
Apr 22 06:25:03 京东账号1 jd_60103fd1c8cd9 未开启养猪活动,请手动去京东金融APP开启此活动
Apr 22 06:25:03 
Apr 22 06:25:03 
Apr 22 06:25:03 🔔金融养猪, 结束! 🕛 1.042 秒
Apr 22 06:25:03 
Apr 22 07:25:15 
Apr 22 07:25:15 🔔金融养猪, 开始!
Apr 22 07:25:15 
Apr 22 07:25:15 ====================共1个京东账号Cookie=========
Apr 22 07:25:15 
Apr 22 07:25:15 ==================脚本执行- 北京时间(UTC+8)：4/22/2021, 7:25:15 AM=====================
Apr 22 07:25:15 
Apr 22 07:25:16 
Apr 22 07:25:16 开始【京东账号1】jd_60103fd1c8cd9
Apr 22 07:25:16 
Apr 22 07:25:16 
Apr 22 07:25:16 京东账号1 jd_60103fd1c8cd9 未开启养猪活动,请手动去京东金融APP开启此活动
Apr 22 07:25:16 
Apr 22 07:25:16 
Apr 22 07:25:16 🔔金融养猪, 结束! 🕛 0.786 秒
Apr 22 07:25:16 
Apr 22 08:25:02 
Apr 22 08:25:02 🔔金融养猪, 开始!
Apr 22 08:25:02 
Apr 22 08:25:02 ====================共1个京东账号Cookie=========
Apr 22 08:25:02 
Apr 22 08:25:02 ==================脚本执行- 北京时间(UTC+8)：4/22/2021, 8:25:02 AM=====================
Apr 22 08:25:02 
Apr 22 08:25:03 
Apr 22 08:25:03 开始【京东账号1】jd_60103fd1c8cd9
Apr 22 08:25:03 
Apr 22 08:25:03 
Apr 22 08:25:03 京东账号1 jd_60103fd1c8cd9 未开启养猪活动,请手动去京东金融APP开启此活动
Apr 22 08:25:03 
Apr 22 08:25:03 
Apr 22 08:25:03 🔔金融养猪, 结束! 🕛 1.079 秒
Apr 22 08:25:03 
Apr 22 09:25:16 
Apr 22 09:25:16 🔔金融养猪, 开始!
Apr 22 09:25:16 
Apr 22 09:25:16 ====================共1个京东账号Cookie=========
Apr 22 09:25:16 
Apr 22 09:25:16 ==================脚本执行- 北京时间(UTC+8)：4/22/2021, 9:25:16 AM=====================
Apr 22 09:25:16 
Apr 22 09:25:17 
Apr 22 09:25:17 开始【京东账号1】jd_60103fd1c8cd9
Apr 22 09:25:17 
Apr 22 09:25:17 
Apr 22 09:25:17 京东账号1 jd_60103fd1c8cd9 未开启养猪活动,请手动去京东金融APP开启此活动
Apr 22 09:25:17 
Apr 22 09:25:17 
Apr 22 09:25:17 🔔金融养猪, 结束! 🕛 1.09 秒
Apr 22 09:25:17 
Apr 22 10:25:13 
Apr 22 10:25:13 🔔金融养猪, 开始!
Apr 22 10:25:13 
Apr 22 10:25:13 ====================共1个京东账号Cookie=========
Apr 22 10:25:13 
Apr 22 10:25:13 ==================脚本执行- 北京时间(UTC+8)：4/22/2021, 10:25:13 AM=====================
Apr 22 10:25:13 
Apr 22 10:25:13 
Apr 22 10:25:13 开始【京东账号1】jd_60103fd1c8cd9
Apr 22 10:25:13 
Apr 22 10:25:14 
Apr 22 10:25:14 京东账号1 jd_60103fd1c8cd9 未开启养猪活动,请手动去京东金融APP开启此活动
Apr 22 10:25:14 
Apr 22 10:25:14 
Apr 22 10:25:14 🔔金融养猪, 结束! 🕛 0.906 秒
Apr 22 10:25:14 
Apr 22 11:25:29 
Apr 22 11:25:29 🔔金融养猪, 开始!
Apr 22 11:25:29 
Apr 22 11:25:29 ====================共1个京东账号Cookie=========
Apr 22 11:25:29 
Apr 22 11:25:29 ==================脚本执行- 北京时间(UTC+8)：4/22/2021, 11:25:29 AM=====================
Apr 22 11:25:29 
Apr 22 11:25:30 
Apr 22 11:25:30 开始【京东账号1】jd_60103fd1c8cd9
Apr 22 11:25:30 
Apr 22 11:25:30 
Apr 22 11:25:30 京东账号1 jd_60103fd1c8cd9 未开启养猪活动,请手动去京东金融APP开启此活动
Apr 22 11:25:30 
Apr 22 11:25:30 
Apr 22 11:25:30 🔔金融养猪, 结束! 🕛 0.881 秒
Apr 22 11:25:30 
Apr 22 12:25:12 
Apr 22 12:25:12 🔔金融养猪, 开始!
Apr 22 12:25:12 
Apr 22 12:25:12 ====================共1个京东账号Cookie=========
Apr 22 12:25:12 
Apr 22 12:25:12 ==================脚本执行- 北京时间(UTC+8)：4/22/2021, 12:25:12 PM=====================
Apr 22 12:25:12 
Apr 22 12:25:13 
Apr 22 12:25:13 开始【京东账号1】jd_60103fd1c8cd9
Apr 22 12:25:13 
Apr 22 12:25:13 
Apr 22 12:25:13 京东账号1 jd_60103fd1c8cd9 未开启养猪活动,请手动去京东金融APP开启此活动
Apr 22 12:25:13 
Apr 22 12:25:13 
Apr 22 12:25:13 🔔金融养猪, 结束! 🕛 1.036 秒
Apr 22 12:25:13 
Apr 22 13:25:30 
Apr 22 13:25:30 🔔金融养猪, 开始!
Apr 22 13:25:30 
Apr 22 13:25:30 ====================共1个京东账号Cookie=========
Apr 22 13:25:30 
Apr 22 13:25:30 ==================脚本执行- 北京时间(UTC+8)：4/22/2021, 1:25:30 PM=====================
Apr 22 13:25:30 
Apr 22 13:25:30 
Apr 22 13:25:30 开始【京东账号1】jd_60103fd1c8cd9
Apr 22 13:25:30 
Apr 22 13:25:30 
Apr 22 13:25:30 京东账号1 jd_60103fd1c8cd9 未开启养猪活动,请手动去京东金融APP开启此活动
Apr 22 13:25:30 
Apr 22 13:25:30 
Apr 22 13:25:30 🔔金融养猪, 结束! 🕛 0.799 秒
Apr 22 13:25:30 
Apr 22 14:25:04 
Apr 22 14:25:04 🔔金融养猪, 开始!
Apr 22 14:25:04 
Apr 22 14:25:04 ====================共1个京东账号Cookie=========
Apr 22 14:25:04 
Apr 22 14:25:04 ==================脚本执行- 北京时间(UTC+8)：4/22/2021, 2:25:04 PM=====================
Apr 22 14:25:04 
Apr 22 14:25:05 
Apr 22 14:25:05 开始【京东账号1】jd_60103fd1c8cd9
Apr 22 14:25:05 
Apr 22 14:25:05 
Apr 22 14:25:05 京东账号1 jd_60103fd1c8cd9 未开启养猪活动,请手动去京东金融APP开启此活动
Apr 22 14:25:05 
Apr 22 14:25:05 
Apr 22 14:25:05 🔔金融养猪, 结束! 🕛 0.795 秒
Apr 22 14:25:05 
Apr 22 15:25:26 
Apr 22 15:25:26 🔔金融养猪, 开始!
Apr 22 15:25:26 
Apr 22 15:25:26 ====================共1个京东账号Cookie=========
Apr 22 15:25:26 
Apr 22 15:25:26 ==================脚本执行- 北京时间(UTC+8)：4/22/2021, 3:25:26 PM=====================
Apr 22 15:25:26 
Apr 22 15:25:27 
Apr 22 15:25:27 开始【京东账号1】jd_60103fd1c8cd9
Apr 22 15:25:27 
Apr 22 15:25:27 
Apr 22 15:25:27 京东账号1 jd_60103fd1c8cd9 未开启养猪活动,请手动去京东金融APP开启此活动
Apr 22 15:25:27 
Apr 22 15:25:27 
Apr 22 15:25:27 🔔金融养猪, 结束! 🕛 0.886 秒
Apr 22 15:25:27 
Apr 22 16:25:23 
Apr 22 16:25:23 🔔金融养猪, 开始!
Apr 22 16:25:23 
Apr 22 16:25:23 ====================共1个京东账号Cookie=========
Apr 22 16:25:23 
Apr 22 16:25:23 ==================脚本执行- 北京时间(UTC+8)：4/22/2021, 4:25:23 PM=====================
Apr 22 16:25:23 
Apr 22 16:25:24 
Apr 22 16:25:24 开始【京东账号1】jd_60103fd1c8cd9
Apr 22 16:25:24 
Apr 22 16:25:24 
Apr 22 16:25:24 京东账号1 jd_60103fd1c8cd9 未开启养猪活动,请手动去京东金融APP开启此活动
Apr 22 16:25:24 
Apr 22 16:25:24 
Apr 22 16:25:24 🔔金融养猪, 结束! 🕛 0.877 秒
Apr 22 16:25:24 
Apr 22 17:25:14 
Apr 22 17:25:14 🔔金融养猪, 开始!
Apr 22 17:25:14 
Apr 22 17:25:14 ====================共1个京东账号Cookie=========
Apr 22 17:25:14 
Apr 22 17:25:14 ==================脚本执行- 北京时间(UTC+8)：4/22/2021, 5:25:14 PM=====================
Apr 22 17:25:14 
Apr 22 17:25:14 
Apr 22 17:25:14 开始【京东账号1】jd_60103fd1c8cd9
Apr 22 17:25:14 
Apr 22 17:25:15 
Apr 22 17:25:15 京东账号1 jd_60103fd1c8cd9 未开启养猪活动,请手动去京东金融APP开启此活动
Apr 22 17:25:15 
Apr 22 17:25:15 
Apr 22 17:25:15 🔔金融养猪, 结束! 🕛 0.79 秒
Apr 22 17:25:15 
Apr 22 18:25:18 
Apr 22 18:25:18 🔔金融养猪, 开始!
Apr 22 18:25:18 
Apr 22 18:25:18 ====================共1个京东账号Cookie=========
Apr 22 18:25:18 
Apr 22 18:25:18 ==================脚本执行- 北京时间(UTC+8)：4/22/2021, 6:25:18 PM=====================
Apr 22 18:25:18 
Apr 22 18:25:19 
Apr 22 18:25:19 开始【京东账号1】jd_60103fd1c8cd9
Apr 22 18:25:19 
Apr 22 18:25:19 
Apr 22 18:25:19 京东账号1 jd_60103fd1c8cd9 未开启养猪活动,请手动去京东金融APP开启此活动
Apr 22 18:25:19 
Apr 22 18:25:19 
Apr 22 18:25:19 🔔金融养猪, 结束! 🕛 0.871 秒
Apr 22 18:25:19 
Apr 22 19:25:23 
Apr 22 19:25:23 🔔金融养猪, 开始!
Apr 22 19:25:23 
Apr 22 19:25:23 ====================共1个京东账号Cookie=========
Apr 22 19:25:23 
Apr 22 19:25:23 ==================脚本执行- 北京时间(UTC+8)：4/22/2021, 7:25:23 PM=====================
Apr 22 19:25:23 
Apr 22 19:25:24 
Apr 22 19:25:24 开始【京东账号1】jd_60103fd1c8cd9
Apr 22 19:25:24 
Apr 22 19:25:24 
Apr 22 19:25:24 京东账号1 jd_60103fd1c8cd9 未开启养猪活动,请手动去京东金融APP开启此活动
Apr 22 19:25:24 
Apr 22 19:25:24 
Apr 22 19:25:24 🔔金融养猪, 结束! 🕛 1 秒
Apr 22 19:25:24 
Apr 22 20:25:10 
Apr 22 20:25:10 🔔金融养猪, 开始!
Apr 22 20:25:10 
Apr 22 20:25:10 ====================共1个京东账号Cookie=========
Apr 22 20:25:10 
Apr 22 20:25:10 ==================脚本执行- 北京时间(UTC+8)：4/22/2021, 8:25:10 PM=====================
Apr 22 20:25:10 
Apr 22 20:25:10 
Apr 22 20:25:10 开始【京东账号1】jd_60103fd1c8cd9
Apr 22 20:25:10 
Apr 22 20:25:11 
Apr 22 20:25:11 京东账号1 jd_60103fd1c8cd9 未开启养猪活动,请手动去京东金融APP开启此活动
Apr 22 20:25:11 
Apr 22 20:25:11 
Apr 22 20:25:11 🔔金融养猪, 结束! 🕛 1.006 秒
Apr 22 20:25:11 
Apr 22 21:25:16 
Apr 22 21:25:16 🔔金融养猪, 开始!
Apr 22 21:25:16 
Apr 22 21:25:16 ====================共1个京东账号Cookie=========
Apr 22 21:25:16 
Apr 22 21:25:16 ==================脚本执行- 北京时间(UTC+8)：4/22/2021, 9:25:16 PM=====================
Apr 22 21:25:16 
Apr 22 21:25:17 
Apr 22 21:25:17 开始【京东账号1】jd_60103fd1c8cd9
Apr 22 21:25:17 
Apr 22 21:25:17 
Apr 22 21:25:17 京东账号1 jd_60103fd1c8cd9 未开启养猪活动,请手动去京东金融APP开启此活动
Apr 22 21:25:17 
Apr 22 21:25:17 
Apr 22 21:25:17 🔔金融养猪, 结束! 🕛 0.975 秒
Apr 22 21:25:17 
Apr 22 22:25:04 
Apr 22 22:25:04 🔔金融养猪, 开始!
Apr 22 22:25:04 
Apr 22 22:25:04 ====================共1个京东账号Cookie=========
Apr 22 22:25:04 
Apr 22 22:25:04 ==================脚本执行- 北京时间(UTC+8)：4/22/2021, 10:25:04 PM=====================
Apr 22 22:25:04 
Apr 22 22:25:05 
Apr 22 22:25:05 开始【京东账号1】jd_60103fd1c8cd9
Apr 22 22:25:05 
Apr 22 22:25:05 
Apr 22 22:25:05 京东账号1 jd_60103fd1c8cd9 未开启养猪活动,请手动去京东金融APP开启此活动
Apr 22 22:25:05 
Apr 22 22:25:05 
Apr 22 22:25:05 🔔金融养猪, 结束! 🕛 1.147 秒
Apr 22 22:25:05 
Apr 22 23:25:10 
Apr 22 23:25:10 🔔金融养猪, 开始!
Apr 22 23:25:10 
Apr 22 23:25:10 ====================共1个京东账号Cookie=========
Apr 22 23:25:10 
Apr 22 23:25:10 ==================脚本执行- 北京时间(UTC+8)：4/22/2021, 11:25:10 PM=====================
Apr 22 23:25:10 
Apr 22 23:25:10 
Apr 22 23:25:10 开始【京东账号1】jd_60103fd1c8cd9
Apr 22 23:25:10 
Apr 22 23:25:11 
Apr 22 23:25:11 京东账号1 jd_60103fd1c8cd9 未开启养猪活动,请手动去京东金融APP开启此活动
Apr 22 23:25:11 
Apr 22 23:25:11 
Apr 22 23:25:11 🔔金融养猪, 结束! 🕛 1.031 秒
Apr 22 23:25:11 
Apr 23 00:25:20 
Apr 23 00:25:20 🔔金融养猪, 开始!
Apr 23 00:25:20 
Apr 23 00:25:20 ====================共1个京东账号Cookie=========
Apr 23 00:25:20 
Apr 23 00:25:20 ==================脚本执行- 北京时间(UTC+8)：4/23/2021, 12:25:20 AM=====================
Apr 23 00:25:20 
Apr 23 00:25:21 
Apr 23 00:25:21 开始【京东账号1】jd_60103fd1c8cd9
Apr 23 00:25:21 
Apr 23 00:25:21 
Apr 23 00:25:21 京东账号1 jd_60103fd1c8cd9 未开启养猪活动,请手动去京东金融APP开启此活动
Apr 23 00:25:21 
Apr 23 00:25:21 
Apr 23 00:25:21 🔔金融养猪, 结束! 🕛 0.957 秒
Apr 23 00:25:21 
Apr 23 01:25:06 
Apr 23 01:25:06 🔔金融养猪, 开始!
Apr 23 01:25:06 
Apr 23 01:25:06 ====================共1个京东账号Cookie=========
Apr 23 01:25:06 
Apr 23 01:25:06 ==================脚本执行- 北京时间(UTC+8)：4/23/2021, 1:25:06 AM=====================
Apr 23 01:25:06 
Apr 23 01:25:07 
Apr 23 01:25:07 开始【京东账号1】jd_60103fd1c8cd9
Apr 23 01:25:07 
Apr 23 01:25:07 
Apr 23 01:25:07 京东账号1 jd_60103fd1c8cd9 未开启养猪活动,请手动去京东金融APP开启此活动
Apr 23 01:25:07 
Apr 23 01:25:07 
Apr 23 01:25:07 🔔金融养猪, 结束! 🕛 1.003 秒
Apr 23 01:25:07 
Apr 23 02:25:09 
Apr 23 02:25:09 🔔金融养猪, 开始!
Apr 23 02:25:09 
Apr 23 02:25:09 ====================共1个京东账号Cookie=========
Apr 23 02:25:09 
Apr 23 02:25:09 ==================脚本执行- 北京时间(UTC+8)：4/23/2021, 2:25:09 AM=====================
Apr 23 02:25:09 
Apr 23 02:25:10 
Apr 23 02:25:10 开始【京东账号1】jd_60103fd1c8cd9
Apr 23 02:25:10 
Apr 23 02:25:10 
Apr 23 02:25:10 京东账号1 jd_60103fd1c8cd9 未开启养猪活动,请手动去京东金融APP开启此活动
Apr 23 02:25:10 
Apr 23 02:25:10 
Apr 23 02:25:10 🔔金融养猪, 结束! 🕛 0.968 秒
Apr 23 02:25:10 
Apr 23 03:25:23 
Apr 23 03:25:23 🔔金融养猪, 开始!
Apr 23 03:25:23 
Apr 23 03:25:23 ====================共1个京东账号Cookie=========
Apr 23 03:25:23 
Apr 23 03:25:23 ==================脚本执行- 北京时间(UTC+8)：4/23/2021, 3:25:23 AM=====================
Apr 23 03:25:23 
Apr 23 03:25:24 
Apr 23 03:25:24 开始【京东账号1】jd_60103fd1c8cd9
Apr 23 03:25:24 
Apr 23 03:25:24 
Apr 23 03:25:24 京东账号1 jd_60103fd1c8cd9 未开启养猪活动,请手动去京东金融APP开启此活动
Apr 23 03:25:24 
Apr 23 03:25:24 
Apr 23 03:25:24 🔔金融养猪, 结束! 🕛 0.988 秒
Apr 23 03:25:24 
Apr 23 04:25:20 
Apr 23 04:25:20 🔔金融养猪, 开始!
Apr 23 04:25:21 
Apr 23 04:25:21 ====================共1个京东账号Cookie=========
Apr 23 04:25:21 
Apr 23 04:25:21 ==================脚本执行- 北京时间(UTC+8)：4/23/2021, 4:25:21 AM=====================
Apr 23 04:25:21 
Apr 23 04:25:21 
Apr 23 04:25:21 开始【京东账号1】jd_60103fd1c8cd9
Apr 23 04:25:21 
Apr 23 04:25:21 
Apr 23 04:25:21 京东账号1 jd_60103fd1c8cd9 未开启养猪活动,请手动去京东金融APP开启此活动
Apr 23 04:25:21 
Apr 23 04:25:21 
Apr 23 04:25:21 🔔金融养猪, 结束! 🕛 0.996 秒
Apr 23 04:25:21 
Apr 23 05:25:00 
Apr 23 05:25:00 🔔金融养猪, 开始!
Apr 23 05:25:00 
Apr 23 05:25:00 ====================共1个京东账号Cookie=========
Apr 23 05:25:00 
Apr 23 05:25:00 ==================脚本执行- 北京时间(UTC+8)：4/23/2021, 5:25:00 AM=====================
Apr 23 05:25:00 
Apr 23 05:25:01 
Apr 23 05:25:01 开始【京东账号1】jd_60103fd1c8cd9
Apr 23 05:25:01 
Apr 23 05:25:01 
Apr 23 05:25:01 京东账号1 jd_60103fd1c8cd9 未开启养猪活动,请手动去京东金融APP开启此活动
Apr 23 05:25:01 
Apr 23 05:25:01 
Apr 23 05:25:01 🔔金融养猪, 结束! 🕛 1.011 秒
Apr 23 05:25:01 
Apr 23 06:25:15 
Apr 23 06:25:15 🔔金融养猪, 开始!
Apr 23 06:25:15 
Apr 23 06:25:15 ====================共1个京东账号Cookie=========
Apr 23 06:25:15 
Apr 23 06:25:15 ==================脚本执行- 北京时间(UTC+8)：4/23/2021, 6:25:15 AM=====================
Apr 23 06:25:15 
Apr 23 06:25:16 
Apr 23 06:25:16 开始【京东账号1】jd_60103fd1c8cd9
Apr 23 06:25:16 
Apr 23 06:25:16 
Apr 23 06:25:16 京东账号1 jd_60103fd1c8cd9 未开启养猪活动,请手动去京东金融APP开启此活动
Apr 23 06:25:16 
Apr 23 06:25:16 
Apr 23 06:25:16 🔔金融养猪, 结束! 🕛 1.007 秒
Apr 23 06:25:16 
Apr 23 07:25:04 
Apr 23 07:25:04 🔔金融养猪, 开始!
Apr 23 07:25:04 
Apr 23 07:25:04 ====================共1个京东账号Cookie=========
Apr 23 07:25:04 
Apr 23 07:25:04 ==================脚本执行- 北京时间(UTC+8)：4/23/2021, 7:25:04 AM=====================
Apr 23 07:25:04 
Apr 23 07:25:05 
Apr 23 07:25:05 开始【京东账号1】jd_60103fd1c8cd9
Apr 23 07:25:05 
Apr 23 07:25:05 
Apr 23 07:25:05 京东账号1 jd_60103fd1c8cd9 未开启养猪活动,请手动去京东金融APP开启此活动
Apr 23 07:25:05 
Apr 23 07:25:05 
Apr 23 07:25:05 🔔金融养猪, 结束! 🕛 1.017 秒
Apr 23 07:25:05 
Apr 23 08:25:29 
Apr 23 08:25:29 🔔金融养猪, 开始!
Apr 23 08:25:29 
Apr 23 08:25:29 ====================共1个京东账号Cookie=========
Apr 23 08:25:29 
Apr 23 08:25:29 ==================脚本执行- 北京时间(UTC+8)：4/23/2021, 8:25:29 AM=====================
Apr 23 08:25:29 
Apr 23 08:25:30 
Apr 23 08:25:30 开始【京东账号1】jd_60103fd1c8cd9
Apr 23 08:25:30 
Apr 23 08:25:30 
Apr 23 08:25:30 京东账号1 jd_60103fd1c8cd9 未开启养猪活动,请手动去京东金融APP开启此活动
Apr 23 08:25:30 
Apr 23 08:25:30 
Apr 23 08:25:30 🔔金融养猪, 结束! 🕛 0.954 秒
Apr 23 08:25:30 
Apr 23 09:25:23 
Apr 23 09:25:23 🔔金融养猪, 开始!
Apr 23 09:25:23 
Apr 23 09:25:23 ====================共1个京东账号Cookie=========
Apr 23 09:25:23 
Apr 23 09:25:23 ==================脚本执行- 北京时间(UTC+8)：4/23/2021, 9:25:23 AM=====================
Apr 23 09:25:23 
Apr 23 09:25:24 
Apr 23 09:25:24 开始【京东账号1】jd_60103fd1c8cd9
Apr 23 09:25:24 
Apr 23 09:25:24 
Apr 23 09:25:24 京东账号1 jd_60103fd1c8cd9 未开启养猪活动,请手动去京东金融APP开启此活动
Apr 23 09:25:24 
Apr 23 09:25:24 
Apr 23 09:25:24 🔔金融养猪, 结束! 🕛 1.006 秒
Apr 23 09:25:24 
Apr 23 10:25:20 
Apr 23 10:25:20 🔔金融养猪, 开始!
Apr 23 10:25:20 
Apr 23 10:25:20 ====================共1个京东账号Cookie=========
Apr 23 10:25:20 
Apr 23 10:25:20 ==================脚本执行- 北京时间(UTC+8)：4/23/2021, 10:25:20 AM=====================
Apr 23 10:25:20 
Apr 23 10:25:20 
Apr 23 10:25:20 开始【京东账号1】jd_60103fd1c8cd9
Apr 23 10:25:20 
Apr 23 10:25:21 
Apr 23 10:25:21 京东账号1 jd_60103fd1c8cd9 未开启养猪活动,请手动去京东金融APP开启此活动
Apr 23 10:25:21 
Apr 23 10:25:21 
Apr 23 10:25:21 🔔金融养猪, 结束! 🕛 0.976 秒
Apr 23 10:25:21 
Apr 23 11:25:18 
Apr 23 11:25:18 🔔金融养猪, 开始!
Apr 23 11:25:18 
Apr 23 11:25:18 ====================共1个京东账号Cookie=========
Apr 23 11:25:18 
Apr 23 11:25:18 ==================脚本执行- 北京时间(UTC+8)：4/23/2021, 11:25:18 AM=====================
Apr 23 11:25:18 
Apr 23 11:25:19 
Apr 23 11:25:19 开始【京东账号1】jd_60103fd1c8cd9
Apr 23 11:25:19 
Apr 23 11:25:19 
Apr 23 11:25:19 京东账号1 jd_60103fd1c8cd9 未开启养猪活动,请手动去京东金融APP开启此活动
Apr 23 11:25:19 
Apr 23 11:25:19 
Apr 23 11:25:19 🔔金融养猪, 结束! 🕛 0.959 秒
Apr 23 11:25:19 
Apr 23 12:25:12 
Apr 23 12:25:12 🔔金融养猪, 开始!
Apr 23 12:25:12 
Apr 23 12:25:12 ====================共1个京东账号Cookie=========
Apr 23 12:25:12 
Apr 23 12:25:12 ==================脚本执行- 北京时间(UTC+8)：4/23/2021, 12:25:12 PM=====================
Apr 23 12:25:12 
Apr 23 12:25:13 
Apr 23 12:25:13 开始【京东账号1】jd_60103fd1c8cd9
Apr 23 12:25:13 
Apr 23 12:25:13 
Apr 23 12:25:13 京东账号1 jd_60103fd1c8cd9 未开启养猪活动,请手动去京东金融APP开启此活动
Apr 23 12:25:13 
Apr 23 12:25:13 
Apr 23 12:25:13 🔔金融养猪, 结束! 🕛 0.996 秒
Apr 23 12:25:13 
Apr 23 13:25:02 
Apr 23 13:25:02 🔔金融养猪, 开始!
Apr 23 13:25:02 
Apr 23 13:25:02 ====================共1个京东账号Cookie=========
Apr 23 13:25:02 
Apr 23 13:25:02 ==================脚本执行- 北京时间(UTC+8)：4/23/2021, 1:25:02 PM=====================
Apr 23 13:25:02 
Apr 23 13:25:03 
Apr 23 13:25:03 开始【京东账号1】jd_60103fd1c8cd9
Apr 23 13:25:03 
Apr 23 13:25:03 
Apr 23 13:25:03 京东账号1 jd_60103fd1c8cd9 未开启养猪活动,请手动去京东金融APP开启此活动
Apr 23 13:25:03 
Apr 23 13:25:03 
Apr 23 13:25:03 🔔金融养猪, 结束! 🕛 1.136 秒
Apr 23 13:25:03 
Apr 23 14:25:28 
Apr 23 14:25:28 🔔金融养猪, 开始!
Apr 23 14:25:28 
Apr 23 14:25:28 ====================共1个京东账号Cookie=========
Apr 23 14:25:28 
Apr 23 14:25:28 ==================脚本执行- 北京时间(UTC+8)：4/23/2021, 2:25:28 PM=====================
Apr 23 14:25:28 
Apr 23 14:25:29 
Apr 23 14:25:29 开始【京东账号1】jd_60103fd1c8cd9
Apr 23 14:25:29 
Apr 23 14:25:29 
Apr 23 14:25:29 京东账号1 jd_60103fd1c8cd9 未开启养猪活动,请手动去京东金融APP开启此活动
Apr 23 14:25:29 
Apr 23 14:25:29 
Apr 23 14:25:29 🔔金融养猪, 结束! 🕛 0.992 秒
Apr 23 14:25:29 
Apr 23 15:25:22 
Apr 23 15:25:22 🔔金融养猪, 开始!
Apr 23 15:25:22 
Apr 23 15:25:22 ====================共1个京东账号Cookie=========
Apr 23 15:25:22 
Apr 23 15:25:22 ==================脚本执行- 北京时间(UTC+8)：4/23/2021, 3:25:22 PM=====================
Apr 23 15:25:22 
Apr 23 15:25:23 
Apr 23 15:25:23 开始【京东账号1】jd_60103fd1c8cd9
Apr 23 15:25:23 
Apr 23 15:25:23 
Apr 23 15:25:23 京东账号1 jd_60103fd1c8cd9 未开启养猪活动,请手动去京东金融APP开启此活动
Apr 23 15:25:23 
Apr 23 15:25:23 
Apr 23 15:25:23 🔔金融养猪, 结束! 🕛 0.978 秒
Apr 23 15:25:23 
Apr 23 16:25:12 
Apr 23 16:25:12 🔔金融养猪, 开始!
Apr 23 16:25:12 
Apr 23 16:25:12 ====================共1个京东账号Cookie=========
Apr 23 16:25:12 
Apr 23 16:25:13 ==================脚本执行- 北京时间(UTC+8)：4/23/2021, 4:25:12 PM=====================
Apr 23 16:25:13 
Apr 23 16:25:13 
Apr 23 16:25:13 开始【京东账号1】jd_60103fd1c8cd9
Apr 23 16:25:13 
Apr 23 16:25:13 
Apr 23 16:25:13 京东账号1 jd_60103fd1c8cd9 未开启养猪活动,请手动去京东金融APP开启此活动
Apr 23 16:25:13 
Apr 23 16:25:13 
Apr 23 16:25:13 🔔金融养猪, 结束! 🕛 1.014 秒
Apr 23 16:25:13 
Apr 23 17:25:11 
Apr 23 17:25:11 🔔金融养猪, 开始!
Apr 23 17:25:11 
Apr 23 17:25:11 ====================共1个京东账号Cookie=========
Apr 23 17:25:11 
Apr 23 17:25:11 ==================脚本执行- 北京时间(UTC+8)：4/23/2021, 5:25:11 PM=====================
Apr 23 17:25:11 
Apr 23 17:25:12 
Apr 23 17:25:12 开始【京东账号1】jd_60103fd1c8cd9
Apr 23 17:25:12 
Apr 23 17:25:12 
Apr 23 17:25:12 京东账号1 jd_60103fd1c8cd9 未开启养猪活动,请手动去京东金融APP开启此活动
Apr 23 17:25:12 
Apr 23 17:25:12 
Apr 23 17:25:12 🔔金融养猪, 结束! 🕛 1.109 秒
Apr 23 17:25:12 
Apr 23 18:25:28 
Apr 23 18:25:28 🔔金融养猪, 开始!
Apr 23 18:25:29 
Apr 23 18:25:29 ====================共1个京东账号Cookie=========
Apr 23 18:25:29 
Apr 23 18:25:29 ==================脚本执行- 北京时间(UTC+8)：4/23/2021, 6:25:29 PM=====================
Apr 23 18:25:29 
Apr 23 18:25:29 
Apr 23 18:25:29 开始【京东账号1】jd_60103fd1c8cd9
Apr 23 18:25:29 
Apr 23 18:25:29 
Apr 23 18:25:29 京东账号1 jd_60103fd1c8cd9 未开启养猪活动,请手动去京东金融APP开启此活动
Apr 23 18:25:29 
Apr 23 18:25:29 
Apr 23 18:25:29 🔔金融养猪, 结束! 🕛 0.976 秒
Apr 23 18:25:29 
