Mar 31 06:35:15 
Mar 31 06:35:15 🔔东东萌宠, 开始!
Mar 31 06:35:15 开始获取东东萌宠配置文件
Mar 31 06:35:15 
Mar 31 06:35:15 
Mar 31 06:35:15 ====================共1个京东账号Cookie=========
Mar 31 06:35:15 
Mar 31 06:35:15 ==================脚本执行- 北京时间(UTC+8)：3/31/2021, 6:35:15 AM=====================
Mar 31 06:35:15 
Mar 31 06:35:15 共1个京东账号
Mar 31 06:35:15 
Mar 31 06:35:15 您提供了1个账号的东东萌宠助力码
Mar 31 06:35:15 
Mar 31 06:35:16 
Mar 31 06:35:16 开始【京东账号1】burst3166
Mar 31 06:35:16 
Mar 31 06:35:17 随机取个20码放到您固定的互助码后面(不影响已有固定互助)
Mar 31 06:35:17 第1个京东账号将要助力的好友["MTE1NDUwMTI0MDAwMDAwMDQ2NTg5MjMx","MTE1NDUwMTI0MDAwMDAwMDQ0MjAwNDQz","MTE1NDUwMTI0MDAwMDAwMDQ0MTg3NTQz","MTE1NDAxNzgwMDAwMDAwNDQ2MTc1MDk=","MTE1NDUyMjEwMDAwMDAwNDQ2MzMyNjc=","MTE1NDUwMTI0MDAwMDAwMDQ0NjU5OTUx","MTE1NDQ5OTIwMDAwMDAwNDQ2NjgzNTc=","MTAxODc2NTEzNDAwMDAwMDAxMjQ0MjU1MQ==","MTE1NDQ5MzYwMDAwMDAwMzkwNDQ1Njk=","MTEzMzI0OTE0NTAwMDAwMDA0MzI3NjQ1MQ==","MTAxODc2NTEzMjAwMDAwMDAxMDg3NDY4Nw==","MTE1NDUwMTI0MDAwMDAwMDQzOTY5NDQ1","MTE1NDQ5OTIwMDAwMDAwNDMxNzc0NDU=","MTAxODcxOTI2NTAwMDAwMDAyMDAwMzQ4Nw==","MTE1NDQ5OTUwMDAwMDAwNDI1NTg1OTM=","MTAxODc2NTEzMzAwMDAwMDAwOTU1NDAxNQ==","MTE1NDQ5OTUwMDAwMDAwNDQxNjcxMjM=","MTE1NDQ5OTUwMDAwMDAwNDU0NjQyMTU=","MTE1NDQ5OTIwMDAwMDAwMzcwMTc5Nzc=","MTE1NDUwMTI0MDAwMDAwMDQzOTk2NTg1","MTAxODc2NTEzNDAwMDAwMDAzMTE5Mzk5MQ==","MTE1NDQ5MzYwMDAwMDAwNDM3MTAzNDU=","MTE1NDQ5OTUwMDAwMDAwNDQxNjg5NTU=","MTE1NDAxNzgwMDAwMDAwMzkwMTMzOTE=","MTE1NDQ5OTUwMDAwMDAwNDM0Njk3ODE=","MTEzMzI0OTE0NTAwMDAwMDA0MDk4NTg3NQ==","MTE1NDUwMTI0MDAwMDAwMDQyNjY5NDY5","MTAxODc2NTE0NzAwMDAwMDAyNzYwMTI2OQ=="]
Mar 31 06:35:20 
Mar 31 06:35:20 【京东账号1（burst3166）的东东萌宠好友互助码】MTAxODc2NTEzNDAwMDAwMDAxMjQ0MjU1MQ==
Mar 31 06:35:20 
Mar 31 06:35:20 开始任务初始化
Mar 31 06:35:23 开始遛弯
Mar 31 06:35:26 第1次遛狗完成: {"code":"0","resultCode":"1013","message":"有未领取奖励"}
Mar 31 06:35:26 开始助力京东账号1 - burst3166的好友: MTE1NDUwMTI0MDAwMDAwMDQ2NTg5MjMx
Mar 31 06:35:29 该好友jd_sscLGYyNvmRD已满5人助力，无需您再次助力
Mar 31 06:35:29 开始助力京东账号1 - burst3166的好友: MTE1NDUwMTI0MDAwMDAwMDQ0MjAwNDQz
Mar 31 06:35:32 该好友晨曦已满5人助力，无需您再次助力
Mar 31 06:35:32 开始助力京东账号1 - burst3166的好友: MTE1NDUwMTI0MDAwMDAwMDQ0MTg3NTQz
Mar 31 06:35:35 已给好友: 【zacky1230】助力成功
Mar 31 06:35:35 开始助力京东账号1 - burst3166的好友: MTE1NDAxNzgwMDAwMDAwNDQ2MTc1MDk=
Mar 31 06:35:38 已给好友: 【京东用户】助力成功
Mar 31 06:35:38 开始助力京东账号1 - burst3166的好友: MTE1NDUyMjEwMDAwMDAwNDQ2MzMyNjc=
Mar 31 06:35:41 已给好友: 【酷哥ds】助力成功
Mar 31 06:35:41 开始助力京东账号1 - burst3166的好友: MTE1NDUwMTI0MDAwMDAwMDQ0NjU5OTUx
Mar 31 06:35:44 已给好友: 【jingdong626521】助力成功
Mar 31 06:35:44 开始助力京东账号1 - burst3166的好友: MTE1NDQ5OTIwMDAwMDAwNDQ2NjgzNTc=
Mar 31 06:35:48 已给好友: 【小中族】助力成功
Mar 31 06:35:48 开始助力京东账号1 - burst3166的好友: MTAxODc2NTEzNDAwMDAwMDAxMjQ0MjU1MQ==
Mar 31 06:35:51 助力好友结果: 不能助力自己
Mar 31 06:35:51 开始助力京东账号1 - burst3166的好友: MTE1NDQ5MzYwMDAwMDAwMzkwNDQ1Njk=
Mar 31 06:35:54 该好友A英拓电脑已满5人助力，无需您再次助力
Mar 31 06:35:54 开始助力京东账号1 - burst3166的好友: MTEzMzI0OTE0NTAwMDAwMDA0MzI3NjQ1MQ==
Mar 31 06:35:57 该好友JD888666L已满5人助力，无需您再次助力
Mar 31 06:35:57 开始助力京东账号1 - burst3166的好友: MTAxODc2NTEzMjAwMDAwMDAxMDg3NDY4Nw==
Mar 31 06:36:00 该好友慧已满5人助力，无需您再次助力
Mar 31 06:36:00 开始助力京东账号1 - burst3166的好友: MTE1NDUwMTI0MDAwMDAwMDQzOTY5NDQ1
Mar 31 06:36:03 该好友何玲玲112已满5人助力，无需您再次助力
Mar 31 06:36:03 开始助力京东账号1 - burst3166的好友: MTE1NDQ5OTIwMDAwMDAwNDMxNzc0NDU=
Mar 31 06:36:06 该好友yiceho已满5人助力，无需您再次助力
Mar 31 06:36:06 开始助力京东账号1 - burst3166的好友: MTAxODcxOTI2NTAwMDAwMDAyMDAwMzQ4Nw==
Mar 31 06:36:09 该好友O K C已满5人助力，无需您再次助力
Mar 31 06:36:09 开始助力京东账号1 - burst3166的好友: MTE1NDQ5OTUwMDAwMDAwNDI1NTg1OTM=
Mar 31 06:36:12 该好友哔哔哔就是你已满5人助力，无需您再次助力
Mar 31 06:36:12 开始助力京东账号1 - burst3166的好友: MTAxODc2NTEzMzAwMDAwMDAwOTU1NDAxNQ==
Mar 31 06:36:15 该好友⊙▽⊙已满5人助力，无需您再次助力
Mar 31 06:36:15 开始助力京东账号1 - burst3166的好友: MTE1NDQ5OTUwMDAwMDAwNDQxNjcxMjM=
Mar 31 06:36:18 该好友京东用户已满5人助力，无需您再次助力
Mar 31 06:36:18 开始助力京东账号1 - burst3166的好友: MTE1NDQ5OTUwMDAwMDAwNDU0NjQyMTU=
Mar 31 06:36:21 该好友iBreak6已满5人助力，无需您再次助力
Mar 31 06:36:21 开始助力京东账号1 - burst3166的好友: MTE1NDQ5OTIwMDAwMDAwMzcwMTc5Nzc=
Mar 31 06:36:24 该好友一二一二亿已满5人助力，无需您再次助力
Mar 31 06:36:24 开始助力京东账号1 - burst3166的好友: MTE1NDUwMTI0MDAwMDAwMDQzOTk2NTg1
Mar 31 06:36:27 该好友jd_tUNmQGJzLWVm已满5人助力，无需您再次助力
Mar 31 06:36:27 开始助力京东账号1 - burst3166的好友: MTAxODc2NTEzNDAwMDAwMDAzMTE5Mzk5MQ==
Mar 31 06:36:30 该好友吕老头丶已满5人助力，无需您再次助力
Mar 31 06:36:30 开始助力京东账号1 - burst3166的好友: MTE1NDQ5MzYwMDAwMDAwNDM3MTAzNDU=
Mar 31 06:36:33 该好友libra233已满5人助力，无需您再次助力
Mar 31 06:36:33 开始助力京东账号1 - burst3166的好友: MTE1NDQ5OTUwMDAwMDAwNDQxNjg5NTU=
Mar 31 06:36:37 该好友。已满5人助力，无需您再次助力
Mar 31 06:36:37 开始助力京东账号1 - burst3166的好友: MTE1NDAxNzgwMDAwMDAwMzkwMTMzOTE=
Mar 31 06:36:40 该好友锋已满5人助力，无需您再次助力
Mar 31 06:36:40 开始助力京东账号1 - burst3166的好友: MTE1NDQ5OTUwMDAwMDAwNDM0Njk3ODE=
Mar 31 06:36:43 该好友JYDB1683已满5人助力，无需您再次助力
Mar 31 06:36:43 开始助力京东账号1 - burst3166的好友: MTEzMzI0OTE0NTAwMDAwMDA0MDk4NTg3NQ==
Mar 31 06:36:46 该好友jd_ubZIadSDynpl已满5人助力，无需您再次助力
Mar 31 06:36:46 开始助力京东账号1 - burst3166的好友: MTE1NDUwMTI0MDAwMDAwMDQyNjY5NDY5
Mar 31 06:36:49 该好友jd_73328855已满5人助力，无需您再次助力
Mar 31 06:36:49 开始助力京东账号1 - burst3166的好友: MTAxODc2NTE0NzAwMDAwMDAyNzYwMTI2OQ==
Mar 31 06:36:52 该好友渲染漓别已满5人助力，无需您再次助力
Mar 31 06:36:55 开始领取额外奖励
Mar 31 06:36:58 领取30g额外奖励结果：【success】
Mar 31 06:36:58 帮您助力的好友的名单开始
Mar 31 06:36:58 准备每日签到
Mar 31 06:37:01 每日签到结果: {"code":"0","resultCode":"0","message":"success","result":{"couponImage":"","signReward":5,"foodAmount":185,"signDay":1}}
Mar 31 06:37:01 【每日签到成功】奖励5g狗粮
Mar 31 06:37:01 
Mar 31 06:37:01 首次投食任务合并到10次喂食任务中
Mar 31 06:37:01 
Mar 31 06:37:01 准备三餐签到
Mar 31 06:37:04 三餐签到结果: {"code":"0","resultCode":"0","message":"success","result":{"couponImage":"","foodAmount":193,"threeMealReward":8}}
Mar 31 06:37:04 【定时领狗粮】获得8g
Mar 31 06:37:04 
Mar 31 06:37:04 开始做 去逛逛好货会场 任务， 奖励5g狗粮，每天1次
Mar 31 06:37:10 【浏览指定店铺】获取5g
Mar 31 06:37:10 
Mar 31 06:37:10 开始做 最高赢888京豆 任务，  奖励5g狗粮，每天1次
Mar 31 06:37:16 【浏览指定店铺】获取5g
Mar 31 06:37:16 
Mar 31 06:37:16 投食任务开始...
Mar 31 06:37:16 还需要投食10次
Mar 31 06:37:19 本次投食结果: {"code":"0","resultCode":"0","message":"success","result":{"petSportStatus":2,"feedAmount":10,"petPlaceInfoList":[{"place":1,"updateSign":true,"energy":4},{"place":2,"energy":0},{"place":3,"energy":0},{"place":4,"energy":0},{"place":5,"energy":0}],"updatePlace":1,"foodAmount":201,"firstFeedReward":8,"feedReachReward":0,"showNeedCollectPop":false,"energyReward":4,"firstFeedFinishedPop":true,"feedReachFinishedPop":false,"showForceCollectPop":false}}
Mar 31 06:37:19 还需要投食9次
Mar 31 06:37:22 本次投食结果: {"code":"0","resultCode":"0","message":"success","result":{"petSportStatus":2,"feedAmount":10,"petPlaceInfoList":[{"place":1,"energy":4},{"place":2,"updateSign":true,"energy":8},{"place":3,"energy":0},{"place":4,"energy":0},{"place":5,"energy":0}],"updatePlace":2,"foodAmount":191,"firstFeedReward":0,"feedReachReward":0,"showNeedCollectPop":false,"energyReward":8,"firstFeedFinishedPop":false,"feedReachFinishedPop":false,"showForceCollectPop":false}}
Mar 31 06:37:22 还需要投食8次
Mar 31 06:37:25 本次投食结果: {"code":"0","resultCode":"0","message":"success","result":{"petSportStatus":2,"feedAmount":10,"petPlaceInfoList":[{"place":1,"energy":4},{"place":2,"energy":8},{"place":3,"updateSign":true,"energy":5},{"place":4,"energy":0},{"place":5,"energy":0}],"updatePlace":3,"foodAmount":181,"firstFeedReward":0,"feedReachReward":0,"showNeedCollectPop":false,"energyReward":5,"firstFeedFinishedPop":false,"feedReachFinishedPop":false,"showForceCollectPop":false}}
Mar 31 06:37:25 还需要投食7次
Mar 31 06:37:29 本次投食结果: {"code":"0","resultCode":"0","message":"success","result":{"petSportStatus":2,"feedAmount":10,"petPlaceInfoList":[{"place":1,"energy":4},{"place":2,"energy":8},{"place":3,"energy":5},{"place":4,"updateSign":true,"energy":8},{"place":5,"energy":0}],"updatePlace":4,"foodAmount":171,"firstFeedReward":0,"feedReachReward":0,"showNeedCollectPop":false,"energyReward":8,"firstFeedFinishedPop":false,"feedReachFinishedPop":false,"showForceCollectPop":false}}
Mar 31 06:37:29 还需要投食6次
Mar 31 06:37:32 本次投食结果: {"code":"0","resultCode":"0","message":"success","result":{"petSportStatus":2,"feedAmount":10,"petPlaceInfoList":[{"place":1,"energy":4},{"place":2,"energy":8},{"place":3,"energy":5},{"place":4,"energy":8},{"place":5,"updateSign":true,"energy":5}],"updatePlace":5,"foodAmount":161,"firstFeedReward":0,"feedReachReward":0,"showNeedCollectPop":false,"energyReward":5,"firstFeedFinishedPop":false,"feedReachFinishedPop":false,"showForceCollectPop":false}}
Mar 31 06:37:32 还需要投食5次
Mar 31 06:47:02 
Mar 31 06:47:02 东东萌宠: API查询请求失败 ‼️‼️
Mar 31 06:47:02 "Client network socket disconnected before secure TLS connection was established"
Mar 31 06:47:02 
Mar 31 06:47:02 ❗️东东萌宠, 错误!
Mar 31 06:47:02 
Mar 31 06:47:02 本次投食结果: undefined
Mar 31 06:47:02 
Mar 31 06:47:02 ❗️东东萌宠, 错误!
Mar 31 06:47:02 TypeError: Cannot read property 'resultCode' of undefined
Mar 31 06:47:02     at feedReachInitFun (/scripts/jd_pet.js:423:18)
Mar 31 06:47:02     at processTicksAndRejections (internal/process/task_queues.js:97:5)
Mar 31 06:47:02     at async doTask (/scripts/jd_pet.js:235:5)
Mar 31 06:47:02     at async jdPet (/scripts/jd_pet.js:134:7)
Mar 31 06:47:03     at async /scripts/jd_pet.js:72:7
Mar 31 06:47:03 
Mar 31 06:47:03 
Mar 31 06:47:03 您未提供server酱的SCKEY，取消微信推送消息通知🚫
Mar 31 06:47:03 
Mar 31 06:47:03 您未提供push+推送所需的PUSH_PLUS_TOKEN，取消push+推送消息通知🚫
Mar 31 06:47:03 
Mar 31 06:47:03 您未提供Bark的APP推送BARK_PUSH，取消Bark推送消息通知🚫
Mar 31 06:47:03 
Mar 31 06:47:03 您未提供telegram机器人推送所需的TG_BOT_TOKEN和TG_USER_ID，取消telegram推送消息通知🚫
Mar 31 06:47:03 
Mar 31 06:47:03 您未提供企业微信机器人推送所需的QYWX_KEY，取消企业微信推送消息通知🚫
Mar 31 06:47:03 
Mar 31 06:47:03 您未提供企业微信应用消息推送所需的QYWX_AM，取消企业微信应用消息推送消息通知🚫
Mar 31 06:47:03 
Mar 31 06:47:03 您未提供iGot的推送IGOT_PUSH_KEY，取消iGot推送消息通知🚫
Mar 31 06:47:03 
Mar 31 06:47:03 钉钉发送通知消息成功🎉。
Mar 31 06:47:03 
Mar 31 06:47:03 
Mar 31 06:47:03 ==============📣系统通知📣==============
Mar 31 06:47:03 东东萌宠
Mar 31 06:47:03 京东账号1 burst3166
Mar 31 06:47:03 京东账号1 burst3166
Mar 31 06:47:03 任务执行异常，请检查执行日志 ‼️‼️
Mar 31 06:47:03 
Mar 31 06:47:03 🔔东东萌宠, 结束! 🕛 707.417 秒
Mar 31 06:47:03 
Mar 31 12:35:04 
Mar 31 12:35:04 🔔东东萌宠, 开始!
Mar 31 12:35:04 开始获取东东萌宠配置文件
Mar 31 12:35:04 
Mar 31 12:35:04 
Mar 31 12:35:04 ====================共1个京东账号Cookie=========
Mar 31 12:35:04 
Mar 31 12:35:04 ==================脚本执行- 北京时间(UTC+8)：3/31/2021, 12:35:04 PM=====================
Mar 31 12:35:04 
Mar 31 12:35:04 共1个京东账号
Mar 31 12:35:04 
Mar 31 12:35:04 您提供了1个账号的东东萌宠助力码
Mar 31 12:35:04 
Mar 31 12:35:05 
Mar 31 12:35:05 开始【京东账号1】burst3166
Mar 31 12:35:05 
Mar 31 12:35:08 随机取个20码放到您固定的互助码后面(不影响已有固定互助)
Mar 31 12:35:08 第1个京东账号将要助力的好友["MTE1NDUwMTI0MDAwMDAwMDQ2NTg5MjMx","MTE1NDUwMTI0MDAwMDAwMDQ0MjAwNDQz","MTE1NDUwMTI0MDAwMDAwMDQ0MTg3NTQz","MTE1NDAxNzgwMDAwMDAwNDQ2MTc1MDk=","MTE1NDUyMjEwMDAwMDAwNDQ2MzMyNjc=","MTE1NDUwMTI0MDAwMDAwMDQ0NjU5OTUx","MTE1NDQ5OTIwMDAwMDAwNDQ2NjgzNTc=","MTAxODc2NTEzNDAwMDAwMDAxMjQ0MjU1MQ==","MTE1NDUyMjEwMDAwMDAwNDY1ODc4NTM=","MTAxODExNTM5NDAwMDAwMDAzOTg4ODkzNw==","MTE1NDQ5OTUwMDAwMDAwNDU0OTQ3Nzk=","MTAxODc2NTE0NzAwMDAwMDAwOTE4Mzk4NQ==","MTAxODc2NTE0NzAwMDAwMDAyMTM0MTc0OQ==","MTAxODEyMjkxMDAwMDAwMDM5MzIwNzM5","MTAxODc2NTEzMDAwMDAwMDAzMDEyNTI2Mw==","MTE1NDQ5MzYwMDAwMDAwNDQzMDEwMTU=","MTEzMzI0OTE0NTAwMDAwMDA0MzY5OTU0Nw==","MTE1NDUyMjEwMDAwMDAwNDA1MjA0NjM=","MTE1NDUyMjEwMDAwMDAwNDQ5MjU5Nzk=","MTE1NDQ5OTUwMDAwMDAwNDAyNzM4NDE=","MTE1NDAxNzYwMDAwMDAwMzg5OTczMTM=","MTE1NDQ5OTUwMDAwMDAwNDM0MDcwNjE=","MTE1NDQ5OTUwMDAwMDAwNDMxMzQ1NTM=","MTAxODc2NTEzMjAwMDAwMDAyNzEwNjY4Nw==","MTE1NDAxNzgwMDAwMDAwNDU0MDg3NTE=","MTE1NDQ5OTIwMDAwMDAwNDY2MTUzMzU=","MTE1NDQ5MzYwMDAwMDAwNDMzMTAzMTc=","MTE1NDUwMTI0MDAwMDAwMDQ1Mjk1ODc1"]
Mar 31 12:35:11 
Mar 31 12:35:11 【京东账号1（burst3166）的东东萌宠好友互助码】MTAxODc2NTEzNDAwMDAwMDAxMjQ0MjU1MQ==
Mar 31 12:35:11 
Mar 31 12:35:11 开始任务初始化
Mar 31 12:35:14 开始遛弯
Mar 31 12:35:17 第1次遛狗完成: {"code":"0","resultCode":"1013","message":"有未领取奖励"}
Mar 31 12:35:17 开始助力京东账号1 - burst3166的好友: MTE1NDUwMTI0MDAwMDAwMDQ2NTg5MjMx
Mar 31 12:35:20 该好友jd_sscLGYyNvmRD已满5人助力，无需您再次助力
Mar 31 12:35:20 开始助力京东账号1 - burst3166的好友: MTE1NDUwMTI0MDAwMDAwMDQ0MjAwNDQz
Mar 31 12:35:23 该好友晨曦已满5人助力，无需您再次助力
Mar 31 12:35:23 开始助力京东账号1 - burst3166的好友: MTE1NDUwMTI0MDAwMDAwMDQ0MTg3NTQz
Mar 31 12:35:26 助力好友结果: 已经助过力
Mar 31 12:35:26 开始助力京东账号1 - burst3166的好友: MTE1NDAxNzgwMDAwMDAwNDQ2MTc1MDk=
Mar 31 12:35:29 助力好友结果: 已经助过力
Mar 31 12:35:29 开始助力京东账号1 - burst3166的好友: MTE1NDUyMjEwMDAwMDAwNDQ2MzMyNjc=
Mar 31 12:35:32 助力好友结果: 已经助过力
Mar 31 12:35:32 开始助力京东账号1 - burst3166的好友: MTE1NDUwMTI0MDAwMDAwMDQ0NjU5OTUx
Mar 31 12:35:35 助力好友结果: 已经助过力
Mar 31 12:35:35 开始助力京东账号1 - burst3166的好友: MTE1NDQ5OTIwMDAwMDAwNDQ2NjgzNTc=
Mar 31 12:35:38 助力好友结果: 已经助过力
Mar 31 12:35:38 开始助力京东账号1 - burst3166的好友: MTAxODc2NTEzNDAwMDAwMDAxMjQ0MjU1MQ==
Mar 31 12:35:42 助力好友结果: 不能助力自己
Mar 31 12:35:42 开始助力京东账号1 - burst3166的好友: MTE1NDUyMjEwMDAwMDAwNDY1ODc4NTM=
Mar 31 12:35:45 该好友shadows11n已满5人助力，无需您再次助力
Mar 31 12:35:45 开始助力京东账号1 - burst3166的好友: MTAxODExNTM5NDAwMDAwMDAzOTg4ODkzNw==
Mar 31 12:35:48 该好友外貌毕业已满5人助力，无需您再次助力
Mar 31 12:35:48 开始助力京东账号1 - burst3166的好友: MTE1NDQ5OTUwMDAwMDAwNDU0OTQ3Nzk=
Mar 31 12:35:51 该好友谦谦吖吖已满5人助力，无需您再次助力
Mar 31 12:35:51 开始助力京东账号1 - burst3166的好友: MTAxODc2NTE0NzAwMDAwMDAwOTE4Mzk4NQ==
Mar 31 12:35:54 该好友誓约胜利之🐶已满5人助力，无需您再次助力
Mar 31 12:35:54 开始助力京东账号1 - burst3166的好友: MTAxODc2NTE0NzAwMDAwMDAyMTM0MTc0OQ==
Mar 31 12:35:57 该好友Rainner已满5人助力，无需您再次助力
Mar 31 12:35:57 开始助力京东账号1 - burst3166的好友: MTAxODEyMjkxMDAwMDAwMDM5MzIwNzM5
Mar 31 12:36:00 该好友🎧🎧🎧已满5人助力，无需您再次助力
Mar 31 12:36:00 开始助力京东账号1 - burst3166的好友: MTAxODc2NTEzMDAwMDAwMDAzMDEyNTI2Mw==
Mar 31 12:36:03 该好友jd_punufNjmAAUT已满5人助力，无需您再次助力
Mar 31 12:36:03 开始助力京东账号1 - burst3166的好友: MTE1NDQ5MzYwMDAwMDAwNDQzMDEwMTU=
Mar 31 12:36:06 该好友jd_46eba8939b04c已满5人助力，无需您再次助力
Mar 31 12:36:06 开始助力京东账号1 - burst3166的好友: MTEzMzI0OTE0NTAwMDAwMDA0MzY5OTU0Nw==
Mar 31 12:36:09 该好友Nf.已满5人助力，无需您再次助力
Mar 31 12:36:09 开始助力京东账号1 - burst3166的好友: MTE1NDUyMjEwMDAwMDAwNDA1MjA0NjM=
Mar 31 12:36:12 该好友Blue😋已满5人助力，无需您再次助力
Mar 31 12:36:12 开始助力京东账号1 - burst3166的好友: MTE1NDUyMjEwMDAwMDAwNDQ5MjU5Nzk=
Mar 31 12:36:15 该好友乐乐熊frieda已满5人助力，无需您再次助力
Mar 31 12:36:15 开始助力京东账号1 - burst3166的好友: MTE1NDQ5OTUwMDAwMDAwNDAyNzM4NDE=
Mar 31 12:36:18 该好友京东用户已满5人助力，无需您再次助力
Mar 31 12:36:18 开始助力京东账号1 - burst3166的好友: MTE1NDAxNzYwMDAwMDAwMzg5OTczMTM=
Mar 31 12:36:21 该好友jd_150559sob已满5人助力，无需您再次助力
Mar 31 12:36:21 开始助力京东账号1 - burst3166的好友: MTE1NDQ5OTUwMDAwMDAwNDM0MDcwNjE=
Mar 31 12:36:25 该好友......已满5人助力，无需您再次助力
Mar 31 12:36:25 开始助力京东账号1 - burst3166的好友: MTE1NDQ5OTUwMDAwMDAwNDMxMzQ1NTM=
Mar 31 12:36:28 该好友jd_NjdUhNTgUlIi已满5人助力，无需您再次助力
Mar 31 12:36:28 开始助力京东账号1 - burst3166的好友: MTAxODc2NTEzMjAwMDAwMDAyNzEwNjY4Nw==
Mar 31 12:36:31 该好友jd_86xbt已满5人助力，无需您再次助力
Mar 31 12:36:31 开始助力京东账号1 - burst3166的好友: MTE1NDAxNzgwMDAwMDAwNDU0MDg3NTE=
Mar 31 12:36:34 该好友jd_xFEnYzOtBWAq已满5人助力，无需您再次助力
Mar 31 12:36:34 开始助力京东账号1 - burst3166的好友: MTE1NDQ5OTIwMDAwMDAwNDY2MTUzMzU=
Mar 31 12:36:37 该好友mao已满5人助力，无需您再次助力
Mar 31 12:36:37 开始助力京东账号1 - burst3166的好友: MTE1NDQ5MzYwMDAwMDAwNDMzMTAzMTc=
Mar 31 12:36:40 该好友小民民民仔已满5人助力，无需您再次助力
Mar 31 12:36:40 开始助力京东账号1 - burst3166的好友: MTE1NDUwMTI0MDAwMDAwMDQ1Mjk1ODc1
Mar 31 12:36:43 该好友H丶琳🍒已满5人助力，无需您再次助力
Mar 31 12:36:46 已经领取过5好友助力额外奖励
Mar 31 12:36:46 帮您助力的好友的名单开始
Mar 31 12:36:46 任务 signInit 已完成
Mar 31 12:36:46 任务 firstFeedInit 已完成
Mar 31 12:36:46 任务 browseSingleShopInit 已完成
Mar 31 12:36:46 任务 browseSingleShopInit1 已完成
Mar 31 12:36:46 准备三餐签到
Mar 31 12:36:49 三餐签到结果: {"code":"0","resultCode":"0","message":"success","result":{"couponImage":"","foodAmount":168,"threeMealReward":7}}
Mar 31 12:36:49 【定时领狗粮】获得7g
Mar 31 12:36:49 
Mar 31 12:36:49 投食任务开始...
Mar 31 12:36:49 还需要投食5次
Mar 31 12:36:52 本次投食结果: {"code":"0","resultCode":"0","message":"success","result":{"petSportStatus":2,"feedAmount":10,"petPlaceInfoList":[{"place":1,"updateSign":true,"energy":10},{"place":2,"energy":8},{"place":3,"energy":5},{"place":4,"energy":8},{"place":5,"energy":5}],"updatePlace":1,"foodAmount":158,"firstFeedReward":0,"feedReachReward":0,"showNeedCollectPop":false,"energyReward":6,"firstFeedFinishedPop":false,"feedReachFinishedPop":false,"showForceCollectPop":false}}
Mar 31 12:36:52 还需要投食4次
Mar 31 12:36:55 本次投食结果: {"code":"0","resultCode":"0","message":"success","result":{"petSportStatus":2,"feedAmount":10,"petPlaceInfoList":[{"place":1,"energy":10},{"place":2,"updateSign":true,"energy":12},{"place":3,"energy":5},{"place":4,"energy":8},{"place":5,"energy":5}],"updatePlace":2,"foodAmount":148,"firstFeedReward":0,"feedReachReward":0,"showNeedCollectPop":false,"energyReward":4,"firstFeedFinishedPop":false,"feedReachFinishedPop":false,"showForceCollectPop":false}}
Mar 31 12:36:55 还需要投食3次
Mar 31 12:36:58 本次投食结果: {"code":"0","resultCode":"0","message":"success","result":{"petSportStatus":2,"feedAmount":10,"petPlaceInfoList":[{"place":1,"energy":10},{"place":2,"energy":12},{"place":3,"updateSign":true,"energy":13},{"place":4,"energy":8},{"place":5,"energy":5}],"updatePlace":3,"foodAmount":138,"firstFeedReward":0,"feedReachReward":0,"showNeedCollectPop":false,"energyReward":8,"firstFeedFinishedPop":false,"feedReachFinishedPop":false,"showForceCollectPop":false}}
Mar 31 12:36:58 还需要投食2次
Mar 31 12:37:01 本次投食结果: {"code":"0","resultCode":"0","message":"success","result":{"petSportStatus":2,"feedAmount":10,"petPlaceInfoList":[{"place":1,"energy":10},{"place":2,"energy":12},{"place":3,"energy":13},{"place":4,"updateSign":true,"energy":12},{"place":5,"energy":5}],"updatePlace":4,"foodAmount":128,"firstFeedReward":0,"feedReachReward":0,"showNeedCollectPop":false,"energyReward":4,"firstFeedFinishedPop":false,"feedReachFinishedPop":false,"showForceCollectPop":false}}
Mar 31 12:37:01 还需要投食1次
Mar 31 12:37:04 本次投食结果: {"code":"0","resultCode":"0","message":"success","result":{"petSportStatus":2,"feedAmount":10,"petPlaceInfoList":[{"place":1,"energy":10},{"place":2,"energy":12},{"place":3,"energy":13},{"place":4,"energy":12},{"place":5,"updateSign":true,"energy":11}],"updatePlace":5,"foodAmount":126,"firstFeedReward":0,"feedReachReward":8,"showNeedCollectPop":false,"energyReward":6,"firstFeedFinishedPop":false,"feedReachFinishedPop":true,"showForceCollectPop":false}}
Mar 31 12:37:04 投食任务结束...
Mar 31 12:37:04 
Mar 31 12:37:11 投食feedPetRes
Mar 31 12:37:11 投食成功
Mar 31 12:37:14 投食feedPetRes
Mar 31 12:37:14 投食成功
Mar 31 12:37:17 开始收取任务奖励好感度
Mar 31 12:37:20 
Mar 31 12:37:20 ==============📣系统通知📣==============
Mar 31 12:37:20 东东萌宠
Mar 31 12:37:20 5斤红心蜜柚
Mar 31 12:37:20 【京东账号1】burst3166
Mar 31 12:37:20 【额外奖励】已领取
Mar 31 12:37:20 【助力您的好友】刘振立，晨曦，Li shan (^～^)，MsHan韩某某，小白银VIP
Mar 31 12:37:20 【第4块勋章完成进度】25.2%，还需收集2802好感
Mar 31 12:37:20 【已获得勋章】3块，还需收集1块即可兑换奖品“5斤红心蜜柚”
Mar 31 12:37:20 
Mar 31 12:37:20 全部任务完成, 如果帮助到您可以点下🌟STAR鼓励我一下, 明天见~
Mar 31 12:37:20 
Mar 31 12:37:20 
Mar 31 12:37:20 您未提供server酱的SCKEY，取消微信推送消息通知🚫
Mar 31 12:37:20 
Mar 31 12:37:20 您未提供push+推送所需的PUSH_PLUS_TOKEN，取消push+推送消息通知🚫
Mar 31 12:37:20 
Mar 31 12:37:20 您未提供Bark的APP推送BARK_PUSH，取消Bark推送消息通知🚫
Mar 31 12:37:20 
Mar 31 12:37:20 您未提供telegram机器人推送所需的TG_BOT_TOKEN和TG_USER_ID，取消telegram推送消息通知🚫
Mar 31 12:37:20 
Mar 31 12:37:20 您未提供企业微信机器人推送所需的QYWX_KEY，取消企业微信推送消息通知🚫
Mar 31 12:37:20 
Mar 31 12:37:20 您未提供企业微信应用消息推送所需的QYWX_AM，取消企业微信应用消息推送消息通知🚫
Mar 31 12:37:20 
Mar 31 12:37:20 您未提供iGot的推送IGOT_PUSH_KEY，取消iGot推送消息通知🚫
Mar 31 12:37:20 
Mar 31 12:37:20 钉钉发送通知消息成功🎉。
Mar 31 12:37:20 
Mar 31 12:37:20 
Mar 31 12:37:20 🔔东东萌宠, 结束! 🕛 136.294 秒
Mar 31 12:37:20 
Mar 31 18:35:07 
Mar 31 18:35:07 🔔东东萌宠, 开始!
Mar 31 18:35:07 开始获取东东萌宠配置文件
Mar 31 18:35:07 
Mar 31 18:35:07 
Mar 31 18:35:07 ====================共1个京东账号Cookie=========
Mar 31 18:35:07 
Mar 31 18:35:07 ==================脚本执行- 北京时间(UTC+8)：3/31/2021, 6:35:07 PM=====================
Mar 31 18:35:07 
Mar 31 18:35:07 共1个京东账号
Mar 31 18:35:07 
Mar 31 18:35:07 您提供了1个账号的东东萌宠助力码
Mar 31 18:35:07 
Mar 31 18:35:07 
Mar 31 18:35:08 开始【京东账号1】burst3166
Mar 31 18:35:08 
Mar 31 18:35:12 随机取个20码放到您固定的互助码后面(不影响已有固定互助)
Mar 31 18:35:12 第1个京东账号将要助力的好友["MTE1NDUwMTI0MDAwMDAwMDQ2NTg5MjMx","MTE1NDUwMTI0MDAwMDAwMDQ0MjAwNDQz","MTE1NDUwMTI0MDAwMDAwMDQ0MTg3NTQz","MTE1NDAxNzgwMDAwMDAwNDQ2MTc1MDk=","MTE1NDUyMjEwMDAwMDAwNDQ2MzMyNjc=","MTE1NDUwMTI0MDAwMDAwMDQ0NjU5OTUx","MTE1NDQ5OTIwMDAwMDAwNDQ2NjgzNTc=","MTAxODc2NTEzNDAwMDAwMDAxMjQ0MjU1MQ==","MTE1NDAxNzYwMDAwMDAwNDA1MDI4MTk=","MTAxODc2NTEzMzAwMDAwMDAzMzU1NjI0OQ==","MTE1NDQ5OTIwMDAwMDAwNDM3NTA2ODc=","MTAxODc2NTEzMjAwMDAwMDAyODkzMzY5OQ==","MTEzMzI0OTE0NTAwMDAwMDA0NDg3OTAyMw==","MTE1NDQ5MzYwMDAwMDAwNDQwODUzMTc=","MTE1NDAxNzgwMDAwMDAwNDY2NTk2Njc=","MTAxODc2NTEzNDAwMDAwMDAzMDA2NDc5MQ==","MTE1NDUwMTI0MDAwMDAwMDQyNzc3MTY3","MTAxODc2NTEzOTAwMDAwMDAzMzEwNDQxMQ==","MTAxODExNDYxMTEwMDAwMDAwNDA1NzQ4ODU=","MTAxODcxOTI2NTAwMDAwMDAyMDU1OTQ4Mw==","MTAxODc2NTEzMzAwMDAwMDAyMTM5ODA5NQ==","MTAxODc2NTEzMjAwMDAwMDAyNjkwNTMzOQ==","MTEzMzI0OTE0NTAwMDAwMDAzOTc0MDgyNw==","MTE1NDAxNzgwMDAwMDAwNDM4MTQyMjc=","MTE1NDQ5OTUwMDAwMDAwMzgzMzgxNjk=","MTAxODc2NTEzMjAwMDAwMDAyMzE2NTU1OQ==","MTE1NDUyMjEwMDAwMDAwMzkzOTQ5ODM=","MTE1NDUyMjEwMDAwMDAwNDM5NTc1MzE="]
Mar 31 18:35:16 
Mar 31 18:35:16 【京东账号1（burst3166）的东东萌宠好友互助码】MTAxODc2NTEzNDAwMDAwMDAxMjQ0MjU1MQ==
Mar 31 18:35:16 
Mar 31 18:35:16 开始任务初始化
Mar 31 18:35:19 开始遛弯
Mar 31 18:35:22 第1次遛狗完成: {"code":"0","resultCode":"1013","message":"有未领取奖励"}
Mar 31 18:35:22 开始助力京东账号1 - burst3166的好友: MTE1NDUwMTI0MDAwMDAwMDQ2NTg5MjMx
Mar 31 18:35:25 该好友jd_sscLGYyNvmRD已满5人助力，无需您再次助力
Mar 31 18:35:25 开始助力京东账号1 - burst3166的好友: MTE1NDUwMTI0MDAwMDAwMDQ0MjAwNDQz
Mar 31 18:35:28 该好友晨曦已满5人助力，无需您再次助力
Mar 31 18:35:28 开始助力京东账号1 - burst3166的好友: MTE1NDUwMTI0MDAwMDAwMDQ0MTg3NTQz
Mar 31 18:35:31 助力好友结果: 已经助过力
Mar 31 18:35:31 开始助力京东账号1 - burst3166的好友: MTE1NDAxNzgwMDAwMDAwNDQ2MTc1MDk=
Mar 31 18:35:34 助力好友结果: 已经助过力
Mar 31 18:35:34 开始助力京东账号1 - burst3166的好友: MTE1NDUyMjEwMDAwMDAwNDQ2MzMyNjc=
Mar 31 18:35:37 助力好友结果: 已经助过力
Mar 31 18:35:37 开始助力京东账号1 - burst3166的好友: MTE1NDUwMTI0MDAwMDAwMDQ0NjU5OTUx
Mar 31 18:35:40 助力好友结果: 已经助过力
Mar 31 18:35:40 开始助力京东账号1 - burst3166的好友: MTE1NDQ5OTIwMDAwMDAwNDQ2NjgzNTc=
Mar 31 18:35:43 助力好友结果: 已经助过力
Mar 31 18:35:43 开始助力京东账号1 - burst3166的好友: MTAxODc2NTEzNDAwMDAwMDAxMjQ0MjU1MQ==
Mar 31 18:35:46 助力好友结果: 不能助力自己
Mar 31 18:35:46 开始助力京东账号1 - burst3166的好友: MTE1NDAxNzYwMDAwMDAwNDA1MDI4MTk=
Mar 31 18:35:49 该好友Youmei已满5人助力，无需您再次助力
Mar 31 18:35:49 开始助力京东账号1 - burst3166的好友: MTAxODc2NTEzMzAwMDAwMDAzMzU1NjI0OQ==
Mar 31 18:35:52 该好友chenchenmomomo已满5人助力，无需您再次助力
Mar 31 18:35:52 开始助力京东账号1 - burst3166的好友: MTE1NDQ5OTIwMDAwMDAwNDM3NTA2ODc=
Mar 31 18:35:55 该好友jd_132497gwtl已满5人助力，无需您再次助力
Mar 31 18:35:55 开始助力京东账号1 - burst3166的好友: MTAxODc2NTEzMjAwMDAwMDAyODkzMzY5OQ==
Mar 31 18:35:58 该好友leonidong已满5人助力，无需您再次助力
Mar 31 18:35:58 开始助力京东账号1 - burst3166的好友: MTEzMzI0OTE0NTAwMDAwMDA0NDg3OTAyMw==
Mar 31 18:36:01 该好友LittleThink_已满5人助力，无需您再次助力
Mar 31 18:36:01 开始助力京东账号1 - burst3166的好友: MTE1NDQ5MzYwMDAwMDAwNDQwODUzMTc=
Mar 31 18:36:05 该好友吃货岚001已满5人助力，无需您再次助力
Mar 31 18:36:05 开始助力京东账号1 - burst3166的好友: MTE1NDAxNzgwMDAwMDAwNDY2NTk2Njc=
Mar 31 18:36:08 该好友夏小震已满5人助力，无需您再次助力
Mar 31 18:36:08 开始助力京东账号1 - burst3166的好友: MTAxODc2NTEzNDAwMDAwMDAzMDA2NDc5MQ==
Mar 31 18:36:11 该好友茉莉蜜茶已满5人助力，无需您再次助力
Mar 31 18:36:11 开始助力京东账号1 - burst3166的好友: MTE1NDUwMTI0MDAwMDAwMDQyNzc3MTY3
Mar 31 18:36:14 该好友韩赵魏楚燕齐秦已满5人助力，无需您再次助力
Mar 31 18:36:14 开始助力京东账号1 - burst3166的好友: MTAxODc2NTEzOTAwMDAwMDAzMzEwNDQxMQ==
Mar 31 18:36:17 该好友王老师的表叔已满5人助力，无需您再次助力
Mar 31 18:36:17 开始助力京东账号1 - burst3166的好友: MTAxODExNDYxMTEwMDAwMDAwNDA1NzQ4ODU=
Mar 31 18:36:20 该好友jd_180134hsn已满5人助力，无需您再次助力
Mar 31 18:36:20 开始助力京东账号1 - burst3166的好友: MTAxODcxOTI2NTAwMDAwMDAyMDU1OTQ4Mw==
Mar 31 18:36:23 该好友🌻已满5人助力，无需您再次助力
Mar 31 18:36:23 开始助力京东账号1 - burst3166的好友: MTAxODc2NTEzMzAwMDAwMDAyMTM5ODA5NQ==
Mar 31 18:36:26 该好友贰伍柒已满5人助力，无需您再次助力
Mar 31 18:36:26 开始助力京东账号1 - burst3166的好友: MTAxODc2NTEzMjAwMDAwMDAyNjkwNTMzOQ==
Mar 31 18:36:29 该好友Sucker已满5人助力，无需您再次助力
Mar 31 18:36:29 开始助力京东账号1 - burst3166的好友: MTEzMzI0OTE0NTAwMDAwMDAzOTc0MDgyNw==
Mar 31 18:36:32 该好友jd_135338tfb已满5人助力，无需您再次助力
Mar 31 18:36:32 开始助力京东账号1 - burst3166的好友: MTE1NDAxNzgwMDAwMDAwNDM4MTQyMjc=
Mar 31 18:36:35 该好友zxy3607331996已满5人助力，无需您再次助力
Mar 31 18:36:35 开始助力京东账号1 - burst3166的好友: MTE1NDQ5OTUwMDAwMDAwMzgzMzgxNjk=
Mar 31 18:36:38 该好友小HH已满5人助力，无需您再次助力
Mar 31 18:36:38 开始助力京东账号1 - burst3166的好友: MTAxODc2NTEzMjAwMDAwMDAyMzE2NTU1OQ==
Mar 31 18:36:41 该好友酥搽哈迩粲已满5人助力，无需您再次助力
Mar 31 18:36:41 开始助力京东账号1 - burst3166的好友: MTE1NDUyMjEwMDAwMDAwMzkzOTQ5ODM=
Mar 31 18:36:45 该好友willow314已满5人助力，无需您再次助力
Mar 31 18:36:45 开始助力京东账号1 - burst3166的好友: MTE1NDUyMjEwMDAwMDAwNDM5NTc1MzE=
Mar 31 18:36:48 该好友JD158z老妈已满5人助力，无需您再次助力
Mar 31 18:36:51 已经领取过5好友助力额外奖励
Mar 31 18:36:51 帮您助力的好友的名单开始
Mar 31 18:36:51 任务 signInit 已完成
Mar 31 18:36:51 任务 firstFeedInit 已完成
Mar 31 18:36:51 任务 feedReachInit 已完成
Mar 31 18:36:51 任务 browseSingleShopInit 已完成
Mar 31 18:36:51 任务 browseSingleShopInit1 已完成
Mar 31 18:36:51 准备三餐签到
Mar 31 18:36:54 三餐签到结果: {"code":"0","resultCode":"0","message":"success","result":{"couponImage":"","foodAmount":113,"threeMealReward":7}}
Mar 31 18:36:54 【定时领狗粮】获得7g
Mar 31 18:36:54 
Mar 31 18:37:00 投食feedPetRes
Mar 31 18:37:00 投食成功
Mar 31 18:37:03 开始收取任务奖励好感度
Mar 31 18:37:06 
Mar 31 18:37:06 ==============📣系统通知📣==============
Mar 31 18:37:06 东东萌宠
Mar 31 18:37:06 5斤红心蜜柚
Mar 31 18:37:06 【京东账号1】burst3166
Mar 31 18:37:06 【额外奖励】已领取
Mar 31 18:37:06 【助力您的好友】刘振立，晨曦，Li shan (^～^)，MsHan韩某某，小白银VIP
Mar 31 18:37:06 【第4块勋章完成进度】25.4%，还需收集2794好感
Mar 31 18:37:06 【已获得勋章】3块，还需收集1块即可兑换奖品“5斤红心蜜柚”
Mar 31 18:37:06 
Mar 31 18:37:06 全部任务完成, 如果帮助到您可以点下🌟STAR鼓励我一下, 明天见~
Mar 31 18:37:06 
Mar 31 18:37:06 
Mar 31 18:37:06 您未提供server酱的SCKEY，取消微信推送消息通知🚫
Mar 31 18:37:06 
Mar 31 18:37:06 您未提供push+推送所需的PUSH_PLUS_TOKEN，取消push+推送消息通知🚫
Mar 31 18:37:06 
Mar 31 18:37:06 您未提供Bark的APP推送BARK_PUSH，取消Bark推送消息通知🚫
Mar 31 18:37:06 
Mar 31 18:37:06 您未提供telegram机器人推送所需的TG_BOT_TOKEN和TG_USER_ID，取消telegram推送消息通知🚫
Mar 31 18:37:06 
Mar 31 18:37:06 您未提供企业微信机器人推送所需的QYWX_KEY，取消企业微信推送消息通知🚫
Mar 31 18:37:06 
Mar 31 18:37:06 您未提供企业微信应用消息推送所需的QYWX_AM，取消企业微信应用消息推送消息通知🚫
Mar 31 18:37:06 
Mar 31 18:37:06 您未提供iGot的推送IGOT_PUSH_KEY，取消iGot推送消息通知🚫
Mar 31 18:37:06 
Mar 31 18:37:06 钉钉发送通知消息成功🎉。
Mar 31 18:37:06 
Mar 31 18:37:06 
Mar 31 18:37:06 🔔东东萌宠, 结束! 🕛 119.343 秒
Mar 31 18:37:06 
Apr 01 06:35:03 
Apr 01 06:35:03 🔔东东萌宠, 开始!
Apr 01 06:35:03 开始获取东东萌宠配置文件
Apr 01 06:35:03 
Apr 01 06:35:03 
Apr 01 06:35:03 ====================共1个京东账号Cookie=========
Apr 01 06:35:03 
Apr 01 06:35:03 ==================脚本执行- 北京时间(UTC+8)：4/1/2021, 6:35:03 AM=====================
Apr 01 06:35:03 
Apr 01 06:35:03 共1个京东账号
Apr 01 06:35:03 
Apr 01 06:35:03 您提供了1个账号的东东萌宠助力码
Apr 01 06:35:03 
Apr 01 06:35:04 
Apr 01 06:35:04 开始【京东账号1】burst3166
Apr 01 06:35:04 
Apr 01 06:35:05 随机取个20码放到您固定的互助码后面(不影响已有固定互助)
Apr 01 06:35:05 第1个京东账号将要助力的好友["MTE1NDUwMTI0MDAwMDAwMDQ2NTg5MjMx","MTE1NDUwMTI0MDAwMDAwMDQ0MjAwNDQz","MTE1NDUwMTI0MDAwMDAwMDQ0MTg3NTQz","MTE1NDAxNzgwMDAwMDAwNDQ2MTc1MDk=","MTE1NDUyMjEwMDAwMDAwNDQ2MzMyNjc=","MTE1NDUwMTI0MDAwMDAwMDQ0NjU5OTUx","MTE1NDQ5OTIwMDAwMDAwNDQ2NjgzNTc=","MTAxODc2NTEzNDAwMDAwMDAxMjQ0MjU1MQ==","MTAxODc2NTE0NzAwMDAwMDAyODI4NzM1NQ==","MTAxODc2NTEzNTAwMDAwMDAxNzUyNzU2MQ==","MTE1NDUwMTI0MDAwMDAwMDQ2MjIzOTM1","MTAxODc2NTEzNTAwMDAwMDAwOTUxMDgzNw==","MTE1NDAxNzgwMDAwMDAwNDQ0ODE1Mzk=","MTAxODc2NTEzMDAwMDAwMDAyMjU3Mjk5Nw==","MTAxODc2NTEzMDAwMDAwMDAyMDYyMTYxMQ==","MTE1NDUyMjEwMDAwMDAwMzQ3ODU2OTU=","MTE1NDUwMTI0MDAwMDAwMDM5NjA3MjY1","MTE1NDQ5MzYwMDAwMDAwNDM3MDQxNDE=","MTE1NDUyMjEwMDAwMDAwNDA4ODE0Mzc=","MTAxODc2NTEzMzAwMDAwMDAyODYwMTk0Nw==","MTE1NDQ5MzYwMDAwMDAwNDQyMTE0NzM=","MTE1NDAxNzgwMDAwMDAwNDM1MjIxMTE=","MTE1NDUwMTI0MDAwMDAwMDQzOTczNjI1","MTE1NDUwMTI0MDAwMDAwMDQzNjA3MjUz","MTE1NDQ5MzYwMDAwMDAwNDM2NjcwOTk=","MTE1NDUyMjEwMDAwMDAwNDMxMDg3NzU=","MTE1NDQ5OTIwMDAwMDAwNDQwMjc5Nzc=","MTAxODc2NTEzMDAwMDAwMDAxNzgzNDM3Mw=="]
Apr 01 06:35:08 
Apr 01 06:35:08 【京东账号1（burst3166）的东东萌宠好友互助码】MTAxODc2NTEzNDAwMDAwMDAxMjQ0MjU1MQ==
Apr 01 06:35:08 
Apr 01 06:35:08 开始任务初始化
Apr 01 06:35:11 开始遛弯
Apr 01 06:35:14 第1次遛狗完成: {"code":"0","resultCode":"1013","message":"有未领取奖励"}
Apr 01 06:35:14 开始助力京东账号1 - burst3166的好友: MTE1NDUwMTI0MDAwMDAwMDQ2NTg5MjMx
Apr 01 06:35:17 已给好友: 【jd_sscLGYyNvmRD】助力成功
Apr 01 06:35:17 开始助力京东账号1 - burst3166的好友: MTE1NDUwMTI0MDAwMDAwMDQ0MjAwNDQz
Apr 01 06:35:20 该好友晨曦已满5人助力，无需您再次助力
Apr 01 06:35:20 开始助力京东账号1 - burst3166的好友: MTE1NDUwMTI0MDAwMDAwMDQ0MTg3NTQz
Apr 01 06:35:23 已给好友: 【zacky1230】助力成功
Apr 01 06:35:23 开始助力京东账号1 - burst3166的好友: MTE1NDAxNzgwMDAwMDAwNDQ2MTc1MDk=
Apr 01 06:35:26 已给好友: 【京东用户】助力成功
Apr 01 06:35:26 开始助力京东账号1 - burst3166的好友: MTE1NDUyMjEwMDAwMDAwNDQ2MzMyNjc=
Apr 01 06:35:30 已给好友: 【酷哥ds】助力成功
Apr 01 06:35:30 开始助力京东账号1 - burst3166的好友: MTE1NDUwMTI0MDAwMDAwMDQ0NjU5OTUx
Apr 01 06:35:33 已给好友: 【jingdong626521】助力成功
Apr 01 06:35:33 开始助力京东账号1 - burst3166的好友: MTE1NDQ5OTIwMDAwMDAwNDQ2NjgzNTc=
Apr 01 06:35:36 助力好友小中族失败，您今日已无助力机会
Apr 01 06:35:39 开始领取额外奖励
Apr 01 06:35:42 领取30g额外奖励结果：【success】
Apr 01 06:35:42 帮您助力的好友的名单开始
Apr 01 06:35:42 准备每日签到
Apr 01 06:35:45 每日签到结果: {"code":"0","resultCode":"0","message":"success","result":{"couponImage":"","signReward":10,"foodAmount":198,"signDay":2}}
Apr 01 06:35:45 【每日签到成功】奖励10g狗粮
Apr 01 06:35:45 
Apr 01 06:35:45 首次投食任务合并到10次喂食任务中
Apr 01 06:35:45 
Apr 01 06:35:45 准备三餐签到
Apr 01 06:35:48 三餐签到结果: {"code":"0","resultCode":"0","message":"success","result":{"couponImage":"","foodAmount":205,"threeMealReward":7}}
Apr 01 06:35:48 【定时领狗粮】获得7g
Apr 01 06:35:48 
Apr 01 06:35:48 开始做 去逛逛好货会场 任务， 奖励5g狗粮，每天1次
Apr 01 06:35:54 【浏览指定店铺】获取5g
Apr 01 06:35:54 
Apr 01 06:35:54 开始做 爆款直降100 任务，  奖励5g狗粮，每天1次
Apr 01 06:36:00 【浏览指定店铺】获取5g
Apr 01 06:36:00 
Apr 01 06:36:00 投食任务开始...
Apr 01 06:36:00 还需要投食10次
Apr 01 06:36:03 本次投食结果: {"code":"0","resultCode":"0","message":"success","result":{"petSportStatus":2,"feedAmount":10,"petPlaceInfoList":[{"place":1,"updateSign":true,"energy":6},{"place":2,"energy":0},{"place":3,"energy":0},{"place":4,"energy":0},{"place":5,"energy":0}],"updatePlace":1,"foodAmount":213,"firstFeedReward":8,"feedReachReward":0,"showNeedCollectPop":false,"energyReward":6,"firstFeedFinishedPop":true,"feedReachFinishedPop":false,"showForceCollectPop":false}}
Apr 01 06:36:03 还需要投食9次
Apr 01 06:36:06 本次投食结果: {"code":"0","resultCode":"0","message":"success","result":{"petSportStatus":2,"feedAmount":10,"petPlaceInfoList":[{"place":1,"energy":6},{"place":2,"updateSign":true,"energy":5},{"place":3,"energy":0},{"place":4,"energy":0},{"place":5,"energy":0}],"updatePlace":2,"foodAmount":203,"firstFeedReward":0,"feedReachReward":0,"showNeedCollectPop":false,"energyReward":5,"firstFeedFinishedPop":false,"feedReachFinishedPop":false,"showForceCollectPop":false}}
Apr 01 06:36:06 还需要投食8次
Apr 01 06:36:09 本次投食结果: {"code":"0","resultCode":"0","message":"success","result":{"petSportStatus":2,"feedAmount":10,"petPlaceInfoList":[{"place":1,"energy":6},{"place":2,"energy":5},{"place":3,"updateSign":true,"energy":4},{"place":4,"energy":0},{"place":5,"energy":0}],"updatePlace":3,"foodAmount":193,"firstFeedReward":0,"feedReachReward":0,"showNeedCollectPop":false,"energyReward":4,"firstFeedFinishedPop":false,"feedReachFinishedPop":false,"showForceCollectPop":false}}
Apr 01 06:36:09 还需要投食7次
Apr 01 06:36:12 本次投食结果: {"code":"0","resultCode":"0","message":"success","result":{"petSportStatus":2,"feedAmount":10,"petPlaceInfoList":[{"place":1,"energy":6},{"place":2,"energy":5},{"place":3,"energy":4},{"place":4,"updateSign":true,"energy":7},{"place":5,"energy":0}],"updatePlace":4,"foodAmount":183,"firstFeedReward":0,"feedReachReward":0,"showNeedCollectPop":false,"energyReward":7,"firstFeedFinishedPop":false,"feedReachFinishedPop":false,"showForceCollectPop":false}}
Apr 01 06:36:12 还需要投食6次
Apr 01 06:36:15 本次投食结果: {"code":"0","resultCode":"0","message":"success","result":{"petSportStatus":2,"feedAmount":10,"petPlaceInfoList":[{"place":1,"energy":6},{"place":2,"energy":5},{"place":3,"energy":4},{"place":4,"energy":7},{"place":5,"updateSign":true,"energy":8}],"updatePlace":5,"foodAmount":173,"firstFeedReward":0,"feedReachReward":0,"showNeedCollectPop":false,"energyReward":8,"firstFeedFinishedPop":false,"feedReachFinishedPop":false,"showForceCollectPop":false}}
Apr 01 06:36:15 还需要投食5次
Apr 01 06:36:19 本次投食结果: {"code":"0","resultCode":"0","message":"success","result":{"petSportStatus":2,"feedAmount":10,"petPlaceInfoList":[{"place":1,"updateSign":true,"energy":12},{"place":2,"energy":5},{"place":3,"energy":4},{"place":4,"energy":7},{"place":5,"energy":8}],"updatePlace":1,"foodAmount":163,"firstFeedReward":0,"feedReachReward":0,"showNeedCollectPop":false,"energyReward":6,"firstFeedFinishedPop":false,"feedReachFinishedPop":false,"showForceCollectPop":false}}
Apr 01 06:36:19 还需要投食4次
Apr 01 06:36:22 本次投食结果: {"code":"0","resultCode":"0","message":"success","result":{"petSportStatus":2,"feedAmount":10,"petPlaceInfoList":[{"place":1,"energy":12},{"place":2,"updateSign":true,"energy":10},{"place":3,"energy":4},{"place":4,"energy":7},{"place":5,"energy":8}],"updatePlace":2,"foodAmount":153,"firstFeedReward":0,"feedReachReward":0,"showNeedCollectPop":false,"energyReward":5,"firstFeedFinishedPop":false,"feedReachFinishedPop":false,"showForceCollectPop":false}}
Apr 01 06:36:22 还需要投食3次
Apr 01 06:36:25 本次投食结果: {"code":"0","resultCode":"0","message":"success","result":{"petSportStatus":2,"feedAmount":10,"petPlaceInfoList":[{"place":1,"energy":12},{"place":2,"energy":10},{"place":3,"updateSign":true,"energy":10},{"place":4,"energy":7},{"place":5,"energy":8}],"updatePlace":3,"foodAmount":143,"firstFeedReward":0,"feedReachReward":0,"showNeedCollectPop":false,"energyReward":6,"firstFeedFinishedPop":false,"feedReachFinishedPop":false,"showForceCollectPop":false}}
Apr 01 06:36:25 还需要投食2次
Apr 01 06:36:28 本次投食结果: {"code":"0","resultCode":"0","message":"success","result":{"petSportStatus":2,"feedAmount":10,"petPlaceInfoList":[{"place":1,"energy":12},{"place":2,"energy":10},{"place":3,"energy":10},{"place":4,"updateSign":true,"energy":11},{"place":5,"energy":8}],"updatePlace":4,"foodAmount":133,"firstFeedReward":0,"feedReachReward":0,"showNeedCollectPop":false,"energyReward":4,"firstFeedFinishedPop":false,"feedReachFinishedPop":false,"showForceCollectPop":false}}
Apr 01 06:36:28 还需要投食1次
Apr 01 06:36:31 本次投食结果: {"code":"0","resultCode":"0","message":"success","result":{"petSportStatus":2,"feedAmount":10,"petPlaceInfoList":[{"place":1,"energy":12},{"place":2,"energy":10},{"place":3,"energy":10},{"place":4,"energy":11},{"place":5,"updateSign":true,"energy":16}],"updatePlace":5,"foodAmount":131,"firstFeedReward":0,"feedReachReward":8,"showNeedCollectPop":false,"energyReward":8,"firstFeedFinishedPop":false,"feedReachFinishedPop":true,"showForceCollectPop":false}}
Apr 01 06:36:31 投食任务结束...
Apr 01 06:36:31 
Apr 01 06:36:37 投食feedPetRes
Apr 01 06:36:37 投食成功
Apr 01 06:36:40 投食feedPetRes
Apr 01 06:36:40 投食成功
Apr 01 06:36:43 投食feedPetRes
Apr 01 06:36:43 投食成功
Apr 01 06:36:46 开始收取任务奖励好感度
Apr 01 06:36:49 
Apr 01 06:36:49 ==============📣系统通知📣==============
Apr 01 06:36:49 东东萌宠
Apr 01 06:36:49 5斤红心蜜柚
Apr 01 06:36:49 【京东账号1】burst3166
Apr 01 06:36:49 【您助力的好友】jd_sscLGYyNvmRD，zacky1230，京东用户，酷哥ds，jingdong626521
Apr 01 06:36:49 【额外奖励30领取】success
Apr 01 06:36:49 【助力您的好友】lzwlzw123，Li shan (^～^)，MsHan韩某某，jd_cxtkhsXcophE，小白银VIP
Apr 01 06:36:49 【第4块勋章完成进度】27.5%，还需收集2718好感
Apr 01 06:36:49 【已获得勋章】3块，还需收集1块即可兑换奖品“5斤红心蜜柚”
Apr 01 06:36:49 
Apr 01 06:36:49 全部任务完成, 如果帮助到您可以点下🌟STAR鼓励我一下, 明天见~
Apr 01 06:36:49 
Apr 01 06:36:49 
Apr 01 06:36:49 您未提供server酱的SCKEY，取消微信推送消息通知🚫
Apr 01 06:36:49 
Apr 01 06:36:49 您未提供push+推送所需的PUSH_PLUS_TOKEN，取消push+推送消息通知🚫
Apr 01 06:36:49 
Apr 01 06:36:49 您未提供Bark的APP推送BARK_PUSH，取消Bark推送消息通知🚫
Apr 01 06:36:49 
Apr 01 06:36:49 您未提供telegram机器人推送所需的TG_BOT_TOKEN和TG_USER_ID，取消telegram推送消息通知🚫
Apr 01 06:36:49 
Apr 01 06:36:49 您未提供企业微信机器人推送所需的QYWX_KEY，取消企业微信推送消息通知🚫
Apr 01 06:36:49 
Apr 01 06:36:49 您未提供企业微信应用消息推送所需的QYWX_AM，取消企业微信应用消息推送消息通知🚫
Apr 01 06:36:49 
Apr 01 06:36:49 您未提供iGot的推送IGOT_PUSH_KEY，取消iGot推送消息通知🚫
Apr 01 06:36:49 
Apr 01 06:36:49 钉钉发送通知消息成功🎉。
Apr 01 06:36:49 
Apr 01 06:36:49 
Apr 01 06:36:49 🔔东东萌宠, 结束! 🕛 106.53 秒
Apr 01 06:36:49 
Apr 01 12:35:27 
Apr 01 12:35:27 🔔东东萌宠, 开始!
Apr 01 12:35:27 开始获取东东萌宠配置文件
Apr 01 12:35:27 
Apr 01 12:35:27 
Apr 01 12:35:27 ====================共1个京东账号Cookie=========
Apr 01 12:35:27 
Apr 01 12:35:27 ==================脚本执行- 北京时间(UTC+8)：4/1/2021, 12:35:27 PM=====================
Apr 01 12:35:27 
Apr 01 12:35:27 共1个京东账号
Apr 01 12:35:27 
Apr 01 12:35:27 您提供了1个账号的东东萌宠助力码
Apr 01 12:35:27 
Apr 01 12:35:28 
Apr 01 12:35:28 开始【京东账号1】burst3166
Apr 01 12:35:28 
Apr 01 12:35:29 随机取个20码放到您固定的互助码后面(不影响已有固定互助)
Apr 01 12:35:29 第1个京东账号将要助力的好友["MTE1NDUwMTI0MDAwMDAwMDQ2NTg5MjMx","MTE1NDUwMTI0MDAwMDAwMDQ0MjAwNDQz","MTE1NDUwMTI0MDAwMDAwMDQ0MTg3NTQz","MTE1NDAxNzgwMDAwMDAwNDQ2MTc1MDk=","MTE1NDUyMjEwMDAwMDAwNDQ2MzMyNjc=","MTE1NDUwMTI0MDAwMDAwMDQ0NjU5OTUx","MTE1NDQ5OTIwMDAwMDAwNDQ2NjgzNTc=","MTAxODc2NTEzNDAwMDAwMDAxMjQ0MjU1MQ==","MTEzMzI0OTE0NTAwMDAwMDA0MzQyNDI2NQ==","MTE1NDAxNzgwMDAwMDAwNDM5NjQ1NjM=","MTEzMzI0OTE0NTAwMDAwMDAzNDk3NTEzMQ==","MTE1NDQ5OTIwMDAwMDAwMzkwMDM1Mjc=","MTE1NDAxNzgwMDAwMDAwNDQzMTUwMDM=","MTAxODc2NTEzNTAwMDAwMDAzMzA0Mzc2MQ==","MTE1NDAxNzcwMDAwMDAwMzk4Nzc1MjE=","MTE1NDAxNzgwMDAwMDAwNDI4MTIxMTk=","MTAxODc2NTEzMDAwMDAwMDAyNzE0NzUyNw==","MTE1NDQ5OTUwMDAwMDAwMzkwNjY1Mzc=","MTE1NDUyMjEwMDAwMDAwNDIwNjg4MTM=","MTAxODc2NTEzNDAwMDAwMDAwMDE3ODg2MQ==","MTE1NDUwMTI0MDAwMDAwMDQzOTczNjI1","MTAxODc2NTEzOTAwMDAwMDAyODgzMDg2Nw==","MTAxODc2NTEzMDAwMDAwMDAyMTU2MTE5Nw==","MTE1NDQ5MzYwMDAwMDAwNDMzODc1MjE=","MTE1NDQ5MzYwMDAwMDAwMzk2ODE3NTU=","MTE1NDQ5MzYwMDAwMDAwMzU1MjgxNTU=","MTE1NDAxNzcwMDAwMDAwMzkxMzgzMDE=","MTE1NDQ5OTUwMDAwMDAwNDI2NzgzODE="]
Apr 01 12:35:32 
Apr 01 12:35:32 【京东账号1（burst3166）的东东萌宠好友互助码】MTAxODc2NTEzNDAwMDAwMDAxMjQ0MjU1MQ==
Apr 01 12:35:32 
Apr 01 12:35:32 开始任务初始化
Apr 01 12:35:35 开始遛弯
Apr 01 12:35:38 第1次遛狗完成: {"code":"0","resultCode":"1013","message":"有未领取奖励"}
Apr 01 12:35:38 开始助力京东账号1 - burst3166的好友: MTE1NDUwMTI0MDAwMDAwMDQ2NTg5MjMx
Apr 01 12:35:41 助力好友结果: 已经助过力
Apr 01 12:35:41 开始助力京东账号1 - burst3166的好友: MTE1NDUwMTI0MDAwMDAwMDQ0MjAwNDQz
Apr 01 12:35:44 该好友晨曦已满5人助力，无需您再次助力
Apr 01 12:35:44 开始助力京东账号1 - burst3166的好友: MTE1NDUwMTI0MDAwMDAwMDQ0MTg3NTQz
Apr 01 12:35:47 助力好友结果: 已经助过力
Apr 01 12:35:47 开始助力京东账号1 - burst3166的好友: MTE1NDAxNzgwMDAwMDAwNDQ2MTc1MDk=
Apr 01 12:35:50 助力好友结果: 已经助过力
Apr 01 12:35:50 开始助力京东账号1 - burst3166的好友: MTE1NDUyMjEwMDAwMDAwNDQ2MzMyNjc=
Apr 01 12:35:54 助力好友结果: 已经助过力
Apr 01 12:35:54 开始助力京东账号1 - burst3166的好友: MTE1NDUwMTI0MDAwMDAwMDQ0NjU5OTUx
Apr 01 12:35:57 助力好友结果: 已经助过力
Apr 01 12:35:57 开始助力京东账号1 - burst3166的好友: MTE1NDQ5OTIwMDAwMDAwNDQ2NjgzNTc=
Apr 01 12:36:00 该好友小中族已满5人助力，无需您再次助力
Apr 01 12:36:00 开始助力京东账号1 - burst3166的好友: MTAxODc2NTEzNDAwMDAwMDAxMjQ0MjU1MQ==
Apr 01 12:36:03 助力好友结果: 不能助力自己
Apr 01 12:36:03 开始助力京东账号1 - burst3166的好友: MTEzMzI0OTE0NTAwMDAwMDA0MzQyNDI2NQ==
Apr 01 12:36:06 该好友jd_7b49d1f4f6ab6已满5人助力，无需您再次助力
Apr 01 12:36:06 开始助力京东账号1 - burst3166的好友: MTE1NDAxNzgwMDAwMDAwNDM5NjQ1NjM=
Apr 01 12:36:09 该好友lxlixiao789已满5人助力，无需您再次助力
Apr 01 12:36:09 开始助力京东账号1 - burst3166的好友: MTEzMzI0OTE0NTAwMDAwMDAzNDk3NTEzMQ==
Apr 01 12:36:12 该好友微风忆昔已满5人助力，无需您再次助力
Apr 01 12:36:12 开始助力京东账号1 - burst3166的好友: MTE1NDQ5OTIwMDAwMDAwMzkwMDM1Mjc=
Apr 01 12:36:15 该好友🙂🙃🙄已满5人助力，无需您再次助力
Apr 01 12:36:15 开始助力京东账号1 - burst3166的好友: MTE1NDAxNzgwMDAwMDAwNDQzMTUwMDM=
Apr 01 12:36:18 该好友dandan7675xh已满5人助力，无需您再次助力
Apr 01 12:36:18 开始助力京东账号1 - burst3166的好友: MTAxODc2NTEzNTAwMDAwMDAzMzA0Mzc2MQ==
Apr 01 12:36:21 该好友Dong已满5人助力，无需您再次助力
Apr 01 12:36:21 开始助力京东账号1 - burst3166的好友: MTE1NDAxNzcwMDAwMDAwMzk4Nzc1MjE=
Apr 01 12:36:24 该好友sky-sea已满5人助力，无需您再次助力
Apr 01 12:36:24 开始助力京东账号1 - burst3166的好友: MTE1NDAxNzgwMDAwMDAwNDI4MTIxMTk=
Apr 01 12:36:27 该好友CZX已满5人助力，无需您再次助力
Apr 01 12:36:27 开始助力京东账号1 - burst3166的好友: MTAxODc2NTEzMDAwMDAwMDAyNzE0NzUyNw==
Apr 01 12:36:30 该好友A已满5人助力，无需您再次助力
Apr 01 12:36:30 开始助力京东账号1 - burst3166的好友: MTE1NDQ5OTUwMDAwMDAwMzkwNjY1Mzc=
Apr 01 12:36:33 该好友WLUP已满5人助力，无需您再次助力
Apr 01 12:36:33 开始助力京东账号1 - burst3166的好友: MTE1NDUyMjEwMDAwMDAwNDIwNjg4MTM=
Apr 01 12:36:37 该好友如意丶吉祥已满5人助力，无需您再次助力
Apr 01 12:36:37 开始助力京东账号1 - burst3166的好友: MTAxODc2NTEzNDAwMDAwMDAwMDE3ODg2MQ==
Apr 01 12:36:40 该好友困在水晶里的海豚已满5人助力，无需您再次助力
Apr 01 12:36:40 开始助力京东账号1 - burst3166的好友: MTE1NDUwMTI0MDAwMDAwMDQzOTczNjI1
Apr 01 12:36:43 该好友Freddy已满5人助力，无需您再次助力
Apr 01 12:36:43 开始助力京东账号1 - burst3166的好友: MTAxODc2NTEzOTAwMDAwMDAyODgzMDg2Nw==
Apr 01 12:36:46 该好友1已满5人助力，无需您再次助力
Apr 01 12:36:46 开始助力京东账号1 - burst3166的好友: MTAxODc2NTEzMDAwMDAwMDAyMTU2MTE5Nw==
Apr 01 12:36:49 该好友莹子已满5人助力，无需您再次助力
Apr 01 12:36:49 开始助力京东账号1 - burst3166的好友: MTE1NDQ5MzYwMDAwMDAwNDMzODc1MjE=
Apr 01 12:36:52 该好友vivan西西已满5人助力，无需您再次助力
Apr 01 12:36:52 开始助力京东账号1 - burst3166的好友: MTE1NDQ5MzYwMDAwMDAwMzk2ODE3NTU=
Apr 01 12:36:55 该好友jd_6e25be212801d已满5人助力，无需您再次助力
Apr 01 12:36:55 开始助力京东账号1 - burst3166的好友: MTE1NDQ5MzYwMDAwMDAwMzU1MjgxNTU=
Apr 01 12:36:58 该好友洋~已满5人助力，无需您再次助力
Apr 01 12:36:58 开始助力京东账号1 - burst3166的好友: MTE1NDAxNzcwMDAwMDAwMzkxMzgzMDE=
Apr 01 12:37:01 该好友小鱼丸丸呀已满5人助力，无需您再次助力
Apr 01 12:37:01 开始助力京东账号1 - burst3166的好友: MTE1NDQ5OTUwMDAwMDAwNDI2NzgzODE=
Apr 01 12:37:04 该好友ZCB320已满5人助力，无需您再次助力
Apr 01 12:37:07 已经领取过5好友助力额外奖励
Apr 01 12:37:07 帮您助力的好友的名单开始
Apr 01 12:37:07 任务 signInit 已完成
Apr 01 12:37:07 任务 firstFeedInit 已完成
Apr 01 12:37:07 任务 feedReachInit 已完成
Apr 01 12:37:07 任务 browseSingleShopInit 已完成
Apr 01 12:37:07 任务 browseSingleShopInit1 已完成
Apr 01 12:37:07 准备三餐签到
Apr 01 12:37:10 三餐签到结果: {"code":"0","resultCode":"0","message":"success","result":{"couponImage":"","foodAmount":105,"threeMealReward":4}}
Apr 01 12:37:10 【定时领狗粮】获得4g
Apr 01 12:37:10 
Apr 01 12:37:13 目前剩余狗粮：【105】g,不再继续投食,保留部分狗粮用于完成第二天任务
Apr 01 12:37:13 开始收取任务奖励好感度
Apr 01 12:37:16 
Apr 01 12:37:16 ==============📣系统通知📣==============
Apr 01 12:37:16 东东萌宠
Apr 01 12:37:16 5斤红心蜜柚
Apr 01 12:37:16 【京东账号1】burst3166
Apr 01 12:37:16 【额外奖励】已领取
Apr 01 12:37:16 【助力您的好友】lzwlzw123，Li shan (^～^)，MsHan韩某某，jd_cxtkhsXcophE，小白银VIP
Apr 01 12:37:16 【第4块勋章完成进度】27.5%，还需收集2718好感
Apr 01 12:37:16 【已获得勋章】3块，还需收集1块即可兑换奖品“5斤红心蜜柚”
Apr 01 12:37:16 
Apr 01 12:37:16 全部任务完成, 如果帮助到您可以点下🌟STAR鼓励我一下, 明天见~
Apr 01 12:37:16 
Apr 01 12:37:16 
Apr 01 12:37:16 您未提供server酱的SCKEY，取消微信推送消息通知🚫
Apr 01 12:37:16 
Apr 01 12:37:16 您未提供push+推送所需的PUSH_PLUS_TOKEN，取消push+推送消息通知🚫
Apr 01 12:37:16 
Apr 01 12:37:16 您未提供Bark的APP推送BARK_PUSH，取消Bark推送消息通知🚫
Apr 01 12:37:16 
Apr 01 12:37:16 您未提供telegram机器人推送所需的TG_BOT_TOKEN和TG_USER_ID，取消telegram推送消息通知🚫
Apr 01 12:37:16 
Apr 01 12:37:16 您未提供企业微信机器人推送所需的QYWX_KEY，取消企业微信推送消息通知🚫
Apr 01 12:37:16 
Apr 01 12:37:16 您未提供企业微信应用消息推送所需的QYWX_AM，取消企业微信应用消息推送消息通知🚫
Apr 01 12:37:16 
Apr 01 12:37:16 您未提供iGot的推送IGOT_PUSH_KEY，取消iGot推送消息通知🚫
Apr 01 12:37:16 
Apr 01 12:37:16 钉钉发送通知消息成功🎉。
Apr 01 12:37:16 
Apr 01 12:37:16 
Apr 01 12:37:16 🔔东东萌宠, 结束! 🕛 109.028 秒
Apr 01 12:37:16 
