Mar 31 01:12:20 
Mar 31 01:12:20 🔔京东全民开红包, 开始!
Mar 31 01:12:20 
Mar 31 01:12:20 ====================共1个京东账号Cookie=========
Mar 31 01:12:20 
Mar 31 01:12:20 ==================脚本执行- 北京时间(UTC+8)：3/31/2021, 1:12:20 AM=====================
Mar 31 01:12:20 
Mar 31 01:12:20 
Mar 31 01:12:20 ****开始【京东账号1】burst3166****
Mar 31 01:12:20 
Mar 31 01:12:21     任务     状态  红包是否领取
Mar 31 01:12:21 券”逛10s   0/10      否
Mar 31 01:12:21 领3张优惠券   0/3      否
Mar 31 01:12:21 7个精选活动   0/7      否
Mar 31 01:12:21 览签到领现金   0/1      否
Mar 31 01:12:21 2个精选店铺   0/2      否
Mar 31 01:12:21 5款精选商品   0/5      否
Mar 31 01:12:21 6个精选频道   0/6      否
Mar 31 01:12:21 [京东首页点击“领券”逛10s] 任务未开发
Mar 31 01:12:21 [去领券中心领3张优惠券] 任务未开发
Mar 31 01:12:21 开始做浏览任务
Mar 31 01:12:21 
Mar 31 01:12:30 开始做浏览任务
Mar 31 01:12:30 
Mar 31 01:12:32 开始做浏览任务
Mar 31 01:12:32 
Mar 31 01:12:34 开始做浏览任务
Mar 31 01:12:34 
Mar 31 01:12:39 开始做浏览任务
Mar 31 01:12:39 
Mar 31 01:12:46 京东全民开红包获得红包：0.09元
Mar 31 01:12:46 
Mar 31 01:12:46 🔔京东全民开红包, 结束! 🕛 26.337 秒
Mar 31 01:12:46 
Mar 31 21:12:23 
Mar 31 21:12:23 🔔京东全民开红包, 开始!
Mar 31 21:12:23 
Mar 31 21:12:23 ====================共1个京东账号Cookie=========
Mar 31 21:12:23 
Mar 31 21:12:23 ==================脚本执行- 北京时间(UTC+8)：3/31/2021, 9:12:23 PM=====================
Mar 31 21:12:23 
Mar 31 21:12:24 
Mar 31 21:12:24 ****开始【京东账号1】burst3166****
Mar 31 21:12:24 
Mar 31 21:12:24     任务     状态  红包是否领取
Mar 31 21:12:24 券”逛10s   0/10      否
Mar 31 21:12:24 领3张优惠券   0/3      否
Mar 31 21:12:24 7个精选活动   7/7      是
Mar 31 21:12:24 览签到领现金   1/1      是
Mar 31 21:12:24 2个精选店铺   2/2      是
Mar 31 21:12:24 5款精选商品   5/5      是
Mar 31 21:12:24 6个精选频道   6/6      是
Mar 31 21:12:35 京东首页点击“领券”逛10s任务:{"code":"0","success":true,"busiCode":"0","message":"成功","result":{"msg":"OK","toast":null,"taskRet":{"taskId":"727","taskType":"1","taskStatus":"1","detail":{"taskType":"1","systemName":"jinliRedpacket","browseStartTime":"1617196344802","receivePrizePage":"https://happy.m.jd.com/babelDiy/Zeus/3ugedFa7yA6NhxLN5gw2L3PF9sQC/index.html","requireBrowseSeconds":"10","alreadyReceivedCount":null,"sceneId":"727","iconUrl":"https://m.360buyimg.com/babel/jfs/t1/131142/35/18063/15799/5fc61307Ec9f34ccc/9995d56c9ad98f13.png","requireCount":null,"taskStatus":"1"}},"subCode":"0"}}
Mar 31 21:12:35 [去领券中心领3张优惠券] 功能未开发
Mar 31 21:12:35 [浏览7个精选活动] 已经领取奖励
Mar 31 21:12:35 [浏览签到领现金] 已经领取奖励
Mar 31 21:12:35 [关注2个精选店铺] 已经领取奖励
Mar 31 21:12:35 [浏览5款精选商品] 已经领取奖励
Mar 31 21:12:35 [关注6个精选频道] 已经领取奖励
Mar 31 21:12:35 
Mar 31 21:12:35 
Mar 31 21:12:35 发起助力红包：成功。红包ID 284924000
Mar 31 21:12:35 
Mar 31 21:12:35 
Mar 31 21:12:35 京东全民开红包获得红包：0.09元
Mar 31 21:12:35 
Mar 31 21:12:35 
Mar 31 21:12:35 
Mar 31 21:12:35 助力结果：啊偶，TA的助力已满，开启自己的红包活动吧~
Mar 31 21:12:35 
Mar 31 21:12:35 助力结果：啊偶，TA的助力已满，开启自己的红包活动吧~
Mar 31 21:12:35 
Mar 31 21:12:35 助力结果：啊偶，TA的助力已满，开启自己的红包活动吧~
Mar 31 21:12:35 
Mar 31 21:12:35 助力结果：啊偶，TA的助力已满，开启自己的红包活动吧~
Mar 31 21:12:36 
Mar 31 21:12:36 助力结果：啊偶，TA的助力已满，开启自己的红包活动吧~
Mar 31 21:12:36 
Mar 31 21:12:36 助力结果：啊偶，TA的助力已满，开启自己的红包活动吧~
Mar 31 21:12:36 
Mar 31 21:12:36 助力结果：啊偶，TA的助力已满，开启自己的红包活动吧~
Mar 31 21:12:36 
Mar 31 21:12:36 助力结果：啊偶，TA的助力已满，开启自己的红包活动吧~
Mar 31 21:12:36 
Mar 31 21:12:36 助力结果：啊偶，TA的助力已满，开启自己的红包活动吧~
Mar 31 21:12:36 
Mar 31 21:12:36 助力结果：啊偶，TA的助力已满，开启自己的红包活动吧~
Mar 31 21:12:36 
Mar 31 21:12:36 助力结果：啊偶，TA的助力已满，开启自己的红包活动吧~
Mar 31 21:12:36 
Mar 31 21:12:36 助力结果：啊偶，TA的助力已满，开启自己的红包活动吧~
Mar 31 21:12:36 
Mar 31 21:12:36 助力结果：您已助力成功
Mar 31 21:12:36 
Mar 31 21:12:36 助力结果：您已助力成功
Mar 31 21:12:36 
Mar 31 21:12:36 助力结果：今日助力次数已满
Mar 31 21:12:36 次数已用完，跳出助力
Mar 31 21:12:36 
Mar 31 21:12:36 🔔京东全民开红包, 结束! 🕛 13.413 秒
Mar 31 21:12:36 
Mar 31 23:12:22 
Mar 31 23:12:22 🔔京东全民开红包, 开始!
Mar 31 23:12:22 
Mar 31 23:12:22 ====================共1个京东账号Cookie=========
Mar 31 23:12:22 
Mar 31 23:12:22 ==================脚本执行- 北京时间(UTC+8)：3/31/2021, 11:12:22 PM=====================
Mar 31 23:12:22 
Mar 31 23:12:23 
Mar 31 23:12:23 ****开始【京东账号1】burst3166****
Mar 31 23:12:23 
Mar 31 23:12:23     任务     状态  红包是否领取
Mar 31 23:12:23 券”逛10s   0/10      否
Mar 31 23:12:23 领3张优惠券   0/3      否
Mar 31 23:12:23 7个精选活动   7/7      是
Mar 31 23:12:23 览签到领现金   1/1      是
Mar 31 23:12:23 2个精选店铺   2/2      是
Mar 31 23:12:23 5款精选商品   5/5      是
Mar 31 23:12:23 6个精选频道   6/6      是
Mar 31 23:12:23 [去领券中心领3张优惠券] 功能未开发
Mar 31 23:12:23 [浏览7个精选活动] 已经领取奖励
Mar 31 23:12:23 [浏览签到领现金] 已经领取奖励
Mar 31 23:12:23 [关注2个精选店铺] 已经领取奖励
Mar 31 23:12:23 [浏览5款精选商品] 已经领取奖励
Mar 31 23:12:23 [关注6个精选频道] 已经领取奖励
Mar 31 23:12:23 
Mar 31 23:12:23 
Mar 31 23:12:23 当前待拆红包ID:284924000，进度：再邀2个好友，开第1个红包。当前已拆红包：0个，剩余7个红包待开，已有0好友助力
Mar 31 23:12:23 
Mar 31 23:12:23 
Mar 31 23:12:23 当前可拆红包个数：0
Mar 31 23:12:24 
Mar 31 23:12:24 
Mar 31 23:12:24 京东全民开红包获得红包：0.22元
Mar 31 23:12:24 
Mar 31 23:12:24 
Mar 31 23:12:24 
Mar 31 23:12:24 🔔京东全民开红包, 结束! 🕛 1.765 秒
Mar 31 23:12:24 
Apr 01 01:12:19 
Apr 01 01:12:19 🔔京东全民开红包, 开始!
Apr 01 01:12:19 
Apr 01 01:12:19 ====================共1个京东账号Cookie=========
Apr 01 01:12:19 
Apr 01 01:12:19 ==================脚本执行- 北京时间(UTC+8)：4/1/2021, 1:12:19 AM=====================
Apr 01 01:12:19 
Apr 01 01:12:20 
Apr 01 01:12:20 ****开始【京东账号1】burst3166****
Apr 01 01:12:20 
Apr 01 01:12:20     任务     状态  红包是否领取
Apr 01 01:12:20 券”逛10s   0/10      否
Apr 01 01:12:20 领3张优惠券   0/3      否
Apr 01 01:12:20 4个精选活动   0/4      否
Apr 01 01:12:20 览签到领现金   0/1      否
Apr 01 01:12:20 康佳精选商品   0/2      否
Apr 01 01:12:20 6个精选频道   0/6      否
Apr 01 01:12:31 京东首页点击“领券”逛10s任务:{"code":"0","success":true,"busiCode":"0","message":"成功","result":{"msg":"OK","toast":null,"taskRet":{"taskId":"728","taskType":"1","taskStatus":"1","detail":{"taskType":"1","systemName":"jinliRedpacket","browseStartTime":"1617210742775","receivePrizePage":"https://happy.m.jd.com/babelDiy/Zeus/3ugedFa7yA6NhxLN5gw2L3PF9sQC/index.html","requireBrowseSeconds":"10","alreadyReceivedCount":null,"sceneId":"728","iconUrl":"https://m.360buyimg.com/babel/jfs/t1/131142/35/18063/15799/5fc61307Ec9f34ccc/9995d56c9ad98f13.png","requireCount":null,"taskStatus":"1"}},"subCode":"0"}}
Apr 01 01:12:31 [去领券中心领3张优惠券] 功能未开发
Apr 01 01:12:31 开始做浏览任务
Apr 01 01:12:31 
Apr 01 01:12:37 开始做浏览任务
Apr 01 01:12:37 
Apr 01 01:12:39 开始做浏览任务
Apr 01 01:12:39 
Apr 01 01:12:41 开始做浏览任务
Apr 01 01:12:41 
Apr 01 01:12:48 
Apr 01 01:12:48 
Apr 01 01:12:48 发起助力红包：成功。红包ID 284977525
Apr 01 01:12:48 
Apr 01 01:12:48 
Apr 01 01:12:48 京东全民开红包获得红包：0.07元
Apr 01 01:12:48 
Apr 01 01:12:48 
Apr 01 01:12:48 
Apr 01 01:12:48 助力结果：啊偶，TA的助力已满，开启自己的红包活动吧~
Apr 01 01:12:48 
Apr 01 01:12:48 助力结果：啊偶，TA的助力已满，开启自己的红包活动吧~
Apr 01 01:12:48 
Apr 01 01:12:48 助力结果：啊偶，TA的助力已满，开启自己的红包活动吧~
Apr 01 01:12:48 
Apr 01 01:12:48 助力结果：啊偶，TA的助力已满，开启自己的红包活动吧~
Apr 01 01:12:48 
Apr 01 01:12:48 助力结果：啊偶，TA的助力已满，开启自己的红包活动吧~
Apr 01 01:12:48 
Apr 01 01:12:48 助力结果：啊偶，TA的助力已满，开启自己的红包活动吧~
Apr 01 01:12:48 
Apr 01 01:12:48 助力结果：啊偶，TA的助力已满，开启自己的红包活动吧~
Apr 01 01:12:48 
Apr 01 01:12:48 助力结果：啊偶，TA的助力已满，开启自己的红包活动吧~
Apr 01 01:12:48 
Apr 01 01:12:48 助力结果：啊偶，TA的助力已满，开启自己的红包活动吧~
Apr 01 01:12:48 
Apr 01 01:12:48 助力结果：啊偶，TA的助力已满，开启自己的红包活动吧~
Apr 01 01:12:48 
Apr 01 01:12:48 助力结果：啊偶，TA的助力已满，开启自己的红包活动吧~
Apr 01 01:12:48 
Apr 01 01:12:48 助力结果：啊偶，TA的助力已满，开启自己的红包活动吧~
Apr 01 01:12:48 
Apr 01 01:12:48 助力结果：啊偶，TA的助力已满，开启自己的红包活动吧~
Apr 01 01:12:49 
Apr 01 01:12:49 助力结果：啊偶，TA的助力已满，开启自己的红包活动吧~
Apr 01 01:12:49 
Apr 01 01:12:49 助力结果：啊偶，TA的助力已满，开启自己的红包活动吧~
Apr 01 01:12:49 
Apr 01 01:12:49 助力结果：啊偶，TA的助力已满，开启自己的红包活动吧~
Apr 01 01:12:49 
Apr 01 01:12:49 助力结果：啊偶，TA的助力已满，开启自己的红包活动吧~
Apr 01 01:12:49 
Apr 01 01:12:49 助力结果：啊偶，TA的助力已满，开启自己的红包活动吧~
Apr 01 01:12:49 
Apr 01 01:12:49 助力结果：啊偶，TA的助力已满，开启自己的红包活动吧~
Apr 01 01:12:49 
Apr 01 01:12:49 助力结果：啊偶，TA的助力已满，开启自己的红包活动吧~
Apr 01 01:12:49 
Apr 01 01:12:49 助力结果：啊偶，TA的助力已满，开启自己的红包活动吧~
Apr 01 01:12:49 
Apr 01 01:12:49 助力结果：啊偶，TA的助力已满，开启自己的红包活动吧~
Apr 01 01:12:49 
Apr 01 01:12:49 助力结果：啊偶，TA的助力已满，开启自己的红包活动吧~
Apr 01 01:12:49 
Apr 01 01:12:49 助力结果：啊偶，TA的助力已满，开启自己的红包活动吧~
Apr 01 01:12:49 
Apr 01 01:12:49 助力结果：啊偶，TA的助力已满，开启自己的红包活动吧~
Apr 01 01:12:49 
Apr 01 01:12:49 助力结果：啊偶，TA的助力已满，开启自己的红包活动吧~
Apr 01 01:12:49 
Apr 01 01:12:49 助力结果：啊偶，TA的助力已满，开启自己的红包活动吧~
Apr 01 01:12:49 
Apr 01 01:12:49 助力结果：啊偶，TA的助力已满，开启自己的红包活动吧~
Apr 01 01:12:49 
Apr 01 01:12:49 助力结果：啊偶，TA的助力已满，开启自己的红包活动吧~
Apr 01 01:12:49 
Apr 01 01:12:49 助力结果：啊偶，TA的助力已满，开启自己的红包活动吧~
Apr 01 01:12:49 
Apr 01 01:12:49 助力结果：啊偶，TA的助力已满，开启自己的红包活动吧~
Apr 01 01:12:50 
Apr 01 01:12:50 助力结果：啊偶，TA的助力已满，开启自己的红包活动吧~
Apr 01 01:12:50 
Apr 01 01:12:50 助力结果：啊偶，TA的助力已满，开启自己的红包活动吧~
Apr 01 01:12:50 
Apr 01 01:12:50 助力结果：啊偶，TA的助力已满，开启自己的红包活动吧~
Apr 01 01:12:50 
Apr 01 01:12:50 助力结果：啊偶，TA的助力已满，开启自己的红包活动吧~
Apr 01 01:12:50 
Apr 01 01:12:50 助力结果：啊偶，TA的助力已满，开启自己的红包活动吧~
Apr 01 01:12:50 
Apr 01 01:12:50 🔔京东全民开红包, 结束! 🕛 31.196 秒
Apr 01 01:12:50 
