Apr 22 00:06:11 
Apr 22 00:06:11 🔔进店领豆, 开始!
Apr 22 00:06:11 
Apr 22 00:06:11 ====================共1个京东账号Cookie=========
Apr 22 00:06:11 
Apr 22 00:06:11 ==================脚本执行- 北京时间(UTC+8)：4/22/2021, 12:06:11 AM=====================
Apr 22 00:06:11 
Apr 22 00:06:11 
Apr 22 00:06:11 开始【京东账号1】jd_60103fd1c8cd9
Apr 22 00:06:11 
Apr 22 00:06:11 taskId::24896
Apr 22 00:06:11 doTask-taskId::24896
Apr 22 00:06:12 taskId::24905
Apr 22 00:06:12 doTask-taskId::24905
Apr 22 00:06:12 beanCount::4
Apr 22 00:06:12 
Apr 22 00:06:12 ==============📣系统通知📣==============
Apr 22 00:06:12 进店领豆
Apr 22 00:06:12 京东账号 1 jd_60103fd1c8cd9
Apr 22 00:06:12 成功领取4京豆
Apr 22 00:06:12 
Apr 22 00:06:12 🔔进店领豆, 结束! 🕛 1.125 秒
Apr 22 00:06:12 
Apr 23 00:06:07 
Apr 23 00:06:07 🔔进店领豆, 开始!
Apr 23 00:06:07 
Apr 23 00:06:07 ====================共1个京东账号Cookie=========
Apr 23 00:06:07 
Apr 23 00:06:07 ==================脚本执行- 北京时间(UTC+8)：4/23/2021, 12:06:07 AM=====================
Apr 23 00:06:07 
Apr 23 00:06:08 
Apr 23 00:06:08 开始【京东账号1】jd_60103fd1c8cd9
Apr 23 00:06:08 
Apr 23 00:06:40 
Apr 23 00:06:40 进店领豆: API查询请求失败 ‼️‼️
Apr 23 00:06:40 
Apr 23 00:06:40 ❗️进店领豆, 错误!
Apr 23 00:06:40 
Apr 23 00:06:40 
Apr 23 00:06:40 ❌ 进店领豆, 失败! 原因: TypeError: Cannot read property 'code' of undefined!
Apr 23 00:06:40 
Apr 23 00:06:40 
Apr 23 00:06:40 🔔进店领豆, 结束! 🕛 32.863 秒
Apr 23 00:06:40 
