Apr 22 00:12:00 
Apr 22 00:12:00 🔔赚京豆, 开始!
Apr 22 00:12:00 
Apr 22 00:12:00 ====================共1个京东账号Cookie=========
Apr 22 00:12:00 
Apr 22 00:12:00 ==================脚本执行- 北京时间(UTC+8)：4/22/2021, 12:12:00 AM=====================
Apr 22 00:12:00 
Apr 22 00:12:02 
Apr 22 00:12:02 ******开始【京东账号1】jd_60103fd1c8cd9*********
Apr 22 00:12:02 
Apr 22 00:12:02 赚京豆今日签到成功
Apr 22 00:12:03 获得1京豆
Apr 22 00:12:03 做任务 天天领京豆 活动未开启，现在去开启此活动
Apr 22 00:12:03 
Apr 22 00:12:03 活动开启成功，初始：50京豆
Apr 22 00:12:03 
Apr 22 00:12:03 领取 京豆兑彩 任务
Apr 22 00:12:06 去完成 京豆兑彩 任务
Apr 22 00:12:06 领取 京豆兑彩 任务奖励
Apr 22 00:12:06 
Apr 22 00:12:06 
Apr 22 00:12:06 领取 话费充值 任务
Apr 22 00:12:10 去完成 话费充值 任务
Apr 22 00:12:10 领取 话费充值 任务奖励
Apr 22 00:12:10 
Apr 22 00:12:10 
Apr 22 00:12:10 领取 瓜分京豆 任务
Apr 22 00:12:13 去完成 瓜分京豆 任务
Apr 22 00:12:13 领取 瓜分京豆 任务奖励
Apr 22 00:12:13 
Apr 22 00:12:13 
Apr 22 00:12:13 领取 瓜分话费券 任务
Apr 22 00:12:16 去完成 瓜分话费券 任务
Apr 22 00:12:16 领取 瓜分话费券 任务奖励
Apr 22 00:12:16 
Apr 22 00:12:17 
Apr 22 00:12:17 领取 抽大奖 任务
Apr 22 00:12:20 去完成 抽大奖 任务
Apr 22 00:12:20 领取 抽大奖 任务奖励
Apr 22 00:12:20 
Apr 22 00:12:20 
Apr 22 00:12:20 领取 浏览商品 任务
Apr 22 00:12:23 去完成 浏览商品 任务
Apr 22 00:12:23 领取 浏览商品 任务奖励
Apr 22 00:12:23 
Apr 22 00:12:23 
Apr 22 00:12:23 领取 百倍返豆 任务
Apr 22 00:12:24 去完成 百倍返豆 任务
Apr 22 00:12:24 领取 百倍返豆 任务奖励
Apr 22 00:12:24 
Apr 22 00:12:24 
Apr 22 00:12:24 领取 浏览商品 任务
Apr 22 00:12:25 去完成 浏览商品 任务
Apr 22 00:12:25 领取 浏览商品 任务奖励
Apr 22 00:12:25 
Apr 22 00:12:26 
Apr 22 00:12:26 领取 浏览商品 任务
Apr 22 00:12:27 去完成 浏览商品 任务
Apr 22 00:12:27 领取 浏览商品 任务奖励
Apr 22 00:12:27 
Apr 22 00:12:27 
Apr 22 00:12:27 领取 浏览商品 任务
Apr 22 00:12:30 去完成 浏览商品 任务
Apr 22 00:12:30 领取 浏览商品 任务奖励
Apr 22 00:12:30 
Apr 22 00:12:30 
Apr 22 00:12:30 领取 浏览商品 任务
Apr 22 00:12:31 去完成 浏览商品 任务
Apr 22 00:12:31 领取 浏览商品 任务奖励
Apr 22 00:12:31 
Apr 22 00:12:31 
Apr 22 00:12:31 领取 浏览商品 任务
Apr 22 00:12:32 去完成 浏览商品 任务
Apr 22 00:12:33 领取 浏览商品 任务奖励
Apr 22 00:12:33 
Apr 22 00:12:33 
Apr 22 00:12:33 领取 浏览商品 任务
Apr 22 00:12:34 去完成 浏览商品 任务
Apr 22 00:12:34 领取 浏览商品 任务奖励
Apr 22 00:12:34 
Apr 22 00:12:34 
Apr 22 00:12:34 领取 浏览商品 任务
Apr 22 00:12:37 去完成 浏览商品 任务
Apr 22 00:12:37 领取 浏览商品 任务奖励
Apr 22 00:12:37 
Apr 22 00:12:37 
Apr 22 00:12:37 领取 浏览商品 任务
Apr 22 00:12:38 去完成 浏览商品 任务
Apr 22 00:12:38 领取 浏览商品 任务奖励
Apr 22 00:12:38 
Apr 22 00:12:38 
Apr 22 00:12:38 领取 浏览商品 任务
Apr 22 00:12:41 去完成 浏览商品 任务
Apr 22 00:12:41 领取 浏览商品 任务奖励
Apr 22 00:12:41 
Apr 22 00:12:41 
Apr 22 00:12:41 领取 浏览商品 任务
Apr 22 00:12:42 去完成 浏览商品 任务
Apr 22 00:12:43 领取 浏览商品 任务奖励
Apr 22 00:12:43 
Apr 22 00:12:43 
Apr 22 00:12:43 领取 浏览商品 任务
Apr 22 00:12:44 去完成 浏览商品 任务
Apr 22 00:12:44 领取 浏览商品 任务奖励
Apr 22 00:12:44 
Apr 22 00:12:44 
Apr 22 00:12:44 领取 浏览商品 任务
Apr 22 00:12:47 去完成 浏览商品 任务
Apr 22 00:12:47 领取 浏览商品 任务奖励
Apr 22 00:12:47 
Apr 22 00:12:47 
Apr 22 00:12:47 领取 浏览商品 任务
Apr 22 00:12:48 去完成 浏览商品 任务
Apr 22 00:12:48 领取 浏览商品 任务奖励
Apr 22 00:12:48 
Apr 22 00:12:48 
Apr 22 00:12:48 领取 浏览商品 任务
Apr 22 00:12:51 去完成 浏览商品 任务
Apr 22 00:12:51 领取 浏览商品 任务奖励
Apr 22 00:12:51 
Apr 22 00:12:52 
Apr 22 00:12:52 领取 浏览商品 任务
Apr 22 00:12:53 去完成 浏览商品 任务
Apr 22 00:12:53 领取 浏览商品 任务奖励
Apr 22 00:12:53 
Apr 22 00:12:53 
Apr 22 00:12:53 领取 浏览商品 任务
Apr 22 00:12:54 去完成 浏览商品 任务
Apr 22 00:12:54 领取 浏览商品 任务奖励
Apr 22 00:12:54 
Apr 22 00:12:54 
Apr 22 00:12:54 领取 浏览商品 任务
Apr 22 00:12:57 去完成 浏览商品 任务
Apr 22 00:12:57 领取 浏览商品 任务奖励
Apr 22 00:12:57 
Apr 22 00:12:57 
Apr 22 00:12:57 领取 浏览商品 任务
Apr 22 00:12:58 去完成 浏览商品 任务
Apr 22 00:12:58 领取 浏览商品 任务奖励
Apr 22 00:12:58 
Apr 22 00:12:58 
Apr 22 00:12:58 领取 浏览商品 任务
Apr 22 00:12:59 去完成 浏览商品 任务
Apr 22 00:13:00 领取 浏览商品 任务奖励
Apr 22 00:13:00 
Apr 22 00:13:01 做任务 天天领京豆 累计到100京豆可领取到京东账户 55/100
Apr 22 00:13:01 活动太火爆，请稍后再试
Apr 22 00:13:01 
Apr 22 00:13:01 
Apr 22 00:13:01 当前【赚京豆(微信小程序)-瓜分京豆】能否再次开团: 可以
Apr 22 00:13:01 assistStatus 0
Apr 22 00:13:01 
Apr 22 00:13:01 ==============📣系统通知📣==============
Apr 22 00:13:01 赚京豆
Apr 22 00:13:01 【京东账号1】jd_60103fd1c8cd9
Apr 22 00:13:01 【第1日签到】成功，获得2京豆 🐶
Apr 22 00:13:01 【明日签到】可获得2京豆 🐶
Apr 22 00:13:01 【累计获得】274京豆 🐶
Apr 22 00:13:01 
Apr 22 00:13:01 
Apr 22 00:13:01 内部互助 【赚京豆(微信小程序)-瓜分京豆】活动(优先内部账号互助(需内部cookie数量大于4个)，如有剩余助力次数则给作者lxk0301助力)
Apr 22 00:13:01 
Apr 22 00:13:01 开始账号内部互助 赚京豆-瓜分京豆 活动，如有剩余则给作者lxk0301助力
Apr 22 00:13:01 账号 jd_60103fd1c8cd9 开始给作者lxk0301 JHEjUFfcGEgMf1HObgUFNA==
Apr 22 00:13:01 助力
Apr 22 00:13:01 助力结果：团已满
Apr 22 00:13:01 
Apr 22 00:13:01 账号 jd_60103fd1c8cd9 开始给作者lxk0301 YWSNsTM-LVbKClvfK6MZnUbCOLQDCrQB
Apr 22 00:13:01 助力
Apr 22 00:13:01 助力结果：团已满
Apr 22 00:13:01 
Apr 22 00:13:01 账号 jd_60103fd1c8cd9 开始给作者lxk0301 grd6i8o1o-4=
Apr 22 00:13:01 助力
Apr 22 00:13:02 助力结果：团已满
Apr 22 00:13:02 
Apr 22 00:13:02 账号 jd_60103fd1c8cd9 开始给作者lxk0301 wK1YXZ6UIXNl41Kfzx-LuUbCOLQDCrQB
Apr 22 00:13:02 助力
Apr 22 00:13:02 助力结果：团已满
Apr 22 00:13:02 
Apr 22 00:13:02 账号 jd_60103fd1c8cd9 开始给作者lxk0301 -klecnDLBS0m_8n3fSZOYUbCOLQDCrQB
Apr 22 00:13:02 助力
Apr 22 00:13:02 助力结果：团已满
Apr 22 00:13:02 
Apr 22 00:13:02 账号 jd_60103fd1c8cd9 开始给作者lxk0301 5pnrVtJZmKGt43iUfri6c0bCOLQDCrQB
Apr 22 00:13:02 助力
Apr 22 00:13:02 助力结果：团已满
Apr 22 00:13:02 
Apr 22 00:13:02 账号 jd_60103fd1c8cd9 开始给作者lxk0301 8O7vc0OcL4NOnCDbilVvzkbCOLQDCrQB
Apr 22 00:13:02 助力
Apr 22 00:13:02 助力结果：团已满
Apr 22 00:13:02 
Apr 22 00:13:02 账号 jd_60103fd1c8cd9 开始给作者lxk0301 xwEq8ZlBgPi1B8U3e6jLrUbCOLQDCrQB
Apr 22 00:13:02 助力
Apr 22 00:13:02 助力结果：未知错误
Apr 22 00:13:02 
Apr 22 00:13:02 账号 jd_60103fd1c8cd9 开始给作者lxk0301 93s8n-xvkrJaVWMHhSj5ekbCOLQDCrQB
Apr 22 00:13:02 助力
Apr 22 00:13:02 助力结果：未知错误
Apr 22 00:13:02 
Apr 22 00:13:02 账号 jd_60103fd1c8cd9 开始给作者lxk0301 GeiBKANbW3tIQyCm0__5F0bCOLQDCrQB
Apr 22 00:13:02 助力
Apr 22 00:13:02 助力结果：未知错误
Apr 22 00:13:02 
Apr 22 00:13:02 账号 jd_60103fd1c8cd9 开始给作者lxk0301 2vQ2MxFRpGmBgnNyW3UwDkbCOLQDCrQB
Apr 22 00:13:02 助力
Apr 22 00:13:02 助力结果：未知错误
Apr 22 00:13:02 
Apr 22 00:13:02 账号 jd_60103fd1c8cd9 开始给作者lxk0301 LtZJwvRSVAjLy86fwOZtu-igWrHmsYFI
Apr 22 00:13:02 助力
Apr 22 00:13:02 助力结果：团已满
Apr 22 00:13:02 
Apr 22 00:13:02 账号 jd_60103fd1c8cd9 开始给作者lxk0301 WjI8K47io5BG4TXhwW2KSUbCOLQDCrQB
Apr 22 00:13:02 助力
Apr 22 00:13:02 助力结果：团已满
Apr 22 00:13:02 
Apr 22 00:13:02 账号 jd_60103fd1c8cd9 开始给作者lxk0301 p8EWl3zaLkUR7g7zFXgGfg==
Apr 22 00:13:02 助力
Apr 22 00:13:02 助力结果：团已满
Apr 22 00:13:02 
Apr 22 00:13:02 账号 jd_60103fd1c8cd9 开始给作者lxk0301 2f81jAVO6B-ybv8rsQ3QmEbCOLQDCrQB
Apr 22 00:13:02 助力
Apr 22 00:13:02 助力结果：未知错误
Apr 22 00:13:02 
Apr 22 00:13:02 账号 jd_60103fd1c8cd9 开始给作者lxk0301 gZkldBEvtztNGEstE0BbJ0bCOLQDCrQB
Apr 22 00:13:02 助力
Apr 22 00:13:02 助力结果：团已满
Apr 22 00:13:02 
Apr 22 00:13:02 账号 jd_60103fd1c8cd9 开始给作者lxk0301 dioNRf-bZOp53rDgiry-4Q==
Apr 22 00:13:02 助力
Apr 22 00:13:02 助力结果：未知错误
Apr 22 00:13:02 
Apr 22 00:13:02 账号 jd_60103fd1c8cd9 开始给作者lxk0301 ZQ657UXgS-v8H9uhQrTxjQ==
Apr 22 00:13:02 助力
Apr 22 00:13:02 助力结果：团已满
Apr 22 00:13:02 
Apr 22 00:13:02 账号 jd_60103fd1c8cd9 开始给作者lxk0301 ACkiTFX-LuhojMf7rBcuXA==
Apr 22 00:13:02 助力
Apr 22 00:13:03 助力结果：团已满
Apr 22 00:13:03 
Apr 22 00:13:03 账号 jd_60103fd1c8cd9 开始给作者lxk0301 kO0BqItBJ5qnQUi3BJXfDEbCOLQDCrQB
Apr 22 00:13:03 助力
Apr 22 00:13:03 助力结果：团已满
Apr 22 00:13:03 
Apr 22 00:13:03 账号 jd_60103fd1c8cd9 开始给作者lxk0301 DMsBq0iz3f_e6542JzjRqw==
Apr 22 00:13:03 助力
Apr 22 00:13:03 助力结果：团已满
Apr 22 00:13:03 
Apr 22 00:13:03 账号 jd_60103fd1c8cd9 开始给作者lxk0301 93s8n-xvkrJaVWMHhSj5ekbCOLQDCrQB
Apr 22 00:13:03 助力
Apr 22 00:13:03 助力结果：团已满
Apr 22 00:13:03 
Apr 22 00:13:03 账号 jd_60103fd1c8cd9 开始给作者lxk0301 M-8lmwohax0=
Apr 22 00:13:03 助力
Apr 22 00:13:03 助力结果：团已满
Apr 22 00:13:03 
Apr 22 00:13:03 账号 jd_60103fd1c8cd9 开始给作者lxk0301 4BWeJAKN615rZe873f1R7kbCOLQDCrQB
Apr 22 00:13:03 助力
Apr 22 00:13:03 助力结果：团已满
Apr 22 00:13:03 
Apr 22 00:13:03 账号 jd_60103fd1c8cd9 开始给作者lxk0301 e8YePcQA06Y=
Apr 22 00:13:03 助力
Apr 22 00:13:03 助力结果：团已满
Apr 22 00:13:03 
Apr 22 00:13:03 账号 jd_60103fd1c8cd9 开始给作者lxk0301 L88AL7CYtbkyprfAwex1Hu_4ckg3tovFRsI4tAMKtAE=
Apr 22 00:13:03 助力
Apr 22 00:13:03 助力结果：团已满
Apr 22 00:13:03 
Apr 22 00:13:03 账号 jd_60103fd1c8cd9 开始给作者lxk0301 p4gpDTHH2XXxsNl6ohw1j0bCOLQDCrQB
Apr 22 00:13:03 助力
Apr 22 00:13:03 助力结果：团已满
Apr 22 00:13:03 
Apr 22 00:13:03 账号 jd_60103fd1c8cd9 开始给作者lxk0301 V0J6LOjwInYG6_QuuiFukEbCOLQDCrQB
Apr 22 00:13:03 助力
Apr 22 00:13:03 助力结果：团已满
Apr 22 00:13:03 
Apr 22 00:13:03 账号 jd_60103fd1c8cd9 开始给作者lxk0301 xbyCeJb5D3oM6JR3N_KVPw==
Apr 22 00:13:03 助力
Apr 22 00:13:03 助力结果：团已满
Apr 22 00:13:03 
Apr 22 00:13:03 账号 jd_60103fd1c8cd9 开始给作者lxk0301 QMLplxauZIXV001Z_0xJDA==
Apr 22 00:13:03 助力
Apr 22 00:13:03 助力结果：团已满
Apr 22 00:13:03 
Apr 22 00:13:03 账号 jd_60103fd1c8cd9 开始给作者lxk0301 f3AWNx6Zenqr8apR2rMwK0bCOLQDCrQB
Apr 22 00:13:03 助力
Apr 22 00:13:03 助力结果：团已满
Apr 22 00:13:03 
Apr 22 00:13:03 账号 jd_60103fd1c8cd9 开始给作者lxk0301 VPOrM-g38Kr0JgfqDYBp3oF931zRy_dQ
Apr 22 00:13:03 助力
Apr 22 00:13:03 助力结果：团已满
Apr 22 00:13:03 
Apr 22 00:13:03 账号 jd_60103fd1c8cd9 开始给作者lxk0301 RF83zN4AjITuhaf1miMFGUbCOLQDCrQB
Apr 22 00:13:03 助力
Apr 22 00:13:03 助力结果：未知错误
Apr 22 00:13:03 
Apr 22 00:13:03 账号 jd_60103fd1c8cd9 开始给作者lxk0301 UlkQljan7bZxaAqtngMTk0bCOLQDCrQB
Apr 22 00:13:03 助力
Apr 22 00:13:03 助力结果：团已满
Apr 22 00:13:03 
Apr 22 00:13:03 账号 jd_60103fd1c8cd9 开始给作者lxk0301 -KRQvwYwEFIMHMG8Iwcx1EbCOLQDCrQB
Apr 22 00:13:03 助力
Apr 22 00:13:03 助力结果：团已满
Apr 22 00:13:03 
Apr 22 00:13:03 账号 jd_60103fd1c8cd9 开始给作者lxk0301 Zk_oh85cTsi6x3UcGt0f7UbCOLQDCrQB
Apr 22 00:13:03 助力
Apr 22 00:13:04 助力结果：团已满
Apr 22 00:13:04 
Apr 22 00:13:04 账号 jd_60103fd1c8cd9 开始给作者lxk0301 oDANxyVwUYb90xYZYtASkUbCOLQDCrQB
Apr 22 00:13:04 助力
Apr 22 00:13:04 助力结果：团已满
Apr 22 00:13:04 
Apr 22 00:13:04 账号 jd_60103fd1c8cd9 开始给作者lxk0301 bO-xFjHfwdOSgBZHcrBzuw==
Apr 22 00:13:04 助力
Apr 22 00:13:04 助力结果：团已满
Apr 22 00:13:04 
Apr 22 00:13:04 
Apr 22 00:13:04 🔔赚京豆, 结束! 🕛 63.299 秒
Apr 22 00:13:04 
Apr 22 18:12:10 
Apr 22 18:12:10 🔔赚京豆, 开始!
Apr 22 18:12:10 
Apr 22 18:12:10 ====================共1个京东账号Cookie=========
Apr 22 18:12:10 
Apr 22 18:12:10 ==================脚本执行- 北京时间(UTC+8)：4/22/2021, 6:12:10 PM=====================
Apr 22 18:12:10 
Apr 22 18:12:12 
Apr 22 18:12:12 ******开始【京东账号1】jd_60103fd1c8cd9*********
Apr 22 18:12:12 
Apr 22 18:12:12 【签到】失败，今日已签到
Apr 22 18:12:12 做任务 天天领京豆 累计到50京豆可领取到京东账户 55/50
Apr 22 18:12:13 50京豆领取成功
Apr 22 18:12:13 
Apr 22 18:12:13 
Apr 22 18:12:13 当前【赚京豆(微信小程序)-瓜分京豆】能否再次开团: 可以
Apr 22 18:12:13 assistStatus 0
Apr 22 18:12:13 
Apr 22 18:12:13 ==============📣系统通知📣==============
Apr 22 18:12:13 赚京豆
Apr 22 18:12:13 【京东账号1】jd_60103fd1c8cd9
Apr 22 18:12:13 【做任务 天天领京豆】50京豆
Apr 22 18:12:13 
Apr 22 18:12:13 
Apr 22 18:12:13 内部互助 【赚京豆(微信小程序)-瓜分京豆】活动(优先内部账号互助(需内部cookie数量大于4个)，如有剩余助力次数则给作者lxk0301助力)
Apr 22 18:12:13 
Apr 22 18:12:13 开始账号内部互助 赚京豆-瓜分京豆 活动，如有剩余则给作者lxk0301助力
Apr 22 18:12:13 账号 jd_60103fd1c8cd9 开始给作者lxk0301 xbyCeJb5D3oM6JR3N_KVPw==
Apr 22 18:12:13 助力
Apr 22 18:12:13 助力结果：未知错误
Apr 22 18:12:13 
Apr 22 18:12:13 账号 jd_60103fd1c8cd9 开始给作者lxk0301 QMLplxauZIXV001Z_0xJDA==
Apr 22 18:12:13 助力
Apr 22 18:12:13 助力结果：未知错误
Apr 22 18:12:13 
Apr 22 18:12:13 账号 jd_60103fd1c8cd9 开始给作者lxk0301 f3AWNx6Zenqr8apR2rMwK0bCOLQDCrQB
Apr 22 18:12:13 助力
Apr 22 18:12:13 助力结果：未知错误
Apr 22 18:12:13 
Apr 22 18:12:13 账号 jd_60103fd1c8cd9 开始给作者lxk0301 VPOrM-g38Kr0JgfqDYBp3oF931zRy_dQ
Apr 22 18:12:13 助力
Apr 22 18:12:13 助力结果：未知错误
Apr 22 18:12:13 
Apr 22 18:12:13 账号 jd_60103fd1c8cd9 开始给作者lxk0301 RF83zN4AjITuhaf1miMFGUbCOLQDCrQB
Apr 22 18:12:13 助力
Apr 22 18:12:13 助力结果：未知错误
Apr 22 18:12:13 
Apr 22 18:12:13 账号 jd_60103fd1c8cd9 开始给作者lxk0301 UlkQljan7bZxaAqtngMTk0bCOLQDCrQB
Apr 22 18:12:13 助力
Apr 22 18:12:13 助力结果：未知错误
Apr 22 18:12:14 
Apr 22 18:12:14 账号 jd_60103fd1c8cd9 开始给作者lxk0301 -KRQvwYwEFIMHMG8Iwcx1EbCOLQDCrQB
Apr 22 18:12:14 助力
Apr 22 18:12:14 助力结果：未知错误
Apr 22 18:12:14 
Apr 22 18:12:14 账号 jd_60103fd1c8cd9 开始给作者lxk0301 Zk_oh85cTsi6x3UcGt0f7UbCOLQDCrQB
Apr 22 18:12:14 助力
Apr 22 18:12:14 助力结果：未知错误
Apr 22 18:12:14 
Apr 22 18:12:14 账号 jd_60103fd1c8cd9 开始给作者lxk0301 oDANxyVwUYb90xYZYtASkUbCOLQDCrQB
Apr 22 18:12:14 助力
Apr 22 18:12:14 助力结果：未知错误
Apr 22 18:12:14 
Apr 22 18:12:14 账号 jd_60103fd1c8cd9 开始给作者lxk0301 bO-xFjHfwdOSgBZHcrBzuw==
Apr 22 18:12:14 助力
Apr 22 18:12:14 助力结果：未知错误
Apr 22 18:12:14 
Apr 22 18:12:14 
Apr 22 18:12:14 🔔赚京豆, 结束! 🕛 3.957 秒
Apr 22 18:12:14 
Apr 22 23:12:23 
Apr 22 23:12:23 🔔赚京豆, 开始!
Apr 22 23:12:23 
Apr 22 23:12:23 ====================共1个京东账号Cookie=========
Apr 22 23:12:23 
Apr 22 23:12:23 ==================脚本执行- 北京时间(UTC+8)：4/22/2021, 11:12:23 PM=====================
Apr 22 23:12:23 
Apr 22 23:12:25 
Apr 22 23:12:25 ******开始【京东账号1】jd_60103fd1c8cd9*********
Apr 22 23:12:25 
Apr 22 23:12:25 【签到】失败，今日已签到
Apr 22 23:12:25 做任务 天天领京豆 累计到50京豆可领取到京东账户 55/50
Apr 22 23:12:25 做任务 天天领京豆 200京豆已领取
Apr 22 23:12:25 
Apr 22 23:12:25 
Apr 22 23:12:25 当前【赚京豆(微信小程序)-瓜分京豆】能否再次开团: 可以
Apr 22 23:12:25 assistStatus 0
Apr 22 23:12:25 
Apr 22 23:12:25 
Apr 22 23:12:25 内部互助 【赚京豆(微信小程序)-瓜分京豆】活动(优先内部账号互助(需内部cookie数量大于4个)，如有剩余助力次数则给作者lxk0301助力)
Apr 22 23:12:25 
Apr 22 23:12:25 开始账号内部互助 赚京豆-瓜分京豆 活动，如有剩余则给作者lxk0301助力
Apr 22 23:12:25 账号 jd_60103fd1c8cd9 开始给作者lxk0301 xbyCeJb5D3oM6JR3N_KVPw==
Apr 22 23:12:25 助力
Apr 22 23:12:25 助力结果：未知错误
Apr 22 23:12:25 
Apr 22 23:12:25 账号 jd_60103fd1c8cd9 开始给作者lxk0301 QMLplxauZIXV001Z_0xJDA==
Apr 22 23:12:25 助力
Apr 22 23:12:26 助力结果：未知错误
Apr 22 23:12:26 
Apr 22 23:12:26 账号 jd_60103fd1c8cd9 开始给作者lxk0301 f3AWNx6Zenqr8apR2rMwK0bCOLQDCrQB
Apr 22 23:12:26 助力
Apr 22 23:12:26 助力结果：未知错误
Apr 22 23:12:26 
Apr 22 23:12:26 账号 jd_60103fd1c8cd9 开始给作者lxk0301 VPOrM-g38Kr0JgfqDYBp3oF931zRy_dQ
Apr 22 23:12:26 助力
Apr 22 23:12:26 助力结果：未知错误
Apr 22 23:12:26 
Apr 22 23:12:26 账号 jd_60103fd1c8cd9 开始给作者lxk0301 RF83zN4AjITuhaf1miMFGUbCOLQDCrQB
Apr 22 23:12:26 助力
Apr 22 23:12:26 助力结果：未知错误
Apr 22 23:12:26 
Apr 22 23:12:26 账号 jd_60103fd1c8cd9 开始给作者lxk0301 UlkQljan7bZxaAqtngMTk0bCOLQDCrQB
Apr 22 23:12:26 助力
Apr 22 23:12:26 助力结果：未知错误
Apr 22 23:12:26 
Apr 22 23:12:26 账号 jd_60103fd1c8cd9 开始给作者lxk0301 -KRQvwYwEFIMHMG8Iwcx1EbCOLQDCrQB
Apr 22 23:12:26 助力
Apr 22 23:12:26 助力结果：未知错误
Apr 22 23:12:26 
Apr 22 23:12:26 账号 jd_60103fd1c8cd9 开始给作者lxk0301 Zk_oh85cTsi6x3UcGt0f7UbCOLQDCrQB
Apr 22 23:12:26 助力
Apr 22 23:12:26 助力结果：未知错误
Apr 22 23:12:26 
Apr 22 23:12:26 账号 jd_60103fd1c8cd9 开始给作者lxk0301 oDANxyVwUYb90xYZYtASkUbCOLQDCrQB
Apr 22 23:12:26 助力
Apr 22 23:12:26 助力结果：未知错误
Apr 22 23:12:26 
Apr 22 23:12:26 账号 jd_60103fd1c8cd9 开始给作者lxk0301 bO-xFjHfwdOSgBZHcrBzuw==
Apr 22 23:12:26 助力
Apr 22 23:12:26 助力结果：未知错误
Apr 22 23:12:26 
Apr 22 23:12:26 
Apr 22 23:12:26 🔔赚京豆, 结束! 🕛 3.013 秒
Apr 22 23:12:26 
Apr 23 00:12:25 
Apr 23 00:12:25 🔔赚京豆, 开始!
Apr 23 00:12:25 
Apr 23 00:12:25 ====================共1个京东账号Cookie=========
Apr 23 00:12:25 
Apr 23 00:12:25 ==================脚本执行- 北京时间(UTC+8)：4/23/2021, 12:12:25 AM=====================
Apr 23 00:12:25 
Apr 23 00:12:27 
Apr 23 00:12:27 ******开始【京东账号1】jd_60103fd1c8cd9*********
Apr 23 00:12:27 
Apr 23 00:12:27 赚京豆今日签到成功
Apr 23 00:12:27 获得1京豆
Apr 23 00:12:28 做任务 天天领京豆 活动未开启，现在去开启此活动
Apr 23 00:12:28 
Apr 23 00:12:28 活动开启成功，初始：10京豆
Apr 23 00:12:29 做任务 天天领京豆 累计到50京豆可领取到京东账户 10/50
Apr 23 00:12:30 活动太火爆，请稍后再试
Apr 23 00:12:30 
Apr 23 00:12:30 
Apr 23 00:12:30 当前【赚京豆(微信小程序)-瓜分京豆】能否再次开团: 可以
Apr 23 00:12:30 assistStatus 0
Apr 23 00:12:30 
Apr 23 00:12:30 ==============📣系统通知📣==============
Apr 23 00:12:30 赚京豆
Apr 23 00:12:30 【京东账号1】jd_60103fd1c8cd9
Apr 23 00:12:30 【第2日签到】成功，获得2京豆 🐶
Apr 23 00:12:30 【明日签到】可获得10京豆 🐶
Apr 23 00:12:30 【累计获得】276京豆 🐶
Apr 23 00:12:30 
Apr 23 00:12:30 
Apr 23 00:12:30 内部互助 【赚京豆(微信小程序)-瓜分京豆】活动(优先内部账号互助(需内部cookie数量大于4个)，如有剩余助力次数则给作者lxk0301助力)
Apr 23 00:12:30 
Apr 23 00:12:30 开始账号内部互助 赚京豆-瓜分京豆 活动，如有剩余则给作者lxk0301助力
Apr 23 00:12:30 账号 jd_60103fd1c8cd9 开始给作者lxk0301 JHEjUFfcGEgMf1HObgUFNA==
Apr 23 00:12:30 助力
Apr 23 00:12:30 助力结果：团已满
Apr 23 00:12:30 
Apr 23 00:12:30 账号 jd_60103fd1c8cd9 开始给作者lxk0301 YWSNsTM-LVbKClvfK6MZnUbCOLQDCrQB
Apr 23 00:12:30 助力
Apr 23 00:12:30 助力结果：团已满
Apr 23 00:12:30 
Apr 23 00:12:30 账号 jd_60103fd1c8cd9 开始给作者lxk0301 grd6i8o1o-4=
Apr 23 00:12:30 助力
Apr 23 00:12:30 助力结果：团已满
Apr 23 00:12:30 
Apr 23 00:12:30 账号 jd_60103fd1c8cd9 开始给作者lxk0301 wK1YXZ6UIXNl41Kfzx-LuUbCOLQDCrQB
Apr 23 00:12:30 助力
Apr 23 00:12:30 助力结果：团已满
Apr 23 00:12:30 
Apr 23 00:12:30 账号 jd_60103fd1c8cd9 开始给作者lxk0301 -klecnDLBS0m_8n3fSZOYUbCOLQDCrQB
Apr 23 00:12:30 助力
Apr 23 00:12:30 助力结果：团已满
Apr 23 00:12:30 
Apr 23 00:12:30 账号 jd_60103fd1c8cd9 开始给作者lxk0301 5pnrVtJZmKGt43iUfri6c0bCOLQDCrQB
Apr 23 00:12:30 助力
Apr 23 00:12:30 助力结果：团已满
Apr 23 00:12:30 
Apr 23 00:12:30 账号 jd_60103fd1c8cd9 开始给作者lxk0301 8O7vc0OcL4NOnCDbilVvzkbCOLQDCrQB
Apr 23 00:12:30 助力
Apr 23 00:12:30 助力结果：团已满
Apr 23 00:12:30 
Apr 23 00:12:30 账号 jd_60103fd1c8cd9 开始给作者lxk0301 xwEq8ZlBgPi1B8U3e6jLrUbCOLQDCrQB
Apr 23 00:12:30 助力
Apr 23 00:12:30 助力结果：团已满
Apr 23 00:12:30 
Apr 23 00:12:30 账号 jd_60103fd1c8cd9 开始给作者lxk0301 93s8n-xvkrJaVWMHhSj5ekbCOLQDCrQB
Apr 23 00:12:30 助力
Apr 23 00:12:30 助力结果：团已满
Apr 23 00:12:30 
Apr 23 00:12:30 账号 jd_60103fd1c8cd9 开始给作者lxk0301 GeiBKANbW3tIQyCm0__5F0bCOLQDCrQB
Apr 23 00:12:30 助力
Apr 23 00:12:31 助力结果：团已满
Apr 23 00:12:31 
Apr 23 00:12:31 账号 jd_60103fd1c8cd9 开始给作者lxk0301 2vQ2MxFRpGmBgnNyW3UwDkbCOLQDCrQB
Apr 23 00:12:31 助力
Apr 23 00:12:31 助力结果：团已满
Apr 23 00:12:31 
Apr 23 00:12:31 账号 jd_60103fd1c8cd9 开始给作者lxk0301 LtZJwvRSVAjLy86fwOZtu-igWrHmsYFI
Apr 23 00:12:31 助力
Apr 23 00:12:31 助力结果：团已满
Apr 23 00:12:31 
Apr 23 00:12:31 账号 jd_60103fd1c8cd9 开始给作者lxk0301 WjI8K47io5BG4TXhwW2KSUbCOLQDCrQB
Apr 23 00:12:31 助力
Apr 23 00:12:31 助力结果：团已满
Apr 23 00:12:31 
Apr 23 00:12:31 账号 jd_60103fd1c8cd9 开始给作者lxk0301 p8EWl3zaLkUR7g7zFXgGfg==
Apr 23 00:12:31 助力
Apr 23 00:12:31 助力结果：团已满
Apr 23 00:12:31 
Apr 23 00:12:31 账号 jd_60103fd1c8cd9 开始给作者lxk0301 2f81jAVO6B-ybv8rsQ3QmEbCOLQDCrQB
Apr 23 00:12:31 助力
Apr 23 00:12:31 助力结果：团已满
Apr 23 00:12:31 
Apr 23 00:12:31 账号 jd_60103fd1c8cd9 开始给作者lxk0301 gZkldBEvtztNGEstE0BbJ0bCOLQDCrQB
Apr 23 00:12:31 助力
Apr 23 00:12:31 助力结果：团已满
Apr 23 00:12:31 
Apr 23 00:12:31 账号 jd_60103fd1c8cd9 开始给作者lxk0301 dioNRf-bZOp53rDgiry-4Q==
Apr 23 00:12:31 助力
Apr 23 00:12:31 助力结果：团已满
Apr 23 00:12:31 
Apr 23 00:12:31 账号 jd_60103fd1c8cd9 开始给作者lxk0301 ZQ657UXgS-v8H9uhQrTxjQ==
Apr 23 00:12:31 助力
Apr 23 00:12:31 助力结果：团已满
Apr 23 00:12:31 
Apr 23 00:12:31 账号 jd_60103fd1c8cd9 开始给作者lxk0301 ACkiTFX-LuhojMf7rBcuXA==
Apr 23 00:12:31 助力
Apr 23 00:12:31 助力结果：团已满
Apr 23 00:12:31 
Apr 23 00:12:31 账号 jd_60103fd1c8cd9 开始给作者lxk0301 kO0BqItBJ5qnQUi3BJXfDEbCOLQDCrQB
Apr 23 00:12:31 助力
Apr 23 00:12:31 助力结果：团已满
Apr 23 00:12:31 
Apr 23 00:12:31 账号 jd_60103fd1c8cd9 开始给作者lxk0301 DMsBq0iz3f_e6542JzjRqw==
Apr 23 00:12:31 助力
Apr 23 00:12:31 助力结果：团已满
Apr 23 00:12:31 
Apr 23 00:12:31 账号 jd_60103fd1c8cd9 开始给作者lxk0301 93s8n-xvkrJaVWMHhSj5ekbCOLQDCrQB
Apr 23 00:12:31 助力
Apr 23 00:12:31 助力结果：团已满
Apr 23 00:12:31 
Apr 23 00:12:31 账号 jd_60103fd1c8cd9 开始给作者lxk0301 M-8lmwohax0=
Apr 23 00:12:31 助力
Apr 23 00:12:31 助力结果：团已满
Apr 23 00:12:31 
Apr 23 00:12:31 账号 jd_60103fd1c8cd9 开始给作者lxk0301 4BWeJAKN615rZe873f1R7kbCOLQDCrQB
Apr 23 00:12:31 助力
Apr 23 00:12:32 助力结果：团已满
Apr 23 00:12:32 
Apr 23 00:12:32 账号 jd_60103fd1c8cd9 开始给作者lxk0301 e8YePcQA06Y=
Apr 23 00:12:32 助力
Apr 23 00:12:32 助力结果：团已满
Apr 23 00:12:32 
Apr 23 00:12:32 账号 jd_60103fd1c8cd9 开始给作者lxk0301 L88AL7CYtbkyprfAwex1Hu_4ckg3tovFRsI4tAMKtAE=
Apr 23 00:12:32 助力
Apr 23 00:12:32 助力结果：团已满
Apr 23 00:12:32 
Apr 23 00:12:32 账号 jd_60103fd1c8cd9 开始给作者lxk0301 p4gpDTHH2XXxsNl6ohw1j0bCOLQDCrQB
Apr 23 00:12:32 助力
Apr 23 00:12:32 助力结果：团已满
Apr 23 00:12:32 
Apr 23 00:12:32 账号 jd_60103fd1c8cd9 开始给作者lxk0301 V0J6LOjwInYG6_QuuiFukEbCOLQDCrQB
Apr 23 00:12:32 助力
Apr 23 00:12:32 助力结果：团已满
Apr 23 00:12:32 
Apr 23 00:12:32 账号 jd_60103fd1c8cd9 开始给作者lxk0301 xbyCeJb5D3oM6JR3N_KVPw==
Apr 23 00:12:32 助力
Apr 23 00:12:32 助力结果：团已满
Apr 23 00:12:32 
Apr 23 00:12:32 账号 jd_60103fd1c8cd9 开始给作者lxk0301 QMLplxauZIXV001Z_0xJDA==
Apr 23 00:12:32 助力
Apr 23 00:12:32 助力结果：团已满
Apr 23 00:12:32 
Apr 23 00:12:32 账号 jd_60103fd1c8cd9 开始给作者lxk0301 f3AWNx6Zenqr8apR2rMwK0bCOLQDCrQB
Apr 23 00:12:32 助力
Apr 23 00:12:32 助力结果：团已满
Apr 23 00:12:32 
Apr 23 00:12:32 账号 jd_60103fd1c8cd9 开始给作者lxk0301 VPOrM-g38Kr0JgfqDYBp3oF931zRy_dQ
Apr 23 00:12:32 助力
Apr 23 00:12:32 助力结果：团已满
Apr 23 00:12:32 
Apr 23 00:12:32 账号 jd_60103fd1c8cd9 开始给作者lxk0301 RF83zN4AjITuhaf1miMFGUbCOLQDCrQB
Apr 23 00:12:32 助力
Apr 23 00:12:32 助力结果：团已满
Apr 23 00:12:32 
Apr 23 00:12:32 账号 jd_60103fd1c8cd9 开始给作者lxk0301 UlkQljan7bZxaAqtngMTk0bCOLQDCrQB
Apr 23 00:12:32 助力
Apr 23 00:12:32 助力结果：团已满
Apr 23 00:12:32 
Apr 23 00:12:32 账号 jd_60103fd1c8cd9 开始给作者lxk0301 -KRQvwYwEFIMHMG8Iwcx1EbCOLQDCrQB
Apr 23 00:12:32 助力
Apr 23 00:12:32 助力结果：团已满
Apr 23 00:12:32 
Apr 23 00:12:32 账号 jd_60103fd1c8cd9 开始给作者lxk0301 Zk_oh85cTsi6x3UcGt0f7UbCOLQDCrQB
Apr 23 00:12:32 助力
Apr 23 00:12:32 助力结果：团已满
Apr 23 00:12:32 
Apr 23 00:12:32 账号 jd_60103fd1c8cd9 开始给作者lxk0301 oDANxyVwUYb90xYZYtASkUbCOLQDCrQB
Apr 23 00:12:32 助力
Apr 23 00:12:32 助力结果：团已满
Apr 23 00:12:32 
Apr 23 00:12:32 账号 jd_60103fd1c8cd9 开始给作者lxk0301 bO-xFjHfwdOSgBZHcrBzuw==
Apr 23 00:12:32 助力
Apr 23 00:12:32 助力结果：团已满
Apr 23 00:12:32 
Apr 23 00:12:32 
Apr 23 00:12:32 🔔赚京豆, 结束! 🕛 7.577 秒
Apr 23 00:12:32 
Apr 23 18:12:19 
Apr 23 18:12:19 🔔赚京豆, 开始!
Apr 23 18:12:19 
Apr 23 18:12:19 ====================共1个京东账号Cookie=========
Apr 23 18:12:19 
Apr 23 18:12:19 ==================脚本执行- 北京时间(UTC+8)：4/23/2021, 6:12:19 PM=====================
Apr 23 18:12:19 
Apr 23 18:12:21 
Apr 23 18:12:21 ******开始【京东账号1】jd_60103fd1c8cd9*********
Apr 23 18:12:21 
Apr 23 18:12:21 【签到】失败，今日已签到
Apr 23 18:12:21 做任务 天天领京豆 累计到50京豆可领取到京东账户 10/50
Apr 23 18:12:22 活动太火爆，请稍后再试
Apr 23 18:12:25 做任务 天天领京豆 累计到50京豆可领取到京东账户 10/50
Apr 23 18:12:25 活动太火爆，请稍后再试
Apr 23 18:12:25 
Apr 23 18:12:25 
Apr 23 18:12:25 当前【赚京豆(微信小程序)-瓜分京豆】能否再次开团: 可以
Apr 23 18:12:25 assistStatus 0
Apr 23 18:12:25 
Apr 23 18:12:25 
Apr 23 18:12:25 内部互助 【赚京豆(微信小程序)-瓜分京豆】活动(优先内部账号互助(需内部cookie数量大于4个)，如有剩余助力次数则给作者lxk0301助力)
Apr 23 18:12:25 
Apr 23 18:12:25 开始账号内部互助 赚京豆-瓜分京豆 活动，如有剩余则给作者lxk0301助力
Apr 23 18:12:25 账号 jd_60103fd1c8cd9 开始给作者lxk0301 oDANxyVwUYb90xYZYtASkUbCOLQDCrQB
Apr 23 18:12:25 助力
Apr 23 18:12:25 助力结果：未知错误
Apr 23 18:12:25 
Apr 23 18:12:25 账号 jd_60103fd1c8cd9 开始给作者lxk0301 bO-xFjHfwdOSgBZHcrBzuw==
Apr 23 18:12:25 助力
Apr 23 18:12:25 助力结果：未知错误
Apr 23 18:12:25 
Apr 23 18:12:25 
Apr 23 18:12:25 🔔赚京豆, 结束! 🕛 6.498 秒
Apr 23 18:12:25 
