Apr 22 00:31:24 
Apr 22 00:31:24 🔔东东超市, 开始!
Apr 22 00:31:24 
Apr 22 00:31:24 ====================共1个京东账号Cookie=========
Apr 22 00:31:24 
Apr 22 00:31:24 ==================脚本执行- 北京时间(UTC+8)：4/22/2021, 12:31:24 AM=====================
Apr 22 00:31:24 
Apr 22 00:31:24 共1个京东账号
Apr 22 00:31:24 
Apr 22 00:31:24 
Apr 22 00:31:24 开始【京东账号1】jd_60103fd1c8cd9
Apr 22 00:31:24 
Apr 22 00:31:25 当前无金币可领
Apr 22 00:31:25 
Apr 22 00:31:25 {"code":0,"data":{"bizCode":231,"bizMsg":"战队PK功能暂被关闭","success":false}}
Apr 22 00:31:25 
Apr 22 00:31:25 收取蓝币失败：今日小费已达上限
Apr 22 00:31:25 
Apr 22 00:31:25 日常赚钱任务       完成状态
Apr 22 00:31:25  入小游戏         已完成 1/1
Apr 22 00:31:25  关注商品         未完成 0/4
Apr 22 00:31:25  开会员卡         未完成 0/1
Apr 22 00:31:25  分享游戏         未完成 0/1
Apr 22 00:31:25  逛会场          未完成 0/6
Apr 22 00:31:25  关注店铺         未完成 0/3
Apr 22 00:31:25  去购物          未完成 0/1
Apr 22 00:31:25  卖货能手         未完成 0/1
Apr 22 00:31:25 
Apr 22 00:31:25 领取做完任务的奖励{"code":0,"data":{"bizCode":0,"bizMsg":"success","result":{"blueCoin":2000,"taskId":"21C4VDqr8rULPnwfD7caAtQSPgo7","ticket":1,"totalBlueCoin":844400,"type":11},"success":true}}
Apr 22 00:31:25 
Apr 22 00:31:25 关注商品
Apr 22 00:31:25 关注商品领蓝币结果{"code":0,"data":{"bizCode":0,"bizMsg":"","result":{"finishNum":1,"targetNum":4,"taskId":"3rVBYUEk38BrDnvNZyV2FdyEj6m2","taskStatus":0},"success":true}}
Apr 22 00:31:25 开始开卡领蓝币任务
Apr 22 00:31:25 开卡领蓝币结果{"code":0,"data":{"bizCode":304,"bizMsg":"未完成CRM开卡操作","success":false}}
Apr 22 00:31:25 邀请好友得蓝币结果{"code":0,"data":{"bizCode":0,"bizMsg":"","result":{"finishNum":1,"targetNum":1,"taskId":"Wnr7WjoRtTsaJrSkKbDKZduHCKb","taskStatus":1},"success":true}}
Apr 22 00:31:25 开始逛会场
Apr 22 00:31:26 浏览会场得蓝币结果{"code":0,"data":{"bizCode":0,"bizMsg":"","result":{"finishNum":1,"targetNum":6,"taskId":"3mtUJcJua7irGLbjHxpdgP1pRFGJ","taskStatus":0},"success":true}}
Apr 22 00:31:26 开始关注店铺
Apr 22 00:31:26 关注店铺得蓝币结果{"code":0,"data":{"bizCode":0,"bizMsg":"","result":{"finishNum":1,"targetNum":3,"taskId":"2AR3nQMUhVBLNMrGNj6cHw9fPBQc","taskStatus":0},"success":true}}
Apr 22 00:31:26 
Apr 22 00:31:26 注意⚠:东东超市抽奖已改版,花费500蓝币抽奖一次,现在脚本默认已关闭抽奖功能
Apr 22 00:31:26 
Apr 22 00:31:26 设置的为不抽奖
Apr 22 00:31:26 
Apr 22 00:31:26 [普通货架] 已解锁，当前等级：40级
Apr 22 00:31:26 冰柜可升级
Apr 22 00:31:26 
Apr 22 00:31:26 店铺升级结果:{"code":0,"data":{"bizCode":0,"bizMsg":"success","result":{"category":2,"id":"shelf-2","level":28,"name":"冰柜","status":0,"turnoverSpeed":15.6},"success":true},"msg":"调用成功"}
Apr 22 00:31:26 
Apr 22 00:31:26 [水果摊] 未解锁
Apr 22 00:31:26 [酒柜] 未解锁
Apr 22 00:31:26 发现限时商品0422
Apr 22 00:31:26 
Apr 22 00:31:26 限时商品售卖结果:{"code":0,"data":{"bizCode":0,"bizMsg":"success","result":{"reward":1000,"totalBlueCoins":845400},"success":true},"msg":"调用成功"}
Apr 22 00:31:26 
Apr 22 00:31:26 
Apr 22 00:31:26 收取营业额：获得 12124
Apr 22 00:31:26 
Apr 22 00:31:46 【京东账号1】jd_60103fd1c8cd9
Apr 22 00:31:46 【收取小费】今日小费已达上限
Apr 22 00:31:46 【第4日签到】当日已签到
Apr 22 00:31:46 【店铺等级】103
Apr 22 00:31:46 【总蓝币】845400个
Apr 22 00:31:46 
Apr 22 00:31:46 
Apr 22 00:31:46 🔔东东超市, 结束! 🕛 22.558 秒
Apr 22 00:31:46 
Apr 22 01:31:09 
Apr 22 01:31:09 🔔东东超市, 开始!
Apr 22 01:31:10 
Apr 22 01:31:10 ====================共1个京东账号Cookie=========
Apr 22 01:31:10 
Apr 22 01:31:10 ==================脚本执行- 北京时间(UTC+8)：4/22/2021, 1:31:10 AM=====================
Apr 22 01:31:10 
Apr 22 01:31:10 共1个京东账号
Apr 22 01:31:10 
Apr 22 01:31:10 
Apr 22 01:31:10 开始【京东账号1】jd_60103fd1c8cd9
Apr 22 01:31:10 
Apr 22 01:31:10 当前无金币可领
Apr 22 01:31:10 
Apr 22 01:31:10 {"code":0,"data":{"bizCode":231,"bizMsg":"战队PK功能暂被关闭","success":false}}
Apr 22 01:31:10 
Apr 22 01:31:11 收取蓝币失败：今日小费已达上限
Apr 22 01:31:11 
Apr 22 01:31:11 日常赚钱任务       完成状态
Apr 22 01:31:11  入小游戏         已完成 1/1
Apr 22 01:31:11  关注商品         未完成 1/4
Apr 22 01:31:11  开会员卡         未完成 0/1
Apr 22 01:31:11  分享游戏         已完成 1/1
Apr 22 01:31:11  逛会场          未完成 1/6
Apr 22 01:31:11  关注店铺         未完成 1/3
Apr 22 01:31:11  去购物          未完成 0/1
Apr 22 01:31:11  卖货能手         未完成 0/1
Apr 22 01:31:11 关注商品
Apr 22 01:31:11 关注商品领蓝币结果{"code":0,"data":{"bizCode":0,"bizMsg":"","result":{"finishNum":2,"targetNum":4,"taskId":"3rVBYUEk38BrDnvNZyV2FdyEj6m2","taskStatus":0},"success":true}}
Apr 22 01:31:11 开始开卡领蓝币任务
Apr 22 01:31:11 开卡领蓝币结果{"code":0,"data":{"bizCode":304,"bizMsg":"未完成CRM开卡操作","success":false}}
Apr 22 01:31:11 
Apr 22 01:31:11 领取做完任务的奖励{"code":0,"data":{"bizCode":0,"bizMsg":"success","result":{"blueCoin":2000,"taskId":"Wnr7WjoRtTsaJrSkKbDKZduHCKb","totalBlueCoin":847400,"type":1},"success":true}}
Apr 22 01:31:11 
Apr 22 01:31:11 开始逛会场
Apr 22 01:31:11 浏览会场得蓝币结果{"code":0,"data":{"bizCode":0,"bizMsg":"","result":{"finishNum":2,"targetNum":6,"taskId":"3mtUJcJua7irGLbjHxpdgP1pRFGJ","taskStatus":0},"success":true}}
Apr 22 01:31:11 开始关注店铺
Apr 22 01:31:11 关注店铺得蓝币结果{"code":0,"data":{"bizCode":0,"bizMsg":"","result":{"finishNum":2,"targetNum":3,"taskId":"2AR3nQMUhVBLNMrGNj6cHw9fPBQc","taskStatus":0},"success":true}}
Apr 22 01:31:11 
Apr 22 01:31:11 注意⚠:东东超市抽奖已改版,花费500蓝币抽奖一次,现在脚本默认已关闭抽奖功能
Apr 22 01:31:11 
Apr 22 01:31:11 设置的为不抽奖
Apr 22 01:31:11 
Apr 22 01:31:11 [普通货架] 已解锁，当前等级：40级
Apr 22 01:31:11 [冰柜] 已解锁，当前等级：28级
Apr 22 01:31:11 [水果摊] 未解锁
Apr 22 01:31:11 [酒柜] 未解锁
Apr 22 01:31:11 
Apr 22 01:31:11 限时商品0422已上架
Apr 22 01:31:12 
Apr 22 01:31:12 收取营业额：获得 12048
Apr 22 01:31:12 
Apr 22 01:31:32 【京东账号1】jd_60103fd1c8cd9
Apr 22 01:31:32 【收取小费】今日小费已达上限
Apr 22 01:31:32 【第4日签到】当日已签到
Apr 22 01:31:32 【店铺等级】103
Apr 22 01:31:32 【总蓝币】847400个
Apr 22 01:31:32 
Apr 22 01:31:32 
Apr 22 01:31:32 🔔东东超市, 结束! 🕛 22.496 秒
Apr 22 01:31:32 
Apr 22 03:31:01 
Apr 22 03:31:01 🔔东东超市, 开始!
Apr 22 03:31:01 
Apr 22 03:31:01 ====================共1个京东账号Cookie=========
Apr 22 03:31:01 
Apr 22 03:31:01 ==================脚本执行- 北京时间(UTC+8)：4/22/2021, 3:31:01 AM=====================
Apr 22 03:31:01 
Apr 22 03:31:01 共1个京东账号
Apr 22 03:31:01 
Apr 22 03:31:01 
Apr 22 03:31:01 开始【京东账号1】jd_60103fd1c8cd9
Apr 22 03:31:01 
Apr 22 03:31:02 当前无金币可领
Apr 22 03:31:02 
Apr 22 03:31:02 {"code":0,"data":{"bizCode":231,"bizMsg":"战队PK功能暂被关闭","success":false}}
Apr 22 03:31:02 
Apr 22 03:31:02 收取蓝币失败：今日小费已达上限
Apr 22 03:31:02 
Apr 22 03:31:02 日常赚钱任务       完成状态
Apr 22 03:31:02  入小游戏         已完成 1/1
Apr 22 03:31:02  关注商品         未完成 2/4
Apr 22 03:31:02  开会员卡         未完成 0/1
Apr 22 03:31:02  分享游戏         已完成 1/1
Apr 22 03:31:02  逛会场          未完成 2/6
Apr 22 03:31:02  关注店铺         未完成 2/3
Apr 22 03:31:02  去购物          未完成 0/1
Apr 22 03:31:02  卖货能手         已完成 1/1
Apr 22 03:31:02 关注商品
Apr 22 03:31:02 关注商品领蓝币结果{"code":0,"data":{"bizCode":400,"bizMsg":"非法输入，任务不存在","success":false}}
Apr 22 03:31:02 开始开卡领蓝币任务
Apr 22 03:31:02 开卡领蓝币结果{"code":0,"data":{"bizCode":400,"bizMsg":"非法输入，任务不存在","success":false}}
Apr 22 03:31:02 开始逛会场
Apr 22 03:31:02 浏览会场得蓝币结果{"code":0,"data":{"bizCode":0,"bizMsg":"","result":{"finishNum":3,"targetNum":6,"taskId":"3mtUJcJua7irGLbjHxpdgP1pRFGJ","taskStatus":0},"success":true}}
Apr 22 03:31:02 开始关注店铺
Apr 22 03:31:03 关注店铺得蓝币结果{"code":0,"data":{"bizCode":0,"bizMsg":"","result":{"finishNum":3,"targetNum":3,"taskId":"2AR3nQMUhVBLNMrGNj6cHw9fPBQc","taskStatus":1},"success":true}}
Apr 22 03:31:03 
Apr 22 03:31:03 领取做完任务的奖励{"code":0,"data":{"bizCode":0,"bizMsg":"success","result":{"blueCoin":100,"taskId":"xY5s4srZngKeA36Wtnpio4Qdj2P","totalBlueCoin":847500,"type":5},"success":true}}
Apr 22 03:31:03 
Apr 22 03:31:03 
Apr 22 03:31:03 注意⚠:东东超市抽奖已改版,花费500蓝币抽奖一次,现在脚本默认已关闭抽奖功能
Apr 22 03:31:03 
Apr 22 03:31:03 设置的为不抽奖
Apr 22 03:31:03 
Apr 22 03:31:03 [普通货架] 已解锁，当前等级：40级
Apr 22 03:31:03 [冰柜] 已解锁，当前等级：28级
Apr 22 03:31:03 [水果摊] 未解锁
Apr 22 03:31:03 [酒柜] 未解锁
Apr 22 03:31:03 
Apr 22 03:31:03 限时商品0422已上架
Apr 22 03:31:03 
Apr 22 03:31:03 收取营业额：获得 24163
Apr 22 03:31:03 
Apr 22 03:31:23 【京东账号1】jd_60103fd1c8cd9
Apr 22 03:31:23 【收取小费】今日小费已达上限
Apr 22 03:31:23 【第4日签到】当日已签到
Apr 22 03:31:23 【店铺等级】103
Apr 22 03:31:23 【总蓝币】847500个
Apr 22 03:31:23 
Apr 22 03:31:23 
Apr 22 03:31:23 🔔东东超市, 结束! 🕛 22.486 秒
Apr 22 03:31:23 
Apr 22 05:31:26 
Apr 22 05:31:26 🔔东东超市, 开始!
Apr 22 05:31:26 
Apr 22 05:31:26 ====================共1个京东账号Cookie=========
Apr 22 05:31:26 
Apr 22 05:31:26 ==================脚本执行- 北京时间(UTC+8)：4/22/2021, 5:31:26 AM=====================
Apr 22 05:31:26 
Apr 22 05:31:26 共1个京东账号
Apr 22 05:31:26 
Apr 22 05:31:27 
Apr 22 05:31:27 开始【京东账号1】jd_60103fd1c8cd9
Apr 22 05:31:27 
Apr 22 05:31:27 当前无金币可领
Apr 22 05:31:27 
Apr 22 05:31:27 {"code":0,"data":{"bizCode":231,"bizMsg":"战队PK功能暂被关闭","success":false}}
Apr 22 05:31:27 
Apr 22 05:31:27 收取蓝币失败：今日小费已达上限
Apr 22 05:31:27 
Apr 22 05:31:27 日常赚钱任务       完成状态
Apr 22 05:31:27  入小游戏         已完成 1/1
Apr 22 05:31:27  关注商品         未完成 2/4
Apr 22 05:31:27  开会员卡         未完成 0/1
Apr 22 05:31:27  分享游戏         已完成 1/1
Apr 22 05:31:27  逛会场          未完成 3/6
Apr 22 05:31:27  关注店铺         已完成 3/3
Apr 22 05:31:27  去购物          未完成 0/1
Apr 22 05:31:27  卖货能手         已完成 1/1
Apr 22 05:31:27 关注商品
Apr 22 05:31:28 关注商品领蓝币结果{"code":0,"data":{"bizCode":0,"bizMsg":"","result":{"finishNum":3,"targetNum":4,"taskId":"3rVBYUEk38BrDnvNZyV2FdyEj6m2","taskStatus":0},"success":true}}
Apr 22 05:31:28 开始开卡领蓝币任务
Apr 22 05:31:28 开卡领蓝币结果{"code":0,"data":{"bizCode":304,"bizMsg":"未完成CRM开卡操作","success":false}}
Apr 22 05:31:28 开始逛会场
Apr 22 05:31:28 浏览会场得蓝币结果{"code":0,"data":{"bizCode":0,"bizMsg":"","result":{"finishNum":4,"targetNum":6,"taskId":"3mtUJcJua7irGLbjHxpdgP1pRFGJ","taskStatus":0},"success":true}}
Apr 22 05:31:28 
Apr 22 05:31:28 领取做完任务的奖励{"code":0,"data":{"bizCode":0,"bizMsg":"success","result":{"blueCoin":2000,"taskId":"2AR3nQMUhVBLNMrGNj6cHw9fPBQc","ticket":1,"totalBlueCoin":849500,"type":8},"success":true}}
Apr 22 05:31:28 
Apr 22 05:31:28 
Apr 22 05:31:28 注意⚠:东东超市抽奖已改版,花费500蓝币抽奖一次,现在脚本默认已关闭抽奖功能
Apr 22 05:31:28 
Apr 22 05:31:28 设置的为不抽奖
Apr 22 05:31:28 
Apr 22 05:31:28 [普通货架] 已解锁，当前等级：40级
Apr 22 05:31:28 [冰柜] 已解锁，当前等级：28级
Apr 22 05:31:28 [水果摊] 未解锁
Apr 22 05:31:28 [酒柜] 未解锁
Apr 22 05:31:28 
Apr 22 05:31:28 限时商品0422已上架
Apr 22 05:31:28 
Apr 22 05:31:28 收取营业额：获得 24277
Apr 22 05:31:28 
Apr 22 05:31:48 【京东账号1】jd_60103fd1c8cd9
Apr 22 05:31:48 【收取小费】今日小费已达上限
Apr 22 05:31:48 【第4日签到】当日已签到
Apr 22 05:31:48 【店铺等级】103
Apr 22 05:31:48 【总蓝币】849500个
Apr 22 05:31:48 
Apr 22 05:31:48 
Apr 22 05:31:48 🔔东东超市, 结束! 🕛 22.389 秒
Apr 22 05:31:48 
Apr 22 07:31:29 
Apr 22 07:31:29 🔔东东超市, 开始!
Apr 22 07:31:29 
Apr 22 07:31:29 ====================共1个京东账号Cookie=========
Apr 22 07:31:29 
Apr 22 07:31:29 ==================脚本执行- 北京时间(UTC+8)：4/22/2021, 7:31:29 AM=====================
Apr 22 07:31:29 
Apr 22 07:31:29 共1个京东账号
Apr 22 07:31:29 
Apr 22 07:31:29 
Apr 22 07:31:29 开始【京东账号1】jd_60103fd1c8cd9
Apr 22 07:31:29 
Apr 22 07:31:30 当前无金币可领
Apr 22 07:31:30 
Apr 22 07:31:30 {"code":0,"data":{"bizCode":231,"bizMsg":"战队PK功能暂被关闭","success":false}}
Apr 22 07:31:30 
Apr 22 07:31:30 收取蓝币失败：今日小费已达上限
Apr 22 07:31:30 
Apr 22 07:31:30 日常赚钱任务       完成状态
Apr 22 07:31:30  入小游戏         已完成 1/1
Apr 22 07:31:30  关注商品         未完成 3/4
Apr 22 07:31:30  开会员卡         未完成 0/1
Apr 22 07:31:30  分享游戏         已完成 1/1
Apr 22 07:31:30  逛会场          未完成 4/6
Apr 22 07:31:30  关注店铺         已完成 3/3
Apr 22 07:31:30  去购物          未完成 0/1
Apr 22 07:31:30  卖货能手         已完成 1/1
Apr 22 07:31:30 关注商品
Apr 22 07:31:30 关注商品领蓝币结果{"code":0,"data":{"bizCode":0,"bizMsg":"","result":{"finishNum":4,"targetNum":4,"taskId":"3rVBYUEk38BrDnvNZyV2FdyEj6m2","taskStatus":1},"success":true}}
Apr 22 07:31:30 开始开卡领蓝币任务
Apr 22 07:31:30 开卡领蓝币结果{"code":0,"data":{"bizCode":304,"bizMsg":"未完成CRM开卡操作","success":false}}
Apr 22 07:31:30 开始逛会场
Apr 22 07:31:30 浏览会场得蓝币结果{"code":0,"data":{"bizCode":0,"bizMsg":"","result":{"finishNum":5,"targetNum":6,"taskId":"3mtUJcJua7irGLbjHxpdgP1pRFGJ","taskStatus":0},"success":true}}
Apr 22 07:31:30 
Apr 22 07:31:30 注意⚠:东东超市抽奖已改版,花费500蓝币抽奖一次,现在脚本默认已关闭抽奖功能
Apr 22 07:31:30 
Apr 22 07:31:30 设置的为不抽奖
Apr 22 07:31:30 
Apr 22 07:31:30 [普通货架] 已解锁，当前等级：40级
Apr 22 07:31:30 [冰柜] 已解锁，当前等级：28级
Apr 22 07:31:30 [水果摊] 未解锁
Apr 22 07:31:30 [酒柜] 未解锁
Apr 22 07:31:30 
Apr 22 07:31:30 限时商品0422已上架
Apr 22 07:31:31 店铺升级奖励获取:2500蓝币
Apr 22 07:31:31 
Apr 22 07:31:31 
Apr 22 07:31:31 收取营业额：获得 24202
Apr 22 07:31:31 
Apr 22 07:31:51 【京东账号1】jd_60103fd1c8cd9
Apr 22 07:31:51 【收取小费】今日小费已达上限
Apr 22 07:31:51 【第4日签到】当日已签到
Apr 22 07:31:51 【店铺等级】104
Apr 22 07:31:51 【总蓝币】852000个
Apr 22 07:31:51 
Apr 22 07:31:51 
Apr 22 07:31:51 🔔东东超市, 结束! 🕛 22.464 秒
Apr 22 07:31:51 
Apr 22 09:31:20 
Apr 22 09:31:20 🔔东东超市, 开始!
Apr 22 09:31:20 
Apr 22 09:31:20 ====================共1个京东账号Cookie=========
Apr 22 09:31:20 
Apr 22 09:31:20 ==================脚本执行- 北京时间(UTC+8)：4/22/2021, 9:31:20 AM=====================
Apr 22 09:31:20 
Apr 22 09:31:20 共1个京东账号
Apr 22 09:31:20 
Apr 22 09:31:21 
Apr 22 09:31:21 开始【京东账号1】jd_60103fd1c8cd9
Apr 22 09:31:21 
Apr 22 09:31:21 当前无金币可领
Apr 22 09:31:22 
Apr 22 09:31:22 {"code":0,"data":{"bizCode":231,"bizMsg":"战队PK功能暂被关闭","success":false}}
Apr 22 09:31:22 
Apr 22 09:31:22 收取蓝币失败：今日小费已达上限
Apr 22 09:31:23 
Apr 22 09:31:23 日常赚钱任务       完成状态
Apr 22 09:31:23  入小游戏         已完成 1/1
Apr 22 09:31:23  关注商品         已完成 4/4
Apr 22 09:31:23  开会员卡         未完成 0/1
Apr 22 09:31:23  分享游戏         已完成 1/1
Apr 22 09:31:23  逛会场          未完成 5/6
Apr 22 09:31:23  关注店铺         已完成 3/3
Apr 22 09:31:23  去购物          未完成 0/1
Apr 22 09:31:23  卖货能手         已完成 1/1
Apr 22 09:31:23 
Apr 22 09:31:23 领取做完任务的奖励{"code":0,"data":{"bizCode":0,"bizMsg":"success","result":{"blueCoin":2000,"taskId":"3rVBYUEk38BrDnvNZyV2FdyEj6m2","totalBlueCoin":854000,"type":10},"success":true}}
Apr 22 09:31:23 
Apr 22 09:31:23 开始开卡领蓝币任务
Apr 22 09:31:24 开卡领蓝币结果{"code":0,"data":{"bizCode":304,"bizMsg":"未完成CRM开卡操作","success":false}}
Apr 22 09:31:24 开始逛会场
Apr 22 09:31:24 浏览会场得蓝币结果{"code":0,"data":{"bizCode":0,"bizMsg":"","result":{"finishNum":6,"targetNum":6,"taskId":"3mtUJcJua7irGLbjHxpdgP1pRFGJ","taskStatus":1},"success":true}}
Apr 22 09:31:24 
Apr 22 09:31:24 注意⚠:东东超市抽奖已改版,花费500蓝币抽奖一次,现在脚本默认已关闭抽奖功能
Apr 22 09:31:24 
Apr 22 09:31:24 设置的为不抽奖
Apr 22 09:31:24 
Apr 22 09:31:24 [普通货架] 已解锁，当前等级：40级
Apr 22 09:31:24 [冰柜] 已解锁，当前等级：28级
Apr 22 09:31:24 [水果摊] 未解锁
Apr 22 09:31:24 [酒柜] 未解锁
Apr 22 09:31:24 
Apr 22 09:31:24 限时商品0422已上架
Apr 22 09:31:24 
Apr 22 09:31:24 收取营业额：获得 24170
Apr 22 09:31:24 
Apr 22 09:31:25 【京东账号1】jd_60103fd1c8cd9
Apr 22 09:31:25 【收取小费】今日小费已达上限
Apr 22 09:31:25 【第4日签到】当日已签到
Apr 22 09:31:25 【店铺等级】104
Apr 22 09:31:25 【总蓝币】854000个
Apr 22 09:31:25 
Apr 22 09:31:25 
Apr 22 09:31:25 🔔东东超市, 结束! 🕛 5.289 秒
Apr 22 09:31:25 
Apr 22 11:31:26 
Apr 22 11:31:26 🔔东东超市, 开始!
Apr 22 11:31:26 
Apr 22 11:31:26 ====================共1个京东账号Cookie=========
Apr 22 11:31:26 
Apr 22 11:31:26 ==================脚本执行- 北京时间(UTC+8)：4/22/2021, 11:31:26 AM=====================
Apr 22 11:31:26 
Apr 22 11:31:26 共1个京东账号
Apr 22 11:31:26 
Apr 22 11:31:27 
Apr 22 11:31:27 开始【京东账号1】jd_60103fd1c8cd9
Apr 22 11:31:27 
Apr 22 11:31:27 当前无金币可领
Apr 22 11:31:27 
Apr 22 11:31:27 {"code":0,"data":{"bizCode":231,"bizMsg":"战队PK功能暂被关闭","success":false}}
Apr 22 11:31:27 
Apr 22 11:31:27 收取蓝币失败：今日小费已达上限
Apr 22 11:31:28 
Apr 22 11:31:28 日常赚钱任务       完成状态
Apr 22 11:31:28  入小游戏         已完成 1/1
Apr 22 11:31:28  关注商品         已完成 4/4
Apr 22 11:31:28  开会员卡         未完成 0/1
Apr 22 11:31:28  分享游戏         已完成 1/1
Apr 22 11:31:28  逛会场          已完成 6/6
Apr 22 11:31:28  关注店铺         已完成 3/3
Apr 22 11:31:28  去购物          未完成 0/1
Apr 22 11:31:28  卖货能手         已完成 1/1
Apr 22 11:31:28 开始开卡领蓝币任务
Apr 22 11:31:28 开卡领蓝币结果{"code":0,"data":{"bizCode":304,"bizMsg":"未完成CRM开卡操作","success":false}}
Apr 22 11:31:28 
Apr 22 11:31:28 领取做完任务的奖励{"code":0,"data":{"bizCode":0,"bizMsg":"success","result":{"blueCoin":3000,"taskId":"3mtUJcJua7irGLbjHxpdgP1pRFGJ","ticket":1,"totalBlueCoin":857000,"type":2},"success":true}}
Apr 22 11:31:28 
Apr 22 11:31:28 
Apr 22 11:31:28 注意⚠:东东超市抽奖已改版,花费500蓝币抽奖一次,现在脚本默认已关闭抽奖功能
Apr 22 11:31:28 
Apr 22 11:31:28 设置的为不抽奖
Apr 22 11:31:28 
Apr 22 11:31:28 [普通货架] 已解锁，当前等级：40级
Apr 22 11:31:28 [冰柜] 已解锁，当前等级：28级
Apr 22 11:31:28 [水果摊] 未解锁
Apr 22 11:31:28 [酒柜] 未解锁
Apr 22 11:31:28 
Apr 22 11:31:28 限时商品0422已上架
Apr 22 11:31:28 
Apr 22 11:31:28 收取营业额：获得 24206
Apr 22 11:31:28 
Apr 22 11:31:29 【京东账号1】jd_60103fd1c8cd9
Apr 22 11:31:29 【收取小费】今日小费已达上限
Apr 22 11:31:29 【第4日签到】当日已签到
Apr 22 11:31:29 【店铺等级】104
Apr 22 11:31:29 【总蓝币】857000个
Apr 22 11:31:29 
Apr 22 11:31:29 
Apr 22 11:31:29 🔔东东超市, 结束! 🕛 2.795 秒
Apr 22 11:31:29 
Apr 22 13:31:09 
Apr 22 13:31:09 🔔东东超市, 开始!
Apr 22 13:31:09 
Apr 22 13:31:09 ====================共1个京东账号Cookie=========
Apr 22 13:31:09 
Apr 22 13:31:09 ==================脚本执行- 北京时间(UTC+8)：4/22/2021, 1:31:09 PM=====================
Apr 22 13:31:09 
Apr 22 13:31:09 共1个京东账号
Apr 22 13:31:09 
Apr 22 13:31:09 
Apr 22 13:31:09 开始【京东账号1】jd_60103fd1c8cd9
Apr 22 13:31:09 
Apr 22 13:31:10 当前无金币可领
Apr 22 13:31:10 
Apr 22 13:31:10 {"code":0,"data":{"bizCode":231,"bizMsg":"战队PK功能暂被关闭","success":false}}
Apr 22 13:31:10 
Apr 22 13:31:10 收取蓝币失败：今日小费已达上限
Apr 22 13:31:10 
Apr 22 13:31:10 日常赚钱任务       完成状态
Apr 22 13:31:10  入小游戏         已完成 1/1
Apr 22 13:31:10  关注商品         已完成 4/4
Apr 22 13:31:10  开会员卡         未完成 0/1
Apr 22 13:31:10  分享游戏         已完成 1/1
Apr 22 13:31:10  逛会场          已完成 6/6
Apr 22 13:31:10  关注店铺         已完成 3/3
Apr 22 13:31:10  去购物          未完成 0/1
Apr 22 13:31:10  卖货能手         已完成 1/1
Apr 22 13:31:10 开始开卡领蓝币任务
Apr 22 13:31:10 开卡领蓝币结果{"code":0,"data":{"bizCode":304,"bizMsg":"未完成CRM开卡操作","success":false}}
Apr 22 13:31:10 
Apr 22 13:31:10 注意⚠:东东超市抽奖已改版,花费500蓝币抽奖一次,现在脚本默认已关闭抽奖功能
Apr 22 13:31:10 
Apr 22 13:31:10 设置的为不抽奖
Apr 22 13:31:10 
Apr 22 13:31:10 [普通货架] 已解锁，当前等级：40级
Apr 22 13:31:10 [冰柜] 已解锁，当前等级：28级
Apr 22 13:31:10 [水果摊] 未解锁
Apr 22 13:31:10 [酒柜] 未解锁
Apr 22 13:31:10 
Apr 22 13:31:10 限时商品0422已上架
Apr 22 13:31:10 
Apr 22 13:31:10 收取营业额：获得 24133
Apr 22 13:31:10 
Apr 22 13:31:11 【京东账号1】jd_60103fd1c8cd9
Apr 22 13:31:11 【收取小费】今日小费已达上限
Apr 22 13:31:11 【第4日签到】当日已签到
Apr 22 13:31:11 【店铺等级】104
Apr 22 13:31:11 【总蓝币】857000个
Apr 22 13:31:11 
Apr 22 13:31:11 
Apr 22 13:31:11 🔔东东超市, 结束! 🕛 2.695 秒
Apr 22 13:31:11 
Apr 22 15:31:23 
Apr 22 15:31:23 🔔东东超市, 开始!
Apr 22 15:31:23 
Apr 22 15:31:23 ====================共1个京东账号Cookie=========
Apr 22 15:31:23 
Apr 22 15:31:23 ==================脚本执行- 北京时间(UTC+8)：4/22/2021, 3:31:23 PM=====================
Apr 22 15:31:23 
Apr 22 15:31:23 共1个京东账号
Apr 22 15:31:23 
Apr 22 15:31:23 
Apr 22 15:31:23 开始【京东账号1】jd_60103fd1c8cd9
Apr 22 15:31:23 
Apr 22 15:31:24 当前无金币可领
Apr 22 15:31:24 
Apr 22 15:31:24 {"code":0,"data":{"bizCode":231,"bizMsg":"战队PK功能暂被关闭","success":false}}
Apr 22 15:31:24 
Apr 22 15:31:24 收取蓝币失败：今日小费已达上限
Apr 22 15:31:24 
Apr 22 15:31:24 日常赚钱任务       完成状态
Apr 22 15:31:24  入小游戏         已完成 1/1
Apr 22 15:31:24  关注商品         已完成 4/4
Apr 22 15:31:24  开会员卡         未完成 0/1
Apr 22 15:31:24  分享游戏         已完成 1/1
Apr 22 15:31:24  逛会场          已完成 6/6
Apr 22 15:31:24  关注店铺         已完成 3/3
Apr 22 15:31:24  去购物          未完成 0/1
Apr 22 15:31:24  卖货能手         已完成 1/1
Apr 22 15:31:24 开始开卡领蓝币任务
Apr 22 15:31:24 开卡领蓝币结果{"code":0,"data":{"bizCode":304,"bizMsg":"未完成CRM开卡操作","success":false}}
Apr 22 15:31:24 
Apr 22 15:31:24 注意⚠:东东超市抽奖已改版,花费500蓝币抽奖一次,现在脚本默认已关闭抽奖功能
Apr 22 15:31:24 
Apr 22 15:31:24 设置的为不抽奖
Apr 22 15:31:24 
Apr 22 15:31:24 [普通货架] 已解锁，当前等级：40级
Apr 22 15:31:24 [冰柜] 已解锁，当前等级：28级
Apr 22 15:31:24 [水果摊] 未解锁
Apr 22 15:31:24 [酒柜] 未解锁
Apr 22 15:31:24 
Apr 22 15:31:24 限时商品0422已上架
Apr 22 15:31:24 
Apr 22 15:31:24 收取营业额：获得 24240
Apr 22 15:31:24 
Apr 22 15:31:25 【京东账号1】jd_60103fd1c8cd9
Apr 22 15:31:25 【收取小费】今日小费已达上限
Apr 22 15:31:25 【第4日签到】当日已签到
Apr 22 15:31:25 【店铺等级】104
Apr 22 15:31:25 【总蓝币】857000个
Apr 22 15:31:25 
Apr 22 15:31:25 
Apr 22 15:31:25 🔔东东超市, 结束! 🕛 2.592 秒
Apr 22 15:31:25 
Apr 22 17:31:29 
Apr 22 17:31:29 🔔东东超市, 开始!
Apr 22 17:31:29 
Apr 22 17:31:29 ====================共1个京东账号Cookie=========
Apr 22 17:31:29 
Apr 22 17:31:29 ==================脚本执行- 北京时间(UTC+8)：4/22/2021, 5:31:29 PM=====================
Apr 22 17:31:29 
Apr 22 17:31:29 共1个京东账号
Apr 22 17:31:29 
Apr 22 17:31:29 
Apr 22 17:31:29 开始【京东账号1】jd_60103fd1c8cd9
Apr 22 17:31:29 
Apr 22 17:31:30 当前无金币可领
Apr 22 17:31:30 
Apr 22 17:31:30 {"code":0,"data":{"bizCode":231,"bizMsg":"战队PK功能暂被关闭","success":false}}
Apr 22 17:31:30 
Apr 22 17:31:30 收取蓝币失败：今日小费已达上限
Apr 22 17:31:30 
Apr 22 17:31:30 日常赚钱任务       完成状态
Apr 22 17:31:30  入小游戏         已完成 1/1
Apr 22 17:31:30  关注商品         已完成 4/4
Apr 22 17:31:30  开会员卡         未完成 0/1
Apr 22 17:31:30  分享游戏         已完成 1/1
Apr 22 17:31:30  逛会场          已完成 6/6
Apr 22 17:31:30  关注店铺         已完成 3/3
Apr 22 17:31:30  去购物          未完成 0/1
Apr 22 17:31:30  卖货能手         已完成 1/1
Apr 22 17:31:30 开始开卡领蓝币任务
Apr 22 17:31:30 开卡领蓝币结果{"code":0,"data":{"bizCode":304,"bizMsg":"未完成CRM开卡操作","success":false}}
Apr 22 17:31:30 
Apr 22 17:31:30 注意⚠:东东超市抽奖已改版,花费500蓝币抽奖一次,现在脚本默认已关闭抽奖功能
Apr 22 17:31:30 
Apr 22 17:31:30 设置的为不抽奖
Apr 22 17:31:30 
Apr 22 17:31:30 [普通货架] 已解锁，当前等级：40级
Apr 22 17:31:30 [冰柜] 已解锁，当前等级：28级
Apr 22 17:31:30 [水果摊] 未解锁
Apr 22 17:31:30 [酒柜] 未解锁
Apr 22 17:31:30 
Apr 22 17:31:30 限时商品0422已上架
Apr 22 17:31:30 
Apr 22 17:31:30 收取营业额：获得 24213
Apr 22 17:31:30 
Apr 22 17:31:31 【京东账号1】jd_60103fd1c8cd9
Apr 22 17:31:31 【收取小费】今日小费已达上限
Apr 22 17:31:31 【第4日签到】当日已签到
Apr 22 17:31:31 【店铺等级】104
Apr 22 17:31:31 【总蓝币】857000个
Apr 22 17:31:31 
Apr 22 17:31:31 
Apr 22 17:31:31 🔔东东超市, 结束! 🕛 2.596 秒
Apr 22 17:31:31 
Apr 22 19:31:11 
Apr 22 19:31:11 🔔东东超市, 开始!
Apr 22 19:31:11 
Apr 22 19:31:11 ====================共1个京东账号Cookie=========
Apr 22 19:31:11 
Apr 22 19:31:11 ==================脚本执行- 北京时间(UTC+8)：4/22/2021, 7:31:11 PM=====================
Apr 22 19:31:11 
Apr 22 19:31:11 共1个京东账号
Apr 22 19:31:11 
Apr 22 19:31:12 
Apr 22 19:31:12 开始【京东账号1】jd_60103fd1c8cd9
Apr 22 19:31:12 
Apr 22 19:31:12 当前无金币可领
Apr 22 19:31:12 
Apr 22 19:31:12 {"code":0,"data":{"bizCode":231,"bizMsg":"战队PK功能暂被关闭","success":false}}
Apr 22 19:31:12 
Apr 22 19:31:12 收取蓝币失败：今日小费已达上限
Apr 22 19:31:12 
Apr 22 19:31:12 日常赚钱任务       完成状态
Apr 22 19:31:12  入小游戏         已完成 1/1
Apr 22 19:31:12  关注商品         已完成 4/4
Apr 22 19:31:12  开会员卡         未完成 0/1
Apr 22 19:31:12  分享游戏         已完成 1/1
Apr 22 19:31:12  逛会场          已完成 6/6
Apr 22 19:31:12  关注店铺         已完成 3/3
Apr 22 19:31:12  去购物          未完成 0/1
Apr 22 19:31:12  卖货能手         已完成 1/1
Apr 22 19:31:12 开始开卡领蓝币任务
Apr 22 19:31:13 开卡领蓝币结果{"code":0,"data":{"bizCode":304,"bizMsg":"未完成CRM开卡操作","success":false}}
Apr 22 19:31:13 
Apr 22 19:31:13 注意⚠:东东超市抽奖已改版,花费500蓝币抽奖一次,现在脚本默认已关闭抽奖功能
Apr 22 19:31:13 
Apr 22 19:31:13 设置的为不抽奖
Apr 22 19:31:13 
Apr 22 19:31:13 [普通货架] 已解锁，当前等级：40级
Apr 22 19:31:13 [冰柜] 已解锁，当前等级：28级
Apr 22 19:31:13 [水果摊] 未解锁
Apr 22 19:31:13 [酒柜] 未解锁
Apr 22 19:31:13 
Apr 22 19:31:13 限时商品0422已上架
Apr 22 19:31:13 
Apr 22 19:31:13 收取营业额：获得 24133
Apr 22 19:31:13 
Apr 22 19:31:14 【京东账号1】jd_60103fd1c8cd9
Apr 22 19:31:14 【收取小费】今日小费已达上限
Apr 22 19:31:14 【第4日签到】当日已签到
Apr 22 19:31:14 【店铺等级】104
Apr 22 19:31:14 【总蓝币】857000个
Apr 22 19:31:14 
Apr 22 19:31:14 
Apr 22 19:31:14 🔔东东超市, 结束! 🕛 3.291 秒
Apr 22 19:31:14 
Apr 22 21:31:06 
Apr 22 21:31:06 🔔东东超市, 开始!
Apr 22 21:31:06 
Apr 22 21:31:06 ====================共1个京东账号Cookie=========
Apr 22 21:31:06 
Apr 22 21:31:06 ==================脚本执行- 北京时间(UTC+8)：4/22/2021, 9:31:06 PM=====================
Apr 22 21:31:06 
Apr 22 21:31:06 共1个京东账号
Apr 22 21:31:06 
Apr 22 21:31:07 
Apr 22 21:31:07 开始【京东账号1】jd_60103fd1c8cd9
Apr 22 21:31:07 
Apr 22 21:31:07 当前无金币可领
Apr 22 21:31:07 
Apr 22 21:31:07 {"code":0,"data":{"bizCode":231,"bizMsg":"战队PK功能暂被关闭","success":false}}
Apr 22 21:31:07 
Apr 22 21:31:07 收取蓝币失败：今日小费已达上限
Apr 22 21:31:08 
Apr 22 21:31:08 日常赚钱任务       完成状态
Apr 22 21:31:08  入小游戏         已完成 1/1
Apr 22 21:31:08  关注商品         已完成 4/4
Apr 22 21:31:08  开会员卡         未完成 0/1
Apr 22 21:31:08  分享游戏         已完成 1/1
Apr 22 21:31:08  逛会场          已完成 6/6
Apr 22 21:31:08  关注店铺         已完成 3/3
Apr 22 21:31:08  去购物          未完成 0/1
Apr 22 21:31:08  卖货能手         已完成 1/1
Apr 22 21:31:08 开始开卡领蓝币任务
Apr 22 21:31:08 开卡领蓝币结果{"code":0,"data":{"bizCode":304,"bizMsg":"未完成CRM开卡操作","success":false}}
Apr 22 21:31:08 
Apr 22 21:31:08 注意⚠:东东超市抽奖已改版,花费500蓝币抽奖一次,现在脚本默认已关闭抽奖功能
Apr 22 21:31:08 
Apr 22 21:31:08 设置的为不抽奖
Apr 22 21:31:08 
Apr 22 21:31:08 [普通货架] 已解锁，当前等级：40级
Apr 22 21:31:08 [冰柜] 已解锁，当前等级：28级
Apr 22 21:31:08 [水果摊] 未解锁
Apr 22 21:31:08 [酒柜] 未解锁
Apr 22 21:31:08 
Apr 22 21:31:08 限时商品0422已上架
Apr 22 21:31:08 
Apr 22 21:31:08 收取营业额：获得 24176
Apr 22 21:31:08 
Apr 22 21:31:09 【京东账号1】jd_60103fd1c8cd9
Apr 22 21:31:09 【收取小费】今日小费已达上限
Apr 22 21:31:09 【第4日签到】当日已签到
Apr 22 21:31:09 【店铺等级】104
Apr 22 21:31:09 【总蓝币】857000个
Apr 22 21:31:09 
Apr 22 21:31:09 
Apr 22 21:31:09 🔔东东超市, 结束! 🕛 2.512 秒
Apr 22 21:31:09 
Apr 22 23:31:28 
Apr 22 23:31:28 🔔东东超市, 开始!
Apr 22 23:31:28 
Apr 22 23:31:28 ====================共1个京东账号Cookie=========
Apr 22 23:31:28 
Apr 22 23:31:28 ==================脚本执行- 北京时间(UTC+8)：4/22/2021, 11:31:28 PM=====================
Apr 22 23:31:28 
Apr 22 23:31:28 共1个京东账号
Apr 22 23:31:28 
Apr 22 23:31:29 
Apr 22 23:31:29 开始【京东账号1】jd_60103fd1c8cd9
Apr 22 23:31:29 
Apr 22 23:31:29 当前无金币可领
Apr 22 23:31:29 
Apr 22 23:31:29 {"code":0,"data":{"bizCode":231,"bizMsg":"战队PK功能暂被关闭","success":false}}
Apr 22 23:31:29 
Apr 22 23:31:29 收取蓝币失败：今日小费已达上限
Apr 22 23:31:30 
Apr 22 23:31:30 日常赚钱任务       完成状态
Apr 22 23:31:30  入小游戏         已完成 1/1
Apr 22 23:31:30  关注商品         已完成 4/4
Apr 22 23:31:30  开会员卡         未完成 0/1
Apr 22 23:31:30  分享游戏         已完成 1/1
Apr 22 23:31:30  逛会场          已完成 6/6
Apr 22 23:31:30  关注店铺         已完成 3/3
Apr 22 23:31:30  去购物          未完成 0/1
Apr 22 23:31:30  卖货能手         已完成 1/1
Apr 22 23:31:30 开始开卡领蓝币任务
Apr 22 23:31:30 开卡领蓝币结果{"code":0,"data":{"bizCode":304,"bizMsg":"未完成CRM开卡操作","success":false}}
Apr 22 23:31:30 
Apr 22 23:31:30 注意⚠:东东超市抽奖已改版,花费500蓝币抽奖一次,现在脚本默认已关闭抽奖功能
Apr 22 23:31:30 
Apr 22 23:31:30 设置的为不抽奖
Apr 22 23:31:30 
Apr 22 23:31:30 [普通货架] 已解锁，当前等级：40级
Apr 22 23:31:30 [冰柜] 已解锁，当前等级：28级
Apr 22 23:31:30 [水果摊] 未解锁
Apr 22 23:31:30 [酒柜] 未解锁
Apr 22 23:31:30 
Apr 22 23:31:30 限时商品0422已上架
Apr 22 23:31:30 
Apr 22 23:31:30 收取营业额：获得 24268
Apr 22 23:31:30 
Apr 22 23:31:31 【京东账号1】jd_60103fd1c8cd9
Apr 22 23:31:31 【收取小费】今日小费已达上限
Apr 22 23:31:31 【第4日签到】当日已签到
Apr 22 23:31:31 【店铺等级】104
Apr 22 23:31:31 【总蓝币】857000个
Apr 22 23:31:31 
Apr 22 23:31:31 
Apr 22 23:31:31 🔔东东超市, 结束! 🕛 2.793 秒
Apr 22 23:31:31 
Apr 23 00:31:13 
Apr 23 00:31:13 🔔东东超市, 开始!
Apr 23 00:31:13 
Apr 23 00:31:13 ====================共1个京东账号Cookie=========
Apr 23 00:31:13 
Apr 23 00:31:13 ==================脚本执行- 北京时间(UTC+8)：4/23/2021, 12:31:13 AM=====================
Apr 23 00:31:13 
Apr 23 00:31:13 共1个京东账号
Apr 23 00:31:13 
Apr 23 00:31:14 
Apr 23 00:31:14 开始【京东账号1】jd_60103fd1c8cd9
Apr 23 00:31:14 
Apr 23 00:31:14 当前无金币可领
Apr 23 00:31:14 
Apr 23 00:31:14 {"code":0,"data":{"bizCode":231,"bizMsg":"战队PK功能暂被关闭","success":false}}
Apr 23 00:31:14 
Apr 23 00:31:14 收取蓝币失败：今日小费已达上限
Apr 23 00:31:15 
Apr 23 00:31:15 日常赚钱任务       完成状态
Apr 23 00:31:15  入小游戏         已完成 1/1
Apr 23 00:31:15  关注商品         未完成 0/4
Apr 23 00:31:15  开会员卡         未完成 0/1
Apr 23 00:31:15  分享游戏         未完成 0/1
Apr 23 00:31:15  逛会场          未完成 0/6
Apr 23 00:31:15  关注店铺         未完成 0/3
Apr 23 00:31:15  去购物          未完成 0/1
Apr 23 00:31:15  卖货能手         未完成 0/1
Apr 23 00:31:15 
Apr 23 00:31:15 领取做完任务的奖励{"code":0,"data":{"bizCode":0,"bizMsg":"success","result":{"blueCoin":2000,"taskId":"21C4VDqr8rULPnwfD7caAtQSPgo7","ticket":1,"totalBlueCoin":859500,"type":11},"success":true}}
Apr 23 00:31:15 
Apr 23 00:31:15 关注商品
Apr 23 00:31:15 关注商品领蓝币结果{"code":0,"data":{"bizCode":0,"bizMsg":"","result":{"finishNum":1,"targetNum":4,"taskId":"3rVBYUEk38BrDnvNZyV2FdyEj6m2","taskStatus":0},"success":true}}
Apr 23 00:31:15 开始开卡领蓝币任务
Apr 23 00:31:15 开卡领蓝币结果{"code":0,"data":{"bizCode":304,"bizMsg":"未完成CRM开卡操作","success":false}}
Apr 23 00:31:15 邀请好友得蓝币结果{"code":0,"data":{"bizCode":0,"bizMsg":"","result":{"finishNum":1,"targetNum":1,"taskId":"Wnr7WjoRtTsaJrSkKbDKZduHCKb","taskStatus":1},"success":true}}
Apr 23 00:31:15 开始逛会场
Apr 23 00:31:15 浏览会场得蓝币结果{"code":0,"data":{"bizCode":0,"bizMsg":"","result":{"finishNum":1,"targetNum":6,"taskId":"3mtUJcJua7irGLbjHxpdgP1pRFGJ","taskStatus":0},"success":true}}
Apr 23 00:31:15 开始关注店铺
Apr 23 00:31:15 关注店铺得蓝币结果{"code":0,"data":{"bizCode":0,"bizMsg":"","result":{"finishNum":1,"targetNum":3,"taskId":"2AR3nQMUhVBLNMrGNj6cHw9fPBQc","taskStatus":0},"success":true}}
Apr 23 00:31:15 
Apr 23 00:31:15 注意⚠:东东超市抽奖已改版,花费500蓝币抽奖一次,现在脚本默认已关闭抽奖功能
Apr 23 00:31:15 
Apr 23 00:31:15 设置的为不抽奖
Apr 23 00:31:15 
Apr 23 00:31:15 [普通货架] 已解锁，当前等级：40级
Apr 23 00:31:15 冰柜可升级
Apr 23 00:31:15 
Apr 23 00:31:15 店铺升级结果:{"code":0,"data":{"bizCode":0,"bizMsg":"success","result":{"category":2,"id":"shelf-2","level":29,"name":"冰柜","status":0,"turnoverSpeed":15.8},"success":true},"msg":"调用成功"}
Apr 23 00:31:15 
Apr 23 00:31:15 [水果摊] 未解锁
Apr 23 00:31:15 [酒柜] 未解锁
Apr 23 00:31:16 
Apr 23 00:31:16 收取营业额：获得 12091
Apr 23 00:31:16 
Apr 23 00:31:16 【京东账号1】jd_60103fd1c8cd9
Apr 23 00:31:16 【收取小费】今日小费已达上限
Apr 23 00:31:16 【第5日签到】当日已签到
Apr 23 00:31:16 【店铺等级】104
Apr 23 00:31:16 【总蓝币】859500个
Apr 23 00:31:16 
Apr 23 00:31:16 
Apr 23 00:31:16 🔔东东超市, 结束! 🕛 3.291 秒
Apr 23 00:31:16 
Apr 23 01:31:29 
Apr 23 01:31:29 🔔东东超市, 开始!
Apr 23 01:31:29 
Apr 23 01:31:29 ====================共1个京东账号Cookie=========
Apr 23 01:31:29 
Apr 23 01:31:29 ==================脚本执行- 北京时间(UTC+8)：4/23/2021, 1:31:29 AM=====================
Apr 23 01:31:29 
Apr 23 01:31:29 共1个京东账号
Apr 23 01:31:29 
Apr 23 01:31:30 
Apr 23 01:31:30 开始【京东账号1】jd_60103fd1c8cd9
Apr 23 01:31:30 
Apr 23 01:31:30 当前无金币可领
Apr 23 01:31:30 
Apr 23 01:31:30 {"code":0,"data":{"bizCode":231,"bizMsg":"战队PK功能暂被关闭","success":false}}
Apr 23 01:31:30 
Apr 23 01:31:30 收取蓝币失败：今日小费已达上限
Apr 23 01:31:31 
Apr 23 01:31:31 日常赚钱任务       完成状态
Apr 23 01:31:31  入小游戏         已完成 1/1
Apr 23 01:31:31  关注商品         未完成 1/4
Apr 23 01:31:31  开会员卡         未完成 0/1
Apr 23 01:31:31  分享游戏         已完成 1/1
Apr 23 01:31:31  逛会场          未完成 1/6
Apr 23 01:31:31  关注店铺         未完成 1/3
Apr 23 01:31:31  去购物          未完成 0/1
Apr 23 01:31:31  卖货能手         未完成 0/1
Apr 23 01:31:31 关注商品
Apr 23 01:31:31 关注商品领蓝币结果{"code":0,"data":{"bizCode":0,"bizMsg":"","result":{"finishNum":2,"targetNum":4,"taskId":"3rVBYUEk38BrDnvNZyV2FdyEj6m2","taskStatus":0},"success":true}}
Apr 23 01:31:31 开始开卡领蓝币任务
Apr 23 01:31:31 开卡领蓝币结果{"code":0,"data":{"bizCode":304,"bizMsg":"未完成CRM开卡操作","success":false}}
Apr 23 01:31:31 
Apr 23 01:31:31 领取做完任务的奖励{"code":0,"data":{"bizCode":0,"bizMsg":"success","result":{"blueCoin":2000,"taskId":"Wnr7WjoRtTsaJrSkKbDKZduHCKb","totalBlueCoin":861500,"type":1},"success":true}}
Apr 23 01:31:31 
Apr 23 01:31:31 开始逛会场
Apr 23 01:31:31 浏览会场得蓝币结果{"code":0,"data":{"bizCode":0,"bizMsg":"","result":{"finishNum":2,"targetNum":6,"taskId":"3mtUJcJua7irGLbjHxpdgP1pRFGJ","taskStatus":0},"success":true}}
Apr 23 01:31:31 开始关注店铺
Apr 23 01:31:31 关注店铺得蓝币结果{"code":0,"data":{"bizCode":0,"bizMsg":"","result":{"finishNum":2,"targetNum":3,"taskId":"2AR3nQMUhVBLNMrGNj6cHw9fPBQc","taskStatus":0},"success":true}}
Apr 23 01:31:31 
Apr 23 01:31:31 注意⚠:东东超市抽奖已改版,花费500蓝币抽奖一次,现在脚本默认已关闭抽奖功能
Apr 23 01:31:31 
Apr 23 01:31:31 设置的为不抽奖
Apr 23 01:31:31 
Apr 23 01:31:31 [普通货架] 已解锁，当前等级：40级
Apr 23 01:31:31 [冰柜] 已解锁，当前等级：29级
Apr 23 01:31:31 [水果摊] 未解锁
Apr 23 01:31:31 [酒柜] 未解锁
Apr 23 01:31:31 
Apr 23 01:31:31 收取营业额：获得 12215
Apr 23 01:31:31 
Apr 23 01:31:32 【京东账号1】jd_60103fd1c8cd9
Apr 23 01:31:32 【收取小费】今日小费已达上限
Apr 23 01:31:32 【第5日签到】当日已签到
Apr 23 01:31:32 【店铺等级】104
Apr 23 01:31:32 【总蓝币】861500个
Apr 23 01:31:32 
Apr 23 01:31:32 
Apr 23 01:31:32 🔔东东超市, 结束! 🕛 3.275 秒
Apr 23 01:31:32 
Apr 23 03:31:06 
Apr 23 03:31:06 🔔东东超市, 开始!
Apr 23 03:31:06 
Apr 23 03:31:06 ====================共1个京东账号Cookie=========
Apr 23 03:31:06 
Apr 23 03:31:06 ==================脚本执行- 北京时间(UTC+8)：4/23/2021, 3:31:06 AM=====================
Apr 23 03:31:06 
Apr 23 03:31:06 共1个京东账号
Apr 23 03:31:06 
Apr 23 03:31:06 
Apr 23 03:31:06 开始【京东账号1】jd_60103fd1c8cd9
Apr 23 03:31:06 
Apr 23 03:31:07 当前无金币可领
Apr 23 03:31:07 
Apr 23 03:31:07 {"code":0,"data":{"bizCode":231,"bizMsg":"战队PK功能暂被关闭","success":false}}
Apr 23 03:31:07 
Apr 23 03:31:07 收取蓝币失败：今日小费已达上限
Apr 23 03:31:07 
Apr 23 03:31:07 日常赚钱任务       完成状态
Apr 23 03:31:07  入小游戏         已完成 1/1
Apr 23 03:31:07  关注商品         未完成 2/4
Apr 23 03:31:07  开会员卡         未完成 0/1
Apr 23 03:31:07  分享游戏         已完成 1/1
Apr 23 03:31:07  逛会场          未完成 2/6
Apr 23 03:31:07  关注店铺         未完成 2/3
Apr 23 03:31:07  去购物          未完成 0/1
Apr 23 03:31:07  卖货能手         已完成 1/1
Apr 23 03:31:07 关注商品
Apr 23 03:31:07 关注商品领蓝币结果{"code":0,"data":{"bizCode":0,"bizMsg":"","result":{"finishNum":3,"targetNum":4,"taskId":"3rVBYUEk38BrDnvNZyV2FdyEj6m2","taskStatus":0},"success":true}}
Apr 23 03:31:07 开始开卡领蓝币任务
Apr 23 03:31:07 开卡领蓝币结果{"code":0,"data":{"bizCode":304,"bizMsg":"未完成CRM开卡操作","success":false}}
Apr 23 03:31:07 开始逛会场
Apr 23 03:31:07 浏览会场得蓝币结果{"code":0,"data":{"bizCode":0,"bizMsg":"","result":{"finishNum":3,"targetNum":6,"taskId":"3mtUJcJua7irGLbjHxpdgP1pRFGJ","taskStatus":0},"success":true}}
Apr 23 03:31:07 开始关注店铺
Apr 23 03:31:07 关注店铺得蓝币结果{"code":0,"data":{"bizCode":0,"bizMsg":"","result":{"finishNum":3,"targetNum":3,"taskId":"2AR3nQMUhVBLNMrGNj6cHw9fPBQc","taskStatus":1},"success":true}}
Apr 23 03:31:08 
Apr 23 03:31:08 领取做完任务的奖励{"code":0,"data":{"bizCode":0,"bizMsg":"success","result":{"blueCoin":100,"taskId":"xY5s4srZngKeA36Wtnpio4Qdj2P","totalBlueCoin":861600,"type":5},"success":true}}
Apr 23 03:31:08 
Apr 23 03:31:08 
Apr 23 03:31:08 注意⚠:东东超市抽奖已改版,花费500蓝币抽奖一次,现在脚本默认已关闭抽奖功能
Apr 23 03:31:08 
Apr 23 03:31:08 设置的为不抽奖
Apr 23 03:31:08 
Apr 23 03:31:08 [普通货架] 已解锁，当前等级：40级
Apr 23 03:31:08 [冰柜] 已解锁，当前等级：29级
Apr 23 03:31:08 [水果摊] 未解锁
Apr 23 03:31:08 [酒柜] 未解锁
Apr 23 03:31:08 
Apr 23 03:31:08 收取营业额：获得 24256
Apr 23 03:31:08 
Apr 23 03:31:09 【京东账号1】jd_60103fd1c8cd9
Apr 23 03:31:09 【收取小费】今日小费已达上限
Apr 23 03:31:09 【第5日签到】当日已签到
Apr 23 03:31:09 【店铺等级】104
Apr 23 03:31:09 【总蓝币】861600个
Apr 23 03:31:09 
Apr 23 03:31:09 
Apr 23 03:31:09 🔔东东超市, 结束! 🕛 3.002 秒
Apr 23 03:31:09 
Apr 23 05:31:17 
Apr 23 05:31:17 🔔东东超市, 开始!
Apr 23 05:31:17 
Apr 23 05:31:17 ====================共1个京东账号Cookie=========
Apr 23 05:31:17 
Apr 23 05:31:17 ==================脚本执行- 北京时间(UTC+8)：4/23/2021, 5:31:17 AM=====================
Apr 23 05:31:17 
Apr 23 05:31:17 共1个京东账号
Apr 23 05:31:17 
Apr 23 05:31:18 
Apr 23 05:31:18 开始【京东账号1】jd_60103fd1c8cd9
Apr 23 05:31:18 
Apr 23 05:31:18 当前无金币可领
Apr 23 05:31:18 
Apr 23 05:31:18 {"code":0,"data":{"bizCode":231,"bizMsg":"战队PK功能暂被关闭","success":false}}
Apr 23 05:31:18 
Apr 23 05:31:18 收取蓝币失败：今日小费已达上限
Apr 23 05:31:19 
Apr 23 05:31:19 日常赚钱任务       完成状态
Apr 23 05:31:19  入小游戏         已完成 1/1
Apr 23 05:31:19  关注商品         未完成 3/4
Apr 23 05:31:19  开会员卡         未完成 0/1
Apr 23 05:31:19  分享游戏         已完成 1/1
Apr 23 05:31:19  逛会场          未完成 3/6
Apr 23 05:31:19  关注店铺         已完成 3/3
Apr 23 05:31:19  去购物          未完成 0/1
Apr 23 05:31:19  卖货能手         已完成 1/1
Apr 23 05:31:19 关注商品
Apr 23 05:31:19 关注商品领蓝币结果{"code":0,"data":{"bizCode":0,"bizMsg":"","result":{"finishNum":4,"targetNum":4,"taskId":"3rVBYUEk38BrDnvNZyV2FdyEj6m2","taskStatus":1},"success":true}}
Apr 23 05:31:19 开始开卡领蓝币任务
Apr 23 05:31:19 开卡领蓝币结果{"code":0,"data":{"bizCode":304,"bizMsg":"未完成CRM开卡操作","success":false}}
Apr 23 05:31:19 开始逛会场
Apr 23 05:31:19 浏览会场得蓝币结果{"code":0,"data":{"bizCode":0,"bizMsg":"","result":{"finishNum":4,"targetNum":6,"taskId":"3mtUJcJua7irGLbjHxpdgP1pRFGJ","taskStatus":0},"success":true}}
Apr 23 05:31:19 
Apr 23 05:31:19 领取做完任务的奖励{"code":0,"data":{"bizCode":0,"bizMsg":"success","result":{"blueCoin":2000,"taskId":"2AR3nQMUhVBLNMrGNj6cHw9fPBQc","ticket":1,"totalBlueCoin":863600,"type":8},"success":true}}
Apr 23 05:31:19 
Apr 23 05:31:19 
Apr 23 05:31:19 注意⚠:东东超市抽奖已改版,花费500蓝币抽奖一次,现在脚本默认已关闭抽奖功能
Apr 23 05:31:19 
Apr 23 05:31:19 设置的为不抽奖
Apr 23 05:31:19 
Apr 23 05:31:19 [普通货架] 已解锁，当前等级：40级
Apr 23 05:31:19 [冰柜] 已解锁，当前等级：29级
Apr 23 05:31:19 [水果摊] 未解锁
Apr 23 05:31:19 [酒柜] 未解锁
Apr 23 05:31:19 
Apr 23 05:31:19 收取营业额：获得 24375
Apr 23 05:31:19 
Apr 23 05:31:20 【京东账号1】jd_60103fd1c8cd9
Apr 23 05:31:20 【收取小费】今日小费已达上限
Apr 23 05:31:20 【第5日签到】当日已签到
Apr 23 05:31:20 【店铺等级】104
Apr 23 05:31:20 【总蓝币】863600个
Apr 23 05:31:20 
Apr 23 05:31:20 
Apr 23 05:31:20 🔔东东超市, 结束! 🕛 2.799 秒
Apr 23 05:31:20 
Apr 23 07:31:27 
Apr 23 07:31:27 🔔东东超市, 开始!
Apr 23 07:31:27 
Apr 23 07:31:27 ====================共1个京东账号Cookie=========
Apr 23 07:31:27 
Apr 23 07:31:27 ==================脚本执行- 北京时间(UTC+8)：4/23/2021, 7:31:27 AM=====================
Apr 23 07:31:27 
Apr 23 07:31:27 共1个京东账号
Apr 23 07:31:27 
Apr 23 07:31:28 
Apr 23 07:31:28 开始【京东账号1】jd_60103fd1c8cd9
Apr 23 07:31:28 
Apr 23 07:31:28 当前无金币可领
Apr 23 07:31:28 
Apr 23 07:31:28 {"code":0,"data":{"bizCode":231,"bizMsg":"战队PK功能暂被关闭","success":false}}
Apr 23 07:31:28 
Apr 23 07:31:28 收取蓝币失败：今日小费已达上限
Apr 23 07:31:29 
Apr 23 07:31:29 日常赚钱任务       完成状态
Apr 23 07:31:29  入小游戏         已完成 1/1
Apr 23 07:31:29  关注商品         已完成 4/4
Apr 23 07:31:29  开会员卡         未完成 0/1
Apr 23 07:31:29  分享游戏         已完成 1/1
Apr 23 07:31:29  逛会场          未完成 4/6
Apr 23 07:31:29  关注店铺         已完成 3/3
Apr 23 07:31:29  去购物          未完成 0/1
Apr 23 07:31:29  卖货能手         已完成 1/1
Apr 23 07:31:29 
Apr 23 07:31:29 领取做完任务的奖励{"code":0,"data":{"bizCode":0,"bizMsg":"success","result":{"blueCoin":2000,"taskId":"3rVBYUEk38BrDnvNZyV2FdyEj6m2","totalBlueCoin":865600,"type":10},"success":true}}
Apr 23 07:31:29 
Apr 23 07:31:29 开始开卡领蓝币任务
Apr 23 07:31:29 开卡领蓝币结果{"code":0,"data":{"bizCode":304,"bizMsg":"未完成CRM开卡操作","success":false}}
Apr 23 07:31:29 开始逛会场
Apr 23 07:31:29 浏览会场得蓝币结果{"code":0,"data":{"bizCode":0,"bizMsg":"","result":{"finishNum":5,"targetNum":6,"taskId":"3mtUJcJua7irGLbjHxpdgP1pRFGJ","taskStatus":0},"success":true}}
Apr 23 07:31:29 
Apr 23 07:31:29 注意⚠:东东超市抽奖已改版,花费500蓝币抽奖一次,现在脚本默认已关闭抽奖功能
Apr 23 07:31:29 
Apr 23 07:31:29 设置的为不抽奖
Apr 23 07:31:29 
Apr 23 07:31:29 [普通货架] 已解锁，当前等级：40级
Apr 23 07:31:29 [冰柜] 已解锁，当前等级：29级
Apr 23 07:31:29 [水果摊] 未解锁
Apr 23 07:31:29 [酒柜] 未解锁
Apr 23 07:31:29 店铺升级奖励获取:2500蓝币
Apr 23 07:31:29 
Apr 23 07:31:29 
Apr 23 07:31:29 收取营业额：获得 24371
Apr 23 07:31:29 
Apr 23 07:31:30 【京东账号1】jd_60103fd1c8cd9
Apr 23 07:31:30 【收取小费】今日小费已达上限
Apr 23 07:31:30 【第5日签到】当日已签到
Apr 23 07:31:30 【店铺等级】105
Apr 23 07:31:30 【总蓝币】868100个
Apr 23 07:31:30 
Apr 23 07:31:30 
Apr 23 07:31:30 🔔东东超市, 结束! 🕛 3.095 秒
Apr 23 07:31:30 
Apr 23 09:31:16 
Apr 23 09:31:16 🔔东东超市, 开始!
Apr 23 09:31:16 
Apr 23 09:31:16 ====================共1个京东账号Cookie=========
Apr 23 09:31:16 
Apr 23 09:31:16 ==================脚本执行- 北京时间(UTC+8)：4/23/2021, 9:31:16 AM=====================
Apr 23 09:31:16 
Apr 23 09:31:16 共1个京东账号
Apr 23 09:31:16 
Apr 23 09:31:17 
Apr 23 09:31:17 开始【京东账号1】jd_60103fd1c8cd9
Apr 23 09:31:17 
Apr 23 09:31:17 当前无金币可领
Apr 23 09:31:17 
Apr 23 09:31:17 {"code":0,"data":{"bizCode":231,"bizMsg":"战队PK功能暂被关闭","success":false}}
Apr 23 09:31:17 
Apr 23 09:31:17 收取蓝币失败：今日小费已达上限
Apr 23 09:31:17 
Apr 23 09:31:17 日常赚钱任务       完成状态
Apr 23 09:31:17  入小游戏         已完成 1/1
Apr 23 09:31:17  关注商品         已完成 4/4
Apr 23 09:31:17  开会员卡         未完成 0/1
Apr 23 09:31:17  分享游戏         已完成 1/1
Apr 23 09:31:17  逛会场          未完成 5/6
Apr 23 09:31:17  关注店铺         已完成 3/3
Apr 23 09:31:17  去购物          未完成 0/1
Apr 23 09:31:17  卖货能手         已完成 1/1
Apr 23 09:31:17 开始开卡领蓝币任务
Apr 23 09:31:17 开卡领蓝币结果{"code":0,"data":{"bizCode":304,"bizMsg":"未完成CRM开卡操作","success":false}}
Apr 23 09:31:17 开始逛会场
Apr 23 09:31:18 浏览会场得蓝币结果{"code":0,"data":{"bizCode":0,"bizMsg":"","result":{"finishNum":6,"targetNum":6,"taskId":"3mtUJcJua7irGLbjHxpdgP1pRFGJ","taskStatus":1},"success":true}}
Apr 23 09:31:18 
Apr 23 09:31:18 注意⚠:东东超市抽奖已改版,花费500蓝币抽奖一次,现在脚本默认已关闭抽奖功能
Apr 23 09:31:18 
Apr 23 09:31:18 设置的为不抽奖
Apr 23 09:31:18 
Apr 23 09:31:18 [普通货架] 已解锁，当前等级：40级
Apr 23 09:31:18 [冰柜] 已解锁，当前等级：29级
Apr 23 09:31:18 [水果摊] 未解锁
Apr 23 09:31:18 [酒柜] 未解锁
Apr 23 09:31:18 
Apr 23 09:31:18 收取营业额：获得 24297
Apr 23 09:31:18 
Apr 23 09:31:19 【京东账号1】jd_60103fd1c8cd9
Apr 23 09:31:19 【收取小费】今日小费已达上限
Apr 23 09:31:19 【第5日签到】当日已签到
Apr 23 09:31:19 【店铺等级】105
Apr 23 09:31:19 【总蓝币】868100个
Apr 23 09:31:19 
Apr 23 09:31:19 
Apr 23 09:31:19 🔔东东超市, 结束! 🕛 2.82 秒
Apr 23 09:31:19 
Apr 23 11:31:08 
Apr 23 11:31:08 🔔东东超市, 开始!
Apr 23 11:31:08 
Apr 23 11:31:08 ====================共1个京东账号Cookie=========
Apr 23 11:31:08 
Apr 23 11:31:08 ==================脚本执行- 北京时间(UTC+8)：4/23/2021, 11:31:08 AM=====================
Apr 23 11:31:08 
Apr 23 11:31:08 共1个京东账号
Apr 23 11:31:08 
Apr 23 11:31:09 
Apr 23 11:31:09 开始【京东账号1】jd_60103fd1c8cd9
Apr 23 11:31:09 
Apr 23 11:31:09 当前无金币可领
Apr 23 11:31:09 
Apr 23 11:31:09 {"code":0,"data":{"bizCode":231,"bizMsg":"战队PK功能暂被关闭","success":false}}
Apr 23 11:31:09 
Apr 23 11:31:09 收取蓝币失败：今日小费已达上限
Apr 23 11:31:10 
Apr 23 11:31:10 日常赚钱任务       完成状态
Apr 23 11:31:10  入小游戏         已完成 1/1
Apr 23 11:31:10  关注商品         已完成 4/4
Apr 23 11:31:10  开会员卡         未完成 0/1
Apr 23 11:31:10  分享游戏         已完成 1/1
Apr 23 11:31:10  逛会场          已完成 6/6
Apr 23 11:31:10  关注店铺         已完成 3/3
Apr 23 11:31:10  去购物          未完成 0/1
Apr 23 11:31:10  卖货能手         已完成 1/1
Apr 23 11:31:10 开始开卡领蓝币任务
Apr 23 11:31:10 开卡领蓝币结果{"code":0,"data":{"bizCode":304,"bizMsg":"未完成CRM开卡操作","success":false}}
Apr 23 11:31:10 
Apr 23 11:31:10 领取做完任务的奖励{"code":0,"data":{"bizCode":0,"bizMsg":"success","result":{"blueCoin":3000,"taskId":"3mtUJcJua7irGLbjHxpdgP1pRFGJ","ticket":1,"totalBlueCoin":871100,"type":2},"success":true}}
Apr 23 11:31:10 
Apr 23 11:31:10 
Apr 23 11:31:10 注意⚠:东东超市抽奖已改版,花费500蓝币抽奖一次,现在脚本默认已关闭抽奖功能
Apr 23 11:31:10 
Apr 23 11:31:10 设置的为不抽奖
Apr 23 11:31:10 
Apr 23 11:31:10 [普通货架] 已解锁，当前等级：40级
Apr 23 11:31:10 [冰柜] 已解锁，当前等级：29级
Apr 23 11:31:10 [水果摊] 未解锁
Apr 23 11:31:10 [酒柜] 未解锁
Apr 23 11:31:10 
Apr 23 11:31:10 收取营业额：获得 24310
Apr 23 11:31:10 
Apr 23 11:31:11 【京东账号1】jd_60103fd1c8cd9
Apr 23 11:31:11 【收取小费】今日小费已达上限
Apr 23 11:31:11 【第5日签到】当日已签到
Apr 23 11:31:11 【店铺等级】105
Apr 23 11:31:11 【总蓝币】871100个
Apr 23 11:31:11 
Apr 23 11:31:11 
Apr 23 11:31:11 🔔东东超市, 结束! 🕛 2.829 秒
Apr 23 11:31:11 
Apr 23 13:31:22 
Apr 23 13:31:22 🔔东东超市, 开始!
Apr 23 13:31:23 
Apr 23 13:31:23 ====================共1个京东账号Cookie=========
Apr 23 13:31:23 
Apr 23 13:31:23 ==================脚本执行- 北京时间(UTC+8)：4/23/2021, 1:31:23 PM=====================
Apr 23 13:31:23 
Apr 23 13:31:23 共1个京东账号
Apr 23 13:31:23 
Apr 23 13:31:23 
Apr 23 13:31:23 开始【京东账号1】jd_60103fd1c8cd9
Apr 23 13:31:23 
Apr 23 13:31:24 当前无金币可领
Apr 23 13:31:24 
Apr 23 13:31:24 {"code":0,"data":{"bizCode":231,"bizMsg":"战队PK功能暂被关闭","success":false}}
Apr 23 13:31:24 
Apr 23 13:31:24 收取蓝币失败：今日小费已达上限
Apr 23 13:31:24 
Apr 23 13:31:24 日常赚钱任务       完成状态
Apr 23 13:31:24  入小游戏         已完成 1/1
Apr 23 13:31:24  关注商品         已完成 4/4
Apr 23 13:31:24  开会员卡         未完成 0/1
Apr 23 13:31:24  分享游戏         已完成 1/1
Apr 23 13:31:24  逛会场          已完成 6/6
Apr 23 13:31:24  关注店铺         已完成 3/3
Apr 23 13:31:24  去购物          未完成 0/1
Apr 23 13:31:24  卖货能手         已完成 1/1
Apr 23 13:31:24 开始开卡领蓝币任务
Apr 23 13:31:24 开卡领蓝币结果{"code":0,"data":{"bizCode":304,"bizMsg":"未完成CRM开卡操作","success":false}}
Apr 23 13:31:24 
Apr 23 13:31:24 注意⚠:东东超市抽奖已改版,花费500蓝币抽奖一次,现在脚本默认已关闭抽奖功能
Apr 23 13:31:24 
Apr 23 13:31:24 设置的为不抽奖
Apr 23 13:31:24 
Apr 23 13:31:24 [普通货架] 已解锁，当前等级：40级
Apr 23 13:31:24 [冰柜] 已解锁，当前等级：29级
Apr 23 13:31:24 [水果摊] 未解锁
Apr 23 13:31:24 [酒柜] 未解锁
Apr 23 13:31:57 
Apr 23 13:31:57 收取营业额：获得 24496
Apr 23 13:31:57 
Apr 23 13:31:58 【京东账号1】jd_60103fd1c8cd9
Apr 23 13:31:58 【收取小费】今日小费已达上限
Apr 23 13:31:58 【第5日签到】当日已签到
Apr 23 13:31:58 【店铺等级】105
Apr 23 13:31:58 【总蓝币】871100个
Apr 23 13:31:58 
Apr 23 13:31:58 
Apr 23 13:31:58 🔔东东超市, 结束! 🕛 35.587 秒
Apr 23 13:31:58 
Apr 23 15:31:27 
Apr 23 15:31:27 🔔东东超市, 开始!
Apr 23 15:31:27 
Apr 23 15:31:28 ====================共1个京东账号Cookie=========
Apr 23 15:31:28 
Apr 23 15:31:28 ==================脚本执行- 北京时间(UTC+8)：4/23/2021, 3:31:27 PM=====================
Apr 23 15:31:28 
Apr 23 15:31:28 共1个京东账号
Apr 23 15:31:28 
Apr 23 15:31:28 
Apr 23 15:31:28 开始【京东账号1】jd_60103fd1c8cd9
Apr 23 15:31:28 
Apr 23 15:31:29 当前无金币可领
Apr 23 15:31:29 
Apr 23 15:31:29 {"code":0,"data":{"bizCode":231,"bizMsg":"战队PK功能暂被关闭","success":false}}
Apr 23 15:31:29 
Apr 23 15:31:29 收取蓝币失败：今日小费已达上限
Apr 23 15:32:02 
Apr 23 15:32:02 日常赚钱任务       完成状态
Apr 23 15:32:02  入小游戏         已完成 1/1
Apr 23 15:32:02  关注商品         已完成 4/4
Apr 23 15:32:02  开会员卡         未完成 0/1
Apr 23 15:32:02  分享游戏         已完成 1/1
Apr 23 15:32:02  逛会场          已完成 6/6
Apr 23 15:32:02  关注店铺         已完成 3/3
Apr 23 15:32:02  去购物          未完成 0/1
Apr 23 15:32:02  卖货能手         已完成 1/1
Apr 23 15:32:02 开始开卡领蓝币任务
Apr 23 15:32:02 开卡领蓝币结果{"code":0,"data":{"bizCode":304,"bizMsg":"未完成CRM开卡操作","success":false}}
Apr 23 15:32:02 
Apr 23 15:32:02 注意⚠:东东超市抽奖已改版,花费500蓝币抽奖一次,现在脚本默认已关闭抽奖功能
Apr 23 15:32:02 
Apr 23 15:32:02 设置的为不抽奖
Apr 23 15:32:02 
Apr 23 15:32:02 [普通货架] 已解锁，当前等级：40级
Apr 23 15:32:02 [冰柜] 已解锁，当前等级：29级
Apr 23 15:32:02 [水果摊] 未解锁
Apr 23 15:32:02 [酒柜] 未解锁
Apr 23 15:32:02 
Apr 23 15:32:02 收取营业额：获得 24354
Apr 23 15:32:02 
Apr 23 15:32:03 【京东账号1】jd_60103fd1c8cd9
Apr 23 15:32:03 【收取小费】今日小费已达上限
Apr 23 15:32:03 【第5日签到】当日已签到
Apr 23 15:32:03 【店铺等级】105
Apr 23 15:32:03 【总蓝币】871100个
Apr 23 15:32:03 
Apr 23 15:32:03 
Apr 23 15:32:03 🔔东东超市, 结束! 🕛 35.689 秒
Apr 23 15:32:03 
Apr 23 17:31:13 
Apr 23 17:31:13 🔔东东超市, 开始!
Apr 23 17:31:13 
Apr 23 17:31:13 ====================共1个京东账号Cookie=========
Apr 23 17:31:13 
Apr 23 17:31:13 ==================脚本执行- 北京时间(UTC+8)：4/23/2021, 5:31:13 PM=====================
Apr 23 17:31:13 
Apr 23 17:31:13 共1个京东账号
Apr 23 17:31:13 
Apr 23 17:31:14 
Apr 23 17:31:14 开始【京东账号1】jd_60103fd1c8cd9
Apr 23 17:31:14 
Apr 23 17:31:14 当前无金币可领
Apr 23 17:31:14 
Apr 23 17:31:14 {"code":0,"data":{"bizCode":231,"bizMsg":"战队PK功能暂被关闭","success":false}}
Apr 23 17:31:14 
Apr 23 17:31:47 收取蓝币失败：今日小费已达上限
Apr 23 17:31:47 
Apr 23 17:31:47 日常赚钱任务       完成状态
Apr 23 17:31:47  入小游戏         已完成 1/1
Apr 23 17:31:47  关注商品         已完成 4/4
Apr 23 17:31:47  开会员卡         未完成 0/1
Apr 23 17:31:47  分享游戏         已完成 1/1
Apr 23 17:31:47  逛会场          已完成 6/6
Apr 23 17:31:47  关注店铺         已完成 3/3
Apr 23 17:31:47  去购物          未完成 0/1
Apr 23 17:31:47  卖货能手         已完成 1/1
Apr 23 17:31:47 开始开卡领蓝币任务
Apr 23 17:31:47 开卡领蓝币结果{"code":0,"data":{"bizCode":304,"bizMsg":"未完成CRM开卡操作","success":false}}
Apr 23 17:31:47 
Apr 23 17:31:47 注意⚠:东东超市抽奖已改版,花费500蓝币抽奖一次,现在脚本默认已关闭抽奖功能
Apr 23 17:31:47 
Apr 23 17:31:47 设置的为不抽奖
Apr 23 17:31:47 
Apr 23 17:32:20 [普通货架] 已解锁，当前等级：40级
Apr 23 17:32:20 [冰柜] 已解锁，当前等级：29级
Apr 23 17:32:20 [水果摊] 未解锁
Apr 23 17:32:20 [酒柜] 未解锁
Apr 23 17:32:53 
Apr 23 17:32:53 收取营业额：获得 24507
Apr 23 17:32:53 
Apr 23 17:32:54 【京东账号1】jd_60103fd1c8cd9
Apr 23 17:32:54 【收取小费】今日小费已达上限
Apr 23 17:32:54 【第5日签到】当日已签到
Apr 23 17:32:54 【店铺等级】105
Apr 23 17:32:54 【总蓝币】871100个
Apr 23 17:32:54 
Apr 23 17:32:54 
Apr 23 17:32:54 🔔东东超市, 结束! 🕛 101.005 秒
Apr 23 17:32:54 
