Mar 31 00:28:08 
Mar 31 00:28:09 🔔✈️天天加速, 开始!
Mar 31 00:28:09 
Mar 31 00:28:09 ====================共1个京东账号Cookie=========
Mar 31 00:28:09 
Mar 31 00:28:09 ==================脚本执行- 北京时间(UTC+8)：3/31/2021, 12:28:09 AM=====================
Mar 31 00:28:09 
Mar 31 00:28:09 
Mar 31 00:28:09 开始【京东账号1】burst3166
Mar 31 00:28:09 
Mar 31 00:28:09 
Mar 31 00:28:09 天天加速任务进行中
Mar 31 00:28:09 
Mar 31 00:28:09 天天加速进行中-结束时间: 
Mar 31 00:28:09 2021-04-01 00:07:25
Mar 31 00:28:09 
Mar 31 00:28:09 天天加速-暂无太空特殊事件
Mar 31 00:28:09 
Mar 31 00:28:09 天天加速-检查燃料-暂无可用燃料
Mar 31 00:28:09 
Mar 31 00:28:09 天天加速-查询成功1个燃料ID
Mar 31 00:28:09 
Mar 31 00:28:09 天天加速-尝试使用第1个燃料
Mar 31 00:28:10 
Mar 31 00:28:10 天天加速-已成功使用1个燃料
Mar 31 00:28:10 
Mar 31 00:28:10 天天加速任务进行中
Mar 31 00:28:10 
Mar 31 00:28:10 天天加速进行中-结束时间: 
Mar 31 00:28:10 2021-03-31 19:57:25
Mar 31 00:28:10 
Mar 31 00:28:10 天天加速-暂无太空特殊事件
Mar 31 00:28:10 
Mar 31 00:28:10 天天加速-检查燃料-暂无可用燃料
Mar 31 00:28:10 
Mar 31 00:28:10 天天加速-查询无燃料ID
Mar 31 00:28:10 
Mar 31 00:28:10 检查是否可领虫洞京豆奖励
Mar 31 00:28:10 暂无可领取的虫洞京豆奖励
Mar 31 00:28:10 
Mar 31 00:28:10 【空间站】 JD-F9
Mar 31 00:28:10 【结束时间】 2021-03-31 19:57:25
Mar 31 00:28:10 【进度】 18.80%
Mar 31 00:28:10 
Mar 31 00:28:10 
Mar 31 00:28:10 
Mar 31 00:28:10 🔔✈️天天加速, 结束! 🕛 1.338 秒
Mar 31 00:28:10 
Mar 31 03:28:06 
Mar 31 03:28:06 🔔✈️天天加速, 开始!
Mar 31 03:28:06 
Mar 31 03:28:06 ====================共1个京东账号Cookie=========
Mar 31 03:28:06 
Mar 31 03:28:06 ==================脚本执行- 北京时间(UTC+8)：3/31/2021, 3:28:06 AM=====================
Mar 31 03:28:06 
Mar 31 03:28:07 
Mar 31 03:28:07 开始【京东账号1】burst3166
Mar 31 03:28:07 
Mar 31 03:28:07 
Mar 31 03:28:07 天天加速任务进行中
Mar 31 03:28:07 
Mar 31 03:28:07 天天加速进行中-结束时间: 
Mar 31 03:28:07 2021-03-31 19:57:25
Mar 31 03:28:07 
Mar 31 03:28:07 天天加速-暂无太空特殊事件
Mar 31 03:28:07 
Mar 31 03:28:07 天天加速-检查燃料-暂无可用燃料
Mar 31 03:28:07 
Mar 31 03:28:07 天天加速-查询无燃料ID
Mar 31 03:28:07 
Mar 31 03:28:07 检查是否可领虫洞京豆奖励
Mar 31 03:28:07 暂无可领取的虫洞京豆奖励
Mar 31 03:28:07 
Mar 31 03:28:07 【空间站】 JD-F9
Mar 31 03:28:07 【结束时间】 2021-03-31 19:57:25
Mar 31 03:28:07 【进度】 31.30%
Mar 31 03:28:07 
Mar 31 03:28:07 
Mar 31 03:28:07 
Mar 31 03:28:07 🔔✈️天天加速, 结束! 🕛 1.141 秒
Mar 31 03:28:07 
Mar 31 06:28:29 
Mar 31 06:28:29 🔔✈️天天加速, 开始!
Mar 31 06:28:29 
Mar 31 06:28:29 ====================共1个京东账号Cookie=========
Mar 31 06:28:29 
Mar 31 06:28:29 ==================脚本执行- 北京时间(UTC+8)：3/31/2021, 6:28:29 AM=====================
Mar 31 06:28:29 
Mar 31 06:28:30 
Mar 31 06:28:30 开始【京东账号1】burst3166
Mar 31 06:28:30 
Mar 31 06:28:30 
Mar 31 06:28:30 天天加速任务进行中
Mar 31 06:28:30 
Mar 31 06:28:30 天天加速进行中-结束时间: 
Mar 31 06:28:30 2021-03-31 19:57:25
Mar 31 06:28:30 
Mar 31 06:28:30 天天加速-暂无太空特殊事件
Mar 31 06:28:30 
Mar 31 06:28:30 天天加速-查询到1个可用燃料
Mar 31 06:28:30 
Mar 31 06:28:30 天天加速-尝试领取第1个可用燃料
Mar 31 06:28:30 
Mar 31 06:28:30 天天加速-已成功领取1个可用燃料
Mar 31 06:28:30 
Mar 31 06:28:30 天天加速-查询成功1个燃料ID
Mar 31 06:28:30 
Mar 31 06:28:30 天天加速-尝试使用第1个燃料
Mar 31 06:28:30 
Mar 31 06:28:30 天天加速-已成功使用1个燃料
Mar 31 06:28:30 
Mar 31 06:28:30 天天加速任务进行中
Mar 31 06:28:30 
Mar 31 06:28:30 天天加速进行中-结束时间: 
Mar 31 06:28:30 2021-03-31 17:10:45
Mar 31 06:28:31 
Mar 31 06:28:31 天天加速-暂无太空特殊事件
Mar 31 06:28:31 
Mar 31 06:28:31 天天加速-检查燃料-暂无可用燃料
Mar 31 06:28:31 
Mar 31 06:28:31 天天加速-查询无燃料ID
Mar 31 06:28:31 
Mar 31 06:28:31 检查是否可领虫洞京豆奖励
Mar 31 06:28:31 暂无可领取的虫洞京豆奖励
Mar 31 06:28:31 
Mar 31 06:28:31 【空间站】 JD-F9
Mar 31 06:28:31 【结束时间】 2021-03-31 17:10:45
Mar 31 06:28:31 【进度】 55.40%
Mar 31 06:28:31 
Mar 31 06:28:31 
Mar 31 06:28:31 
Mar 31 06:28:31 🔔✈️天天加速, 结束! 🕛 1.436 秒
Mar 31 06:28:31 
Mar 31 09:28:15 
Mar 31 09:28:15 🔔✈️天天加速, 开始!
Mar 31 09:28:15 
Mar 31 09:28:15 ====================共1个京东账号Cookie=========
Mar 31 09:28:15 
Mar 31 09:28:15 ==================脚本执行- 北京时间(UTC+8)：3/31/2021, 9:28:15 AM=====================
Mar 31 09:28:15 
Mar 31 09:28:15 
Mar 31 09:28:15 开始【京东账号1】burst3166
Mar 31 09:28:15 
Mar 31 09:28:15 
Mar 31 09:28:15 天天加速任务进行中
Mar 31 09:28:15 
Mar 31 09:28:15 天天加速进行中-结束时间: 
Mar 31 09:28:15 2021-03-31 17:10:45
Mar 31 09:28:15 
Mar 31 09:28:15 天天加速-暂无太空特殊事件
Mar 31 09:28:15 
Mar 31 09:28:15 天天加速-检查燃料-暂无可用燃料
Mar 31 09:28:16 
Mar 31 09:28:16 天天加速-查询无燃料ID
Mar 31 09:28:16 
Mar 31 09:28:16 检查是否可领虫洞京豆奖励
Mar 31 09:28:16 暂无可领取的虫洞京豆奖励
Mar 31 09:28:16 
Mar 31 09:28:16 【空间站】 JD-F9
Mar 31 09:28:16 【结束时间】 2021-03-31 17:10:45
Mar 31 09:28:16 【进度】 67.88%
Mar 31 09:28:16 
Mar 31 09:28:16 
Mar 31 09:28:16 
Mar 31 09:28:16 🔔✈️天天加速, 结束! 🕛 1.027 秒
Mar 31 09:28:16 
Mar 31 12:28:22 
Mar 31 12:28:22 🔔✈️天天加速, 开始!
Mar 31 12:28:22 
Mar 31 12:28:22 ====================共1个京东账号Cookie=========
Mar 31 12:28:22 
Mar 31 12:28:22 ==================脚本执行- 北京时间(UTC+8)：3/31/2021, 12:28:22 PM=====================
Mar 31 12:28:22 
Mar 31 12:28:23 
Mar 31 12:28:23 开始【京东账号1】burst3166
Mar 31 12:28:23 
Mar 31 12:28:23 
Mar 31 12:28:23 天天加速任务进行中
Mar 31 12:28:23 
Mar 31 12:28:23 天天加速进行中-结束时间: 
Mar 31 12:28:23 2021-03-31 17:10:45
Mar 31 12:28:23 
Mar 31 12:28:23 天天加速-暂无太空特殊事件
Mar 31 12:28:23 
Mar 31 12:28:23 天天加速-检查燃料-暂无可用燃料
Mar 31 12:28:23 
Mar 31 12:28:23 天天加速-查询无燃料ID
Mar 31 12:28:23 
Mar 31 12:28:23 检查是否可领虫洞京豆奖励
Mar 31 12:28:23 暂无可领取的虫洞京豆奖励
Mar 31 12:28:23 
Mar 31 12:28:23 【空间站】 JD-F9
Mar 31 12:28:23 【结束时间】 2021-03-31 17:10:45
Mar 31 12:28:23 【进度】 80.39%
Mar 31 12:28:23 
Mar 31 12:28:23 
Mar 31 12:28:23 
Mar 31 12:28:23 🔔✈️天天加速, 结束! 🕛 1.069 秒
Mar 31 12:28:23 
Mar 31 15:28:19 
Mar 31 15:28:19 🔔✈️天天加速, 开始!
Mar 31 15:28:19 
Mar 31 15:28:19 ====================共1个京东账号Cookie=========
Mar 31 15:28:19 
Mar 31 15:28:19 ==================脚本执行- 北京时间(UTC+8)：3/31/2021, 3:28:19 PM=====================
Mar 31 15:28:19 
Mar 31 15:28:19 
Mar 31 15:28:19 开始【京东账号1】burst3166
Mar 31 15:28:19 
Mar 31 15:28:19 
Mar 31 15:28:19 天天加速任务进行中
Mar 31 15:28:19 
Mar 31 15:28:19 天天加速进行中-结束时间: 
Mar 31 15:28:19 2021-03-31 17:10:45
Mar 31 15:28:19 
Mar 31 15:28:19 天天加速-暂无太空特殊事件
Mar 31 15:28:19 
Mar 31 15:28:19 天天加速-检查燃料-暂无可用燃料
Mar 31 15:28:19 
Mar 31 15:28:19 天天加速-查询无燃料ID
Mar 31 15:28:20 
Mar 31 15:28:20 检查是否可领虫洞京豆奖励
Mar 31 15:28:20 暂无可领取的虫洞京豆奖励
Mar 31 15:28:20 
Mar 31 15:28:20 【空间站】 JD-F9
Mar 31 15:28:20 【结束时间】 2021-03-31 17:10:45
Mar 31 15:28:20 【进度】 92.89%
Mar 31 15:28:20 
Mar 31 15:28:20 
Mar 31 15:28:20 
Mar 31 15:28:20 🔔✈️天天加速, 结束! 🕛 1.056 秒
Mar 31 15:28:20 
Mar 31 18:28:18 
Mar 31 18:28:18 🔔✈️天天加速, 开始!
Mar 31 18:28:18 
Mar 31 18:28:18 ====================共1个京东账号Cookie=========
Mar 31 18:28:18 
Mar 31 18:28:18 ==================脚本执行- 北京时间(UTC+8)：3/31/2021, 6:28:18 PM=====================
Mar 31 18:28:18 
Mar 31 18:28:19 
Mar 31 18:28:19 开始【京东账号1】burst3166
Mar 31 18:28:19 
Mar 31 18:28:19 
Mar 31 18:28:19 天天加速任务进行中
Mar 31 18:28:19 
Mar 31 18:28:19 天天加速-领取上次奖励成功
Mar 31 18:28:19 
Mar 31 18:28:19 天天加速任务进行中
Mar 31 18:28:19 
Mar 31 18:28:19 天天加速-开始本次任务 
Mar 31 18:28:19 
Mar 31 18:28:19 天天加速进行中-结束时间: 
Mar 31 18:28:19 2021-04-01 18:28:19
Mar 31 18:28:19 
Mar 31 18:28:19 天天加速-暂无太空特殊事件
Mar 31 18:28:19 
Mar 31 18:28:19 天天加速-查询到5个可用燃料
Mar 31 18:28:19 
Mar 31 18:28:19 天天加速-尝试领取第5个可用燃料
Mar 31 18:28:19 
Mar 31 18:28:19 天天加速-已成功领取1个可用燃料
Mar 31 18:28:19 
Mar 31 18:28:19 天天加速-尝试领取第5个可用燃料
Mar 31 18:28:19 
Mar 31 18:28:19 天天加速-已成功领取2个可用燃料
Mar 31 18:28:19 
Mar 31 18:28:19 天天加速-尝试领取第5个可用燃料
Mar 31 18:28:19 
Mar 31 18:28:19 天天加速-已成功领取3个可用燃料
Mar 31 18:28:19 
Mar 31 18:28:19 天天加速-尝试领取第5个可用燃料
Mar 31 18:28:19 
Mar 31 18:28:19 天天加速-已成功领取4个可用燃料
Mar 31 18:28:19 
Mar 31 18:28:19 天天加速-尝试领取第5个可用燃料
Mar 31 18:28:19 
Mar 31 18:28:19 天天加速-已成功领取5个可用燃料
Mar 31 18:28:19 
Mar 31 18:28:19 天天加速-查询成功5个燃料ID
Mar 31 18:28:19 
Mar 31 18:28:19 天天加速-尝试使用第5个燃料
Mar 31 18:28:19 
Mar 31 18:28:19 天天加速-已成功使用1个燃料
Mar 31 18:28:19 
Mar 31 18:28:19 天天加速-尝试使用第5个燃料
Mar 31 18:28:19 
Mar 31 18:28:19 天天加速-已成功使用1个燃料
Mar 31 18:28:19 
Mar 31 18:28:19 天天加速-尝试使用第5个燃料
Mar 31 18:28:19 
Mar 31 18:28:19 天天加速-已成功使用1个燃料
Mar 31 18:28:19 
Mar 31 18:28:19 天天加速-尝试使用第5个燃料
Mar 31 18:28:19 
Mar 31 18:28:19 天天加速-已成功使用1个燃料
Mar 31 18:28:19 
Mar 31 18:28:19 天天加速任务进行中
Mar 31 18:28:19 
Mar 31 18:28:19 天天加速进行中-结束时间: 
Mar 31 18:28:19 2021-04-01 14:18:19
Mar 31 18:28:19 
Mar 31 18:28:19 天天加速-尝试使用第5个燃料
Mar 31 18:28:19 
Mar 31 18:28:19 天天加速-已成功使用1个燃料
Mar 31 18:28:19 
Mar 31 18:28:19 天天加速-暂无太空特殊事件
Mar 31 18:28:19 
Mar 31 18:28:19 天天加速-检查燃料-暂无可用燃料
Mar 31 18:28:20 
Mar 31 18:28:20 天天加速-查询成功4个燃料ID
Mar 31 18:28:20 
Mar 31 18:28:20 天天加速-尝试使用第4个燃料
Mar 31 18:28:20 
Mar 31 18:28:20 天天加速-已成功使用0个燃料
Mar 31 18:28:20 
Mar 31 18:28:20 天天加速-尝试使用第4个燃料
Mar 31 18:28:20 
Mar 31 18:28:20 天天加速-已成功使用0个燃料
Mar 31 18:28:20 
Mar 31 18:28:20 天天加速-尝试使用第4个燃料
Mar 31 18:28:20 
Mar 31 18:28:20 天天加速-已成功使用0个燃料
Mar 31 18:28:20 
Mar 31 18:28:20 天天加速-尝试使用第4个燃料
Mar 31 18:28:20 
Mar 31 18:28:20 天天加速-已成功使用0个燃料
Mar 31 18:28:20 
Mar 31 18:28:20 检查是否可领虫洞京豆奖励
Mar 31 18:28:20 暂无可领取的虫洞京豆奖励
Mar 31 18:28:20 
Mar 31 18:28:20 【空间站】 JD-F10
Mar 31 18:28:20 【结束时间】 2021-04-01 14:18:19
Mar 31 18:28:20 【进度】 17.36%
Mar 31 18:28:20 
Mar 31 18:28:20 
Mar 31 18:28:20 
Mar 31 18:28:20 🔔✈️天天加速, 结束! 🕛 2.055 秒
Mar 31 18:28:20 
Mar 31 21:28:19 
Mar 31 21:28:19 🔔✈️天天加速, 开始!
Mar 31 21:28:19 
Mar 31 21:28:19 ====================共1个京东账号Cookie=========
Mar 31 21:28:19 
Mar 31 21:28:19 ==================脚本执行- 北京时间(UTC+8)：3/31/2021, 9:28:19 PM=====================
Mar 31 21:28:19 
Mar 31 21:28:20 
Mar 31 21:28:20 开始【京东账号1】burst3166
Mar 31 21:28:20 
Mar 31 21:28:20 
Mar 31 21:28:20 天天加速任务进行中
Mar 31 21:28:20 
Mar 31 21:28:20 天天加速进行中-结束时间: 
Mar 31 21:28:20 2021-04-01 14:18:19
Mar 31 21:28:20 
Mar 31 21:28:20 天天加速-暂无太空特殊事件
Mar 31 21:28:20 
Mar 31 21:28:20 天天加速-检查燃料-暂无可用燃料
Mar 31 21:28:20 
Mar 31 21:28:20 天天加速-查询成功4个燃料ID
Mar 31 21:28:20 
Mar 31 21:28:20 天天加速-尝试使用第4个燃料
Mar 31 21:28:20 
Mar 31 21:28:20 天天加速-已成功使用0个燃料
Mar 31 21:28:20 
Mar 31 21:28:20 天天加速-尝试使用第4个燃料
Mar 31 21:28:20 
Mar 31 21:28:20 天天加速-已成功使用0个燃料
Mar 31 21:28:20 
Mar 31 21:28:20 天天加速-尝试使用第4个燃料
Mar 31 21:28:20 
Mar 31 21:28:20 天天加速-已成功使用0个燃料
Mar 31 21:28:20 
Mar 31 21:28:20 天天加速-尝试使用第4个燃料
Mar 31 21:28:20 
Mar 31 21:28:20 天天加速-已成功使用1个燃料
Mar 31 21:28:20 
Mar 31 21:28:20 检查是否可领虫洞京豆奖励
Mar 31 21:28:20 暂无可领取的虫洞京豆奖励
Mar 31 21:28:20 
Mar 31 21:28:20 【空间站】 JD-F10
Mar 31 21:28:20 【结束时间】 2021-04-01 14:18:19
Mar 31 21:28:20 【进度】 29.86%
Mar 31 21:28:20 
Mar 31 21:28:20 
Mar 31 21:28:20 
Mar 31 21:28:20 🔔✈️天天加速, 结束! 🕛 1.182 秒
Mar 31 21:28:20 
Apr 01 00:28:02 
Apr 01 00:28:02 🔔✈️天天加速, 开始!
Apr 01 00:28:02 
Apr 01 00:28:02 ====================共1个京东账号Cookie=========
Apr 01 00:28:02 
Apr 01 00:28:02 ==================脚本执行- 北京时间(UTC+8)：4/1/2021, 12:28:02 AM=====================
Apr 01 00:28:02 
Apr 01 00:28:03 
Apr 01 00:28:03 开始【京东账号1】burst3166
Apr 01 00:28:03 
Apr 01 00:28:03 
Apr 01 00:28:03 天天加速任务进行中
Apr 01 00:28:03 
Apr 01 00:28:03 天天加速进行中-结束时间: 
Apr 01 00:28:03 2021-04-01 19:57:26
Apr 01 00:28:03 
Apr 01 00:28:03 天天加速-暂无太空特殊事件
Apr 01 00:28:03 
Apr 01 00:28:03 天天加速-检查燃料-暂无可用燃料
Apr 01 00:28:03 
Apr 01 00:28:03 天天加速-查询成功1个燃料ID
Apr 01 00:28:03 
Apr 01 00:28:03 天天加速-尝试使用第1个燃料
Apr 01 00:28:03 
Apr 01 00:28:03 天天加速-已成功使用1个燃料
Apr 01 00:28:03 
Apr 01 00:28:03 天天加速任务进行中
Apr 01 00:28:03 
Apr 01 00:28:03 天天加速进行中-结束时间: 
Apr 01 00:28:03 2021-04-01 15:47:26
Apr 01 00:28:03 
Apr 01 00:28:03 天天加速-暂无太空特殊事件
Apr 01 00:28:03 
Apr 01 00:28:03 天天加速-检查燃料-暂无可用燃料
Apr 01 00:28:03 
Apr 01 00:28:03 天天加速-查询无燃料ID
Apr 01 00:28:04 
Apr 01 00:28:04 检查是否可领虫洞京豆奖励
Apr 01 00:28:04 暂无可领取的虫洞京豆奖励
Apr 01 00:28:04 
Apr 01 00:28:04 【空间站】 JD-F11
Apr 01 00:28:04 【结束时间】 2021-04-01 15:47:26
Apr 01 00:28:04 【进度】 36.16%
Apr 01 00:28:04 
Apr 01 00:28:04 
Apr 01 00:28:04 
Apr 01 00:28:04 🔔✈️天天加速, 结束! 🕛 1.443 秒
Apr 01 00:28:04 
Apr 01 03:28:18 
Apr 01 03:28:18 🔔✈️天天加速, 开始!
Apr 01 03:28:18 
Apr 01 03:28:18 ====================共1个京东账号Cookie=========
Apr 01 03:28:18 
Apr 01 03:28:18 ==================脚本执行- 北京时间(UTC+8)：4/1/2021, 3:28:18 AM=====================
Apr 01 03:28:18 
Apr 01 03:28:19 
Apr 01 03:28:19 开始【京东账号1】burst3166
Apr 01 03:28:19 
Apr 01 03:28:19 
Apr 01 03:28:19 天天加速任务进行中
Apr 01 03:28:19 
Apr 01 03:28:19 天天加速进行中-结束时间: 
Apr 01 03:28:19 2021-04-01 15:47:26
Apr 01 03:28:19 
Apr 01 03:28:19 天天加速-暂无太空特殊事件
Apr 01 03:28:19 
Apr 01 03:28:19 天天加速-检查燃料-暂无可用燃料
Apr 01 03:28:19 
Apr 01 03:28:19 天天加速-查询无燃料ID
Apr 01 03:28:19 
Apr 01 03:28:19 检查是否可领虫洞京豆奖励
Apr 01 03:28:19 暂无可领取的虫洞京豆奖励
Apr 01 03:28:19 
Apr 01 03:28:19 【空间站】 JD-F11
Apr 01 03:28:19 【结束时间】 2021-04-01 15:47:26
Apr 01 03:28:19 【进度】 48.67%
Apr 01 03:28:19 
Apr 01 03:28:19 
Apr 01 03:28:19 
Apr 01 03:28:19 🔔✈️天天加速, 结束! 🕛 1.059 秒
Apr 01 03:28:19 
Apr 01 06:28:15 
Apr 01 06:28:15 🔔✈️天天加速, 开始!
Apr 01 06:28:15 
Apr 01 06:28:15 ====================共1个京东账号Cookie=========
Apr 01 06:28:15 
Apr 01 06:28:15 ==================脚本执行- 北京时间(UTC+8)：4/1/2021, 6:28:15 AM=====================
Apr 01 06:28:15 
Apr 01 06:28:16 
Apr 01 06:28:16 开始【京东账号1】burst3166
Apr 01 06:28:16 
Apr 01 06:28:16 
Apr 01 06:28:16 天天加速任务进行中
Apr 01 06:28:16 
Apr 01 06:28:16 天天加速进行中-结束时间: 
Apr 01 06:28:16 2021-04-01 15:47:26
Apr 01 06:28:16 
Apr 01 06:28:16 天天加速-暂无太空特殊事件
Apr 01 06:28:16 
Apr 01 06:28:16 天天加速-检查燃料-暂无可用燃料
Apr 01 06:28:16 
Apr 01 06:28:16 天天加速-查询无燃料ID
Apr 01 06:28:16 
Apr 01 06:28:16 检查是否可领虫洞京豆奖励
Apr 01 06:28:16 暂无可领取的虫洞京豆奖励
Apr 01 06:28:16 
Apr 01 06:28:16 【空间站】 JD-F11
Apr 01 06:28:16 【结束时间】 2021-04-01 15:47:26
Apr 01 06:28:16 【进度】 61.17%
Apr 01 06:28:16 
Apr 01 06:28:16 
Apr 01 06:28:16 
Apr 01 06:28:16 🔔✈️天天加速, 结束! 🕛 1.077 秒
Apr 01 06:28:16 
Apr 01 09:28:07 
Apr 01 09:28:07 🔔✈️天天加速, 开始!
Apr 01 09:28:07 
Apr 01 09:28:07 ====================共1个京东账号Cookie=========
Apr 01 09:28:07 
Apr 01 09:28:07 ==================脚本执行- 北京时间(UTC+8)：4/1/2021, 9:28:07 AM=====================
Apr 01 09:28:07 
Apr 01 09:28:08 
Apr 01 09:28:08 开始【京东账号1】burst3166
Apr 01 09:28:08 
Apr 01 09:28:08 
Apr 01 09:28:08 天天加速任务进行中
Apr 01 09:28:08 
Apr 01 09:28:08 天天加速进行中-结束时间: 
Apr 01 09:28:08 2021-04-01 15:47:26
Apr 01 09:28:08 
Apr 01 09:28:08 天天加速-暂无太空特殊事件
Apr 01 09:28:08 
Apr 01 09:28:08 天天加速-查询到1个可用燃料
Apr 01 09:28:08 
Apr 01 09:28:08 天天加速-尝试领取第1个可用燃料
Apr 01 09:28:08 
Apr 01 09:28:08 天天加速-已成功领取1个可用燃料
Apr 01 09:28:08 
Apr 01 09:28:08 天天加速-查询成功1个燃料ID
Apr 01 09:28:08 
Apr 01 09:28:08 天天加速-尝试使用第1个燃料
Apr 01 09:28:08 
Apr 01 09:28:08 天天加速-已成功使用1个燃料
Apr 01 09:28:08 
Apr 01 09:28:08 天天加速任务进行中
Apr 01 09:28:08 
Apr 01 09:28:08 天天加速进行中-结束时间: 
Apr 01 09:28:08 2021-04-01 13:00:46
Apr 01 09:28:08 
Apr 01 09:28:08 天天加速-暂无太空特殊事件
Apr 01 09:28:08 
Apr 01 09:28:08 天天加速-检查燃料-暂无可用燃料
Apr 01 09:28:08 
Apr 01 09:28:08 天天加速-查询无燃料ID
Apr 01 09:28:08 
Apr 01 09:28:08 检查是否可领虫洞京豆奖励
Apr 01 09:28:08 暂无可领取的虫洞京豆奖励
Apr 01 09:28:08 
Apr 01 09:28:08 【空间站】 JD-F11
Apr 01 09:28:08 【结束时间】 2021-04-01 13:00:46
Apr 01 09:28:08 【进度】 85.23%
Apr 01 09:28:08 
Apr 01 09:28:08 
Apr 01 09:28:08 
Apr 01 09:28:08 🔔✈️天天加速, 结束! 🕛 1.534 秒
Apr 01 09:28:08 
Apr 01 12:28:15 
Apr 01 12:28:15 🔔✈️天天加速, 开始!
Apr 01 12:28:15 
Apr 01 12:28:15 ====================共1个京东账号Cookie=========
Apr 01 12:28:15 
Apr 01 12:28:15 ==================脚本执行- 北京时间(UTC+8)：4/1/2021, 12:28:15 PM=====================
Apr 01 12:28:15 
Apr 01 12:28:15 
Apr 01 12:28:15 开始【京东账号1】burst3166
Apr 01 12:28:15 
Apr 01 12:28:15 
Apr 01 12:28:15 天天加速任务进行中
Apr 01 12:28:15 
Apr 01 12:28:15 天天加速进行中-结束时间: 
Apr 01 12:28:15 2021-04-01 13:00:46
Apr 01 12:28:15 
Apr 01 12:28:15 天天加速-暂无太空特殊事件
Apr 01 12:28:16 
Apr 01 12:28:16 天天加速-检查燃料-暂无可用燃料
Apr 01 12:28:16 
Apr 01 12:28:16 天天加速-查询无燃料ID
Apr 01 12:28:16 
Apr 01 12:28:16 检查是否可领虫洞京豆奖励
Apr 01 12:28:16 暂无可领取的虫洞京豆奖励
Apr 01 12:28:16 
Apr 01 12:28:16 【空间站】 JD-F11
Apr 01 12:28:16 【结束时间】 2021-04-01 13:00:46
Apr 01 12:28:16 【进度】 97.74%
Apr 01 12:28:16 
Apr 01 12:28:16 
Apr 01 12:28:16 
Apr 01 12:28:16 🔔✈️天天加速, 结束! 🕛 1.066 秒
Apr 01 12:28:16 
Apr 01 15:28:09 
Apr 01 15:28:09 🔔✈️天天加速, 开始!
Apr 01 15:28:09 
Apr 01 15:28:09 ====================共1个京东账号Cookie=========
Apr 01 15:28:09 
Apr 01 15:28:09 ==================脚本执行- 北京时间(UTC+8)：4/1/2021, 3:28:09 PM=====================
Apr 01 15:28:09 
Apr 01 15:28:10 
Apr 01 15:28:10 开始【京东账号1】IS_FREEDOM
Apr 01 15:28:10 
Apr 01 15:28:10 
Apr 01 15:28:10 天天加速任务进行中
Apr 01 15:28:10 
Apr 01 15:28:10 天天加速-领取上次奖励成功
Apr 01 15:28:10 
Apr 01 15:28:10 天天加速任务进行中
Apr 01 15:28:10 
Apr 01 15:28:10 天天加速-开始本次任务 
Apr 01 15:28:10 
Apr 01 15:28:10 天天加速进行中-结束时间: 
Apr 01 15:28:10 2021-04-02 15:28:10
Apr 01 15:28:10 
Apr 01 15:28:10 天天加速-暂无太空特殊事件
Apr 01 15:28:10 
Apr 01 15:28:10 天天加速-检查燃料-暂无可用燃料
Apr 01 15:28:10 
Apr 01 15:28:10 天天加速-查询无燃料ID
Apr 01 15:28:10 
Apr 01 15:28:10 检查是否可领虫洞京豆奖励
Apr 01 15:28:10 暂无可领取的虫洞京豆奖励
Apr 01 15:28:10 
Apr 01 15:28:10 【空间站】 JD-F12
Apr 01 15:28:10 【结束时间】 2021-04-02 15:28:10
Apr 01 15:28:10 【进度】 0.00%
Apr 01 15:28:10 
Apr 01 15:28:10 
Apr 01 15:28:10 
Apr 01 15:28:10 🔔✈️天天加速, 结束! 🕛 1.202 秒
Apr 01 15:28:10 
