Apr 22 01:21:20 
Apr 22 01:21:20 🔔京东极速版, 开始!
Apr 22 01:21:20 
Apr 22 01:21:20 ====================共1个京东账号Cookie=========
Apr 22 01:21:20 
Apr 22 01:21:20 ==================脚本执行- 北京时间(UTC+8)：4/22/2021, 1:21:20 AM=====================
Apr 22 01:21:20 
Apr 22 01:21:21 
Apr 22 01:21:21 ******开始【京东账号1】jd_60103fd1c8cd9*********
Apr 22 01:21:21 
Apr 22 01:21:21 用户当前位置：1，剩余机会：1
Apr 22 01:21:21 红包大富翁抽奖获得：【128.00-101.00 富翁神券】
Apr 22 01:21:21 【幸运大转盘】剩余抽奖机会：1
Apr 22 01:21:21 幸运大转盘抽奖获得：【undefined-500undefined】
Apr 22 01:21:21 
Apr 22 01:21:22 去做任务转盘抽奖逛会场
Apr 22 01:21:22 任务完成成功
Apr 22 01:21:22 【幸运大转盘】剩余抽奖机会：1
Apr 22 01:21:22 幸运大转盘抽奖获得：【13-10福利神券-老人】
Apr 22 01:21:22 
Apr 22 01:21:23 签到获得0.5现金，共计获得8.80
Apr 22 01:21:23 逛商品赚金币已完成
Apr 22 01:21:23 逛活动赚金币已完成
Apr 22 01:21:23 看视频赚金币已完成
Apr 22 01:21:23 邀好友赚金币任务完成成功，预计获得60金币
Apr 22 01:21:24 拆红包得现金任务完成成功，预计获得60金币
Apr 22 01:21:25 分享赚金币任务完成成功，预计获得60金币
Apr 22 01:21:26 东东爱消除任务完成成功，预计获得60金币
Apr 22 01:21:27 一元赢大奖任务完成成功，预计获得60金币
Apr 22 01:21:28 幸运转盘任务完成成功，预计获得60金币
Apr 22 01:21:29 现金签到任务完成成功，预计获得60金币
Apr 22 01:21:30 推推赚大钱任务完成成功，预计获得60金币
Apr 22 01:21:31 天天抽奖任务完成成功，预计获得60金币
Apr 22 01:21:32 水果免费领任务完成成功，预计获得60金币
Apr 22 01:21:34 砍价免费拿任务完成成功，预计获得60金币
Apr 22 01:21:35 气泡收取成功，获得60金币
Apr 22 01:21:35 气泡收取成功，获得60金币
Apr 22 01:21:36 气泡收取成功，获得60金币
Apr 22 01:21:37 气泡收取成功，获得60金币
Apr 22 01:21:37 气泡收取成功，获得60金币
Apr 22 01:21:38 气泡收取成功，获得60金币
Apr 22 01:21:38 气泡收取成功，获得60金币
Apr 22 01:21:39 气泡收取成功，获得60金币
Apr 22 01:21:40 气泡收取成功，获得60金币
Apr 22 01:21:40 气泡收取成功，获得60金币
Apr 22 01:21:41 气泡收取成功，获得60金币
Apr 22 01:21:42 
Apr 22 01:21:42 ==============📣系统通知📣==============
Apr 22 01:21:42 京东极速版
Apr 22 01:21:42 京东账号1jd_60103fd1c8cd9
Apr 22 01:21:42 红包大富翁抽奖获得：【128.00-101.00 富翁神券】
Apr 22 01:21:42 幸运大转盘抽奖获得：【undefined-500undefined】
Apr 22 01:21:42 幸运大转盘抽奖获得：【13-10福利神券-老人】
Apr 22 01:21:42 本次运行获得660金币，共计384613金币
Apr 22 01:21:42 可兑换 38.46 元京东红包
Apr 22 01:21:42 兑换入口：京东极速版->我的->金币
Apr 22 01:21:44 
Apr 22 01:21:44 🔔京东极速版, 结束! 🕛 23.911 秒
Apr 22 01:21:44 
Apr 22 06:21:01 
Apr 22 06:21:01 🔔京东极速版, 开始!
Apr 22 06:21:01 
Apr 22 06:21:01 ====================共1个京东账号Cookie=========
Apr 22 06:21:01 
Apr 22 06:21:01 ==================脚本执行- 北京时间(UTC+8)：4/22/2021, 6:21:01 AM=====================
Apr 22 06:21:01 
Apr 22 06:21:02 
Apr 22 06:21:02 ******开始【京东账号1】jd_60103fd1c8cd9*********
Apr 22 06:21:02 
Apr 22 06:21:02 用户当前位置：8，剩余机会：0
Apr 22 06:21:02 【幸运大转盘】剩余抽奖机会：0
Apr 22 06:21:02 【幸运大转盘】剩余抽奖机会：0
Apr 22 06:21:02 签到失败，用户已签到
Apr 22 06:21:03 【1/55】浏览商品任务记录成功，等待5秒
Apr 22 06:21:08 逛商品赚金币任务完成，获得44金币
Apr 22 06:21:08 【2/55】浏览商品任务记录成功，等待5秒
Apr 22 06:21:13 逛商品赚金币任务完成，获得36金币
Apr 22 06:21:13 【3/55】浏览商品任务记录成功，等待5秒
Apr 22 06:21:18 逛商品赚金币任务完成，获得44金币
Apr 22 06:21:18 【4/55】浏览商品任务记录成功，等待5秒
Apr 22 06:21:23 逛商品赚金币任务完成，获得36金币
Apr 22 06:21:24 【5/55】浏览商品任务记录成功，等待5秒
Apr 22 06:21:29 逛商品赚金币任务完成，获得65金币
Apr 22 06:21:29 【6/55】浏览商品任务记录成功，等待5秒
Apr 22 06:21:34 逛商品赚金币任务完成，获得33金币
Apr 22 06:21:34 【7/55】浏览商品任务记录成功，等待5秒
Apr 22 06:21:39 逛商品赚金币任务完成，获得44金币
Apr 22 06:21:39 【8/55】浏览商品任务记录成功，等待5秒
Apr 22 06:21:44 逛商品赚金币任务完成，获得36金币
Apr 22 06:21:44 【9/55】浏览商品任务记录成功，等待5秒
Apr 22 06:21:50 逛商品赚金币任务完成，获得44金币
Apr 22 06:21:50 【10/55】浏览商品任务记录成功，等待5秒
Apr 22 06:21:55 逛商品赚金币任务完成，获得63金币
Apr 22 06:21:55 【11/55】浏览商品任务记录成功，等待5秒
Apr 22 06:22:00 逛商品赚金币任务完成，获得44金币
Apr 22 06:22:00 【12/55】浏览商品任务记录成功，等待5秒
Apr 22 06:22:05 逛商品赚金币任务完成，获得36金币
Apr 22 06:22:05 【13/55】浏览商品任务记录成功，等待5秒
Apr 22 06:22:10 逛商品赚金币任务完成，获得45金币
Apr 22 06:22:10 【14/55】浏览商品任务记录成功，等待5秒
Apr 22 06:22:16 逛商品赚金币任务完成，获得35金币
Apr 22 06:22:16 【15/55】浏览商品任务记录成功，等待5秒
Apr 22 06:22:21 逛商品赚金币任务完成，获得73金币
Apr 22 06:22:21 【16/55】浏览商品任务记录成功，等待5秒
Apr 22 06:22:26 逛商品赚金币任务完成，获得25金币
Apr 22 06:22:26 【17/55】浏览商品任务记录成功，等待5秒
Apr 22 06:22:31 逛商品赚金币任务完成，获得34金币
Apr 22 06:22:31 【18/55】浏览商品任务记录成功，等待5秒
Apr 22 06:22:36 逛商品赚金币任务完成，获得26金币
Apr 22 06:22:37 【19/55】浏览商品任务记录成功，等待5秒
Apr 22 06:22:42 逛商品赚金币任务完成，获得33金币
Apr 22 06:22:42 【20/55】浏览商品任务记录成功，等待5秒
Apr 22 06:22:47 逛商品赚金币任务完成，获得74金币
Apr 22 06:22:47 【21/55】浏览商品任务记录成功，等待5秒
Apr 22 06:22:52 逛商品赚金币任务完成，获得33金币
Apr 22 06:22:52 【22/55】浏览商品任务记录成功，等待5秒
Apr 22 06:22:57 逛商品赚金币任务完成，获得27金币
Apr 22 06:22:57 【23/55】浏览商品任务记录成功，等待5秒
Apr 22 06:23:02 逛商品赚金币任务完成，获得33金币
Apr 22 06:23:03 【24/55】浏览商品任务记录成功，等待5秒
Apr 22 06:23:08 逛商品赚金币任务完成，获得27金币
Apr 22 06:23:08 【25/55】浏览商品任务记录成功，等待5秒
Apr 22 06:23:13 逛商品赚金币任务完成，获得73金币
Apr 22 06:23:13 【26/55】浏览商品任务记录成功，等待5秒
Apr 22 06:23:18 逛商品赚金币任务完成，获得26金币
Apr 22 06:23:18 【27/55】浏览商品任务记录成功，等待5秒
Apr 22 06:23:23 逛商品赚金币任务完成，获得36金币
Apr 22 06:23:23 【28/55】浏览商品任务记录成功，等待5秒
Apr 22 06:23:28 逛商品赚金币任务完成，获得24金币
Apr 22 06:23:29 【29/55】浏览商品任务记录成功，等待5秒
Apr 22 06:23:34 逛商品赚金币任务完成，获得24金币
Apr 22 06:24:07 【30/55】浏览商品任务记录成功，等待5秒
Apr 22 06:24:12 逛商品赚金币任务完成，获得68金币
Apr 22 06:24:12 【31/55】浏览商品任务记录成功，等待5秒
Apr 22 06:24:17 逛商品赚金币任务完成，获得23金币
Apr 22 06:24:17 【32/55】浏览商品任务记录成功，等待5秒
Apr 22 06:24:22 逛商品赚金币任务完成，获得17金币
Apr 22 06:24:23 【33/55】浏览商品任务记录成功，等待5秒
Apr 22 06:24:28 逛商品赚金币任务完成，获得23金币
Apr 22 06:24:28 【34/55】浏览商品任务记录成功，等待5秒
Apr 22 06:24:33 逛商品赚金币任务完成，获得17金币
Apr 22 06:24:33 【35/55】浏览商品任务记录成功，等待5秒
Apr 22 06:24:38 逛商品赚金币任务完成，获得68金币
Apr 22 06:24:38 【36/55】浏览商品任务记录成功，等待5秒
Apr 22 06:24:43 逛商品赚金币任务完成，获得17金币
Apr 22 06:24:43 【37/55】浏览商品任务记录成功，等待5秒
Apr 22 06:24:49 逛商品赚金币任务完成，获得22金币
Apr 22 06:24:49 【38/55】浏览商品任务记录成功，等待5秒
Apr 22 06:24:54 逛商品赚金币任务完成，获得18金币
Apr 22 06:24:54 【39/55】浏览商品任务记录成功，等待5秒
Apr 22 06:24:59 逛商品赚金币任务完成，获得24金币
Apr 22 06:24:59 【40/55】浏览商品任务记录成功，等待5秒
Apr 22 06:25:04 逛商品赚金币任务完成，获得77金币
Apr 22 06:25:04 【41/55】浏览商品任务记录成功，等待5秒
Apr 22 06:25:09 逛商品赚金币任务完成，获得11金币
Apr 22 06:25:09 【42/55】浏览商品任务记录成功，等待5秒
Apr 22 06:25:15 逛商品赚金币任务完成，获得9金币
Apr 22 06:25:15 【43/55】浏览商品任务记录成功，等待5秒
Apr 22 06:25:20 逛商品赚金币任务完成，获得11金币
Apr 22 06:25:20 【44/55】浏览商品任务记录成功，等待5秒
Apr 22 06:25:25 逛商品赚金币任务完成，获得9金币
Apr 22 06:25:25 【45/55】浏览商品任务记录成功，等待5秒
Apr 22 06:25:30 逛商品赚金币任务完成，获得64金币
Apr 22 06:25:30 【46/55】浏览商品任务记录成功，等待5秒
Apr 22 06:25:36 逛商品赚金币任务完成，获得9金币
Apr 22 06:25:36 【47/55】浏览商品任务记录成功，等待5秒
Apr 22 06:25:41 逛商品赚金币任务完成，获得12金币
Apr 22 06:25:41 【48/55】浏览商品任务记录成功，等待5秒
Apr 22 06:25:46 逛商品赚金币任务完成，获得8金币
Apr 22 06:25:46 【49/55】浏览商品任务记录成功，等待5秒
Apr 22 06:25:51 逛商品赚金币任务完成，获得11金币
Apr 22 06:25:51 【50/55】浏览商品任务记录成功，等待5秒
Apr 22 06:25:56 逛商品赚金币任务完成，获得72金币
Apr 22 06:25:56 【51/55】浏览商品任务记录成功，等待5秒
Apr 22 06:26:02 逛商品赚金币任务完成，获得11金币
Apr 22 06:26:02 【52/55】浏览商品任务记录成功，等待5秒
Apr 22 06:26:07 逛商品赚金币任务完成，获得9金币
Apr 22 06:26:07 【53/55】浏览商品任务记录成功，等待5秒
Apr 22 06:26:12 逛商品赚金币任务完成，获得11金币
Apr 22 06:26:12 【54/55】浏览商品任务记录成功，等待5秒
Apr 22 06:26:17 逛商品赚金币任务完成，获得9金币
Apr 22 06:26:17 【55/55】浏览商品任务记录成功，等待5秒
Apr 22 06:26:23 逛商品赚金币任务完成，获得62金币
Apr 22 06:26:23 逛商品赚金币任务开启失败，任务已达上限
Apr 22 06:26:23 【1/10】浏览商品任务记录成功，等待10秒
Apr 22 06:26:33 逛活动赚金币任务完成，获得60金币
Apr 22 06:26:33 【2/10】浏览商品任务记录成功，等待10秒
Apr 22 06:26:43 逛活动赚金币任务完成，获得120金币
Apr 22 06:26:43 【3/10】浏览商品任务记录成功，等待10秒
Apr 22 06:26:53 逛活动赚金币任务完成，获得60金币
Apr 22 06:26:54 【4/10】浏览商品任务记录成功，等待10秒
Apr 22 06:27:04 逛活动赚金币任务完成，获得120金币
Apr 22 06:27:04 【5/10】浏览商品任务记录成功，等待10秒
Apr 22 06:27:14 逛活动赚金币任务完成，获得60金币
Apr 22 06:27:14 【6/10】浏览商品任务记录成功，等待10秒
Apr 22 06:27:24 逛活动赚金币任务完成，获得120金币
Apr 22 06:27:24 【7/10】浏览商品任务记录成功，等待10秒
Apr 22 06:27:34 逛活动赚金币任务完成，获得60金币
Apr 22 06:27:34 【8/10】浏览商品任务记录成功，等待10秒
Apr 22 06:27:44 逛活动赚金币任务完成，获得120金币
Apr 22 06:27:45 【9/10】浏览商品任务记录成功，等待10秒
Apr 22 06:27:55 逛活动赚金币任务完成，获得60金币
Apr 22 06:27:55 【10/10】浏览商品任务记录成功，等待10秒
Apr 22 06:28:05 逛活动赚金币任务完成，获得120金币
Apr 22 06:28:05 逛活动赚金币任务开启失败，任务已达上限
Apr 22 06:28:05 【1/85】浏览商品任务记录成功，等待15秒
Apr 22 06:28:20 看视频赚金币任务完成，获得30金币
Apr 22 06:28:20 【2/85】浏览商品任务记录成功，等待15秒
Apr 22 06:28:35 看视频赚金币任务完成，获得30金币
Apr 22 06:28:35 【3/85】浏览商品任务记录成功，等待15秒
Apr 22 06:28:50 看视频赚金币任务完成，获得30金币
Apr 22 06:28:51 【4/85】浏览商品任务记录成功，等待15秒
Apr 22 06:29:06 看视频赚金币任务完成，获得30金币
Apr 22 06:29:06 【5/85】浏览商品任务记录成功，等待15秒
Apr 22 06:29:21 看视频赚金币任务完成，获得120金币
Apr 22 06:29:21 【6/85】浏览商品任务记录成功，等待15秒
Apr 22 06:29:36 看视频赚金币任务完成，获得30金币
Apr 22 06:29:36 【7/85】浏览商品任务记录成功，等待15秒
Apr 22 06:29:51 看视频赚金币任务完成，获得30金币
Apr 22 06:29:51 【8/85】浏览商品任务记录成功，等待15秒
Apr 22 06:30:06 看视频赚金币任务完成，获得30金币
Apr 22 06:30:06 【9/85】浏览商品任务记录成功，等待15秒
Apr 22 06:30:21 看视频赚金币任务完成，获得30金币
Apr 22 06:30:21 【10/85】浏览商品任务记录成功，等待15秒
Apr 22 06:30:37 看视频赚金币任务完成，获得120金币
Apr 22 06:30:37 【11/85】浏览商品任务记录成功，等待15秒
Apr 22 06:30:52 看视频赚金币任务完成，获得30金币
Apr 22 06:30:52 【12/85】浏览商品任务记录成功，等待15秒
Apr 22 06:31:07 看视频赚金币任务完成，获得30金币
Apr 22 06:31:07 【13/85】浏览商品任务记录成功，等待15秒
Apr 22 06:31:22 看视频赚金币任务完成，获得30金币
Apr 22 06:31:22 【14/85】浏览商品任务记录成功，等待15秒
Apr 22 06:31:37 看视频赚金币任务完成，获得30金币
Apr 22 06:31:37 【15/85】浏览商品任务记录成功，等待15秒
Apr 22 06:31:52 看视频赚金币任务完成，获得120金币
Apr 22 06:31:52 【16/85】浏览商品任务记录成功，等待15秒
Apr 22 06:32:08 看视频赚金币任务完成，获得30金币
Apr 22 06:32:08 【17/85】浏览商品任务记录成功，等待15秒
Apr 22 06:32:23 看视频赚金币任务完成，获得30金币
Apr 22 06:32:23 【18/85】浏览商品任务记录成功，等待15秒
Apr 22 06:32:38 看视频赚金币任务完成，获得30金币
Apr 22 06:32:38 【19/85】浏览商品任务记录成功，等待15秒
Apr 22 06:32:53 看视频赚金币任务完成，获得30金币
Apr 22 06:32:53 【20/85】浏览商品任务记录成功，等待15秒
Apr 22 06:33:08 看视频赚金币任务完成，获得120金币
Apr 22 06:33:08 【21/85】浏览商品任务记录成功，等待15秒
Apr 22 06:33:23 看视频赚金币任务完成，获得30金币
Apr 22 06:33:23 【22/85】浏览商品任务记录成功，等待15秒
Apr 22 06:33:39 看视频赚金币任务完成，获得30金币
Apr 22 06:33:39 【23/85】浏览商品任务记录成功，等待15秒
Apr 22 06:33:54 看视频赚金币任务完成，获得30金币
Apr 22 06:33:54 【24/85】浏览商品任务记录成功，等待15秒
Apr 22 06:34:09 看视频赚金币任务完成，获得30金币
Apr 22 06:34:09 【25/85】浏览商品任务记录成功，等待15秒
Apr 22 06:34:24 看视频赚金币任务完成，获得120金币
Apr 22 06:34:24 【26/85】浏览商品任务记录成功，等待15秒
Apr 22 06:34:39 看视频赚金币任务完成，获得30金币
Apr 22 06:34:39 【27/85】浏览商品任务记录成功，等待15秒
Apr 22 06:34:54 看视频赚金币任务完成，获得30金币
Apr 22 06:34:54 【28/85】浏览商品任务记录成功，等待15秒
Apr 22 06:35:10 看视频赚金币任务完成，获得30金币
Apr 22 06:35:10 【29/85】浏览商品任务记录成功，等待15秒
Apr 22 06:35:25 看视频赚金币任务完成，获得30金币
Apr 22 06:35:25 【30/85】浏览商品任务记录成功，等待15秒
Apr 22 06:35:40 看视频赚金币任务完成，获得120金币
Apr 22 06:35:40 【31/85】浏览商品任务记录成功，等待15秒
Apr 22 06:35:55 看视频赚金币任务完成，获得30金币
Apr 22 06:35:55 【32/85】浏览商品任务记录成功，等待15秒
Apr 22 06:36:10 看视频赚金币任务完成，获得30金币
Apr 22 06:36:10 【33/85】浏览商品任务记录成功，等待15秒
Apr 22 06:36:25 看视频赚金币任务完成，获得30金币
Apr 22 06:36:26 【34/85】浏览商品任务记录成功，等待15秒
Apr 22 06:36:41 看视频赚金币任务完成，获得30金币
Apr 22 06:36:41 【35/85】浏览商品任务记录成功，等待15秒
Apr 22 06:36:56 看视频赚金币任务完成，获得120金币
Apr 22 06:36:56 【36/85】浏览商品任务记录成功，等待18秒
Apr 22 06:37:14 看视频赚金币任务完成，获得25金币
Apr 22 06:37:14 【37/85】浏览商品任务记录成功，等待18秒
Apr 22 06:37:32 看视频赚金币任务完成，获得25金币
Apr 22 06:37:32 【38/85】浏览商品任务记录成功，等待18秒
Apr 22 06:37:50 看视频赚金币任务完成，获得25金币
Apr 22 06:37:50 【39/85】浏览商品任务记录成功，等待18秒
Apr 22 06:38:08 看视频赚金币任务完成，获得25金币
Apr 22 06:38:08 【40/85】浏览商品任务记录成功，等待18秒
Apr 22 06:38:27 看视频赚金币任务完成，获得120金币
Apr 22 06:38:27 【41/85】浏览商品任务记录成功，等待18秒
Apr 22 06:38:45 看视频赚金币任务完成，获得25金币
Apr 22 06:38:45 【42/85】浏览商品任务记录成功，等待18秒
Apr 22 06:39:03 看视频赚金币任务完成，获得25金币
Apr 22 06:39:03 【43/85】浏览商品任务记录成功，等待18秒
Apr 22 06:39:21 看视频赚金币任务完成，获得25金币
Apr 22 06:39:21 【44/85】浏览商品任务记录成功，等待18秒
Apr 22 06:39:39 看视频赚金币任务完成，获得25金币
Apr 22 06:39:39 【45/85】浏览商品任务记录成功，等待18秒
Apr 22 06:39:57 看视频赚金币任务完成，获得120金币
Apr 22 06:39:57 【46/85】浏览商品任务记录成功，等待18秒
Apr 22 06:40:16 看视频赚金币任务完成，获得25金币
Apr 22 06:40:16 【47/85】浏览商品任务记录成功，等待18秒
Apr 22 06:40:34 看视频赚金币任务完成，获得25金币
Apr 22 06:40:34 【48/85】浏览商品任务记录成功，等待18秒
Apr 22 06:40:52 看视频赚金币任务完成，获得25金币
Apr 22 06:40:52 【49/85】浏览商品任务记录成功，等待18秒
Apr 22 06:41:10 看视频赚金币任务完成，获得25金币
Apr 22 06:41:10 【50/85】浏览商品任务记录成功，等待18秒
Apr 22 06:41:28 看视频赚金币任务完成，获得120金币
Apr 22 06:41:28 【51/85】浏览商品任务记录成功，等待18秒
Apr 22 06:41:46 看视频赚金币任务完成，获得25金币
Apr 22 06:41:46 【52/85】浏览商品任务记录成功，等待18秒
Apr 22 06:42:05 看视频赚金币任务完成，获得25金币
Apr 22 06:42:05 【53/85】浏览商品任务记录成功，等待18秒
Apr 22 06:42:23 看视频赚金币任务完成，获得25金币
Apr 22 06:42:23 【54/85】浏览商品任务记录成功，等待18秒
Apr 22 06:42:41 看视频赚金币任务完成，获得25金币
Apr 22 06:42:41 【55/85】浏览商品任务记录成功，等待18秒
Apr 22 06:42:59 看视频赚金币任务完成，获得120金币
Apr 22 06:42:59 【56/85】浏览商品任务记录成功，等待18秒
Apr 22 06:43:17 看视频赚金币任务完成，获得25金币
Apr 22 06:43:17 【57/85】浏览商品任务记录成功，等待18秒
Apr 22 06:43:35 看视频赚金币任务完成，获得25金币
Apr 22 06:43:35 【58/85】浏览商品任务记录成功，等待18秒
Apr 22 06:43:54 看视频赚金币任务完成，获得25金币
Apr 22 06:43:54 【59/85】浏览商品任务记录成功，等待18秒
Apr 22 06:44:12 看视频赚金币任务完成，获得25金币
Apr 22 06:44:12 【60/85】浏览商品任务记录成功，等待18秒
Apr 22 06:44:30 看视频赚金币任务完成，获得120金币
Apr 22 06:44:30 【61/85】浏览商品任务记录成功，等待20秒
Apr 22 06:44:50 看视频赚金币任务完成，获得10金币
Apr 22 06:44:50 【62/85】浏览商品任务记录成功，等待20秒
Apr 22 06:45:10 看视频赚金币任务完成，获得10金币
Apr 22 06:45:10 【63/85】浏览商品任务记录成功，等待20秒
Apr 22 06:45:30 看视频赚金币任务完成，获得10金币
Apr 22 06:45:30 【64/85】浏览商品任务记录成功，等待20秒
Apr 22 06:45:50 看视频赚金币任务完成，获得10金币
Apr 22 06:45:50 【65/85】浏览商品任务记录成功，等待20秒
Apr 22 06:46:11 看视频赚金币任务完成，获得60金币
Apr 22 06:46:11 【66/85】浏览商品任务记录成功，等待20秒
Apr 22 06:46:31 看视频赚金币任务完成，获得10金币
Apr 22 06:46:31 【67/85】浏览商品任务记录成功，等待20秒
Apr 22 06:46:51 看视频赚金币任务完成，获得10金币
Apr 22 06:46:51 【68/85】浏览商品任务记录成功，等待20秒
Apr 22 06:47:11 看视频赚金币任务完成，获得10金币
Apr 22 06:47:11 【69/85】浏览商品任务记录成功，等待20秒
Apr 22 06:47:31 看视频赚金币任务完成，获得10金币
Apr 22 06:47:31 【70/85】浏览商品任务记录成功，等待20秒
Apr 22 06:47:51 看视频赚金币任务完成，获得60金币
Apr 22 06:47:51 【71/85】浏览商品任务记录成功，等待20秒
Apr 22 06:48:11 看视频赚金币任务完成，获得10金币
Apr 22 06:48:12 【72/85】浏览商品任务记录成功，等待20秒
Apr 22 06:48:32 看视频赚金币任务完成，获得10金币
Apr 22 06:48:32 【73/85】浏览商品任务记录成功，等待20秒
Apr 22 06:48:52 看视频赚金币任务完成，获得10金币
Apr 22 06:48:52 【74/85】浏览商品任务记录成功，等待20秒
Apr 22 06:49:12 看视频赚金币任务完成，获得10金币
Apr 22 06:49:12 【75/85】浏览商品任务记录成功，等待20秒
Apr 22 06:49:32 看视频赚金币任务完成，获得60金币
Apr 22 06:49:32 【76/85】浏览商品任务记录成功，等待30秒
Apr 22 06:50:02 看视频赚金币任务完成，获得5金币
Apr 22 06:50:02 【77/85】浏览商品任务记录成功，等待30秒
Apr 22 06:50:32 看视频赚金币任务完成，获得5金币
Apr 22 06:50:33 【78/85】浏览商品任务记录成功，等待30秒
Apr 22 06:51:03 看视频赚金币任务完成，获得5金币
Apr 22 06:51:03 【79/85】浏览商品任务记录成功，等待30秒
Apr 22 06:51:33 看视频赚金币任务完成，获得5金币
Apr 22 06:51:33 【80/85】浏览商品任务记录成功，等待30秒
Apr 22 06:52:03 看视频赚金币任务完成，获得40金币
Apr 22 06:52:03 【81/85】浏览商品任务记录成功，等待30秒
Apr 22 06:52:33 看视频赚金币任务完成，获得5金币
Apr 22 06:52:33 【82/85】浏览商品任务记录成功，等待30秒
Apr 22 06:53:03 看视频赚金币任务完成，获得5金币
Apr 22 06:53:03 【83/85】浏览商品任务记录成功，等待30秒
Apr 22 06:53:34 看视频赚金币任务完成，获得5金币
Apr 22 06:53:34 【84/85】浏览商品任务记录成功，等待30秒
Apr 22 06:54:04 看视频赚金币任务完成，获得5金币
Apr 22 06:54:04 【85/85】浏览商品任务记录成功，等待30秒
Apr 22 06:54:34 看视频赚金币任务完成，获得40金币
Apr 22 06:54:34 看视频赚金币任务已达上限
Apr 22 06:54:34 邀好友赚金币已完成
Apr 22 06:54:34 拆红包得现金已完成
Apr 22 06:54:34 分享赚金币已完成
Apr 22 06:54:34 东东爱消除已完成
Apr 22 06:54:34 一元赢大奖已完成
Apr 22 06:54:34 幸运转盘已完成
Apr 22 06:54:34 现金签到已完成
Apr 22 06:54:34 推推赚大钱已完成
Apr 22 06:54:34 天天抽奖已完成
Apr 22 06:54:34 水果免费领已完成
Apr 22 06:54:34 砍价免费拿已完成
Apr 22 06:54:34 
Apr 22 06:54:34 ==============📣系统通知📣==============
Apr 22 06:54:34 京东极速版
Apr 22 06:54:34 京东账号1jd_60103fd1c8cd9
Apr 22 06:54:34 本次运行获得5965金币，共计390578金币
Apr 22 06:54:34 可兑换 39.06 元京东红包
Apr 22 06:54:34 兑换入口：京东极速版->我的->金币
Apr 22 06:54:36 
Apr 22 06:54:36 🔔京东极速版, 结束! 🕛 2014.893 秒
Apr 22 06:54:36 
Apr 23 01:21:24 
Apr 23 01:21:24 🔔京东极速版, 开始!
Apr 23 01:21:24 
Apr 23 01:21:24 ====================共1个京东账号Cookie=========
Apr 23 01:21:24 
Apr 23 01:21:25 ==================脚本执行- 北京时间(UTC+8)：4/23/2021, 1:21:24 AM=====================
Apr 23 01:21:25 
Apr 23 01:21:25 
Apr 23 01:21:25 ******开始【京东账号1】jd_60103fd1c8cd9*********
Apr 23 01:21:25 
Apr 23 01:21:25 用户当前位置：1，剩余机会：1
Apr 23 01:21:26 红包大富翁抽奖：获得空气
Apr 23 01:21:26 【幸运大转盘】剩余抽奖机会：1
Apr 23 01:21:26 幸运大转盘抽奖获得：空气
Apr 23 01:21:26 去做任务转盘抽奖逛会场
Apr 23 01:21:27 任务完成成功
Apr 23 01:21:27 【幸运大转盘】剩余抽奖机会：1
Apr 23 01:21:27 幸运大转盘抽奖获得：【13-10福利神券-老人】
Apr 23 01:21:27 
Apr 23 01:21:27 签到获得0.07现金，共计获得8.87
Apr 23 01:21:27 逛商品赚金币已完成
Apr 23 01:21:27 逛活动赚金币已完成
Apr 23 01:21:27 看视频赚金币已完成
Apr 23 01:21:27 邀好友赚金币任务完成成功，预计获得60金币
Apr 23 01:21:29 拆红包得现金任务完成成功，预计获得60金币
Apr 23 01:21:30 分享赚金币任务完成成功，预计获得60金币
Apr 23 01:21:31 东东爱消除任务完成成功，预计获得60金币
Apr 23 01:21:32 一元赢大奖任务完成成功，预计获得60金币
Apr 23 01:21:33 幸运转盘任务完成成功，预计获得60金币
Apr 23 01:21:34 现金签到任务完成成功，预计获得60金币
Apr 23 01:21:35 推推赚大钱任务完成成功，预计获得60金币
Apr 23 01:21:36 天天抽奖任务完成成功，预计获得60金币
Apr 23 01:21:37 水果免费领任务完成成功，预计获得60金币
Apr 23 01:21:38 砍价免费拿任务完成成功，预计获得60金币
Apr 23 01:21:39 气泡收取成功，获得60金币
Apr 23 01:21:40 气泡收取成功，获得60金币
Apr 23 01:21:40 气泡收取成功，获得60金币
Apr 23 01:21:41 气泡收取成功，获得60金币
Apr 23 01:21:42 气泡收取成功，获得60金币
Apr 23 01:21:42 气泡收取成功，获得60金币
Apr 23 01:21:43 气泡收取成功，获得60金币
Apr 23 01:21:43 气泡收取成功，获得60金币
Apr 23 01:21:44 气泡收取成功，获得60金币
Apr 23 01:21:45 气泡收取成功，获得60金币
Apr 23 01:21:45 气泡收取成功，获得60金币
Apr 23 01:21:46 
Apr 23 01:21:46 ==============📣系统通知📣==============
Apr 23 01:21:46 京东极速版
Apr 23 01:21:46 京东账号1jd_60103fd1c8cd9
Apr 23 01:21:46 幸运大转盘抽奖获得：【13-10福利神券-老人】
Apr 23 01:21:46 本次运行获得660金币，共计391238金币
Apr 23 01:21:46 可兑换 39.12 元京东红包
Apr 23 01:21:46 兑换入口：京东极速版->我的->金币
Apr 23 01:21:48 
Apr 23 01:21:48 🔔京东极速版, 结束! 🕛 23.623 秒
Apr 23 01:21:48 
Apr 23 06:21:05 
Apr 23 06:21:05 🔔京东极速版, 开始!
Apr 23 06:21:05 
Apr 23 06:21:05 ====================共1个京东账号Cookie=========
Apr 23 06:21:05 
Apr 23 06:21:06 ==================脚本执行- 北京时间(UTC+8)：4/23/2021, 6:21:05 AM=====================
Apr 23 06:21:06 
Apr 23 06:21:06 
Apr 23 06:21:06 ******开始【京东账号1】jd_60103fd1c8cd9*********
Apr 23 06:21:06 
Apr 23 06:21:07 用户当前位置：9，剩余机会：0
Apr 23 06:21:07 【幸运大转盘】剩余抽奖机会：0
Apr 23 06:21:40 【幸运大转盘】剩余抽奖机会：0
Apr 23 06:21:40 签到失败，用户已签到
Apr 23 06:21:40 【1/55】浏览商品任务记录成功，等待5秒
Apr 23 06:21:45 逛商品赚金币任务完成，获得47金币
Apr 23 06:21:45 【2/55】浏览商品任务记录成功，等待5秒
Apr 23 06:21:50 逛商品赚金币任务完成，获得33金币
Apr 23 06:21:51 【3/55】浏览商品任务记录成功，等待5秒
Apr 23 06:21:56 逛商品赚金币任务完成，获得45金币
Apr 23 06:21:56 【4/55】浏览商品任务记录成功，等待5秒
Apr 23 06:22:01 逛商品赚金币任务完成，获得35金币
Apr 23 06:22:01 【5/55】浏览商品任务记录成功，等待5秒
Apr 23 06:22:06 逛商品赚金币任务完成，获得76金币
Apr 23 06:22:06 【6/55】浏览商品任务记录成功，等待5秒
Apr 23 06:22:11 逛商品赚金币任务完成，获得36金币
Apr 23 06:22:11 【7/55】浏览商品任务记录成功，等待5秒
Apr 23 06:22:17 逛商品赚金币任务完成，获得47金币
Apr 23 06:22:17 【8/55】浏览商品任务记录成功，等待5秒
Apr 23 06:22:22 逛商品赚金币任务完成，获得33金币
Apr 23 06:22:22 【9/55】浏览商品任务记录成功，等待5秒
Apr 23 06:22:27 逛商品赚金币任务完成，获得44金币
Apr 23 06:22:27 【10/55】浏览商品任务记录成功，等待5秒
Apr 23 06:22:32 逛商品赚金币任务完成，获得68金币
Apr 23 06:22:32 【11/55】浏览商品任务记录成功，等待5秒
Apr 23 06:22:37 逛商品赚金币任务完成，获得44金币
Apr 23 06:22:37 【12/55】浏览商品任务记录成功，等待5秒
Apr 23 06:22:43 逛商品赚金币任务完成，获得36金币
Apr 23 06:22:43 【13/55】浏览商品任务记录成功，等待5秒
Apr 23 06:22:48 逛商品赚金币任务完成，获得45金币
Apr 23 06:22:48 【14/55】浏览商品任务记录成功，等待5秒
Apr 23 06:22:53 逛商品赚金币任务完成，获得35金币
Apr 23 06:22:53 【15/55】浏览商品任务记录成功，等待5秒
Apr 23 06:22:58 逛商品赚金币任务完成，获得69金币
Apr 23 06:22:58 【16/55】浏览商品任务记录成功，等待5秒
Apr 23 06:23:03 逛商品赚金币任务完成，获得24金币
Apr 23 06:23:03 【17/55】浏览商品任务记录成功，等待5秒
Apr 23 06:23:09 逛商品赚金币任务完成，获得33金币
Apr 23 06:23:09 【18/55】浏览商品任务记录成功，等待5秒
Apr 23 06:23:14 逛商品赚金币任务完成，获得27金币
Apr 23 06:23:14 【19/55】浏览商品任务记录成功，等待5秒
Apr 23 06:23:52 逛商品赚金币任务完成，获得34金币
Apr 23 06:23:52 【20/55】浏览商品任务记录成功，等待5秒
Apr 23 06:23:57 逛商品赚金币任务完成，获得66金币
Apr 23 06:23:57 【21/55】浏览商品任务记录成功，等待5秒
Apr 23 06:24:02 逛商品赚金币任务完成，获得33金币
Apr 23 06:24:02 【22/55】浏览商品任务记录成功，等待5秒
Apr 23 06:24:07 逛商品赚金币任务完成，获得27金币
Apr 23 06:24:07 【23/55】浏览商品任务记录成功，等待5秒
Apr 23 06:24:12 逛商品赚金币任务完成，获得36金币
Apr 23 06:24:13 【24/55】浏览商品任务记录成功，等待5秒
Apr 23 06:24:18 逛商品赚金币任务完成，获得24金币
Apr 23 06:24:18 【25/55】浏览商品任务记录成功，等待5秒
Apr 23 06:24:23 逛商品赚金币任务完成，获得74金币
Apr 23 06:24:23 【26/55】浏览商品任务记录成功，等待5秒
Apr 23 06:24:28 逛商品赚金币任务完成，获得26金币
Apr 23 06:24:28 【27/55】浏览商品任务记录成功，等待5秒
Apr 23 06:24:33 逛商品赚金币任务完成，获得35金币
Apr 23 06:24:33 【28/55】浏览商品任务记录成功，等待5秒
Apr 23 06:24:38 逛商品赚金币任务完成，获得25金币
Apr 23 06:24:39 【29/55】浏览商品任务记录成功，等待5秒
Apr 23 06:24:44 逛商品赚金币任务完成，获得22金币
Apr 23 06:24:44 【30/55】浏览商品任务记录成功，等待5秒
Apr 23 06:24:49 逛商品赚金币任务完成，获得68金币
Apr 23 06:24:49 【31/55】浏览商品任务记录成功，等待5秒
Apr 23 06:24:54 逛商品赚金币任务完成，获得22金币
Apr 23 06:24:54 【32/55】浏览商品任务记录成功，等待5秒
Apr 23 06:24:59 逛商品赚金币任务完成，获得18金币
Apr 23 06:24:59 【33/55】浏览商品任务记录成功，等待5秒
Apr 23 06:25:04 逛商品赚金币任务完成，获得23金币
Apr 23 06:25:05 【34/55】浏览商品任务记录成功，等待5秒
Apr 23 06:25:10 逛商品赚金币任务完成，获得17金币
Apr 23 06:25:10 【35/55】浏览商品任务记录成功，等待5秒
Apr 23 06:25:15 逛商品赚金币任务完成，获得61金币
Apr 23 06:25:15 【36/55】浏览商品任务记录成功，等待5秒
Apr 23 06:25:20 逛商品赚金币任务完成，获得18金币
Apr 23 06:25:20 【37/55】浏览商品任务记录成功，等待5秒
Apr 23 06:25:25 逛商品赚金币任务完成，获得22金币
Apr 23 06:25:25 【38/55】浏览商品任务记录成功，等待5秒
Apr 23 06:25:31 逛商品赚金币任务完成，获得18金币
Apr 23 06:25:31 【39/55】浏览商品任务记录成功，等待5秒
Apr 23 06:25:36 逛商品赚金币任务完成，获得22金币
Apr 23 06:25:36 【40/55】浏览商品任务记录成功，等待5秒
Apr 23 06:25:41 逛商品赚金币任务完成，获得74金币
Apr 23 06:25:41 【41/55】浏览商品任务记录成功，等待5秒
Apr 23 06:25:46 逛商品赚金币任务完成，获得11金币
Apr 23 06:25:46 【42/55】浏览商品任务记录成功，等待5秒
Apr 23 06:25:51 逛商品赚金币任务完成，获得9金币
Apr 23 06:25:51 【43/55】浏览商品任务记录成功，等待5秒
Apr 23 06:25:57 逛商品赚金币任务完成，获得11金币
Apr 23 06:25:57 【44/55】浏览商品任务记录成功，等待5秒
Apr 23 06:26:02 逛商品赚金币任务完成，获得9金币
Apr 23 06:26:02 【45/55】浏览商品任务记录成功，等待5秒
Apr 23 06:26:07 逛商品赚金币任务完成，获得79金币
Apr 23 06:26:07 【46/55】浏览商品任务记录成功，等待5秒
Apr 23 06:26:12 逛商品赚金币任务完成，获得9金币
Apr 23 06:26:12 【47/55】浏览商品任务记录成功，等待5秒
Apr 23 06:26:17 逛商品赚金币任务完成，获得11金币
Apr 23 06:26:18 【48/55】浏览商品任务记录成功，等待5秒
Apr 23 06:26:23 逛商品赚金币任务完成，获得9金币
Apr 23 06:26:23 【49/55】浏览商品任务记录成功，等待5秒
Apr 23 06:26:28 逛商品赚金币任务完成，获得11金币
Apr 23 06:26:28 【50/55】浏览商品任务记录成功，等待5秒
Apr 23 06:26:33 逛商品赚金币任务完成，获得76金币
Apr 23 06:26:33 【51/55】浏览商品任务记录成功，等待5秒
Apr 23 06:26:38 逛商品赚金币任务完成，获得11金币
Apr 23 06:26:38 【52/55】浏览商品任务记录成功，等待5秒
Apr 23 06:26:44 逛商品赚金币任务完成，获得9金币
Apr 23 06:26:44 【53/55】浏览商品任务记录成功，等待5秒
Apr 23 06:26:49 逛商品赚金币任务完成，获得11金币
Apr 23 06:26:49 【54/55】浏览商品任务记录成功，等待5秒
Apr 23 06:26:54 逛商品赚金币任务完成，获得9金币
Apr 23 06:26:54 【55/55】浏览商品任务记录成功，等待5秒
Apr 23 06:26:59 逛商品赚金币任务完成，获得66金币
Apr 23 06:26:59 逛商品赚金币任务开启失败，任务已达上限
Apr 23 06:26:59 【1/10】浏览商品任务记录成功，等待10秒
Apr 23 06:27:09 逛活动赚金币任务完成，获得60金币
Apr 23 06:27:10 【2/10】浏览商品任务记录成功，等待10秒
Apr 23 06:27:20 逛活动赚金币任务完成，获得120金币
Apr 23 06:27:20 【3/10】浏览商品任务记录成功，等待10秒
Apr 23 06:27:30 逛活动赚金币任务完成，获得60金币
Apr 23 06:27:30 【4/10】浏览商品任务记录成功，等待10秒
Apr 23 06:27:40 逛活动赚金币任务完成，获得120金币
Apr 23 06:27:40 【5/10】浏览商品任务记录成功，等待10秒
Apr 23 06:27:50 逛活动赚金币任务完成，获得60金币
Apr 23 06:27:50 【6/10】浏览商品任务记录成功，等待10秒
Apr 23 06:28:00 逛活动赚金币任务完成，获得120金币
Apr 23 06:28:01 【7/10】浏览商品任务记录成功，等待10秒
Apr 23 06:28:11 逛活动赚金币任务完成，获得60金币
Apr 23 06:28:11 【8/10】浏览商品任务记录成功，等待10秒
Apr 23 06:28:21 逛活动赚金币任务完成，获得120金币
Apr 23 06:28:21 【9/10】浏览商品任务记录成功，等待10秒
Apr 23 06:28:31 逛活动赚金币任务完成，获得60金币
Apr 23 06:29:04 【10/10】浏览商品任务记录成功，等待10秒
Apr 23 06:29:14 逛活动赚金币任务完成，获得120金币
Apr 23 06:29:15 逛活动赚金币任务开启失败，任务已达上限
Apr 23 06:29:15 【1/85】浏览商品任务记录成功，等待15秒
Apr 23 06:29:30 看视频赚金币任务完成，获得30金币
Apr 23 06:29:30 【2/85】浏览商品任务记录成功，等待15秒
Apr 23 06:29:45 看视频赚金币任务完成，获得30金币
Apr 23 06:29:45 【3/85】浏览商品任务记录成功，等待15秒
Apr 23 06:30:00 看视频赚金币任务完成，获得30金币
Apr 23 06:30:00 【4/85】浏览商品任务记录成功，等待15秒
Apr 23 06:30:15 看视频赚金币任务完成，获得30金币
Apr 23 06:30:15 【5/85】浏览商品任务记录成功，等待15秒
Apr 23 06:30:30 看视频赚金币任务完成，获得120金币
Apr 23 06:30:30 【6/85】浏览商品任务记录成功，等待15秒
Apr 23 06:30:46 看视频赚金币任务完成，获得30金币
Apr 23 06:30:46 【7/85】浏览商品任务记录成功，等待15秒
Apr 23 06:31:01 看视频赚金币任务完成，获得30金币
Apr 23 06:31:01 【8/85】浏览商品任务记录成功，等待15秒
Apr 23 06:31:16 看视频赚金币任务完成，获得30金币
Apr 23 06:31:16 【9/85】浏览商品任务记录成功，等待15秒
Apr 23 06:31:31 看视频赚金币任务完成，获得30金币
Apr 23 06:31:31 【10/85】浏览商品任务记录成功，等待15秒
Apr 23 06:31:46 看视频赚金币任务完成，获得120金币
Apr 23 06:31:46 【11/85】浏览商品任务记录成功，等待15秒
Apr 23 06:32:01 看视频赚金币任务完成，获得30金币
Apr 23 06:32:01 【12/85】浏览商品任务记录成功，等待15秒
Apr 23 06:32:17 看视频赚金币任务完成，获得30金币
Apr 23 06:32:17 【13/85】浏览商品任务记录成功，等待15秒
Apr 23 06:32:32 看视频赚金币任务完成，获得30金币
Apr 23 06:32:32 【14/85】浏览商品任务记录成功，等待15秒
Apr 23 06:32:47 看视频赚金币任务完成，获得30金币
Apr 23 06:32:47 【15/85】浏览商品任务记录成功，等待15秒
Apr 23 06:33:02 看视频赚金币任务完成，获得120金币
Apr 23 06:33:02 【16/85】浏览商品任务记录成功，等待15秒
Apr 23 06:33:17 看视频赚金币任务完成，获得30金币
Apr 23 06:33:17 【17/85】浏览商品任务记录成功，等待15秒
Apr 23 06:33:32 看视频赚金币任务完成，获得30金币
Apr 23 06:33:32 【18/85】浏览商品任务记录成功，等待15秒
Apr 23 06:33:47 看视频赚金币任务完成，获得30金币
Apr 23 06:33:47 【19/85】浏览商品任务记录成功，等待15秒
Apr 23 06:34:03 看视频赚金币任务完成，获得30金币
Apr 23 06:34:03 【20/85】浏览商品任务记录成功，等待15秒
Apr 23 06:34:18 看视频赚金币任务完成，获得120金币
Apr 23 06:34:18 【21/85】浏览商品任务记录成功，等待15秒
Apr 23 06:34:33 看视频赚金币任务完成，获得30金币
Apr 23 06:34:33 【22/85】浏览商品任务记录成功，等待15秒
Apr 23 06:34:48 看视频赚金币任务完成，获得30金币
Apr 23 06:34:48 【23/85】浏览商品任务记录成功，等待15秒
Apr 23 06:35:03 看视频赚金币任务完成，获得30金币
Apr 23 06:35:03 【24/85】浏览商品任务记录成功，等待15秒
Apr 23 06:35:18 看视频赚金币任务完成，获得30金币
Apr 23 06:35:18 【25/85】浏览商品任务记录成功，等待15秒
Apr 23 06:35:34 看视频赚金币任务完成，获得120金币
Apr 23 06:35:34 【26/85】浏览商品任务记录成功，等待15秒
Apr 23 06:35:49 看视频赚金币任务完成，获得30金币
Apr 23 06:35:49 【27/85】浏览商品任务记录成功，等待15秒
Apr 23 06:36:04 看视频赚金币任务完成，获得30金币
Apr 23 06:36:04 【28/85】浏览商品任务记录成功，等待15秒
Apr 23 06:36:19 看视频赚金币任务完成，获得30金币
Apr 23 06:36:19 【29/85】浏览商品任务记录成功，等待15秒
Apr 23 06:36:34 看视频赚金币任务完成，获得30金币
Apr 23 06:36:34 【30/85】浏览商品任务记录成功，等待15秒
Apr 23 06:37:22 看视频赚金币任务完成，获得120金币
Apr 23 06:37:22 【31/85】浏览商品任务记录成功，等待15秒
Apr 23 06:37:37 看视频赚金币任务完成，获得30金币
Apr 23 06:37:37 【32/85】浏览商品任务记录成功，等待15秒
Apr 23 06:37:52 看视频赚金币任务完成，获得30金币
Apr 23 06:37:53 【33/85】浏览商品任务记录成功，等待15秒
Apr 23 06:38:08 看视频赚金币任务完成，获得30金币
Apr 23 06:38:08 【34/85】浏览商品任务记录成功，等待15秒
Apr 23 06:38:23 看视频赚金币任务完成，获得30金币
Apr 23 06:38:23 【35/85】浏览商品任务记录成功，等待15秒
Apr 23 06:38:38 看视频赚金币任务完成，获得120金币
Apr 23 06:38:38 【36/85】浏览商品任务记录成功，等待18秒
Apr 23 06:38:56 看视频赚金币任务完成，获得25金币
Apr 23 06:38:56 【37/85】浏览商品任务记录成功，等待18秒
Apr 23 06:39:14 看视频赚金币任务完成，获得25金币
Apr 23 06:39:14 【38/85】浏览商品任务记录成功，等待18秒
Apr 23 06:39:32 看视频赚金币任务完成，获得25金币
Apr 23 06:39:32 【39/85】浏览商品任务记录成功，等待18秒
Apr 23 06:39:51 看视频赚金币任务完成，获得25金币
Apr 23 06:39:51 【40/85】浏览商品任务记录成功，等待18秒
Apr 23 06:40:09 看视频赚金币任务完成，获得120金币
Apr 23 06:40:09 【41/85】浏览商品任务记录成功，等待18秒
Apr 23 06:40:27 看视频赚金币任务完成，获得25金币
Apr 23 06:40:27 【42/85】浏览商品任务记录成功，等待18秒
Apr 23 06:40:45 看视频赚金币任务完成，获得25金币
Apr 23 06:40:45 【43/85】浏览商品任务记录成功，等待18秒
Apr 23 06:41:03 看视频赚金币任务完成，获得25金币
Apr 23 06:41:03 【44/85】浏览商品任务记录成功，等待18秒
Apr 23 06:41:21 看视频赚金币任务完成，获得25金币
Apr 23 06:41:21 【45/85】浏览商品任务记录成功，等待18秒
Apr 23 06:41:40 看视频赚金币任务完成，获得120金币
Apr 23 06:41:40 【46/85】浏览商品任务记录成功，等待18秒
Apr 23 06:41:58 看视频赚金币任务完成，获得25金币
Apr 23 06:41:58 【47/85】浏览商品任务记录成功，等待18秒
Apr 23 06:42:16 看视频赚金币任务完成，获得25金币
Apr 23 06:42:16 【48/85】浏览商品任务记录成功，等待18秒
Apr 23 06:42:34 看视频赚金币任务完成，获得25金币
Apr 23 06:42:34 【49/85】浏览商品任务记录成功，等待18秒
Apr 23 06:42:52 看视频赚金币任务完成，获得25金币
Apr 23 06:42:52 【50/85】浏览商品任务记录成功，等待18秒
Apr 23 06:43:10 看视频赚金币任务完成，获得120金币
Apr 23 06:43:10 【51/85】浏览商品任务记录成功，等待18秒
Apr 23 06:43:28 看视频赚金币任务完成，获得25金币
Apr 23 06:43:29 【52/85】浏览商品任务记录成功，等待18秒
Apr 23 06:43:47 看视频赚金币任务完成，获得25金币
Apr 23 06:43:47 【53/85】浏览商品任务记录成功，等待18秒
Apr 23 06:44:05 看视频赚金币任务完成，获得25金币
Apr 23 06:44:05 【54/85】浏览商品任务记录成功，等待18秒
Apr 23 06:44:56 看视频赚金币任务完成，获得25金币
Apr 23 06:44:56 【55/85】浏览商品任务记录成功，等待18秒
Apr 23 06:45:14 看视频赚金币任务完成，获得120金币
Apr 23 06:45:14 【56/85】浏览商品任务记录成功，等待18秒
Apr 23 06:45:32 看视频赚金币任务完成，获得25金币
Apr 23 06:45:32 【57/85】浏览商品任务记录成功，等待18秒
Apr 23 06:45:50 看视频赚金币任务完成，获得25金币
Apr 23 06:45:50 【58/85】浏览商品任务记录成功，等待18秒
Apr 23 06:46:08 看视频赚金币任务完成，获得25金币
Apr 23 06:46:09 【59/85】浏览商品任务记录成功，等待18秒
Apr 23 06:46:27 看视频赚金币任务完成，获得25金币
Apr 23 06:47:00 【60/85】浏览商品任务记录成功，等待18秒
Apr 23 06:47:18 看视频赚金币任务完成，获得120金币
Apr 23 06:47:18 【61/85】浏览商品任务记录成功，等待20秒
Apr 23 06:47:38 看视频赚金币任务完成，获得10金币
Apr 23 06:47:38 【62/85】浏览商品任务记录成功，等待20秒
Apr 23 06:47:58 看视频赚金币任务完成，获得10金币
Apr 23 06:47:58 【63/85】浏览商品任务记录成功，等待20秒
Apr 23 06:48:51 看视频赚金币任务完成，获得10金币
Apr 23 06:48:51 【64/85】浏览商品任务记录成功，等待20秒
Apr 23 06:49:11 看视频赚金币任务完成，获得10金币
Apr 23 06:49:11 【65/85】浏览商品任务记录成功，等待20秒
Apr 23 06:49:32 看视频赚金币任务完成，获得60金币
Apr 23 06:49:32 【66/85】浏览商品任务记录成功，等待20秒
Apr 23 06:49:52 看视频赚金币任务完成，获得10金币
Apr 23 06:49:52 【67/85】浏览商品任务记录成功，等待20秒
Apr 23 06:50:12 看视频赚金币任务完成，获得10金币
Apr 23 06:50:12 【68/85】浏览商品任务记录成功，等待20秒
Apr 23 06:50:32 看视频赚金币任务完成，获得10金币
Apr 23 06:51:05 【69/85】浏览商品任务记录成功，等待20秒
Apr 23 06:51:58 看视频赚金币任务完成，获得10金币
Apr 23 06:51:58 【70/85】浏览商品任务记录成功，等待20秒
Apr 23 06:52:18 看视频赚金币任务完成，获得60金币
Apr 23 06:52:18 【71/85】浏览商品任务记录成功，等待20秒
Apr 23 06:52:38 看视频赚金币任务完成，获得10金币
Apr 23 06:52:38 【72/85】浏览商品任务记录成功，等待20秒
Apr 23 06:52:58 看视频赚金币任务完成，获得10金币
Apr 23 06:52:58 【73/85】浏览商品任务记录成功，等待20秒
Apr 23 06:53:19 看视频赚金币任务完成，获得10金币
Apr 23 06:53:19 【74/85】浏览商品任务记录成功，等待20秒
Apr 23 06:53:39 看视频赚金币任务完成，获得10金币
Apr 23 06:53:39 【75/85】浏览商品任务记录成功，等待20秒
Apr 23 06:53:59 看视频赚金币任务完成，获得60金币
Apr 23 06:53:59 【76/85】浏览商品任务记录成功，等待30秒
Apr 23 06:54:29 看视频赚金币任务完成，获得5金币
Apr 23 06:54:29 【77/85】浏览商品任务记录成功，等待30秒
Apr 23 06:54:59 看视频赚金币任务完成，获得5金币
Apr 23 06:54:59 【78/85】浏览商品任务记录成功，等待30秒
Apr 23 06:55:29 看视频赚金币任务完成，获得5金币
Apr 23 06:55:29 【79/85】浏览商品任务记录成功，等待30秒
Apr 23 06:55:59 看视频赚金币任务完成，获得5金币
Apr 23 06:56:00 【80/85】浏览商品任务记录成功，等待30秒
Apr 23 06:56:30 看视频赚金币任务完成，获得40金币
Apr 23 06:56:30 【81/85】浏览商品任务记录成功，等待30秒
Apr 23 06:57:00 看视频赚金币任务完成，获得5金币
Apr 23 06:57:00 【82/85】浏览商品任务记录成功，等待30秒
Apr 23 06:57:30 看视频赚金币任务完成，获得5金币
Apr 23 06:57:30 【83/85】浏览商品任务记录成功，等待30秒
Apr 23 06:58:00 看视频赚金币任务完成，获得5金币
Apr 23 06:58:00 【84/85】浏览商品任务记录成功，等待30秒
Apr 23 06:58:30 看视频赚金币任务完成，获得5金币
Apr 23 06:58:30 【85/85】浏览商品任务记录成功，等待30秒
Apr 23 06:59:00 看视频赚金币任务完成，获得40金币
Apr 23 06:59:00 看视频赚金币任务已达上限
Apr 23 06:59:00 邀好友赚金币已完成
Apr 23 06:59:00 拆红包得现金已完成
Apr 23 06:59:00 分享赚金币已完成
Apr 23 06:59:00 东东爱消除已完成
Apr 23 06:59:00 一元赢大奖已完成
Apr 23 06:59:00 幸运转盘已完成
Apr 23 06:59:00 现金签到已完成
Apr 23 06:59:00 推推赚大钱已完成
Apr 23 06:59:00 天天抽奖已完成
Apr 23 06:59:00 水果免费领已完成
Apr 23 06:59:00 砍价免费拿已完成
Apr 23 06:59:01 
Apr 23 06:59:01 ==============📣系统通知📣==============
Apr 23 06:59:01 京东极速版
Apr 23 06:59:01 京东账号1jd_60103fd1c8cd9
Apr 23 06:59:01 本次运行获得5983金币，共计397221金币
Apr 23 06:59:01 可兑换 39.72 元京东红包
Apr 23 06:59:01 兑换入口：京东极速版->我的->金币
Apr 23 06:59:03 
Apr 23 06:59:03 🔔京东极速版, 结束! 🕛 2277.182 秒
Apr 23 06:59:03 
