Apr 22 00:45:29 
Apr 22 00:45:29 🔔京东极速版红包, 开始!
Apr 22 00:45:29 
Apr 22 00:45:29 ====================共1个京东账号Cookie=========
Apr 22 00:45:29 
Apr 22 00:45:29 ==================脚本执行- 北京时间(UTC+8)：4/22/2021, 12:45:29 AM=====================
Apr 22 00:45:29 
Apr 22 00:45:29 
Apr 22 00:45:29 如提示活动火爆,可再执行一次尝试
Apr 22 00:45:29 
Apr 22 00:45:30 
Apr 22 00:45:30 ******开始【京东账号1】jd_60103fd1c8cd9*********
Apr 22 00:45:30 
Apr 22 00:45:30 活动太火爆了，请稍后重试
Apr 22 00:45:31 获得优惠券
Apr 22 00:45:31 获得优惠券
Apr 22 00:45:38 undefined
Apr 22 00:45:38 
Apr 22 00:45:38 🔔京东极速版红包, 结束! 🕛 8.456 秒
Apr 22 00:45:38 
Apr 22 23:45:12 
Apr 22 23:45:12 🔔京东极速版红包, 开始!
Apr 22 23:45:12 
Apr 22 23:45:12 ====================共1个京东账号Cookie=========
Apr 22 23:45:12 
Apr 22 23:45:12 ==================脚本执行- 北京时间(UTC+8)：4/22/2021, 11:45:12 PM=====================
Apr 22 23:45:12 
Apr 22 23:45:12 
Apr 22 23:45:12 如提示活动火爆,可再执行一次尝试
Apr 22 23:45:12 
Apr 22 23:45:13 
Apr 22 23:45:13 ******开始【京东账号1】jd_60103fd1c8cd9*********
Apr 22 23:45:13 
Apr 22 23:45:13 获得极速版红包
Apr 22 23:45:13 今日已领完
Apr 22 23:45:14 今日已领完
Apr 22 23:45:15 去提现0.32微信现金
Apr 22 23:45:15 提现零钱结果：{"success":true,"code":0,"errMsg":"success","data":{"status":"50053","message":"无效的openId，当前pin尚未绑定微信"}}
Apr 22 23:45:15 提现失败：无效的openId，当前pin尚未绑定微信
Apr 22 23:45:15 去提现0.30微信现金
Apr 22 23:45:15 提现零钱结果：{"success":true,"code":0,"errMsg":"success","data":{"status":"50053","message":"无效的openId，当前pin尚未绑定微信"}}
Apr 22 23:45:15 提现失败：无效的openId，当前pin尚未绑定微信
Apr 22 23:45:15 
Apr 22 23:45:15 ==============📣系统通知📣==============
Apr 22 23:45:15 京东极速版红包
Apr 22 23:45:15 京东账号1jd_60103fd1c8cd9
Apr 22 23:45:15 获得极速版红包
Apr 22 23:45:15 提现0.32微信现金，提现失败：无效的openId，当前pin尚未绑定微信提现0.30微信现金，提现失败：无效的openId，当前pin尚未绑定微信
Apr 22 23:45:15 
Apr 22 23:45:15 🔔京东极速版红包, 结束! 🕛 3.255 秒
Apr 22 23:45:15 
Apr 23 00:45:20 
Apr 23 00:45:20 🔔京东极速版红包, 开始!
Apr 23 00:45:20 
Apr 23 00:45:20 ====================共1个京东账号Cookie=========
Apr 23 00:45:20 
Apr 23 00:45:20 ==================脚本执行- 北京时间(UTC+8)：4/23/2021, 12:45:20 AM=====================
Apr 23 00:45:20 
Apr 23 00:45:20 
Apr 23 00:45:20 如提示活动火爆,可再执行一次尝试
Apr 23 00:45:20 
Apr 23 00:45:22 
Apr 23 00:45:22 ******开始【京东账号1】jd_60103fd1c8cd9*********
Apr 23 00:45:22 
Apr 23 00:45:22 获得0.3微信活动老-京东老
Apr 23 00:45:29 undefined
Apr 23 00:45:29 活动太火爆了，请稍后重试
Apr 23 00:45:30 去提现0.30微信现金
Apr 23 00:45:30 提现零钱结果：{"success":true,"code":0,"errMsg":"success","data":{"status":"50053","message":"无效的openId，当前pin尚未绑定微信"}}
Apr 23 00:45:30 提现失败：无效的openId，当前pin尚未绑定微信
Apr 23 00:45:30 去提现0.32微信现金
Apr 23 00:46:01 "connect ETIMEDOUT 118.193.98.220:443"
Apr 23 00:46:01 京东极速版红包 API请求失败，请检查网路重试
Apr 23 00:46:01 去提现0.30微信现金
Apr 23 00:46:01 提现零钱结果：{"success":true,"code":0,"errMsg":"success","data":{"status":"50053","message":"无效的openId，当前pin尚未绑定微信"}}
Apr 23 00:46:01 提现失败：无效的openId，当前pin尚未绑定微信
Apr 23 00:46:01 
Apr 23 00:46:01 ==============📣系统通知📣==============
Apr 23 00:46:01 京东极速版红包
Apr 23 00:46:01 京东账号1jd_60103fd1c8cd9
Apr 23 00:46:01 获得0.3微信活动老-京东老
Apr 23 00:46:01 提现0.30微信现金，提现失败：无效的openId，当前pin尚未绑定微信提现0.32微信现金，提现0.30微信现金，提现失败：无效的openId，当前pin尚未绑定微信
Apr 23 00:46:01 
Apr 23 00:46:01 🔔京东极速版红包, 结束! 🕛 41.619 秒
Apr 23 00:46:01 
