Apr 22 08:47:06 
Apr 22 08:47:06 🔔闪购盲盒, 开始!
Apr 22 08:47:06 
Apr 22 08:47:06 ====================共1个京东账号Cookie=========
Apr 22 08:47:06 
Apr 22 08:47:06 ==================脚本执行- 北京时间(UTC+8)：4/22/2021, 8:47:06 AM=====================
Apr 22 08:47:06 
Apr 22 08:47:06 开始获取闪购盲盒配置文件
Apr 22 08:47:06 
Apr 22 08:47:06 共1个京东账号
Apr 22 08:47:06 
Apr 22 08:47:06 您提供了1个账号的闪购盲盒助力码
Apr 22 08:47:06 
Apr 22 08:47:07 开始
Apr 22 08:47:08 随机取20个码放到您固定的互助码后面(不影响已有固定互助)
Apr 22 08:47:08 第1个京东账号将要助力的好友["T0127LgxA1oa9FLRCjVQmoaT5kRrbA","T0225KkcRh4Y9VeBdBunnKRefQCjVQmoaT5kRrbA","T0205KkcA11KiSO-aWSyyZV-CjVQmoaT5kRrbA","T022vPx7RB8Y9FTfPR39kv4LdACjVQmoaT5kRrbA","T0225KkcRBhK8wHUchn1nfEOIQCjVQmoaT5kRrbA","T0225KkcRxpK_FCDKBKmkPUPdACjVWmIaW5kRrbA","isi2MR4R-4GxmZIeFgIMTA","T0225KkcRxYYpFOCchzzlfdecwCjVWmIaW5kRrbA","T0225KkcRxZN_FPSIU_1k_MDdQCjVWmIaW5kRrbA","T0205KkcFU9DsQK9cWmR77dPCjVQmoaT5kRrbA","T020uv10RR0Z_VTKIhnzkv4NCjVWmIaW5kRrbA","T0125qgiAloQ8FbXCjVQmoaT5kRrbA","T0115KYrEUZI9FwCjVWmIaW5kRrbA","T018_LgsGkdbsAuLeUat0QCjVWmIaW5kRrbA","T0225KkcR00Q8FOEcR6hxvMKcACjVQmoaT5kRrbA","T012anDWlZaRI9JBCjVWmIaW5kRrbA","T0205KkcHERDggu9ZEKBw5VuCjVWmIaW5kRrbA","T0225KkcRB0R9FyEIE_2xqFYcQCjVQmoaT5kRrbA","T015vPpwRRcb8VzXT0cCjVQmoaT5kRrbA","T024aFf3mJSoIv5j9b5UQH-zrLnsCjVWmIaW5kRrbA","T0225KkcREoa9geDIhzyx_IDdQCjVWmIaW5kRrbA","T0225KkcRE0apF3Rc073lvcCJQCjVQmoaT5kRrbA","T0225KkcRUob_VTUKEn9k_8PcgCjVQmoaT5kRrbA","T0205KkcAUpKsjChW3qH75NcCjVQmoaT5kRrbA"]
Apr 22 08:47:08 
Apr 22 08:47:08 ******开始【京东账号1】jd_60103fd1c8cd9*********
Apr 22 08:47:08 
Apr 22 08:47:08 
Apr 22 08:47:08 14-邀请好友助力-已完成3-未完成10
Apr 22 08:47:08 
Apr 22 08:47:08 【京东账号1（jd_60103fd1c8cd9）的闪购盲盒好友互助码】T0225KkcRh4Y9VeBdBunnKRefQCjVQmoaT5kRrbA
Apr 22 08:47:08 
Apr 22 08:47:08 success
Apr 22 08:47:10 不能自己给自己助力
Apr 22 08:47:12 success
Apr 22 08:47:14 success
Apr 22 08:47:16 助力已满员！谢谢你哦~
Apr 22 08:47:18 助力已满员！谢谢你哦~
Apr 22 08:47:20 活动太火爆啦
Apr 22 08:47:20 请稍后尝试~
Apr 22 08:47:22 助力已满员！谢谢你哦~
Apr 22 08:47:24 助力已满员！谢谢你哦~
Apr 22 08:47:26 助力已满员！谢谢你哦~
Apr 22 08:47:28 助力已满员！谢谢你哦~
Apr 22 08:47:31 助力已满员！谢谢你哦~
Apr 22 08:47:33 success
Apr 22 08:47:35 助力已满员！谢谢你哦~
Apr 22 08:47:37 助力已满员！谢谢你哦~
Apr 22 08:47:39 助力已满员！谢谢你哦~
Apr 22 08:47:41 助力已满员！谢谢你哦~
Apr 22 08:47:43 助力已满员！谢谢你哦~
Apr 22 08:47:45 助力已满员！谢谢你哦~
Apr 22 08:47:47 助力已满员！谢谢你哦~
Apr 22 08:47:49 助力已满员！谢谢你哦~
Apr 22 08:47:51 助力已满员！谢谢你哦~
Apr 22 08:47:53 助力已满员！谢谢你哦~
Apr 22 08:47:55 助力已满员！谢谢你哦~
Apr 22 08:47:57 
Apr 22 08:47:57 8-浏览商品任务-全部已完成
Apr 22 08:47:57 
Apr 22 08:47:57 7-浏览并关注店铺-全部已完成
Apr 22 08:47:57 
Apr 22 08:47:57 26-浏览并关注频道-全部已完成
Apr 22 08:47:57 
Apr 22 08:47:57 9-浏览会场任务-全部已完成
Apr 22 08:47:57 
Apr 22 08:47:57 开始抽奖
Apr 22 08:47:57 
Apr 22 08:47:57 开始抽奖
Apr 22 08:47:58 
Apr 22 08:47:58 开始抽奖
Apr 22 08:47:58 
Apr 22 08:47:58 开始抽奖
Apr 22 08:47:58 
Apr 22 08:47:58 开始抽奖
Apr 22 08:47:58 
Apr 22 08:47:58 开始抽奖
Apr 22 08:47:58 
Apr 22 08:47:58 开始抽奖
Apr 22 08:47:58 
Apr 22 08:47:58 开始抽奖
Apr 22 08:47:58 
Apr 22 08:47:58 开始抽奖
Apr 22 08:47:58 
Apr 22 08:47:58 开始抽奖
Apr 22 08:47:58 【京东账号1】jd_60103fd1c8cd9
Apr 22 08:47:58 任务已完成，本次运行获得京豆0
Apr 22 08:47:58 
Apr 22 08:47:58 🔔闪购盲盒, 结束! 🕛 51.953 秒
Apr 22 08:47:58 
Apr 23 08:47:02 
Apr 23 08:47:02 🔔闪购盲盒, 开始!
Apr 23 08:47:02 
Apr 23 08:47:02 ====================共1个京东账号Cookie=========
Apr 23 08:47:02 
Apr 23 08:47:02 ==================脚本执行- 北京时间(UTC+8)：4/23/2021, 8:47:02 AM=====================
Apr 23 08:47:02 
Apr 23 08:47:02 开始获取闪购盲盒配置文件
Apr 23 08:47:02 
Apr 23 08:47:02 共1个京东账号
Apr 23 08:47:02 
Apr 23 08:47:02 您提供了1个账号的闪购盲盒助力码
Apr 23 08:47:02 
Apr 23 08:47:03 开始
Apr 23 08:47:05 第1个京东账号将要助力的好友["T0127LgxA1oa9FLRCjVQmoaT5kRrbA","T0225KkcRh4Y9VeBdBunnKRefQCjVQmoaT5kRrbA","T0205KkcA11KiSO-aWSyyZV-CjVQmoaT5kRrbA","T022vPx7RB8Y9FTfPR39kv4LdACjVQmoaT5kRrbA"]
Apr 23 08:47:05 
Apr 23 08:47:05 ******开始【京东账号1】jd_60103fd1c8cd9*********
Apr 23 08:47:05 
Apr 23 08:47:05 
Apr 23 08:47:05 14-邀请好友助力-已完成0-未完成10
Apr 23 08:47:05 
Apr 23 08:47:05 【京东账号1（jd_60103fd1c8cd9）的闪购盲盒好友互助码】T0225KkcRh4Y9VeBdBunnKRefQCjVQmoaT5kRrbA
Apr 23 08:47:05 
Apr 23 08:47:05 success
Apr 23 08:47:07 不能自己给自己助力
Apr 23 08:47:08 随机取20个码放到您固定的互助码后面(不影响已有固定互助)
Apr 23 08:47:09 success
Apr 23 08:47:11 success
Apr 23 08:47:13 
Apr 23 08:47:13 8-浏览商品任务-全部已完成
Apr 23 08:47:13 
Apr 23 08:47:13 7-浏览并关注店铺-全部已完成
Apr 23 08:47:13 
Apr 23 08:47:13 26-浏览并关注频道-全部已完成
Apr 23 08:47:13 
Apr 23 08:47:13 9-浏览会场任务-已完成1-未完成2
Apr 23 08:47:13 
Apr 23 08:47:13 浏览锦鲤红包
Apr 23 08:47:20 success
Apr 23 08:47:51 
Apr 23 08:47:51 开始抽奖
Apr 23 08:47:51 
Apr 23 08:47:51 ❗️闪购盲盒, 错误!
Apr 23 08:47:51 SyntaxError: Unexpected token u in JSON at position 0
Apr 23 08:47:51     at JSON.parse (<anonymous>)
Apr 23 08:47:51     at /scripts/jd_sgmh.js:231:23
Apr 23 08:47:51     at /scripts/jd_sgmh.js:393:5780
Apr 23 08:47:51     at processTicksAndRejections (internal/process/task_queues.js:93:5)
Apr 23 08:47:52 
Apr 23 08:47:52 开始抽奖
Apr 23 08:47:52 
Apr 23 08:47:52 开始抽奖
Apr 23 08:47:52 京豆:1
Apr 23 08:47:52 
Apr 23 08:47:52 开始抽奖
Apr 23 08:47:52 
Apr 23 08:47:52 开始抽奖
Apr 23 08:47:52 
Apr 23 08:47:52 开始抽奖
Apr 23 08:47:52 京豆:2
Apr 23 08:47:52 
Apr 23 08:47:52 开始抽奖
Apr 23 08:47:52 京豆:1
Apr 23 08:47:52 
Apr 23 08:47:52 开始抽奖
Apr 23 08:47:52 
Apr 23 08:47:52 开始抽奖
Apr 23 08:47:52 京豆:2
Apr 23 08:47:52 
Apr 23 08:47:52 开始抽奖
Apr 23 08:47:52 京豆:1
Apr 23 08:47:52 
Apr 23 08:47:52 开始抽奖
Apr 23 08:47:53 
Apr 23 08:47:53 开始抽奖
Apr 23 08:47:53 
Apr 23 08:47:53 ==============📣系统通知📣==============
Apr 23 08:47:53 闪购盲盒
Apr 23 08:47:53 【京东账号1】jd_60103fd1c8cd9
Apr 23 08:47:53 任务已完成，本次运行获得京豆7
Apr 23 08:47:53 【京东账号1】jd_60103fd1c8cd9
Apr 23 08:47:53 任务已完成，本次运行获得京豆7
Apr 23 08:47:53 
Apr 23 08:47:53 🔔闪购盲盒, 结束! 🕛 50.32 秒
Apr 23 08:47:53 
