Apr 22 06:46:08 
Apr 22 06:46:08 🔔东东小窝, 开始!
Apr 22 06:46:08 
Apr 22 06:46:08 ====================共1个京东账号Cookie=========
Apr 22 06:46:08 
Apr 22 06:46:08 ==================脚本执行- 北京时间(UTC+8)：4/22/2021, 6:46:08 AM=====================
Apr 22 06:46:08 
Apr 22 06:46:09 
Apr 22 06:46:09 *******开始【京东账号1】jd_60103fd1c8cd9********
Apr 22 06:46:09 
Apr 22 06:48:19 
Apr 22 06:48:19 您的东东小窝shareCode(每天都是变化的):【1385002485141348353】
Apr 22 06:48:19 
Apr 22 06:48:21  任务名称   完成进度 
Apr 22 06:48:21 邀请任务      0/4
Apr 22 06:48:21 每日打卡      0/1
Apr 22 06:48:21 限时连连看      0/2
Apr 22 06:48:21 关注店铺      8/8
Apr 22 06:48:21 浏览店铺      0/9
Apr 22 06:48:21 关注频道      1/3
Apr 22 06:48:21 浏览频道      0/3
Apr 22 06:48:21 加购商品      0/12
Apr 22 06:48:21 浏览商品      0/5
Apr 22 06:48:21 浏览会场      0/5
Apr 22 06:48:21 createAssistUserID:1318106976846299138
Apr 22 06:48:21 
Apr 22 06:48:21 
Apr 22 06:48:21 助力您的好友:0人
Apr 22 06:48:26 关注店铺已完成[8/8]
Apr 22 06:48:37 浏览店铺 {"head":{"code":200,"msg":"浏览成功"}}
Apr 22 06:48:37 浏览店铺 {"head":{"code":200,"msg":"浏览成功"}}
Apr 22 06:48:37 浏览店铺 {"head":{"code":200,"msg":"浏览成功"}}
Apr 22 06:48:38 浏览店铺 {"head":{"code":200,"msg":"浏览成功"}}
Apr 22 06:48:38 浏览店铺 {"head":{"code":200,"msg":"浏览成功"}}
Apr 22 06:48:39 浏览店铺 {"head":{"code":200,"msg":"浏览成功"}}
Apr 22 06:48:46 浏览店铺 {"head":{"code":200,"msg":"浏览成功"}}
Apr 22 06:48:52 浏览店铺 {"head":{"code":200,"msg":"浏览成功"}}
Apr 22 06:48:56 浏览店铺 {"head":{"code":200,"msg":"浏览成功"}}
Apr 22 06:49:00 浏览频道 {"head":{"code":200,"msg":"浏览频道成功"}}
Apr 22 06:49:05 浏览频道 {"head":{"code":200,"msg":"浏览频道成功"}}
Apr 22 06:49:07 浏览频道 {"head":{"code":200,"msg":"浏览频道成功"}}
Apr 22 06:49:09 浏览商品 {"head":{"code":200,"msg":"浏览商品成功"}}
Apr 22 06:49:10 浏览商品 {"head":{"code":200,"msg":"浏览商品成功"}}
Apr 22 06:49:14 浏览商品 {"head":{"code":200,"msg":"浏览商品成功"}}
Apr 22 06:49:16 浏览商品 {"head":{"code":200,"msg":"浏览商品成功"}}
Apr 22 06:49:25 浏览商品 {"head":{"code":200,"msg":"浏览商品成功"}}
Apr 22 06:49:25 浏览会场 {"head":{"code":200,"msg":"浏览成功"}}
Apr 22 06:49:26 浏览会场 {"head":{"code":200,"msg":"浏览成功"}}
Apr 22 06:49:29 浏览会场 {"head":{"code":200,"msg":"浏览成功"}}
Apr 22 06:49:29 浏览会场 {"head":{"code":200,"msg":"浏览成功"}}
Apr 22 06:49:30 浏览会场 {"head":{"code":200,"msg":"浏览成功"}}
Apr 22 06:49:39 
Apr 22 06:49:39 兑换5京豆失败:当前wo币69966不够兑换所需的88888WO币
Apr 22 06:49:39 
Apr 22 06:49:39 ==============📣系统通知📣==============
Apr 22 06:49:39 东东小窝
Apr 22 06:49:39 【京东账号1】jd_60103fd1c8cd9
Apr 22 06:49:39 【免费抽奖】获得：100个wo币
Apr 22 06:49:39 【小窝名】小神龙的小窝
Apr 22 06:49:39 【当前WO币】69966
Apr 22 06:49:39 【装饰领京豆】兑换5京豆失败,原因:WO币不够
Apr 22 06:49:39 
Apr 22 06:49:42 
Apr 22 06:49:42 去帮助作者:LXK9301
Apr 22 06:49:42 
Apr 22 06:49:42 
Apr 22 06:49:42 🔔东东小窝, 结束! 🕛 213.995 秒
Apr 22 06:49:42 
Apr 22 06:59:42 "Timeout awaiting 'request' for 200000ms"
Apr 22 06:59:42 东东小窝 API请求失败，请检查网路重试
Apr 22 23:46:23 
Apr 22 23:46:23 🔔东东小窝, 开始!
Apr 22 23:46:23 
Apr 22 23:46:23 ====================共1个京东账号Cookie=========
Apr 22 23:46:23 
Apr 22 23:46:23 ==================脚本执行- 北京时间(UTC+8)：4/22/2021, 11:46:23 PM=====================
Apr 22 23:46:23 
Apr 22 23:46:23 
Apr 22 23:46:23 *******开始【京东账号1】jd_60103fd1c8cd9********
Apr 22 23:46:23 
Apr 22 23:46:38 
Apr 22 23:46:38 您的东东小窝shareCode(每天都是变化的):【1385002485141348353】
Apr 22 23:46:38 
Apr 22 23:46:40 免费抽奖机会今日已使用
Apr 22 23:46:40 
Apr 22 23:46:41  任务名称   完成进度 
Apr 22 23:46:41 邀请任务      0/4
Apr 22 23:46:41 每日打卡      1/1
Apr 22 23:46:41 限时连连看      2/2
Apr 22 23:46:41 关注店铺      8/8
Apr 22 23:46:41 浏览店铺      9/12
Apr 22 23:46:41 关注频道      1/3
Apr 22 23:46:41 浏览频道      3/3
Apr 22 23:46:41 加购商品      0/12
Apr 22 23:46:41 浏览商品      5/5
Apr 22 23:46:41 浏览会场      5/5
Apr 22 23:46:41 createAssistUserID:1318106976846299138
Apr 22 23:46:41 
Apr 22 23:46:41 
Apr 22 23:46:41 助力您的好友:0人
Apr 22 23:46:41 每日打卡已完成（1/1）
Apr 22 23:46:41 限时连连看已完成[2/2]
Apr 22 23:46:41 关注店铺已完成[8/8]
Apr 22 23:46:42 浏览店铺 {"head":{"code":200,"msg":"浏览成功"}}
Apr 22 23:46:44 浏览店铺 {"head":{"code":200,"msg":"浏览成功"}}
Apr 22 23:46:45 浏览店铺 {"head":{"code":200,"msg":"浏览成功"}}
Apr 22 23:48:46 浏览店铺 {"head":{"code":400,"msg":"今日浏览次数已达上限"}}
Apr 22 23:48:46 浏览店铺 {"head":{"code":400,"msg":"今日浏览次数已达上限"}}
Apr 22 23:48:46 浏览店铺 {"head":{"code":400,"msg":"今日浏览次数已达上限"}}
Apr 22 23:49:02 浏览店铺 {"head":{"code":400,"msg":"今日浏览次数已达上限"}}
Apr 22 23:49:03 浏览店铺 {"head":{"code":400,"msg":"今日浏览次数已达上限"}}
Apr 22 23:49:03 浏览店铺 {"head":{"code":400,"msg":"今日浏览次数已达上限"}}
Apr 22 23:49:03 浏览店铺 {"head":{"code":400,"msg":"今日浏览次数已达上限"}}
Apr 22 23:49:04 浏览店铺 {"head":{"code":400,"msg":"今日浏览次数已达上限"}}
Apr 22 23:49:04 浏览店铺 {"head":{"code":400,"msg":"今日浏览次数已达上限"}}
Apr 22 23:49:07 浏览频道已完成[3/3]
Apr 22 23:49:07 浏览商品已完成[5/5]
Apr 22 23:49:07 浏览会场已完成[5/5]
Apr 22 23:49:09 
Apr 22 23:49:09 兑换5京豆失败:当前wo币70026不够兑换所需的128888WO币
Apr 22 23:49:09 
Apr 22 23:49:09 ==============📣系统通知📣==============
Apr 22 23:49:09 东东小窝
Apr 22 23:49:09 【京东账号1】jd_60103fd1c8cd9
Apr 22 23:49:09 【小窝名】小神龙的小窝
Apr 22 23:49:09 【当前WO币】70026
Apr 22 23:49:09 【装饰领京豆】兑换5京豆失败,原因:WO币不够
Apr 22 23:49:09 
Apr 22 23:49:09 
Apr 22 23:49:09 去帮助作者:LXK9301
Apr 22 23:49:09 
Apr 22 23:49:09 1384902549760155650, 1318106976846299138 pt_key=AAJgfuxGADAbx1oCir55pySD-hbxVcPKJqErrsQpG0htaBfvMI_ZWOa_0HIG0U1wB8PJPesPjZk;pt_pin=jd_60103fd1c8cd9;
Apr 22 23:49:09 助力失败{"head":{"code":400,"msg":"来晚啦~我已完成全部邀请~"}}}
Apr 22 23:49:09 1384902558840864770, 1318106976846299138 pt_key=AAJgfuxGADAbx1oCir55pySD-hbxVcPKJqErrsQpG0htaBfvMI_ZWOa_0HIG0U1wB8PJPesPjZk;pt_pin=jd_60103fd1c8cd9;
Apr 22 23:49:11 助力失败{"head":{"code":400,"msg":"来晚啦~我已完成全部邀请~"}}}
Apr 22 23:49:11 1384902569025806338, 1318106976846299138 pt_key=AAJgfuxGADAbx1oCir55pySD-hbxVcPKJqErrsQpG0htaBfvMI_ZWOa_0HIG0U1wB8PJPesPjZk;pt_pin=jd_60103fd1c8cd9;
Apr 22 23:49:12 助力失败{"head":{"code":400,"msg":"来晚啦~我已完成全部邀请~"}}}
Apr 22 23:49:12 1384902572264513538, 1318106976846299138 pt_key=AAJgfuxGADAbx1oCir55pySD-hbxVcPKJqErrsQpG0htaBfvMI_ZWOa_0HIG0U1wB8PJPesPjZk;pt_pin=jd_60103fd1c8cd9;
Apr 22 23:49:12 助力失败{"head":{"code":400,"msg":"来晚啦~我已完成全部邀请~"}}}
Apr 22 23:49:12 1384902576056705025, 1318106976846299138 pt_key=AAJgfuxGADAbx1oCir55pySD-hbxVcPKJqErrsQpG0htaBfvMI_ZWOa_0HIG0U1wB8PJPesPjZk;pt_pin=jd_60103fd1c8cd9;
Apr 22 23:49:12 助力失败{"head":{"code":400,"msg":"来晚啦~我已完成全部邀请~"}}}
Apr 22 23:49:12 1384902599019270146, 1318106976846299138 pt_key=AAJgfuxGADAbx1oCir55pySD-hbxVcPKJqErrsQpG0htaBfvMI_ZWOa_0HIG0U1wB8PJPesPjZk;pt_pin=jd_60103fd1c8cd9;
Apr 22 23:49:12 助力失败{"head":{"code":400,"msg":"来晚啦~我已完成全部邀请~"}}}
Apr 22 23:49:12 1384902608715292674, 1318106976846299138 pt_key=AAJgfuxGADAbx1oCir55pySD-hbxVcPKJqErrsQpG0htaBfvMI_ZWOa_0HIG0U1wB8PJPesPjZk;pt_pin=jd_60103fd1c8cd9;
Apr 22 23:49:14 助力失败{"head":{"code":400,"msg":"来晚啦~我已完成全部邀请~"}}}
Apr 22 23:49:14 1384902613880401921, 1318106976846299138 pt_key=AAJgfuxGADAbx1oCir55pySD-hbxVcPKJqErrsQpG0htaBfvMI_ZWOa_0HIG0U1wB8PJPesPjZk;pt_pin=jd_60103fd1c8cd9;
Apr 22 23:49:14 助力失败{"head":{"code":400,"msg":"来晚啦~我已完成全部邀请~"}}}
Apr 22 23:49:14 1384902628078120962, 1318106976846299138 pt_key=AAJgfuxGADAbx1oCir55pySD-hbxVcPKJqErrsQpG0htaBfvMI_ZWOa_0HIG0U1wB8PJPesPjZk;pt_pin=jd_60103fd1c8cd9;
Apr 22 23:49:14 助力失败{"head":{"code":400,"msg":"来晚啦~我已完成全部邀请~"}}}
Apr 22 23:49:14 1384902630926589953, 1318106976846299138 pt_key=AAJgfuxGADAbx1oCir55pySD-hbxVcPKJqErrsQpG0htaBfvMI_ZWOa_0HIG0U1wB8PJPesPjZk;pt_pin=jd_60103fd1c8cd9;
Apr 22 23:49:15 助力失败{"head":{"code":400,"msg":"来晚啦~我已完成全部邀请~"}}}
Apr 22 23:49:15 1384902633761398786, 1318106976846299138 pt_key=AAJgfuxGADAbx1oCir55pySD-hbxVcPKJqErrsQpG0htaBfvMI_ZWOa_0HIG0U1wB8PJPesPjZk;pt_pin=jd_60103fd1c8cd9;
Apr 22 23:49:15 助力失败{"head":{"code":400,"msg":"来晚啦~我已完成全部邀请~"}}}
Apr 22 23:49:15 1384902636576313345, 1318106976846299138 pt_key=AAJgfuxGADAbx1oCir55pySD-hbxVcPKJqErrsQpG0htaBfvMI_ZWOa_0HIG0U1wB8PJPesPjZk;pt_pin=jd_60103fd1c8cd9;
Apr 22 23:49:16 助力失败{"head":{"code":400,"msg":"来晚啦~我已完成全部邀请~"}}}
Apr 22 23:49:16 1384902639154569218, 1318106976846299138 pt_key=AAJgfuxGADAbx1oCir55pySD-hbxVcPKJqErrsQpG0htaBfvMI_ZWOa_0HIG0U1wB8PJPesPjZk;pt_pin=jd_60103fd1c8cd9;
Apr 22 23:49:33 助力失败{"head":{"code":400,"msg":"来晚啦~我已完成全部邀请~"}}}
Apr 22 23:49:33 1384902648193290242, 1318106976846299138 pt_key=AAJgfuxGADAbx1oCir55pySD-hbxVcPKJqErrsQpG0htaBfvMI_ZWOa_0HIG0U1wB8PJPesPjZk;pt_pin=jd_60103fd1c8cd9;
Apr 22 23:49:34 助力失败{"head":{"code":400,"msg":"来晚啦~我已完成全部邀请~"}}}
Apr 22 23:49:34 1384902652756692994, 1318106976846299138 pt_key=AAJgfuxGADAbx1oCir55pySD-hbxVcPKJqErrsQpG0htaBfvMI_ZWOa_0HIG0U1wB8PJPesPjZk;pt_pin=jd_60103fd1c8cd9;
Apr 22 23:49:34 助力失败{"head":{"code":400,"msg":"来晚啦~我已完成全部邀请~"}}}
Apr 22 23:49:34 1384902656058855426, 1318106976846299138 pt_key=AAJgfuxGADAbx1oCir55pySD-hbxVcPKJqErrsQpG0htaBfvMI_ZWOa_0HIG0U1wB8PJPesPjZk;pt_pin=jd_60103fd1c8cd9;
Apr 22 23:49:37 助力失败{"head":{"code":400,"msg":"来晚啦~我已完成全部邀请~"}}}
Apr 22 23:49:37 1384902659477217281, 1318106976846299138 pt_key=AAJgfuxGADAbx1oCir55pySD-hbxVcPKJqErrsQpG0htaBfvMI_ZWOa_0HIG0U1wB8PJPesPjZk;pt_pin=jd_60103fd1c8cd9;
Apr 22 23:49:37 助力失败{"head":{"code":400,"msg":"来晚啦~我已完成全部邀请~"}}}
Apr 22 23:49:37 1384902665680588802, 1318106976846299138 pt_key=AAJgfuxGADAbx1oCir55pySD-hbxVcPKJqErrsQpG0htaBfvMI_ZWOa_0HIG0U1wB8PJPesPjZk;pt_pin=jd_60103fd1c8cd9;
Apr 22 23:49:38 助力失败{"head":{"code":400,"msg":"来晚啦~我已完成全部邀请~"}}}
Apr 22 23:49:38 1384902668574658561, 1318106976846299138 pt_key=AAJgfuxGADAbx1oCir55pySD-hbxVcPKJqErrsQpG0htaBfvMI_ZWOa_0HIG0U1wB8PJPesPjZk;pt_pin=jd_60103fd1c8cd9;
Apr 22 23:49:38 助力失败{"head":{"code":400,"msg":"来晚啦~我已完成全部邀请~"}}}
Apr 22 23:49:38 1384902672340606978, 1318106976846299138 pt_key=AAJgfuxGADAbx1oCir55pySD-hbxVcPKJqErrsQpG0htaBfvMI_ZWOa_0HIG0U1wB8PJPesPjZk;pt_pin=jd_60103fd1c8cd9;
Apr 22 23:49:39 助力失败{"head":{"code":400,"msg":"来晚啦~我已完成全部邀请~"}}}
Apr 22 23:49:39 
Apr 22 23:49:39 🔔东东小窝, 结束! 🕛 196.218 秒
Apr 22 23:49:39 
Apr 23 06:46:18 
Apr 23 06:46:18 🔔东东小窝, 开始!
Apr 23 06:46:18 
Apr 23 06:46:18 ====================共1个京东账号Cookie=========
Apr 23 06:46:18 
Apr 23 06:46:18 ==================脚本执行- 北京时间(UTC+8)：4/23/2021, 6:46:18 AM=====================
Apr 23 06:46:18 
Apr 23 06:46:18 
Apr 23 06:46:18 *******开始【京东账号1】jd_60103fd1c8cd9********
Apr 23 06:46:18 
Apr 23 06:49:12 
Apr 23 06:49:12 您的东东小窝shareCode(每天都是变化的):【1385365095663353858】
Apr 23 06:49:12 
Apr 23 06:49:13  任务名称   完成进度 
Apr 23 06:49:13 邀请任务      0/4
Apr 23 06:49:13 每日打卡      0/1
Apr 23 06:49:13 限时连连看      0/2
Apr 23 06:49:13 关注店铺      8/8
Apr 23 06:49:13 浏览店铺      0/12
Apr 23 06:49:13 关注频道      1/3
Apr 23 06:49:13 浏览频道      0/3
Apr 23 06:49:13 加购商品      0/12
Apr 23 06:49:13 浏览商品      0/5
Apr 23 06:49:13 浏览会场      0/5
Apr 23 06:49:13 createAssistUserID:1318106976846299138
Apr 23 06:49:13 
Apr 23 06:49:13 
Apr 23 06:49:13 助力您的好友:0人
Apr 23 06:49:15 关注店铺已完成[8/8]
Apr 23 06:49:17 浏览店铺 {"head":{"code":200,"msg":"浏览成功"}}
Apr 23 06:49:17 浏览店铺 {"head":{"code":200,"msg":"浏览成功"}}
Apr 23 06:49:19 浏览店铺 {"head":{"code":200,"msg":"浏览成功"}}
Apr 23 06:49:20 浏览店铺 {"head":{"code":200,"msg":"浏览成功"}}
Apr 23 06:49:21 浏览店铺 {"head":{"code":200,"msg":"浏览成功"}}
Apr 23 06:49:21 浏览店铺 {"head":{"code":200,"msg":"浏览成功"}}
Apr 23 06:49:25 浏览店铺 {"head":{"code":200,"msg":"浏览成功"}}
Apr 23 06:49:27 浏览店铺 {"head":{"code":200,"msg":"浏览成功"}}
Apr 23 06:49:36 浏览店铺 {"head":{"code":200,"msg":"浏览成功"}}
Apr 23 06:49:37 浏览店铺 {"head":{"code":200,"msg":"浏览成功"}}
Apr 23 06:49:37 浏览店铺 {"head":{"code":200,"msg":"浏览成功"}}
Apr 23 06:49:38 浏览店铺 {"head":{"code":200,"msg":"浏览成功"}}
Apr 23 06:49:42 浏览频道 {"head":{"code":200,"msg":"浏览频道成功"}}
Apr 23 06:49:43 浏览频道 {"head":{"code":200,"msg":"浏览频道成功"}}
Apr 23 06:49:44 浏览频道 {"head":{"code":200,"msg":"浏览频道成功"}}
Apr 23 06:49:45 浏览商品 {"head":{"code":200,"msg":"浏览商品成功"}}
Apr 23 06:49:45 浏览商品 {"head":{"code":200,"msg":"浏览商品成功"}}
Apr 23 06:49:45 浏览商品 {"head":{"code":200,"msg":"浏览商品成功"}}
Apr 23 06:49:45 浏览商品 {"head":{"code":200,"msg":"浏览商品成功"}}
Apr 23 06:49:47 浏览商品 {"head":{"code":200,"msg":"浏览商品成功"}}
Apr 23 06:49:48 浏览会场 {"head":{"code":200,"msg":"浏览成功"}}
Apr 23 06:49:48 浏览会场 {"head":{"code":200,"msg":"浏览成功"}}
Apr 23 06:49:48 浏览会场 {"head":{"code":200,"msg":"浏览成功"}}
Apr 23 06:49:49 浏览会场 {"head":{"code":200,"msg":"浏览成功"}}
Apr 23 06:49:50 浏览会场 {"head":{"code":200,"msg":"浏览成功"}}
Apr 23 06:50:00 
Apr 23 06:50:00 兑换5京豆失败:当前wo币71116不够兑换所需的128888WO币
Apr 23 06:50:00 
Apr 23 06:50:00 ==============📣系统通知📣==============
Apr 23 06:50:00 东东小窝
Apr 23 06:50:00 【京东账号1】jd_60103fd1c8cd9
Apr 23 06:50:00 【免费抽奖】未中奖
Apr 23 06:50:00 【小窝名】小神龙的小窝
Apr 23 06:50:00 【当前WO币】71116
Apr 23 06:50:00 【装饰领京豆】兑换5京豆失败,原因:WO币不够
Apr 23 06:50:00 
Apr 23 06:50:00 
Apr 23 06:50:00 去帮助作者:LXK9301
Apr 23 06:50:00 
Apr 23 06:50:00 1384902549760155650, 1318106976846299138 pt_key=AAJgfuxGADAbx1oCir55pySD-hbxVcPKJqErrsQpG0htaBfvMI_ZWOa_0HIG0U1wB8PJPesPjZk;pt_pin=jd_60103fd1c8cd9;
Apr 23 06:50:01 助力失败{"head":{"code":400,"msg":"邀请任务已过期~"}}}
Apr 23 06:50:01 1384902558840864770, 1318106976846299138 pt_key=AAJgfuxGADAbx1oCir55pySD-hbxVcPKJqErrsQpG0htaBfvMI_ZWOa_0HIG0U1wB8PJPesPjZk;pt_pin=jd_60103fd1c8cd9;
Apr 23 06:50:03 助力失败{"head":{"code":400,"msg":"邀请任务已过期~"}}}
Apr 23 06:50:03 1384902569025806338, 1318106976846299138 pt_key=AAJgfuxGADAbx1oCir55pySD-hbxVcPKJqErrsQpG0htaBfvMI_ZWOa_0HIG0U1wB8PJPesPjZk;pt_pin=jd_60103fd1c8cd9;
Apr 23 06:50:03 助力失败{"head":{"code":400,"msg":"邀请任务已过期~"}}}
Apr 23 06:50:03 1384902572264513538, 1318106976846299138 pt_key=AAJgfuxGADAbx1oCir55pySD-hbxVcPKJqErrsQpG0htaBfvMI_ZWOa_0HIG0U1wB8PJPesPjZk;pt_pin=jd_60103fd1c8cd9;
Apr 23 06:50:03 助力失败{"head":{"code":400,"msg":"邀请任务已过期~"}}}
Apr 23 06:50:03 1384902576056705025, 1318106976846299138 pt_key=AAJgfuxGADAbx1oCir55pySD-hbxVcPKJqErrsQpG0htaBfvMI_ZWOa_0HIG0U1wB8PJPesPjZk;pt_pin=jd_60103fd1c8cd9;
Apr 23 06:50:04 助力失败{"head":{"code":400,"msg":"邀请任务已过期~"}}}
Apr 23 06:50:04 1384902599019270146, 1318106976846299138 pt_key=AAJgfuxGADAbx1oCir55pySD-hbxVcPKJqErrsQpG0htaBfvMI_ZWOa_0HIG0U1wB8PJPesPjZk;pt_pin=jd_60103fd1c8cd9;
Apr 23 06:50:05 助力失败{"head":{"code":400,"msg":"邀请任务已过期~"}}}
Apr 23 06:50:05 1384902608715292674, 1318106976846299138 pt_key=AAJgfuxGADAbx1oCir55pySD-hbxVcPKJqErrsQpG0htaBfvMI_ZWOa_0HIG0U1wB8PJPesPjZk;pt_pin=jd_60103fd1c8cd9;
Apr 23 06:50:14 助力失败{"head":{"code":400,"msg":"邀请任务已过期~"}}}
Apr 23 06:50:14 1384902613880401921, 1318106976846299138 pt_key=AAJgfuxGADAbx1oCir55pySD-hbxVcPKJqErrsQpG0htaBfvMI_ZWOa_0HIG0U1wB8PJPesPjZk;pt_pin=jd_60103fd1c8cd9;
Apr 23 06:50:14 助力失败{"head":{"code":400,"msg":"邀请任务已过期~"}}}
Apr 23 06:50:14 1384902628078120962, 1318106976846299138 pt_key=AAJgfuxGADAbx1oCir55pySD-hbxVcPKJqErrsQpG0htaBfvMI_ZWOa_0HIG0U1wB8PJPesPjZk;pt_pin=jd_60103fd1c8cd9;
Apr 23 06:50:15 助力失败{"head":{"code":400,"msg":"邀请任务已过期~"}}}
Apr 23 06:50:15 1384902630926589953, 1318106976846299138 pt_key=AAJgfuxGADAbx1oCir55pySD-hbxVcPKJqErrsQpG0htaBfvMI_ZWOa_0HIG0U1wB8PJPesPjZk;pt_pin=jd_60103fd1c8cd9;
Apr 23 06:50:15 助力失败{"head":{"code":400,"msg":"邀请任务已过期~"}}}
Apr 23 06:50:15 1384902633761398786, 1318106976846299138 pt_key=AAJgfuxGADAbx1oCir55pySD-hbxVcPKJqErrsQpG0htaBfvMI_ZWOa_0HIG0U1wB8PJPesPjZk;pt_pin=jd_60103fd1c8cd9;
Apr 23 06:50:30 助力失败{"head":{"code":400,"msg":"邀请任务已过期~"}}}
Apr 23 06:50:30 1384902636576313345, 1318106976846299138 pt_key=AAJgfuxGADAbx1oCir55pySD-hbxVcPKJqErrsQpG0htaBfvMI_ZWOa_0HIG0U1wB8PJPesPjZk;pt_pin=jd_60103fd1c8cd9;
Apr 23 06:50:33 助力失败{"head":{"code":400,"msg":"邀请任务已过期~"}}}
Apr 23 06:50:33 1384902639154569218, 1318106976846299138 pt_key=AAJgfuxGADAbx1oCir55pySD-hbxVcPKJqErrsQpG0htaBfvMI_ZWOa_0HIG0U1wB8PJPesPjZk;pt_pin=jd_60103fd1c8cd9;
Apr 23 06:50:33 助力失败{"head":{"code":400,"msg":"邀请任务已过期~"}}}
Apr 23 06:50:33 1384902648193290242, 1318106976846299138 pt_key=AAJgfuxGADAbx1oCir55pySD-hbxVcPKJqErrsQpG0htaBfvMI_ZWOa_0HIG0U1wB8PJPesPjZk;pt_pin=jd_60103fd1c8cd9;
Apr 23 06:50:33 助力失败{"head":{"code":400,"msg":"邀请任务已过期~"}}}
Apr 23 06:50:33 1384902652756692994, 1318106976846299138 pt_key=AAJgfuxGADAbx1oCir55pySD-hbxVcPKJqErrsQpG0htaBfvMI_ZWOa_0HIG0U1wB8PJPesPjZk;pt_pin=jd_60103fd1c8cd9;
Apr 23 06:50:34 助力失败{"head":{"code":400,"msg":"邀请任务已过期~"}}}
Apr 23 06:50:34 1384902656058855426, 1318106976846299138 pt_key=AAJgfuxGADAbx1oCir55pySD-hbxVcPKJqErrsQpG0htaBfvMI_ZWOa_0HIG0U1wB8PJPesPjZk;pt_pin=jd_60103fd1c8cd9;
Apr 23 06:50:36 助力失败{"head":{"code":400,"msg":"邀请任务已过期~"}}}
Apr 23 06:50:36 1384902659477217281, 1318106976846299138 pt_key=AAJgfuxGADAbx1oCir55pySD-hbxVcPKJqErrsQpG0htaBfvMI_ZWOa_0HIG0U1wB8PJPesPjZk;pt_pin=jd_60103fd1c8cd9;
Apr 23 06:50:36 助力失败{"head":{"code":400,"msg":"邀请任务已过期~"}}}
Apr 23 06:50:36 1384902665680588802, 1318106976846299138 pt_key=AAJgfuxGADAbx1oCir55pySD-hbxVcPKJqErrsQpG0htaBfvMI_ZWOa_0HIG0U1wB8PJPesPjZk;pt_pin=jd_60103fd1c8cd9;
Apr 23 06:50:36 助力失败{"head":{"code":400,"msg":"邀请任务已过期~"}}}
Apr 23 06:50:36 1384902668574658561, 1318106976846299138 pt_key=AAJgfuxGADAbx1oCir55pySD-hbxVcPKJqErrsQpG0htaBfvMI_ZWOa_0HIG0U1wB8PJPesPjZk;pt_pin=jd_60103fd1c8cd9;
Apr 23 06:50:36 助力失败{"head":{"code":400,"msg":"邀请任务已过期~"}}}
Apr 23 06:50:36 1384902672340606978, 1318106976846299138 pt_key=AAJgfuxGADAbx1oCir55pySD-hbxVcPKJqErrsQpG0htaBfvMI_ZWOa_0HIG0U1wB8PJPesPjZk;pt_pin=jd_60103fd1c8cd9;
Apr 23 06:50:37 助力失败{"head":{"code":400,"msg":"邀请任务已过期~"}}}
Apr 23 06:50:37 
Apr 23 06:50:37 🔔东东小窝, 结束! 🕛 259.003 秒
Apr 23 06:50:37 
