Mar 31 07:29:18 
Mar 31 07:29:18 🔔京喜签到, 开始!
Mar 31 07:29:18 
Mar 31 07:29:18 ====================共1个京东账号Cookie=========
Mar 31 07:29:18 
Mar 31 07:29:18 ==================脚本执行- 北京时间(UTC+8)：3/31/2021, 7:29:18 AM=====================
Mar 31 07:29:18 
Mar 31 07:29:19 
Mar 31 07:29:19 ******开始【京东账号1】burst3166*********
Mar 31 07:29:19 
Mar 31 07:29:19 签到成功，获得10金币，已签到19天
Mar 31 07:29:19 去做浏览商品任务任务
Mar 31 07:29:19 任务领取成功
Mar 31 07:29:20 任务完成成功，获得金币1
Mar 31 07:29:21 去做浏览商品任务任务
Mar 31 07:29:21 任务领取成功
Mar 31 07:29:22 任务完成成功，获得金币1
Mar 31 07:29:23 去做浏览商品任务任务
Mar 31 07:29:23 任务领取成功
Mar 31 07:29:24 任务完成成功，获得金币1
Mar 31 07:29:25 去做浏览商品任务任务
Mar 31 07:29:25 任务领取成功
Mar 31 07:29:27 任务完成成功，获得金币1
Mar 31 07:29:28 去做浏览商品任务任务
Mar 31 07:29:28 任务领取成功
Mar 31 07:29:29 任务完成成功，获得金币1
Mar 31 07:29:30 去做浏览商品任务任务
Mar 31 07:29:30 任务领取成功
Mar 31 07:29:31 任务完成成功，获得金币1
Mar 31 07:29:32 双签成功，获得金币0.03元
Mar 31 07:29:32 京东账号1burst3166
Mar 31 07:29:32 本次运行获得金币16,现金0.03
Mar 31 07:29:32 
Mar 31 07:29:32 🔔京喜签到, 结束! 🕛 13.91 秒
Mar 31 07:29:32 
Apr 01 07:29:02 
Apr 01 07:29:02 🔔京喜签到, 开始!
Apr 01 07:29:02 
Apr 01 07:29:02 ====================共1个京东账号Cookie=========
Apr 01 07:29:02 
Apr 01 07:29:02 ==================脚本执行- 北京时间(UTC+8)：4/1/2021, 7:29:02 AM=====================
Apr 01 07:29:02 
Apr 01 07:29:03 
Apr 01 07:29:03 ******开始【京东账号1】burst3166*********
Apr 01 07:29:03 
Apr 01 07:29:03 签到成功，获得10金币，已签到20天
Apr 01 07:29:03 去做浏览商品任务任务
Apr 01 07:29:03 任务领取成功
Apr 01 07:29:04 任务完成成功，获得金币1
Apr 01 07:29:05 去做浏览商品任务任务
Apr 01 07:29:05 任务领取成功
Apr 01 07:29:06 任务完成成功，获得金币1
Apr 01 07:29:07 去做浏览商品任务任务
Apr 01 07:29:07 任务领取成功
Apr 01 07:29:08 任务完成成功，获得金币1
Apr 01 07:29:09 去做浏览商品任务任务
Apr 01 07:29:09 任务领取成功
Apr 01 07:29:11 任务完成成功，获得金币1
Apr 01 07:29:12 去做浏览商品任务任务
Apr 01 07:29:12 任务领取成功
Apr 01 07:29:13 任务完成成功，获得金币1
Apr 01 07:29:14 去做浏览商品任务任务
Apr 01 07:29:14 任务领取成功
Apr 01 07:29:15 任务完成成功，获得金币1
Apr 01 07:29:16 去做浏览商品任务任务
Apr 01 07:29:16 任务领取成功
Apr 01 07:29:17 任务完成成功，获得金币1
Apr 01 07:29:18 去做浏览商品任务任务
Apr 01 07:29:18 任务领取成功
Apr 01 07:29:19 任务完成成功，获得金币1
Apr 01 07:29:20 去做浏览商品任务任务
Apr 01 07:29:20 任务领取成功
Apr 01 07:29:21 任务完成成功，获得金币1
Apr 01 07:29:22 去做浏览商品任务任务
Apr 01 07:29:22 任务领取成功
Apr 01 07:29:23 任务完成成功，获得金币1
Apr 01 07:29:25 双签成功，获得金币0.03元
Apr 01 07:29:25 京东账号1burst3166
Apr 01 07:29:25 本次运行获得金币20,现金0.03
Apr 01 07:29:25 
Apr 01 07:29:25 🔔京喜签到, 结束! 🕛 22.49 秒
Apr 01 07:29:25 
